BEGIN ./query-corpus-10.sh
limit 10: 'error'
TIME:14:07:01
query: EXPLAIN ANALYZE select count(id) from (select id from files where contents ~ 'error' limit 10) as e;
Timing is on.
                                                         QUERY PLAN                                                          
-----------------------------------------------------------------------------------------------------------------------------
 Aggregate  (cost=23.32..23.33 rows=1 width=8) (actual time=1146.877..1146.879 rows=1 loops=1)
   ->  Limit  (cost=0.00..23.19 rows=10 width=8) (actual time=1126.816..1146.846 rows=10 loops=1)
         ->  Seq Scan on files  (cost=0.00..1075530.95 rows=463753 width=8) (actual time=1126.661..1146.685 rows=10 loops=1)
               Filter: (contents ~ 'error'::text)
               Rows Removed by Filter: 44
 Planning Time: 840.286 ms
 Execution Time: 1148.925 ms
(7 rows)

Time: 2034.837 ms (00:02.035)
TIME:14:07:04
query: EXPLAIN ANALYZE select count(id) from (select id from files where contents ~ 'error' limit 10) as e;
Timing is on.
                                                       QUERY PLAN                                                       
------------------------------------------------------------------------------------------------------------------------
 Aggregate  (cost=23.32..23.33 rows=1 width=8) (actual time=16.491..16.492 rows=1 loops=1)
   ->  Limit  (cost=0.00..23.19 rows=10 width=8) (actual time=0.757..16.475 rows=10 loops=1)
         ->  Seq Scan on files  (cost=0.00..1075530.95 rows=463753 width=8) (actual time=0.755..16.469 rows=10 loops=1)
               Filter: (contents ~ 'error'::text)
               Rows Removed by Filter: 44
 Planning Time: 46.901 ms
 Execution Time: 16.544 ms
(7 rows)

Time: 64.842 ms
TIME:14:07:04
query: EXPLAIN ANALYZE select count(id) from (select id from files where contents ~ 'error' limit 10) as e;
Timing is on.
                                                       QUERY PLAN                                                       
------------------------------------------------------------------------------------------------------------------------
 Aggregate  (cost=23.32..23.33 rows=1 width=8) (actual time=17.421..17.422 rows=1 loops=1)
   ->  Limit  (cost=0.00..23.19 rows=10 width=8) (actual time=0.762..17.392 rows=10 loops=1)
         ->  Seq Scan on files  (cost=0.00..1075530.95 rows=463753 width=8) (actual time=0.761..17.386 rows=10 loops=1)
               Filter: (contents ~ 'error'::text)
               Rows Removed by Filter: 44
 Planning Time: 86.824 ms
 Execution Time: 17.457 ms
(7 rows)

Time: 105.946 ms
TIME:14:07:04
query: EXPLAIN ANALYZE select count(id) from (select id from files where contents ~ 'error' limit 10) as e;
Timing is on.
                                                       QUERY PLAN                                                       
------------------------------------------------------------------------------------------------------------------------
 Aggregate  (cost=23.32..23.33 rows=1 width=8) (actual time=16.077..16.078 rows=1 loops=1)
   ->  Limit  (cost=0.00..23.19 rows=10 width=8) (actual time=0.897..16.067 rows=10 loops=1)
         ->  Seq Scan on files  (cost=0.00..1075530.95 rows=463753 width=8) (actual time=0.896..16.061 rows=10 loops=1)
               Filter: (contents ~ 'error'::text)
               Rows Removed by Filter: 44
 Planning Time: 41.499 ms
 Execution Time: 16.115 ms
(7 rows)

Time: 59.017 ms
TIME:14:07:05
query: EXPLAIN ANALYZE select count(id) from (select id from files where contents ~ 'error' limit 10) as e;
Timing is on.
                                                       QUERY PLAN                                                       
------------------------------------------------------------------------------------------------------------------------
 Aggregate  (cost=23.32..23.33 rows=1 width=8) (actual time=14.769..14.770 rows=1 loops=1)
   ->  Limit  (cost=0.00..23.19 rows=10 width=8) (actual time=0.552..14.759 rows=10 loops=1)
         ->  Seq Scan on files  (cost=0.00..1075530.95 rows=463753 width=8) (actual time=0.550..14.753 rows=10 loops=1)
               Filter: (contents ~ 'error'::text)
               Rows Removed by Filter: 44
 Planning Time: 40.090 ms
 Execution Time: 14.823 ms
(7 rows)

Time: 56.478 ms
TIME:14:07:05
query: EXPLAIN ANALYZE select count(id) from (select id from files where contents ~ 'error' limit 10) as e;
Timing is on.
                                                       QUERY PLAN                                                       
------------------------------------------------------------------------------------------------------------------------
 Aggregate  (cost=23.32..23.33 rows=1 width=8) (actual time=15.289..15.290 rows=1 loops=1)
   ->  Limit  (cost=0.00..23.19 rows=10 width=8) (actual time=0.750..15.278 rows=10 loops=1)
         ->  Seq Scan on files  (cost=0.00..1075530.95 rows=463753 width=8) (actual time=0.748..15.272 rows=10 loops=1)
               Filter: (contents ~ 'error'::text)
               Rows Removed by Filter: 44
 Planning Time: 43.806 ms
 Execution Time: 15.330 ms
(7 rows)

Time: 60.399 ms
TIME:14:07:05
query: EXPLAIN ANALYZE select count(id) from (select id from files where contents ~ 'error' limit 10) as e;
Timing is on.
                                                       QUERY PLAN                                                       
------------------------------------------------------------------------------------------------------------------------
 Aggregate  (cost=23.32..23.33 rows=1 width=8) (actual time=15.188..15.189 rows=1 loops=1)
   ->  Limit  (cost=0.00..23.19 rows=10 width=8) (actual time=0.858..15.139 rows=10 loops=1)
         ->  Seq Scan on files  (cost=0.00..1075530.95 rows=463753 width=8) (actual time=0.857..15.134 rows=10 loops=1)
               Filter: (contents ~ 'error'::text)
               Rows Removed by Filter: 44
 Planning Time: 38.367 ms
 Execution Time: 15.223 ms
(7 rows)

Time: 55.005 ms
TIME:14:07:05
query: EXPLAIN ANALYZE select count(id) from (select id from files where contents ~ 'error' limit 10) as e;
Timing is on.
                                                       QUERY PLAN                                                       
------------------------------------------------------------------------------------------------------------------------
 Aggregate  (cost=23.32..23.33 rows=1 width=8) (actual time=16.926..16.927 rows=1 loops=1)
   ->  Limit  (cost=0.00..23.19 rows=10 width=8) (actual time=0.859..16.916 rows=10 loops=1)
         ->  Seq Scan on files  (cost=0.00..1075530.95 rows=463753 width=8) (actual time=0.858..16.911 rows=10 loops=1)
               Filter: (contents ~ 'error'::text)
               Rows Removed by Filter: 44
 Planning Time: 47.896 ms
 Execution Time: 16.968 ms
(7 rows)

Time: 67.005 ms
TIME:14:07:06
query: EXPLAIN ANALYZE select count(id) from (select id from files where contents ~ 'error' limit 10) as e;
Timing is on.
                                                       QUERY PLAN                                                       
------------------------------------------------------------------------------------------------------------------------
 Aggregate  (cost=23.32..23.33 rows=1 width=8) (actual time=16.777..16.778 rows=1 loops=1)
   ->  Limit  (cost=0.00..23.19 rows=10 width=8) (actual time=0.818..16.765 rows=10 loops=1)
         ->  Seq Scan on files  (cost=0.00..1075530.95 rows=463753 width=8) (actual time=0.804..16.746 rows=10 loops=1)
               Filter: (contents ~ 'error'::text)
               Rows Removed by Filter: 44
 Planning Time: 35.605 ms
 Execution Time: 16.810 ms
(7 rows)

Time: 53.948 ms
TIME:14:07:06
query: EXPLAIN ANALYZE select count(id) from (select id from files where contents ~ 'error' limit 10) as e;
Timing is on.
                                                       QUERY PLAN                                                       
------------------------------------------------------------------------------------------------------------------------
 Aggregate  (cost=23.32..23.33 rows=1 width=8) (actual time=15.408..15.409 rows=1 loops=1)
   ->  Limit  (cost=0.00..23.19 rows=10 width=8) (actual time=0.606..15.398 rows=10 loops=1)
         ->  Seq Scan on files  (cost=0.00..1075530.95 rows=463753 width=8) (actual time=0.605..15.394 rows=10 loops=1)
               Filter: (contents ~ 'error'::text)
               Rows Removed by Filter: 44
 Planning Time: 43.166 ms
 Execution Time: 15.440 ms
(7 rows)

Time: 60.021 ms
TIME:14:07:06
query: EXPLAIN ANALYZE select count(id) from (select id from files where contents ~ 'error' limit 10) as e;
Timing is on.
                                                       QUERY PLAN                                                       
------------------------------------------------------------------------------------------------------------------------
 Aggregate  (cost=23.32..23.33 rows=1 width=8) (actual time=18.998..19.007 rows=1 loops=1)
   ->  Limit  (cost=0.00..23.19 rows=10 width=8) (actual time=1.074..18.980 rows=10 loops=1)
         ->  Seq Scan on files  (cost=0.00..1075530.95 rows=463753 width=8) (actual time=1.073..18.957 rows=10 loops=1)
               Filter: (contents ~ 'error'::text)
               Rows Removed by Filter: 44
 Planning Time: 40.221 ms
 Execution Time: 19.057 ms
(7 rows)

Time: 60.809 ms
TIME:14:07:07
query: EXPLAIN ANALYZE select count(id) from (select id from files where contents ~ 'error' limit 10) as e;
Timing is on.
                                                       QUERY PLAN                                                       
------------------------------------------------------------------------------------------------------------------------
 Aggregate  (cost=23.32..23.33 rows=1 width=8) (actual time=20.472..20.473 rows=1 loops=1)
   ->  Limit  (cost=0.00..23.19 rows=10 width=8) (actual time=3.919..20.460 rows=10 loops=1)
         ->  Seq Scan on files  (cost=0.00..1075530.95 rows=463753 width=8) (actual time=3.917..20.454 rows=10 loops=1)
               Filter: (contents ~ 'error'::text)
               Rows Removed by Filter: 44
 Planning Time: 38.259 ms
 Execution Time: 20.519 ms
(7 rows)

Time: 60.039 ms
TIME:14:07:07
query: EXPLAIN ANALYZE select count(id) from (select id from files where contents ~ 'error' limit 10) as e;
Timing is on.
                                                       QUERY PLAN                                                       
------------------------------------------------------------------------------------------------------------------------
 Aggregate  (cost=23.32..23.33 rows=1 width=8) (actual time=17.320..17.322 rows=1 loops=1)
   ->  Limit  (cost=0.00..23.19 rows=10 width=8) (actual time=0.750..17.309 rows=10 loops=1)
         ->  Seq Scan on files  (cost=0.00..1075530.95 rows=463753 width=8) (actual time=0.748..17.304 rows=10 loops=1)
               Filter: (contents ~ 'error'::text)
               Rows Removed by Filter: 44
 Planning Time: 39.027 ms
 Execution Time: 17.447 ms
(7 rows)

Time: 57.952 ms
TIME:14:07:07
query: EXPLAIN ANALYZE select count(id) from (select id from files where contents ~ 'error' limit 10) as e;
Timing is on.
                                                       QUERY PLAN                                                       
------------------------------------------------------------------------------------------------------------------------
 Aggregate  (cost=23.32..23.33 rows=1 width=8) (actual time=15.366..15.368 rows=1 loops=1)
   ->  Limit  (cost=0.00..23.19 rows=10 width=8) (actual time=0.494..15.356 rows=10 loops=1)
         ->  Seq Scan on files  (cost=0.00..1075530.95 rows=463753 width=8) (actual time=0.493..15.350 rows=10 loops=1)
               Filter: (contents ~ 'error'::text)
               Rows Removed by Filter: 44
 Planning Time: 31.154 ms
 Execution Time: 15.432 ms
(7 rows)

Time: 48.022 ms
TIME:14:07:08
query: EXPLAIN ANALYZE select count(id) from (select id from files where contents ~ 'error' limit 10) as e;
Timing is on.
                                                       QUERY PLAN                                                       
------------------------------------------------------------------------------------------------------------------------
 Aggregate  (cost=23.32..23.33 rows=1 width=8) (actual time=14.824..14.825 rows=1 loops=1)
   ->  Limit  (cost=0.00..23.19 rows=10 width=8) (actual time=0.557..14.812 rows=10 loops=1)
         ->  Seq Scan on files  (cost=0.00..1075530.95 rows=463753 width=8) (actual time=0.556..14.807 rows=10 loops=1)
               Filter: (contents ~ 'error'::text)
               Rows Removed by Filter: 44
 Planning Time: 30.697 ms
 Execution Time: 14.854 ms
(7 rows)

Time: 46.823 ms
TIME:14:07:08
query: EXPLAIN ANALYZE select count(id) from (select id from files where contents ~ 'error' limit 10) as e;
Timing is on.
                                                       QUERY PLAN                                                       
------------------------------------------------------------------------------------------------------------------------
 Aggregate  (cost=23.32..23.33 rows=1 width=8) (actual time=15.568..15.569 rows=1 loops=1)
   ->  Limit  (cost=0.00..23.19 rows=10 width=8) (actual time=0.705..15.557 rows=10 loops=1)
         ->  Seq Scan on files  (cost=0.00..1075530.95 rows=463753 width=8) (actual time=0.704..15.552 rows=10 loops=1)
               Filter: (contents ~ 'error'::text)
               Rows Removed by Filter: 44
 Planning Time: 31.882 ms
 Execution Time: 15.600 ms
(7 rows)

Time: 48.825 ms
TIME:14:07:08
query: EXPLAIN ANALYZE select count(id) from (select id from files where contents ~ 'error' limit 10) as e;
Timing is on.
                                                       QUERY PLAN                                                       
------------------------------------------------------------------------------------------------------------------------
 Aggregate  (cost=23.32..23.33 rows=1 width=8) (actual time=14.924..14.925 rows=1 loops=1)
   ->  Limit  (cost=0.00..23.19 rows=10 width=8) (actual time=0.701..14.898 rows=10 loops=1)
         ->  Seq Scan on files  (cost=0.00..1075530.95 rows=463753 width=8) (actual time=0.700..14.892 rows=10 loops=1)
               Filter: (contents ~ 'error'::text)
               Rows Removed by Filter: 44
 Planning Time: 31.583 ms
 Execution Time: 14.973 ms
(7 rows)

Time: 47.976 ms
TIME:14:07:09
query: EXPLAIN ANALYZE select count(id) from (select id from files where contents ~ 'error' limit 10) as e;
Timing is on.
                                                       QUERY PLAN                                                       
------------------------------------------------------------------------------------------------------------------------
 Aggregate  (cost=23.32..23.33 rows=1 width=8) (actual time=15.707..15.708 rows=1 loops=1)
   ->  Limit  (cost=0.00..23.19 rows=10 width=8) (actual time=0.683..15.697 rows=10 loops=1)
         ->  Seq Scan on files  (cost=0.00..1075530.95 rows=463753 width=8) (actual time=0.682..15.692 rows=10 loops=1)
               Filter: (contents ~ 'error'::text)
               Rows Removed by Filter: 44
 Planning Time: 31.253 ms
 Execution Time: 15.738 ms
(7 rows)

Time: 48.230 ms
TIME:14:07:09
query: EXPLAIN ANALYZE select count(id) from (select id from files where contents ~ 'error' limit 10) as e;
Timing is on.
                                                       QUERY PLAN                                                       
------------------------------------------------------------------------------------------------------------------------
 Aggregate  (cost=23.32..23.33 rows=1 width=8) (actual time=15.995..15.997 rows=1 loops=1)
   ->  Limit  (cost=0.00..23.19 rows=10 width=8) (actual time=0.914..15.984 rows=10 loops=1)
         ->  Seq Scan on files  (cost=0.00..1075530.95 rows=463753 width=8) (actual time=0.912..15.978 rows=10 loops=1)
               Filter: (contents ~ 'error'::text)
               Rows Removed by Filter: 44
 Planning Time: 33.643 ms
 Execution Time: 16.075 ms
(7 rows)

Time: 51.192 ms
TIME:14:07:09
query: EXPLAIN ANALYZE select count(id) from (select id from files where contents ~ 'error' limit 10) as e;
Timing is on.
                                                       QUERY PLAN                                                       
------------------------------------------------------------------------------------------------------------------------
 Aggregate  (cost=23.32..23.33 rows=1 width=8) (actual time=18.515..18.517 rows=1 loops=1)
   ->  Limit  (cost=0.00..23.19 rows=10 width=8) (actual time=4.042..18.488 rows=10 loops=1)
         ->  Seq Scan on files  (cost=0.00..1075530.95 rows=463753 width=8) (actual time=4.041..18.483 rows=10 loops=1)
               Filter: (contents ~ 'error'::text)
               Rows Removed by Filter: 44
 Planning Time: 28.116 ms
 Execution Time: 18.545 ms
(7 rows)

Time: 48.104 ms
TIME:14:07:09
query: EXPLAIN ANALYZE select count(id) from (select id from files where contents ~ 'error' limit 10) as e;
Timing is on.
                                                       QUERY PLAN                                                       
------------------------------------------------------------------------------------------------------------------------
 Aggregate  (cost=23.32..23.33 rows=1 width=8) (actual time=15.833..15.835 rows=1 loops=1)
   ->  Limit  (cost=0.00..23.19 rows=10 width=8) (actual time=0.607..15.820 rows=10 loops=1)
         ->  Seq Scan on files  (cost=0.00..1075530.95 rows=463753 width=8) (actual time=0.606..15.811 rows=10 loops=1)
               Filter: (contents ~ 'error'::text)
               Rows Removed by Filter: 44
 Planning Time: 28.149 ms
 Execution Time: 15.867 ms
(7 rows)

Time: 45.290 ms
TIME:14:07:10
query: EXPLAIN ANALYZE select count(id) from (select id from files where contents ~ 'error' limit 10) as e;
Timing is on.
                                                       QUERY PLAN                                                       
------------------------------------------------------------------------------------------------------------------------
 Aggregate  (cost=23.32..23.33 rows=1 width=8) (actual time=15.368..15.369 rows=1 loops=1)
   ->  Limit  (cost=0.00..23.19 rows=10 width=8) (actual time=0.741..15.355 rows=10 loops=1)
         ->  Seq Scan on files  (cost=0.00..1075530.95 rows=463753 width=8) (actual time=0.740..15.349 rows=10 loops=1)
               Filter: (contents ~ 'error'::text)
               Rows Removed by Filter: 44
 Planning Time: 28.215 ms
 Execution Time: 15.403 ms
(7 rows)

Time: 45.050 ms
TIME:14:07:10
query: EXPLAIN ANALYZE select count(id) from (select id from files where contents ~ 'error' limit 10) as e;
Timing is on.
                                                       QUERY PLAN                                                       
------------------------------------------------------------------------------------------------------------------------
 Aggregate  (cost=23.32..23.33 rows=1 width=8) (actual time=16.285..16.286 rows=1 loops=1)
   ->  Limit  (cost=0.00..23.19 rows=10 width=8) (actual time=0.791..16.273 rows=10 loops=1)
         ->  Seq Scan on files  (cost=0.00..1075530.95 rows=463753 width=8) (actual time=0.790..16.267 rows=10 loops=1)
               Filter: (contents ~ 'error'::text)
               Rows Removed by Filter: 44
 Planning Time: 30.528 ms
 Execution Time: 16.317 ms
(7 rows)

Time: 48.388 ms
TIME:14:07:10
query: EXPLAIN ANALYZE select count(id) from (select id from files where contents ~ 'error' limit 10) as e;
Timing is on.
                                                       QUERY PLAN                                                       
------------------------------------------------------------------------------------------------------------------------
 Aggregate  (cost=23.32..23.33 rows=1 width=8) (actual time=16.591..16.592 rows=1 loops=1)
   ->  Limit  (cost=0.00..23.19 rows=10 width=8) (actual time=0.579..16.579 rows=10 loops=1)
         ->  Seq Scan on files  (cost=0.00..1075530.95 rows=463753 width=8) (actual time=0.578..16.572 rows=10 loops=1)
               Filter: (contents ~ 'error'::text)
               Rows Removed by Filter: 44
 Planning Time: 29.308 ms
 Execution Time: 16.624 ms
(7 rows)

Time: 47.386 ms
TIME:14:07:11
query: EXPLAIN ANALYZE select count(id) from (select id from files where contents ~ 'error' limit 10) as e;
Timing is on.
                                                       QUERY PLAN                                                       
------------------------------------------------------------------------------------------------------------------------
 Aggregate  (cost=23.32..23.33 rows=1 width=8) (actual time=15.261..15.262 rows=1 loops=1)
   ->  Limit  (cost=0.00..23.19 rows=10 width=8) (actual time=0.746..15.251 rows=10 loops=1)
         ->  Seq Scan on files  (cost=0.00..1075530.95 rows=463753 width=8) (actual time=0.745..15.245 rows=10 loops=1)
               Filter: (contents ~ 'error'::text)
               Rows Removed by Filter: 44
 Planning Time: 31.809 ms
 Execution Time: 15.294 ms
(7 rows)

Time: 48.394 ms
TIME:14:07:11
query: EXPLAIN ANALYZE select count(id) from (select id from files where contents ~ 'error' limit 10) as e;
Timing is on.
                                                       QUERY PLAN                                                       
------------------------------------------------------------------------------------------------------------------------
 Aggregate  (cost=23.32..23.33 rows=1 width=8) (actual time=17.507..17.508 rows=1 loops=1)
   ->  Limit  (cost=0.00..23.19 rows=10 width=8) (actual time=0.687..17.492 rows=10 loops=1)
         ->  Seq Scan on files  (cost=0.00..1075530.95 rows=463753 width=8) (actual time=0.685..17.485 rows=10 loops=1)
               Filter: (contents ~ 'error'::text)
               Rows Removed by Filter: 44
 Planning Time: 36.853 ms
 Execution Time: 17.551 ms
(7 rows)

Time: 55.962 ms
TIME:14:07:11
query: EXPLAIN ANALYZE select count(id) from (select id from files where contents ~ 'error' limit 10) as e;
Timing is on.
                                                       QUERY PLAN                                                       
------------------------------------------------------------------------------------------------------------------------
 Aggregate  (cost=23.32..23.33 rows=1 width=8) (actual time=15.497..15.498 rows=1 loops=1)
   ->  Limit  (cost=0.00..23.19 rows=10 width=8) (actual time=0.585..15.485 rows=10 loops=1)
         ->  Seq Scan on files  (cost=0.00..1075530.95 rows=463753 width=8) (actual time=0.584..15.480 rows=10 loops=1)
               Filter: (contents ~ 'error'::text)
               Rows Removed by Filter: 44
 Planning Time: 28.791 ms
 Execution Time: 15.528 ms
(7 rows)

Time: 45.822 ms
TIME:14:07:11
query: EXPLAIN ANALYZE select count(id) from (select id from files where contents ~ 'error' limit 10) as e;
Timing is on.
                                                       QUERY PLAN                                                       
------------------------------------------------------------------------------------------------------------------------
 Aggregate  (cost=23.32..23.33 rows=1 width=8) (actual time=15.130..15.131 rows=1 loops=1)
   ->  Limit  (cost=0.00..23.19 rows=10 width=8) (actual time=0.739..15.120 rows=10 loops=1)
         ->  Seq Scan on files  (cost=0.00..1075530.95 rows=463753 width=8) (actual time=0.738..15.114 rows=10 loops=1)
               Filter: (contents ~ 'error'::text)
               Rows Removed by Filter: 44
 Planning Time: 32.451 ms
 Execution Time: 15.159 ms
(7 rows)

Time: 48.947 ms
TIME:14:07:12
query: EXPLAIN ANALYZE select count(id) from (select id from files where contents ~ 'error' limit 10) as e;
Timing is on.
                                                       QUERY PLAN                                                       
------------------------------------------------------------------------------------------------------------------------
 Aggregate  (cost=23.32..23.33 rows=1 width=8) (actual time=15.912..15.913 rows=1 loops=1)
   ->  Limit  (cost=0.00..23.19 rows=10 width=8) (actual time=0.778..15.902 rows=10 loops=1)
         ->  Seq Scan on files  (cost=0.00..1075530.95 rows=463753 width=8) (actual time=0.777..15.896 rows=10 loops=1)
               Filter: (contents ~ 'error'::text)
               Rows Removed by Filter: 44
 Planning Time: 31.678 ms
 Execution Time: 15.960 ms
(7 rows)

Time: 48.908 ms
TIME:14:07:12
query: EXPLAIN ANALYZE select count(id) from (select id from files where contents ~ 'error' limit 10) as e;
Timing is on.
                                                       QUERY PLAN                                                       
------------------------------------------------------------------------------------------------------------------------
 Aggregate  (cost=23.32..23.33 rows=1 width=8) (actual time=15.150..15.151 rows=1 loops=1)
   ->  Limit  (cost=0.00..23.19 rows=10 width=8) (actual time=0.605..15.125 rows=10 loops=1)
         ->  Seq Scan on files  (cost=0.00..1075530.95 rows=463753 width=8) (actual time=0.605..15.120 rows=10 loops=1)
               Filter: (contents ~ 'error'::text)
               Rows Removed by Filter: 44
 Planning Time: 30.983 ms
 Execution Time: 15.194 ms
(7 rows)

Time: 47.686 ms
TIME:14:07:12
query: EXPLAIN ANALYZE select count(id) from (select id from files where contents ~ 'error' limit 10) as e;
Timing is on.
                                                       QUERY PLAN                                                       
------------------------------------------------------------------------------------------------------------------------
 Aggregate  (cost=23.32..23.33 rows=1 width=8) (actual time=15.147..15.148 rows=1 loops=1)
   ->  Limit  (cost=0.00..23.19 rows=10 width=8) (actual time=0.716..15.136 rows=10 loops=1)
         ->  Seq Scan on files  (cost=0.00..1075530.95 rows=463753 width=8) (actual time=0.715..15.130 rows=10 loops=1)
               Filter: (contents ~ 'error'::text)
               Rows Removed by Filter: 44
 Planning Time: 30.739 ms
 Execution Time: 15.209 ms
(7 rows)

Time: 47.531 ms
TIME:14:07:13
query: EXPLAIN ANALYZE select count(id) from (select id from files where contents ~ 'error' limit 10) as e;
Timing is on.
                                                       QUERY PLAN                                                       
------------------------------------------------------------------------------------------------------------------------
 Aggregate  (cost=23.32..23.33 rows=1 width=8) (actual time=14.035..14.037 rows=1 loops=1)
   ->  Limit  (cost=0.00..23.19 rows=10 width=8) (actual time=0.639..14.026 rows=10 loops=1)
         ->  Seq Scan on files  (cost=0.00..1075530.95 rows=463753 width=8) (actual time=0.638..14.007 rows=10 loops=1)
               Filter: (contents ~ 'error'::text)
               Rows Removed by Filter: 44
 Planning Time: 27.118 ms
 Execution Time: 14.066 ms
(7 rows)

Time: 42.401 ms
TIME:14:07:13
query: EXPLAIN ANALYZE select count(id) from (select id from files where contents ~ 'error' limit 10) as e;
Timing is on.
                                                       QUERY PLAN                                                       
------------------------------------------------------------------------------------------------------------------------
 Aggregate  (cost=23.32..23.33 rows=1 width=8) (actual time=14.010..14.011 rows=1 loops=1)
   ->  Limit  (cost=0.00..23.19 rows=10 width=8) (actual time=0.712..13.999 rows=10 loops=1)
         ->  Seq Scan on files  (cost=0.00..1075530.95 rows=463753 width=8) (actual time=0.711..13.994 rows=10 loops=1)
               Filter: (contents ~ 'error'::text)
               Rows Removed by Filter: 44
 Planning Time: 27.737 ms
 Execution Time: 14.039 ms
(7 rows)

Time: 43.015 ms
TIME:14:07:13
query: EXPLAIN ANALYZE select count(id) from (select id from files where contents ~ 'error' limit 10) as e;
Timing is on.
                                                       QUERY PLAN                                                       
------------------------------------------------------------------------------------------------------------------------
 Aggregate  (cost=23.32..23.33 rows=1 width=8) (actual time=14.756..14.757 rows=1 loops=1)
   ->  Limit  (cost=0.00..23.19 rows=10 width=8) (actual time=0.655..14.746 rows=10 loops=1)
         ->  Seq Scan on files  (cost=0.00..1075530.95 rows=463753 width=8) (actual time=0.654..14.740 rows=10 loops=1)
               Filter: (contents ~ 'error'::text)
               Rows Removed by Filter: 44
 Planning Time: 26.225 ms
 Execution Time: 14.787 ms
(7 rows)

Time: 42.485 ms
TIME:14:07:14
query: EXPLAIN ANALYZE select count(id) from (select id from files where contents ~ 'error' limit 10) as e;
Timing is on.
                                                       QUERY PLAN                                                       
------------------------------------------------------------------------------------------------------------------------
 Aggregate  (cost=23.32..23.33 rows=1 width=8) (actual time=14.637..14.638 rows=1 loops=1)
   ->  Limit  (cost=0.00..23.19 rows=10 width=8) (actual time=0.596..14.626 rows=10 loops=1)
         ->  Seq Scan on files  (cost=0.00..1075530.95 rows=463753 width=8) (actual time=0.595..14.622 rows=10 loops=1)
               Filter: (contents ~ 'error'::text)
               Rows Removed by Filter: 44
 Planning Time: 27.636 ms
 Execution Time: 14.685 ms
(7 rows)

Time: 43.727 ms
TIME:14:07:14
query: EXPLAIN ANALYZE select count(id) from (select id from files where contents ~ 'error' limit 10) as e;
Timing is on.
                                                       QUERY PLAN                                                       
------------------------------------------------------------------------------------------------------------------------
 Aggregate  (cost=23.32..23.33 rows=1 width=8) (actual time=14.295..14.296 rows=1 loops=1)
   ->  Limit  (cost=0.00..23.19 rows=10 width=8) (actual time=0.638..14.285 rows=10 loops=1)
         ->  Seq Scan on files  (cost=0.00..1075530.95 rows=463753 width=8) (actual time=0.637..14.279 rows=10 loops=1)
               Filter: (contents ~ 'error'::text)
               Rows Removed by Filter: 44
 Planning Time: 24.942 ms
 Execution Time: 14.327 ms
(7 rows)

Time: 40.547 ms
TIME:14:07:14
query: EXPLAIN ANALYZE select count(id) from (select id from files where contents ~ 'error' limit 10) as e;
Timing is on.
                                                       QUERY PLAN                                                       
------------------------------------------------------------------------------------------------------------------------
 Aggregate  (cost=23.32..23.33 rows=1 width=8) (actual time=14.942..14.943 rows=1 loops=1)
   ->  Limit  (cost=0.00..23.19 rows=10 width=8) (actual time=0.594..14.914 rows=10 loops=1)
         ->  Seq Scan on files  (cost=0.00..1075530.95 rows=463753 width=8) (actual time=0.593..14.908 rows=10 loops=1)
               Filter: (contents ~ 'error'::text)
               Rows Removed by Filter: 44
 Planning Time: 26.681 ms
 Execution Time: 14.975 ms
(7 rows)

Time: 43.109 ms
TIME:14:07:14
query: EXPLAIN ANALYZE select count(id) from (select id from files where contents ~ 'error' limit 10) as e;
Timing is on.
                                                       QUERY PLAN                                                       
------------------------------------------------------------------------------------------------------------------------
 Aggregate  (cost=23.32..23.33 rows=1 width=8) (actual time=15.491..15.492 rows=1 loops=1)
   ->  Limit  (cost=0.00..23.19 rows=10 width=8) (actual time=0.677..15.478 rows=10 loops=1)
         ->  Seq Scan on files  (cost=0.00..1075530.95 rows=463753 width=8) (actual time=0.676..15.472 rows=10 loops=1)
               Filter: (contents ~ 'error'::text)
               Rows Removed by Filter: 44
 Planning Time: 28.066 ms
 Execution Time: 15.523 ms
(7 rows)

Time: 44.984 ms
TIME:14:07:15
query: EXPLAIN ANALYZE select count(id) from (select id from files where contents ~ 'error' limit 10) as e;
Timing is on.
                                                       QUERY PLAN                                                       
------------------------------------------------------------------------------------------------------------------------
 Aggregate  (cost=23.32..23.33 rows=1 width=8) (actual time=17.129..17.130 rows=1 loops=1)
   ->  Limit  (cost=0.00..23.19 rows=10 width=8) (actual time=0.787..17.117 rows=10 loops=1)
         ->  Seq Scan on files  (cost=0.00..1075530.95 rows=463753 width=8) (actual time=0.786..17.111 rows=10 loops=1)
               Filter: (contents ~ 'error'::text)
               Rows Removed by Filter: 44
 Planning Time: 26.833 ms
 Execution Time: 17.183 ms
(7 rows)

Time: 45.400 ms
TIME:14:07:15
query: EXPLAIN ANALYZE select count(id) from (select id from files where contents ~ 'error' limit 10) as e;
Timing is on.
                                                       QUERY PLAN                                                       
------------------------------------------------------------------------------------------------------------------------
 Aggregate  (cost=23.32..23.33 rows=1 width=8) (actual time=15.220..15.222 rows=1 loops=1)
   ->  Limit  (cost=0.00..23.19 rows=10 width=8) (actual time=0.738..15.210 rows=10 loops=1)
         ->  Seq Scan on files  (cost=0.00..1075530.95 rows=463753 width=8) (actual time=0.737..15.206 rows=10 loops=1)
               Filter: (contents ~ 'error'::text)
               Rows Removed by Filter: 44
 Planning Time: 25.770 ms
 Execution Time: 15.284 ms
(7 rows)

Time: 42.530 ms
TIME:14:07:15
query: EXPLAIN ANALYZE select count(id) from (select id from files where contents ~ 'error' limit 10) as e;
Timing is on.
                                                       QUERY PLAN                                                       
------------------------------------------------------------------------------------------------------------------------
 Aggregate  (cost=23.32..23.33 rows=1 width=8) (actual time=14.595..14.597 rows=1 loops=1)
   ->  Limit  (cost=0.00..23.19 rows=10 width=8) (actual time=0.581..14.585 rows=10 loops=1)
         ->  Seq Scan on files  (cost=0.00..1075530.95 rows=463753 width=8) (actual time=0.581..14.579 rows=10 loops=1)
               Filter: (contents ~ 'error'::text)
               Rows Removed by Filter: 44
 Planning Time: 25.652 ms
 Execution Time: 14.628 ms
(7 rows)

Time: 41.509 ms
TIME:14:07:15
query: EXPLAIN ANALYZE select count(id) from (select id from files where contents ~ 'error' limit 10) as e;
Timing is on.
                                                       QUERY PLAN                                                       
------------------------------------------------------------------------------------------------------------------------
 Aggregate  (cost=23.32..23.33 rows=1 width=8) (actual time=14.380..14.381 rows=1 loops=1)
   ->  Limit  (cost=0.00..23.19 rows=10 width=8) (actual time=0.490..14.357 rows=10 loops=1)
         ->  Seq Scan on files  (cost=0.00..1075530.95 rows=463753 width=8) (actual time=0.489..14.351 rows=10 loops=1)
               Filter: (contents ~ 'error'::text)
               Rows Removed by Filter: 44
 Planning Time: 25.894 ms
 Execution Time: 14.411 ms
(7 rows)

Time: 41.808 ms
TIME:14:07:16
query: EXPLAIN ANALYZE select count(id) from (select id from files where contents ~ 'error' limit 10) as e;
Timing is on.
                                                       QUERY PLAN                                                       
------------------------------------------------------------------------------------------------------------------------
 Aggregate  (cost=23.32..23.33 rows=1 width=8) (actual time=14.952..14.953 rows=1 loops=1)
   ->  Limit  (cost=0.00..23.19 rows=10 width=8) (actual time=0.498..14.942 rows=10 loops=1)
         ->  Seq Scan on files  (cost=0.00..1075530.95 rows=463753 width=8) (actual time=0.497..14.937 rows=10 loops=1)
               Filter: (contents ~ 'error'::text)
               Rows Removed by Filter: 44
 Planning Time: 26.562 ms
 Execution Time: 14.982 ms
(7 rows)

Time: 42.844 ms
TIME:14:07:16
query: EXPLAIN ANALYZE select count(id) from (select id from files where contents ~ 'error' limit 10) as e;
Timing is on.
                                                       QUERY PLAN                                                       
------------------------------------------------------------------------------------------------------------------------
 Aggregate  (cost=23.32..23.33 rows=1 width=8) (actual time=14.430..14.431 rows=1 loops=1)
   ->  Limit  (cost=0.00..23.19 rows=10 width=8) (actual time=0.807..14.419 rows=10 loops=1)
         ->  Seq Scan on files  (cost=0.00..1075530.95 rows=463753 width=8) (actual time=0.806..14.414 rows=10 loops=1)
               Filter: (contents ~ 'error'::text)
               Rows Removed by Filter: 44
 Planning Time: 25.799 ms
 Execution Time: 14.462 ms
(7 rows)

Time: 41.520 ms
TIME:14:07:16
query: EXPLAIN ANALYZE select count(id) from (select id from files where contents ~ 'error' limit 10) as e;
Timing is on.
                                                       QUERY PLAN                                                       
------------------------------------------------------------------------------------------------------------------------
 Aggregate  (cost=23.32..23.33 rows=1 width=8) (actual time=15.110..15.112 rows=1 loops=1)
   ->  Limit  (cost=0.00..23.19 rows=10 width=8) (actual time=0.625..15.100 rows=10 loops=1)
         ->  Seq Scan on files  (cost=0.00..1075530.95 rows=463753 width=8) (actual time=0.608..15.079 rows=10 loops=1)
               Filter: (contents ~ 'error'::text)
               Rows Removed by Filter: 44
 Planning Time: 26.107 ms
 Execution Time: 15.142 ms
(7 rows)

Time: 42.633 ms
TIME:14:07:17
query: EXPLAIN ANALYZE select count(id) from (select id from files where contents ~ 'error' limit 10) as e;
Timing is on.
                                                       QUERY PLAN                                                       
------------------------------------------------------------------------------------------------------------------------
 Aggregate  (cost=23.32..23.33 rows=1 width=8) (actual time=14.665..14.666 rows=1 loops=1)
   ->  Limit  (cost=0.00..23.19 rows=10 width=8) (actual time=0.468..14.655 rows=10 loops=1)
         ->  Seq Scan on files  (cost=0.00..1075530.95 rows=463753 width=8) (actual time=0.467..14.650 rows=10 loops=1)
               Filter: (contents ~ 'error'::text)
               Rows Removed by Filter: 44
 Planning Time: 26.416 ms
 Execution Time: 14.697 ms
(7 rows)

Time: 42.284 ms
TIME:14:07:17
query: EXPLAIN ANALYZE select count(id) from (select id from files where contents ~ 'error' limit 10) as e;
Timing is on.
                                                       QUERY PLAN                                                       
------------------------------------------------------------------------------------------------------------------------
 Aggregate  (cost=23.32..23.33 rows=1 width=8) (actual time=14.995..14.996 rows=1 loops=1)
   ->  Limit  (cost=0.00..23.19 rows=10 width=8) (actual time=0.580..14.984 rows=10 loops=1)
         ->  Seq Scan on files  (cost=0.00..1075530.95 rows=463753 width=8) (actual time=0.579..14.978 rows=10 loops=1)
               Filter: (contents ~ 'error'::text)
               Rows Removed by Filter: 44
 Planning Time: 26.613 ms
 Execution Time: 15.026 ms
(7 rows)

Time: 43.159 ms
TIME:14:07:17
query: EXPLAIN ANALYZE select count(id) from (select id from files where contents ~ 'error' limit 10) as e;
Timing is on.
                                                       QUERY PLAN                                                       
------------------------------------------------------------------------------------------------------------------------
 Aggregate  (cost=23.32..23.33 rows=1 width=8) (actual time=14.866..14.868 rows=1 loops=1)
   ->  Limit  (cost=0.00..23.19 rows=10 width=8) (actual time=0.607..14.856 rows=10 loops=1)
         ->  Seq Scan on files  (cost=0.00..1075530.95 rows=463753 width=8) (actual time=0.606..14.850 rows=10 loops=1)
               Filter: (contents ~ 'error'::text)
               Rows Removed by Filter: 44
 Planning Time: 27.453 ms
 Execution Time: 14.899 ms
(7 rows)

Time: 43.781 ms
TIME:14:07:17
query: EXPLAIN ANALYZE select count(id) from (select id from files where contents ~ 'error' limit 10) as e;
Timing is on.
                                                       QUERY PLAN                                                       
------------------------------------------------------------------------------------------------------------------------
 Aggregate  (cost=23.32..23.33 rows=1 width=8) (actual time=15.199..15.200 rows=1 loops=1)
   ->  Limit  (cost=0.00..23.19 rows=10 width=8) (actual time=0.698..15.173 rows=10 loops=1)
         ->  Seq Scan on files  (cost=0.00..1075530.95 rows=463753 width=8) (actual time=0.697..15.168 rows=10 loops=1)
               Filter: (contents ~ 'error'::text)
               Rows Removed by Filter: 44
 Planning Time: 25.531 ms
 Execution Time: 15.249 ms
(7 rows)

Time: 42.106 ms
TIME:14:07:18
query: EXPLAIN ANALYZE select count(id) from (select id from files where contents ~ 'error' limit 10) as e;
Timing is on.
                                                       QUERY PLAN                                                       
------------------------------------------------------------------------------------------------------------------------
 Aggregate  (cost=23.32..23.33 rows=1 width=8) (actual time=15.045..15.047 rows=1 loops=1)
   ->  Limit  (cost=0.00..23.19 rows=10 width=8) (actual time=0.574..15.034 rows=10 loops=1)
         ->  Seq Scan on files  (cost=0.00..1075530.95 rows=463753 width=8) (actual time=0.573..15.029 rows=10 loops=1)
               Filter: (contents ~ 'error'::text)
               Rows Removed by Filter: 44
 Planning Time: 25.138 ms
 Execution Time: 15.076 ms
(7 rows)

Time: 41.511 ms
TIME:14:07:18
query: EXPLAIN ANALYZE select count(id) from (select id from files where contents ~ 'error' limit 10) as e;
Timing is on.
                                                       QUERY PLAN                                                       
------------------------------------------------------------------------------------------------------------------------
 Aggregate  (cost=23.32..23.33 rows=1 width=8) (actual time=15.557..15.558 rows=1 loops=1)
   ->  Limit  (cost=0.00..23.19 rows=10 width=8) (actual time=0.601..15.527 rows=10 loops=1)
         ->  Seq Scan on files  (cost=0.00..1075530.95 rows=463753 width=8) (actual time=0.599..15.506 rows=10 loops=1)
               Filter: (contents ~ 'error'::text)
               Rows Removed by Filter: 44
 Planning Time: 27.400 ms
 Execution Time: 15.594 ms
(7 rows)

Time: 44.481 ms
TIME:14:07:18
query: EXPLAIN ANALYZE select count(id) from (select id from files where contents ~ 'error' limit 10) as e;
Timing is on.
                                                       QUERY PLAN                                                       
------------------------------------------------------------------------------------------------------------------------
 Aggregate  (cost=23.32..23.33 rows=1 width=8) (actual time=14.548..14.549 rows=1 loops=1)
   ->  Limit  (cost=0.00..23.19 rows=10 width=8) (actual time=0.660..14.537 rows=10 loops=1)
         ->  Seq Scan on files  (cost=0.00..1075530.95 rows=463753 width=8) (actual time=0.659..14.531 rows=10 loops=1)
               Filter: (contents ~ 'error'::text)
               Rows Removed by Filter: 44
 Planning Time: 22.926 ms
 Execution Time: 14.581 ms
(7 rows)

Time: 38.883 ms
TIME:14:07:18
query: EXPLAIN ANALYZE select count(id) from (select id from files where contents ~ 'error' limit 10) as e;
Timing is on.
                                                       QUERY PLAN                                                       
------------------------------------------------------------------------------------------------------------------------
 Aggregate  (cost=23.32..23.33 rows=1 width=8) (actual time=14.821..14.822 rows=1 loops=1)
   ->  Limit  (cost=0.00..23.19 rows=10 width=8) (actual time=0.484..14.811 rows=10 loops=1)
         ->  Seq Scan on files  (cost=0.00..1075530.95 rows=463753 width=8) (actual time=0.483..14.805 rows=10 loops=1)
               Filter: (contents ~ 'error'::text)
               Rows Removed by Filter: 44
 Planning Time: 27.611 ms
 Execution Time: 14.870 ms
(7 rows)

Time: 43.956 ms
TIME:14:07:19
query: EXPLAIN ANALYZE select count(id) from (select id from files where contents ~ 'error' limit 10) as e;
Timing is on.
                                                       QUERY PLAN                                                       
------------------------------------------------------------------------------------------------------------------------
 Aggregate  (cost=23.32..23.33 rows=1 width=8) (actual time=15.476..15.478 rows=1 loops=1)
   ->  Limit  (cost=0.00..23.19 rows=10 width=8) (actual time=0.586..15.437 rows=10 loops=1)
         ->  Seq Scan on files  (cost=0.00..1075530.95 rows=463753 width=8) (actual time=0.571..15.398 rows=10 loops=1)
               Filter: (contents ~ 'error'::text)
               Rows Removed by Filter: 44
 Planning Time: 26.311 ms
 Execution Time: 15.538 ms
(7 rows)

Time: 43.249 ms
TIME:14:07:19
query: EXPLAIN ANALYZE select count(id) from (select id from files where contents ~ 'error' limit 10) as e;
Timing is on.
                                                       QUERY PLAN                                                       
------------------------------------------------------------------------------------------------------------------------
 Aggregate  (cost=23.32..23.33 rows=1 width=8) (actual time=14.566..14.567 rows=1 loops=1)
   ->  Limit  (cost=0.00..23.19 rows=10 width=8) (actual time=0.819..14.556 rows=10 loops=1)
         ->  Seq Scan on files  (cost=0.00..1075530.95 rows=463753 width=8) (actual time=0.818..14.536 rows=10 loops=1)
               Filter: (contents ~ 'error'::text)
               Rows Removed by Filter: 44
 Planning Time: 26.218 ms
 Execution Time: 14.597 ms
(7 rows)

Time: 42.281 ms
TIME:14:07:19
query: EXPLAIN ANALYZE select count(id) from (select id from files where contents ~ 'error' limit 10) as e;
Timing is on.
                                                       QUERY PLAN                                                       
------------------------------------------------------------------------------------------------------------------------
 Aggregate  (cost=23.32..23.33 rows=1 width=8) (actual time=15.016..15.017 rows=1 loops=1)
   ->  Limit  (cost=0.00..23.19 rows=10 width=8) (actual time=0.583..15.005 rows=10 loops=1)
         ->  Seq Scan on files  (cost=0.00..1075530.95 rows=463753 width=8) (actual time=0.582..15.000 rows=10 loops=1)
               Filter: (contents ~ 'error'::text)
               Rows Removed by Filter: 44
 Planning Time: 26.950 ms
 Execution Time: 15.048 ms
(7 rows)

Time: 43.397 ms
TIME:14:07:20
query: EXPLAIN ANALYZE select count(id) from (select id from files where contents ~ 'error' limit 10) as e;
Timing is on.
                                                       QUERY PLAN                                                       
------------------------------------------------------------------------------------------------------------------------
 Aggregate  (cost=23.32..23.33 rows=1 width=8) (actual time=14.714..14.715 rows=1 loops=1)
   ->  Limit  (cost=0.00..23.19 rows=10 width=8) (actual time=0.621..14.704 rows=10 loops=1)
         ->  Seq Scan on files  (cost=0.00..1075530.95 rows=463753 width=8) (actual time=0.620..14.699 rows=10 loops=1)
               Filter: (contents ~ 'error'::text)
               Rows Removed by Filter: 44
 Planning Time: 25.809 ms
 Execution Time: 14.761 ms
(7 rows)

Time: 41.858 ms
TIME:14:07:20
query: EXPLAIN ANALYZE select count(id) from (select id from files where contents ~ 'error' limit 10) as e;
Timing is on.
                                                       QUERY PLAN                                                       
------------------------------------------------------------------------------------------------------------------------
 Aggregate  (cost=23.32..23.33 rows=1 width=8) (actual time=14.562..14.563 rows=1 loops=1)
   ->  Limit  (cost=0.00..23.19 rows=10 width=8) (actual time=0.597..14.551 rows=10 loops=1)
         ->  Seq Scan on files  (cost=0.00..1075530.95 rows=463753 width=8) (actual time=0.596..14.528 rows=10 loops=1)
               Filter: (contents ~ 'error'::text)
               Rows Removed by Filter: 44
 Planning Time: 25.842 ms
 Execution Time: 14.593 ms
(7 rows)

Time: 41.837 ms
TIME:14:07:20
query: EXPLAIN ANALYZE select count(id) from (select id from files where contents ~ 'error' limit 10) as e;
Timing is on.
                                                       QUERY PLAN                                                       
------------------------------------------------------------------------------------------------------------------------
 Aggregate  (cost=23.32..23.33 rows=1 width=8) (actual time=14.403..14.419 rows=1 loops=1)
   ->  Limit  (cost=0.00..23.19 rows=10 width=8) (actual time=0.645..14.407 rows=10 loops=1)
         ->  Seq Scan on files  (cost=0.00..1075530.95 rows=463753 width=8) (actual time=0.644..14.402 rows=10 loops=1)
               Filter: (contents ~ 'error'::text)
               Rows Removed by Filter: 44
 Planning Time: 25.660 ms
 Execution Time: 14.448 ms
(7 rows)

Time: 41.467 ms
TIME:14:07:20
query: EXPLAIN ANALYZE select count(id) from (select id from files where contents ~ 'error' limit 10) as e;
Timing is on.
                                                       QUERY PLAN                                                       
------------------------------------------------------------------------------------------------------------------------
 Aggregate  (cost=23.32..23.33 rows=1 width=8) (actual time=15.680..15.681 rows=1 loops=1)
   ->  Limit  (cost=0.00..23.19 rows=10 width=8) (actual time=0.682..15.670 rows=10 loops=1)
         ->  Seq Scan on files  (cost=0.00..1075530.95 rows=463753 width=8) (actual time=0.681..15.665 rows=10 loops=1)
               Filter: (contents ~ 'error'::text)
               Rows Removed by Filter: 44
 Planning Time: 26.223 ms
 Execution Time: 15.713 ms
(7 rows)

Time: 43.087 ms
TIME:14:07:21
query: EXPLAIN ANALYZE select count(id) from (select id from files where contents ~ 'error' limit 10) as e;
Timing is on.
                                                       QUERY PLAN                                                       
------------------------------------------------------------------------------------------------------------------------
 Aggregate  (cost=23.32..23.33 rows=1 width=8) (actual time=14.531..14.533 rows=1 loops=1)
   ->  Limit  (cost=0.00..23.19 rows=10 width=8) (actual time=0.655..14.522 rows=10 loops=1)
         ->  Seq Scan on files  (cost=0.00..1075530.95 rows=463753 width=8) (actual time=0.654..14.517 rows=10 loops=1)
               Filter: (contents ~ 'error'::text)
               Rows Removed by Filter: 44
 Planning Time: 26.239 ms
 Execution Time: 14.562 ms
(7 rows)

Time: 42.095 ms
TIME:14:07:21
query: EXPLAIN ANALYZE select count(id) from (select id from files where contents ~ 'error' limit 10) as e;
Timing is on.
                                                       QUERY PLAN                                                       
------------------------------------------------------------------------------------------------------------------------
 Aggregate  (cost=23.32..23.33 rows=1 width=8) (actual time=15.080..15.081 rows=1 loops=1)
   ->  Limit  (cost=0.00..23.19 rows=10 width=8) (actual time=0.692..15.068 rows=10 loops=1)
         ->  Seq Scan on files  (cost=0.00..1075530.95 rows=463753 width=8) (actual time=0.691..15.063 rows=10 loops=1)
               Filter: (contents ~ 'error'::text)
               Rows Removed by Filter: 44
 Planning Time: 26.015 ms
 Execution Time: 15.145 ms
(7 rows)

Time: 42.557 ms
TIME:14:07:21
query: EXPLAIN ANALYZE select count(id) from (select id from files where contents ~ 'error' limit 10) as e;
Timing is on.
                                                       QUERY PLAN                                                       
------------------------------------------------------------------------------------------------------------------------
 Aggregate  (cost=23.32..23.33 rows=1 width=8) (actual time=14.881..14.882 rows=1 loops=1)
   ->  Limit  (cost=0.00..23.19 rows=10 width=8) (actual time=0.688..14.870 rows=10 loops=1)
         ->  Seq Scan on files  (cost=0.00..1075530.95 rows=463753 width=8) (actual time=0.687..14.865 rows=10 loops=1)
               Filter: (contents ~ 'error'::text)
               Rows Removed by Filter: 44
 Planning Time: 26.476 ms
 Execution Time: 14.929 ms
(7 rows)

Time: 42.720 ms
TIME:14:07:21
query: EXPLAIN ANALYZE select count(id) from (select id from files where contents ~ 'error' limit 10) as e;
Timing is on.
                                                       QUERY PLAN                                                       
------------------------------------------------------------------------------------------------------------------------
 Aggregate  (cost=23.32..23.33 rows=1 width=8) (actual time=16.806..16.807 rows=1 loops=1)
   ->  Limit  (cost=0.00..23.19 rows=10 width=8) (actual time=0.730..16.795 rows=10 loops=1)
         ->  Seq Scan on files  (cost=0.00..1075530.95 rows=463753 width=8) (actual time=0.729..16.789 rows=10 loops=1)
               Filter: (contents ~ 'error'::text)
               Rows Removed by Filter: 44
 Planning Time: 25.776 ms
 Execution Time: 16.844 ms
(7 rows)

Time: 43.955 ms
TIME:14:07:22
query: EXPLAIN ANALYZE select count(id) from (select id from files where contents ~ 'error' limit 10) as e;
Timing is on.
                                                       QUERY PLAN                                                       
------------------------------------------------------------------------------------------------------------------------
 Aggregate  (cost=23.32..23.33 rows=1 width=8) (actual time=15.663..15.664 rows=1 loops=1)
   ->  Limit  (cost=0.00..23.19 rows=10 width=8) (actual time=0.702..15.651 rows=10 loops=1)
         ->  Seq Scan on files  (cost=0.00..1075530.95 rows=463753 width=8) (actual time=0.701..15.646 rows=10 loops=1)
               Filter: (contents ~ 'error'::text)
               Rows Removed by Filter: 44
 Planning Time: 25.810 ms
 Execution Time: 15.717 ms
(7 rows)

Time: 42.829 ms
TIME:14:07:22
query: EXPLAIN ANALYZE select count(id) from (select id from files where contents ~ 'error' limit 10) as e;
Timing is on.
                                                       QUERY PLAN                                                       
------------------------------------------------------------------------------------------------------------------------
 Aggregate  (cost=23.32..23.33 rows=1 width=8) (actual time=14.805..14.806 rows=1 loops=1)
   ->  Limit  (cost=0.00..23.19 rows=10 width=8) (actual time=0.512..14.779 rows=10 loops=1)
         ->  Seq Scan on files  (cost=0.00..1075530.95 rows=463753 width=8) (actual time=0.511..14.773 rows=10 loops=1)
               Filter: (contents ~ 'error'::text)
               Rows Removed by Filter: 44
 Planning Time: 26.369 ms
 Execution Time: 14.856 ms
(7 rows)

Time: 42.434 ms
TIME:14:07:22
query: EXPLAIN ANALYZE select count(id) from (select id from files where contents ~ 'error' limit 10) as e;
Timing is on.
                                                       QUERY PLAN                                                       
------------------------------------------------------------------------------------------------------------------------
 Aggregate  (cost=23.32..23.33 rows=1 width=8) (actual time=14.029..14.030 rows=1 loops=1)
   ->  Limit  (cost=0.00..23.19 rows=10 width=8) (actual time=0.487..14.019 rows=10 loops=1)
         ->  Seq Scan on files  (cost=0.00..1075530.95 rows=463753 width=8) (actual time=0.486..14.014 rows=10 loops=1)
               Filter: (contents ~ 'error'::text)
               Rows Removed by Filter: 44
 Planning Time: 27.112 ms
 Execution Time: 14.062 ms
(7 rows)

Time: 42.432 ms
TIME:14:07:22
query: EXPLAIN ANALYZE select count(id) from (select id from files where contents ~ 'error' limit 10) as e;
Timing is on.
                                                       QUERY PLAN                                                       
------------------------------------------------------------------------------------------------------------------------
 Aggregate  (cost=23.32..23.33 rows=1 width=8) (actual time=15.024..15.026 rows=1 loops=1)
   ->  Limit  (cost=0.00..23.19 rows=10 width=8) (actual time=0.782..15.013 rows=10 loops=1)
         ->  Seq Scan on files  (cost=0.00..1075530.95 rows=463753 width=8) (actual time=0.781..15.007 rows=10 loops=1)
               Filter: (contents ~ 'error'::text)
               Rows Removed by Filter: 44
 Planning Time: 28.350 ms
 Execution Time: 15.059 ms
(7 rows)

Time: 44.657 ms
TIME:14:07:23
query: EXPLAIN ANALYZE select count(id) from (select id from files where contents ~ 'error' limit 10) as e;
Timing is on.
                                                       QUERY PLAN                                                       
------------------------------------------------------------------------------------------------------------------------
 Aggregate  (cost=23.32..23.33 rows=1 width=8) (actual time=16.486..16.487 rows=1 loops=1)
   ->  Limit  (cost=0.00..23.19 rows=10 width=8) (actual time=0.738..16.469 rows=10 loops=1)
         ->  Seq Scan on files  (cost=0.00..1075530.95 rows=463753 width=8) (actual time=0.737..16.461 rows=10 loops=1)
               Filter: (contents ~ 'error'::text)
               Rows Removed by Filter: 44
 Planning Time: 29.476 ms
 Execution Time: 16.531 ms
(7 rows)

Time: 47.446 ms
TIME:14:07:23
query: EXPLAIN ANALYZE select count(id) from (select id from files where contents ~ 'error' limit 10) as e;
Timing is on.
                                                       QUERY PLAN                                                       
------------------------------------------------------------------------------------------------------------------------
 Aggregate  (cost=23.32..23.33 rows=1 width=8) (actual time=14.809..14.810 rows=1 loops=1)
   ->  Limit  (cost=0.00..23.19 rows=10 width=8) (actual time=0.656..14.798 rows=10 loops=1)
         ->  Seq Scan on files  (cost=0.00..1075530.95 rows=463753 width=8) (actual time=0.655..14.791 rows=10 loops=1)
               Filter: (contents ~ 'error'::text)
               Rows Removed by Filter: 44
 Planning Time: 30.394 ms
 Execution Time: 14.840 ms
(7 rows)

Time: 46.733 ms
TIME:14:07:23
query: EXPLAIN ANALYZE select count(id) from (select id from files where contents ~ 'error' limit 10) as e;
Timing is on.
                                                       QUERY PLAN                                                       
------------------------------------------------------------------------------------------------------------------------
 Aggregate  (cost=23.32..23.33 rows=1 width=8) (actual time=15.608..15.609 rows=1 loops=1)
   ->  Limit  (cost=0.00..23.19 rows=10 width=8) (actual time=0.729..15.595 rows=10 loops=1)
         ->  Seq Scan on files  (cost=0.00..1075530.95 rows=463753 width=8) (actual time=0.727..15.589 rows=10 loops=1)
               Filter: (contents ~ 'error'::text)
               Rows Removed by Filter: 44
 Planning Time: 29.303 ms
 Execution Time: 15.639 ms
(7 rows)

Time: 46.438 ms
TIME:14:07:24
query: EXPLAIN ANALYZE select count(id) from (select id from files where contents ~ 'error' limit 10) as e;
Timing is on.
                                                       QUERY PLAN                                                       
------------------------------------------------------------------------------------------------------------------------
 Aggregate  (cost=23.32..23.33 rows=1 width=8) (actual time=14.977..14.978 rows=1 loops=1)
   ->  Limit  (cost=0.00..23.19 rows=10 width=8) (actual time=0.725..14.967 rows=10 loops=1)
         ->  Seq Scan on files  (cost=0.00..1075530.95 rows=463753 width=8) (actual time=0.724..14.961 rows=10 loops=1)
               Filter: (contents ~ 'error'::text)
               Rows Removed by Filter: 44
 Planning Time: 27.353 ms
 Execution Time: 15.007 ms
(7 rows)

Time: 43.717 ms
TIME:14:07:24
query: EXPLAIN ANALYZE select count(id) from (select id from files where contents ~ 'error' limit 10) as e;
Timing is on.
                                                       QUERY PLAN                                                       
------------------------------------------------------------------------------------------------------------------------
 Aggregate  (cost=23.32..23.33 rows=1 width=8) (actual time=15.061..15.062 rows=1 loops=1)
   ->  Limit  (cost=0.00..23.19 rows=10 width=8) (actual time=0.564..15.034 rows=10 loops=1)
         ->  Seq Scan on files  (cost=0.00..1075530.95 rows=463753 width=8) (actual time=0.564..15.028 rows=10 loops=1)
               Filter: (contents ~ 'error'::text)
               Rows Removed by Filter: 44
 Planning Time: 28.419 ms
 Execution Time: 15.106 ms
(7 rows)

Time: 45.020 ms
TIME:14:07:24
query: EXPLAIN ANALYZE select count(id) from (select id from files where contents ~ 'error' limit 10) as e;
Timing is on.
                                                       QUERY PLAN                                                       
------------------------------------------------------------------------------------------------------------------------
 Aggregate  (cost=23.32..23.33 rows=1 width=8) (actual time=16.822..16.823 rows=1 loops=1)
   ->  Limit  (cost=0.00..23.19 rows=10 width=8) (actual time=0.632..16.809 rows=10 loops=1)
         ->  Seq Scan on files  (cost=0.00..1075530.95 rows=463753 width=8) (actual time=0.631..16.803 rows=10 loops=1)
               Filter: (contents ~ 'error'::text)
               Rows Removed by Filter: 44
 Planning Time: 32.526 ms
 Execution Time: 16.857 ms
(7 rows)

Time: 50.965 ms
TIME:14:07:24
query: EXPLAIN ANALYZE select count(id) from (select id from files where contents ~ 'error' limit 10) as e;
Timing is on.
                                                       QUERY PLAN                                                       
------------------------------------------------------------------------------------------------------------------------
 Aggregate  (cost=23.32..23.33 rows=1 width=8) (actual time=14.927..14.928 rows=1 loops=1)
   ->  Limit  (cost=0.00..23.19 rows=10 width=8) (actual time=0.693..14.883 rows=10 loops=1)
         ->  Seq Scan on files  (cost=0.00..1075530.95 rows=463753 width=8) (actual time=0.692..14.877 rows=10 loops=1)
               Filter: (contents ~ 'error'::text)
               Rows Removed by Filter: 44
 Planning Time: 29.006 ms
 Execution Time: 14.958 ms
(7 rows)

Time: 45.258 ms
TIME:14:07:25
query: EXPLAIN ANALYZE select count(id) from (select id from files where contents ~ 'error' limit 10) as e;
Timing is on.
                                                       QUERY PLAN                                                       
------------------------------------------------------------------------------------------------------------------------
 Aggregate  (cost=23.32..23.33 rows=1 width=8) (actual time=15.713..15.715 rows=1 loops=1)
   ->  Limit  (cost=0.00..23.19 rows=10 width=8) (actual time=0.631..15.701 rows=10 loops=1)
         ->  Seq Scan on files  (cost=0.00..1075530.95 rows=463753 width=8) (actual time=0.630..15.695 rows=10 loops=1)
               Filter: (contents ~ 'error'::text)
               Rows Removed by Filter: 44
 Planning Time: 30.124 ms
 Execution Time: 15.764 ms
(7 rows)

Time: 47.168 ms
TIME:14:07:25
query: EXPLAIN ANALYZE select count(id) from (select id from files where contents ~ 'error' limit 10) as e;
Timing is on.
                                                       QUERY PLAN                                                       
------------------------------------------------------------------------------------------------------------------------
 Aggregate  (cost=23.32..23.33 rows=1 width=8) (actual time=15.999..16.000 rows=1 loops=1)
   ->  Limit  (cost=0.00..23.19 rows=10 width=8) (actual time=0.638..15.969 rows=10 loops=1)
         ->  Seq Scan on files  (cost=0.00..1075530.95 rows=463753 width=8) (actual time=0.637..15.950 rows=10 loops=1)
               Filter: (contents ~ 'error'::text)
               Rows Removed by Filter: 44
 Planning Time: 28.360 ms
 Execution Time: 16.030 ms
(7 rows)

Time: 45.767 ms
TIME:14:07:25
query: EXPLAIN ANALYZE select count(id) from (select id from files where contents ~ 'error' limit 10) as e;
Timing is on.
                                                       QUERY PLAN                                                       
------------------------------------------------------------------------------------------------------------------------
 Aggregate  (cost=23.32..23.33 rows=1 width=8) (actual time=15.707..15.709 rows=1 loops=1)
   ->  Limit  (cost=0.00..23.19 rows=10 width=8) (actual time=0.688..15.693 rows=10 loops=1)
         ->  Seq Scan on files  (cost=0.00..1075530.95 rows=463753 width=8) (actual time=0.686..15.686 rows=10 loops=1)
               Filter: (contents ~ 'error'::text)
               Rows Removed by Filter: 44
 Planning Time: 29.138 ms
 Execution Time: 15.772 ms
(7 rows)

Time: 46.541 ms
TIME:14:07:25
query: EXPLAIN ANALYZE select count(id) from (select id from files where contents ~ 'error' limit 10) as e;
Timing is on.
                                                       QUERY PLAN                                                       
------------------------------------------------------------------------------------------------------------------------
 Aggregate  (cost=23.32..23.33 rows=1 width=8) (actual time=14.047..14.048 rows=1 loops=1)
   ->  Limit  (cost=0.00..23.19 rows=10 width=8) (actual time=0.561..14.038 rows=10 loops=1)
         ->  Seq Scan on files  (cost=0.00..1075530.95 rows=463753 width=8) (actual time=0.559..14.032 rows=10 loops=1)
               Filter: (contents ~ 'error'::text)
               Rows Removed by Filter: 44
 Planning Time: 28.413 ms
 Execution Time: 14.131 ms
(7 rows)

Time: 44.062 ms
TIME:14:07:26
query: EXPLAIN ANALYZE select count(id) from (select id from files where contents ~ 'error' limit 10) as e;
Timing is on.
                                                       QUERY PLAN                                                       
------------------------------------------------------------------------------------------------------------------------
 Aggregate  (cost=23.32..23.33 rows=1 width=8) (actual time=15.042..15.043 rows=1 loops=1)
   ->  Limit  (cost=0.00..23.19 rows=10 width=8) (actual time=0.729..15.032 rows=10 loops=1)
         ->  Seq Scan on files  (cost=0.00..1075530.95 rows=463753 width=8) (actual time=0.728..15.027 rows=10 loops=1)
               Filter: (contents ~ 'error'::text)
               Rows Removed by Filter: 44
 Planning Time: 30.340 ms
 Execution Time: 15.074 ms
(7 rows)

Time: 47.160 ms
TIME:14:07:26
query: EXPLAIN ANALYZE select count(id) from (select id from files where contents ~ 'error' limit 10) as e;
Timing is on.
                                                       QUERY PLAN                                                       
------------------------------------------------------------------------------------------------------------------------
 Aggregate  (cost=23.32..23.33 rows=1 width=8) (actual time=15.153..15.155 rows=1 loops=1)
   ->  Limit  (cost=0.00..23.19 rows=10 width=8) (actual time=0.617..15.143 rows=10 loops=1)
         ->  Seq Scan on files  (cost=0.00..1075530.95 rows=463753 width=8) (actual time=0.616..15.137 rows=10 loops=1)
               Filter: (contents ~ 'error'::text)
               Rows Removed by Filter: 44
 Planning Time: 26.225 ms
 Execution Time: 15.187 ms
(7 rows)

Time: 42.676 ms
TIME:14:07:26
query: EXPLAIN ANALYZE select count(id) from (select id from files where contents ~ 'error' limit 10) as e;
Timing is on.
                                                       QUERY PLAN                                                       
------------------------------------------------------------------------------------------------------------------------
 Aggregate  (cost=23.32..23.33 rows=1 width=8) (actual time=14.781..14.783 rows=1 loops=1)
   ->  Limit  (cost=0.00..23.19 rows=10 width=8) (actual time=0.721..14.772 rows=10 loops=1)
         ->  Seq Scan on files  (cost=0.00..1075530.95 rows=463753 width=8) (actual time=0.720..14.767 rows=10 loops=1)
               Filter: (contents ~ 'error'::text)
               Rows Removed by Filter: 44
 Planning Time: 26.692 ms
 Execution Time: 14.813 ms
(7 rows)

Time: 43.107 ms
TIME:14:07:27
query: EXPLAIN ANALYZE select count(id) from (select id from files where contents ~ 'error' limit 10) as e;
Timing is on.
                                                       QUERY PLAN                                                       
------------------------------------------------------------------------------------------------------------------------
 Aggregate  (cost=23.32..23.33 rows=1 width=8) (actual time=18.118..18.119 rows=1 loops=1)
   ->  Limit  (cost=0.00..23.19 rows=10 width=8) (actual time=0.821..18.102 rows=10 loops=1)
         ->  Seq Scan on files  (cost=0.00..1075530.95 rows=463753 width=8) (actual time=0.819..18.094 rows=10 loops=1)
               Filter: (contents ~ 'error'::text)
               Rows Removed by Filter: 44
 Planning Time: 31.200 ms
 Execution Time: 18.175 ms
(7 rows)

Time: 50.896 ms
TIME:14:07:27
query: EXPLAIN ANALYZE select count(id) from (select id from files where contents ~ 'error' limit 10) as e;
Timing is on.
                                                       QUERY PLAN                                                       
------------------------------------------------------------------------------------------------------------------------
 Aggregate  (cost=23.32..23.33 rows=1 width=8) (actual time=15.410..15.411 rows=1 loops=1)
   ->  Limit  (cost=0.00..23.19 rows=10 width=8) (actual time=0.682..15.381 rows=10 loops=1)
         ->  Seq Scan on files  (cost=0.00..1075530.95 rows=463753 width=8) (actual time=0.681..15.375 rows=10 loops=1)
               Filter: (contents ~ 'error'::text)
               Rows Removed by Filter: 44
 Planning Time: 29.899 ms
 Execution Time: 15.441 ms
(7 rows)

Time: 46.704 ms
TIME:14:07:27
query: EXPLAIN ANALYZE select count(id) from (select id from files where contents ~ 'error' limit 10) as e;
Timing is on.
                                                       QUERY PLAN                                                       
------------------------------------------------------------------------------------------------------------------------
 Aggregate  (cost=23.32..23.33 rows=1 width=8) (actual time=14.518..14.519 rows=1 loops=1)
   ->  Limit  (cost=0.00..23.19 rows=10 width=8) (actual time=0.657..14.507 rows=10 loops=1)
         ->  Seq Scan on files  (cost=0.00..1075530.95 rows=463753 width=8) (actual time=0.656..14.501 rows=10 loops=1)
               Filter: (contents ~ 'error'::text)
               Rows Removed by Filter: 44
 Planning Time: 27.801 ms
 Execution Time: 14.550 ms
(7 rows)

Time: 43.682 ms
TIME:14:07:28
query: EXPLAIN ANALYZE select count(id) from (select id from files where contents ~ 'error' limit 10) as e;
Timing is on.
                                                       QUERY PLAN                                                       
------------------------------------------------------------------------------------------------------------------------
 Aggregate  (cost=23.32..23.33 rows=1 width=8) (actual time=14.669..14.671 rows=1 loops=1)
   ->  Limit  (cost=0.00..23.19 rows=10 width=8) (actual time=0.497..14.656 rows=10 loops=1)
         ->  Seq Scan on files  (cost=0.00..1075530.95 rows=463753 width=8) (actual time=0.495..14.649 rows=10 loops=1)
               Filter: (contents ~ 'error'::text)
               Rows Removed by Filter: 44
 Planning Time: 29.163 ms
 Execution Time: 14.719 ms
(7 rows)

Time: 45.412 ms
TIME:14:07:28
query: EXPLAIN ANALYZE select count(id) from (select id from files where contents ~ 'error' limit 10) as e;
Timing is on.
                                                       QUERY PLAN                                                       
------------------------------------------------------------------------------------------------------------------------
 Aggregate  (cost=23.32..23.33 rows=1 width=8) (actual time=15.004..15.005 rows=1 loops=1)
   ->  Limit  (cost=0.00..23.19 rows=10 width=8) (actual time=0.702..14.993 rows=10 loops=1)
         ->  Seq Scan on files  (cost=0.00..1075530.95 rows=463753 width=8) (actual time=0.701..14.987 rows=10 loops=1)
               Filter: (contents ~ 'error'::text)
               Rows Removed by Filter: 44
 Planning Time: 28.564 ms
 Execution Time: 15.035 ms
(7 rows)

Time: 44.980 ms
TIME:14:07:28
query: EXPLAIN ANALYZE select count(id) from (select id from files where contents ~ 'error' limit 10) as e;
Timing is on.
                                                       QUERY PLAN                                                       
------------------------------------------------------------------------------------------------------------------------
 Aggregate  (cost=23.32..23.33 rows=1 width=8) (actual time=15.068..15.069 rows=1 loops=1)
   ->  Limit  (cost=0.00..23.19 rows=10 width=8) (actual time=0.801..15.057 rows=10 loops=1)
         ->  Seq Scan on files  (cost=0.00..1075530.95 rows=463753 width=8) (actual time=0.799..15.051 rows=10 loops=1)
               Filter: (contents ~ 'error'::text)
               Rows Removed by Filter: 44
 Planning Time: 28.639 ms
 Execution Time: 15.102 ms
(7 rows)

Time: 45.073 ms
TIME:14:07:28
query: EXPLAIN ANALYZE select count(id) from (select id from files where contents ~ 'error' limit 10) as e;
Timing is on.
                                                       QUERY PLAN                                                       
------------------------------------------------------------------------------------------------------------------------
 Aggregate  (cost=23.32..23.33 rows=1 width=8) (actual time=15.240..15.241 rows=1 loops=1)
   ->  Limit  (cost=0.00..23.19 rows=10 width=8) (actual time=0.547..15.228 rows=10 loops=1)
         ->  Seq Scan on files  (cost=0.00..1075530.95 rows=463753 width=8) (actual time=0.546..15.223 rows=10 loops=1)
               Filter: (contents ~ 'error'::text)
               Rows Removed by Filter: 44
 Planning Time: 26.147 ms
 Execution Time: 15.271 ms
(7 rows)

Time: 42.803 ms
TIME:14:07:30
query: EXPLAIN ANALYZE select count(id) from (select id from files where contents ~ 'error' limit 10) as e;
Timing is on.
                                                       QUERY PLAN                                                       
------------------------------------------------------------------------------------------------------------------------
 Aggregate  (cost=23.32..23.33 rows=1 width=8) (actual time=15.484..15.485 rows=1 loops=1)
   ->  Limit  (cost=0.00..23.19 rows=10 width=8) (actual time=0.521..15.452 rows=10 loops=1)
         ->  Seq Scan on files  (cost=0.00..1075530.95 rows=463753 width=8) (actual time=0.520..15.432 rows=10 loops=1)
               Filter: (contents ~ 'error'::text)
               Rows Removed by Filter: 44
 Planning Time: 29.163 ms
 Execution Time: 15.516 ms
(7 rows)

Time: 46.178 ms
TIME:14:07:30
query: EXPLAIN ANALYZE select count(id) from (select id from files where contents ~ 'error' limit 10) as e;
Timing is on.
                                                       QUERY PLAN                                                       
------------------------------------------------------------------------------------------------------------------------
 Aggregate  (cost=23.32..23.33 rows=1 width=8) (actual time=14.581..14.582 rows=1 loops=1)
   ->  Limit  (cost=0.00..23.19 rows=10 width=8) (actual time=0.612..14.556 rows=10 loops=1)
         ->  Seq Scan on files  (cost=0.00..1075530.95 rows=463753 width=8) (actual time=0.611..14.551 rows=10 loops=1)
               Filter: (contents ~ 'error'::text)
               Rows Removed by Filter: 44
 Planning Time: 27.778 ms
 Execution Time: 14.613 ms
(7 rows)

Time: 43.751 ms
TIME:14:07:30
query: EXPLAIN ANALYZE select count(id) from (select id from files where contents ~ 'error' limit 10) as e;
Timing is on.
                                                       QUERY PLAN                                                       
------------------------------------------------------------------------------------------------------------------------
 Aggregate  (cost=23.32..23.33 rows=1 width=8) (actual time=14.669..14.670 rows=1 loops=1)
   ->  Limit  (cost=0.00..23.19 rows=10 width=8) (actual time=0.559..14.658 rows=10 loops=1)
         ->  Seq Scan on files  (cost=0.00..1075530.95 rows=463753 width=8) (actual time=0.558..14.652 rows=10 loops=1)
               Filter: (contents ~ 'error'::text)
               Rows Removed by Filter: 44
 Planning Time: 27.887 ms
 Execution Time: 14.700 ms
(7 rows)

Time: 44.030 ms
TIME:14:07:30
query: EXPLAIN ANALYZE select count(id) from (select id from files where contents ~ 'error' limit 10) as e;
Timing is on.
                                                       QUERY PLAN                                                       
------------------------------------------------------------------------------------------------------------------------
 Aggregate  (cost=23.32..23.33 rows=1 width=8) (actual time=15.291..15.293 rows=1 loops=1)
   ->  Limit  (cost=0.00..23.19 rows=10 width=8) (actual time=0.745..15.280 rows=10 loops=1)
         ->  Seq Scan on files  (cost=0.00..1075530.95 rows=463753 width=8) (actual time=0.744..15.274 rows=10 loops=1)
               Filter: (contents ~ 'error'::text)
               Rows Removed by Filter: 44
 Planning Time: 27.922 ms
 Execution Time: 15.323 ms
(7 rows)

Time: 44.656 ms
TIME:14:07:31
query: EXPLAIN ANALYZE select count(id) from (select id from files where contents ~ 'error' limit 10) as e;
Timing is on.
                                                       QUERY PLAN                                                       
------------------------------------------------------------------------------------------------------------------------
 Aggregate  (cost=23.32..23.33 rows=1 width=8) (actual time=14.446..14.447 rows=1 loops=1)
   ->  Limit  (cost=0.00..23.19 rows=10 width=8) (actual time=0.705..14.435 rows=10 loops=1)
         ->  Seq Scan on files  (cost=0.00..1075530.95 rows=463753 width=8) (actual time=0.704..14.428 rows=10 loops=1)
               Filter: (contents ~ 'error'::text)
               Rows Removed by Filter: 44
 Planning Time: 28.298 ms
 Execution Time: 14.479 ms
(7 rows)

Time: 43.961 ms
TIME:14:07:31
query: EXPLAIN ANALYZE select count(id) from (select id from files where contents ~ 'error' limit 10) as e;
Timing is on.
                                                       QUERY PLAN                                                       
------------------------------------------------------------------------------------------------------------------------
 Aggregate  (cost=23.32..23.33 rows=1 width=8) (actual time=15.002..15.003 rows=1 loops=1)
   ->  Limit  (cost=0.00..23.19 rows=10 width=8) (actual time=0.660..14.976 rows=10 loops=1)
         ->  Seq Scan on files  (cost=0.00..1075530.95 rows=463753 width=8) (actual time=0.659..14.970 rows=10 loops=1)
               Filter: (contents ~ 'error'::text)
               Rows Removed by Filter: 44
 Planning Time: 28.041 ms
 Execution Time: 15.033 ms
(7 rows)

Time: 44.398 ms
TIME:14:07:31
query: EXPLAIN ANALYZE select count(id) from (select id from files where contents ~ 'error' limit 10) as e;
Timing is on.
                                                       QUERY PLAN                                                       
------------------------------------------------------------------------------------------------------------------------
 Aggregate  (cost=23.32..23.33 rows=1 width=8) (actual time=15.319..15.320 rows=1 loops=1)
   ->  Limit  (cost=0.00..23.19 rows=10 width=8) (actual time=0.763..15.308 rows=10 loops=1)
         ->  Seq Scan on files  (cost=0.00..1075530.95 rows=463753 width=8) (actual time=0.762..15.302 rows=10 loops=1)
               Filter: (contents ~ 'error'::text)
               Rows Removed by Filter: 44
 Planning Time: 29.416 ms
 Execution Time: 15.351 ms
(7 rows)

Time: 46.202 ms
TIME:14:07:31
query: EXPLAIN ANALYZE select count(id) from (select id from files where contents ~ 'error' limit 10) as e;
Timing is on.
                                                       QUERY PLAN                                                       
------------------------------------------------------------------------------------------------------------------------
 Aggregate  (cost=23.32..23.33 rows=1 width=8) (actual time=15.264..15.266 rows=1 loops=1)
   ->  Limit  (cost=0.00..23.19 rows=10 width=8) (actual time=0.553..15.251 rows=10 loops=1)
         ->  Seq Scan on files  (cost=0.00..1075530.95 rows=463753 width=8) (actual time=0.552..15.244 rows=10 loops=1)
               Filter: (contents ~ 'error'::text)
               Rows Removed by Filter: 44
 Planning Time: 30.352 ms
 Execution Time: 15.316 ms
(7 rows)

Time: 47.117 ms
TIME:14:07:32
query: EXPLAIN ANALYZE select count(id) from (select id from files where contents ~ 'error' limit 10) as e;
Timing is on.
                                                       QUERY PLAN                                                       
------------------------------------------------------------------------------------------------------------------------
 Aggregate  (cost=23.32..23.33 rows=1 width=8) (actual time=14.262..14.263 rows=1 loops=1)
   ->  Limit  (cost=0.00..23.19 rows=10 width=8) (actual time=0.607..14.252 rows=10 loops=1)
         ->  Seq Scan on files  (cost=0.00..1075530.95 rows=463753 width=8) (actual time=0.605..14.231 rows=10 loops=1)
               Filter: (contents ~ 'error'::text)
               Rows Removed by Filter: 44
 Planning Time: 27.668 ms
 Execution Time: 14.326 ms
(7 rows)

Time: 43.245 ms
TIME:14:07:32
query: EXPLAIN ANALYZE select count(id) from (select id from files where contents ~ 'error' limit 10) as e;
Timing is on.
                                                       QUERY PLAN                                                       
------------------------------------------------------------------------------------------------------------------------
 Aggregate  (cost=23.32..23.33 rows=1 width=8) (actual time=14.735..14.736 rows=1 loops=1)
   ->  Limit  (cost=0.00..23.19 rows=10 width=8) (actual time=0.762..14.703 rows=10 loops=1)
         ->  Seq Scan on files  (cost=0.00..1075530.95 rows=463753 width=8) (actual time=0.761..14.697 rows=10 loops=1)
               Filter: (contents ~ 'error'::text)
               Rows Removed by Filter: 44
 Planning Time: 28.908 ms
 Execution Time: 14.765 ms
(7 rows)

Time: 44.928 ms
TIME:14:07:32
query: EXPLAIN ANALYZE select count(id) from (select id from files where contents ~ 'error' limit 10) as e;
Timing is on.
                                                       QUERY PLAN                                                       
------------------------------------------------------------------------------------------------------------------------
 Aggregate  (cost=23.32..23.33 rows=1 width=8) (actual time=16.122..16.123 rows=1 loops=1)
   ->  Limit  (cost=0.00..23.19 rows=10 width=8) (actual time=0.722..16.110 rows=10 loops=1)
         ->  Seq Scan on files  (cost=0.00..1075530.95 rows=463753 width=8) (actual time=0.721..16.104 rows=10 loops=1)
               Filter: (contents ~ 'error'::text)
               Rows Removed by Filter: 44
 Planning Time: 30.623 ms
 Execution Time: 16.173 ms
(7 rows)

Time: 48.232 ms
limit 10: 'fmt\.Error'
TIME:14:07:33
query: EXPLAIN ANALYZE select count(id) from (select id from files where contents ~ 'fmt\.Error' limit 10) as e;
Timing is on.
                                                                        QUERY PLAN                                                                         
-----------------------------------------------------------------------------------------------------------------------------------------------------------
 Aggregate  (cost=215.15..215.16 rows=1 width=8) (actual time=1936.045..1936.046 rows=1 loops=1)
   ->  Limit  (cost=204.15..215.02 rows=10 width=8) (actual time=1419.061..1936.032 rows=10 loops=1)
         ->  Bitmap Heap Scan on files  (cost=204.15..21133.72 rows=19245 width=8) (actual time=1419.060..1936.024 rows=10 loops=1)
               Recheck Cond: (contents ~ 'fmt\.Error'::text)
               Rows Removed by Index Recheck: 671
               Heap Blocks: exact=424
               ->  Bitmap Index Scan on files_contents_trgm_idx  (cost=0.00..199.33 rows=19245 width=0) (actual time=991.260..991.260 rows=284024 loops=1)
                     Index Cond: (contents ~ 'fmt\.Error'::text)
 Planning Time: 27.754 ms
 Execution Time: 1941.238 ms
(10 rows)

Time: 1970.585 ms (00:01.971)
TIME:14:07:35
query: EXPLAIN ANALYZE select count(id) from (select id from files where contents ~ 'fmt\.Error' limit 10) as e;
Timing is on.
                                                                        QUERY PLAN                                                                         
-----------------------------------------------------------------------------------------------------------------------------------------------------------
 Aggregate  (cost=215.15..215.16 rows=1 width=8) (actual time=681.139..681.140 rows=1 loops=1)
   ->  Limit  (cost=204.15..215.02 rows=10 width=8) (actual time=401.497..681.127 rows=10 loops=1)
         ->  Bitmap Heap Scan on files  (cost=204.15..21133.72 rows=19245 width=8) (actual time=401.495..681.120 rows=10 loops=1)
               Recheck Cond: (contents ~ 'fmt\.Error'::text)
               Rows Removed by Index Recheck: 671
               Heap Blocks: exact=424
               ->  Bitmap Index Scan on files_contents_trgm_idx  (cost=0.00..199.33 rows=19245 width=0) (actual time=208.542..208.543 rows=284024 loops=1)
                     Index Cond: (contents ~ 'fmt\.Error'::text)
 Planning Time: 45.114 ms
 Execution Time: 684.402 ms
(10 rows)

Time: 731.247 ms
TIME:14:07:36
query: EXPLAIN ANALYZE select count(id) from (select id from files where contents ~ 'fmt\.Error' limit 10) as e;
Timing is on.
                                                                        QUERY PLAN                                                                         
-----------------------------------------------------------------------------------------------------------------------------------------------------------
 Aggregate  (cost=215.15..215.16 rows=1 width=8) (actual time=665.362..665.363 rows=1 loops=1)
   ->  Limit  (cost=204.15..215.02 rows=10 width=8) (actual time=389.062..665.351 rows=10 loops=1)
         ->  Bitmap Heap Scan on files  (cost=204.15..21133.72 rows=19245 width=8) (actual time=389.061..665.345 rows=10 loops=1)
               Recheck Cond: (contents ~ 'fmt\.Error'::text)
               Rows Removed by Index Recheck: 671
               Heap Blocks: exact=424
               ->  Bitmap Index Scan on files_contents_trgm_idx  (cost=0.00..199.33 rows=19245 width=0) (actual time=197.203..197.204 rows=284024 loops=1)
                     Index Cond: (contents ~ 'fmt\.Error'::text)
 Planning Time: 31.194 ms
 Execution Time: 668.552 ms
(10 rows)

Time: 701.434 ms
TIME:14:07:37
query: EXPLAIN ANALYZE select count(id) from (select id from files where contents ~ 'fmt\.Error' limit 10) as e;
Timing is on.
                                                                        QUERY PLAN                                                                         
-----------------------------------------------------------------------------------------------------------------------------------------------------------
 Aggregate  (cost=215.15..215.16 rows=1 width=8) (actual time=679.895..679.897 rows=1 loops=1)
   ->  Limit  (cost=204.15..215.02 rows=10 width=8) (actual time=403.792..679.885 rows=10 loops=1)
         ->  Bitmap Heap Scan on files  (cost=204.15..21133.72 rows=19245 width=8) (actual time=403.791..679.874 rows=10 loops=1)
               Recheck Cond: (contents ~ 'fmt\.Error'::text)
               Rows Removed by Index Recheck: 671
               Heap Blocks: exact=424
               ->  Bitmap Index Scan on files_contents_trgm_idx  (cost=0.00..199.33 rows=19245 width=0) (actual time=200.344..200.344 rows=284024 loops=1)
                     Index Cond: (contents ~ 'fmt\.Error'::text)
 Planning Time: 28.703 ms
 Execution Time: 682.823 ms
(10 rows)

Time: 713.272 ms
TIME:14:07:38
query: EXPLAIN ANALYZE select count(id) from (select id from files where contents ~ 'fmt\.Error' limit 10) as e;
Timing is on.
                                                                        QUERY PLAN                                                                         
-----------------------------------------------------------------------------------------------------------------------------------------------------------
 Aggregate  (cost=215.15..215.16 rows=1 width=8) (actual time=671.030..671.031 rows=1 loops=1)
   ->  Limit  (cost=204.15..215.02 rows=10 width=8) (actual time=400.952..671.019 rows=10 loops=1)
         ->  Bitmap Heap Scan on files  (cost=204.15..21133.72 rows=19245 width=8) (actual time=400.951..671.012 rows=10 loops=1)
               Recheck Cond: (contents ~ 'fmt\.Error'::text)
               Rows Removed by Index Recheck: 671
               Heap Blocks: exact=424
               ->  Bitmap Index Scan on files_contents_trgm_idx  (cost=0.00..199.33 rows=19245 width=0) (actual time=204.138..204.139 rows=284024 loops=1)
                     Index Cond: (contents ~ 'fmt\.Error'::text)
 Planning Time: 29.062 ms
 Execution Time: 674.005 ms
(10 rows)

Time: 704.687 ms
TIME:14:07:38
query: EXPLAIN ANALYZE select count(id) from (select id from files where contents ~ 'fmt\.Error' limit 10) as e;
Timing is on.
                                                                        QUERY PLAN                                                                         
-----------------------------------------------------------------------------------------------------------------------------------------------------------
 Aggregate  (cost=215.15..215.16 rows=1 width=8) (actual time=674.378..674.379 rows=1 loops=1)
   ->  Limit  (cost=204.15..215.02 rows=10 width=8) (actual time=393.786..674.343 rows=10 loops=1)
         ->  Bitmap Heap Scan on files  (cost=204.15..21133.72 rows=19245 width=8) (actual time=393.785..674.336 rows=10 loops=1)
               Recheck Cond: (contents ~ 'fmt\.Error'::text)
               Rows Removed by Index Recheck: 671
               Heap Blocks: exact=424
               ->  Bitmap Index Scan on files_contents_trgm_idx  (cost=0.00..199.33 rows=19245 width=0) (actual time=200.867..200.867 rows=284024 loops=1)
                     Index Cond: (contents ~ 'fmt\.Error'::text)
 Planning Time: 30.641 ms
 Execution Time: 677.234 ms
(10 rows)

Time: 709.378 ms
TIME:14:07:39
query: EXPLAIN ANALYZE select count(id) from (select id from files where contents ~ 'fmt\.Error' limit 10) as e;
Timing is on.
                                                                        QUERY PLAN                                                                         
-----------------------------------------------------------------------------------------------------------------------------------------------------------
 Aggregate  (cost=215.15..215.16 rows=1 width=8) (actual time=667.276..667.277 rows=1 loops=1)
   ->  Limit  (cost=204.15..215.02 rows=10 width=8) (actual time=383.870..667.265 rows=10 loops=1)
         ->  Bitmap Heap Scan on files  (cost=204.15..21133.72 rows=19245 width=8) (actual time=383.868..667.258 rows=10 loops=1)
               Recheck Cond: (contents ~ 'fmt\.Error'::text)
               Rows Removed by Index Recheck: 671
               Heap Blocks: exact=424
               ->  Bitmap Index Scan on files_contents_trgm_idx  (cost=0.00..199.33 rows=19245 width=0) (actual time=191.515..191.516 rows=284024 loops=1)
                     Index Cond: (contents ~ 'fmt\.Error'::text)
 Planning Time: 29.220 ms
 Execution Time: 670.661 ms
(10 rows)

Time: 701.442 ms
TIME:14:07:40
query: EXPLAIN ANALYZE select count(id) from (select id from files where contents ~ 'fmt\.Error' limit 10) as e;
Timing is on.
                                                                        QUERY PLAN                                                                         
-----------------------------------------------------------------------------------------------------------------------------------------------------------
 Aggregate  (cost=215.15..215.16 rows=1 width=8) (actual time=692.094..692.095 rows=1 loops=1)
   ->  Limit  (cost=204.15..215.02 rows=10 width=8) (actual time=410.466..692.081 rows=10 loops=1)
         ->  Bitmap Heap Scan on files  (cost=204.15..21133.72 rows=19245 width=8) (actual time=410.465..692.074 rows=10 loops=1)
               Recheck Cond: (contents ~ 'fmt\.Error'::text)
               Rows Removed by Index Recheck: 671
               Heap Blocks: exact=424
               ->  Bitmap Index Scan on files_contents_trgm_idx  (cost=0.00..199.33 rows=19245 width=0) (actual time=197.771..197.772 rows=284024 loops=1)
                     Index Cond: (contents ~ 'fmt\.Error'::text)
 Planning Time: 29.085 ms
 Execution Time: 694.987 ms
(10 rows)

Time: 725.515 ms
TIME:14:07:41
query: EXPLAIN ANALYZE select count(id) from (select id from files where contents ~ 'fmt\.Error' limit 10) as e;
Timing is on.
                                                                        QUERY PLAN                                                                         
-----------------------------------------------------------------------------------------------------------------------------------------------------------
 Aggregate  (cost=215.15..215.16 rows=1 width=8) (actual time=679.717..679.718 rows=1 loops=1)
   ->  Limit  (cost=204.15..215.02 rows=10 width=8) (actual time=390.036..679.706 rows=10 loops=1)
         ->  Bitmap Heap Scan on files  (cost=204.15..21133.72 rows=19245 width=8) (actual time=390.035..679.699 rows=10 loops=1)
               Recheck Cond: (contents ~ 'fmt\.Error'::text)
               Rows Removed by Index Recheck: 671
               Heap Blocks: exact=424
               ->  Bitmap Index Scan on files_contents_trgm_idx  (cost=0.00..199.33 rows=19245 width=0) (actual time=193.517..193.517 rows=284024 loops=1)
                     Index Cond: (contents ~ 'fmt\.Error'::text)
 Planning Time: 29.093 ms
 Execution Time: 682.724 ms
(10 rows)

Time: 713.153 ms
TIME:14:07:42
query: EXPLAIN ANALYZE select count(id) from (select id from files where contents ~ 'fmt\.Error' limit 10) as e;
Timing is on.
                                                                        QUERY PLAN                                                                         
-----------------------------------------------------------------------------------------------------------------------------------------------------------
 Aggregate  (cost=215.15..215.16 rows=1 width=8) (actual time=681.866..681.881 rows=1 loops=1)
   ->  Limit  (cost=204.15..215.02 rows=10 width=8) (actual time=383.262..681.868 rows=10 loops=1)
         ->  Bitmap Heap Scan on files  (cost=204.15..21133.72 rows=19245 width=8) (actual time=383.261..681.847 rows=10 loops=1)
               Recheck Cond: (contents ~ 'fmt\.Error'::text)
               Rows Removed by Index Recheck: 671
               Heap Blocks: exact=424
               ->  Bitmap Index Scan on files_contents_trgm_idx  (cost=0.00..199.33 rows=19245 width=0) (actual time=191.373..191.373 rows=284024 loops=1)
                     Index Cond: (contents ~ 'fmt\.Error'::text)
 Planning Time: 29.168 ms
 Execution Time: 684.960 ms
(10 rows)

Time: 715.489 ms
TIME:14:07:43
query: EXPLAIN ANALYZE select count(id) from (select id from files where contents ~ 'fmt\.Error' limit 10) as e;
Timing is on.
                                                                        QUERY PLAN                                                                         
-----------------------------------------------------------------------------------------------------------------------------------------------------------
 Aggregate  (cost=215.15..215.16 rows=1 width=8) (actual time=671.292..671.293 rows=1 loops=1)
   ->  Limit  (cost=204.15..215.02 rows=10 width=8) (actual time=396.092..671.282 rows=10 loops=1)
         ->  Bitmap Heap Scan on files  (cost=204.15..21133.72 rows=19245 width=8) (actual time=396.090..671.275 rows=10 loops=1)
               Recheck Cond: (contents ~ 'fmt\.Error'::text)
               Rows Removed by Index Recheck: 671
               Heap Blocks: exact=424
               ->  Bitmap Index Scan on files_contents_trgm_idx  (cost=0.00..199.33 rows=19245 width=0) (actual time=197.511..197.511 rows=284024 loops=1)
                     Index Cond: (contents ~ 'fmt\.Error'::text)
 Planning Time: 31.003 ms
 Execution Time: 674.411 ms
(10 rows)

Time: 706.912 ms
TIME:14:07:44
query: EXPLAIN ANALYZE select count(id) from (select id from files where contents ~ 'fmt\.Error' limit 10) as e;
Timing is on.
                                                                        QUERY PLAN                                                                         
-----------------------------------------------------------------------------------------------------------------------------------------------------------
 Aggregate  (cost=215.15..215.16 rows=1 width=8) (actual time=692.042..692.043 rows=1 loops=1)
   ->  Limit  (cost=204.15..215.02 rows=10 width=8) (actual time=403.395..692.031 rows=10 loops=1)
         ->  Bitmap Heap Scan on files  (cost=204.15..21133.72 rows=19245 width=8) (actual time=403.393..692.025 rows=10 loops=1)
               Recheck Cond: (contents ~ 'fmt\.Error'::text)
               Rows Removed by Index Recheck: 671
               Heap Blocks: exact=424
               ->  Bitmap Index Scan on files_contents_trgm_idx  (cost=0.00..199.33 rows=19245 width=0) (actual time=190.615..190.616 rows=284024 loops=1)
                     Index Cond: (contents ~ 'fmt\.Error'::text)
 Planning Time: 29.371 ms
 Execution Time: 695.037 ms
(10 rows)

Time: 725.792 ms
TIME:14:07:45
query: EXPLAIN ANALYZE select count(id) from (select id from files where contents ~ 'fmt\.Error' limit 10) as e;
Timing is on.
                                                                        QUERY PLAN                                                                         
-----------------------------------------------------------------------------------------------------------------------------------------------------------
 Aggregate  (cost=215.15..215.16 rows=1 width=8) (actual time=681.392..681.393 rows=1 loops=1)
   ->  Limit  (cost=204.15..215.02 rows=10 width=8) (actual time=396.558..681.376 rows=10 loops=1)
         ->  Bitmap Heap Scan on files  (cost=204.15..21133.72 rows=19245 width=8) (actual time=396.556..681.369 rows=10 loops=1)
               Recheck Cond: (contents ~ 'fmt\.Error'::text)
               Rows Removed by Index Recheck: 671
               Heap Blocks: exact=424
               ->  Bitmap Index Scan on files_contents_trgm_idx  (cost=0.00..199.33 rows=19245 width=0) (actual time=191.523..191.523 rows=284024 loops=1)
                     Index Cond: (contents ~ 'fmt\.Error'::text)
 Planning Time: 29.337 ms
 Execution Time: 684.490 ms
(10 rows)

Time: 715.522 ms
TIME:14:07:46
query: EXPLAIN ANALYZE select count(id) from (select id from files where contents ~ 'fmt\.Error' limit 10) as e;
Timing is on.
                                                                        QUERY PLAN                                                                         
-----------------------------------------------------------------------------------------------------------------------------------------------------------
 Aggregate  (cost=215.15..215.16 rows=1 width=8) (actual time=675.285..675.287 rows=1 loops=1)
   ->  Limit  (cost=204.15..215.02 rows=10 width=8) (actual time=391.563..675.274 rows=10 loops=1)
         ->  Bitmap Heap Scan on files  (cost=204.15..21133.72 rows=19245 width=8) (actual time=391.562..675.267 rows=10 loops=1)
               Recheck Cond: (contents ~ 'fmt\.Error'::text)
               Rows Removed by Index Recheck: 671
               Heap Blocks: exact=424
               ->  Bitmap Index Scan on files_contents_trgm_idx  (cost=0.00..199.33 rows=19245 width=0) (actual time=202.447..202.448 rows=284024 loops=1)
                     Index Cond: (contents ~ 'fmt\.Error'::text)
 Planning Time: 30.978 ms
 Execution Time: 678.340 ms
(10 rows)

Time: 710.750 ms
TIME:14:07:47
query: EXPLAIN ANALYZE select count(id) from (select id from files where contents ~ 'fmt\.Error' limit 10) as e;
Timing is on.
                                                                        QUERY PLAN                                                                         
-----------------------------------------------------------------------------------------------------------------------------------------------------------
 Aggregate  (cost=215.15..215.16 rows=1 width=8) (actual time=709.844..709.845 rows=1 loops=1)
   ->  Limit  (cost=204.15..215.02 rows=10 width=8) (actual time=415.128..709.831 rows=10 loops=1)
         ->  Bitmap Heap Scan on files  (cost=204.15..21133.72 rows=19245 width=8) (actual time=415.126..709.824 rows=10 loops=1)
               Recheck Cond: (contents ~ 'fmt\.Error'::text)
               Rows Removed by Index Recheck: 671
               Heap Blocks: exact=424
               ->  Bitmap Index Scan on files_contents_trgm_idx  (cost=0.00..199.33 rows=19245 width=0) (actual time=214.999..215.000 rows=284024 loops=1)
                     Index Cond: (contents ~ 'fmt\.Error'::text)
 Planning Time: 29.589 ms
 Execution Time: 712.929 ms
(10 rows)

Time: 744.082 ms
TIME:14:07:48
query: EXPLAIN ANALYZE select count(id) from (select id from files where contents ~ 'fmt\.Error' limit 10) as e;
Timing is on.
                                                                        QUERY PLAN                                                                         
-----------------------------------------------------------------------------------------------------------------------------------------------------------
 Aggregate  (cost=215.15..215.16 rows=1 width=8) (actual time=690.969..690.972 rows=1 loops=1)
   ->  Limit  (cost=204.15..215.02 rows=10 width=8) (actual time=406.761..690.932 rows=10 loops=1)
         ->  Bitmap Heap Scan on files  (cost=204.15..21133.72 rows=19245 width=8) (actual time=406.759..690.925 rows=10 loops=1)
               Recheck Cond: (contents ~ 'fmt\.Error'::text)
               Rows Removed by Index Recheck: 671
               Heap Blocks: exact=424
               ->  Bitmap Index Scan on files_contents_trgm_idx  (cost=0.00..199.33 rows=19245 width=0) (actual time=204.063..204.064 rows=284024 loops=1)
                     Index Cond: (contents ~ 'fmt\.Error'::text)
 Planning Time: 30.021 ms
 Execution Time: 694.420 ms
(10 rows)

Time: 726.093 ms
TIME:14:07:49
query: EXPLAIN ANALYZE select count(id) from (select id from files where contents ~ 'fmt\.Error' limit 10) as e;
Timing is on.
                                                                        QUERY PLAN                                                                         
-----------------------------------------------------------------------------------------------------------------------------------------------------------
 Aggregate  (cost=215.15..215.16 rows=1 width=8) (actual time=680.861..680.863 rows=1 loops=1)
   ->  Limit  (cost=204.15..215.02 rows=10 width=8) (actual time=402.616..680.850 rows=10 loops=1)
         ->  Bitmap Heap Scan on files  (cost=204.15..21133.72 rows=19245 width=8) (actual time=402.615..680.844 rows=10 loops=1)
               Recheck Cond: (contents ~ 'fmt\.Error'::text)
               Rows Removed by Index Recheck: 671
               Heap Blocks: exact=424
               ->  Bitmap Index Scan on files_contents_trgm_idx  (cost=0.00..199.33 rows=19245 width=0) (actual time=205.128..205.128 rows=284024 loops=1)
                     Index Cond: (contents ~ 'fmt\.Error'::text)
 Planning Time: 30.149 ms
 Execution Time: 684.066 ms
(10 rows)

Time: 715.599 ms
TIME:14:07:50
query: EXPLAIN ANALYZE select count(id) from (select id from files where contents ~ 'fmt\.Error' limit 10) as e;
Timing is on.
                                                                        QUERY PLAN                                                                         
-----------------------------------------------------------------------------------------------------------------------------------------------------------
 Aggregate  (cost=215.15..215.16 rows=1 width=8) (actual time=666.778..666.780 rows=1 loops=1)
   ->  Limit  (cost=204.15..215.02 rows=10 width=8) (actual time=387.634..666.751 rows=10 loops=1)
         ->  Bitmap Heap Scan on files  (cost=204.15..21133.72 rows=19245 width=8) (actual time=387.633..666.744 rows=10 loops=1)
               Recheck Cond: (contents ~ 'fmt\.Error'::text)
               Rows Removed by Index Recheck: 671
               Heap Blocks: exact=424
               ->  Bitmap Index Scan on files_contents_trgm_idx  (cost=0.00..199.33 rows=19245 width=0) (actual time=191.679..191.680 rows=284024 loops=1)
                     Index Cond: (contents ~ 'fmt\.Error'::text)
 Planning Time: 31.013 ms
 Execution Time: 669.903 ms
(10 rows)

Time: 702.474 ms
TIME:14:07:51
query: EXPLAIN ANALYZE select count(id) from (select id from files where contents ~ 'fmt\.Error' limit 10) as e;
Timing is on.
                                                                        QUERY PLAN                                                                         
-----------------------------------------------------------------------------------------------------------------------------------------------------------
 Aggregate  (cost=215.15..215.16 rows=1 width=8) (actual time=683.102..683.103 rows=1 loops=1)
   ->  Limit  (cost=204.15..215.02 rows=10 width=8) (actual time=405.922..683.090 rows=10 loops=1)
         ->  Bitmap Heap Scan on files  (cost=204.15..21133.72 rows=19245 width=8) (actual time=405.921..683.084 rows=10 loops=1)
               Recheck Cond: (contents ~ 'fmt\.Error'::text)
               Rows Removed by Index Recheck: 671
               Heap Blocks: exact=424
               ->  Bitmap Index Scan on files_contents_trgm_idx  (cost=0.00..199.33 rows=19245 width=0) (actual time=212.589..212.589 rows=284024 loops=1)
                     Index Cond: (contents ~ 'fmt\.Error'::text)
 Planning Time: 33.530 ms
 Execution Time: 686.086 ms
(10 rows)

Time: 721.010 ms
TIME:14:07:52
query: EXPLAIN ANALYZE select count(id) from (select id from files where contents ~ 'fmt\.Error' limit 10) as e;
Timing is on.
                                                                        QUERY PLAN                                                                         
-----------------------------------------------------------------------------------------------------------------------------------------------------------
 Aggregate  (cost=215.15..215.16 rows=1 width=8) (actual time=666.421..666.422 rows=1 loops=1)
   ->  Limit  (cost=204.15..215.02 rows=10 width=8) (actual time=383.470..666.406 rows=10 loops=1)
         ->  Bitmap Heap Scan on files  (cost=204.15..21133.72 rows=19245 width=8) (actual time=383.469..666.399 rows=10 loops=1)
               Recheck Cond: (contents ~ 'fmt\.Error'::text)
               Rows Removed by Index Recheck: 671
               Heap Blocks: exact=424
               ->  Bitmap Index Scan on files_contents_trgm_idx  (cost=0.00..199.33 rows=19245 width=0) (actual time=193.826..193.827 rows=284024 loops=1)
                     Index Cond: (contents ~ 'fmt\.Error'::text)
 Planning Time: 29.618 ms
 Execution Time: 669.574 ms
(10 rows)

Time: 700.674 ms
TIME:14:07:53
query: EXPLAIN ANALYZE select count(id) from (select id from files where contents ~ 'fmt\.Error' limit 10) as e;
Timing is on.
                                                                        QUERY PLAN                                                                         
-----------------------------------------------------------------------------------------------------------------------------------------------------------
 Aggregate  (cost=215.15..215.16 rows=1 width=8) (actual time=686.258..686.259 rows=1 loops=1)
   ->  Limit  (cost=204.15..215.02 rows=10 width=8) (actual time=391.215..686.246 rows=10 loops=1)
         ->  Bitmap Heap Scan on files  (cost=204.15..21133.72 rows=19245 width=8) (actual time=391.214..686.239 rows=10 loops=1)
               Recheck Cond: (contents ~ 'fmt\.Error'::text)
               Rows Removed by Index Recheck: 671
               Heap Blocks: exact=424
               ->  Bitmap Index Scan on files_contents_trgm_idx  (cost=0.00..199.33 rows=19245 width=0) (actual time=195.711..195.712 rows=284024 loops=1)
                     Index Cond: (contents ~ 'fmt\.Error'::text)
 Planning Time: 30.950 ms
 Execution Time: 689.225 ms
(10 rows)

Time: 721.830 ms
TIME:14:07:53
query: EXPLAIN ANALYZE select count(id) from (select id from files where contents ~ 'fmt\.Error' limit 10) as e;
Timing is on.
                                                                        QUERY PLAN                                                                         
-----------------------------------------------------------------------------------------------------------------------------------------------------------
 Aggregate  (cost=215.15..215.16 rows=1 width=8) (actual time=677.747..677.748 rows=1 loops=1)
   ->  Limit  (cost=204.15..215.02 rows=10 width=8) (actual time=397.776..677.722 rows=10 loops=1)
         ->  Bitmap Heap Scan on files  (cost=204.15..21133.72 rows=19245 width=8) (actual time=397.774..677.716 rows=10 loops=1)
               Recheck Cond: (contents ~ 'fmt\.Error'::text)
               Rows Removed by Index Recheck: 671
               Heap Blocks: exact=424
               ->  Bitmap Index Scan on files_contents_trgm_idx  (cost=0.00..199.33 rows=19245 width=0) (actual time=200.214..200.214 rows=284024 loops=1)
                     Index Cond: (contents ~ 'fmt\.Error'::text)
 Planning Time: 30.151 ms
 Execution Time: 680.578 ms
(10 rows)

Time: 712.064 ms
TIME:14:07:54
query: EXPLAIN ANALYZE select count(id) from (select id from files where contents ~ 'fmt\.Error' limit 10) as e;
Timing is on.
                                                                        QUERY PLAN                                                                         
-----------------------------------------------------------------------------------------------------------------------------------------------------------
 Aggregate  (cost=215.15..215.16 rows=1 width=8) (actual time=674.466..674.468 rows=1 loops=1)
   ->  Limit  (cost=204.15..215.02 rows=10 width=8) (actual time=390.260..674.456 rows=10 loops=1)
         ->  Bitmap Heap Scan on files  (cost=204.15..21133.72 rows=19245 width=8) (actual time=390.258..674.448 rows=10 loops=1)
               Recheck Cond: (contents ~ 'fmt\.Error'::text)
               Rows Removed by Index Recheck: 671
               Heap Blocks: exact=424
               ->  Bitmap Index Scan on files_contents_trgm_idx  (cost=0.00..199.33 rows=19245 width=0) (actual time=198.752..198.752 rows=284024 loops=1)
                     Index Cond: (contents ~ 'fmt\.Error'::text)
 Planning Time: 33.103 ms
 Execution Time: 677.622 ms
(10 rows)

Time: 712.275 ms
TIME:14:07:55
query: EXPLAIN ANALYZE select count(id) from (select id from files where contents ~ 'fmt\.Error' limit 10) as e;
Timing is on.
                                                                        QUERY PLAN                                                                         
-----------------------------------------------------------------------------------------------------------------------------------------------------------
 Aggregate  (cost=215.15..215.16 rows=1 width=8) (actual time=685.517..685.520 rows=1 loops=1)
   ->  Limit  (cost=204.15..215.02 rows=10 width=8) (actual time=398.596..685.465 rows=10 loops=1)
         ->  Bitmap Heap Scan on files  (cost=204.15..21133.72 rows=19245 width=8) (actual time=398.595..685.457 rows=10 loops=1)
               Recheck Cond: (contents ~ 'fmt\.Error'::text)
               Rows Removed by Index Recheck: 671
               Heap Blocks: exact=424
               ->  Bitmap Index Scan on files_contents_trgm_idx  (cost=0.00..199.33 rows=19245 width=0) (actual time=194.417..194.418 rows=284024 loops=1)
                     Index Cond: (contents ~ 'fmt\.Error'::text)
 Planning Time: 29.239 ms
 Execution Time: 688.846 ms
(10 rows)

Time: 719.723 ms
TIME:14:07:56
query: EXPLAIN ANALYZE select count(id) from (select id from files where contents ~ 'fmt\.Error' limit 10) as e;
Timing is on.
                                                                        QUERY PLAN                                                                         
-----------------------------------------------------------------------------------------------------------------------------------------------------------
 Aggregate  (cost=215.15..215.16 rows=1 width=8) (actual time=678.833..678.834 rows=1 loops=1)
   ->  Limit  (cost=204.15..215.02 rows=10 width=8) (actual time=397.568..678.822 rows=10 loops=1)
         ->  Bitmap Heap Scan on files  (cost=204.15..21133.72 rows=19245 width=8) (actual time=397.566..678.816 rows=10 loops=1)
               Recheck Cond: (contents ~ 'fmt\.Error'::text)
               Rows Removed by Index Recheck: 671
               Heap Blocks: exact=424
               ->  Bitmap Index Scan on files_contents_trgm_idx  (cost=0.00..199.33 rows=19245 width=0) (actual time=202.344..202.344 rows=284024 loops=1)
                     Index Cond: (contents ~ 'fmt\.Error'::text)
 Planning Time: 29.818 ms
 Execution Time: 681.783 ms
(10 rows)

Time: 713.231 ms
TIME:14:07:57
query: EXPLAIN ANALYZE select count(id) from (select id from files where contents ~ 'fmt\.Error' limit 10) as e;
Timing is on.
                                                                        QUERY PLAN                                                                         
-----------------------------------------------------------------------------------------------------------------------------------------------------------
 Aggregate  (cost=215.15..215.16 rows=1 width=8) (actual time=664.263..664.264 rows=1 loops=1)
   ->  Limit  (cost=204.15..215.02 rows=10 width=8) (actual time=385.338..664.238 rows=10 loops=1)
         ->  Bitmap Heap Scan on files  (cost=204.15..21133.72 rows=19245 width=8) (actual time=385.337..664.232 rows=10 loops=1)
               Recheck Cond: (contents ~ 'fmt\.Error'::text)
               Rows Removed by Index Recheck: 671
               Heap Blocks: exact=424
               ->  Bitmap Index Scan on files_contents_trgm_idx  (cost=0.00..199.33 rows=19245 width=0) (actual time=189.930..189.931 rows=284024 loops=1)
                     Index Cond: (contents ~ 'fmt\.Error'::text)
 Planning Time: 29.251 ms
 Execution Time: 667.160 ms
(10 rows)

Time: 697.828 ms
TIME:14:07:58
query: EXPLAIN ANALYZE select count(id) from (select id from files where contents ~ 'fmt\.Error' limit 10) as e;
Timing is on.
                                                                        QUERY PLAN                                                                         
-----------------------------------------------------------------------------------------------------------------------------------------------------------
 Aggregate  (cost=215.15..215.16 rows=1 width=8) (actual time=713.474..713.476 rows=1 loops=1)
   ->  Limit  (cost=204.15..215.02 rows=10 width=8) (actual time=407.184..713.462 rows=10 loops=1)
         ->  Bitmap Heap Scan on files  (cost=204.15..21133.72 rows=19245 width=8) (actual time=407.183..713.456 rows=10 loops=1)
               Recheck Cond: (contents ~ 'fmt\.Error'::text)
               Rows Removed by Index Recheck: 671
               Heap Blocks: exact=424
               ->  Bitmap Index Scan on files_contents_trgm_idx  (cost=0.00..199.33 rows=19245 width=0) (actual time=207.801..207.801 rows=284024 loops=1)
                     Index Cond: (contents ~ 'fmt\.Error'::text)
 Planning Time: 29.018 ms
 Execution Time: 716.411 ms
(10 rows)

Time: 746.809 ms
TIME:14:07:59
query: EXPLAIN ANALYZE select count(id) from (select id from files where contents ~ 'fmt\.Error' limit 10) as e;
Timing is on.
                                                                        QUERY PLAN                                                                         
-----------------------------------------------------------------------------------------------------------------------------------------------------------
 Aggregate  (cost=215.15..215.16 rows=1 width=8) (actual time=671.975..671.976 rows=1 loops=1)
   ->  Limit  (cost=204.15..215.02 rows=10 width=8) (actual time=387.402..671.962 rows=10 loops=1)
         ->  Bitmap Heap Scan on files  (cost=204.15..21133.72 rows=19245 width=8) (actual time=387.400..671.956 rows=10 loops=1)
               Recheck Cond: (contents ~ 'fmt\.Error'::text)
               Rows Removed by Index Recheck: 671
               Heap Blocks: exact=424
               ->  Bitmap Index Scan on files_contents_trgm_idx  (cost=0.00..199.33 rows=19245 width=0) (actual time=193.224..193.225 rows=284024 loops=1)
                     Index Cond: (contents ~ 'fmt\.Error'::text)
 Planning Time: 31.435 ms
 Execution Time: 674.940 ms
(10 rows)

Time: 708.119 ms
TIME:14:08:00
query: EXPLAIN ANALYZE select count(id) from (select id from files where contents ~ 'fmt\.Error' limit 10) as e;
Timing is on.
                                                                        QUERY PLAN                                                                         
-----------------------------------------------------------------------------------------------------------------------------------------------------------
 Aggregate  (cost=215.15..215.16 rows=1 width=8) (actual time=683.927..683.932 rows=1 loops=1)
   ->  Limit  (cost=204.15..215.02 rows=10 width=8) (actual time=401.725..683.916 rows=10 loops=1)
         ->  Bitmap Heap Scan on files  (cost=204.15..21133.72 rows=19245 width=8) (actual time=401.723..683.910 rows=10 loops=1)
               Recheck Cond: (contents ~ 'fmt\.Error'::text)
               Rows Removed by Index Recheck: 671
               Heap Blocks: exact=424
               ->  Bitmap Index Scan on files_contents_trgm_idx  (cost=0.00..199.33 rows=19245 width=0) (actual time=203.344..203.344 rows=284024 loops=1)
                     Index Cond: (contents ~ 'fmt\.Error'::text)
 Planning Time: 29.591 ms
 Execution Time: 686.807 ms
(10 rows)

Time: 717.858 ms
TIME:14:08:01
query: EXPLAIN ANALYZE select count(id) from (select id from files where contents ~ 'fmt\.Error' limit 10) as e;
Timing is on.
                                                                        QUERY PLAN                                                                         
-----------------------------------------------------------------------------------------------------------------------------------------------------------
 Aggregate  (cost=215.15..215.16 rows=1 width=8) (actual time=696.167..696.168 rows=1 loops=1)
   ->  Limit  (cost=204.15..215.02 rows=10 width=8) (actual time=413.760..696.156 rows=10 loops=1)
         ->  Bitmap Heap Scan on files  (cost=204.15..21133.72 rows=19245 width=8) (actual time=413.758..696.150 rows=10 loops=1)
               Recheck Cond: (contents ~ 'fmt\.Error'::text)
               Rows Removed by Index Recheck: 671
               Heap Blocks: exact=424
               ->  Bitmap Index Scan on files_contents_trgm_idx  (cost=0.00..199.33 rows=19245 width=0) (actual time=198.539..198.540 rows=284024 loops=1)
                     Index Cond: (contents ~ 'fmt\.Error'::text)
 Planning Time: 28.969 ms
 Execution Time: 699.130 ms
(10 rows)

Time: 729.541 ms
TIME:14:08:02
query: EXPLAIN ANALYZE select count(id) from (select id from files where contents ~ 'fmt\.Error' limit 10) as e;
Timing is on.
                                                                        QUERY PLAN                                                                         
-----------------------------------------------------------------------------------------------------------------------------------------------------------
 Aggregate  (cost=215.15..215.16 rows=1 width=8) (actual time=681.908..681.910 rows=1 loops=1)
   ->  Limit  (cost=204.15..215.02 rows=10 width=8) (actual time=395.136..681.897 rows=10 loops=1)
         ->  Bitmap Heap Scan on files  (cost=204.15..21133.72 rows=19245 width=8) (actual time=395.135..681.890 rows=10 loops=1)
               Recheck Cond: (contents ~ 'fmt\.Error'::text)
               Rows Removed by Index Recheck: 671
               Heap Blocks: exact=424
               ->  Bitmap Index Scan on files_contents_trgm_idx  (cost=0.00..199.33 rows=19245 width=0) (actual time=200.990..200.990 rows=284024 loops=1)
                     Index Cond: (contents ~ 'fmt\.Error'::text)
 Planning Time: 29.487 ms
 Execution Time: 685.119 ms
(10 rows)

Time: 716.151 ms
TIME:14:08:03
query: EXPLAIN ANALYZE select count(id) from (select id from files where contents ~ 'fmt\.Error' limit 10) as e;
Timing is on.
                                                                        QUERY PLAN                                                                         
-----------------------------------------------------------------------------------------------------------------------------------------------------------
 Aggregate  (cost=215.15..215.16 rows=1 width=8) (actual time=673.660..673.661 rows=1 loops=1)
   ->  Limit  (cost=204.15..215.02 rows=10 width=8) (actual time=392.461..673.632 rows=10 loops=1)
         ->  Bitmap Heap Scan on files  (cost=204.15..21133.72 rows=19245 width=8) (actual time=392.460..673.626 rows=10 loops=1)
               Recheck Cond: (contents ~ 'fmt\.Error'::text)
               Rows Removed by Index Recheck: 671
               Heap Blocks: exact=424
               ->  Bitmap Index Scan on files_contents_trgm_idx  (cost=0.00..199.33 rows=19245 width=0) (actual time=201.478..201.479 rows=284024 loops=1)
                     Index Cond: (contents ~ 'fmt\.Error'::text)
 Planning Time: 28.907 ms
 Execution Time: 676.769 ms
(10 rows)

Time: 707.132 ms
TIME:14:08:04
query: EXPLAIN ANALYZE select count(id) from (select id from files where contents ~ 'fmt\.Error' limit 10) as e;
Timing is on.
                                                                        QUERY PLAN                                                                         
-----------------------------------------------------------------------------------------------------------------------------------------------------------
 Aggregate  (cost=215.15..215.16 rows=1 width=8) (actual time=702.750..702.751 rows=1 loops=1)
   ->  Limit  (cost=204.15..215.02 rows=10 width=8) (actual time=422.671..702.739 rows=10 loops=1)
         ->  Bitmap Heap Scan on files  (cost=204.15..21133.72 rows=19245 width=8) (actual time=422.654..702.717 rows=10 loops=1)
               Recheck Cond: (contents ~ 'fmt\.Error'::text)
               Rows Removed by Index Recheck: 671
               Heap Blocks: exact=424
               ->  Bitmap Index Scan on files_contents_trgm_idx  (cost=0.00..199.33 rows=19245 width=0) (actual time=219.307..219.307 rows=284024 loops=1)
                     Index Cond: (contents ~ 'fmt\.Error'::text)
 Planning Time: 29.082 ms
 Execution Time: 705.763 ms
(10 rows)

Time: 736.459 ms
TIME:14:08:05
query: EXPLAIN ANALYZE select count(id) from (select id from files where contents ~ 'fmt\.Error' limit 10) as e;
Timing is on.
                                                                        QUERY PLAN                                                                         
-----------------------------------------------------------------------------------------------------------------------------------------------------------
 Aggregate  (cost=215.15..215.16 rows=1 width=8) (actual time=668.525..668.527 rows=1 loops=1)
   ->  Limit  (cost=204.15..215.02 rows=10 width=8) (actual time=393.436..668.497 rows=10 loops=1)
         ->  Bitmap Heap Scan on files  (cost=204.15..21133.72 rows=19245 width=8) (actual time=393.434..668.491 rows=10 loops=1)
               Recheck Cond: (contents ~ 'fmt\.Error'::text)
               Rows Removed by Index Recheck: 671
               Heap Blocks: exact=424
               ->  Bitmap Index Scan on files_contents_trgm_idx  (cost=0.00..199.33 rows=19245 width=0) (actual time=197.102..197.103 rows=284024 loops=1)
                     Index Cond: (contents ~ 'fmt\.Error'::text)
 Planning Time: 30.127 ms
 Execution Time: 671.784 ms
(10 rows)

Time: 703.299 ms
TIME:14:08:06
query: EXPLAIN ANALYZE select count(id) from (select id from files where contents ~ 'fmt\.Error' limit 10) as e;
Timing is on.
                                                                        QUERY PLAN                                                                         
-----------------------------------------------------------------------------------------------------------------------------------------------------------
 Aggregate  (cost=215.15..215.16 rows=1 width=8) (actual time=678.439..678.440 rows=1 loops=1)
   ->  Limit  (cost=204.15..215.02 rows=10 width=8) (actual time=399.880..678.410 rows=10 loops=1)
         ->  Bitmap Heap Scan on files  (cost=204.15..21133.72 rows=19245 width=8) (actual time=399.878..678.403 rows=10 loops=1)
               Recheck Cond: (contents ~ 'fmt\.Error'::text)
               Rows Removed by Index Recheck: 671
               Heap Blocks: exact=424
               ->  Bitmap Index Scan on files_contents_trgm_idx  (cost=0.00..199.33 rows=19245 width=0) (actual time=203.652..203.652 rows=284024 loops=1)
                     Index Cond: (contents ~ 'fmt\.Error'::text)
 Planning Time: 33.421 ms
 Execution Time: 681.666 ms
(10 rows)

Time: 716.828 ms
TIME:14:08:07
query: EXPLAIN ANALYZE select count(id) from (select id from files where contents ~ 'fmt\.Error' limit 10) as e;
Timing is on.
                                                                        QUERY PLAN                                                                         
-----------------------------------------------------------------------------------------------------------------------------------------------------------
 Aggregate  (cost=215.15..215.16 rows=1 width=8) (actual time=691.267..691.269 rows=1 loops=1)
   ->  Limit  (cost=204.15..215.02 rows=10 width=8) (actual time=404.316..691.255 rows=10 loops=1)
         ->  Bitmap Heap Scan on files  (cost=204.15..21133.72 rows=19245 width=8) (actual time=404.315..691.249 rows=10 loops=1)
               Recheck Cond: (contents ~ 'fmt\.Error'::text)
               Rows Removed by Index Recheck: 671
               Heap Blocks: exact=424
               ->  Bitmap Index Scan on files_contents_trgm_idx  (cost=0.00..199.33 rows=19245 width=0) (actual time=210.011..210.011 rows=284024 loops=1)
                     Index Cond: (contents ~ 'fmt\.Error'::text)
 Planning Time: 34.956 ms
 Execution Time: 694.203 ms
(10 rows)

Time: 730.951 ms
TIME:14:08:08
query: EXPLAIN ANALYZE select count(id) from (select id from files where contents ~ 'fmt\.Error' limit 10) as e;
Timing is on.
                                                                        QUERY PLAN                                                                         
-----------------------------------------------------------------------------------------------------------------------------------------------------------
 Aggregate  (cost=215.15..215.16 rows=1 width=8) (actual time=688.573..688.574 rows=1 loops=1)
   ->  Limit  (cost=204.15..215.02 rows=10 width=8) (actual time=404.683..688.561 rows=10 loops=1)
         ->  Bitmap Heap Scan on files  (cost=204.15..21133.72 rows=19245 width=8) (actual time=404.681..688.555 rows=10 loops=1)
               Recheck Cond: (contents ~ 'fmt\.Error'::text)
               Rows Removed by Index Recheck: 671
               Heap Blocks: exact=424
               ->  Bitmap Index Scan on files_contents_trgm_idx  (cost=0.00..199.33 rows=19245 width=0) (actual time=210.149..210.150 rows=284024 loops=1)
                     Index Cond: (contents ~ 'fmt\.Error'::text)
 Planning Time: 29.557 ms
 Execution Time: 691.795 ms
(10 rows)

Time: 722.762 ms
TIME:14:08:08
query: EXPLAIN ANALYZE select count(id) from (select id from files where contents ~ 'fmt\.Error' limit 10) as e;
Timing is on.
                                                                        QUERY PLAN                                                                         
-----------------------------------------------------------------------------------------------------------------------------------------------------------
 Aggregate  (cost=215.15..215.16 rows=1 width=8) (actual time=675.978..675.979 rows=1 loops=1)
   ->  Limit  (cost=204.15..215.02 rows=10 width=8) (actual time=395.881..675.966 rows=10 loops=1)
         ->  Bitmap Heap Scan on files  (cost=204.15..21133.72 rows=19245 width=8) (actual time=395.879..675.959 rows=10 loops=1)
               Recheck Cond: (contents ~ 'fmt\.Error'::text)
               Rows Removed by Index Recheck: 671
               Heap Blocks: exact=424
               ->  Bitmap Index Scan on files_contents_trgm_idx  (cost=0.00..199.33 rows=19245 width=0) (actual time=199.508..199.508 rows=284024 loops=1)
                     Index Cond: (contents ~ 'fmt\.Error'::text)
 Planning Time: 29.289 ms
 Execution Time: 678.657 ms
(10 rows)

Time: 709.630 ms
TIME:14:08:09
query: EXPLAIN ANALYZE select count(id) from (select id from files where contents ~ 'fmt\.Error' limit 10) as e;
Timing is on.
                                                                        QUERY PLAN                                                                         
-----------------------------------------------------------------------------------------------------------------------------------------------------------
 Aggregate  (cost=215.15..215.16 rows=1 width=8) (actual time=667.279..667.280 rows=1 loops=1)
   ->  Limit  (cost=204.15..215.02 rows=10 width=8) (actual time=388.705..667.268 rows=10 loops=1)
         ->  Bitmap Heap Scan on files  (cost=204.15..21133.72 rows=19245 width=8) (actual time=388.703..667.261 rows=10 loops=1)
               Recheck Cond: (contents ~ 'fmt\.Error'::text)
               Rows Removed by Index Recheck: 671
               Heap Blocks: exact=424
               ->  Bitmap Index Scan on files_contents_trgm_idx  (cost=0.00..199.33 rows=19245 width=0) (actual time=197.872..197.872 rows=284024 loops=1)
                     Index Cond: (contents ~ 'fmt\.Error'::text)
 Planning Time: 29.694 ms
 Execution Time: 670.558 ms
(10 rows)

Time: 701.948 ms
TIME:14:08:10
query: EXPLAIN ANALYZE select count(id) from (select id from files where contents ~ 'fmt\.Error' limit 10) as e;
Timing is on.
                                                                        QUERY PLAN                                                                         
-----------------------------------------------------------------------------------------------------------------------------------------------------------
 Aggregate  (cost=215.15..215.16 rows=1 width=8) (actual time=677.676..677.677 rows=1 loops=1)
   ->  Limit  (cost=204.15..215.02 rows=10 width=8) (actual time=392.591..677.647 rows=10 loops=1)
         ->  Bitmap Heap Scan on files  (cost=204.15..21133.72 rows=19245 width=8) (actual time=392.590..677.640 rows=10 loops=1)
               Recheck Cond: (contents ~ 'fmt\.Error'::text)
               Rows Removed by Index Recheck: 671
               Heap Blocks: exact=424
               ->  Bitmap Index Scan on files_contents_trgm_idx  (cost=0.00..199.33 rows=19245 width=0) (actual time=198.758..198.758 rows=284024 loops=1)
                     Index Cond: (contents ~ 'fmt\.Error'::text)
 Planning Time: 32.564 ms
 Execution Time: 680.427 ms
(10 rows)

Time: 714.921 ms
TIME:14:08:11
query: EXPLAIN ANALYZE select count(id) from (select id from files where contents ~ 'fmt\.Error' limit 10) as e;
Timing is on.
                                                                        QUERY PLAN                                                                         
-----------------------------------------------------------------------------------------------------------------------------------------------------------
 Aggregate  (cost=215.15..215.16 rows=1 width=8) (actual time=681.328..681.334 rows=1 loops=1)
   ->  Limit  (cost=204.15..215.02 rows=10 width=8) (actual time=387.011..681.314 rows=10 loops=1)
         ->  Bitmap Heap Scan on files  (cost=204.15..21133.72 rows=19245 width=8) (actual time=387.010..681.293 rows=10 loops=1)
               Recheck Cond: (contents ~ 'fmt\.Error'::text)
               Rows Removed by Index Recheck: 671
               Heap Blocks: exact=424
               ->  Bitmap Index Scan on files_contents_trgm_idx  (cost=0.00..199.33 rows=19245 width=0) (actual time=196.128..196.129 rows=284024 loops=1)
                     Index Cond: (contents ~ 'fmt\.Error'::text)
 Planning Time: 29.592 ms
 Execution Time: 684.355 ms
(10 rows)

Time: 715.498 ms
TIME:14:08:12
query: EXPLAIN ANALYZE select count(id) from (select id from files where contents ~ 'fmt\.Error' limit 10) as e;
Timing is on.
                                                                        QUERY PLAN                                                                         
-----------------------------------------------------------------------------------------------------------------------------------------------------------
 Aggregate  (cost=215.15..215.16 rows=1 width=8) (actual time=673.262..673.263 rows=1 loops=1)
   ->  Limit  (cost=204.15..215.02 rows=10 width=8) (actual time=388.329..673.250 rows=10 loops=1)
         ->  Bitmap Heap Scan on files  (cost=204.15..21133.72 rows=19245 width=8) (actual time=388.328..673.232 rows=10 loops=1)
               Recheck Cond: (contents ~ 'fmt\.Error'::text)
               Rows Removed by Index Recheck: 671
               Heap Blocks: exact=424
               ->  Bitmap Index Scan on files_contents_trgm_idx  (cost=0.00..199.33 rows=19245 width=0) (actual time=195.358..195.359 rows=284024 loops=1)
                     Index Cond: (contents ~ 'fmt\.Error'::text)
 Planning Time: 30.312 ms
 Execution Time: 675.983 ms
(10 rows)

Time: 707.929 ms
TIME:14:08:13
query: EXPLAIN ANALYZE select count(id) from (select id from files where contents ~ 'fmt\.Error' limit 10) as e;
Timing is on.
                                                                        QUERY PLAN                                                                         
-----------------------------------------------------------------------------------------------------------------------------------------------------------
 Aggregate  (cost=215.15..215.16 rows=1 width=8) (actual time=688.879..688.880 rows=1 loops=1)
   ->  Limit  (cost=204.15..215.02 rows=10 width=8) (actual time=400.058..688.867 rows=10 loops=1)
         ->  Bitmap Heap Scan on files  (cost=204.15..21133.72 rows=19245 width=8) (actual time=400.056..688.861 rows=10 loops=1)
               Recheck Cond: (contents ~ 'fmt\.Error'::text)
               Rows Removed by Index Recheck: 671
               Heap Blocks: exact=424
               ->  Bitmap Index Scan on files_contents_trgm_idx  (cost=0.00..199.33 rows=19245 width=0) (actual time=196.393..196.394 rows=284024 loops=1)
                     Index Cond: (contents ~ 'fmt\.Error'::text)
 Planning Time: 28.731 ms
 Execution Time: 692.485 ms
(10 rows)

Time: 722.752 ms
TIME:14:08:14
query: EXPLAIN ANALYZE select count(id) from (select id from files where contents ~ 'fmt\.Error' limit 10) as e;
Timing is on.
                                                                        QUERY PLAN                                                                         
-----------------------------------------------------------------------------------------------------------------------------------------------------------
 Aggregate  (cost=215.15..215.16 rows=1 width=8) (actual time=713.180..713.182 rows=1 loops=1)
   ->  Limit  (cost=204.15..215.02 rows=10 width=8) (actual time=400.929..713.168 rows=10 loops=1)
         ->  Bitmap Heap Scan on files  (cost=204.15..21133.72 rows=19245 width=8) (actual time=400.911..713.145 rows=10 loops=1)
               Recheck Cond: (contents ~ 'fmt\.Error'::text)
               Rows Removed by Index Recheck: 671
               Heap Blocks: exact=424
               ->  Bitmap Index Scan on files_contents_trgm_idx  (cost=0.00..199.33 rows=19245 width=0) (actual time=201.474..201.474 rows=284024 loops=1)
                     Index Cond: (contents ~ 'fmt\.Error'::text)
 Planning Time: 30.280 ms
 Execution Time: 716.334 ms
(10 rows)

Time: 748.151 ms
TIME:14:08:15
query: EXPLAIN ANALYZE select count(id) from (select id from files where contents ~ 'fmt\.Error' limit 10) as e;
Timing is on.
                                                                        QUERY PLAN                                                                         
-----------------------------------------------------------------------------------------------------------------------------------------------------------
 Aggregate  (cost=215.15..215.16 rows=1 width=8) (actual time=667.580..667.582 rows=1 loops=1)
   ->  Limit  (cost=204.15..215.02 rows=10 width=8) (actual time=388.412..667.569 rows=10 loops=1)
         ->  Bitmap Heap Scan on files  (cost=204.15..21133.72 rows=19245 width=8) (actual time=388.411..667.563 rows=10 loops=1)
               Recheck Cond: (contents ~ 'fmt\.Error'::text)
               Rows Removed by Index Recheck: 671
               Heap Blocks: exact=424
               ->  Bitmap Index Scan on files_contents_trgm_idx  (cost=0.00..199.33 rows=19245 width=0) (actual time=196.763..196.764 rows=284024 loops=1)
                     Index Cond: (contents ~ 'fmt\.Error'::text)
 Planning Time: 31.022 ms
 Execution Time: 670.506 ms
(10 rows)

Time: 703.173 ms
TIME:14:08:16
query: EXPLAIN ANALYZE select count(id) from (select id from files where contents ~ 'fmt\.Error' limit 10) as e;
Timing is on.
                                                                        QUERY PLAN                                                                         
-----------------------------------------------------------------------------------------------------------------------------------------------------------
 Aggregate  (cost=215.15..215.16 rows=1 width=8) (actual time=669.172..669.173 rows=1 loops=1)
   ->  Limit  (cost=204.15..215.02 rows=10 width=8) (actual time=389.972..669.145 rows=10 loops=1)
         ->  Bitmap Heap Scan on files  (cost=204.15..21133.72 rows=19245 width=8) (actual time=389.971..669.139 rows=10 loops=1)
               Recheck Cond: (contents ~ 'fmt\.Error'::text)
               Rows Removed by Index Recheck: 671
               Heap Blocks: exact=424
               ->  Bitmap Index Scan on files_contents_trgm_idx  (cost=0.00..199.33 rows=19245 width=0) (actual time=194.872..194.872 rows=284024 loops=1)
                     Index Cond: (contents ~ 'fmt\.Error'::text)
 Planning Time: 28.822 ms
 Execution Time: 672.021 ms
(10 rows)

Time: 702.224 ms
TIME:14:08:17
query: EXPLAIN ANALYZE select count(id) from (select id from files where contents ~ 'fmt\.Error' limit 10) as e;
Timing is on.
                                                                        QUERY PLAN                                                                         
-----------------------------------------------------------------------------------------------------------------------------------------------------------
 Aggregate  (cost=215.15..215.16 rows=1 width=8) (actual time=696.109..696.110 rows=1 loops=1)
   ->  Limit  (cost=204.15..215.02 rows=10 width=8) (actual time=411.008..696.098 rows=10 loops=1)
         ->  Bitmap Heap Scan on files  (cost=204.15..21133.72 rows=19245 width=8) (actual time=411.006..696.091 rows=10 loops=1)
               Recheck Cond: (contents ~ 'fmt\.Error'::text)
               Rows Removed by Index Recheck: 671
               Heap Blocks: exact=424
               ->  Bitmap Index Scan on files_contents_trgm_idx  (cost=0.00..199.33 rows=19245 width=0) (actual time=196.093..196.094 rows=284024 loops=1)
                     Index Cond: (contents ~ 'fmt\.Error'::text)
 Planning Time: 29.621 ms
 Execution Time: 699.034 ms
(10 rows)

Time: 730.605 ms
TIME:14:08:18
query: EXPLAIN ANALYZE select count(id) from (select id from files where contents ~ 'fmt\.Error' limit 10) as e;
Timing is on.
                                                                        QUERY PLAN                                                                         
-----------------------------------------------------------------------------------------------------------------------------------------------------------
 Aggregate  (cost=215.15..215.16 rows=1 width=8) (actual time=673.208..673.209 rows=1 loops=1)
   ->  Limit  (cost=204.15..215.02 rows=10 width=8) (actual time=387.735..673.184 rows=10 loops=1)
         ->  Bitmap Heap Scan on files  (cost=204.15..21133.72 rows=19245 width=8) (actual time=387.733..673.178 rows=10 loops=1)
               Recheck Cond: (contents ~ 'fmt\.Error'::text)
               Rows Removed by Index Recheck: 671
               Heap Blocks: exact=424
               ->  Bitmap Index Scan on files_contents_trgm_idx  (cost=0.00..199.33 rows=19245 width=0) (actual time=196.114..196.115 rows=284024 loops=1)
                     Index Cond: (contents ~ 'fmt\.Error'::text)
 Planning Time: 30.329 ms
 Execution Time: 676.166 ms
(10 rows)

Time: 708.024 ms
TIME:14:08:19
query: EXPLAIN ANALYZE select count(id) from (select id from files where contents ~ 'fmt\.Error' limit 10) as e;
Timing is on.
                                                                        QUERY PLAN                                                                         
-----------------------------------------------------------------------------------------------------------------------------------------------------------
 Aggregate  (cost=215.15..215.16 rows=1 width=8) (actual time=695.008..695.009 rows=1 loops=1)
   ->  Limit  (cost=204.15..215.02 rows=10 width=8) (actual time=415.027..694.997 rows=10 loops=1)
         ->  Bitmap Heap Scan on files  (cost=204.15..21133.72 rows=19245 width=8) (actual time=415.026..694.991 rows=10 loops=1)
               Recheck Cond: (contents ~ 'fmt\.Error'::text)
               Rows Removed by Index Recheck: 671
               Heap Blocks: exact=424
               ->  Bitmap Index Scan on files_contents_trgm_idx  (cost=0.00..199.33 rows=19245 width=0) (actual time=220.412..220.412 rows=284024 loops=1)
                     Index Cond: (contents ~ 'fmt\.Error'::text)
 Planning Time: 31.907 ms
 Execution Time: 698.024 ms
(10 rows)

Time: 731.611 ms
TIME:14:08:20
query: EXPLAIN ANALYZE select count(id) from (select id from files where contents ~ 'fmt\.Error' limit 10) as e;
Timing is on.
                                                                        QUERY PLAN                                                                         
-----------------------------------------------------------------------------------------------------------------------------------------------------------
 Aggregate  (cost=215.15..215.16 rows=1 width=8) (actual time=694.000..694.002 rows=1 loops=1)
   ->  Limit  (cost=204.15..215.02 rows=10 width=8) (actual time=411.428..693.988 rows=10 loops=1)
         ->  Bitmap Heap Scan on files  (cost=204.15..21133.72 rows=19245 width=8) (actual time=411.427..693.981 rows=10 loops=1)
               Recheck Cond: (contents ~ 'fmt\.Error'::text)
               Rows Removed by Index Recheck: 671
               Heap Blocks: exact=424
               ->  Bitmap Index Scan on files_contents_trgm_idx  (cost=0.00..199.33 rows=19245 width=0) (actual time=218.426..218.427 rows=284024 loops=1)
                     Index Cond: (contents ~ 'fmt\.Error'::text)
 Planning Time: 30.992 ms
 Execution Time: 697.071 ms
(10 rows)

Time: 729.606 ms
TIME:14:08:21
query: EXPLAIN ANALYZE select count(id) from (select id from files where contents ~ 'fmt\.Error' limit 10) as e;
Timing is on.
                                                                        QUERY PLAN                                                                         
-----------------------------------------------------------------------------------------------------------------------------------------------------------
 Aggregate  (cost=215.15..215.16 rows=1 width=8) (actual time=670.319..670.321 rows=1 loops=1)
   ->  Limit  (cost=204.15..215.02 rows=10 width=8) (actual time=392.746..670.308 rows=10 loops=1)
         ->  Bitmap Heap Scan on files  (cost=204.15..21133.72 rows=19245 width=8) (actual time=392.744..670.302 rows=10 loops=1)
               Recheck Cond: (contents ~ 'fmt\.Error'::text)
               Rows Removed by Index Recheck: 671
               Heap Blocks: exact=424
               ->  Bitmap Index Scan on files_contents_trgm_idx  (cost=0.00..199.33 rows=19245 width=0) (actual time=197.661..197.662 rows=284024 loops=1)
                     Index Cond: (contents ~ 'fmt\.Error'::text)
 Planning Time: 30.724 ms
 Execution Time: 673.098 ms
(10 rows)

Time: 705.398 ms
TIME:14:08:22
query: EXPLAIN ANALYZE select count(id) from (select id from files where contents ~ 'fmt\.Error' limit 10) as e;
Timing is on.
                                                                        QUERY PLAN                                                                         
-----------------------------------------------------------------------------------------------------------------------------------------------------------
 Aggregate  (cost=215.15..215.16 rows=1 width=8) (actual time=669.466..669.468 rows=1 loops=1)
   ->  Limit  (cost=204.15..215.02 rows=10 width=8) (actual time=384.672..669.454 rows=10 loops=1)
         ->  Bitmap Heap Scan on files  (cost=204.15..21133.72 rows=19245 width=8) (actual time=384.670..669.448 rows=10 loops=1)
               Recheck Cond: (contents ~ 'fmt\.Error'::text)
               Rows Removed by Index Recheck: 671
               Heap Blocks: exact=424
               ->  Bitmap Index Scan on files_contents_trgm_idx  (cost=0.00..199.33 rows=19245 width=0) (actual time=192.487..192.488 rows=284024 loops=1)
                     Index Cond: (contents ~ 'fmt\.Error'::text)
 Planning Time: 29.144 ms
 Execution Time: 672.977 ms
(10 rows)

Time: 703.588 ms
TIME:14:08:23
query: EXPLAIN ANALYZE select count(id) from (select id from files where contents ~ 'fmt\.Error' limit 10) as e;
Timing is on.
                                                                        QUERY PLAN                                                                         
-----------------------------------------------------------------------------------------------------------------------------------------------------------
 Aggregate  (cost=215.15..215.16 rows=1 width=8) (actual time=707.348..707.349 rows=1 loops=1)
   ->  Limit  (cost=204.15..215.02 rows=10 width=8) (actual time=416.562..707.336 rows=10 loops=1)
         ->  Bitmap Heap Scan on files  (cost=204.15..21133.72 rows=19245 width=8) (actual time=416.561..707.330 rows=10 loops=1)
               Recheck Cond: (contents ~ 'fmt\.Error'::text)
               Rows Removed by Index Recheck: 671
               Heap Blocks: exact=424
               ->  Bitmap Index Scan on files_contents_trgm_idx  (cost=0.00..199.33 rows=19245 width=0) (actual time=223.731..223.732 rows=284024 loops=1)
                     Index Cond: (contents ~ 'fmt\.Error'::text)
 Planning Time: 33.611 ms
 Execution Time: 710.370 ms
(10 rows)

Time: 745.498 ms
TIME:14:08:24
query: EXPLAIN ANALYZE select count(id) from (select id from files where contents ~ 'fmt\.Error' limit 10) as e;
Timing is on.
                                                                        QUERY PLAN                                                                         
-----------------------------------------------------------------------------------------------------------------------------------------------------------
 Aggregate  (cost=215.15..215.16 rows=1 width=8) (actual time=677.939..677.941 rows=1 loops=1)
   ->  Limit  (cost=204.15..215.02 rows=10 width=8) (actual time=396.110..677.928 rows=10 loops=1)
         ->  Bitmap Heap Scan on files  (cost=204.15..21133.72 rows=19245 width=8) (actual time=396.108..677.922 rows=10 loops=1)
               Recheck Cond: (contents ~ 'fmt\.Error'::text)
               Rows Removed by Index Recheck: 671
               Heap Blocks: exact=424
               ->  Bitmap Index Scan on files_contents_trgm_idx  (cost=0.00..199.33 rows=19245 width=0) (actual time=201.631..201.631 rows=284024 loops=1)
                     Index Cond: (contents ~ 'fmt\.Error'::text)
 Planning Time: 29.859 ms
 Execution Time: 680.886 ms
(10 rows)

Time: 712.415 ms
TIME:14:08:24
query: EXPLAIN ANALYZE select count(id) from (select id from files where contents ~ 'fmt\.Error' limit 10) as e;
Timing is on.
                                                                        QUERY PLAN                                                                         
-----------------------------------------------------------------------------------------------------------------------------------------------------------
 Aggregate  (cost=215.15..215.16 rows=1 width=8) (actual time=679.991..679.993 rows=1 loops=1)
   ->  Limit  (cost=204.15..215.02 rows=10 width=8) (actual time=396.949..679.980 rows=10 loops=1)
         ->  Bitmap Heap Scan on files  (cost=204.15..21133.72 rows=19245 width=8) (actual time=396.948..679.973 rows=10 loops=1)
               Recheck Cond: (contents ~ 'fmt\.Error'::text)
               Rows Removed by Index Recheck: 671
               Heap Blocks: exact=424
               ->  Bitmap Index Scan on files_contents_trgm_idx  (cost=0.00..199.33 rows=19245 width=0) (actual time=196.777..196.777 rows=284024 loops=1)
                     Index Cond: (contents ~ 'fmt\.Error'::text)
 Planning Time: 29.789 ms
 Execution Time: 683.579 ms
(10 rows)

Time: 715.042 ms
TIME:14:08:25
query: EXPLAIN ANALYZE select count(id) from (select id from files where contents ~ 'fmt\.Error' limit 10) as e;
Timing is on.
                                                                        QUERY PLAN                                                                         
-----------------------------------------------------------------------------------------------------------------------------------------------------------
 Aggregate  (cost=215.15..215.16 rows=1 width=8) (actual time=669.492..669.525 rows=1 loops=1)
   ->  Limit  (cost=204.15..215.02 rows=10 width=8) (actual time=391.169..669.482 rows=10 loops=1)
         ->  Bitmap Heap Scan on files  (cost=204.15..21133.72 rows=19245 width=8) (actual time=391.167..669.461 rows=10 loops=1)
               Recheck Cond: (contents ~ 'fmt\.Error'::text)
               Rows Removed by Index Recheck: 671
               Heap Blocks: exact=424
               ->  Bitmap Index Scan on files_contents_trgm_idx  (cost=0.00..199.33 rows=19245 width=0) (actual time=196.914..196.914 rows=284024 loops=1)
                     Index Cond: (contents ~ 'fmt\.Error'::text)
 Planning Time: 31.028 ms
 Execution Time: 672.527 ms
(10 rows)

Time: 705.252 ms
TIME:14:08:26
query: EXPLAIN ANALYZE select count(id) from (select id from files where contents ~ 'fmt\.Error' limit 10) as e;
Timing is on.
                                                                        QUERY PLAN                                                                         
-----------------------------------------------------------------------------------------------------------------------------------------------------------
 Aggregate  (cost=215.15..215.16 rows=1 width=8) (actual time=672.845..672.847 rows=1 loops=1)
   ->  Limit  (cost=204.15..215.02 rows=10 width=8) (actual time=391.324..672.834 rows=10 loops=1)
         ->  Bitmap Heap Scan on files  (cost=204.15..21133.72 rows=19245 width=8) (actual time=391.322..672.827 rows=10 loops=1)
               Recheck Cond: (contents ~ 'fmt\.Error'::text)
               Rows Removed by Index Recheck: 671
               Heap Blocks: exact=424
               ->  Bitmap Index Scan on files_contents_trgm_idx  (cost=0.00..199.33 rows=19245 width=0) (actual time=197.893..197.893 rows=284024 loops=1)
                     Index Cond: (contents ~ 'fmt\.Error'::text)
 Planning Time: 30.034 ms
 Execution Time: 675.766 ms
(10 rows)

Time: 707.309 ms
TIME:14:08:27
query: EXPLAIN ANALYZE select count(id) from (select id from files where contents ~ 'fmt\.Error' limit 10) as e;
Timing is on.
                                                                        QUERY PLAN                                                                         
-----------------------------------------------------------------------------------------------------------------------------------------------------------
 Aggregate  (cost=215.15..215.16 rows=1 width=8) (actual time=677.366..677.368 rows=1 loops=1)
   ->  Limit  (cost=204.15..215.02 rows=10 width=8) (actual time=384.168..677.354 rows=10 loops=1)
         ->  Bitmap Heap Scan on files  (cost=204.15..21133.72 rows=19245 width=8) (actual time=384.166..677.347 rows=10 loops=1)
               Recheck Cond: (contents ~ 'fmt\.Error'::text)
               Rows Removed by Index Recheck: 671
               Heap Blocks: exact=424
               ->  Bitmap Index Scan on files_contents_trgm_idx  (cost=0.00..199.33 rows=19245 width=0) (actual time=192.456..192.456 rows=284024 loops=1)
                     Index Cond: (contents ~ 'fmt\.Error'::text)
 Planning Time: 29.376 ms
 Execution Time: 681.078 ms
(10 rows)

Time: 712.602 ms
TIME:14:08:28
query: EXPLAIN ANALYZE select count(id) from (select id from files where contents ~ 'fmt\.Error' limit 10) as e;
Timing is on.
                                                                        QUERY PLAN                                                                         
-----------------------------------------------------------------------------------------------------------------------------------------------------------
 Aggregate  (cost=215.15..215.16 rows=1 width=8) (actual time=665.058..665.059 rows=1 loops=1)
   ->  Limit  (cost=204.15..215.02 rows=10 width=8) (actual time=385.319..665.047 rows=10 loops=1)
         ->  Bitmap Heap Scan on files  (cost=204.15..21133.72 rows=19245 width=8) (actual time=385.318..665.041 rows=10 loops=1)
               Recheck Cond: (contents ~ 'fmt\.Error'::text)
               Rows Removed by Index Recheck: 671
               Heap Blocks: exact=424
               ->  Bitmap Index Scan on files_contents_trgm_idx  (cost=0.00..199.33 rows=19245 width=0) (actual time=195.974..195.975 rows=284024 loops=1)
                     Index Cond: (contents ~ 'fmt\.Error'::text)
 Planning Time: 30.423 ms
 Execution Time: 667.838 ms
(10 rows)

Time: 699.877 ms
TIME:14:08:29
query: EXPLAIN ANALYZE select count(id) from (select id from files where contents ~ 'fmt\.Error' limit 10) as e;
Timing is on.
                                                                        QUERY PLAN                                                                         
-----------------------------------------------------------------------------------------------------------------------------------------------------------
 Aggregate  (cost=215.15..215.16 rows=1 width=8) (actual time=682.026..682.027 rows=1 loops=1)
   ->  Limit  (cost=204.15..215.02 rows=10 width=8) (actual time=396.344..682.015 rows=10 loops=1)
         ->  Bitmap Heap Scan on files  (cost=204.15..21133.72 rows=19245 width=8) (actual time=396.343..682.007 rows=10 loops=1)
               Recheck Cond: (contents ~ 'fmt\.Error'::text)
               Rows Removed by Index Recheck: 671
               Heap Blocks: exact=424
               ->  Bitmap Index Scan on files_contents_trgm_idx  (cost=0.00..199.33 rows=19245 width=0) (actual time=194.999..195.000 rows=284024 loops=1)
                     Index Cond: (contents ~ 'fmt\.Error'::text)
 Planning Time: 30.969 ms
 Execution Time: 684.972 ms
(10 rows)

Time: 717.550 ms
TIME:14:08:30
query: EXPLAIN ANALYZE select count(id) from (select id from files where contents ~ 'fmt\.Error' limit 10) as e;
Timing is on.
                                                                        QUERY PLAN                                                                         
-----------------------------------------------------------------------------------------------------------------------------------------------------------
 Aggregate  (cost=215.15..215.16 rows=1 width=8) (actual time=685.202..685.204 rows=1 loops=1)
   ->  Limit  (cost=204.15..215.02 rows=10 width=8) (actual time=384.678..685.191 rows=10 loops=1)
         ->  Bitmap Heap Scan on files  (cost=204.15..21133.72 rows=19245 width=8) (actual time=384.659..685.167 rows=10 loops=1)
               Recheck Cond: (contents ~ 'fmt\.Error'::text)
               Rows Removed by Index Recheck: 671
               Heap Blocks: exact=424
               ->  Bitmap Index Scan on files_contents_trgm_idx  (cost=0.00..199.33 rows=19245 width=0) (actual time=197.401..197.402 rows=284024 loops=1)
                     Index Cond: (contents ~ 'fmt\.Error'::text)
 Planning Time: 28.508 ms
 Execution Time: 688.307 ms
(10 rows)

Time: 718.369 ms
TIME:14:08:31
query: EXPLAIN ANALYZE select count(id) from (select id from files where contents ~ 'fmt\.Error' limit 10) as e;
Timing is on.
                                                                        QUERY PLAN                                                                         
-----------------------------------------------------------------------------------------------------------------------------------------------------------
 Aggregate  (cost=215.15..215.16 rows=1 width=8) (actual time=679.717..679.719 rows=1 loops=1)
   ->  Limit  (cost=204.15..215.02 rows=10 width=8) (actual time=385.995..679.707 rows=10 loops=1)
         ->  Bitmap Heap Scan on files  (cost=204.15..21133.72 rows=19245 width=8) (actual time=385.994..679.700 rows=10 loops=1)
               Recheck Cond: (contents ~ 'fmt\.Error'::text)
               Rows Removed by Index Recheck: 671
               Heap Blocks: exact=424
               ->  Bitmap Index Scan on files_contents_trgm_idx  (cost=0.00..199.33 rows=19245 width=0) (actual time=195.641..195.642 rows=284024 loops=1)
                     Index Cond: (contents ~ 'fmt\.Error'::text)
 Planning Time: 29.345 ms
 Execution Time: 682.517 ms
(10 rows)

Time: 713.424 ms
TIME:14:08:32
query: EXPLAIN ANALYZE select count(id) from (select id from files where contents ~ 'fmt\.Error' limit 10) as e;
Timing is on.
                                                                        QUERY PLAN                                                                         
-----------------------------------------------------------------------------------------------------------------------------------------------------------
 Aggregate  (cost=215.15..215.16 rows=1 width=8) (actual time=674.164..674.165 rows=1 loops=1)
   ->  Limit  (cost=204.15..215.02 rows=10 width=8) (actual time=396.755..674.152 rows=10 loops=1)
         ->  Bitmap Heap Scan on files  (cost=204.15..21133.72 rows=19245 width=8) (actual time=396.754..674.146 rows=10 loops=1)
               Recheck Cond: (contents ~ 'fmt\.Error'::text)
               Rows Removed by Index Recheck: 671
               Heap Blocks: exact=424
               ->  Bitmap Index Scan on files_contents_trgm_idx  (cost=0.00..199.33 rows=19245 width=0) (actual time=197.139..197.140 rows=284024 loops=1)
                     Index Cond: (contents ~ 'fmt\.Error'::text)
 Planning Time: 27.830 ms
 Execution Time: 677.202 ms
(10 rows)

Time: 706.562 ms
TIME:14:08:33
query: EXPLAIN ANALYZE select count(id) from (select id from files where contents ~ 'fmt\.Error' limit 10) as e;
Timing is on.
                                                                        QUERY PLAN                                                                         
-----------------------------------------------------------------------------------------------------------------------------------------------------------
 Aggregate  (cost=215.15..215.16 rows=1 width=8) (actual time=694.219..694.221 rows=1 loops=1)
   ->  Limit  (cost=204.15..215.02 rows=10 width=8) (actual time=403.817..694.194 rows=10 loops=1)
         ->  Bitmap Heap Scan on files  (cost=204.15..21133.72 rows=19245 width=8) (actual time=403.815..694.188 rows=10 loops=1)
               Recheck Cond: (contents ~ 'fmt\.Error'::text)
               Rows Removed by Index Recheck: 671
               Heap Blocks: exact=424
               ->  Bitmap Index Scan on files_contents_trgm_idx  (cost=0.00..199.33 rows=19245 width=0) (actual time=194.317..194.317 rows=284024 loops=1)
                     Index Cond: (contents ~ 'fmt\.Error'::text)
 Planning Time: 28.799 ms
 Execution Time: 697.244 ms
(10 rows)

Time: 727.577 ms
TIME:14:08:34
query: EXPLAIN ANALYZE select count(id) from (select id from files where contents ~ 'fmt\.Error' limit 10) as e;
Timing is on.
                                                                        QUERY PLAN                                                                         
-----------------------------------------------------------------------------------------------------------------------------------------------------------
 Aggregate  (cost=215.15..215.16 rows=1 width=8) (actual time=671.493..671.494 rows=1 loops=1)
   ->  Limit  (cost=204.15..215.02 rows=10 width=8) (actual time=391.132..671.482 rows=10 loops=1)
         ->  Bitmap Heap Scan on files  (cost=204.15..21133.72 rows=19245 width=8) (actual time=391.131..671.476 rows=10 loops=1)
               Recheck Cond: (contents ~ 'fmt\.Error'::text)
               Rows Removed by Index Recheck: 671
               Heap Blocks: exact=424
               ->  Bitmap Index Scan on files_contents_trgm_idx  (cost=0.00..199.33 rows=19245 width=0) (actual time=200.872..200.872 rows=284024 loops=1)
                     Index Cond: (contents ~ 'fmt\.Error'::text)
 Planning Time: 30.009 ms
 Execution Time: 674.497 ms
(10 rows)

Time: 706.088 ms
TIME:14:08:35
query: EXPLAIN ANALYZE select count(id) from (select id from files where contents ~ 'fmt\.Error' limit 10) as e;
Timing is on.
                                                                        QUERY PLAN                                                                         
-----------------------------------------------------------------------------------------------------------------------------------------------------------
 Aggregate  (cost=215.15..215.16 rows=1 width=8) (actual time=673.368..673.369 rows=1 loops=1)
   ->  Limit  (cost=204.15..215.02 rows=10 width=8) (actual time=393.209..673.356 rows=10 loops=1)
         ->  Bitmap Heap Scan on files  (cost=204.15..21133.72 rows=19245 width=8) (actual time=393.208..673.350 rows=10 loops=1)
               Recheck Cond: (contents ~ 'fmt\.Error'::text)
               Rows Removed by Index Recheck: 671
               Heap Blocks: exact=424
               ->  Bitmap Index Scan on files_contents_trgm_idx  (cost=0.00..199.33 rows=19245 width=0) (actual time=202.181..202.181 rows=284024 loops=1)
                     Index Cond: (contents ~ 'fmt\.Error'::text)
 Planning Time: 29.387 ms
 Execution Time: 676.100 ms
(10 rows)

Time: 707.168 ms
TIME:14:08:36
query: EXPLAIN ANALYZE select count(id) from (select id from files where contents ~ 'fmt\.Error' limit 10) as e;
Timing is on.
                                                                        QUERY PLAN                                                                         
-----------------------------------------------------------------------------------------------------------------------------------------------------------
 Aggregate  (cost=215.15..215.16 rows=1 width=8) (actual time=699.570..699.572 rows=1 loops=1)
   ->  Limit  (cost=204.15..215.02 rows=10 width=8) (actual time=417.908..699.559 rows=10 loops=1)
         ->  Bitmap Heap Scan on files  (cost=204.15..21133.72 rows=19245 width=8) (actual time=417.906..699.541 rows=10 loops=1)
               Recheck Cond: (contents ~ 'fmt\.Error'::text)
               Rows Removed by Index Recheck: 671
               Heap Blocks: exact=424
               ->  Bitmap Index Scan on files_contents_trgm_idx  (cost=0.00..199.33 rows=19245 width=0) (actual time=211.375..211.376 rows=284024 loops=1)
                     Index Cond: (contents ~ 'fmt\.Error'::text)
 Planning Time: 29.663 ms
 Execution Time: 702.423 ms
(10 rows)

Time: 733.671 ms
TIME:14:08:37
query: EXPLAIN ANALYZE select count(id) from (select id from files where contents ~ 'fmt\.Error' limit 10) as e;
Timing is on.
                                                                        QUERY PLAN                                                                         
-----------------------------------------------------------------------------------------------------------------------------------------------------------
 Aggregate  (cost=215.15..215.16 rows=1 width=8) (actual time=669.521..669.522 rows=1 loops=1)
   ->  Limit  (cost=204.15..215.02 rows=10 width=8) (actual time=387.649..669.510 rows=10 loops=1)
         ->  Bitmap Heap Scan on files  (cost=204.15..21133.72 rows=19245 width=8) (actual time=387.647..669.503 rows=10 loops=1)
               Recheck Cond: (contents ~ 'fmt\.Error'::text)
               Rows Removed by Index Recheck: 671
               Heap Blocks: exact=424
               ->  Bitmap Index Scan on files_contents_trgm_idx  (cost=0.00..199.33 rows=19245 width=0) (actual time=191.392..191.392 rows=284024 loops=1)
                     Index Cond: (contents ~ 'fmt\.Error'::text)
 Planning Time: 29.984 ms
 Execution Time: 672.340 ms
(10 rows)

Time: 703.851 ms
TIME:14:08:37
query: EXPLAIN ANALYZE select count(id) from (select id from files where contents ~ 'fmt\.Error' limit 10) as e;
Timing is on.
                                                                        QUERY PLAN                                                                         
-----------------------------------------------------------------------------------------------------------------------------------------------------------
 Aggregate  (cost=215.15..215.16 rows=1 width=8) (actual time=695.366..695.367 rows=1 loops=1)
   ->  Limit  (cost=204.15..215.02 rows=10 width=8) (actual time=414.201..695.354 rows=10 loops=1)
         ->  Bitmap Heap Scan on files  (cost=204.15..21133.72 rows=19245 width=8) (actual time=414.199..695.348 rows=10 loops=1)
               Recheck Cond: (contents ~ 'fmt\.Error'::text)
               Rows Removed by Index Recheck: 671
               Heap Blocks: exact=424
               ->  Bitmap Index Scan on files_contents_trgm_idx  (cost=0.00..199.33 rows=19245 width=0) (actual time=219.465..219.465 rows=284024 loops=1)
                     Index Cond: (contents ~ 'fmt\.Error'::text)
 Planning Time: 31.623 ms
 Execution Time: 698.454 ms
(10 rows)

Time: 731.724 ms
TIME:14:08:38
query: EXPLAIN ANALYZE select count(id) from (select id from files where contents ~ 'fmt\.Error' limit 10) as e;
Timing is on.
                                                                        QUERY PLAN                                                                         
-----------------------------------------------------------------------------------------------------------------------------------------------------------
 Aggregate  (cost=215.15..215.16 rows=1 width=8) (actual time=694.929..694.931 rows=1 loops=1)
   ->  Limit  (cost=204.15..215.02 rows=10 width=8) (actual time=416.121..694.918 rows=10 loops=1)
         ->  Bitmap Heap Scan on files  (cost=204.15..21133.72 rows=19245 width=8) (actual time=416.120..694.912 rows=10 loops=1)
               Recheck Cond: (contents ~ 'fmt\.Error'::text)
               Rows Removed by Index Recheck: 671
               Heap Blocks: exact=424
               ->  Bitmap Index Scan on files_contents_trgm_idx  (cost=0.00..199.33 rows=19245 width=0) (actual time=217.543..217.544 rows=284024 loops=1)
                     Index Cond: (contents ~ 'fmt\.Error'::text)
 Planning Time: 32.651 ms
 Execution Time: 698.271 ms
(10 rows)

Time: 732.621 ms
TIME:14:08:39
query: EXPLAIN ANALYZE select count(id) from (select id from files where contents ~ 'fmt\.Error' limit 10) as e;
Timing is on.
                                                                        QUERY PLAN                                                                         
-----------------------------------------------------------------------------------------------------------------------------------------------------------
 Aggregate  (cost=215.15..215.16 rows=1 width=8) (actual time=673.821..673.822 rows=1 loops=1)
   ->  Limit  (cost=204.15..215.02 rows=10 width=8) (actual time=394.445..673.809 rows=10 loops=1)
         ->  Bitmap Heap Scan on files  (cost=204.15..21133.72 rows=19245 width=8) (actual time=394.443..673.789 rows=10 loops=1)
               Recheck Cond: (contents ~ 'fmt\.Error'::text)
               Rows Removed by Index Recheck: 671
               Heap Blocks: exact=424
               ->  Bitmap Index Scan on files_contents_trgm_idx  (cost=0.00..199.33 rows=19245 width=0) (actual time=201.190..201.190 rows=284024 loops=1)
                     Index Cond: (contents ~ 'fmt\.Error'::text)
 Planning Time: 30.439 ms
 Execution Time: 676.764 ms
(10 rows)

Time: 708.699 ms
TIME:14:08:40
query: EXPLAIN ANALYZE select count(id) from (select id from files where contents ~ 'fmt\.Error' limit 10) as e;
Timing is on.
                                                                        QUERY PLAN                                                                         
-----------------------------------------------------------------------------------------------------------------------------------------------------------
 Aggregate  (cost=215.15..215.16 rows=1 width=8) (actual time=660.657..660.658 rows=1 loops=1)
   ->  Limit  (cost=204.15..215.02 rows=10 width=8) (actual time=383.770..660.646 rows=10 loops=1)
         ->  Bitmap Heap Scan on files  (cost=204.15..21133.72 rows=19245 width=8) (actual time=383.769..660.640 rows=10 loops=1)
               Recheck Cond: (contents ~ 'fmt\.Error'::text)
               Rows Removed by Index Recheck: 671
               Heap Blocks: exact=424
               ->  Bitmap Index Scan on files_contents_trgm_idx  (cost=0.00..199.33 rows=19245 width=0) (actual time=192.220..192.220 rows=284024 loops=1)
                     Index Cond: (contents ~ 'fmt\.Error'::text)
 Planning Time: 29.723 ms
 Execution Time: 663.640 ms
(10 rows)

Time: 694.923 ms
TIME:14:08:41
query: EXPLAIN ANALYZE select count(id) from (select id from files where contents ~ 'fmt\.Error' limit 10) as e;
Timing is on.
                                                                        QUERY PLAN                                                                         
-----------------------------------------------------------------------------------------------------------------------------------------------------------
 Aggregate  (cost=215.15..215.16 rows=1 width=8) (actual time=673.822..673.823 rows=1 loops=1)
   ->  Limit  (cost=204.15..215.02 rows=10 width=8) (actual time=394.562..673.811 rows=10 loops=1)
         ->  Bitmap Heap Scan on files  (cost=204.15..21133.72 rows=19245 width=8) (actual time=394.560..673.804 rows=10 loops=1)
               Recheck Cond: (contents ~ 'fmt\.Error'::text)
               Rows Removed by Index Recheck: 671
               Heap Blocks: exact=424
               ->  Bitmap Index Scan on files_contents_trgm_idx  (cost=0.00..199.33 rows=19245 width=0) (actual time=202.609..202.609 rows=284024 loops=1)
                     Index Cond: (contents ~ 'fmt\.Error'::text)
 Planning Time: 30.284 ms
 Execution Time: 676.952 ms
(10 rows)

Time: 708.913 ms
TIME:14:08:42
query: EXPLAIN ANALYZE select count(id) from (select id from files where contents ~ 'fmt\.Error' limit 10) as e;
Timing is on.
                                                                        QUERY PLAN                                                                         
-----------------------------------------------------------------------------------------------------------------------------------------------------------
 Aggregate  (cost=215.15..215.16 rows=1 width=8) (actual time=660.539..660.540 rows=1 loops=1)
   ->  Limit  (cost=204.15..215.02 rows=10 width=8) (actual time=381.088..660.528 rows=10 loops=1)
         ->  Bitmap Heap Scan on files  (cost=204.15..21133.72 rows=19245 width=8) (actual time=381.086..660.508 rows=10 loops=1)
               Recheck Cond: (contents ~ 'fmt\.Error'::text)
               Rows Removed by Index Recheck: 671
               Heap Blocks: exact=424
               ->  Bitmap Index Scan on files_contents_trgm_idx  (cost=0.00..199.33 rows=19245 width=0) (actual time=191.404..191.404 rows=284024 loops=1)
                     Index Cond: (contents ~ 'fmt\.Error'::text)
 Planning Time: 30.898 ms
 Execution Time: 663.365 ms
(10 rows)

Time: 696.001 ms
TIME:14:08:43
query: EXPLAIN ANALYZE select count(id) from (select id from files where contents ~ 'fmt\.Error' limit 10) as e;
Timing is on.
                                                                        QUERY PLAN                                                                         
-----------------------------------------------------------------------------------------------------------------------------------------------------------
 Aggregate  (cost=215.15..215.16 rows=1 width=8) (actual time=666.026..666.027 rows=1 loops=1)
   ->  Limit  (cost=204.15..215.02 rows=10 width=8) (actual time=383.185..666.013 rows=10 loops=1)
         ->  Bitmap Heap Scan on files  (cost=204.15..21133.72 rows=19245 width=8) (actual time=383.183..666.007 rows=10 loops=1)
               Recheck Cond: (contents ~ 'fmt\.Error'::text)
               Rows Removed by Index Recheck: 671
               Heap Blocks: exact=424
               ->  Bitmap Index Scan on files_contents_trgm_idx  (cost=0.00..199.33 rows=19245 width=0) (actual time=190.422..190.422 rows=284024 loops=1)
                     Index Cond: (contents ~ 'fmt\.Error'::text)
 Planning Time: 31.040 ms
 Execution Time: 669.499 ms
(10 rows)

Time: 701.949 ms
TIME:14:08:44
query: EXPLAIN ANALYZE select count(id) from (select id from files where contents ~ 'fmt\.Error' limit 10) as e;
Timing is on.
                                                                        QUERY PLAN                                                                         
-----------------------------------------------------------------------------------------------------------------------------------------------------------
 Aggregate  (cost=215.15..215.16 rows=1 width=8) (actual time=676.571..676.572 rows=1 loops=1)
   ->  Limit  (cost=204.15..215.02 rows=10 width=8) (actual time=394.074..676.559 rows=10 loops=1)
         ->  Bitmap Heap Scan on files  (cost=204.15..21133.72 rows=19245 width=8) (actual time=394.072..676.553 rows=10 loops=1)
               Recheck Cond: (contents ~ 'fmt\.Error'::text)
               Rows Removed by Index Recheck: 671
               Heap Blocks: exact=424
               ->  Bitmap Index Scan on files_contents_trgm_idx  (cost=0.00..199.33 rows=19245 width=0) (actual time=198.733..198.733 rows=284024 loops=1)
                     Index Cond: (contents ~ 'fmt\.Error'::text)
 Planning Time: 29.726 ms
 Execution Time: 679.675 ms
(10 rows)

Time: 710.930 ms
TIME:14:08:45
query: EXPLAIN ANALYZE select count(id) from (select id from files where contents ~ 'fmt\.Error' limit 10) as e;
Timing is on.
                                                                        QUERY PLAN                                                                         
-----------------------------------------------------------------------------------------------------------------------------------------------------------
 Aggregate  (cost=215.15..215.16 rows=1 width=8) (actual time=667.154..667.158 rows=1 loops=1)
   ->  Limit  (cost=204.15..215.02 rows=10 width=8) (actual time=382.983..667.121 rows=10 loops=1)
         ->  Bitmap Heap Scan on files  (cost=204.15..21133.72 rows=19245 width=8) (actual time=382.981..667.114 rows=10 loops=1)
               Recheck Cond: (contents ~ 'fmt\.Error'::text)
               Rows Removed by Index Recheck: 671
               Heap Blocks: exact=424
               ->  Bitmap Index Scan on files_contents_trgm_idx  (cost=0.00..199.33 rows=19245 width=0) (actual time=188.613..188.614 rows=284024 loops=1)
                     Index Cond: (contents ~ 'fmt\.Error'::text)
 Planning Time: 28.519 ms
 Execution Time: 670.032 ms
(10 rows)

Time: 699.947 ms
TIME:14:08:46
query: EXPLAIN ANALYZE select count(id) from (select id from files where contents ~ 'fmt\.Error' limit 10) as e;
Timing is on.
                                                                        QUERY PLAN                                                                         
-----------------------------------------------------------------------------------------------------------------------------------------------------------
 Aggregate  (cost=215.15..215.16 rows=1 width=8) (actual time=690.900..690.915 rows=1 loops=1)
   ->  Limit  (cost=204.15..215.02 rows=10 width=8) (actual time=396.381..690.902 rows=10 loops=1)
         ->  Bitmap Heap Scan on files  (cost=204.15..21133.72 rows=19245 width=8) (actual time=396.380..690.897 rows=10 loops=1)
               Recheck Cond: (contents ~ 'fmt\.Error'::text)
               Rows Removed by Index Recheck: 671
               Heap Blocks: exact=424
               ->  Bitmap Index Scan on files_contents_trgm_idx  (cost=0.00..199.33 rows=19245 width=0) (actual time=205.396..205.410 rows=284024 loops=1)
                     Index Cond: (contents ~ 'fmt\.Error'::text)
 Planning Time: 29.954 ms
 Execution Time: 694.024 ms
(10 rows)

Time: 725.448 ms
TIME:14:08:47
query: EXPLAIN ANALYZE select count(id) from (select id from files where contents ~ 'fmt\.Error' limit 10) as e;
Timing is on.
                                                                        QUERY PLAN                                                                         
-----------------------------------------------------------------------------------------------------------------------------------------------------------
 Aggregate  (cost=215.15..215.16 rows=1 width=8) (actual time=677.840..677.841 rows=1 loops=1)
   ->  Limit  (cost=204.15..215.02 rows=10 width=8) (actual time=394.129..677.815 rows=10 loops=1)
         ->  Bitmap Heap Scan on files  (cost=204.15..21133.72 rows=19245 width=8) (actual time=394.127..677.809 rows=10 loops=1)
               Recheck Cond: (contents ~ 'fmt\.Error'::text)
               Rows Removed by Index Recheck: 671
               Heap Blocks: exact=424
               ->  Bitmap Index Scan on files_contents_trgm_idx  (cost=0.00..199.33 rows=19245 width=0) (actual time=199.657..199.658 rows=284024 loops=1)
                     Index Cond: (contents ~ 'fmt\.Error'::text)
 Planning Time: 29.293 ms
 Execution Time: 680.796 ms
(10 rows)

Time: 711.448 ms
TIME:14:08:48
query: EXPLAIN ANALYZE select count(id) from (select id from files where contents ~ 'fmt\.Error' limit 10) as e;
Timing is on.
                                                                        QUERY PLAN                                                                         
-----------------------------------------------------------------------------------------------------------------------------------------------------------
 Aggregate  (cost=215.15..215.16 rows=1 width=8) (actual time=667.948..667.950 rows=1 loops=1)
   ->  Limit  (cost=204.15..215.02 rows=10 width=8) (actual time=391.314..667.937 rows=10 loops=1)
         ->  Bitmap Heap Scan on files  (cost=204.15..21133.72 rows=19245 width=8) (actual time=391.312..667.931 rows=10 loops=1)
               Recheck Cond: (contents ~ 'fmt\.Error'::text)
               Rows Removed by Index Recheck: 671
               Heap Blocks: exact=424
               ->  Bitmap Index Scan on files_contents_trgm_idx  (cost=0.00..199.33 rows=19245 width=0) (actual time=190.377..190.377 rows=284024 loops=1)
                     Index Cond: (contents ~ 'fmt\.Error'::text)
 Planning Time: 28.474 ms
 Execution Time: 671.103 ms
(10 rows)

Time: 700.870 ms
TIME:14:08:49
query: EXPLAIN ANALYZE select count(id) from (select id from files where contents ~ 'fmt\.Error' limit 10) as e;
Timing is on.
                                                                        QUERY PLAN                                                                         
-----------------------------------------------------------------------------------------------------------------------------------------------------------
 Aggregate  (cost=215.15..215.16 rows=1 width=8) (actual time=695.318..695.320 rows=1 loops=1)
   ->  Limit  (cost=204.15..215.02 rows=10 width=8) (actual time=392.800..695.307 rows=10 loops=1)
         ->  Bitmap Heap Scan on files  (cost=204.15..21133.72 rows=19245 width=8) (actual time=392.798..695.288 rows=10 loops=1)
               Recheck Cond: (contents ~ 'fmt\.Error'::text)
               Rows Removed by Index Recheck: 671
               Heap Blocks: exact=424
               ->  Bitmap Index Scan on files_contents_trgm_idx  (cost=0.00..199.33 rows=19245 width=0) (actual time=199.541..199.541 rows=284024 loops=1)
                     Index Cond: (contents ~ 'fmt\.Error'::text)
 Planning Time: 29.090 ms
 Execution Time: 698.435 ms
(10 rows)

Time: 729.101 ms
TIME:14:08:50
query: EXPLAIN ANALYZE select count(id) from (select id from files where contents ~ 'fmt\.Error' limit 10) as e;
Timing is on.
                                                                        QUERY PLAN                                                                         
-----------------------------------------------------------------------------------------------------------------------------------------------------------
 Aggregate  (cost=215.15..215.16 rows=1 width=8) (actual time=679.946..679.948 rows=1 loops=1)
   ->  Limit  (cost=204.15..215.02 rows=10 width=8) (actual time=399.402..679.906 rows=10 loops=1)
         ->  Bitmap Heap Scan on files  (cost=204.15..21133.72 rows=19245 width=8) (actual time=399.401..679.900 rows=10 loops=1)
               Recheck Cond: (contents ~ 'fmt\.Error'::text)
               Rows Removed by Index Recheck: 671
               Heap Blocks: exact=424
               ->  Bitmap Index Scan on files_contents_trgm_idx  (cost=0.00..199.33 rows=19245 width=0) (actual time=198.802..198.803 rows=284024 loops=1)
                     Index Cond: (contents ~ 'fmt\.Error'::text)
 Planning Time: 29.898 ms
 Execution Time: 682.757 ms
(10 rows)

Time: 714.171 ms
TIME:14:08:51
query: EXPLAIN ANALYZE select count(id) from (select id from files where contents ~ 'fmt\.Error' limit 10) as e;
Timing is on.
                                                                        QUERY PLAN                                                                         
-----------------------------------------------------------------------------------------------------------------------------------------------------------
 Aggregate  (cost=215.15..215.16 rows=1 width=8) (actual time=674.078..674.079 rows=1 loops=1)
   ->  Limit  (cost=204.15..215.02 rows=10 width=8) (actual time=398.104..674.067 rows=10 loops=1)
         ->  Bitmap Heap Scan on files  (cost=204.15..21133.72 rows=19245 width=8) (actual time=398.102..674.061 rows=10 loops=1)
               Recheck Cond: (contents ~ 'fmt\.Error'::text)
               Rows Removed by Index Recheck: 671
               Heap Blocks: exact=424
               ->  Bitmap Index Scan on files_contents_trgm_idx  (cost=0.00..199.33 rows=19245 width=0) (actual time=196.902..196.902 rows=284024 loops=1)
                     Index Cond: (contents ~ 'fmt\.Error'::text)
 Planning Time: 29.721 ms
 Execution Time: 676.976 ms
(10 rows)

Time: 708.017 ms
TIME:14:08:51
query: EXPLAIN ANALYZE select count(id) from (select id from files where contents ~ 'fmt\.Error' limit 10) as e;
Timing is on.
                                                                        QUERY PLAN                                                                         
-----------------------------------------------------------------------------------------------------------------------------------------------------------
 Aggregate  (cost=215.15..215.16 rows=1 width=8) (actual time=722.553..722.554 rows=1 loops=1)
   ->  Limit  (cost=204.15..215.02 rows=10 width=8) (actual time=435.448..722.541 rows=10 loops=1)
         ->  Bitmap Heap Scan on files  (cost=204.15..21133.72 rows=19245 width=8) (actual time=435.447..722.536 rows=10 loops=1)
               Recheck Cond: (contents ~ 'fmt\.Error'::text)
               Rows Removed by Index Recheck: 671
               Heap Blocks: exact=424
               ->  Bitmap Index Scan on files_contents_trgm_idx  (cost=0.00..199.33 rows=19245 width=0) (actual time=206.731..206.731 rows=284024 loops=1)
                     Index Cond: (contents ~ 'fmt\.Error'::text)
 Planning Time: 29.687 ms
 Execution Time: 725.576 ms
(10 rows)

Time: 756.821 ms
TIME:14:08:52
query: EXPLAIN ANALYZE select count(id) from (select id from files where contents ~ 'fmt\.Error' limit 10) as e;
Timing is on.
                                                                        QUERY PLAN                                                                         
-----------------------------------------------------------------------------------------------------------------------------------------------------------
 Aggregate  (cost=215.15..215.16 rows=1 width=8) (actual time=670.368..670.369 rows=1 loops=1)
   ->  Limit  (cost=204.15..215.02 rows=10 width=8) (actual time=388.476..670.357 rows=10 loops=1)
         ->  Bitmap Heap Scan on files  (cost=204.15..21133.72 rows=19245 width=8) (actual time=388.474..670.351 rows=10 loops=1)
               Recheck Cond: (contents ~ 'fmt\.Error'::text)
               Rows Removed by Index Recheck: 671
               Heap Blocks: exact=424
               ->  Bitmap Index Scan on files_contents_trgm_idx  (cost=0.00..199.33 rows=19245 width=0) (actual time=195.065..195.066 rows=284024 loops=1)
                     Index Cond: (contents ~ 'fmt\.Error'::text)
 Planning Time: 26.831 ms
 Execution Time: 673.367 ms
(10 rows)

Time: 701.825 ms
TIME:14:08:53
query: EXPLAIN ANALYZE select count(id) from (select id from files where contents ~ 'fmt\.Error' limit 10) as e;
Timing is on.
                                                                        QUERY PLAN                                                                         
-----------------------------------------------------------------------------------------------------------------------------------------------------------
 Aggregate  (cost=215.15..215.16 rows=1 width=8) (actual time=676.320..676.321 rows=1 loops=1)
   ->  Limit  (cost=204.15..215.02 rows=10 width=8) (actual time=393.633..676.296 rows=10 loops=1)
         ->  Bitmap Heap Scan on files  (cost=204.15..21133.72 rows=19245 width=8) (actual time=393.631..676.285 rows=10 loops=1)
               Recheck Cond: (contents ~ 'fmt\.Error'::text)
               Rows Removed by Index Recheck: 671
               Heap Blocks: exact=424
               ->  Bitmap Index Scan on files_contents_trgm_idx  (cost=0.00..199.33 rows=19245 width=0) (actual time=199.870..199.871 rows=284024 loops=1)
                     Index Cond: (contents ~ 'fmt\.Error'::text)
 Planning Time: 27.787 ms
 Execution Time: 679.279 ms
(10 rows)

Time: 708.531 ms
TIME:14:08:54
query: EXPLAIN ANALYZE select count(id) from (select id from files where contents ~ 'fmt\.Error' limit 10) as e;
Timing is on.
                                                                        QUERY PLAN                                                                         
-----------------------------------------------------------------------------------------------------------------------------------------------------------
 Aggregate  (cost=215.15..215.16 rows=1 width=8) (actual time=697.049..697.050 rows=1 loops=1)
   ->  Limit  (cost=204.15..215.02 rows=10 width=8) (actual time=415.785..696.995 rows=10 loops=1)
         ->  Bitmap Heap Scan on files  (cost=204.15..21133.72 rows=19245 width=8) (actual time=415.783..696.989 rows=10 loops=1)
               Recheck Cond: (contents ~ 'fmt\.Error'::text)
               Rows Removed by Index Recheck: 671
               Heap Blocks: exact=424
               ->  Bitmap Index Scan on files_contents_trgm_idx  (cost=0.00..199.33 rows=19245 width=0) (actual time=219.958..219.958 rows=284024 loops=1)
                     Index Cond: (contents ~ 'fmt\.Error'::text)
 Planning Time: 26.192 ms
 Execution Time: 699.859 ms
(10 rows)

Time: 727.467 ms
TIME:14:08:55
query: EXPLAIN ANALYZE select count(id) from (select id from files where contents ~ 'fmt\.Error' limit 10) as e;
Timing is on.
                                                                        QUERY PLAN                                                                         
-----------------------------------------------------------------------------------------------------------------------------------------------------------
 Aggregate  (cost=215.15..215.16 rows=1 width=8) (actual time=679.613..679.615 rows=1 loops=1)
   ->  Limit  (cost=204.15..215.02 rows=10 width=8) (actual time=388.521..679.602 rows=10 loops=1)
         ->  Bitmap Heap Scan on files  (cost=204.15..21133.72 rows=19245 width=8) (actual time=388.520..679.595 rows=10 loops=1)
               Recheck Cond: (contents ~ 'fmt\.Error'::text)
               Rows Removed by Index Recheck: 671
               Heap Blocks: exact=424
               ->  Bitmap Index Scan on files_contents_trgm_idx  (cost=0.00..199.33 rows=19245 width=0) (actual time=193.614..193.615 rows=284024 loops=1)
                     Index Cond: (contents ~ 'fmt\.Error'::text)
 Planning Time: 26.268 ms
 Execution Time: 682.574 ms
(10 rows)

Time: 710.220 ms
TIME:14:08:56
query: EXPLAIN ANALYZE select count(id) from (select id from files where contents ~ 'fmt\.Error' limit 10) as e;
Timing is on.
                                                                        QUERY PLAN                                                                         
-----------------------------------------------------------------------------------------------------------------------------------------------------------
 Aggregate  (cost=215.15..215.16 rows=1 width=8) (actual time=679.924..679.925 rows=1 loops=1)
   ->  Limit  (cost=204.15..215.02 rows=10 width=8) (actual time=397.807..679.912 rows=10 loops=1)
         ->  Bitmap Heap Scan on files  (cost=204.15..21133.72 rows=19245 width=8) (actual time=397.806..679.906 rows=10 loops=1)
               Recheck Cond: (contents ~ 'fmt\.Error'::text)
               Rows Removed by Index Recheck: 671
               Heap Blocks: exact=424
               ->  Bitmap Index Scan on files_contents_trgm_idx  (cost=0.00..199.33 rows=19245 width=0) (actual time=199.632..199.632 rows=284024 loops=1)
                     Index Cond: (contents ~ 'fmt\.Error'::text)
 Planning Time: 26.841 ms
 Execution Time: 682.785 ms
(10 rows)

Time: 711.136 ms
TIME:14:08:57
query: EXPLAIN ANALYZE select count(id) from (select id from files where contents ~ 'fmt\.Error' limit 10) as e;
Timing is on.
                                                                        QUERY PLAN                                                                         
-----------------------------------------------------------------------------------------------------------------------------------------------------------
 Aggregate  (cost=215.15..215.16 rows=1 width=8) (actual time=674.111..674.113 rows=1 loops=1)
   ->  Limit  (cost=204.15..215.02 rows=10 width=8) (actual time=396.111..674.081 rows=10 loops=1)
         ->  Bitmap Heap Scan on files  (cost=204.15..21133.72 rows=19245 width=8) (actual time=396.109..674.075 rows=10 loops=1)
               Recheck Cond: (contents ~ 'fmt\.Error'::text)
               Rows Removed by Index Recheck: 671
               Heap Blocks: exact=424
               ->  Bitmap Index Scan on files_contents_trgm_idx  (cost=0.00..199.33 rows=19245 width=0) (actual time=203.722..203.723 rows=284024 loops=1)
                     Index Cond: (contents ~ 'fmt\.Error'::text)
 Planning Time: 30.058 ms
 Execution Time: 677.118 ms
(10 rows)

Time: 708.898 ms
TIME:14:08:58
query: EXPLAIN ANALYZE select count(id) from (select id from files where contents ~ 'fmt\.Error' limit 10) as e;
Timing is on.
                                                                        QUERY PLAN                                                                         
-----------------------------------------------------------------------------------------------------------------------------------------------------------
 Aggregate  (cost=215.15..215.16 rows=1 width=8) (actual time=687.806..687.807 rows=1 loops=1)
   ->  Limit  (cost=204.15..215.02 rows=10 width=8) (actual time=406.947..687.795 rows=10 loops=1)
         ->  Bitmap Heap Scan on files  (cost=204.15..21133.72 rows=19245 width=8) (actual time=406.946..687.789 rows=10 loops=1)
               Recheck Cond: (contents ~ 'fmt\.Error'::text)
               Rows Removed by Index Recheck: 671
               Heap Blocks: exact=424
               ->  Bitmap Index Scan on files_contents_trgm_idx  (cost=0.00..199.33 rows=19245 width=0) (actual time=199.166..199.167 rows=284024 loops=1)
                     Index Cond: (contents ~ 'fmt\.Error'::text)
 Planning Time: 25.938 ms
 Execution Time: 690.634 ms
(10 rows)

Time: 718.245 ms
TIME:14:08:59
query: EXPLAIN ANALYZE select count(id) from (select id from files where contents ~ 'fmt\.Error' limit 10) as e;
Timing is on.
                                                                        QUERY PLAN                                                                         
-----------------------------------------------------------------------------------------------------------------------------------------------------------
 Aggregate  (cost=215.15..215.16 rows=1 width=8) (actual time=678.528..678.529 rows=1 loops=1)
   ->  Limit  (cost=204.15..215.02 rows=10 width=8) (actual time=394.511..678.517 rows=10 loops=1)
         ->  Bitmap Heap Scan on files  (cost=204.15..21133.72 rows=19245 width=8) (actual time=394.510..678.511 rows=10 loops=1)
               Recheck Cond: (contents ~ 'fmt\.Error'::text)
               Rows Removed by Index Recheck: 671
               Heap Blocks: exact=424
               ->  Bitmap Index Scan on files_contents_trgm_idx  (cost=0.00..199.33 rows=19245 width=0) (actual time=197.444..197.445 rows=284024 loops=1)
                     Index Cond: (contents ~ 'fmt\.Error'::text)
 Planning Time: 29.293 ms
 Execution Time: 681.386 ms
(10 rows)

Time: 712.493 ms
TIME:14:09:01
query: EXPLAIN ANALYZE select count(id) from (select id from files where contents ~ 'fmt\.Error' limit 10) as e;
Timing is on.
                                                                        QUERY PLAN                                                                         
-----------------------------------------------------------------------------------------------------------------------------------------------------------
 Aggregate  (cost=215.15..215.16 rows=1 width=8) (actual time=679.212..679.213 rows=1 loops=1)
   ->  Limit  (cost=204.15..215.02 rows=10 width=8) (actual time=398.447..679.200 rows=10 loops=1)
         ->  Bitmap Heap Scan on files  (cost=204.15..21133.72 rows=19245 width=8) (actual time=398.360..679.109 rows=10 loops=1)
               Recheck Cond: (contents ~ 'fmt\.Error'::text)
               Rows Removed by Index Recheck: 671
               Heap Blocks: exact=424
               ->  Bitmap Index Scan on files_contents_trgm_idx  (cost=0.00..199.33 rows=19245 width=0) (actual time=202.751..202.752 rows=284024 loops=1)
                     Index Cond: (contents ~ 'fmt\.Error'::text)
 Planning Time: 32.273 ms
 Execution Time: 682.187 ms
(10 rows)

Time: 715.986 ms
TIME:14:09:02
query: EXPLAIN ANALYZE select count(id) from (select id from files where contents ~ 'fmt\.Error' limit 10) as e;
Timing is on.
                                                                        QUERY PLAN                                                                         
-----------------------------------------------------------------------------------------------------------------------------------------------------------
 Aggregate  (cost=215.15..215.16 rows=1 width=8) (actual time=687.697..687.699 rows=1 loops=1)
   ->  Limit  (cost=204.15..215.02 rows=10 width=8) (actual time=395.626..687.684 rows=10 loops=1)
         ->  Bitmap Heap Scan on files  (cost=204.15..21133.72 rows=19245 width=8) (actual time=395.625..687.678 rows=10 loops=1)
               Recheck Cond: (contents ~ 'fmt\.Error'::text)
               Rows Removed by Index Recheck: 671
               Heap Blocks: exact=424
               ->  Bitmap Index Scan on files_contents_trgm_idx  (cost=0.00..199.33 rows=19245 width=0) (actual time=199.347..199.348 rows=284024 loops=1)
                     Index Cond: (contents ~ 'fmt\.Error'::text)
 Planning Time: 29.304 ms
 Execution Time: 691.334 ms
(10 rows)

Time: 722.163 ms
TIME:14:09:03
query: EXPLAIN ANALYZE select count(id) from (select id from files where contents ~ 'fmt\.Error' limit 10) as e;
Timing is on.
                                                                        QUERY PLAN                                                                         
-----------------------------------------------------------------------------------------------------------------------------------------------------------
 Aggregate  (cost=215.15..215.16 rows=1 width=8) (actual time=656.461..656.462 rows=1 loops=1)
   ->  Limit  (cost=204.15..215.02 rows=10 width=8) (actual time=379.299..656.419 rows=10 loops=1)
         ->  Bitmap Heap Scan on files  (cost=204.15..21133.72 rows=19245 width=8) (actual time=379.298..656.413 rows=10 loops=1)
               Recheck Cond: (contents ~ 'fmt\.Error'::text)
               Rows Removed by Index Recheck: 671
               Heap Blocks: exact=424
               ->  Bitmap Index Scan on files_contents_trgm_idx  (cost=0.00..199.33 rows=19245 width=0) (actual time=188.706..188.706 rows=284024 loops=1)
                     Index Cond: (contents ~ 'fmt\.Error'::text)
 Planning Time: 28.751 ms
 Execution Time: 659.232 ms
(10 rows)

Time: 689.495 ms
TIME:14:09:04
query: EXPLAIN ANALYZE select count(id) from (select id from files where contents ~ 'fmt\.Error' limit 10) as e;
Timing is on.
                                                                        QUERY PLAN                                                                         
-----------------------------------------------------------------------------------------------------------------------------------------------------------
 Aggregate  (cost=215.15..215.16 rows=1 width=8) (actual time=683.542..683.544 rows=1 loops=1)
   ->  Limit  (cost=204.15..215.02 rows=10 width=8) (actual time=402.154..683.530 rows=10 loops=1)
         ->  Bitmap Heap Scan on files  (cost=204.15..21133.72 rows=19245 width=8) (actual time=402.152..683.524 rows=10 loops=1)
               Recheck Cond: (contents ~ 'fmt\.Error'::text)
               Rows Removed by Index Recheck: 671
               Heap Blocks: exact=424
               ->  Bitmap Index Scan on files_contents_trgm_idx  (cost=0.00..199.33 rows=19245 width=0) (actual time=195.811..195.812 rows=284024 loops=1)
                     Index Cond: (contents ~ 'fmt\.Error'::text)
 Planning Time: 30.078 ms
 Execution Time: 686.388 ms
(10 rows)

Time: 718.002 ms
TIME:14:09:04
query: EXPLAIN ANALYZE select count(id) from (select id from files where contents ~ 'fmt\.Error' limit 10) as e;
Timing is on.
                                                                        QUERY PLAN                                                                         
-----------------------------------------------------------------------------------------------------------------------------------------------------------
 Aggregate  (cost=215.15..215.16 rows=1 width=8) (actual time=684.644..684.646 rows=1 loops=1)
   ->  Limit  (cost=204.15..215.02 rows=10 width=8) (actual time=386.325..684.633 rows=10 loops=1)
         ->  Bitmap Heap Scan on files  (cost=204.15..21133.72 rows=19245 width=8) (actual time=386.324..684.611 rows=10 loops=1)
               Recheck Cond: (contents ~ 'fmt\.Error'::text)
               Rows Removed by Index Recheck: 671
               Heap Blocks: exact=424
               ->  Bitmap Index Scan on files_contents_trgm_idx  (cost=0.00..199.33 rows=19245 width=0) (actual time=194.078..194.078 rows=284024 loops=1)
                     Index Cond: (contents ~ 'fmt\.Error'::text)
 Planning Time: 30.363 ms
 Execution Time: 687.672 ms
(10 rows)

Time: 719.499 ms
TIME:14:09:05
query: EXPLAIN ANALYZE select count(id) from (select id from files where contents ~ 'fmt\.Error' limit 10) as e;
Timing is on.
                                                                        QUERY PLAN                                                                         
-----------------------------------------------------------------------------------------------------------------------------------------------------------
 Aggregate  (cost=215.15..215.16 rows=1 width=8) (actual time=677.202..677.204 rows=1 loops=1)
   ->  Limit  (cost=204.15..215.02 rows=10 width=8) (actual time=397.544..677.191 rows=10 loops=1)
         ->  Bitmap Heap Scan on files  (cost=204.15..21133.72 rows=19245 width=8) (actual time=397.542..677.185 rows=10 loops=1)
               Recheck Cond: (contents ~ 'fmt\.Error'::text)
               Rows Removed by Index Recheck: 671
               Heap Blocks: exact=424
               ->  Bitmap Index Scan on files_contents_trgm_idx  (cost=0.00..199.33 rows=19245 width=0) (actual time=202.453..202.453 rows=284024 loops=1)
                     Index Cond: (contents ~ 'fmt\.Error'::text)
 Planning Time: 30.921 ms
 Execution Time: 680.081 ms
(10 rows)

Time: 712.578 ms
TIME:14:09:06
query: EXPLAIN ANALYZE select count(id) from (select id from files where contents ~ 'fmt\.Error' limit 10) as e;
Timing is on.
                                                                        QUERY PLAN                                                                         
-----------------------------------------------------------------------------------------------------------------------------------------------------------
 Aggregate  (cost=215.15..215.16 rows=1 width=8) (actual time=697.661..697.663 rows=1 loops=1)
   ->  Limit  (cost=204.15..215.02 rows=10 width=8) (actual time=418.111..697.611 rows=10 loops=1)
         ->  Bitmap Heap Scan on files  (cost=204.15..21133.72 rows=19245 width=8) (actual time=418.110..697.604 rows=10 loops=1)
               Recheck Cond: (contents ~ 'fmt\.Error'::text)
               Rows Removed by Index Recheck: 671
               Heap Blocks: exact=424
               ->  Bitmap Index Scan on files_contents_trgm_idx  (cost=0.00..199.33 rows=19245 width=0) (actual time=210.559..210.559 rows=284024 loops=1)
                     Index Cond: (contents ~ 'fmt\.Error'::text)
 Planning Time: 29.668 ms
 Execution Time: 700.535 ms
(10 rows)

Time: 731.643 ms
TIME:14:09:07
query: EXPLAIN ANALYZE select count(id) from (select id from files where contents ~ 'fmt\.Error' limit 10) as e;
Timing is on.
                                                                        QUERY PLAN                                                                         
-----------------------------------------------------------------------------------------------------------------------------------------------------------
 Aggregate  (cost=215.15..215.16 rows=1 width=8) (actual time=693.965..693.967 rows=1 loops=1)
   ->  Limit  (cost=204.15..215.02 rows=10 width=8) (actual time=402.095..693.953 rows=10 loops=1)
         ->  Bitmap Heap Scan on files  (cost=204.15..21133.72 rows=19245 width=8) (actual time=402.093..693.925 rows=10 loops=1)
               Recheck Cond: (contents ~ 'fmt\.Error'::text)
               Rows Removed by Index Recheck: 671
               Heap Blocks: exact=424
               ->  Bitmap Index Scan on files_contents_trgm_idx  (cost=0.00..199.33 rows=19245 width=0) (actual time=194.430..194.431 rows=284024 loops=1)
                     Index Cond: (contents ~ 'fmt\.Error'::text)
 Planning Time: 28.192 ms
 Execution Time: 697.217 ms
(10 rows)

Time: 726.826 ms
limit 10: 'error'
TIME:14:09:08
query: EXPLAIN ANALYZE select count(id) from (select id from files where contents ~ 'error' limit 10) as e;
Timing is on.
                                                       QUERY PLAN                                                       
------------------------------------------------------------------------------------------------------------------------
 Aggregate  (cost=23.32..23.33 rows=1 width=8) (actual time=15.843..15.845 rows=1 loops=1)
   ->  Limit  (cost=0.00..23.19 rows=10 width=8) (actual time=0.793..15.833 rows=10 loops=1)
         ->  Seq Scan on files  (cost=0.00..1075530.95 rows=463753 width=8) (actual time=0.791..15.813 rows=10 loops=1)
               Filter: (contents ~ 'error'::text)
               Rows Removed by Filter: 44
 Planning Time: 30.696 ms
 Execution Time: 15.877 ms
(7 rows)

Time: 48.041 ms
TIME:14:09:09
query: EXPLAIN ANALYZE select count(id) from (select id from files where contents ~ 'error' limit 10) as e;
Timing is on.
                                                       QUERY PLAN                                                       
------------------------------------------------------------------------------------------------------------------------
 Aggregate  (cost=23.32..23.33 rows=1 width=8) (actual time=15.261..15.262 rows=1 loops=1)
   ->  Limit  (cost=0.00..23.19 rows=10 width=8) (actual time=0.682..15.233 rows=10 loops=1)
         ->  Seq Scan on files  (cost=0.00..1075530.95 rows=463753 width=8) (actual time=0.681..15.227 rows=10 loops=1)
               Filter: (contents ~ 'error'::text)
               Rows Removed by Filter: 44
 Planning Time: 26.155 ms
 Execution Time: 15.307 ms
(7 rows)

Time: 42.822 ms
TIME:14:09:09
query: EXPLAIN ANALYZE select count(id) from (select id from files where contents ~ 'error' limit 10) as e;
Timing is on.
                                                       QUERY PLAN                                                       
------------------------------------------------------------------------------------------------------------------------
 Aggregate  (cost=23.32..23.33 rows=1 width=8) (actual time=15.967..15.968 rows=1 loops=1)
   ->  Limit  (cost=0.00..23.19 rows=10 width=8) (actual time=0.710..15.956 rows=10 loops=1)
         ->  Seq Scan on files  (cost=0.00..1075530.95 rows=463753 width=8) (actual time=0.709..15.951 rows=10 loops=1)
               Filter: (contents ~ 'error'::text)
               Rows Removed by Filter: 44
 Planning Time: 26.104 ms
 Execution Time: 15.997 ms
(7 rows)

Time: 43.384 ms
TIME:14:09:09
query: EXPLAIN ANALYZE select count(id) from (select id from files where contents ~ 'error' limit 10) as e;
Timing is on.
                                                       QUERY PLAN                                                       
------------------------------------------------------------------------------------------------------------------------
 Aggregate  (cost=23.32..23.33 rows=1 width=8) (actual time=15.156..15.157 rows=1 loops=1)
   ->  Limit  (cost=0.00..23.19 rows=10 width=8) (actual time=0.554..15.145 rows=10 loops=1)
         ->  Seq Scan on files  (cost=0.00..1075530.95 rows=463753 width=8) (actual time=0.553..15.139 rows=10 loops=1)
               Filter: (contents ~ 'error'::text)
               Rows Removed by Filter: 44
 Planning Time: 28.507 ms
 Execution Time: 15.189 ms
(7 rows)

Time: 45.042 ms
TIME:14:09:09
query: EXPLAIN ANALYZE select count(id) from (select id from files where contents ~ 'error' limit 10) as e;
Timing is on.
                                                       QUERY PLAN                                                       
------------------------------------------------------------------------------------------------------------------------
 Aggregate  (cost=23.32..23.33 rows=1 width=8) (actual time=16.103..16.104 rows=1 loops=1)
   ->  Limit  (cost=0.00..23.19 rows=10 width=8) (actual time=0.685..16.090 rows=10 loops=1)
         ->  Seq Scan on files  (cost=0.00..1075530.95 rows=463753 width=8) (actual time=0.684..16.084 rows=10 loops=1)
               Filter: (contents ~ 'error'::text)
               Rows Removed by Filter: 44
 Planning Time: 29.980 ms
 Execution Time: 16.134 ms
(7 rows)

Time: 47.484 ms
TIME:14:09:10
query: EXPLAIN ANALYZE select count(id) from (select id from files where contents ~ 'error' limit 10) as e;
Timing is on.
                                                       QUERY PLAN                                                       
------------------------------------------------------------------------------------------------------------------------
 Aggregate  (cost=23.32..23.33 rows=1 width=8) (actual time=14.543..14.545 rows=1 loops=1)
   ->  Limit  (cost=0.00..23.19 rows=10 width=8) (actual time=0.640..14.518 rows=10 loops=1)
         ->  Seq Scan on files  (cost=0.00..1075530.95 rows=463753 width=8) (actual time=0.639..14.513 rows=10 loops=1)
               Filter: (contents ~ 'error'::text)
               Rows Removed by Filter: 44
 Planning Time: 25.466 ms
 Execution Time: 14.574 ms
(7 rows)

Time: 41.429 ms
TIME:14:09:10
query: EXPLAIN ANALYZE select count(id) from (select id from files where contents ~ 'error' limit 10) as e;
Timing is on.
                                                       QUERY PLAN                                                       
------------------------------------------------------------------------------------------------------------------------
 Aggregate  (cost=23.32..23.33 rows=1 width=8) (actual time=15.810..15.811 rows=1 loops=1)
   ->  Limit  (cost=0.00..23.19 rows=10 width=8) (actual time=0.559..15.741 rows=10 loops=1)
         ->  Seq Scan on files  (cost=0.00..1075530.95 rows=463753 width=8) (actual time=0.558..15.735 rows=10 loops=1)
               Filter: (contents ~ 'error'::text)
               Rows Removed by Filter: 44
 Planning Time: 28.977 ms
 Execution Time: 15.895 ms
(7 rows)

Time: 46.273 ms
TIME:14:09:10
query: EXPLAIN ANALYZE select count(id) from (select id from files where contents ~ 'error' limit 10) as e;
Timing is on.
                                                       QUERY PLAN                                                       
------------------------------------------------------------------------------------------------------------------------
 Aggregate  (cost=23.32..23.33 rows=1 width=8) (actual time=15.007..15.008 rows=1 loops=1)
   ->  Limit  (cost=0.00..23.19 rows=10 width=8) (actual time=0.665..14.980 rows=10 loops=1)
         ->  Seq Scan on files  (cost=0.00..1075530.95 rows=463753 width=8) (actual time=0.664..14.973 rows=10 loops=1)
               Filter: (contents ~ 'error'::text)
               Rows Removed by Filter: 44
 Planning Time: 27.890 ms
 Execution Time: 15.055 ms
(7 rows)

Time: 44.399 ms
TIME:14:09:10
query: EXPLAIN ANALYZE select count(id) from (select id from files where contents ~ 'error' limit 10) as e;
Timing is on.
                                                       QUERY PLAN                                                       
------------------------------------------------------------------------------------------------------------------------
 Aggregate  (cost=23.32..23.33 rows=1 width=8) (actual time=17.836..17.837 rows=1 loops=1)
   ->  Limit  (cost=0.00..23.19 rows=10 width=8) (actual time=0.727..17.823 rows=10 loops=1)
         ->  Seq Scan on files  (cost=0.00..1075530.95 rows=463753 width=8) (actual time=0.725..17.816 rows=10 loops=1)
               Filter: (contents ~ 'error'::text)
               Rows Removed by Filter: 44
 Planning Time: 30.201 ms
 Execution Time: 17.868 ms
(7 rows)

Time: 49.362 ms
TIME:14:09:11
query: EXPLAIN ANALYZE select count(id) from (select id from files where contents ~ 'error' limit 10) as e;
Timing is on.
                                                       QUERY PLAN                                                       
------------------------------------------------------------------------------------------------------------------------
 Aggregate  (cost=23.32..23.33 rows=1 width=8) (actual time=15.391..15.392 rows=1 loops=1)
   ->  Limit  (cost=0.00..23.19 rows=10 width=8) (actual time=0.501..15.380 rows=10 loops=1)
         ->  Seq Scan on files  (cost=0.00..1075530.95 rows=463753 width=8) (actual time=0.500..15.357 rows=10 loops=1)
               Filter: (contents ~ 'error'::text)
               Rows Removed by Filter: 44
 Planning Time: 29.924 ms
 Execution Time: 15.484 ms
(7 rows)

Time: 47.034 ms
TIME:14:09:11
query: EXPLAIN ANALYZE select count(id) from (select id from files where contents ~ 'error' limit 10) as e;
Timing is on.
                                                       QUERY PLAN                                                       
------------------------------------------------------------------------------------------------------------------------
 Aggregate  (cost=23.32..23.33 rows=1 width=8) (actual time=15.120..15.121 rows=1 loops=1)
   ->  Limit  (cost=0.00..23.19 rows=10 width=8) (actual time=0.789..15.109 rows=10 loops=1)
         ->  Seq Scan on files  (cost=0.00..1075530.95 rows=463753 width=8) (actual time=0.788..15.104 rows=10 loops=1)
               Filter: (contents ~ 'error'::text)
               Rows Removed by Filter: 44
 Planning Time: 27.115 ms
 Execution Time: 15.172 ms
(7 rows)

Time: 43.543 ms
TIME:14:09:11
query: EXPLAIN ANALYZE select count(id) from (select id from files where contents ~ 'error' limit 10) as e;
Timing is on.
                                                       QUERY PLAN                                                       
------------------------------------------------------------------------------------------------------------------------
 Aggregate  (cost=23.32..23.33 rows=1 width=8) (actual time=14.779..14.780 rows=1 loops=1)
   ->  Limit  (cost=0.00..23.19 rows=10 width=8) (actual time=0.836..14.768 rows=10 loops=1)
         ->  Seq Scan on files  (cost=0.00..1075530.95 rows=463753 width=8) (actual time=0.835..14.763 rows=10 loops=1)
               Filter: (contents ~ 'error'::text)
               Rows Removed by Filter: 44
 Planning Time: 26.860 ms
 Execution Time: 14.825 ms
(7 rows)

Time: 42.973 ms
TIME:14:09:12
query: EXPLAIN ANALYZE select count(id) from (select id from files where contents ~ 'error' limit 10) as e;
Timing is on.
                                                       QUERY PLAN                                                       
------------------------------------------------------------------------------------------------------------------------
 Aggregate  (cost=23.32..23.33 rows=1 width=8) (actual time=14.924..14.926 rows=1 loops=1)
   ->  Limit  (cost=0.00..23.19 rows=10 width=8) (actual time=0.726..14.914 rows=10 loops=1)
         ->  Seq Scan on files  (cost=0.00..1075530.95 rows=463753 width=8) (actual time=0.725..14.908 rows=10 loops=1)
               Filter: (contents ~ 'error'::text)
               Rows Removed by Filter: 44
 Planning Time: 26.095 ms
 Execution Time: 14.953 ms
(7 rows)

Time: 42.288 ms
TIME:14:09:12
query: EXPLAIN ANALYZE select count(id) from (select id from files where contents ~ 'error' limit 10) as e;
Timing is on.
                                                       QUERY PLAN                                                       
------------------------------------------------------------------------------------------------------------------------
 Aggregate  (cost=23.32..23.33 rows=1 width=8) (actual time=14.575..14.576 rows=1 loops=1)
   ->  Limit  (cost=0.00..23.19 rows=10 width=8) (actual time=0.637..14.564 rows=10 loops=1)
         ->  Seq Scan on files  (cost=0.00..1075530.95 rows=463753 width=8) (actual time=0.635..14.559 rows=10 loops=1)
               Filter: (contents ~ 'error'::text)
               Rows Removed by Filter: 44
 Planning Time: 28.222 ms
 Execution Time: 14.625 ms
(7 rows)

Time: 44.102 ms
TIME:14:09:12
query: EXPLAIN ANALYZE select count(id) from (select id from files where contents ~ 'error' limit 10) as e;
Timing is on.
                                                       QUERY PLAN                                                       
------------------------------------------------------------------------------------------------------------------------
 Aggregate  (cost=23.32..23.33 rows=1 width=8) (actual time=15.854..15.855 rows=1 loops=1)
   ->  Limit  (cost=0.00..23.19 rows=10 width=8) (actual time=0.675..15.827 rows=10 loops=1)
         ->  Seq Scan on files  (cost=0.00..1075530.95 rows=463753 width=8) (actual time=0.674..15.821 rows=10 loops=1)
               Filter: (contents ~ 'error'::text)
               Rows Removed by Filter: 44
 Planning Time: 26.263 ms
 Execution Time: 15.887 ms
(7 rows)

Time: 43.412 ms
TIME:14:09:12
query: EXPLAIN ANALYZE select count(id) from (select id from files where contents ~ 'error' limit 10) as e;
Timing is on.
                                                       QUERY PLAN                                                       
------------------------------------------------------------------------------------------------------------------------
 Aggregate  (cost=23.32..23.33 rows=1 width=8) (actual time=15.940..15.941 rows=1 loops=1)
   ->  Limit  (cost=0.00..23.19 rows=10 width=8) (actual time=0.781..15.927 rows=10 loops=1)
         ->  Seq Scan on files  (cost=0.00..1075530.95 rows=463753 width=8) (actual time=0.780..15.905 rows=10 loops=1)
               Filter: (contents ~ 'error'::text)
               Rows Removed by Filter: 44
 Planning Time: 29.155 ms
 Execution Time: 15.971 ms
(7 rows)

Time: 47.042 ms
TIME:14:09:13
query: EXPLAIN ANALYZE select count(id) from (select id from files where contents ~ 'error' limit 10) as e;
Timing is on.
                                                       QUERY PLAN                                                       
------------------------------------------------------------------------------------------------------------------------
 Aggregate  (cost=23.32..23.33 rows=1 width=8) (actual time=15.259..15.260 rows=1 loops=1)
   ->  Limit  (cost=0.00..23.19 rows=10 width=8) (actual time=0.633..15.247 rows=10 loops=1)
         ->  Seq Scan on files  (cost=0.00..1075530.95 rows=463753 width=8) (actual time=0.632..15.241 rows=10 loops=1)
               Filter: (contents ~ 'error'::text)
               Rows Removed by Filter: 44
 Planning Time: 28.536 ms
 Execution Time: 15.292 ms
(7 rows)

Time: 45.175 ms
TIME:14:09:13
query: EXPLAIN ANALYZE select count(id) from (select id from files where contents ~ 'error' limit 10) as e;
Timing is on.
                                                       QUERY PLAN                                                       
------------------------------------------------------------------------------------------------------------------------
 Aggregate  (cost=23.32..23.33 rows=1 width=8) (actual time=17.085..17.086 rows=1 loops=1)
   ->  Limit  (cost=0.00..23.19 rows=10 width=8) (actual time=0.834..17.057 rows=10 loops=1)
         ->  Seq Scan on files  (cost=0.00..1075530.95 rows=463753 width=8) (actual time=0.832..17.051 rows=10 loops=1)
               Filter: (contents ~ 'error'::text)
               Rows Removed by Filter: 44
 Planning Time: 30.538 ms
 Execution Time: 17.153 ms
(7 rows)

Time: 49.125 ms
TIME:14:09:13
query: EXPLAIN ANALYZE select count(id) from (select id from files where contents ~ 'error' limit 10) as e;
Timing is on.
                                                       QUERY PLAN                                                       
------------------------------------------------------------------------------------------------------------------------
 Aggregate  (cost=23.32..23.33 rows=1 width=8) (actual time=14.996..14.997 rows=1 loops=1)
   ->  Limit  (cost=0.00..23.19 rows=10 width=8) (actual time=0.756..14.969 rows=10 loops=1)
         ->  Seq Scan on files  (cost=0.00..1075530.95 rows=463753 width=8) (actual time=0.755..14.964 rows=10 loops=1)
               Filter: (contents ~ 'error'::text)
               Rows Removed by Filter: 44
 Planning Time: 29.410 ms
 Execution Time: 15.027 ms
(7 rows)

Time: 45.858 ms
TIME:14:09:13
query: EXPLAIN ANALYZE select count(id) from (select id from files where contents ~ 'error' limit 10) as e;
Timing is on.
                                                       QUERY PLAN                                                       
------------------------------------------------------------------------------------------------------------------------
 Aggregate  (cost=23.32..23.33 rows=1 width=8) (actual time=15.098..15.099 rows=1 loops=1)
   ->  Limit  (cost=0.00..23.19 rows=10 width=8) (actual time=0.719..15.087 rows=10 loops=1)
         ->  Seq Scan on files  (cost=0.00..1075530.95 rows=463753 width=8) (actual time=0.718..15.081 rows=10 loops=1)
               Filter: (contents ~ 'error'::text)
               Rows Removed by Filter: 44
 Planning Time: 28.973 ms
 Execution Time: 15.128 ms
(7 rows)

Time: 45.320 ms
TIME:14:09:14
query: EXPLAIN ANALYZE select count(id) from (select id from files where contents ~ 'error' limit 10) as e;
Timing is on.
                                                       QUERY PLAN                                                       
------------------------------------------------------------------------------------------------------------------------
 Aggregate  (cost=23.32..23.33 rows=1 width=8) (actual time=14.639..14.641 rows=1 loops=1)
   ->  Limit  (cost=0.00..23.19 rows=10 width=8) (actual time=0.664..14.629 rows=10 loops=1)
         ->  Seq Scan on files  (cost=0.00..1075530.95 rows=463753 width=8) (actual time=0.663..14.608 rows=10 loops=1)
               Filter: (contents ~ 'error'::text)
               Rows Removed by Filter: 44
 Planning Time: 27.334 ms
 Execution Time: 14.686 ms
(7 rows)

Time: 43.315 ms
TIME:14:09:14
query: EXPLAIN ANALYZE select count(id) from (select id from files where contents ~ 'error' limit 10) as e;
Timing is on.
                                                       QUERY PLAN                                                       
------------------------------------------------------------------------------------------------------------------------
 Aggregate  (cost=23.32..23.33 rows=1 width=8) (actual time=15.212..15.213 rows=1 loops=1)
   ->  Limit  (cost=0.00..23.19 rows=10 width=8) (actual time=0.632..15.201 rows=10 loops=1)
         ->  Seq Scan on files  (cost=0.00..1075530.95 rows=463753 width=8) (actual time=0.631..15.194 rows=10 loops=1)
               Filter: (contents ~ 'error'::text)
               Rows Removed by Filter: 44
 Planning Time: 29.052 ms
 Execution Time: 15.243 ms
(7 rows)

Time: 45.581 ms
TIME:14:09:14
query: EXPLAIN ANALYZE select count(id) from (select id from files where contents ~ 'error' limit 10) as e;
Timing is on.
                                                       QUERY PLAN                                                       
------------------------------------------------------------------------------------------------------------------------
 Aggregate  (cost=23.32..23.33 rows=1 width=8) (actual time=14.893..14.895 rows=1 loops=1)
   ->  Limit  (cost=0.00..23.19 rows=10 width=8) (actual time=0.695..14.882 rows=10 loops=1)
         ->  Seq Scan on files  (cost=0.00..1075530.95 rows=463753 width=8) (actual time=0.694..14.875 rows=10 loops=1)
               Filter: (contents ~ 'error'::text)
               Rows Removed by Filter: 44
 Planning Time: 28.262 ms
 Execution Time: 14.970 ms
(7 rows)

Time: 44.661 ms
TIME:14:09:15
query: EXPLAIN ANALYZE select count(id) from (select id from files where contents ~ 'error' limit 10) as e;
Timing is on.
                                                       QUERY PLAN                                                       
------------------------------------------------------------------------------------------------------------------------
 Aggregate  (cost=23.32..23.33 rows=1 width=8) (actual time=16.367..16.368 rows=1 loops=1)
   ->  Limit  (cost=0.00..23.19 rows=10 width=8) (actual time=0.634..16.354 rows=10 loops=1)
         ->  Seq Scan on files  (cost=0.00..1075530.95 rows=463753 width=8) (actual time=0.632..16.347 rows=10 loops=1)
               Filter: (contents ~ 'error'::text)
               Rows Removed by Filter: 44
 Planning Time: 29.816 ms
 Execution Time: 16.467 ms
(7 rows)

Time: 47.715 ms
TIME:14:09:15
query: EXPLAIN ANALYZE select count(id) from (select id from files where contents ~ 'error' limit 10) as e;
Timing is on.
                                                       QUERY PLAN                                                       
------------------------------------------------------------------------------------------------------------------------
 Aggregate  (cost=23.32..23.33 rows=1 width=8) (actual time=16.087..16.088 rows=1 loops=1)
   ->  Limit  (cost=0.00..23.19 rows=10 width=8) (actual time=0.693..16.058 rows=10 loops=1)
         ->  Seq Scan on files  (cost=0.00..1075530.95 rows=463753 width=8) (actual time=0.692..16.052 rows=10 loops=1)
               Filter: (contents ~ 'error'::text)
               Rows Removed by Filter: 44
 Planning Time: 29.159 ms
 Execution Time: 16.119 ms
(7 rows)

Time: 46.675 ms
TIME:14:09:15
query: EXPLAIN ANALYZE select count(id) from (select id from files where contents ~ 'error' limit 10) as e;
Timing is on.
                                                       QUERY PLAN                                                       
------------------------------------------------------------------------------------------------------------------------
 Aggregate  (cost=23.32..23.33 rows=1 width=8) (actual time=14.373..14.375 rows=1 loops=1)
   ->  Limit  (cost=0.00..23.19 rows=10 width=8) (actual time=0.504..14.362 rows=10 loops=1)
         ->  Seq Scan on files  (cost=0.00..1075530.95 rows=463753 width=8) (actual time=0.503..14.356 rows=10 loops=1)
               Filter: (contents ~ 'error'::text)
               Rows Removed by Filter: 44
 Planning Time: 28.319 ms
 Execution Time: 14.406 ms
(7 rows)

Time: 43.919 ms
TIME:14:09:15
query: EXPLAIN ANALYZE select count(id) from (select id from files where contents ~ 'error' limit 10) as e;
Timing is on.
                                                       QUERY PLAN                                                       
------------------------------------------------------------------------------------------------------------------------
 Aggregate  (cost=23.32..23.33 rows=1 width=8) (actual time=14.865..14.866 rows=1 loops=1)
   ->  Limit  (cost=0.00..23.19 rows=10 width=8) (actual time=0.653..14.837 rows=10 loops=1)
         ->  Seq Scan on files  (cost=0.00..1075530.95 rows=463753 width=8) (actual time=0.653..14.829 rows=10 loops=1)
               Filter: (contents ~ 'error'::text)
               Rows Removed by Filter: 44
 Planning Time: 30.229 ms
 Execution Time: 14.921 ms
(7 rows)

Time: 46.432 ms
TIME:14:09:16
query: EXPLAIN ANALYZE select count(id) from (select id from files where contents ~ 'error' limit 10) as e;
Timing is on.
                                                       QUERY PLAN                                                       
------------------------------------------------------------------------------------------------------------------------
 Aggregate  (cost=23.32..23.33 rows=1 width=8) (actual time=17.794..17.796 rows=1 loops=1)
   ->  Limit  (cost=0.00..23.19 rows=10 width=8) (actual time=0.569..17.750 rows=10 loops=1)
         ->  Seq Scan on files  (cost=0.00..1075530.95 rows=463753 width=8) (actual time=0.567..17.743 rows=10 loops=1)
               Filter: (contents ~ 'error'::text)
               Rows Removed by Filter: 44
 Planning Time: 30.817 ms
 Execution Time: 17.829 ms
(7 rows)

Time: 50.214 ms
TIME:14:09:16
query: EXPLAIN ANALYZE select count(id) from (select id from files where contents ~ 'error' limit 10) as e;
Timing is on.
                                                       QUERY PLAN                                                       
------------------------------------------------------------------------------------------------------------------------
 Aggregate  (cost=23.32..23.33 rows=1 width=8) (actual time=15.420..15.421 rows=1 loops=1)
   ->  Limit  (cost=0.00..23.19 rows=10 width=8) (actual time=0.640..15.408 rows=10 loops=1)
         ->  Seq Scan on files  (cost=0.00..1075530.95 rows=463753 width=8) (actual time=0.639..15.402 rows=10 loops=1)
               Filter: (contents ~ 'error'::text)
               Rows Removed by Filter: 44
 Planning Time: 29.085 ms
 Execution Time: 15.496 ms
(7 rows)

Time: 45.944 ms
TIME:14:09:16
query: EXPLAIN ANALYZE select count(id) from (select id from files where contents ~ 'error' limit 10) as e;
Timing is on.
                                                       QUERY PLAN                                                       
------------------------------------------------------------------------------------------------------------------------
 Aggregate  (cost=23.32..23.33 rows=1 width=8) (actual time=15.348..15.349 rows=1 loops=1)
   ->  Limit  (cost=0.00..23.19 rows=10 width=8) (actual time=0.658..15.336 rows=10 loops=1)
         ->  Seq Scan on files  (cost=0.00..1075530.95 rows=463753 width=8) (actual time=0.657..15.331 rows=10 loops=1)
               Filter: (contents ~ 'error'::text)
               Rows Removed by Filter: 44
 Planning Time: 30.426 ms
 Execution Time: 15.395 ms
(7 rows)

Time: 47.141 ms
TIME:14:09:16
query: EXPLAIN ANALYZE select count(id) from (select id from files where contents ~ 'error' limit 10) as e;
Timing is on.
                                                       QUERY PLAN                                                       
------------------------------------------------------------------------------------------------------------------------
 Aggregate  (cost=23.32..23.33 rows=1 width=8) (actual time=14.556..14.557 rows=1 loops=1)
   ->  Limit  (cost=0.00..23.19 rows=10 width=8) (actual time=0.680..14.545 rows=10 loops=1)
         ->  Seq Scan on files  (cost=0.00..1075530.95 rows=463753 width=8) (actual time=0.679..14.540 rows=10 loops=1)
               Filter: (contents ~ 'error'::text)
               Rows Removed by Filter: 44
 Planning Time: 28.075 ms
 Execution Time: 14.587 ms
(7 rows)

Time: 43.986 ms
TIME:14:09:17
query: EXPLAIN ANALYZE select count(id) from (select id from files where contents ~ 'error' limit 10) as e;
Timing is on.
                                                       QUERY PLAN                                                       
------------------------------------------------------------------------------------------------------------------------
 Aggregate  (cost=23.32..23.33 rows=1 width=8) (actual time=15.729..15.730 rows=1 loops=1)
   ->  Limit  (cost=0.00..23.19 rows=10 width=8) (actual time=0.735..15.715 rows=10 loops=1)
         ->  Seq Scan on files  (cost=0.00..1075530.95 rows=463753 width=8) (actual time=0.734..15.709 rows=10 loops=1)
               Filter: (contents ~ 'error'::text)
               Rows Removed by Filter: 44
 Planning Time: 30.068 ms
 Execution Time: 15.760 ms
(7 rows)

Time: 47.479 ms
TIME:14:09:17
query: EXPLAIN ANALYZE select count(id) from (select id from files where contents ~ 'error' limit 10) as e;
Timing is on.
                                                       QUERY PLAN                                                       
------------------------------------------------------------------------------------------------------------------------
 Aggregate  (cost=23.32..23.33 rows=1 width=8) (actual time=15.499..15.500 rows=1 loops=1)
   ->  Limit  (cost=0.00..23.19 rows=10 width=8) (actual time=0.666..15.487 rows=10 loops=1)
         ->  Seq Scan on files  (cost=0.00..1075530.95 rows=463753 width=8) (actual time=0.665..15.481 rows=10 loops=1)
               Filter: (contents ~ 'error'::text)
               Rows Removed by Filter: 44
 Planning Time: 28.931 ms
 Execution Time: 15.549 ms
(7 rows)

Time: 45.766 ms
TIME:14:09:17
query: EXPLAIN ANALYZE select count(id) from (select id from files where contents ~ 'error' limit 10) as e;
Timing is on.
                                                       QUERY PLAN                                                       
------------------------------------------------------------------------------------------------------------------------
 Aggregate  (cost=23.32..23.33 rows=1 width=8) (actual time=14.630..14.632 rows=1 loops=1)
   ->  Limit  (cost=0.00..23.19 rows=10 width=8) (actual time=0.636..14.618 rows=10 loops=1)
         ->  Seq Scan on files  (cost=0.00..1075530.95 rows=463753 width=8) (actual time=0.634..14.612 rows=10 loops=1)
               Filter: (contents ~ 'error'::text)
               Rows Removed by Filter: 44
 Planning Time: 31.010 ms
 Execution Time: 14.702 ms
(7 rows)

Time: 47.309 ms
TIME:14:09:18
query: EXPLAIN ANALYZE select count(id) from (select id from files where contents ~ 'error' limit 10) as e;
Timing is on.
                                                       QUERY PLAN                                                       
------------------------------------------------------------------------------------------------------------------------
 Aggregate  (cost=23.32..23.33 rows=1 width=8) (actual time=15.157..15.158 rows=1 loops=1)
   ->  Limit  (cost=0.00..23.19 rows=10 width=8) (actual time=0.635..15.145 rows=10 loops=1)
         ->  Seq Scan on files  (cost=0.00..1075530.95 rows=463753 width=8) (actual time=0.604..15.109 rows=10 loops=1)
               Filter: (contents ~ 'error'::text)
               Rows Removed by Filter: 44
 Planning Time: 28.129 ms
 Execution Time: 15.232 ms
(7 rows)

Time: 44.721 ms
TIME:14:09:18
query: EXPLAIN ANALYZE select count(id) from (select id from files where contents ~ 'error' limit 10) as e;
Timing is on.
                                                       QUERY PLAN                                                       
------------------------------------------------------------------------------------------------------------------------
 Aggregate  (cost=23.32..23.33 rows=1 width=8) (actual time=15.384..15.385 rows=1 loops=1)
   ->  Limit  (cost=0.00..23.19 rows=10 width=8) (actual time=0.666..15.374 rows=10 loops=1)
         ->  Seq Scan on files  (cost=0.00..1075530.95 rows=463753 width=8) (actual time=0.664..15.369 rows=10 loops=1)
               Filter: (contents ~ 'error'::text)
               Rows Removed by Filter: 44
 Planning Time: 25.672 ms
 Execution Time: 15.480 ms
(7 rows)

Time: 42.482 ms
TIME:14:09:18
query: EXPLAIN ANALYZE select count(id) from (select id from files where contents ~ 'error' limit 10) as e;
Timing is on.
                                                       QUERY PLAN                                                       
------------------------------------------------------------------------------------------------------------------------
 Aggregate  (cost=23.32..23.33 rows=1 width=8) (actual time=15.829..15.830 rows=1 loops=1)
   ->  Limit  (cost=0.00..23.19 rows=10 width=8) (actual time=0.706..15.818 rows=10 loops=1)
         ->  Seq Scan on files  (cost=0.00..1075530.95 rows=463753 width=8) (actual time=0.705..15.790 rows=10 loops=1)
               Filter: (contents ~ 'error'::text)
               Rows Removed by Filter: 44
 Planning Time: 29.233 ms
 Execution Time: 15.865 ms
(7 rows)

Time: 46.523 ms
TIME:14:09:18
query: EXPLAIN ANALYZE select count(id) from (select id from files where contents ~ 'error' limit 10) as e;
Timing is on.
                                                       QUERY PLAN                                                       
------------------------------------------------------------------------------------------------------------------------
 Aggregate  (cost=23.32..23.33 rows=1 width=8) (actual time=17.163..17.165 rows=1 loops=1)
   ->  Limit  (cost=0.00..23.19 rows=10 width=8) (actual time=1.098..17.151 rows=10 loops=1)
         ->  Seq Scan on files  (cost=0.00..1075530.95 rows=463753 width=8) (actual time=1.096..17.144 rows=10 loops=1)
               Filter: (contents ~ 'error'::text)
               Rows Removed by Filter: 44
 Planning Time: 33.361 ms
 Execution Time: 17.238 ms
(7 rows)

Time: 52.335 ms
TIME:14:09:19
query: EXPLAIN ANALYZE select count(id) from (select id from files where contents ~ 'error' limit 10) as e;
Timing is on.
                                                       QUERY PLAN                                                       
------------------------------------------------------------------------------------------------------------------------
 Aggregate  (cost=23.32..23.33 rows=1 width=8) (actual time=14.724..14.725 rows=1 loops=1)
   ->  Limit  (cost=0.00..23.19 rows=10 width=8) (actual time=0.613..14.710 rows=10 loops=1)
         ->  Seq Scan on files  (cost=0.00..1075530.95 rows=463753 width=8) (actual time=0.612..14.703 rows=10 loops=1)
               Filter: (contents ~ 'error'::text)
               Rows Removed by Filter: 44
 Planning Time: 28.739 ms
 Execution Time: 14.770 ms
(7 rows)

Time: 44.838 ms
TIME:14:09:19
query: EXPLAIN ANALYZE select count(id) from (select id from files where contents ~ 'error' limit 10) as e;
Timing is on.
                                                       QUERY PLAN                                                       
------------------------------------------------------------------------------------------------------------------------
 Aggregate  (cost=23.32..23.33 rows=1 width=8) (actual time=15.381..15.382 rows=1 loops=1)
   ->  Limit  (cost=0.00..23.19 rows=10 width=8) (actual time=0.759..15.369 rows=10 loops=1)
         ->  Seq Scan on files  (cost=0.00..1075530.95 rows=463753 width=8) (actual time=0.758..15.364 rows=10 loops=1)
               Filter: (contents ~ 'error'::text)
               Rows Removed by Filter: 44
 Planning Time: 30.266 ms
 Execution Time: 15.414 ms
(7 rows)

Time: 47.068 ms
TIME:14:09:19
query: EXPLAIN ANALYZE select count(id) from (select id from files where contents ~ 'error' limit 10) as e;
Timing is on.
                                                       QUERY PLAN                                                       
------------------------------------------------------------------------------------------------------------------------
 Aggregate  (cost=23.32..23.33 rows=1 width=8) (actual time=14.857..14.858 rows=1 loops=1)
   ->  Limit  (cost=0.00..23.19 rows=10 width=8) (actual time=0.672..14.847 rows=10 loops=1)
         ->  Seq Scan on files  (cost=0.00..1075530.95 rows=463753 width=8) (actual time=0.671..14.843 rows=10 loops=1)
               Filter: (contents ~ 'error'::text)
               Rows Removed by Filter: 44
 Planning Time: 27.682 ms
 Execution Time: 14.888 ms
(7 rows)

Time: 43.867 ms
TIME:14:09:19
query: EXPLAIN ANALYZE select count(id) from (select id from files where contents ~ 'error' limit 10) as e;
Timing is on.
                                                       QUERY PLAN                                                       
------------------------------------------------------------------------------------------------------------------------
 Aggregate  (cost=23.32..23.33 rows=1 width=8) (actual time=16.390..16.391 rows=1 loops=1)
   ->  Limit  (cost=0.00..23.19 rows=10 width=8) (actual time=0.659..16.379 rows=10 loops=1)
         ->  Seq Scan on files  (cost=0.00..1075530.95 rows=463753 width=8) (actual time=0.658..16.374 rows=10 loops=1)
               Filter: (contents ~ 'error'::text)
               Rows Removed by Filter: 44
 Planning Time: 30.576 ms
 Execution Time: 16.423 ms
(7 rows)

Time: 48.429 ms
TIME:14:09:20
query: EXPLAIN ANALYZE select count(id) from (select id from files where contents ~ 'error' limit 10) as e;
Timing is on.
                                                       QUERY PLAN                                                       
------------------------------------------------------------------------------------------------------------------------
 Aggregate  (cost=23.32..23.33 rows=1 width=8) (actual time=16.561..16.562 rows=1 loops=1)
   ->  Limit  (cost=0.00..23.19 rows=10 width=8) (actual time=0.924..16.534 rows=10 loops=1)
         ->  Seq Scan on files  (cost=0.00..1075530.95 rows=463753 width=8) (actual time=0.923..16.527 rows=10 loops=1)
               Filter: (contents ~ 'error'::text)
               Rows Removed by Filter: 44
 Planning Time: 29.069 ms
 Execution Time: 16.607 ms
(7 rows)

Time: 46.977 ms
TIME:14:09:20
query: EXPLAIN ANALYZE select count(id) from (select id from files where contents ~ 'error' limit 10) as e;
Timing is on.
                                                       QUERY PLAN                                                       
------------------------------------------------------------------------------------------------------------------------
 Aggregate  (cost=23.32..23.33 rows=1 width=8) (actual time=15.673..15.674 rows=1 loops=1)
   ->  Limit  (cost=0.00..23.19 rows=10 width=8) (actual time=0.698..15.661 rows=10 loops=1)
         ->  Seq Scan on files  (cost=0.00..1075530.95 rows=463753 width=8) (actual time=0.697..15.655 rows=10 loops=1)
               Filter: (contents ~ 'error'::text)
               Rows Removed by Filter: 44
 Planning Time: 29.768 ms
 Execution Time: 15.726 ms
(7 rows)

Time: 46.991 ms
TIME:14:09:20
query: EXPLAIN ANALYZE select count(id) from (select id from files where contents ~ 'error' limit 10) as e;
Timing is on.
                                                       QUERY PLAN                                                       
------------------------------------------------------------------------------------------------------------------------
 Aggregate  (cost=23.32..23.33 rows=1 width=8) (actual time=14.639..14.640 rows=1 loops=1)
   ->  Limit  (cost=0.00..23.19 rows=10 width=8) (actual time=0.633..14.629 rows=10 loops=1)
         ->  Seq Scan on files  (cost=0.00..1075530.95 rows=463753 width=8) (actual time=0.632..14.624 rows=10 loops=1)
               Filter: (contents ~ 'error'::text)
               Rows Removed by Filter: 44
 Planning Time: 28.031 ms
 Execution Time: 14.670 ms
(7 rows)

Time: 43.958 ms
TIME:14:09:21
query: EXPLAIN ANALYZE select count(id) from (select id from files where contents ~ 'error' limit 10) as e;
Timing is on.
                                                       QUERY PLAN                                                       
------------------------------------------------------------------------------------------------------------------------
 Aggregate  (cost=23.32..23.33 rows=1 width=8) (actual time=14.514..14.516 rows=1 loops=1)
   ->  Limit  (cost=0.00..23.19 rows=10 width=8) (actual time=0.741..14.504 rows=10 loops=1)
         ->  Seq Scan on files  (cost=0.00..1075530.95 rows=463753 width=8) (actual time=0.740..14.499 rows=10 loops=1)
               Filter: (contents ~ 'error'::text)
               Rows Removed by Filter: 44
 Planning Time: 28.054 ms
 Execution Time: 14.545 ms
(7 rows)

Time: 43.929 ms
TIME:14:09:21
query: EXPLAIN ANALYZE select count(id) from (select id from files where contents ~ 'error' limit 10) as e;
Timing is on.
                                                       QUERY PLAN                                                       
------------------------------------------------------------------------------------------------------------------------
 Aggregate  (cost=23.32..23.33 rows=1 width=8) (actual time=15.066..15.067 rows=1 loops=1)
   ->  Limit  (cost=0.00..23.19 rows=10 width=8) (actual time=0.667..15.040 rows=10 loops=1)
         ->  Seq Scan on files  (cost=0.00..1075530.95 rows=463753 width=8) (actual time=0.666..15.034 rows=10 loops=1)
               Filter: (contents ~ 'error'::text)
               Rows Removed by Filter: 44
 Planning Time: 28.300 ms
 Execution Time: 15.121 ms
(7 rows)

Time: 44.752 ms
TIME:14:09:21
query: EXPLAIN ANALYZE select count(id) from (select id from files where contents ~ 'error' limit 10) as e;
Timing is on.
                                                       QUERY PLAN                                                       
------------------------------------------------------------------------------------------------------------------------
 Aggregate  (cost=23.32..23.33 rows=1 width=8) (actual time=14.990..14.992 rows=1 loops=1)
   ->  Limit  (cost=0.00..23.19 rows=10 width=8) (actual time=0.753..14.979 rows=10 loops=1)
         ->  Seq Scan on files  (cost=0.00..1075530.95 rows=463753 width=8) (actual time=0.752..14.974 rows=10 loops=1)
               Filter: (contents ~ 'error'::text)
               Rows Removed by Filter: 44
 Planning Time: 29.421 ms
 Execution Time: 15.020 ms
(7 rows)

Time: 45.873 ms
TIME:14:09:21
query: EXPLAIN ANALYZE select count(id) from (select id from files where contents ~ 'error' limit 10) as e;
Timing is on.
                                                       QUERY PLAN                                                       
------------------------------------------------------------------------------------------------------------------------
 Aggregate  (cost=23.32..23.33 rows=1 width=8) (actual time=14.901..14.902 rows=1 loops=1)
   ->  Limit  (cost=0.00..23.19 rows=10 width=8) (actual time=0.692..14.889 rows=10 loops=1)
         ->  Seq Scan on files  (cost=0.00..1075530.95 rows=463753 width=8) (actual time=0.691..14.882 rows=10 loops=1)
               Filter: (contents ~ 'error'::text)
               Rows Removed by Filter: 44
 Planning Time: 28.411 ms
 Execution Time: 14.934 ms
(7 rows)

Time: 44.626 ms
TIME:14:09:22
query: EXPLAIN ANALYZE select count(id) from (select id from files where contents ~ 'error' limit 10) as e;
Timing is on.
                                                       QUERY PLAN                                                       
------------------------------------------------------------------------------------------------------------------------
 Aggregate  (cost=23.32..23.33 rows=1 width=8) (actual time=17.027..17.047 rows=1 loops=1)
   ->  Limit  (cost=0.00..23.19 rows=10 width=8) (actual time=0.664..17.034 rows=10 loops=1)
         ->  Seq Scan on files  (cost=0.00..1075530.95 rows=463753 width=8) (actual time=0.663..17.027 rows=10 loops=1)
               Filter: (contents ~ 'error'::text)
               Rows Removed by Filter: 44
 Planning Time: 29.580 ms
 Execution Time: 17.080 ms
(7 rows)

Time: 48.143 ms
TIME:14:09:22
query: EXPLAIN ANALYZE select count(id) from (select id from files where contents ~ 'error' limit 10) as e;
Timing is on.
                                                       QUERY PLAN                                                       
------------------------------------------------------------------------------------------------------------------------
 Aggregate  (cost=23.32..23.33 rows=1 width=8) (actual time=15.417..15.418 rows=1 loops=1)
   ->  Limit  (cost=0.00..23.19 rows=10 width=8) (actual time=0.540..15.405 rows=10 loops=1)
         ->  Seq Scan on files  (cost=0.00..1075530.95 rows=463753 width=8) (actual time=0.539..15.399 rows=10 loops=1)
               Filter: (contents ~ 'error'::text)
               Rows Removed by Filter: 44
 Planning Time: 28.794 ms
 Execution Time: 15.512 ms
(7 rows)

Time: 45.570 ms
TIME:14:09:22
query: EXPLAIN ANALYZE select count(id) from (select id from files where contents ~ 'error' limit 10) as e;
Timing is on.
                                                       QUERY PLAN                                                       
------------------------------------------------------------------------------------------------------------------------
 Aggregate  (cost=23.32..23.33 rows=1 width=8) (actual time=14.981..14.982 rows=1 loops=1)
   ->  Limit  (cost=0.00..23.19 rows=10 width=8) (actual time=0.570..14.969 rows=10 loops=1)
         ->  Seq Scan on files  (cost=0.00..1075530.95 rows=463753 width=8) (actual time=0.569..14.962 rows=10 loops=1)
               Filter: (contents ~ 'error'::text)
               Rows Removed by Filter: 44
 Planning Time: 30.063 ms
 Execution Time: 15.011 ms
(7 rows)

Time: 46.555 ms
TIME:14:09:22
query: EXPLAIN ANALYZE select count(id) from (select id from files where contents ~ 'error' limit 10) as e;
Timing is on.
                                                       QUERY PLAN                                                       
------------------------------------------------------------------------------------------------------------------------
 Aggregate  (cost=23.32..23.33 rows=1 width=8) (actual time=15.341..15.342 rows=1 loops=1)
   ->  Limit  (cost=0.00..23.19 rows=10 width=8) (actual time=0.522..15.329 rows=10 loops=1)
         ->  Seq Scan on files  (cost=0.00..1075530.95 rows=463753 width=8) (actual time=0.521..15.323 rows=10 loops=1)
               Filter: (contents ~ 'error'::text)
               Rows Removed by Filter: 44
 Planning Time: 30.057 ms
 Execution Time: 15.403 ms
(7 rows)

Time: 46.855 ms
TIME:14:09:23
query: EXPLAIN ANALYZE select count(id) from (select id from files where contents ~ 'error' limit 10) as e;
Timing is on.
                                                       QUERY PLAN                                                       
------------------------------------------------------------------------------------------------------------------------
 Aggregate  (cost=23.32..23.33 rows=1 width=8) (actual time=14.687..14.688 rows=1 loops=1)
   ->  Limit  (cost=0.00..23.19 rows=10 width=8) (actual time=0.726..14.677 rows=10 loops=1)
         ->  Seq Scan on files  (cost=0.00..1075530.95 rows=463753 width=8) (actual time=0.724..14.670 rows=10 loops=1)
               Filter: (contents ~ 'error'::text)
               Rows Removed by Filter: 44
 Planning Time: 28.763 ms
 Execution Time: 14.719 ms
(7 rows)

Time: 44.782 ms
TIME:14:09:23
query: EXPLAIN ANALYZE select count(id) from (select id from files where contents ~ 'error' limit 10) as e;
Timing is on.
                                                       QUERY PLAN                                                       
------------------------------------------------------------------------------------------------------------------------
 Aggregate  (cost=23.32..23.33 rows=1 width=8) (actual time=15.759..15.761 rows=1 loops=1)
   ->  Limit  (cost=0.00..23.19 rows=10 width=8) (actual time=0.825..15.748 rows=10 loops=1)
         ->  Seq Scan on files  (cost=0.00..1075530.95 rows=463753 width=8) (actual time=0.824..15.742 rows=10 loops=1)
               Filter: (contents ~ 'error'::text)
               Rows Removed by Filter: 44
 Planning Time: 29.854 ms
 Execution Time: 15.790 ms
(7 rows)

Time: 46.893 ms
TIME:14:09:24
query: EXPLAIN ANALYZE select count(id) from (select id from files where contents ~ 'error' limit 10) as e;
Timing is on.
                                                       QUERY PLAN                                                       
------------------------------------------------------------------------------------------------------------------------
 Aggregate  (cost=23.32..23.33 rows=1 width=8) (actual time=16.832..16.833 rows=1 loops=1)
   ->  Limit  (cost=0.00..23.19 rows=10 width=8) (actual time=0.754..16.817 rows=10 loops=1)
         ->  Seq Scan on files  (cost=0.00..1075530.95 rows=463753 width=8) (actual time=0.752..16.794 rows=10 loops=1)
               Filter: (contents ~ 'error'::text)
               Rows Removed by Filter: 44
 Planning Time: 29.500 ms
 Execution Time: 16.865 ms
(7 rows)

Time: 47.930 ms
TIME:14:09:24
query: EXPLAIN ANALYZE select count(id) from (select id from files where contents ~ 'error' limit 10) as e;
Timing is on.
                                                       QUERY PLAN                                                       
------------------------------------------------------------------------------------------------------------------------
 Aggregate  (cost=23.32..23.33 rows=1 width=8) (actual time=14.772..14.773 rows=1 loops=1)
   ->  Limit  (cost=0.00..23.19 rows=10 width=8) (actual time=0.547..14.762 rows=10 loops=1)
         ->  Seq Scan on files  (cost=0.00..1075530.95 rows=463753 width=8) (actual time=0.546..14.739 rows=10 loops=1)
               Filter: (contents ~ 'error'::text)
               Rows Removed by Filter: 44
 Planning Time: 28.405 ms
 Execution Time: 14.807 ms
(7 rows)

Time: 44.432 ms
TIME:14:09:24
query: EXPLAIN ANALYZE select count(id) from (select id from files where contents ~ 'error' limit 10) as e;
Timing is on.
                                                       QUERY PLAN                                                       
------------------------------------------------------------------------------------------------------------------------
 Aggregate  (cost=23.32..23.33 rows=1 width=8) (actual time=16.619..16.621 rows=1 loops=1)
   ->  Limit  (cost=0.00..23.19 rows=10 width=8) (actual time=0.789..16.604 rows=10 loops=1)
         ->  Seq Scan on files  (cost=0.00..1075530.95 rows=463753 width=8) (actual time=0.788..16.598 rows=10 loops=1)
               Filter: (contents ~ 'error'::text)
               Rows Removed by Filter: 44
 Planning Time: 29.682 ms
 Execution Time: 16.651 ms
(7 rows)

Time: 47.659 ms
TIME:14:09:25
query: EXPLAIN ANALYZE select count(id) from (select id from files where contents ~ 'error' limit 10) as e;
Timing is on.
                                                       QUERY PLAN                                                       
------------------------------------------------------------------------------------------------------------------------
 Aggregate  (cost=23.32..23.33 rows=1 width=8) (actual time=15.787..15.788 rows=1 loops=1)
   ->  Limit  (cost=0.00..23.19 rows=10 width=8) (actual time=0.763..15.775 rows=10 loops=1)
         ->  Seq Scan on files  (cost=0.00..1075530.95 rows=463753 width=8) (actual time=0.762..15.770 rows=10 loops=1)
               Filter: (contents ~ 'error'::text)
               Rows Removed by Filter: 44
 Planning Time: 28.006 ms
 Execution Time: 15.817 ms
(7 rows)

Time: 45.188 ms
TIME:14:09:25
query: EXPLAIN ANALYZE select count(id) from (select id from files where contents ~ 'error' limit 10) as e;
Timing is on.
                                                       QUERY PLAN                                                       
------------------------------------------------------------------------------------------------------------------------
 Aggregate  (cost=23.32..23.33 rows=1 width=8) (actual time=14.836..14.837 rows=1 loops=1)
   ->  Limit  (cost=0.00..23.19 rows=10 width=8) (actual time=0.626..14.824 rows=10 loops=1)
         ->  Seq Scan on files  (cost=0.00..1075530.95 rows=463753 width=8) (actual time=0.625..14.818 rows=10 loops=1)
               Filter: (contents ~ 'error'::text)
               Rows Removed by Filter: 44
 Planning Time: 27.710 ms
 Execution Time: 14.884 ms
(7 rows)

Time: 44.027 ms
TIME:14:09:25
query: EXPLAIN ANALYZE select count(id) from (select id from files where contents ~ 'error' limit 10) as e;
Timing is on.
                                                       QUERY PLAN                                                       
------------------------------------------------------------------------------------------------------------------------
 Aggregate  (cost=23.32..23.33 rows=1 width=8) (actual time=16.030..16.031 rows=1 loops=1)
   ->  Limit  (cost=0.00..23.19 rows=10 width=8) (actual time=0.530..16.015 rows=10 loops=1)
         ->  Seq Scan on files  (cost=0.00..1075530.95 rows=463753 width=8) (actual time=0.529..16.003 rows=10 loops=1)
               Filter: (contents ~ 'error'::text)
               Rows Removed by Filter: 44
 Planning Time: 28.519 ms
 Execution Time: 16.127 ms
(7 rows)

Time: 45.969 ms
TIME:14:09:25
query: EXPLAIN ANALYZE select count(id) from (select id from files where contents ~ 'error' limit 10) as e;
Timing is on.
                                                       QUERY PLAN                                                       
------------------------------------------------------------------------------------------------------------------------
 Aggregate  (cost=23.32..23.33 rows=1 width=8) (actual time=15.091..15.092 rows=1 loops=1)
   ->  Limit  (cost=0.00..23.19 rows=10 width=8) (actual time=0.686..15.078 rows=10 loops=1)
         ->  Seq Scan on files  (cost=0.00..1075530.95 rows=463753 width=8) (actual time=0.685..15.072 rows=10 loops=1)
               Filter: (contents ~ 'error'::text)
               Rows Removed by Filter: 44
 Planning Time: 28.414 ms
 Execution Time: 15.138 ms
(7 rows)

Time: 44.976 ms
TIME:14:09:26
query: EXPLAIN ANALYZE select count(id) from (select id from files where contents ~ 'error' limit 10) as e;
Timing is on.
                                                       QUERY PLAN                                                       
------------------------------------------------------------------------------------------------------------------------
 Aggregate  (cost=23.32..23.33 rows=1 width=8) (actual time=13.953..13.954 rows=1 loops=1)
   ->  Limit  (cost=0.00..23.19 rows=10 width=8) (actual time=0.571..13.942 rows=10 loops=1)
         ->  Seq Scan on files  (cost=0.00..1075530.95 rows=463753 width=8) (actual time=0.570..13.937 rows=10 loops=1)
               Filter: (contents ~ 'error'::text)
               Rows Removed by Filter: 44
 Planning Time: 28.015 ms
 Execution Time: 13.983 ms
(7 rows)

Time: 43.311 ms
TIME:14:09:26
query: EXPLAIN ANALYZE select count(id) from (select id from files where contents ~ 'error' limit 10) as e;
Timing is on.
                                                       QUERY PLAN                                                       
------------------------------------------------------------------------------------------------------------------------
 Aggregate  (cost=23.32..23.33 rows=1 width=8) (actual time=14.878..14.879 rows=1 loops=1)
   ->  Limit  (cost=0.00..23.19 rows=10 width=8) (actual time=0.552..14.868 rows=10 loops=1)
         ->  Seq Scan on files  (cost=0.00..1075530.95 rows=463753 width=8) (actual time=0.551..14.862 rows=10 loops=1)
               Filter: (contents ~ 'error'::text)
               Rows Removed by Filter: 44
 Planning Time: 28.366 ms
 Execution Time: 14.924 ms
(7 rows)

Time: 44.660 ms
TIME:14:09:26
query: EXPLAIN ANALYZE select count(id) from (select id from files where contents ~ 'error' limit 10) as e;
Timing is on.
                                                       QUERY PLAN                                                       
------------------------------------------------------------------------------------------------------------------------
 Aggregate  (cost=23.32..23.33 rows=1 width=8) (actual time=16.036..16.039 rows=1 loops=1)
   ->  Limit  (cost=0.00..23.19 rows=10 width=8) (actual time=0.897..16.021 rows=10 loops=1)
         ->  Seq Scan on files  (cost=0.00..1075530.95 rows=463753 width=8) (actual time=0.896..16.014 rows=10 loops=1)
               Filter: (contents ~ 'error'::text)
               Rows Removed by Filter: 44
 Planning Time: 34.216 ms
 Execution Time: 16.119 ms
(7 rows)

Time: 52.200 ms
TIME:14:09:27
query: EXPLAIN ANALYZE select count(id) from (select id from files where contents ~ 'error' limit 10) as e;
Timing is on.
                                                       QUERY PLAN                                                       
------------------------------------------------------------------------------------------------------------------------
 Aggregate  (cost=23.32..23.33 rows=1 width=8) (actual time=15.066..15.067 rows=1 loops=1)
   ->  Limit  (cost=0.00..23.19 rows=10 width=8) (actual time=0.784..15.053 rows=10 loops=1)
         ->  Seq Scan on files  (cost=0.00..1075530.95 rows=463753 width=8) (actual time=0.769..15.034 rows=10 loops=1)
               Filter: (contents ~ 'error'::text)
               Rows Removed by Filter: 44
 Planning Time: 29.573 ms
 Execution Time: 15.096 ms
(7 rows)

Time: 46.046 ms
TIME:14:09:27
query: EXPLAIN ANALYZE select count(id) from (select id from files where contents ~ 'error' limit 10) as e;
Timing is on.
                                                       QUERY PLAN                                                       
------------------------------------------------------------------------------------------------------------------------
 Aggregate  (cost=23.32..23.33 rows=1 width=8) (actual time=15.441..15.442 rows=1 loops=1)
   ->  Limit  (cost=0.00..23.19 rows=10 width=8) (actual time=0.859..15.428 rows=10 loops=1)
         ->  Seq Scan on files  (cost=0.00..1075530.95 rows=463753 width=8) (actual time=0.858..15.421 rows=10 loops=1)
               Filter: (contents ~ 'error'::text)
               Rows Removed by Filter: 44
 Planning Time: 29.135 ms
 Execution Time: 15.471 ms
(7 rows)

Time: 46.150 ms
TIME:14:09:27
query: EXPLAIN ANALYZE select count(id) from (select id from files where contents ~ 'error' limit 10) as e;
Timing is on.
                                                       QUERY PLAN                                                       
------------------------------------------------------------------------------------------------------------------------
 Aggregate  (cost=23.32..23.33 rows=1 width=8) (actual time=14.301..14.302 rows=1 loops=1)
   ->  Limit  (cost=0.00..23.19 rows=10 width=8) (actual time=0.775..14.291 rows=10 loops=1)
         ->  Seq Scan on files  (cost=0.00..1075530.95 rows=463753 width=8) (actual time=0.774..14.286 rows=10 loops=1)
               Filter: (contents ~ 'error'::text)
               Rows Removed by Filter: 44
 Planning Time: 27.545 ms
 Execution Time: 14.332 ms
(7 rows)

Time: 43.149 ms
TIME:14:09:27
query: EXPLAIN ANALYZE select count(id) from (select id from files where contents ~ 'error' limit 10) as e;
Timing is on.
                                                       QUERY PLAN                                                       
------------------------------------------------------------------------------------------------------------------------
 Aggregate  (cost=23.32..23.33 rows=1 width=8) (actual time=16.543..16.544 rows=1 loops=1)
   ->  Limit  (cost=0.00..23.19 rows=10 width=8) (actual time=0.896..16.528 rows=10 loops=1)
         ->  Seq Scan on files  (cost=0.00..1075530.95 rows=463753 width=8) (actual time=0.895..16.522 rows=10 loops=1)
               Filter: (contents ~ 'error'::text)
               Rows Removed by Filter: 44
 Planning Time: 29.654 ms
 Execution Time: 16.594 ms
(7 rows)

Time: 47.581 ms
TIME:14:09:28
query: EXPLAIN ANALYZE select count(id) from (select id from files where contents ~ 'error' limit 10) as e;
Timing is on.
                                                       QUERY PLAN                                                       
------------------------------------------------------------------------------------------------------------------------
 Aggregate  (cost=23.32..23.33 rows=1 width=8) (actual time=15.573..15.574 rows=1 loops=1)
   ->  Limit  (cost=0.00..23.19 rows=10 width=8) (actual time=0.581..15.560 rows=10 loops=1)
         ->  Seq Scan on files  (cost=0.00..1075530.95 rows=463753 width=8) (actual time=0.580..15.554 rows=10 loops=1)
               Filter: (contents ~ 'error'::text)
               Rows Removed by Filter: 44
 Planning Time: 28.512 ms
 Execution Time: 15.621 ms
(7 rows)

Time: 45.464 ms
TIME:14:09:28
query: EXPLAIN ANALYZE select count(id) from (select id from files where contents ~ 'error' limit 10) as e;
Timing is on.
                                                       QUERY PLAN                                                       
------------------------------------------------------------------------------------------------------------------------
 Aggregate  (cost=23.32..23.33 rows=1 width=8) (actual time=16.158..16.159 rows=1 loops=1)
   ->  Limit  (cost=0.00..23.19 rows=10 width=8) (actual time=0.929..16.129 rows=10 loops=1)
         ->  Seq Scan on files  (cost=0.00..1075530.95 rows=463753 width=8) (actual time=0.928..16.122 rows=10 loops=1)
               Filter: (contents ~ 'error'::text)
               Rows Removed by Filter: 44
 Planning Time: 27.693 ms
 Execution Time: 16.202 ms
(7 rows)

Time: 45.438 ms
TIME:14:09:28
query: EXPLAIN ANALYZE select count(id) from (select id from files where contents ~ 'error' limit 10) as e;
Timing is on.
                                                       QUERY PLAN                                                       
------------------------------------------------------------------------------------------------------------------------
 Aggregate  (cost=23.32..23.33 rows=1 width=8) (actual time=15.853..15.855 rows=1 loops=1)
   ->  Limit  (cost=0.00..23.19 rows=10 width=8) (actual time=0.728..15.842 rows=10 loops=1)
         ->  Seq Scan on files  (cost=0.00..1075530.95 rows=463753 width=8) (actual time=0.727..15.837 rows=10 loops=1)
               Filter: (contents ~ 'error'::text)
               Rows Removed by Filter: 44
 Planning Time: 26.383 ms
 Execution Time: 15.885 ms
(7 rows)

Time: 43.668 ms
TIME:14:09:28
query: EXPLAIN ANALYZE select count(id) from (select id from files where contents ~ 'error' limit 10) as e;
Timing is on.
                                                       QUERY PLAN                                                       
------------------------------------------------------------------------------------------------------------------------
 Aggregate  (cost=23.32..23.33 rows=1 width=8) (actual time=15.180..15.181 rows=1 loops=1)
   ->  Limit  (cost=0.00..23.19 rows=10 width=8) (actual time=0.609..15.169 rows=10 loops=1)
         ->  Seq Scan on files  (cost=0.00..1075530.95 rows=463753 width=8) (actual time=0.608..15.163 rows=10 loops=1)
               Filter: (contents ~ 'error'::text)
               Rows Removed by Filter: 44
 Planning Time: 28.455 ms
 Execution Time: 15.226 ms
(7 rows)

Time: 45.191 ms
TIME:14:09:29
query: EXPLAIN ANALYZE select count(id) from (select id from files where contents ~ 'error' limit 10) as e;
Timing is on.
                                                       QUERY PLAN                                                       
------------------------------------------------------------------------------------------------------------------------
 Aggregate  (cost=23.32..23.33 rows=1 width=8) (actual time=14.754..14.755 rows=1 loops=1)
   ->  Limit  (cost=0.00..23.19 rows=10 width=8) (actual time=0.674..14.743 rows=10 loops=1)
         ->  Seq Scan on files  (cost=0.00..1075530.95 rows=463753 width=8) (actual time=0.673..14.737 rows=10 loops=1)
               Filter: (contents ~ 'error'::text)
               Rows Removed by Filter: 44
 Planning Time: 28.258 ms
 Execution Time: 14.784 ms
(7 rows)

Time: 44.246 ms
TIME:14:09:29
query: EXPLAIN ANALYZE select count(id) from (select id from files where contents ~ 'error' limit 10) as e;
Timing is on.
                                                       QUERY PLAN                                                       
------------------------------------------------------------------------------------------------------------------------
 Aggregate  (cost=23.32..23.33 rows=1 width=8) (actual time=19.047..19.049 rows=1 loops=1)
   ->  Limit  (cost=0.00..23.19 rows=10 width=8) (actual time=1.049..19.032 rows=10 loops=1)
         ->  Seq Scan on files  (cost=0.00..1075530.95 rows=463753 width=8) (actual time=1.047..19.006 rows=10 loops=1)
               Filter: (contents ~ 'error'::text)
               Rows Removed by Filter: 44
 Planning Time: 35.012 ms
 Execution Time: 19.099 ms
(7 rows)

Time: 55.550 ms
TIME:14:09:29
query: EXPLAIN ANALYZE select count(id) from (select id from files where contents ~ 'error' limit 10) as e;
Timing is on.
                                                       QUERY PLAN                                                       
------------------------------------------------------------------------------------------------------------------------
 Aggregate  (cost=23.32..23.33 rows=1 width=8) (actual time=14.939..14.941 rows=1 loops=1)
   ->  Limit  (cost=0.00..23.19 rows=10 width=8) (actual time=0.714..14.930 rows=10 loops=1)
         ->  Seq Scan on files  (cost=0.00..1075530.95 rows=463753 width=8) (actual time=0.713..14.924 rows=10 loops=1)
               Filter: (contents ~ 'error'::text)
               Rows Removed by Filter: 44
 Planning Time: 27.828 ms
 Execution Time: 14.986 ms
(7 rows)

Time: 44.152 ms
TIME:14:09:30
query: EXPLAIN ANALYZE select count(id) from (select id from files where contents ~ 'error' limit 10) as e;
Timing is on.
                                                       QUERY PLAN                                                       
------------------------------------------------------------------------------------------------------------------------
 Aggregate  (cost=23.32..23.33 rows=1 width=8) (actual time=13.331..13.332 rows=1 loops=1)
   ->  Limit  (cost=0.00..23.19 rows=10 width=8) (actual time=0.799..13.324 rows=10 loops=1)
         ->  Seq Scan on files  (cost=0.00..1075530.95 rows=463753 width=8) (actual time=0.797..13.319 rows=10 loops=1)
               Filter: (contents ~ 'error'::text)
               Rows Removed by Filter: 44
 Planning Time: 189.458 ms
 Execution Time: 13.374 ms
(7 rows)

Time: 204.133 ms
TIME:14:09:30
query: EXPLAIN ANALYZE select count(id) from (select id from files where contents ~ 'error' limit 10) as e;
Timing is on.
                                                       QUERY PLAN                                                       
------------------------------------------------------------------------------------------------------------------------
 Aggregate  (cost=23.32..23.33 rows=1 width=8) (actual time=15.592..15.593 rows=1 loops=1)
   ->  Limit  (cost=0.00..23.19 rows=10 width=8) (actual time=0.718..15.579 rows=10 loops=1)
         ->  Seq Scan on files  (cost=0.00..1075530.95 rows=463753 width=8) (actual time=0.717..15.572 rows=10 loops=1)
               Filter: (contents ~ 'error'::text)
               Rows Removed by Filter: 44
 Planning Time: 28.530 ms
 Execution Time: 15.641 ms
(7 rows)

Time: 45.582 ms
TIME:14:09:30
query: EXPLAIN ANALYZE select count(id) from (select id from files where contents ~ 'error' limit 10) as e;
Timing is on.
                                                       QUERY PLAN                                                       
------------------------------------------------------------------------------------------------------------------------
 Aggregate  (cost=23.32..23.33 rows=1 width=8) (actual time=15.745..15.746 rows=1 loops=1)
   ->  Limit  (cost=0.00..23.19 rows=10 width=8) (actual time=0.672..15.734 rows=10 loops=1)
         ->  Seq Scan on files  (cost=0.00..1075530.95 rows=463753 width=8) (actual time=0.671..15.728 rows=10 loops=1)
               Filter: (contents ~ 'error'::text)
               Rows Removed by Filter: 44
 Planning Time: 31.325 ms
 Execution Time: 15.792 ms
(7 rows)

Time: 48.384 ms
TIME:14:09:31
query: EXPLAIN ANALYZE select count(id) from (select id from files where contents ~ 'error' limit 10) as e;
Timing is on.
                                                       QUERY PLAN                                                       
------------------------------------------------------------------------------------------------------------------------
 Aggregate  (cost=23.32..23.33 rows=1 width=8) (actual time=14.446..14.448 rows=1 loops=1)
   ->  Limit  (cost=0.00..23.19 rows=10 width=8) (actual time=0.744..14.435 rows=10 loops=1)
         ->  Seq Scan on files  (cost=0.00..1075530.95 rows=463753 width=8) (actual time=0.743..14.429 rows=10 loops=1)
               Filter: (contents ~ 'error'::text)
               Rows Removed by Filter: 44
 Planning Time: 28.584 ms
 Execution Time: 14.478 ms
(7 rows)

Time: 44.585 ms
TIME:14:09:31
query: EXPLAIN ANALYZE select count(id) from (select id from files where contents ~ 'error' limit 10) as e;
Timing is on.
                                                       QUERY PLAN                                                       
------------------------------------------------------------------------------------------------------------------------
 Aggregate  (cost=23.32..23.33 rows=1 width=8) (actual time=16.191..16.193 rows=1 loops=1)
   ->  Limit  (cost=0.00..23.19 rows=10 width=8) (actual time=0.800..16.179 rows=10 loops=1)
         ->  Seq Scan on files  (cost=0.00..1075530.95 rows=463753 width=8) (actual time=0.799..16.172 rows=10 loops=1)
               Filter: (contents ~ 'error'::text)
               Rows Removed by Filter: 44
 Planning Time: 29.784 ms
 Execution Time: 16.258 ms
(7 rows)

Time: 47.398 ms
TIME:14:09:31
query: EXPLAIN ANALYZE select count(id) from (select id from files where contents ~ 'error' limit 10) as e;
Timing is on.
                                                       QUERY PLAN                                                       
------------------------------------------------------------------------------------------------------------------------
 Aggregate  (cost=23.32..23.33 rows=1 width=8) (actual time=15.194..15.196 rows=1 loops=1)
   ->  Limit  (cost=0.00..23.19 rows=10 width=8) (actual time=0.795..15.182 rows=10 loops=1)
         ->  Seq Scan on files  (cost=0.00..1075530.95 rows=463753 width=8) (actual time=0.794..15.176 rows=10 loops=1)
               Filter: (contents ~ 'error'::text)
               Rows Removed by Filter: 44
 Planning Time: 28.858 ms
 Execution Time: 15.244 ms
(7 rows)

Time: 45.461 ms
TIME:14:09:31
query: EXPLAIN ANALYZE select count(id) from (select id from files where contents ~ 'error' limit 10) as e;
Timing is on.
                                                       QUERY PLAN                                                       
------------------------------------------------------------------------------------------------------------------------
 Aggregate  (cost=23.32..23.33 rows=1 width=8) (actual time=15.334..15.335 rows=1 loops=1)
   ->  Limit  (cost=0.00..23.19 rows=10 width=8) (actual time=0.650..15.305 rows=10 loops=1)
         ->  Seq Scan on files  (cost=0.00..1075530.95 rows=463753 width=8) (actual time=0.649..15.298 rows=10 loops=1)
               Filter: (contents ~ 'error'::text)
               Rows Removed by Filter: 44
 Planning Time: 28.900 ms
 Execution Time: 15.368 ms
(7 rows)

Time: 45.711 ms
TIME:14:09:32
query: EXPLAIN ANALYZE select count(id) from (select id from files where contents ~ 'error' limit 10) as e;
Timing is on.
                                                       QUERY PLAN                                                       
------------------------------------------------------------------------------------------------------------------------
 Aggregate  (cost=23.32..23.33 rows=1 width=8) (actual time=17.044..17.045 rows=1 loops=1)
   ->  Limit  (cost=0.00..23.19 rows=10 width=8) (actual time=0.682..17.029 rows=10 loops=1)
         ->  Seq Scan on files  (cost=0.00..1075530.95 rows=463753 width=8) (actual time=0.680..17.022 rows=10 loops=1)
               Filter: (contents ~ 'error'::text)
               Rows Removed by Filter: 44
 Planning Time: 33.125 ms
 Execution Time: 17.146 ms
(7 rows)

Time: 51.682 ms
TIME:14:09:32
query: EXPLAIN ANALYZE select count(id) from (select id from files where contents ~ 'error' limit 10) as e;
Timing is on.
                                                       QUERY PLAN                                                       
------------------------------------------------------------------------------------------------------------------------
 Aggregate  (cost=23.32..23.33 rows=1 width=8) (actual time=14.497..14.498 rows=1 loops=1)
   ->  Limit  (cost=0.00..23.19 rows=10 width=8) (actual time=0.638..14.487 rows=10 loops=1)
         ->  Seq Scan on files  (cost=0.00..1075530.95 rows=463753 width=8) (actual time=0.636..14.481 rows=10 loops=1)
               Filter: (contents ~ 'error'::text)
               Rows Removed by Filter: 44
 Planning Time: 27.569 ms
 Execution Time: 14.528 ms
(7 rows)

Time: 43.630 ms
TIME:14:09:32
query: EXPLAIN ANALYZE select count(id) from (select id from files where contents ~ 'error' limit 10) as e;
Timing is on.
                                                       QUERY PLAN                                                       
------------------------------------------------------------------------------------------------------------------------
 Aggregate  (cost=23.32..23.33 rows=1 width=8) (actual time=15.663..15.664 rows=1 loops=1)
   ->  Limit  (cost=0.00..23.19 rows=10 width=8) (actual time=0.749..15.651 rows=10 loops=1)
         ->  Seq Scan on files  (cost=0.00..1075530.95 rows=463753 width=8) (actual time=0.748..15.645 rows=10 loops=1)
               Filter: (contents ~ 'error'::text)
               Rows Removed by Filter: 44
 Planning Time: 28.392 ms
 Execution Time: 15.697 ms
(7 rows)

Time: 45.347 ms
TIME:14:09:32
query: EXPLAIN ANALYZE select count(id) from (select id from files where contents ~ 'error' limit 10) as e;
Timing is on.
                                                       QUERY PLAN                                                       
------------------------------------------------------------------------------------------------------------------------
 Aggregate  (cost=23.32..23.33 rows=1 width=8) (actual time=15.678..15.679 rows=1 loops=1)
   ->  Limit  (cost=0.00..23.19 rows=10 width=8) (actual time=0.633..15.666 rows=10 loops=1)
         ->  Seq Scan on files  (cost=0.00..1075530.95 rows=463753 width=8) (actual time=0.632..15.659 rows=10 loops=1)
               Filter: (contents ~ 'error'::text)
               Rows Removed by Filter: 44
 Planning Time: 29.781 ms
 Execution Time: 15.711 ms
(7 rows)

Time: 46.939 ms
TIME:14:09:33
query: EXPLAIN ANALYZE select count(id) from (select id from files where contents ~ 'error' limit 10) as e;
Timing is on.
                                                       QUERY PLAN                                                       
------------------------------------------------------------------------------------------------------------------------
 Aggregate  (cost=23.32..23.33 rows=1 width=8) (actual time=16.479..16.481 rows=1 loops=1)
   ->  Limit  (cost=0.00..23.19 rows=10 width=8) (actual time=0.666..16.467 rows=10 loops=1)
         ->  Seq Scan on files  (cost=0.00..1075530.95 rows=463753 width=8) (actual time=0.665..16.461 rows=10 loops=1)
               Filter: (contents ~ 'error'::text)
               Rows Removed by Filter: 44
 Planning Time: 28.183 ms
 Execution Time: 16.527 ms
(7 rows)

Time: 45.986 ms
TIME:14:09:33
query: EXPLAIN ANALYZE select count(id) from (select id from files where contents ~ 'error' limit 10) as e;
Timing is on.
                                                       QUERY PLAN                                                       
------------------------------------------------------------------------------------------------------------------------
 Aggregate  (cost=23.32..23.33 rows=1 width=8) (actual time=15.821..15.822 rows=1 loops=1)
   ->  Limit  (cost=0.00..23.19 rows=10 width=8) (actual time=0.566..15.809 rows=10 loops=1)
         ->  Seq Scan on files  (cost=0.00..1075530.95 rows=463753 width=8) (actual time=0.565..15.803 rows=10 loops=1)
               Filter: (contents ~ 'error'::text)
               Rows Removed by Filter: 44
 Planning Time: 29.916 ms
 Execution Time: 15.856 ms
(7 rows)

Time: 47.260 ms
TIME:14:09:33
query: EXPLAIN ANALYZE select count(id) from (select id from files where contents ~ 'error' limit 10) as e;
Timing is on.
                                                       QUERY PLAN                                                       
------------------------------------------------------------------------------------------------------------------------
 Aggregate  (cost=23.32..23.33 rows=1 width=8) (actual time=15.199..15.200 rows=1 loops=1)
   ->  Limit  (cost=0.00..23.19 rows=10 width=8) (actual time=1.041..15.174 rows=10 loops=1)
         ->  Seq Scan on files  (cost=0.00..1075530.95 rows=463753 width=8) (actual time=1.038..15.168 rows=10 loops=1)
               Filter: (contents ~ 'error'::text)
               Rows Removed by Filter: 44
 Planning Time: 29.545 ms
 Execution Time: 15.255 ms
(7 rows)

Time: 46.338 ms
TIME:14:09:33
query: EXPLAIN ANALYZE select count(id) from (select id from files where contents ~ 'error' limit 10) as e;
Timing is on.
                                                       QUERY PLAN                                                       
------------------------------------------------------------------------------------------------------------------------
 Aggregate  (cost=23.32..23.33 rows=1 width=8) (actual time=14.334..14.336 rows=1 loops=1)
   ->  Limit  (cost=0.00..23.19 rows=10 width=8) (actual time=0.593..14.325 rows=10 loops=1)
         ->  Seq Scan on files  (cost=0.00..1075530.95 rows=463753 width=8) (actual time=0.592..14.304 rows=10 loops=1)
               Filter: (contents ~ 'error'::text)
               Rows Removed by Filter: 44
 Planning Time: 28.049 ms
 Execution Time: 14.382 ms
(7 rows)

Time: 43.753 ms
TIME:14:09:34
query: EXPLAIN ANALYZE select count(id) from (select id from files where contents ~ 'error' limit 10) as e;
Timing is on.
                                                       QUERY PLAN                                                       
------------------------------------------------------------------------------------------------------------------------
 Aggregate  (cost=23.32..23.33 rows=1 width=8) (actual time=14.688..14.689 rows=1 loops=1)
   ->  Limit  (cost=0.00..23.19 rows=10 width=8) (actual time=0.516..14.676 rows=10 loops=1)
         ->  Seq Scan on files  (cost=0.00..1075530.95 rows=463753 width=8) (actual time=0.515..14.655 rows=10 loops=1)
               Filter: (contents ~ 'error'::text)
               Rows Removed by Filter: 44
 Planning Time: 27.525 ms
 Execution Time: 14.755 ms
(7 rows)

Time: 43.578 ms
TIME:14:09:34
query: EXPLAIN ANALYZE select count(id) from (select id from files where contents ~ 'error' limit 10) as e;
Timing is on.
                                                       QUERY PLAN                                                       
------------------------------------------------------------------------------------------------------------------------
 Aggregate  (cost=23.32..23.33 rows=1 width=8) (actual time=15.749..15.750 rows=1 loops=1)
   ->  Limit  (cost=0.00..23.19 rows=10 width=8) (actual time=0.739..15.721 rows=10 loops=1)
         ->  Seq Scan on files  (cost=0.00..1075530.95 rows=463753 width=8) (actual time=0.738..15.715 rows=10 loops=1)
               Filter: (contents ~ 'error'::text)
               Rows Removed by Filter: 44
 Planning Time: 29.093 ms
 Execution Time: 15.779 ms
(7 rows)

Time: 46.206 ms
TIME:14:09:34
query: EXPLAIN ANALYZE select count(id) from (select id from files where contents ~ 'error' limit 10) as e;
Timing is on.
                                                       QUERY PLAN                                                       
------------------------------------------------------------------------------------------------------------------------
 Aggregate  (cost=23.32..23.33 rows=1 width=8) (actual time=18.174..18.175 rows=1 loops=1)
   ->  Limit  (cost=0.00..23.19 rows=10 width=8) (actual time=0.800..18.153 rows=10 loops=1)
         ->  Seq Scan on files  (cost=0.00..1075530.95 rows=463753 width=8) (actual time=0.798..18.130 rows=10 loops=1)
               Filter: (contents ~ 'error'::text)
               Rows Removed by Filter: 44
 Planning Time: 33.260 ms
 Execution Time: 18.210 ms
(7 rows)

Time: 52.822 ms
TIME:14:09:35
query: EXPLAIN ANALYZE select count(id) from (select id from files where contents ~ 'error' limit 10) as e;
Timing is on.
                                                       QUERY PLAN                                                       
------------------------------------------------------------------------------------------------------------------------
 Aggregate  (cost=23.32..23.33 rows=1 width=8) (actual time=15.307..15.308 rows=1 loops=1)
   ->  Limit  (cost=0.00..23.19 rows=10 width=8) (actual time=0.796..15.296 rows=10 loops=1)
         ->  Seq Scan on files  (cost=0.00..1075530.95 rows=463753 width=8) (actual time=0.795..15.291 rows=10 loops=1)
               Filter: (contents ~ 'error'::text)
               Rows Removed by Filter: 44
 Planning Time: 28.573 ms
 Execution Time: 15.370 ms
(7 rows)

Time: 45.476 ms
TIME:14:09:35
query: EXPLAIN ANALYZE select count(id) from (select id from files where contents ~ 'error' limit 10) as e;
Timing is on.
                                                       QUERY PLAN                                                       
------------------------------------------------------------------------------------------------------------------------
 Aggregate  (cost=23.32..23.33 rows=1 width=8) (actual time=15.170..15.171 rows=1 loops=1)
   ->  Limit  (cost=0.00..23.19 rows=10 width=8) (actual time=0.707..15.159 rows=10 loops=1)
         ->  Seq Scan on files  (cost=0.00..1075530.95 rows=463753 width=8) (actual time=0.706..15.153 rows=10 loops=1)
               Filter: (contents ~ 'error'::text)
               Rows Removed by Filter: 44
 Planning Time: 27.885 ms
 Execution Time: 15.201 ms
(7 rows)

Time: 44.332 ms
TIME:14:09:35
query: EXPLAIN ANALYZE select count(id) from (select id from files where contents ~ 'error' limit 10) as e;
Timing is on.
                                                       QUERY PLAN                                                       
------------------------------------------------------------------------------------------------------------------------
 Aggregate  (cost=23.32..23.33 rows=1 width=8) (actual time=15.348..15.349 rows=1 loops=1)
   ->  Limit  (cost=0.00..23.19 rows=10 width=8) (actual time=0.714..15.337 rows=10 loops=1)
         ->  Seq Scan on files  (cost=0.00..1075530.95 rows=463753 width=8) (actual time=0.712..15.331 rows=10 loops=1)
               Filter: (contents ~ 'error'::text)
               Rows Removed by Filter: 44
 Planning Time: 28.540 ms
 Execution Time: 15.382 ms
(7 rows)

Time: 45.256 ms
TIME:14:09:35
query: EXPLAIN ANALYZE select count(id) from (select id from files where contents ~ 'error' limit 10) as e;
Timing is on.
                                                       QUERY PLAN                                                       
------------------------------------------------------------------------------------------------------------------------
 Aggregate  (cost=23.32..23.33 rows=1 width=8) (actual time=14.486..14.487 rows=1 loops=1)
   ->  Limit  (cost=0.00..23.19 rows=10 width=8) (actual time=0.532..14.473 rows=10 loops=1)
         ->  Seq Scan on files  (cost=0.00..1075530.95 rows=463753 width=8) (actual time=0.516..14.451 rows=10 loops=1)
               Filter: (contents ~ 'error'::text)
               Rows Removed by Filter: 44
 Planning Time: 28.371 ms
 Execution Time: 14.534 ms
(7 rows)

Time: 44.278 ms
TIME:14:09:36
query: EXPLAIN ANALYZE select count(id) from (select id from files where contents ~ 'error' limit 10) as e;
Timing is on.
                                                       QUERY PLAN                                                       
------------------------------------------------------------------------------------------------------------------------
 Aggregate  (cost=23.32..23.33 rows=1 width=8) (actual time=15.750..15.751 rows=1 loops=1)
   ->  Limit  (cost=0.00..23.19 rows=10 width=8) (actual time=0.665..15.738 rows=10 loops=1)
         ->  Seq Scan on files  (cost=0.00..1075530.95 rows=463753 width=8) (actual time=0.664..15.699 rows=10 loops=1)
               Filter: (contents ~ 'error'::text)
               Rows Removed by Filter: 44
 Planning Time: 28.718 ms
 Execution Time: 15.804 ms
(7 rows)

Time: 46.117 ms
TIME:14:09:36
query: EXPLAIN ANALYZE select count(id) from (select id from files where contents ~ 'error' limit 10) as e;
Timing is on.
                                                       QUERY PLAN                                                       
------------------------------------------------------------------------------------------------------------------------
 Aggregate  (cost=23.32..23.33 rows=1 width=8) (actual time=15.056..15.057 rows=1 loops=1)
   ->  Limit  (cost=0.00..23.19 rows=10 width=8) (actual time=0.726..15.046 rows=10 loops=1)
         ->  Seq Scan on files  (cost=0.00..1075530.95 rows=463753 width=8) (actual time=0.725..15.041 rows=10 loops=1)
               Filter: (contents ~ 'error'::text)
               Rows Removed by Filter: 44
 Planning Time: 26.668 ms
 Execution Time: 15.150 ms
(7 rows)

Time: 43.162 ms
limit 10: 'fmt\.Println'
TIME:14:09:36
query: EXPLAIN ANALYZE select count(id) from (select id from files where contents ~ 'fmt\.Println' limit 10) as e;
Timing is on.
                                                                      QUERY PLAN                                                                       
-------------------------------------------------------------------------------------------------------------------------------------------------------
 Aggregate  (cost=81.36..81.37 rows=1 width=8) (actual time=1134.107..1134.108 rows=1 loops=1)
   ->  Limit  (cost=70.14..81.24 rows=10 width=8) (actual time=1088.734..1134.052 rows=10 loops=1)
         ->  Bitmap Heap Scan on files  (cost=70.14..1135.10 rows=960 width=8) (actual time=1088.732..1134.029 rows=10 loops=1)
               Recheck Cond: (contents ~ 'fmt\.Println'::text)
               Rows Removed by Index Recheck: 29
               Heap Blocks: exact=28
               ->  Bitmap Index Scan on files_contents_trgm_idx  (cost=0.00..69.90 rows=960 width=0) (actual time=948.355..948.355 rows=45273 loops=1)
                     Index Cond: (contents ~ 'fmt\.Println'::text)
 Planning Time: 27.922 ms
 Execution Time: 1135.236 ms
(10 rows)

Time: 1164.638 ms (00:01.165)
TIME:14:09:38
query: EXPLAIN ANALYZE select count(id) from (select id from files where contents ~ 'fmt\.Println' limit 10) as e;
Timing is on.
                                                                      QUERY PLAN                                                                       
-------------------------------------------------------------------------------------------------------------------------------------------------------
 Aggregate  (cost=81.36..81.37 rows=1 width=8) (actual time=318.583..318.585 rows=1 loops=1)
   ->  Limit  (cost=70.14..81.24 rows=10 width=8) (actual time=295.635..318.575 rows=10 loops=1)
         ->  Bitmap Heap Scan on files  (cost=70.14..1135.10 rows=960 width=8) (actual time=295.634..318.569 rows=10 loops=1)
               Recheck Cond: (contents ~ 'fmt\.Println'::text)
               Rows Removed by Index Recheck: 29
               Heap Blocks: exact=28
               ->  Bitmap Index Scan on files_contents_trgm_idx  (cost=0.00..69.90 rows=960 width=0) (actual time=195.168..195.169 rows=45273 loops=1)
                     Index Cond: (contents ~ 'fmt\.Println'::text)
 Planning Time: 44.716 ms
 Execution Time: 320.020 ms
(10 rows)

Time: 366.155 ms
TIME:14:09:38
query: EXPLAIN ANALYZE select count(id) from (select id from files where contents ~ 'fmt\.Println' limit 10) as e;
Timing is on.
                                                                      QUERY PLAN                                                                       
-------------------------------------------------------------------------------------------------------------------------------------------------------
 Aggregate  (cost=81.36..81.37 rows=1 width=8) (actual time=312.171..312.173 rows=1 loops=1)
   ->  Limit  (cost=70.14..81.24 rows=10 width=8) (actual time=289.114..312.161 rows=10 loops=1)
         ->  Bitmap Heap Scan on files  (cost=70.14..1135.10 rows=960 width=8) (actual time=289.112..312.155 rows=10 loops=1)
               Recheck Cond: (contents ~ 'fmt\.Println'::text)
               Rows Removed by Index Recheck: 29
               Heap Blocks: exact=28
               ->  Bitmap Index Scan on files_contents_trgm_idx  (cost=0.00..69.90 rows=960 width=0) (actual time=185.685..185.685 rows=45273 loops=1)
                     Index Cond: (contents ~ 'fmt\.Println'::text)
 Planning Time: 29.941 ms
 Execution Time: 313.277 ms
(10 rows)

Time: 344.787 ms
TIME:14:09:39
query: EXPLAIN ANALYZE select count(id) from (select id from files where contents ~ 'fmt\.Println' limit 10) as e;
Timing is on.
                                                                      QUERY PLAN                                                                       
-------------------------------------------------------------------------------------------------------------------------------------------------------
 Aggregate  (cost=81.36..81.37 rows=1 width=8) (actual time=310.299..310.300 rows=1 loops=1)
   ->  Limit  (cost=70.14..81.24 rows=10 width=8) (actual time=287.715..310.289 rows=10 loops=1)
         ->  Bitmap Heap Scan on files  (cost=70.14..1135.10 rows=960 width=8) (actual time=287.713..310.284 rows=10 loops=1)
               Recheck Cond: (contents ~ 'fmt\.Println'::text)
               Rows Removed by Index Recheck: 29
               Heap Blocks: exact=28
               ->  Bitmap Index Scan on files_contents_trgm_idx  (cost=0.00..69.90 rows=960 width=0) (actual time=184.447..184.447 rows=45273 loops=1)
                     Index Cond: (contents ~ 'fmt\.Println'::text)
 Planning Time: 31.592 ms
 Execution Time: 311.668 ms
(10 rows)

Time: 344.628 ms
TIME:14:09:39
query: EXPLAIN ANALYZE select count(id) from (select id from files where contents ~ 'fmt\.Println' limit 10) as e;
Timing is on.
                                                                      QUERY PLAN                                                                       
-------------------------------------------------------------------------------------------------------------------------------------------------------
 Aggregate  (cost=81.36..81.37 rows=1 width=8) (actual time=328.289..328.290 rows=1 loops=1)
   ->  Limit  (cost=70.14..81.24 rows=10 width=8) (actual time=306.102..328.249 rows=10 loops=1)
         ->  Bitmap Heap Scan on files  (cost=70.14..1135.10 rows=960 width=8) (actual time=306.101..328.245 rows=10 loops=1)
               Recheck Cond: (contents ~ 'fmt\.Println'::text)
               Rows Removed by Index Recheck: 29
               Heap Blocks: exact=28
               ->  Bitmap Index Scan on files_contents_trgm_idx  (cost=0.00..69.90 rows=960 width=0) (actual time=189.234..189.234 rows=45273 loops=1)
                     Index Cond: (contents ~ 'fmt\.Println'::text)
 Planning Time: 29.009 ms
 Execution Time: 329.381 ms
(10 rows)

Time: 359.829 ms
TIME:14:09:40
query: EXPLAIN ANALYZE select count(id) from (select id from files where contents ~ 'fmt\.Println' limit 10) as e;
Timing is on.
                                                                      QUERY PLAN                                                                       
-------------------------------------------------------------------------------------------------------------------------------------------------------
 Aggregate  (cost=81.36..81.37 rows=1 width=8) (actual time=305.108..305.110 rows=1 loops=1)
   ->  Limit  (cost=70.14..81.24 rows=10 width=8) (actual time=283.787..305.099 rows=10 loops=1)
         ->  Bitmap Heap Scan on files  (cost=70.14..1135.10 rows=960 width=8) (actual time=283.786..305.094 rows=10 loops=1)
               Recheck Cond: (contents ~ 'fmt\.Println'::text)
               Rows Removed by Index Recheck: 29
               Heap Blocks: exact=28
               ->  Bitmap Index Scan on files_contents_trgm_idx  (cost=0.00..69.90 rows=960 width=0) (actual time=183.866..183.866 rows=45273 loops=1)
                     Index Cond: (contents ~ 'fmt\.Println'::text)
 Planning Time: 30.002 ms
 Execution Time: 306.258 ms
(10 rows)

Time: 337.687 ms
TIME:14:09:41
query: EXPLAIN ANALYZE select count(id) from (select id from files where contents ~ 'fmt\.Println' limit 10) as e;
Timing is on.
                                                                      QUERY PLAN                                                                       
-------------------------------------------------------------------------------------------------------------------------------------------------------
 Aggregate  (cost=81.36..81.37 rows=1 width=8) (actual time=406.757..406.758 rows=1 loops=1)
   ->  Limit  (cost=70.14..81.24 rows=10 width=8) (actual time=385.010..406.731 rows=10 loops=1)
         ->  Bitmap Heap Scan on files  (cost=70.14..1135.10 rows=960 width=8) (actual time=385.008..406.726 rows=10 loops=1)
               Recheck Cond: (contents ~ 'fmt\.Println'::text)
               Rows Removed by Index Recheck: 29
               Heap Blocks: exact=28
               ->  Bitmap Index Scan on files_contents_trgm_idx  (cost=0.00..69.90 rows=960 width=0) (actual time=188.325..188.326 rows=45273 loops=1)
                     Index Cond: (contents ~ 'fmt\.Println'::text)
 Planning Time: 29.047 ms
 Execution Time: 407.933 ms
(10 rows)

Time: 438.375 ms
TIME:14:09:41
query: EXPLAIN ANALYZE select count(id) from (select id from files where contents ~ 'fmt\.Println' limit 10) as e;
Timing is on.
                                                                      QUERY PLAN                                                                       
-------------------------------------------------------------------------------------------------------------------------------------------------------
 Aggregate  (cost=81.36..81.37 rows=1 width=8) (actual time=320.770..320.771 rows=1 loops=1)
   ->  Limit  (cost=70.14..81.24 rows=10 width=8) (actual time=298.378..320.761 rows=10 loops=1)
         ->  Bitmap Heap Scan on files  (cost=70.14..1135.10 rows=960 width=8) (actual time=298.377..320.756 rows=10 loops=1)
               Recheck Cond: (contents ~ 'fmt\.Println'::text)
               Rows Removed by Index Recheck: 29
               Heap Blocks: exact=28
               ->  Bitmap Index Scan on files_contents_trgm_idx  (cost=0.00..69.90 rows=960 width=0) (actual time=195.224..195.225 rows=45273 loops=1)
                     Index Cond: (contents ~ 'fmt\.Println'::text)
 Planning Time: 31.291 ms
 Execution Time: 321.774 ms
(10 rows)

Time: 354.492 ms
TIME:14:09:42
query: EXPLAIN ANALYZE select count(id) from (select id from files where contents ~ 'fmt\.Println' limit 10) as e;
Timing is on.
                                                                      QUERY PLAN                                                                       
-------------------------------------------------------------------------------------------------------------------------------------------------------
 Aggregate  (cost=81.36..81.37 rows=1 width=8) (actual time=300.179..300.181 rows=1 loops=1)
   ->  Limit  (cost=70.14..81.24 rows=10 width=8) (actual time=277.882..300.170 rows=10 loops=1)
         ->  Bitmap Heap Scan on files  (cost=70.14..1135.10 rows=960 width=8) (actual time=277.881..300.164 rows=10 loops=1)
               Recheck Cond: (contents ~ 'fmt\.Println'::text)
               Rows Removed by Index Recheck: 29
               Heap Blocks: exact=28
               ->  Bitmap Index Scan on files_contents_trgm_idx  (cost=0.00..69.90 rows=960 width=0) (actual time=177.537..177.537 rows=45273 loops=1)
                     Index Cond: (contents ~ 'fmt\.Println'::text)
 Planning Time: 29.156 ms
 Execution Time: 301.376 ms
(10 rows)

Time: 331.738 ms
TIME:14:09:42
query: EXPLAIN ANALYZE select count(id) from (select id from files where contents ~ 'fmt\.Println' limit 10) as e;
Timing is on.
                                                                      QUERY PLAN                                                                       
-------------------------------------------------------------------------------------------------------------------------------------------------------
 Aggregate  (cost=81.36..81.37 rows=1 width=8) (actual time=310.760..310.761 rows=1 loops=1)
   ->  Limit  (cost=70.14..81.24 rows=10 width=8) (actual time=289.104..310.750 rows=10 loops=1)
         ->  Bitmap Heap Scan on files  (cost=70.14..1135.10 rows=960 width=8) (actual time=289.102..310.745 rows=10 loops=1)
               Recheck Cond: (contents ~ 'fmt\.Println'::text)
               Rows Removed by Index Recheck: 29
               Heap Blocks: exact=28
               ->  Bitmap Index Scan on files_contents_trgm_idx  (cost=0.00..69.90 rows=960 width=0) (actual time=185.357..185.357 rows=45273 loops=1)
                     Index Cond: (contents ~ 'fmt\.Println'::text)
 Planning Time: 32.916 ms
 Execution Time: 312.076 ms
(10 rows)

Time: 346.680 ms
TIME:14:09:43
query: EXPLAIN ANALYZE select count(id) from (select id from files where contents ~ 'fmt\.Println' limit 10) as e;
Timing is on.
                                                                      QUERY PLAN                                                                       
-------------------------------------------------------------------------------------------------------------------------------------------------------
 Aggregate  (cost=81.36..81.37 rows=1 width=8) (actual time=311.836..311.837 rows=1 loops=1)
   ->  Limit  (cost=70.14..81.24 rows=10 width=8) (actual time=289.868..311.828 rows=10 loops=1)
         ->  Bitmap Heap Scan on files  (cost=70.14..1135.10 rows=960 width=8) (actual time=289.867..311.823 rows=10 loops=1)
               Recheck Cond: (contents ~ 'fmt\.Println'::text)
               Rows Removed by Index Recheck: 29
               Heap Blocks: exact=28
               ->  Bitmap Index Scan on files_contents_trgm_idx  (cost=0.00..69.90 rows=960 width=0) (actual time=187.038..187.038 rows=45273 loops=1)
                     Index Cond: (contents ~ 'fmt\.Println'::text)
 Planning Time: 28.482 ms
 Execution Time: 313.021 ms
(10 rows)

Time: 342.918 ms
TIME:14:09:43
query: EXPLAIN ANALYZE select count(id) from (select id from files where contents ~ 'fmt\.Println' limit 10) as e;
Timing is on.
                                                                      QUERY PLAN                                                                       
-------------------------------------------------------------------------------------------------------------------------------------------------------
 Aggregate  (cost=81.36..81.37 rows=1 width=8) (actual time=304.252..304.253 rows=1 loops=1)
   ->  Limit  (cost=70.14..81.24 rows=10 width=8) (actual time=282.338..304.244 rows=10 loops=1)
         ->  Bitmap Heap Scan on files  (cost=70.14..1135.10 rows=960 width=8) (actual time=282.324..304.227 rows=10 loops=1)
               Recheck Cond: (contents ~ 'fmt\.Println'::text)
               Rows Removed by Index Recheck: 29
               Heap Blocks: exact=28
               ->  Bitmap Index Scan on files_contents_trgm_idx  (cost=0.00..69.90 rows=960 width=0) (actual time=181.474..181.474 rows=45273 loops=1)
                     Index Cond: (contents ~ 'fmt\.Println'::text)
 Planning Time: 29.163 ms
 Execution Time: 305.368 ms
(10 rows)

Time: 335.835 ms
TIME:14:09:44
query: EXPLAIN ANALYZE select count(id) from (select id from files where contents ~ 'fmt\.Println' limit 10) as e;
Timing is on.
                                                                      QUERY PLAN                                                                       
-------------------------------------------------------------------------------------------------------------------------------------------------------
 Aggregate  (cost=81.36..81.37 rows=1 width=8) (actual time=312.383..312.384 rows=1 loops=1)
   ->  Limit  (cost=70.14..81.24 rows=10 width=8) (actual time=290.789..312.375 rows=10 loops=1)
         ->  Bitmap Heap Scan on files  (cost=70.14..1135.10 rows=960 width=8) (actual time=290.787..312.371 rows=10 loops=1)
               Recheck Cond: (contents ~ 'fmt\.Println'::text)
               Rows Removed by Index Recheck: 29
               Heap Blocks: exact=28
               ->  Bitmap Index Scan on files_contents_trgm_idx  (cost=0.00..69.90 rows=960 width=0) (actual time=189.182..189.182 rows=45273 loops=1)
                     Index Cond: (contents ~ 'fmt\.Println'::text)
 Planning Time: 30.363 ms
 Execution Time: 313.469 ms
(10 rows)

Time: 345.251 ms
TIME:14:09:45
query: EXPLAIN ANALYZE select count(id) from (select id from files where contents ~ 'fmt\.Println' limit 10) as e;
Timing is on.
                                                                      QUERY PLAN                                                                       
-------------------------------------------------------------------------------------------------------------------------------------------------------
 Aggregate  (cost=81.36..81.37 rows=1 width=8) (actual time=305.020..305.022 rows=1 loops=1)
   ->  Limit  (cost=70.14..81.24 rows=10 width=8) (actual time=280.130..305.008 rows=10 loops=1)
         ->  Bitmap Heap Scan on files  (cost=70.14..1135.10 rows=960 width=8) (actual time=280.128..304.988 rows=10 loops=1)
               Recheck Cond: (contents ~ 'fmt\.Println'::text)
               Rows Removed by Index Recheck: 29
               Heap Blocks: exact=28
               ->  Bitmap Index Scan on files_contents_trgm_idx  (cost=0.00..69.90 rows=960 width=0) (actual time=178.256..178.257 rows=45273 loops=1)
                     Index Cond: (contents ~ 'fmt\.Println'::text)
 Planning Time: 30.117 ms
 Execution Time: 306.068 ms
(10 rows)

Time: 337.771 ms
TIME:14:09:45
query: EXPLAIN ANALYZE select count(id) from (select id from files where contents ~ 'fmt\.Println' limit 10) as e;
Timing is on.
                                                                      QUERY PLAN                                                                       
-------------------------------------------------------------------------------------------------------------------------------------------------------
 Aggregate  (cost=81.36..81.37 rows=1 width=8) (actual time=431.184..431.185 rows=1 loops=1)
   ->  Limit  (cost=70.14..81.24 rows=10 width=8) (actual time=409.996..431.175 rows=10 loops=1)
         ->  Bitmap Heap Scan on files  (cost=70.14..1135.10 rows=960 width=8) (actual time=409.994..431.170 rows=10 loops=1)
               Recheck Cond: (contents ~ 'fmt\.Println'::text)
               Rows Removed by Index Recheck: 29
               Heap Blocks: exact=28
               ->  Bitmap Index Scan on files_contents_trgm_idx  (cost=0.00..69.90 rows=960 width=0) (actual time=180.102..180.102 rows=45273 loops=1)
                     Index Cond: (contents ~ 'fmt\.Println'::text)
 Planning Time: 28.936 ms
 Execution Time: 432.368 ms
(10 rows)

Time: 462.645 ms
TIME:14:09:46
query: EXPLAIN ANALYZE select count(id) from (select id from files where contents ~ 'fmt\.Println' limit 10) as e;
Timing is on.
                                                                      QUERY PLAN                                                                       
-------------------------------------------------------------------------------------------------------------------------------------------------------
 Aggregate  (cost=81.36..81.37 rows=1 width=8) (actual time=324.254..324.256 rows=1 loops=1)
   ->  Limit  (cost=70.14..81.24 rows=10 width=8) (actual time=298.982..324.229 rows=10 loops=1)
         ->  Bitmap Heap Scan on files  (cost=70.14..1135.10 rows=960 width=8) (actual time=298.980..324.222 rows=10 loops=1)
               Recheck Cond: (contents ~ 'fmt\.Println'::text)
               Rows Removed by Index Recheck: 29
               Heap Blocks: exact=28
               ->  Bitmap Index Scan on files_contents_trgm_idx  (cost=0.00..69.90 rows=960 width=0) (actual time=191.685..191.685 rows=45273 loops=1)
                     Index Cond: (contents ~ 'fmt\.Println'::text)
 Planning Time: 29.497 ms
 Execution Time: 325.525 ms
(10 rows)

Time: 356.493 ms
TIME:14:09:46
query: EXPLAIN ANALYZE select count(id) from (select id from files where contents ~ 'fmt\.Println' limit 10) as e;
Timing is on.
                                                                      QUERY PLAN                                                                       
-------------------------------------------------------------------------------------------------------------------------------------------------------
 Aggregate  (cost=81.36..81.37 rows=1 width=8) (actual time=312.482..312.484 rows=1 loops=1)
   ->  Limit  (cost=70.14..81.24 rows=10 width=8) (actual time=290.175..312.473 rows=10 loops=1)
         ->  Bitmap Heap Scan on files  (cost=70.14..1135.10 rows=960 width=8) (actual time=290.174..312.469 rows=10 loops=1)
               Recheck Cond: (contents ~ 'fmt\.Println'::text)
               Rows Removed by Index Recheck: 29
               Heap Blocks: exact=28
               ->  Bitmap Index Scan on files_contents_trgm_idx  (cost=0.00..69.90 rows=960 width=0) (actual time=186.163..186.164 rows=45273 loops=1)
                     Index Cond: (contents ~ 'fmt\.Println'::text)
 Planning Time: 30.729 ms
 Execution Time: 313.605 ms
(10 rows)

Time: 345.739 ms
TIME:14:09:47
query: EXPLAIN ANALYZE select count(id) from (select id from files where contents ~ 'fmt\.Println' limit 10) as e;
Timing is on.
                                                                      QUERY PLAN                                                                       
-------------------------------------------------------------------------------------------------------------------------------------------------------
 Aggregate  (cost=81.36..81.37 rows=1 width=8) (actual time=310.534..310.536 rows=1 loops=1)
   ->  Limit  (cost=70.14..81.24 rows=10 width=8) (actual time=288.581..310.525 rows=10 loops=1)
         ->  Bitmap Heap Scan on files  (cost=70.14..1135.10 rows=960 width=8) (actual time=288.580..310.520 rows=10 loops=1)
               Recheck Cond: (contents ~ 'fmt\.Println'::text)
               Rows Removed by Index Recheck: 29
               Heap Blocks: exact=28
               ->  Bitmap Index Scan on files_contents_trgm_idx  (cost=0.00..69.90 rows=960 width=0) (actual time=182.881..182.882 rows=45273 loops=1)
                     Index Cond: (contents ~ 'fmt\.Println'::text)
 Planning Time: 29.562 ms
 Execution Time: 311.891 ms
(10 rows)

Time: 342.806 ms
TIME:14:09:48
query: EXPLAIN ANALYZE select count(id) from (select id from files where contents ~ 'fmt\.Println' limit 10) as e;
Timing is on.
                                                                      QUERY PLAN                                                                       
-------------------------------------------------------------------------------------------------------------------------------------------------------
 Aggregate  (cost=81.36..81.37 rows=1 width=8) (actual time=330.439..330.440 rows=1 loops=1)
   ->  Limit  (cost=70.14..81.24 rows=10 width=8) (actual time=308.073..330.426 rows=10 loops=1)
         ->  Bitmap Heap Scan on files  (cost=70.14..1135.10 rows=960 width=8) (actual time=308.072..330.421 rows=10 loops=1)
               Recheck Cond: (contents ~ 'fmt\.Println'::text)
               Rows Removed by Index Recheck: 29
               Heap Blocks: exact=28
               ->  Bitmap Index Scan on files_contents_trgm_idx  (cost=0.00..69.90 rows=960 width=0) (actual time=204.600..204.600 rows=45273 loops=1)
                     Index Cond: (contents ~ 'fmt\.Println'::text)
 Planning Time: 30.776 ms
 Execution Time: 331.519 ms
(10 rows)

Time: 363.743 ms
TIME:14:09:48
query: EXPLAIN ANALYZE select count(id) from (select id from files where contents ~ 'fmt\.Println' limit 10) as e;
Timing is on.
                                                                      QUERY PLAN                                                                       
-------------------------------------------------------------------------------------------------------------------------------------------------------
 Aggregate  (cost=81.36..81.37 rows=1 width=8) (actual time=307.844..307.845 rows=1 loops=1)
   ->  Limit  (cost=70.14..81.24 rows=10 width=8) (actual time=285.516..307.819 rows=10 loops=1)
         ->  Bitmap Heap Scan on files  (cost=70.14..1135.10 rows=960 width=8) (actual time=285.514..307.814 rows=10 loops=1)
               Recheck Cond: (contents ~ 'fmt\.Println'::text)
               Rows Removed by Index Recheck: 29
               Heap Blocks: exact=28
               ->  Bitmap Index Scan on files_contents_trgm_idx  (cost=0.00..69.90 rows=960 width=0) (actual time=182.428..182.429 rows=45273 loops=1)
                     Index Cond: (contents ~ 'fmt\.Println'::text)
 Planning Time: 29.275 ms
 Execution Time: 309.139 ms
(10 rows)

Time: 339.706 ms
TIME:14:09:49
query: EXPLAIN ANALYZE select count(id) from (select id from files where contents ~ 'fmt\.Println' limit 10) as e;
Timing is on.
                                                                      QUERY PLAN                                                                       
-------------------------------------------------------------------------------------------------------------------------------------------------------
 Aggregate  (cost=81.36..81.37 rows=1 width=8) (actual time=304.669..304.670 rows=1 loops=1)
   ->  Limit  (cost=70.14..81.24 rows=10 width=8) (actual time=282.221..304.659 rows=10 loops=1)
         ->  Bitmap Heap Scan on files  (cost=70.14..1135.10 rows=960 width=8) (actual time=282.219..304.654 rows=10 loops=1)
               Recheck Cond: (contents ~ 'fmt\.Println'::text)
               Rows Removed by Index Recheck: 29
               Heap Blocks: exact=28
               ->  Bitmap Index Scan on files_contents_trgm_idx  (cost=0.00..69.90 rows=960 width=0) (actual time=181.803..181.804 rows=45273 loops=1)
                     Index Cond: (contents ~ 'fmt\.Println'::text)
 Planning Time: 31.616 ms
 Execution Time: 305.980 ms
(10 rows)

Time: 339.038 ms
TIME:14:09:49
query: EXPLAIN ANALYZE select count(id) from (select id from files where contents ~ 'fmt\.Println' limit 10) as e;
Timing is on.
                                                                      QUERY PLAN                                                                       
-------------------------------------------------------------------------------------------------------------------------------------------------------
 Aggregate  (cost=81.36..81.37 rows=1 width=8) (actual time=311.065..311.066 rows=1 loops=1)
   ->  Limit  (cost=70.14..81.24 rows=10 width=8) (actual time=289.016..311.057 rows=10 loops=1)
         ->  Bitmap Heap Scan on files  (cost=70.14..1135.10 rows=960 width=8) (actual time=289.014..311.052 rows=10 loops=1)
               Recheck Cond: (contents ~ 'fmt\.Println'::text)
               Rows Removed by Index Recheck: 29
               Heap Blocks: exact=28
               ->  Bitmap Index Scan on files_contents_trgm_idx  (cost=0.00..69.90 rows=960 width=0) (actual time=186.428..186.428 rows=45273 loops=1)
                     Index Cond: (contents ~ 'fmt\.Println'::text)
 Planning Time: 30.710 ms
 Execution Time: 312.263 ms
(10 rows)

Time: 344.687 ms
TIME:14:09:50
query: EXPLAIN ANALYZE select count(id) from (select id from files where contents ~ 'fmt\.Println' limit 10) as e;
Timing is on.
                                                                      QUERY PLAN                                                                       
-------------------------------------------------------------------------------------------------------------------------------------------------------
 Aggregate  (cost=81.36..81.37 rows=1 width=8) (actual time=306.790..306.792 rows=1 loops=1)
   ->  Limit  (cost=70.14..81.24 rows=10 width=8) (actual time=284.914..306.782 rows=10 loops=1)
         ->  Bitmap Heap Scan on files  (cost=70.14..1135.10 rows=960 width=8) (actual time=284.913..306.777 rows=10 loops=1)
               Recheck Cond: (contents ~ 'fmt\.Println'::text)
               Rows Removed by Index Recheck: 29
               Heap Blocks: exact=28
               ->  Bitmap Index Scan on files_contents_trgm_idx  (cost=0.00..69.90 rows=960 width=0) (actual time=183.841..183.842 rows=45273 loops=1)
                     Index Cond: (contents ~ 'fmt\.Println'::text)
 Planning Time: 30.425 ms
 Execution Time: 307.901 ms
(10 rows)

Time: 339.574 ms
TIME:14:09:50
query: EXPLAIN ANALYZE select count(id) from (select id from files where contents ~ 'fmt\.Println' limit 10) as e;
Timing is on.
                                                                      QUERY PLAN                                                                       
-------------------------------------------------------------------------------------------------------------------------------------------------------
 Aggregate  (cost=81.36..81.37 rows=1 width=8) (actual time=309.878..309.880 rows=1 loops=1)
   ->  Limit  (cost=70.14..81.24 rows=10 width=8) (actual time=287.441..309.869 rows=10 loops=1)
         ->  Bitmap Heap Scan on files  (cost=70.14..1135.10 rows=960 width=8) (actual time=287.439..309.863 rows=10 loops=1)
               Recheck Cond: (contents ~ 'fmt\.Println'::text)
               Rows Removed by Index Recheck: 29
               Heap Blocks: exact=28
               ->  Bitmap Index Scan on files_contents_trgm_idx  (cost=0.00..69.90 rows=960 width=0) (actual time=185.366..185.366 rows=45273 loops=1)
                     Index Cond: (contents ~ 'fmt\.Println'::text)
 Planning Time: 29.891 ms
 Execution Time: 311.040 ms
(10 rows)

Time: 342.307 ms
TIME:14:09:51
query: EXPLAIN ANALYZE select count(id) from (select id from files where contents ~ 'fmt\.Println' limit 10) as e;
Timing is on.
                                                                      QUERY PLAN                                                                       
-------------------------------------------------------------------------------------------------------------------------------------------------------
 Aggregate  (cost=81.36..81.37 rows=1 width=8) (actual time=312.316..312.317 rows=1 loops=1)
   ->  Limit  (cost=70.14..81.24 rows=10 width=8) (actual time=289.253..312.307 rows=10 loops=1)
         ->  Bitmap Heap Scan on files  (cost=70.14..1135.10 rows=960 width=8) (actual time=289.252..312.301 rows=10 loops=1)
               Recheck Cond: (contents ~ 'fmt\.Println'::text)
               Rows Removed by Index Recheck: 29
               Heap Blocks: exact=28
               ->  Bitmap Index Scan on files_contents_trgm_idx  (cost=0.00..69.90 rows=960 width=0) (actual time=184.066..184.067 rows=45273 loops=1)
                     Index Cond: (contents ~ 'fmt\.Println'::text)
 Planning Time: 27.094 ms
 Execution Time: 313.634 ms
(10 rows)

Time: 341.960 ms
TIME:14:09:51
query: EXPLAIN ANALYZE select count(id) from (select id from files where contents ~ 'fmt\.Println' limit 10) as e;
Timing is on.
                                                                      QUERY PLAN                                                                       
-------------------------------------------------------------------------------------------------------------------------------------------------------
 Aggregate  (cost=81.36..81.37 rows=1 width=8) (actual time=310.799..310.801 rows=1 loops=1)
   ->  Limit  (cost=70.14..81.24 rows=10 width=8) (actual time=289.233..310.791 rows=10 loops=1)
         ->  Bitmap Heap Scan on files  (cost=70.14..1135.10 rows=960 width=8) (actual time=289.232..310.787 rows=10 loops=1)
               Recheck Cond: (contents ~ 'fmt\.Println'::text)
               Rows Removed by Index Recheck: 29
               Heap Blocks: exact=28
               ->  Bitmap Index Scan on files_contents_trgm_idx  (cost=0.00..69.90 rows=960 width=0) (actual time=186.014..186.015 rows=45273 loops=1)
                     Index Cond: (contents ~ 'fmt\.Println'::text)
 Planning Time: 29.992 ms
 Execution Time: 311.931 ms
(10 rows)

Time: 343.255 ms
TIME:14:09:52
query: EXPLAIN ANALYZE select count(id) from (select id from files where contents ~ 'fmt\.Println' limit 10) as e;
Timing is on.
                                                                      QUERY PLAN                                                                       
-------------------------------------------------------------------------------------------------------------------------------------------------------
 Aggregate  (cost=81.36..81.37 rows=1 width=8) (actual time=308.329..308.330 rows=1 loops=1)
   ->  Limit  (cost=70.14..81.24 rows=10 width=8) (actual time=284.769..308.282 rows=10 loops=1)
         ->  Bitmap Heap Scan on files  (cost=70.14..1135.10 rows=960 width=8) (actual time=284.768..308.277 rows=10 loops=1)
               Recheck Cond: (contents ~ 'fmt\.Println'::text)
               Rows Removed by Index Recheck: 29
               Heap Blocks: exact=28
               ->  Bitmap Index Scan on files_contents_trgm_idx  (cost=0.00..69.90 rows=960 width=0) (actual time=182.125..182.125 rows=45273 loops=1)
                     Index Cond: (contents ~ 'fmt\.Println'::text)
 Planning Time: 30.439 ms
 Execution Time: 309.618 ms
(10 rows)

Time: 341.383 ms
TIME:14:09:53
query: EXPLAIN ANALYZE select count(id) from (select id from files where contents ~ 'fmt\.Println' limit 10) as e;
Timing is on.
                                                                      QUERY PLAN                                                                       
-------------------------------------------------------------------------------------------------------------------------------------------------------
 Aggregate  (cost=81.36..81.37 rows=1 width=8) (actual time=331.622..331.624 rows=1 loops=1)
   ->  Limit  (cost=70.14..81.24 rows=10 width=8) (actual time=306.124..331.609 rows=10 loops=1)
         ->  Bitmap Heap Scan on files  (cost=70.14..1135.10 rows=960 width=8) (actual time=306.122..331.602 rows=10 loops=1)
               Recheck Cond: (contents ~ 'fmt\.Println'::text)
               Rows Removed by Index Recheck: 29
               Heap Blocks: exact=28
               ->  Bitmap Index Scan on files_contents_trgm_idx  (cost=0.00..69.90 rows=960 width=0) (actual time=191.764..191.764 rows=45273 loops=1)
                     Index Cond: (contents ~ 'fmt\.Println'::text)
 Planning Time: 29.595 ms
 Execution Time: 333.056 ms
(10 rows)

Time: 364.046 ms
TIME:14:09:53
query: EXPLAIN ANALYZE select count(id) from (select id from files where contents ~ 'fmt\.Println' limit 10) as e;
Timing is on.
                                                                      QUERY PLAN                                                                       
-------------------------------------------------------------------------------------------------------------------------------------------------------
 Aggregate  (cost=81.36..81.37 rows=1 width=8) (actual time=363.536..363.537 rows=1 loops=1)
   ->  Limit  (cost=70.14..81.24 rows=10 width=8) (actual time=339.376..363.508 rows=10 loops=1)
         ->  Bitmap Heap Scan on files  (cost=70.14..1135.10 rows=960 width=8) (actual time=339.371..363.499 rows=10 loops=1)
               Recheck Cond: (contents ~ 'fmt\.Println'::text)
               Rows Removed by Index Recheck: 29
               Heap Blocks: exact=28
               ->  Bitmap Index Scan on files_contents_trgm_idx  (cost=0.00..69.90 rows=960 width=0) (actual time=226.938..226.938 rows=45273 loops=1)
                     Index Cond: (contents ~ 'fmt\.Println'::text)
 Planning Time: 37.750 ms
 Execution Time: 365.985 ms
(10 rows)

Time: 405.239 ms
TIME:14:09:54
query: EXPLAIN ANALYZE select count(id) from (select id from files where contents ~ 'fmt\.Println' limit 10) as e;
Timing is on.
                                                                      QUERY PLAN                                                                       
-------------------------------------------------------------------------------------------------------------------------------------------------------
 Aggregate  (cost=81.36..81.37 rows=1 width=8) (actual time=318.108..318.109 rows=1 loops=1)
   ->  Limit  (cost=70.14..81.24 rows=10 width=8) (actual time=296.194..318.099 rows=10 loops=1)
         ->  Bitmap Heap Scan on files  (cost=70.14..1135.10 rows=960 width=8) (actual time=296.192..318.094 rows=10 loops=1)
               Recheck Cond: (contents ~ 'fmt\.Println'::text)
               Rows Removed by Index Recheck: 29
               Heap Blocks: exact=28
               ->  Bitmap Index Scan on files_contents_trgm_idx  (cost=0.00..69.90 rows=960 width=0) (actual time=192.802..192.802 rows=45273 loops=1)
                     Index Cond: (contents ~ 'fmt\.Println'::text)
 Planning Time: 31.033 ms
 Execution Time: 319.233 ms
(10 rows)

Time: 351.533 ms
TIME:14:09:54
query: EXPLAIN ANALYZE select count(id) from (select id from files where contents ~ 'fmt\.Println' limit 10) as e;
Timing is on.
                                                                      QUERY PLAN                                                                       
-------------------------------------------------------------------------------------------------------------------------------------------------------
 Aggregate  (cost=81.36..81.37 rows=1 width=8) (actual time=317.017..317.019 rows=1 loops=1)
   ->  Limit  (cost=70.14..81.24 rows=10 width=8) (actual time=294.881..316.996 rows=10 loops=1)
         ->  Bitmap Heap Scan on files  (cost=70.14..1135.10 rows=960 width=8) (actual time=294.879..316.990 rows=10 loops=1)
               Recheck Cond: (contents ~ 'fmt\.Println'::text)
               Rows Removed by Index Recheck: 29
               Heap Blocks: exact=28
               ->  Bitmap Index Scan on files_contents_trgm_idx  (cost=0.00..69.90 rows=960 width=0) (actual time=189.456..189.456 rows=45273 loops=1)
                     Index Cond: (contents ~ 'fmt\.Println'::text)
 Planning Time: 29.343 ms
 Execution Time: 318.032 ms
(10 rows)

Time: 348.744 ms
TIME:14:09:55
query: EXPLAIN ANALYZE select count(id) from (select id from files where contents ~ 'fmt\.Println' limit 10) as e;
Timing is on.
                                                                      QUERY PLAN                                                                       
-------------------------------------------------------------------------------------------------------------------------------------------------------
 Aggregate  (cost=81.36..81.37 rows=1 width=8) (actual time=309.337..309.339 rows=1 loops=1)
   ->  Limit  (cost=70.14..81.24 rows=10 width=8) (actual time=285.674..309.326 rows=10 loops=1)
         ->  Bitmap Heap Scan on files  (cost=70.14..1135.10 rows=960 width=8) (actual time=285.672..309.320 rows=10 loops=1)
               Recheck Cond: (contents ~ 'fmt\.Println'::text)
               Rows Removed by Index Recheck: 29
               Heap Blocks: exact=28
               ->  Bitmap Index Scan on files_contents_trgm_idx  (cost=0.00..69.90 rows=960 width=0) (actual time=181.934..181.934 rows=45273 loops=1)
                     Index Cond: (contents ~ 'fmt\.Println'::text)
 Planning Time: 29.052 ms
 Execution Time: 310.618 ms
(10 rows)

Time: 340.990 ms
TIME:14:09:56
query: EXPLAIN ANALYZE select count(id) from (select id from files where contents ~ 'fmt\.Println' limit 10) as e;
Timing is on.
                                                                      QUERY PLAN                                                                       
-------------------------------------------------------------------------------------------------------------------------------------------------------
 Aggregate  (cost=81.36..81.37 rows=1 width=8) (actual time=333.482..333.484 rows=1 loops=1)
   ->  Limit  (cost=70.14..81.24 rows=10 width=8) (actual time=309.907..333.457 rows=10 loops=1)
         ->  Bitmap Heap Scan on files  (cost=70.14..1135.10 rows=960 width=8) (actual time=309.906..333.452 rows=10 loops=1)
               Recheck Cond: (contents ~ 'fmt\.Println'::text)
               Rows Removed by Index Recheck: 29
               Heap Blocks: exact=28
               ->  Bitmap Index Scan on files_contents_trgm_idx  (cost=0.00..69.90 rows=960 width=0) (actual time=200.922..200.922 rows=45273 loops=1)
                     Index Cond: (contents ~ 'fmt\.Println'::text)
 Planning Time: 32.365 ms
 Execution Time: 335.085 ms
(10 rows)

Time: 369.072 ms
TIME:14:09:56
query: EXPLAIN ANALYZE select count(id) from (select id from files where contents ~ 'fmt\.Println' limit 10) as e;
Timing is on.
                                                                      QUERY PLAN                                                                       
-------------------------------------------------------------------------------------------------------------------------------------------------------
 Aggregate  (cost=81.36..81.37 rows=1 width=8) (actual time=306.825..306.827 rows=1 loops=1)
   ->  Limit  (cost=70.14..81.24 rows=10 width=8) (actual time=283.590..306.816 rows=10 loops=1)
         ->  Bitmap Heap Scan on files  (cost=70.14..1135.10 rows=960 width=8) (actual time=283.588..306.810 rows=10 loops=1)
               Recheck Cond: (contents ~ 'fmt\.Println'::text)
               Rows Removed by Index Recheck: 29
               Heap Blocks: exact=28
               ->  Bitmap Index Scan on files_contents_trgm_idx  (cost=0.00..69.90 rows=960 width=0) (actual time=181.622..181.623 rows=45273 loops=1)
                     Index Cond: (contents ~ 'fmt\.Println'::text)
 Planning Time: 29.827 ms
 Execution Time: 307.866 ms
(10 rows)

Time: 339.018 ms
TIME:14:09:57
query: EXPLAIN ANALYZE select count(id) from (select id from files where contents ~ 'fmt\.Println' limit 10) as e;
Timing is on.
                                                                      QUERY PLAN                                                                       
-------------------------------------------------------------------------------------------------------------------------------------------------------
 Aggregate  (cost=81.36..81.37 rows=1 width=8) (actual time=304.500..304.501 rows=1 loops=1)
   ->  Limit  (cost=70.14..81.24 rows=10 width=8) (actual time=282.182..304.491 rows=10 loops=1)
         ->  Bitmap Heap Scan on files  (cost=70.14..1135.10 rows=960 width=8) (actual time=282.180..304.487 rows=10 loops=1)
               Recheck Cond: (contents ~ 'fmt\.Println'::text)
               Rows Removed by Index Recheck: 29
               Heap Blocks: exact=28
               ->  Bitmap Index Scan on files_contents_trgm_idx  (cost=0.00..69.90 rows=960 width=0) (actual time=181.844..181.845 rows=45273 loops=1)
                     Index Cond: (contents ~ 'fmt\.Println'::text)
 Planning Time: 30.137 ms
 Execution Time: 305.624 ms
(10 rows)

Time: 337.042 ms
TIME:14:09:57
query: EXPLAIN ANALYZE select count(id) from (select id from files where contents ~ 'fmt\.Println' limit 10) as e;
Timing is on.
                                                                      QUERY PLAN                                                                       
-------------------------------------------------------------------------------------------------------------------------------------------------------
 Aggregate  (cost=81.36..81.37 rows=1 width=8) (actual time=310.021..310.023 rows=1 loops=1)
   ->  Limit  (cost=70.14..81.24 rows=10 width=8) (actual time=287.440..309.999 rows=10 loops=1)
         ->  Bitmap Heap Scan on files  (cost=70.14..1135.10 rows=960 width=8) (actual time=287.439..309.994 rows=10 loops=1)
               Recheck Cond: (contents ~ 'fmt\.Println'::text)
               Rows Removed by Index Recheck: 29
               Heap Blocks: exact=28
               ->  Bitmap Index Scan on files_contents_trgm_idx  (cost=0.00..69.90 rows=960 width=0) (actual time=184.391..184.391 rows=45273 loops=1)
                     Index Cond: (contents ~ 'fmt\.Println'::text)
 Planning Time: 30.708 ms
 Execution Time: 311.242 ms
(10 rows)

Time: 343.424 ms
TIME:14:09:58
query: EXPLAIN ANALYZE select count(id) from (select id from files where contents ~ 'fmt\.Println' limit 10) as e;
Timing is on.
                                                                      QUERY PLAN                                                                       
-------------------------------------------------------------------------------------------------------------------------------------------------------
 Aggregate  (cost=81.36..81.37 rows=1 width=8) (actual time=302.518..302.519 rows=1 loops=1)
   ->  Limit  (cost=70.14..81.24 rows=10 width=8) (actual time=280.964..302.509 rows=10 loops=1)
         ->  Bitmap Heap Scan on files  (cost=70.14..1135.10 rows=960 width=8) (actual time=280.963..302.505 rows=10 loops=1)
               Recheck Cond: (contents ~ 'fmt\.Println'::text)
               Rows Removed by Index Recheck: 29
               Heap Blocks: exact=28
               ->  Bitmap Index Scan on files_contents_trgm_idx  (cost=0.00..69.90 rows=960 width=0) (actual time=181.591..181.591 rows=45273 loops=1)
                     Index Cond: (contents ~ 'fmt\.Println'::text)
 Planning Time: 28.813 ms
 Execution Time: 303.681 ms
(10 rows)

Time: 333.824 ms
TIME:14:09:58
query: EXPLAIN ANALYZE select count(id) from (select id from files where contents ~ 'fmt\.Println' limit 10) as e;
Timing is on.
                                                                      QUERY PLAN                                                                       
-------------------------------------------------------------------------------------------------------------------------------------------------------
 Aggregate  (cost=81.36..81.37 rows=1 width=8) (actual time=314.289..314.290 rows=1 loops=1)
   ->  Limit  (cost=70.14..81.24 rows=10 width=8) (actual time=292.220..314.264 rows=10 loops=1)
         ->  Bitmap Heap Scan on files  (cost=70.14..1135.10 rows=960 width=8) (actual time=292.218..314.258 rows=10 loops=1)
               Recheck Cond: (contents ~ 'fmt\.Println'::text)
               Rows Removed by Index Recheck: 29
               Heap Blocks: exact=28
               ->  Bitmap Index Scan on files_contents_trgm_idx  (cost=0.00..69.90 rows=960 width=0) (actual time=185.077..185.077 rows=45273 loops=1)
                     Index Cond: (contents ~ 'fmt\.Println'::text)
 Planning Time: 29.660 ms
 Execution Time: 315.480 ms
(10 rows)

Time: 346.571 ms
TIME:14:09:59
query: EXPLAIN ANALYZE select count(id) from (select id from files where contents ~ 'fmt\.Println' limit 10) as e;
Timing is on.
                                                                      QUERY PLAN                                                                       
-------------------------------------------------------------------------------------------------------------------------------------------------------
 Aggregate  (cost=81.36..81.37 rows=1 width=8) (actual time=300.802..300.803 rows=1 loops=1)
   ->  Limit  (cost=70.14..81.24 rows=10 width=8) (actual time=279.028..300.792 rows=10 loops=1)
         ->  Bitmap Heap Scan on files  (cost=70.14..1135.10 rows=960 width=8) (actual time=279.026..300.775 rows=10 loops=1)
               Recheck Cond: (contents ~ 'fmt\.Println'::text)
               Rows Removed by Index Recheck: 29
               Heap Blocks: exact=28
               ->  Bitmap Index Scan on files_contents_trgm_idx  (cost=0.00..69.90 rows=960 width=0) (actual time=177.925..177.926 rows=45273 loops=1)
                     Index Cond: (contents ~ 'fmt\.Println'::text)
 Planning Time: 30.587 ms
 Execution Time: 301.977 ms
(10 rows)

Time: 333.996 ms
TIME:14:09:59
query: EXPLAIN ANALYZE select count(id) from (select id from files where contents ~ 'fmt\.Println' limit 10) as e;
Timing is on.
                                                                      QUERY PLAN                                                                       
-------------------------------------------------------------------------------------------------------------------------------------------------------
 Aggregate  (cost=81.36..81.37 rows=1 width=8) (actual time=307.079..307.080 rows=1 loops=1)
   ->  Limit  (cost=70.14..81.24 rows=10 width=8) (actual time=285.600..307.070 rows=10 loops=1)
         ->  Bitmap Heap Scan on files  (cost=70.14..1135.10 rows=960 width=8) (actual time=285.599..307.065 rows=10 loops=1)
               Recheck Cond: (contents ~ 'fmt\.Println'::text)
               Rows Removed by Index Recheck: 29
               Heap Blocks: exact=28
               ->  Bitmap Index Scan on files_contents_trgm_idx  (cost=0.00..69.90 rows=960 width=0) (actual time=178.325..178.326 rows=45273 loops=1)
                     Index Cond: (contents ~ 'fmt\.Println'::text)
 Planning Time: 29.297 ms
 Execution Time: 308.334 ms
(10 rows)

Time: 338.976 ms
TIME:14:10:00
query: EXPLAIN ANALYZE select count(id) from (select id from files where contents ~ 'fmt\.Println' limit 10) as e;
Timing is on.
                                                                      QUERY PLAN                                                                       
-------------------------------------------------------------------------------------------------------------------------------------------------------
 Aggregate  (cost=81.36..81.37 rows=1 width=8) (actual time=308.440..308.441 rows=1 loops=1)
   ->  Limit  (cost=70.14..81.24 rows=10 width=8) (actual time=286.160..308.431 rows=10 loops=1)
         ->  Bitmap Heap Scan on files  (cost=70.14..1135.10 rows=960 width=8) (actual time=286.159..308.414 rows=10 loops=1)
               Recheck Cond: (contents ~ 'fmt\.Println'::text)
               Rows Removed by Index Recheck: 29
               Heap Blocks: exact=28
               ->  Bitmap Index Scan on files_contents_trgm_idx  (cost=0.00..69.90 rows=960 width=0) (actual time=186.804..186.804 rows=45273 loops=1)
                     Index Cond: (contents ~ 'fmt\.Println'::text)
 Planning Time: 29.941 ms
 Execution Time: 309.558 ms
(10 rows)

Time: 340.837 ms
TIME:14:10:01
query: EXPLAIN ANALYZE select count(id) from (select id from files where contents ~ 'fmt\.Println' limit 10) as e;
Timing is on.
                                                                      QUERY PLAN                                                                       
-------------------------------------------------------------------------------------------------------------------------------------------------------
 Aggregate  (cost=81.36..81.37 rows=1 width=8) (actual time=329.664..329.665 rows=1 loops=1)
   ->  Limit  (cost=70.14..81.24 rows=10 width=8) (actual time=303.645..329.650 rows=10 loops=1)
         ->  Bitmap Heap Scan on files  (cost=70.14..1135.10 rows=960 width=8) (actual time=303.643..329.643 rows=10 loops=1)
               Recheck Cond: (contents ~ 'fmt\.Println'::text)
               Rows Removed by Index Recheck: 29
               Heap Blocks: exact=28
               ->  Bitmap Index Scan on files_contents_trgm_idx  (cost=0.00..69.90 rows=960 width=0) (actual time=186.604..186.605 rows=45273 loops=1)
                     Index Cond: (contents ~ 'fmt\.Println'::text)
 Planning Time: 29.623 ms
 Execution Time: 330.739 ms
(10 rows)

Time: 361.763 ms
TIME:14:10:01
query: EXPLAIN ANALYZE select count(id) from (select id from files where contents ~ 'fmt\.Println' limit 10) as e;
Timing is on.
                                                                      QUERY PLAN                                                                       
-------------------------------------------------------------------------------------------------------------------------------------------------------
 Aggregate  (cost=81.36..81.37 rows=1 width=8) (actual time=311.734..311.735 rows=1 loops=1)
   ->  Limit  (cost=70.14..81.24 rows=10 width=8) (actual time=289.401..311.677 rows=10 loops=1)
         ->  Bitmap Heap Scan on files  (cost=70.14..1135.10 rows=960 width=8) (actual time=289.400..311.672 rows=10 loops=1)
               Recheck Cond: (contents ~ 'fmt\.Println'::text)
               Rows Removed by Index Recheck: 29
               Heap Blocks: exact=28
               ->  Bitmap Index Scan on files_contents_trgm_idx  (cost=0.00..69.90 rows=960 width=0) (actual time=183.702..183.702 rows=45273 loops=1)
                     Index Cond: (contents ~ 'fmt\.Println'::text)
 Planning Time: 28.591 ms
 Execution Time: 312.882 ms
(10 rows)

Time: 342.853 ms
TIME:14:10:02
query: EXPLAIN ANALYZE select count(id) from (select id from files where contents ~ 'fmt\.Println' limit 10) as e;
Timing is on.
                                                                      QUERY PLAN                                                                       
-------------------------------------------------------------------------------------------------------------------------------------------------------
 Aggregate  (cost=81.36..81.37 rows=1 width=8) (actual time=306.058..306.059 rows=1 loops=1)
   ->  Limit  (cost=70.14..81.24 rows=10 width=8) (actual time=283.726..306.048 rows=10 loops=1)
         ->  Bitmap Heap Scan on files  (cost=70.14..1135.10 rows=960 width=8) (actual time=283.725..306.044 rows=10 loops=1)
               Recheck Cond: (contents ~ 'fmt\.Println'::text)
               Rows Removed by Index Recheck: 29
               Heap Blocks: exact=28
               ->  Bitmap Index Scan on files_contents_trgm_idx  (cost=0.00..69.90 rows=960 width=0) (actual time=179.670..179.670 rows=45273 loops=1)
                     Index Cond: (contents ~ 'fmt\.Println'::text)
 Planning Time: 29.235 ms
 Execution Time: 307.148 ms
(10 rows)

Time: 337.779 ms
TIME:14:10:02
query: EXPLAIN ANALYZE select count(id) from (select id from files where contents ~ 'fmt\.Println' limit 10) as e;
Timing is on.
                                                                      QUERY PLAN                                                                       
-------------------------------------------------------------------------------------------------------------------------------------------------------
 Aggregate  (cost=81.36..81.37 rows=1 width=8) (actual time=312.569..312.571 rows=1 loops=1)
   ->  Limit  (cost=70.14..81.24 rows=10 width=8) (actual time=290.603..312.546 rows=10 loops=1)
         ->  Bitmap Heap Scan on files  (cost=70.14..1135.10 rows=960 width=8) (actual time=290.555..312.495 rows=10 loops=1)
               Recheck Cond: (contents ~ 'fmt\.Println'::text)
               Rows Removed by Index Recheck: 29
               Heap Blocks: exact=28
               ->  Bitmap Index Scan on files_contents_trgm_idx  (cost=0.00..69.90 rows=960 width=0) (actual time=187.233..187.233 rows=45273 loops=1)
                     Index Cond: (contents ~ 'fmt\.Println'::text)
 Planning Time: 31.074 ms
 Execution Time: 313.697 ms
(10 rows)

Time: 346.199 ms
TIME:14:10:03
query: EXPLAIN ANALYZE select count(id) from (select id from files where contents ~ 'fmt\.Println' limit 10) as e;
Timing is on.
                                                                      QUERY PLAN                                                                       
-------------------------------------------------------------------------------------------------------------------------------------------------------
 Aggregate  (cost=81.36..81.37 rows=1 width=8) (actual time=304.690..304.691 rows=1 loops=1)
   ->  Limit  (cost=70.14..81.24 rows=10 width=8) (actual time=283.046..304.682 rows=10 loops=1)
         ->  Bitmap Heap Scan on files  (cost=70.14..1135.10 rows=960 width=8) (actual time=283.044..304.677 rows=10 loops=1)
               Recheck Cond: (contents ~ 'fmt\.Println'::text)
               Rows Removed by Index Recheck: 29
               Heap Blocks: exact=28
               ->  Bitmap Index Scan on files_contents_trgm_idx  (cost=0.00..69.90 rows=960 width=0) (actual time=180.404..180.405 rows=45273 loops=1)
                     Index Cond: (contents ~ 'fmt\.Println'::text)
 Planning Time: 29.322 ms
 Execution Time: 305.821 ms
(10 rows)

Time: 336.488 ms
TIME:14:10:03
query: EXPLAIN ANALYZE select count(id) from (select id from files where contents ~ 'fmt\.Println' limit 10) as e;
Timing is on.
                                                                      QUERY PLAN                                                                       
-------------------------------------------------------------------------------------------------------------------------------------------------------
 Aggregate  (cost=81.36..81.37 rows=1 width=8) (actual time=323.629..323.631 rows=1 loops=1)
   ->  Limit  (cost=70.14..81.24 rows=10 width=8) (actual time=301.291..323.620 rows=10 loops=1)
         ->  Bitmap Heap Scan on files  (cost=70.14..1135.10 rows=960 width=8) (actual time=301.290..323.553 rows=10 loops=1)
               Recheck Cond: (contents ~ 'fmt\.Println'::text)
               Rows Removed by Index Recheck: 29
               Heap Blocks: exact=28
               ->  Bitmap Index Scan on files_contents_trgm_idx  (cost=0.00..69.90 rows=960 width=0) (actual time=200.397..200.397 rows=45273 loops=1)
                     Index Cond: (contents ~ 'fmt\.Println'::text)
 Planning Time: 29.685 ms
 Execution Time: 324.959 ms
(10 rows)

Time: 355.944 ms
TIME:14:10:04
query: EXPLAIN ANALYZE select count(id) from (select id from files where contents ~ 'fmt\.Println' limit 10) as e;
Timing is on.
                                                                      QUERY PLAN                                                                       
-------------------------------------------------------------------------------------------------------------------------------------------------------
 Aggregate  (cost=81.36..81.37 rows=1 width=8) (actual time=314.451..314.452 rows=1 loops=1)
   ->  Limit  (cost=70.14..81.24 rows=10 width=8) (actual time=293.134..314.442 rows=10 loops=1)
         ->  Bitmap Heap Scan on files  (cost=70.14..1135.10 rows=960 width=8) (actual time=293.132..314.437 rows=10 loops=1)
               Recheck Cond: (contents ~ 'fmt\.Println'::text)
               Rows Removed by Index Recheck: 29
               Heap Blocks: exact=28
               ->  Bitmap Index Scan on files_contents_trgm_idx  (cost=0.00..69.90 rows=960 width=0) (actual time=188.695..188.695 rows=45273 loops=1)
                     Index Cond: (contents ~ 'fmt\.Println'::text)
 Planning Time: 30.595 ms
 Execution Time: 315.533 ms
(10 rows)

Time: 347.348 ms
TIME:14:10:05
query: EXPLAIN ANALYZE select count(id) from (select id from files where contents ~ 'fmt\.Println' limit 10) as e;
Timing is on.
                                                                      QUERY PLAN                                                                       
-------------------------------------------------------------------------------------------------------------------------------------------------------
 Aggregate  (cost=81.36..81.37 rows=1 width=8) (actual time=305.228..305.229 rows=1 loops=1)
   ->  Limit  (cost=70.14..81.24 rows=10 width=8) (actual time=283.510..305.218 rows=10 loops=1)
         ->  Bitmap Heap Scan on files  (cost=70.14..1135.10 rows=960 width=8) (actual time=283.508..305.214 rows=10 loops=1)
               Recheck Cond: (contents ~ 'fmt\.Println'::text)
               Rows Removed by Index Recheck: 29
               Heap Blocks: exact=28
               ->  Bitmap Index Scan on files_contents_trgm_idx  (cost=0.00..69.90 rows=960 width=0) (actual time=181.451..181.451 rows=45273 loops=1)
                     Index Cond: (contents ~ 'fmt\.Println'::text)
 Planning Time: 29.478 ms
 Execution Time: 306.435 ms
(10 rows)

Time: 337.199 ms
TIME:14:10:05
query: EXPLAIN ANALYZE select count(id) from (select id from files where contents ~ 'fmt\.Println' limit 10) as e;
Timing is on.
                                                                      QUERY PLAN                                                                       
-------------------------------------------------------------------------------------------------------------------------------------------------------
 Aggregate  (cost=81.36..81.37 rows=1 width=8) (actual time=319.231..319.233 rows=1 loops=1)
   ->  Limit  (cost=70.14..81.24 rows=10 width=8) (actual time=296.645..319.221 rows=10 loops=1)
         ->  Bitmap Heap Scan on files  (cost=70.14..1135.10 rows=960 width=8) (actual time=296.644..319.217 rows=10 loops=1)
               Recheck Cond: (contents ~ 'fmt\.Println'::text)
               Rows Removed by Index Recheck: 29
               Heap Blocks: exact=28
               ->  Bitmap Index Scan on files_contents_trgm_idx  (cost=0.00..69.90 rows=960 width=0) (actual time=194.018..194.019 rows=45273 loops=1)
                     Index Cond: (contents ~ 'fmt\.Println'::text)
 Planning Time: 28.997 ms
 Execution Time: 320.513 ms
(10 rows)

Time: 350.831 ms
TIME:14:10:06
query: EXPLAIN ANALYZE select count(id) from (select id from files where contents ~ 'fmt\.Println' limit 10) as e;
Timing is on.
                                                                      QUERY PLAN                                                                       
-------------------------------------------------------------------------------------------------------------------------------------------------------
 Aggregate  (cost=81.36..81.37 rows=1 width=8) (actual time=310.587..310.605 rows=1 loops=1)
   ->  Limit  (cost=70.14..81.24 rows=10 width=8) (actual time=287.060..310.577 rows=10 loops=1)
         ->  Bitmap Heap Scan on files  (cost=70.14..1135.10 rows=960 width=8) (actual time=287.058..310.569 rows=10 loops=1)
               Recheck Cond: (contents ~ 'fmt\.Println'::text)
               Rows Removed by Index Recheck: 29
               Heap Blocks: exact=28
               ->  Bitmap Index Scan on files_contents_trgm_idx  (cost=0.00..69.90 rows=960 width=0) (actual time=185.612..185.613 rows=45273 loops=1)
                     Index Cond: (contents ~ 'fmt\.Println'::text)
 Planning Time: 37.943 ms
 Execution Time: 312.040 ms
(10 rows)

Time: 351.429 ms
TIME:14:10:06
query: EXPLAIN ANALYZE select count(id) from (select id from files where contents ~ 'fmt\.Println' limit 10) as e;
Timing is on.
                                                                      QUERY PLAN                                                                       
-------------------------------------------------------------------------------------------------------------------------------------------------------
 Aggregate  (cost=81.36..81.37 rows=1 width=8) (actual time=308.172..308.173 rows=1 loops=1)
   ->  Limit  (cost=70.14..81.24 rows=10 width=8) (actual time=286.306..308.147 rows=10 loops=1)
         ->  Bitmap Heap Scan on files  (cost=70.14..1135.10 rows=960 width=8) (actual time=286.305..308.142 rows=10 loops=1)
               Recheck Cond: (contents ~ 'fmt\.Println'::text)
               Rows Removed by Index Recheck: 29
               Heap Blocks: exact=28
               ->  Bitmap Index Scan on files_contents_trgm_idx  (cost=0.00..69.90 rows=960 width=0) (actual time=185.262..185.262 rows=45273 loops=1)
                     Index Cond: (contents ~ 'fmt\.Println'::text)
 Planning Time: 36.148 ms
 Execution Time: 309.766 ms
(10 rows)

Time: 347.605 ms
TIME:14:10:07
query: EXPLAIN ANALYZE select count(id) from (select id from files where contents ~ 'fmt\.Println' limit 10) as e;
Timing is on.
                                                                      QUERY PLAN                                                                       
-------------------------------------------------------------------------------------------------------------------------------------------------------
 Aggregate  (cost=81.36..81.37 rows=1 width=8) (actual time=328.843..328.844 rows=1 loops=1)
   ->  Limit  (cost=70.14..81.24 rows=10 width=8) (actual time=307.045..328.835 rows=10 loops=1)
         ->  Bitmap Heap Scan on files  (cost=70.14..1135.10 rows=960 width=8) (actual time=307.044..328.830 rows=10 loops=1)
               Recheck Cond: (contents ~ 'fmt\.Println'::text)
               Rows Removed by Index Recheck: 29
               Heap Blocks: exact=28
               ->  Bitmap Index Scan on files_contents_trgm_idx  (cost=0.00..69.90 rows=960 width=0) (actual time=202.706..202.706 rows=45273 loops=1)
                     Index Cond: (contents ~ 'fmt\.Println'::text)
 Planning Time: 31.746 ms
 Execution Time: 330.075 ms
(10 rows)

Time: 363.232 ms
TIME:14:10:07
query: EXPLAIN ANALYZE select count(id) from (select id from files where contents ~ 'fmt\.Println' limit 10) as e;
Timing is on.
                                                                      QUERY PLAN                                                                       
-------------------------------------------------------------------------------------------------------------------------------------------------------
 Aggregate  (cost=81.36..81.37 rows=1 width=8) (actual time=311.071..311.072 rows=1 loops=1)
   ->  Limit  (cost=70.14..81.24 rows=10 width=8) (actual time=289.403..311.062 rows=10 loops=1)
         ->  Bitmap Heap Scan on files  (cost=70.14..1135.10 rows=960 width=8) (actual time=289.402..311.057 rows=10 loops=1)
               Recheck Cond: (contents ~ 'fmt\.Println'::text)
               Rows Removed by Index Recheck: 29
               Heap Blocks: exact=28
               ->  Bitmap Index Scan on files_contents_trgm_idx  (cost=0.00..69.90 rows=960 width=0) (actual time=189.326..189.327 rows=45273 loops=1)
                     Index Cond: (contents ~ 'fmt\.Println'::text)
 Planning Time: 31.299 ms
 Execution Time: 312.103 ms
(10 rows)

Time: 344.956 ms
TIME:14:10:08
query: EXPLAIN ANALYZE select count(id) from (select id from files where contents ~ 'fmt\.Println' limit 10) as e;
Timing is on.
                                                                      QUERY PLAN                                                                       
-------------------------------------------------------------------------------------------------------------------------------------------------------
 Aggregate  (cost=81.36..81.37 rows=1 width=8) (actual time=311.539..311.540 rows=1 loops=1)
   ->  Limit  (cost=70.14..81.24 rows=10 width=8) (actual time=288.226..311.511 rows=10 loops=1)
         ->  Bitmap Heap Scan on files  (cost=70.14..1135.10 rows=960 width=8) (actual time=288.224..311.489 rows=10 loops=1)
               Recheck Cond: (contents ~ 'fmt\.Println'::text)
               Rows Removed by Index Recheck: 29
               Heap Blocks: exact=28
               ->  Bitmap Index Scan on files_contents_trgm_idx  (cost=0.00..69.90 rows=960 width=0) (actual time=185.206..185.206 rows=45273 loops=1)
                     Index Cond: (contents ~ 'fmt\.Println'::text)
 Planning Time: 26.832 ms
 Execution Time: 312.881 ms
(10 rows)

Time: 341.427 ms
TIME:14:10:09
query: EXPLAIN ANALYZE select count(id) from (select id from files where contents ~ 'fmt\.Println' limit 10) as e;
Timing is on.
                                                                      QUERY PLAN                                                                       
-------------------------------------------------------------------------------------------------------------------------------------------------------
 Aggregate  (cost=81.36..81.37 rows=1 width=8) (actual time=320.037..320.039 rows=1 loops=1)
   ->  Limit  (cost=70.14..81.24 rows=10 width=8) (actual time=294.414..320.021 rows=10 loops=1)
         ->  Bitmap Heap Scan on files  (cost=70.14..1135.10 rows=960 width=8) (actual time=294.412..320.014 rows=10 loops=1)
               Recheck Cond: (contents ~ 'fmt\.Println'::text)
               Rows Removed by Index Recheck: 29
               Heap Blocks: exact=28
               ->  Bitmap Index Scan on files_contents_trgm_idx  (cost=0.00..69.90 rows=960 width=0) (actual time=183.193..183.193 rows=45273 loops=1)
                     Index Cond: (contents ~ 'fmt\.Println'::text)
 Planning Time: 29.720 ms
 Execution Time: 321.313 ms
(10 rows)

Time: 352.495 ms
TIME:14:10:09
query: EXPLAIN ANALYZE select count(id) from (select id from files where contents ~ 'fmt\.Println' limit 10) as e;
Timing is on.
                                                                      QUERY PLAN                                                                       
-------------------------------------------------------------------------------------------------------------------------------------------------------
 Aggregate  (cost=81.36..81.37 rows=1 width=8) (actual time=311.391..311.392 rows=1 loops=1)
   ->  Limit  (cost=70.14..81.24 rows=10 width=8) (actual time=286.701..311.380 rows=10 loops=1)
         ->  Bitmap Heap Scan on files  (cost=70.14..1135.10 rows=960 width=8) (actual time=286.699..311.374 rows=10 loops=1)
               Recheck Cond: (contents ~ 'fmt\.Println'::text)
               Rows Removed by Index Recheck: 29
               Heap Blocks: exact=28
               ->  Bitmap Index Scan on files_contents_trgm_idx  (cost=0.00..69.90 rows=960 width=0) (actual time=184.249..184.250 rows=45273 loops=1)
                     Index Cond: (contents ~ 'fmt\.Println'::text)
 Planning Time: 28.899 ms
 Execution Time: 312.676 ms
(10 rows)

Time: 342.865 ms
TIME:14:10:10
query: EXPLAIN ANALYZE select count(id) from (select id from files where contents ~ 'fmt\.Println' limit 10) as e;
Timing is on.
                                                                      QUERY PLAN                                                                       
-------------------------------------------------------------------------------------------------------------------------------------------------------
 Aggregate  (cost=81.36..81.37 rows=1 width=8) (actual time=311.815..311.831 rows=1 loops=1)
   ->  Limit  (cost=70.14..81.24 rows=10 width=8) (actual time=287.687..311.803 rows=10 loops=1)
         ->  Bitmap Heap Scan on files  (cost=70.14..1135.10 rows=960 width=8) (actual time=287.685..311.796 rows=10 loops=1)
               Recheck Cond: (contents ~ 'fmt\.Println'::text)
               Rows Removed by Index Recheck: 29
               Heap Blocks: exact=28
               ->  Bitmap Index Scan on files_contents_trgm_idx  (cost=0.00..69.90 rows=960 width=0) (actual time=182.084..182.085 rows=45273 loops=1)
                     Index Cond: (contents ~ 'fmt\.Println'::text)
 Planning Time: 30.338 ms
 Execution Time: 312.882 ms
(10 rows)

Time: 344.639 ms
TIME:14:10:10
query: EXPLAIN ANALYZE select count(id) from (select id from files where contents ~ 'fmt\.Println' limit 10) as e;
Timing is on.
                                                                      QUERY PLAN                                                                       
-------------------------------------------------------------------------------------------------------------------------------------------------------
 Aggregate  (cost=81.36..81.37 rows=1 width=8) (actual time=317.714..317.715 rows=1 loops=1)
   ->  Limit  (cost=70.14..81.24 rows=10 width=8) (actual time=296.379..317.690 rows=10 loops=1)
         ->  Bitmap Heap Scan on files  (cost=70.14..1135.10 rows=960 width=8) (actual time=296.377..317.685 rows=10 loops=1)
               Recheck Cond: (contents ~ 'fmt\.Println'::text)
               Rows Removed by Index Recheck: 29
               Heap Blocks: exact=28
               ->  Bitmap Index Scan on files_contents_trgm_idx  (cost=0.00..69.90 rows=960 width=0) (actual time=189.766..189.766 rows=45273 loops=1)
                     Index Cond: (contents ~ 'fmt\.Println'::text)
 Planning Time: 29.629 ms
 Execution Time: 318.876 ms
(10 rows)

Time: 349.814 ms
TIME:14:10:11
query: EXPLAIN ANALYZE select count(id) from (select id from files where contents ~ 'fmt\.Println' limit 10) as e;
Timing is on.
                                                                      QUERY PLAN                                                                       
-------------------------------------------------------------------------------------------------------------------------------------------------------
 Aggregate  (cost=81.36..81.37 rows=1 width=8) (actual time=304.347..304.349 rows=1 loops=1)
   ->  Limit  (cost=70.14..81.24 rows=10 width=8) (actual time=282.406..304.338 rows=10 loops=1)
         ->  Bitmap Heap Scan on files  (cost=70.14..1135.10 rows=960 width=8) (actual time=282.404..304.333 rows=10 loops=1)
               Recheck Cond: (contents ~ 'fmt\.Println'::text)
               Rows Removed by Index Recheck: 29
               Heap Blocks: exact=28
               ->  Bitmap Index Scan on files_contents_trgm_idx  (cost=0.00..69.90 rows=960 width=0) (actual time=181.980..181.980 rows=45273 loops=1)
                     Index Cond: (contents ~ 'fmt\.Println'::text)
 Planning Time: 29.891 ms
 Execution Time: 305.665 ms
(10 rows)

Time: 336.907 ms
TIME:14:10:11
query: EXPLAIN ANALYZE select count(id) from (select id from files where contents ~ 'fmt\.Println' limit 10) as e;
Timing is on.
                                                                      QUERY PLAN                                                                       
-------------------------------------------------------------------------------------------------------------------------------------------------------
 Aggregate  (cost=81.36..81.37 rows=1 width=8) (actual time=332.985..332.987 rows=1 loops=1)
   ->  Limit  (cost=70.14..81.24 rows=10 width=8) (actual time=309.726..332.977 rows=10 loops=1)
         ->  Bitmap Heap Scan on files  (cost=70.14..1135.10 rows=960 width=8) (actual time=309.724..332.972 rows=10 loops=1)
               Recheck Cond: (contents ~ 'fmt\.Println'::text)
               Rows Removed by Index Recheck: 29
               Heap Blocks: exact=28
               ->  Bitmap Index Scan on files_contents_trgm_idx  (cost=0.00..69.90 rows=960 width=0) (actual time=205.162..205.162 rows=45273 loops=1)
                     Index Cond: (contents ~ 'fmt\.Println'::text)
 Planning Time: 29.412 ms
 Execution Time: 334.052 ms
(10 rows)

Time: 364.848 ms
TIME:14:10:12
query: EXPLAIN ANALYZE select count(id) from (select id from files where contents ~ 'fmt\.Println' limit 10) as e;
Timing is on.
                                                                      QUERY PLAN                                                                       
-------------------------------------------------------------------------------------------------------------------------------------------------------
 Aggregate  (cost=81.36..81.37 rows=1 width=8) (actual time=306.059..306.060 rows=1 loops=1)
   ->  Limit  (cost=70.14..81.24 rows=10 width=8) (actual time=284.047..306.051 rows=10 loops=1)
         ->  Bitmap Heap Scan on files  (cost=70.14..1135.10 rows=960 width=8) (actual time=284.046..306.046 rows=10 loops=1)
               Recheck Cond: (contents ~ 'fmt\.Println'::text)
               Rows Removed by Index Recheck: 29
               Heap Blocks: exact=28
               ->  Bitmap Index Scan on files_contents_trgm_idx  (cost=0.00..69.90 rows=960 width=0) (actual time=181.193..181.193 rows=45273 loops=1)
                     Index Cond: (contents ~ 'fmt\.Println'::text)
 Planning Time: 28.339 ms
 Execution Time: 307.130 ms
(10 rows)

Time: 336.853 ms
TIME:14:10:12
query: EXPLAIN ANALYZE select count(id) from (select id from files where contents ~ 'fmt\.Println' limit 10) as e;
Timing is on.
                                                                      QUERY PLAN                                                                       
-------------------------------------------------------------------------------------------------------------------------------------------------------
 Aggregate  (cost=81.36..81.37 rows=1 width=8) (actual time=304.099..304.113 rows=1 loops=1)
   ->  Limit  (cost=70.14..81.24 rows=10 width=8) (actual time=282.201..304.090 rows=10 loops=1)
         ->  Bitmap Heap Scan on files  (cost=70.14..1135.10 rows=960 width=8) (actual time=282.199..304.086 rows=10 loops=1)
               Recheck Cond: (contents ~ 'fmt\.Println'::text)
               Rows Removed by Index Recheck: 29
               Heap Blocks: exact=28
               ->  Bitmap Index Scan on files_contents_trgm_idx  (cost=0.00..69.90 rows=960 width=0) (actual time=181.996..181.997 rows=45273 loops=1)
                     Index Cond: (contents ~ 'fmt\.Println'::text)
 Planning Time: 28.754 ms
 Execution Time: 305.201 ms
(10 rows)

Time: 335.309 ms
TIME:14:10:13
query: EXPLAIN ANALYZE select count(id) from (select id from files where contents ~ 'fmt\.Println' limit 10) as e;
Timing is on.
                                                                      QUERY PLAN                                                                       
-------------------------------------------------------------------------------------------------------------------------------------------------------
 Aggregate  (cost=81.36..81.37 rows=1 width=8) (actual time=327.602..327.603 rows=1 loops=1)
   ->  Limit  (cost=70.14..81.24 rows=10 width=8) (actual time=305.855..327.594 rows=10 loops=1)
         ->  Bitmap Heap Scan on files  (cost=70.14..1135.10 rows=960 width=8) (actual time=305.854..327.589 rows=10 loops=1)
               Recheck Cond: (contents ~ 'fmt\.Println'::text)
               Rows Removed by Index Recheck: 29
               Heap Blocks: exact=28
               ->  Bitmap Index Scan on files_contents_trgm_idx  (cost=0.00..69.90 rows=960 width=0) (actual time=204.030..204.030 rows=45273 loops=1)
                     Index Cond: (contents ~ 'fmt\.Println'::text)
 Planning Time: 29.181 ms
 Execution Time: 328.744 ms
(10 rows)

Time: 359.258 ms
TIME:14:10:14
query: EXPLAIN ANALYZE select count(id) from (select id from files where contents ~ 'fmt\.Println' limit 10) as e;
Timing is on.
                                                                      QUERY PLAN                                                                       
-------------------------------------------------------------------------------------------------------------------------------------------------------
 Aggregate  (cost=81.36..81.37 rows=1 width=8) (actual time=316.446..316.448 rows=1 loops=1)
   ->  Limit  (cost=70.14..81.24 rows=10 width=8) (actual time=294.656..316.437 rows=10 loops=1)
         ->  Bitmap Heap Scan on files  (cost=70.14..1135.10 rows=960 width=8) (actual time=294.654..316.433 rows=10 loops=1)
               Recheck Cond: (contents ~ 'fmt\.Println'::text)
               Rows Removed by Index Recheck: 29
               Heap Blocks: exact=28
               ->  Bitmap Index Scan on files_contents_trgm_idx  (cost=0.00..69.90 rows=960 width=0) (actual time=189.720..189.720 rows=45273 loops=1)
                     Index Cond: (contents ~ 'fmt\.Println'::text)
 Planning Time: 31.694 ms
 Execution Time: 317.539 ms
(10 rows)

Time: 350.775 ms
TIME:14:10:14
query: EXPLAIN ANALYZE select count(id) from (select id from files where contents ~ 'fmt\.Println' limit 10) as e;
Timing is on.
                                                                      QUERY PLAN                                                                       
-------------------------------------------------------------------------------------------------------------------------------------------------------
 Aggregate  (cost=81.36..81.37 rows=1 width=8) (actual time=317.987..317.989 rows=1 loops=1)
   ->  Limit  (cost=70.14..81.24 rows=10 width=8) (actual time=295.182..317.977 rows=10 loops=1)
         ->  Bitmap Heap Scan on files  (cost=70.14..1135.10 rows=960 width=8) (actual time=295.179..317.971 rows=10 loops=1)
               Recheck Cond: (contents ~ 'fmt\.Println'::text)
               Rows Removed by Index Recheck: 29
               Heap Blocks: exact=28
               ->  Bitmap Index Scan on files_contents_trgm_idx  (cost=0.00..69.90 rows=960 width=0) (actual time=191.169..191.169 rows=45273 loops=1)
                     Index Cond: (contents ~ 'fmt\.Println'::text)
 Planning Time: 35.305 ms
 Execution Time: 319.067 ms
(10 rows)

Time: 355.958 ms
TIME:14:10:15
query: EXPLAIN ANALYZE select count(id) from (select id from files where contents ~ 'fmt\.Println' limit 10) as e;
Timing is on.
                                                                      QUERY PLAN                                                                       
-------------------------------------------------------------------------------------------------------------------------------------------------------
 Aggregate  (cost=81.36..81.37 rows=1 width=8) (actual time=307.782..307.783 rows=1 loops=1)
   ->  Limit  (cost=70.14..81.24 rows=10 width=8) (actual time=285.555..307.773 rows=10 loops=1)
         ->  Bitmap Heap Scan on files  (cost=70.14..1135.10 rows=960 width=8) (actual time=285.553..307.768 rows=10 loops=1)
               Recheck Cond: (contents ~ 'fmt\.Println'::text)
               Rows Removed by Index Recheck: 29
               Heap Blocks: exact=28
               ->  Bitmap Index Scan on files_contents_trgm_idx  (cost=0.00..69.90 rows=960 width=0) (actual time=184.097..184.097 rows=45273 loops=1)
                     Index Cond: (contents ~ 'fmt\.Println'::text)
 Planning Time: 29.398 ms
 Execution Time: 309.187 ms
(10 rows)

Time: 339.804 ms
TIME:14:10:15
query: EXPLAIN ANALYZE select count(id) from (select id from files where contents ~ 'fmt\.Println' limit 10) as e;
Timing is on.
                                                                      QUERY PLAN                                                                       
-------------------------------------------------------------------------------------------------------------------------------------------------------
 Aggregate  (cost=81.36..81.37 rows=1 width=8) (actual time=305.064..305.065 rows=1 loops=1)
   ->  Limit  (cost=70.14..81.24 rows=10 width=8) (actual time=283.119..305.055 rows=10 loops=1)
         ->  Bitmap Heap Scan on files  (cost=70.14..1135.10 rows=960 width=8) (actual time=283.117..305.050 rows=10 loops=1)
               Recheck Cond: (contents ~ 'fmt\.Println'::text)
               Rows Removed by Index Recheck: 29
               Heap Blocks: exact=28
               ->  Bitmap Index Scan on files_contents_trgm_idx  (cost=0.00..69.90 rows=960 width=0) (actual time=179.733..179.733 rows=45273 loops=1)
                     Index Cond: (contents ~ 'fmt\.Println'::text)
 Planning Time: 30.947 ms
 Execution Time: 306.186 ms
(10 rows)

Time: 338.459 ms
TIME:14:10:16
query: EXPLAIN ANALYZE select count(id) from (select id from files where contents ~ 'fmt\.Println' limit 10) as e;
Timing is on.
                                                                      QUERY PLAN                                                                       
-------------------------------------------------------------------------------------------------------------------------------------------------------
 Aggregate  (cost=81.36..81.37 rows=1 width=8) (actual time=305.112..305.113 rows=1 loops=1)
   ->  Limit  (cost=70.14..81.24 rows=10 width=8) (actual time=283.224..305.104 rows=10 loops=1)
         ->  Bitmap Heap Scan on files  (cost=70.14..1135.10 rows=960 width=8) (actual time=283.223..305.099 rows=10 loops=1)
               Recheck Cond: (contents ~ 'fmt\.Println'::text)
               Rows Removed by Index Recheck: 29
               Heap Blocks: exact=28
               ->  Bitmap Index Scan on files_contents_trgm_idx  (cost=0.00..69.90 rows=960 width=0) (actual time=181.386..181.386 rows=45273 loops=1)
                     Index Cond: (contents ~ 'fmt\.Println'::text)
 Planning Time: 26.274 ms
 Execution Time: 306.306 ms
(10 rows)

Time: 333.802 ms
TIME:14:10:16
query: EXPLAIN ANALYZE select count(id) from (select id from files where contents ~ 'fmt\.Println' limit 10) as e;
Timing is on.
                                                                      QUERY PLAN                                                                       
-------------------------------------------------------------------------------------------------------------------------------------------------------
 Aggregate  (cost=81.36..81.37 rows=1 width=8) (actual time=303.973..303.974 rows=1 loops=1)
   ->  Limit  (cost=70.14..81.24 rows=10 width=8) (actual time=282.401..303.964 rows=10 loops=1)
         ->  Bitmap Heap Scan on files  (cost=70.14..1135.10 rows=960 width=8) (actual time=282.399..303.959 rows=10 loops=1)
               Recheck Cond: (contents ~ 'fmt\.Println'::text)
               Rows Removed by Index Recheck: 29
               Heap Blocks: exact=28
               ->  Bitmap Index Scan on files_contents_trgm_idx  (cost=0.00..69.90 rows=960 width=0) (actual time=182.328..182.328 rows=45273 loops=1)
                     Index Cond: (contents ~ 'fmt\.Println'::text)
 Planning Time: 30.342 ms
 Execution Time: 305.123 ms
(10 rows)

Time: 336.728 ms
TIME:14:10:17
query: EXPLAIN ANALYZE select count(id) from (select id from files where contents ~ 'fmt\.Println' limit 10) as e;
Timing is on.
                                                                      QUERY PLAN                                                                       
-------------------------------------------------------------------------------------------------------------------------------------------------------
 Aggregate  (cost=81.36..81.37 rows=1 width=8) (actual time=306.302..306.303 rows=1 loops=1)
   ->  Limit  (cost=70.14..81.24 rows=10 width=8) (actual time=284.685..306.280 rows=10 loops=1)
         ->  Bitmap Heap Scan on files  (cost=70.14..1135.10 rows=960 width=8) (actual time=284.684..306.275 rows=10 loops=1)
               Recheck Cond: (contents ~ 'fmt\.Println'::text)
               Rows Removed by Index Recheck: 29
               Heap Blocks: exact=28
               ->  Bitmap Index Scan on files_contents_trgm_idx  (cost=0.00..69.90 rows=960 width=0) (actual time=184.886..184.886 rows=45273 loops=1)
                     Index Cond: (contents ~ 'fmt\.Println'::text)
 Planning Time: 30.227 ms
 Execution Time: 307.519 ms
(10 rows)

Time: 339.142 ms
TIME:14:10:18
query: EXPLAIN ANALYZE select count(id) from (select id from files where contents ~ 'fmt\.Println' limit 10) as e;
Timing is on.
                                                                      QUERY PLAN                                                                       
-------------------------------------------------------------------------------------------------------------------------------------------------------
 Aggregate  (cost=81.36..81.37 rows=1 width=8) (actual time=301.956..301.957 rows=1 loops=1)
   ->  Limit  (cost=70.14..81.24 rows=10 width=8) (actual time=279.923..301.947 rows=10 loops=1)
         ->  Bitmap Heap Scan on files  (cost=70.14..1135.10 rows=960 width=8) (actual time=279.922..301.943 rows=10 loops=1)
               Recheck Cond: (contents ~ 'fmt\.Println'::text)
               Rows Removed by Index Recheck: 29
               Heap Blocks: exact=28
               ->  Bitmap Index Scan on files_contents_trgm_idx  (cost=0.00..69.90 rows=960 width=0) (actual time=178.848..178.849 rows=45273 loops=1)
                     Index Cond: (contents ~ 'fmt\.Println'::text)
 Planning Time: 26.255 ms
 Execution Time: 302.991 ms
(10 rows)

Time: 330.495 ms
TIME:14:10:18
query: EXPLAIN ANALYZE select count(id) from (select id from files where contents ~ 'fmt\.Println' limit 10) as e;
Timing is on.
                                                                      QUERY PLAN                                                                       
-------------------------------------------------------------------------------------------------------------------------------------------------------
 Aggregate  (cost=81.36..81.37 rows=1 width=8) (actual time=313.253..313.254 rows=1 loops=1)
   ->  Limit  (cost=70.14..81.24 rows=10 width=8) (actual time=288.519..313.240 rows=10 loops=1)
         ->  Bitmap Heap Scan on files  (cost=70.14..1135.10 rows=960 width=8) (actual time=288.517..313.233 rows=10 loops=1)
               Recheck Cond: (contents ~ 'fmt\.Println'::text)
               Rows Removed by Index Recheck: 29
               Heap Blocks: exact=28
               ->  Bitmap Index Scan on files_contents_trgm_idx  (cost=0.00..69.90 rows=960 width=0) (actual time=184.566..184.566 rows=45273 loops=1)
                     Index Cond: (contents ~ 'fmt\.Println'::text)
 Planning Time: 26.232 ms
 Execution Time: 314.356 ms
(10 rows)

Time: 341.904 ms
TIME:14:10:19
query: EXPLAIN ANALYZE select count(id) from (select id from files where contents ~ 'fmt\.Println' limit 10) as e;
Timing is on.
                                                                      QUERY PLAN                                                                       
-------------------------------------------------------------------------------------------------------------------------------------------------------
 Aggregate  (cost=81.36..81.37 rows=1 width=8) (actual time=314.142..314.143 rows=1 loops=1)
   ->  Limit  (cost=70.14..81.24 rows=10 width=8) (actual time=292.328..314.133 rows=10 loops=1)
         ->  Bitmap Heap Scan on files  (cost=70.14..1135.10 rows=960 width=8) (actual time=292.327..314.129 rows=10 loops=1)
               Recheck Cond: (contents ~ 'fmt\.Println'::text)
               Rows Removed by Index Recheck: 29
               Heap Blocks: exact=28
               ->  Bitmap Index Scan on files_contents_trgm_idx  (cost=0.00..69.90 rows=960 width=0) (actual time=191.192..191.192 rows=45273 loops=1)
                     Index Cond: (contents ~ 'fmt\.Println'::text)
 Planning Time: 30.060 ms
 Execution Time: 315.350 ms
(10 rows)

Time: 347.113 ms
TIME:14:10:19
query: EXPLAIN ANALYZE select count(id) from (select id from files where contents ~ 'fmt\.Println' limit 10) as e;
Timing is on.
                                                                      QUERY PLAN                                                                       
-------------------------------------------------------------------------------------------------------------------------------------------------------
 Aggregate  (cost=81.36..81.37 rows=1 width=8) (actual time=335.460..335.461 rows=1 loops=1)
   ->  Limit  (cost=70.14..81.24 rows=10 width=8) (actual time=312.693..335.437 rows=10 loops=1)
         ->  Bitmap Heap Scan on files  (cost=70.14..1135.10 rows=960 width=8) (actual time=312.692..335.432 rows=10 loops=1)
               Recheck Cond: (contents ~ 'fmt\.Println'::text)
               Rows Removed by Index Recheck: 29
               Heap Blocks: exact=28
               ->  Bitmap Index Scan on files_contents_trgm_idx  (cost=0.00..69.90 rows=960 width=0) (actual time=189.447..189.447 rows=45273 loops=1)
                     Index Cond: (contents ~ 'fmt\.Println'::text)
 Planning Time: 29.010 ms
 Execution Time: 336.609 ms
(10 rows)

Time: 366.907 ms
TIME:14:10:20
query: EXPLAIN ANALYZE select count(id) from (select id from files where contents ~ 'fmt\.Println' limit 10) as e;
Timing is on.
                                                                      QUERY PLAN                                                                       
-------------------------------------------------------------------------------------------------------------------------------------------------------
 Aggregate  (cost=81.36..81.37 rows=1 width=8) (actual time=308.897..308.898 rows=1 loops=1)
   ->  Limit  (cost=70.14..81.24 rows=10 width=8) (actual time=287.110..308.888 rows=10 loops=1)
         ->  Bitmap Heap Scan on files  (cost=70.14..1135.10 rows=960 width=8) (actual time=287.109..308.883 rows=10 loops=1)
               Recheck Cond: (contents ~ 'fmt\.Println'::text)
               Rows Removed by Index Recheck: 29
               Heap Blocks: exact=28
               ->  Bitmap Index Scan on files_contents_trgm_idx  (cost=0.00..69.90 rows=960 width=0) (actual time=186.474..186.475 rows=45273 loops=1)
                     Index Cond: (contents ~ 'fmt\.Println'::text)
 Planning Time: 29.716 ms
 Execution Time: 310.013 ms
(10 rows)

Time: 341.184 ms
TIME:14:10:20
query: EXPLAIN ANALYZE select count(id) from (select id from files where contents ~ 'fmt\.Println' limit 10) as e;
Timing is on.
                                                                      QUERY PLAN                                                                       
-------------------------------------------------------------------------------------------------------------------------------------------------------
 Aggregate  (cost=81.36..81.37 rows=1 width=8) (actual time=312.609..312.610 rows=1 loops=1)
   ->  Limit  (cost=70.14..81.24 rows=10 width=8) (actual time=291.723..312.588 rows=10 loops=1)
         ->  Bitmap Heap Scan on files  (cost=70.14..1135.10 rows=960 width=8) (actual time=291.722..312.583 rows=10 loops=1)
               Recheck Cond: (contents ~ 'fmt\.Println'::text)
               Rows Removed by Index Recheck: 29
               Heap Blocks: exact=28
               ->  Bitmap Index Scan on files_contents_trgm_idx  (cost=0.00..69.90 rows=960 width=0) (actual time=187.464..187.465 rows=45273 loops=1)
                     Index Cond: (contents ~ 'fmt\.Println'::text)
 Planning Time: 29.554 ms
 Execution Time: 313.756 ms
(10 rows)

Time: 345.029 ms
TIME:14:10:21
query: EXPLAIN ANALYZE select count(id) from (select id from files where contents ~ 'fmt\.Println' limit 10) as e;
Timing is on.
                                                                      QUERY PLAN                                                                       
-------------------------------------------------------------------------------------------------------------------------------------------------------
 Aggregate  (cost=81.36..81.37 rows=1 width=8) (actual time=316.013..316.014 rows=1 loops=1)
   ->  Limit  (cost=70.14..81.24 rows=10 width=8) (actual time=293.802..315.987 rows=10 loops=1)
         ->  Bitmap Heap Scan on files  (cost=70.14..1135.10 rows=960 width=8) (actual time=293.800..315.964 rows=10 loops=1)
               Recheck Cond: (contents ~ 'fmt\.Println'::text)
               Rows Removed by Index Recheck: 29
               Heap Blocks: exact=28
               ->  Bitmap Index Scan on files_contents_trgm_idx  (cost=0.00..69.90 rows=960 width=0) (actual time=191.925..191.925 rows=45273 loops=1)
                     Index Cond: (contents ~ 'fmt\.Println'::text)
 Planning Time: 31.026 ms
 Execution Time: 317.218 ms
(10 rows)

Time: 349.686 ms
TIME:14:10:21
query: EXPLAIN ANALYZE select count(id) from (select id from files where contents ~ 'fmt\.Println' limit 10) as e;
Timing is on.
                                                                      QUERY PLAN                                                                       
-------------------------------------------------------------------------------------------------------------------------------------------------------
 Aggregate  (cost=81.36..81.37 rows=1 width=8) (actual time=314.761..314.762 rows=1 loops=1)
   ->  Limit  (cost=70.14..81.24 rows=10 width=8) (actual time=292.616..314.752 rows=10 loops=1)
         ->  Bitmap Heap Scan on files  (cost=70.14..1135.10 rows=960 width=8) (actual time=292.615..314.732 rows=10 loops=1)
               Recheck Cond: (contents ~ 'fmt\.Println'::text)
               Rows Removed by Index Recheck: 29
               Heap Blocks: exact=28
               ->  Bitmap Index Scan on files_contents_trgm_idx  (cost=0.00..69.90 rows=960 width=0) (actual time=188.304..188.304 rows=45273 loops=1)
                     Index Cond: (contents ~ 'fmt\.Println'::text)
 Planning Time: 29.033 ms
 Execution Time: 315.801 ms
(10 rows)

Time: 346.162 ms
TIME:14:10:22
query: EXPLAIN ANALYZE select count(id) from (select id from files where contents ~ 'fmt\.Println' limit 10) as e;
Timing is on.
                                                                      QUERY PLAN                                                                       
-------------------------------------------------------------------------------------------------------------------------------------------------------
 Aggregate  (cost=81.36..81.37 rows=1 width=8) (actual time=327.661..327.662 rows=1 loops=1)
   ->  Limit  (cost=70.14..81.24 rows=10 width=8) (actual time=304.573..327.651 rows=10 loops=1)
         ->  Bitmap Heap Scan on files  (cost=70.14..1135.10 rows=960 width=8) (actual time=304.571..327.645 rows=10 loops=1)
               Recheck Cond: (contents ~ 'fmt\.Println'::text)
               Rows Removed by Index Recheck: 29
               Heap Blocks: exact=28
               ->  Bitmap Index Scan on files_contents_trgm_idx  (cost=0.00..69.90 rows=960 width=0) (actual time=198.144..198.144 rows=45273 loops=1)
                     Index Cond: (contents ~ 'fmt\.Println'::text)
 Planning Time: 33.400 ms
 Execution Time: 329.023 ms
(10 rows)

Time: 363.796 ms
TIME:14:10:23
query: EXPLAIN ANALYZE select count(id) from (select id from files where contents ~ 'fmt\.Println' limit 10) as e;
Timing is on.
                                                                      QUERY PLAN                                                                       
-------------------------------------------------------------------------------------------------------------------------------------------------------
 Aggregate  (cost=81.36..81.37 rows=1 width=8) (actual time=307.378..307.379 rows=1 loops=1)
   ->  Limit  (cost=70.14..81.24 rows=10 width=8) (actual time=285.012..307.369 rows=10 loops=1)
         ->  Bitmap Heap Scan on files  (cost=70.14..1135.10 rows=960 width=8) (actual time=285.011..307.364 rows=10 loops=1)
               Recheck Cond: (contents ~ 'fmt\.Println'::text)
               Rows Removed by Index Recheck: 29
               Heap Blocks: exact=28
               ->  Bitmap Index Scan on files_contents_trgm_idx  (cost=0.00..69.90 rows=960 width=0) (actual time=183.969..183.970 rows=45273 loops=1)
                     Index Cond: (contents ~ 'fmt\.Println'::text)
 Planning Time: 29.737 ms
 Execution Time: 308.487 ms
(10 rows)

Time: 339.491 ms
TIME:14:10:23
query: EXPLAIN ANALYZE select count(id) from (select id from files where contents ~ 'fmt\.Println' limit 10) as e;
Timing is on.
                                                                      QUERY PLAN                                                                       
-------------------------------------------------------------------------------------------------------------------------------------------------------
 Aggregate  (cost=81.36..81.37 rows=1 width=8) (actual time=327.197..327.198 rows=1 loops=1)
   ->  Limit  (cost=70.14..81.24 rows=10 width=8) (actual time=305.111..327.188 rows=10 loops=1)
         ->  Bitmap Heap Scan on files  (cost=70.14..1135.10 rows=960 width=8) (actual time=305.109..327.184 rows=10 loops=1)
               Recheck Cond: (contents ~ 'fmt\.Println'::text)
               Rows Removed by Index Recheck: 29
               Heap Blocks: exact=28
               ->  Bitmap Index Scan on files_contents_trgm_idx  (cost=0.00..69.90 rows=960 width=0) (actual time=201.722..201.723 rows=45273 loops=1)
                     Index Cond: (contents ~ 'fmt\.Println'::text)
 Planning Time: 32.124 ms
 Execution Time: 328.370 ms
(10 rows)

Time: 361.907 ms
TIME:14:10:24
query: EXPLAIN ANALYZE select count(id) from (select id from files where contents ~ 'fmt\.Println' limit 10) as e;
Timing is on.
                                                                      QUERY PLAN                                                                       
-------------------------------------------------------------------------------------------------------------------------------------------------------
 Aggregate  (cost=81.36..81.37 rows=1 width=8) (actual time=314.518..314.519 rows=1 loops=1)
   ->  Limit  (cost=70.14..81.24 rows=10 width=8) (actual time=291.646..314.491 rows=10 loops=1)
         ->  Bitmap Heap Scan on files  (cost=70.14..1135.10 rows=960 width=8) (actual time=291.645..314.486 rows=10 loops=1)
               Recheck Cond: (contents ~ 'fmt\.Println'::text)
               Rows Removed by Index Recheck: 29
               Heap Blocks: exact=28
               ->  Bitmap Index Scan on files_contents_trgm_idx  (cost=0.00..69.90 rows=960 width=0) (actual time=187.252..187.253 rows=45273 loops=1)
                     Index Cond: (contents ~ 'fmt\.Println'::text)
 Planning Time: 31.110 ms
 Execution Time: 315.593 ms
(10 rows)

Time: 348.304 ms
TIME:14:10:24
query: EXPLAIN ANALYZE select count(id) from (select id from files where contents ~ 'fmt\.Println' limit 10) as e;
Timing is on.
                                                                      QUERY PLAN                                                                       
-------------------------------------------------------------------------------------------------------------------------------------------------------
 Aggregate  (cost=81.36..81.37 rows=1 width=8) (actual time=314.173..314.174 rows=1 loops=1)
   ->  Limit  (cost=70.14..81.24 rows=10 width=8) (actual time=291.474..314.164 rows=10 loops=1)
         ->  Bitmap Heap Scan on files  (cost=70.14..1135.10 rows=960 width=8) (actual time=291.473..314.159 rows=10 loops=1)
               Recheck Cond: (contents ~ 'fmt\.Println'::text)
               Rows Removed by Index Recheck: 29
               Heap Blocks: exact=28
               ->  Bitmap Index Scan on files_contents_trgm_idx  (cost=0.00..69.90 rows=960 width=0) (actual time=189.116..189.116 rows=45273 loops=1)
                     Index Cond: (contents ~ 'fmt\.Println'::text)
 Planning Time: 31.258 ms
 Execution Time: 315.291 ms
(10 rows)

Time: 347.978 ms
TIME:14:10:25
query: EXPLAIN ANALYZE select count(id) from (select id from files where contents ~ 'fmt\.Println' limit 10) as e;
Timing is on.
                                                                      QUERY PLAN                                                                       
-------------------------------------------------------------------------------------------------------------------------------------------------------
 Aggregate  (cost=81.36..81.37 rows=1 width=8) (actual time=308.732..308.733 rows=1 loops=1)
   ->  Limit  (cost=70.14..81.24 rows=10 width=8) (actual time=286.750..308.723 rows=10 loops=1)
         ->  Bitmap Heap Scan on files  (cost=70.14..1135.10 rows=960 width=8) (actual time=286.748..308.718 rows=10 loops=1)
               Recheck Cond: (contents ~ 'fmt\.Println'::text)
               Rows Removed by Index Recheck: 29
               Heap Blocks: exact=28
               ->  Bitmap Index Scan on files_contents_trgm_idx  (cost=0.00..69.90 rows=960 width=0) (actual time=183.734..183.735 rows=45273 loops=1)
                     Index Cond: (contents ~ 'fmt\.Println'::text)
 Planning Time: 29.191 ms
 Execution Time: 309.852 ms
(10 rows)

Time: 340.344 ms
TIME:14:10:26
query: EXPLAIN ANALYZE select count(id) from (select id from files where contents ~ 'fmt\.Println' limit 10) as e;
Timing is on.
                                                                      QUERY PLAN                                                                       
-------------------------------------------------------------------------------------------------------------------------------------------------------
 Aggregate  (cost=81.36..81.37 rows=1 width=8) (actual time=322.177..322.179 rows=1 loops=1)
   ->  Limit  (cost=70.14..81.24 rows=10 width=8) (actual time=299.174..322.167 rows=10 loops=1)
         ->  Bitmap Heap Scan on files  (cost=70.14..1135.10 rows=960 width=8) (actual time=299.172..322.162 rows=10 loops=1)
               Recheck Cond: (contents ~ 'fmt\.Println'::text)
               Rows Removed by Index Recheck: 29
               Heap Blocks: exact=28
               ->  Bitmap Index Scan on files_contents_trgm_idx  (cost=0.00..69.90 rows=960 width=0) (actual time=195.081..195.081 rows=45273 loops=1)
                     Index Cond: (contents ~ 'fmt\.Println'::text)
 Planning Time: 31.121 ms
 Execution Time: 323.382 ms
(10 rows)

Time: 356.059 ms
TIME:14:10:26
query: EXPLAIN ANALYZE select count(id) from (select id from files where contents ~ 'fmt\.Println' limit 10) as e;
Timing is on.
                                                                      QUERY PLAN                                                                       
-------------------------------------------------------------------------------------------------------------------------------------------------------
 Aggregate  (cost=81.36..81.37 rows=1 width=8) (actual time=313.307..313.309 rows=1 loops=1)
   ->  Limit  (cost=70.14..81.24 rows=10 width=8) (actual time=288.374..313.281 rows=10 loops=1)
         ->  Bitmap Heap Scan on files  (cost=70.14..1135.10 rows=960 width=8) (actual time=288.373..313.275 rows=10 loops=1)
               Recheck Cond: (contents ~ 'fmt\.Println'::text)
               Rows Removed by Index Recheck: 29
               Heap Blocks: exact=28
               ->  Bitmap Index Scan on files_contents_trgm_idx  (cost=0.00..69.90 rows=960 width=0) (actual time=186.034..186.034 rows=45273 loops=1)
                     Index Cond: (contents ~ 'fmt\.Println'::text)
 Planning Time: 29.764 ms
 Execution Time: 314.362 ms
(10 rows)

Time: 345.550 ms
TIME:14:10:27
query: EXPLAIN ANALYZE select count(id) from (select id from files where contents ~ 'fmt\.Println' limit 10) as e;
Timing is on.
                                                                      QUERY PLAN                                                                       
-------------------------------------------------------------------------------------------------------------------------------------------------------
 Aggregate  (cost=81.36..81.37 rows=1 width=8) (actual time=306.632..306.633 rows=1 loops=1)
   ->  Limit  (cost=70.14..81.24 rows=10 width=8) (actual time=284.270..306.622 rows=10 loops=1)
         ->  Bitmap Heap Scan on files  (cost=70.14..1135.10 rows=960 width=8) (actual time=284.269..306.618 rows=10 loops=1)
               Recheck Cond: (contents ~ 'fmt\.Println'::text)
               Rows Removed by Index Recheck: 29
               Heap Blocks: exact=28
               ->  Bitmap Index Scan on files_contents_trgm_idx  (cost=0.00..69.90 rows=960 width=0) (actual time=181.660..181.660 rows=45273 loops=1)
                     Index Cond: (contents ~ 'fmt\.Println'::text)
 Planning Time: 29.758 ms
 Execution Time: 307.869 ms
(10 rows)

Time: 338.863 ms
TIME:14:10:27
query: EXPLAIN ANALYZE select count(id) from (select id from files where contents ~ 'fmt\.Println' limit 10) as e;
Timing is on.
                                                                      QUERY PLAN                                                                       
-------------------------------------------------------------------------------------------------------------------------------------------------------
 Aggregate  (cost=81.36..81.37 rows=1 width=8) (actual time=332.425..332.427 rows=1 loops=1)
   ->  Limit  (cost=70.14..81.24 rows=10 width=8) (actual time=309.867..332.416 rows=10 loops=1)
         ->  Bitmap Heap Scan on files  (cost=70.14..1135.10 rows=960 width=8) (actual time=309.866..332.411 rows=10 loops=1)
               Recheck Cond: (contents ~ 'fmt\.Println'::text)
               Rows Removed by Index Recheck: 29
               Heap Blocks: exact=28
               ->  Bitmap Index Scan on files_contents_trgm_idx  (cost=0.00..69.90 rows=960 width=0) (actual time=192.276..192.277 rows=45273 loops=1)
                     Index Cond: (contents ~ 'fmt\.Println'::text)
 Planning Time: 29.028 ms
 Execution Time: 333.689 ms
(10 rows)

Time: 364.054 ms
TIME:14:10:28
query: EXPLAIN ANALYZE select count(id) from (select id from files where contents ~ 'fmt\.Println' limit 10) as e;
Timing is on.
                                                                      QUERY PLAN                                                                       
-------------------------------------------------------------------------------------------------------------------------------------------------------
 Aggregate  (cost=81.36..81.37 rows=1 width=8) (actual time=310.296..310.297 rows=1 loops=1)
   ->  Limit  (cost=70.14..81.24 rows=10 width=8) (actual time=288.725..310.287 rows=10 loops=1)
         ->  Bitmap Heap Scan on files  (cost=70.14..1135.10 rows=960 width=8) (actual time=288.724..310.282 rows=10 loops=1)
               Recheck Cond: (contents ~ 'fmt\.Println'::text)
               Rows Removed by Index Recheck: 29
               Heap Blocks: exact=28
               ->  Bitmap Index Scan on files_contents_trgm_idx  (cost=0.00..69.90 rows=960 width=0) (actual time=184.729..184.729 rows=45273 loops=1)
                     Index Cond: (contents ~ 'fmt\.Println'::text)
 Planning Time: 30.527 ms
 Execution Time: 311.304 ms
(10 rows)

Time: 343.221 ms
TIME:14:10:28
query: EXPLAIN ANALYZE select count(id) from (select id from files where contents ~ 'fmt\.Println' limit 10) as e;
Timing is on.
                                                                      QUERY PLAN                                                                       
-------------------------------------------------------------------------------------------------------------------------------------------------------
 Aggregate  (cost=81.36..81.37 rows=1 width=8) (actual time=306.019..306.021 rows=1 loops=1)
   ->  Limit  (cost=70.14..81.24 rows=10 width=8) (actual time=283.935..305.992 rows=10 loops=1)
         ->  Bitmap Heap Scan on files  (cost=70.14..1135.10 rows=960 width=8) (actual time=283.933..305.987 rows=10 loops=1)
               Recheck Cond: (contents ~ 'fmt\.Println'::text)
               Rows Removed by Index Recheck: 29
               Heap Blocks: exact=28
               ->  Bitmap Index Scan on files_contents_trgm_idx  (cost=0.00..69.90 rows=960 width=0) (actual time=183.144..183.144 rows=45273 loops=1)
                     Index Cond: (contents ~ 'fmt\.Println'::text)
 Planning Time: 29.798 ms
 Execution Time: 307.254 ms
(10 rows)

Time: 338.410 ms
TIME:14:10:29
query: EXPLAIN ANALYZE select count(id) from (select id from files where contents ~ 'fmt\.Println' limit 10) as e;
Timing is on.
                                                                      QUERY PLAN                                                                       
-------------------------------------------------------------------------------------------------------------------------------------------------------
 Aggregate  (cost=81.36..81.37 rows=1 width=8) (actual time=315.626..315.628 rows=1 loops=1)
   ->  Limit  (cost=70.14..81.24 rows=10 width=8) (actual time=293.868..315.619 rows=10 loops=1)
         ->  Bitmap Heap Scan on files  (cost=70.14..1135.10 rows=960 width=8) (actual time=293.867..315.614 rows=10 loops=1)
               Recheck Cond: (contents ~ 'fmt\.Println'::text)
               Rows Removed by Index Recheck: 29
               Heap Blocks: exact=28
               ->  Bitmap Index Scan on files_contents_trgm_idx  (cost=0.00..69.90 rows=960 width=0) (actual time=190.211..190.212 rows=45273 loops=1)
                     Index Cond: (contents ~ 'fmt\.Println'::text)
 Planning Time: 29.362 ms
 Execution Time: 316.631 ms
(10 rows)

Time: 347.261 ms
TIME:14:10:29
query: EXPLAIN ANALYZE select count(id) from (select id from files where contents ~ 'fmt\.Println' limit 10) as e;
Timing is on.
                                                                      QUERY PLAN                                                                       
-------------------------------------------------------------------------------------------------------------------------------------------------------
 Aggregate  (cost=81.36..81.37 rows=1 width=8) (actual time=309.983..309.984 rows=1 loops=1)
   ->  Limit  (cost=70.14..81.24 rows=10 width=8) (actual time=287.463..309.974 rows=10 loops=1)
         ->  Bitmap Heap Scan on files  (cost=70.14..1135.10 rows=960 width=8) (actual time=287.462..309.970 rows=10 loops=1)
               Recheck Cond: (contents ~ 'fmt\.Println'::text)
               Rows Removed by Index Recheck: 29
               Heap Blocks: exact=28
               ->  Bitmap Index Scan on files_contents_trgm_idx  (cost=0.00..69.90 rows=960 width=0) (actual time=185.975..185.975 rows=45273 loops=1)
                     Index Cond: (contents ~ 'fmt\.Println'::text)
 Planning Time: 29.197 ms
 Execution Time: 311.125 ms
(10 rows)

Time: 341.708 ms
TIME:14:10:30
query: EXPLAIN ANALYZE select count(id) from (select id from files where contents ~ 'fmt\.Println' limit 10) as e;
Timing is on.
                                                                      QUERY PLAN                                                                       
-------------------------------------------------------------------------------------------------------------------------------------------------------
 Aggregate  (cost=81.36..81.37 rows=1 width=8) (actual time=330.507..330.509 rows=1 loops=1)
   ->  Limit  (cost=70.14..81.24 rows=10 width=8) (actual time=307.849..330.476 rows=10 loops=1)
         ->  Bitmap Heap Scan on files  (cost=70.14..1135.10 rows=960 width=8) (actual time=307.847..330.471 rows=10 loops=1)
               Recheck Cond: (contents ~ 'fmt\.Println'::text)
               Rows Removed by Index Recheck: 29
               Heap Blocks: exact=28
               ->  Bitmap Index Scan on files_contents_trgm_idx  (cost=0.00..69.90 rows=960 width=0) (actual time=205.298..205.298 rows=45273 loops=1)
                     Index Cond: (contents ~ 'fmt\.Println'::text)
 Planning Time: 32.639 ms
 Execution Time: 331.866 ms
(10 rows)

Time: 366.005 ms
TIME:14:10:31
query: EXPLAIN ANALYZE select count(id) from (select id from files where contents ~ 'fmt\.Println' limit 10) as e;
Timing is on.
                                                                      QUERY PLAN                                                                       
-------------------------------------------------------------------------------------------------------------------------------------------------------
 Aggregate  (cost=81.36..81.37 rows=1 width=8) (actual time=311.140..311.141 rows=1 loops=1)
   ->  Limit  (cost=70.14..81.24 rows=10 width=8) (actual time=289.231..311.131 rows=10 loops=1)
         ->  Bitmap Heap Scan on files  (cost=70.14..1135.10 rows=960 width=8) (actual time=289.230..311.126 rows=10 loops=1)
               Recheck Cond: (contents ~ 'fmt\.Println'::text)
               Rows Removed by Index Recheck: 29
               Heap Blocks: exact=28
               ->  Bitmap Index Scan on files_contents_trgm_idx  (cost=0.00..69.90 rows=960 width=0) (actual time=185.981..185.981 rows=45273 loops=1)
                     Index Cond: (contents ~ 'fmt\.Println'::text)
 Planning Time: 28.767 ms
 Execution Time: 312.306 ms
(10 rows)

Time: 342.547 ms
TIME:14:10:31
query: EXPLAIN ANALYZE select count(id) from (select id from files where contents ~ 'fmt\.Println' limit 10) as e;
Timing is on.
                                                                      QUERY PLAN                                                                       
-------------------------------------------------------------------------------------------------------------------------------------------------------
 Aggregate  (cost=81.36..81.37 rows=1 width=8) (actual time=311.298..311.299 rows=1 loops=1)
   ->  Limit  (cost=70.14..81.24 rows=10 width=8) (actual time=289.051..311.240 rows=10 loops=1)
         ->  Bitmap Heap Scan on files  (cost=70.14..1135.10 rows=960 width=8) (actual time=289.049..311.235 rows=10 loops=1)
               Recheck Cond: (contents ~ 'fmt\.Println'::text)
               Rows Removed by Index Recheck: 29
               Heap Blocks: exact=28
               ->  Bitmap Index Scan on files_contents_trgm_idx  (cost=0.00..69.90 rows=960 width=0) (actual time=186.246..186.247 rows=45273 loops=1)
                     Index Cond: (contents ~ 'fmt\.Println'::text)
 Planning Time: 30.572 ms
 Execution Time: 312.666 ms
(10 rows)

Time: 344.708 ms
TIME:14:10:32
query: EXPLAIN ANALYZE select count(id) from (select id from files where contents ~ 'fmt\.Println' limit 10) as e;
Timing is on.
                                                                      QUERY PLAN                                                                       
-------------------------------------------------------------------------------------------------------------------------------------------------------
 Aggregate  (cost=81.36..81.37 rows=1 width=8) (actual time=325.092..325.093 rows=1 loops=1)
   ->  Limit  (cost=70.14..81.24 rows=10 width=8) (actual time=302.806..325.083 rows=10 loops=1)
         ->  Bitmap Heap Scan on files  (cost=70.14..1135.10 rows=960 width=8) (actual time=302.805..325.078 rows=10 loops=1)
               Recheck Cond: (contents ~ 'fmt\.Println'::text)
               Rows Removed by Index Recheck: 29
               Heap Blocks: exact=28
               ->  Bitmap Index Scan on files_contents_trgm_idx  (cost=0.00..69.90 rows=960 width=0) (actual time=196.428..196.429 rows=45273 loops=1)
                     Index Cond: (contents ~ 'fmt\.Println'::text)
 Planning Time: 32.577 ms
 Execution Time: 326.220 ms
(10 rows)

Time: 360.389 ms
TIME:14:10:32
query: EXPLAIN ANALYZE select count(id) from (select id from files where contents ~ 'fmt\.Println' limit 10) as e;
Timing is on.
                                                                      QUERY PLAN                                                                       
-------------------------------------------------------------------------------------------------------------------------------------------------------
 Aggregate  (cost=81.36..81.37 rows=1 width=8) (actual time=302.960..302.961 rows=1 loops=1)
   ->  Limit  (cost=70.14..81.24 rows=10 width=8) (actual time=280.793..302.951 rows=10 loops=1)
         ->  Bitmap Heap Scan on files  (cost=70.14..1135.10 rows=960 width=8) (actual time=280.792..302.946 rows=10 loops=1)
               Recheck Cond: (contents ~ 'fmt\.Println'::text)
               Rows Removed by Index Recheck: 29
               Heap Blocks: exact=28
               ->  Bitmap Index Scan on files_contents_trgm_idx  (cost=0.00..69.90 rows=960 width=0) (actual time=180.408..180.408 rows=45273 loops=1)
                     Index Cond: (contents ~ 'fmt\.Println'::text)
 Planning Time: 29.356 ms
 Execution Time: 304.037 ms
(10 rows)

Time: 335.033 ms
TIME:14:10:33
query: EXPLAIN ANALYZE select count(id) from (select id from files where contents ~ 'fmt\.Println' limit 10) as e;
Timing is on.
                                                                      QUERY PLAN                                                                       
-------------------------------------------------------------------------------------------------------------------------------------------------------
 Aggregate  (cost=81.36..81.37 rows=1 width=8) (actual time=314.288..314.289 rows=1 loops=1)
   ->  Limit  (cost=70.14..81.24 rows=10 width=8) (actual time=293.273..314.279 rows=10 loops=1)
         ->  Bitmap Heap Scan on files  (cost=70.14..1135.10 rows=960 width=8) (actual time=293.272..314.274 rows=10 loops=1)
               Recheck Cond: (contents ~ 'fmt\.Println'::text)
               Rows Removed by Index Recheck: 29
               Heap Blocks: exact=28
               ->  Bitmap Index Scan on files_contents_trgm_idx  (cost=0.00..69.90 rows=960 width=0) (actual time=187.854..187.855 rows=45273 loops=1)
                     Index Cond: (contents ~ 'fmt\.Println'::text)
 Planning Time: 29.635 ms
 Execution Time: 315.356 ms
(10 rows)

Time: 346.377 ms
TIME:14:10:33
query: EXPLAIN ANALYZE select count(id) from (select id from files where contents ~ 'fmt\.Println' limit 10) as e;
Timing is on.
                                                                      QUERY PLAN                                                                       
-------------------------------------------------------------------------------------------------------------------------------------------------------
 Aggregate  (cost=81.36..81.37 rows=1 width=8) (actual time=308.477..308.478 rows=1 loops=1)
   ->  Limit  (cost=70.14..81.24 rows=10 width=8) (actual time=285.555..308.468 rows=10 loops=1)
         ->  Bitmap Heap Scan on files  (cost=70.14..1135.10 rows=960 width=8) (actual time=285.554..308.463 rows=10 loops=1)
               Recheck Cond: (contents ~ 'fmt\.Println'::text)
               Rows Removed by Index Recheck: 29
               Heap Blocks: exact=28
               ->  Bitmap Index Scan on files_contents_trgm_idx  (cost=0.00..69.90 rows=960 width=0) (actual time=185.012..185.012 rows=45273 loops=1)
                     Index Cond: (contents ~ 'fmt\.Println'::text)
 Planning Time: 29.293 ms
 Execution Time: 309.586 ms
(10 rows)

Time: 340.236 ms
limit 10: 'fmt\.Print.*'
TIME:14:10:34
query: EXPLAIN ANALYZE select count(id) from (select id from files where contents ~ 'fmt\.Print.*' limit 10) as e;
Timing is on.
                                                                        QUERY PLAN                                                                         
-----------------------------------------------------------------------------------------------------------------------------------------------------------
 Aggregate  (cost=215.15..215.16 rows=1 width=8) (actual time=611.064..611.065 rows=1 loops=1)
   ->  Limit  (cost=204.15..215.02 rows=10 width=8) (actual time=290.754..611.051 rows=10 loops=1)
         ->  Bitmap Heap Scan on files  (cost=204.15..21133.72 rows=19245 width=8) (actual time=290.736..611.028 rows=10 loops=1)
               Recheck Cond: (contents ~ 'fmt\.Print.*'::text)
               Rows Removed by Index Recheck: 345
               Heap Blocks: exact=230
               ->  Bitmap Index Scan on files_contents_trgm_idx  (cost=0.00..199.33 rows=19245 width=0) (actual time=232.168..232.168 rows=228531 loops=1)
                     Index Cond: (contents ~ 'fmt\.Print.*'::text)
 Planning Time: 28.523 ms
 Execution Time: 612.977 ms
(10 rows)

Time: 642.805 ms
TIME:14:10:35
query: EXPLAIN ANALYZE select count(id) from (select id from files where contents ~ 'fmt\.Print.*' limit 10) as e;
Timing is on.
                                                                        QUERY PLAN                                                                         
-----------------------------------------------------------------------------------------------------------------------------------------------------------
 Aggregate  (cost=215.15..215.16 rows=1 width=8) (actual time=570.555..570.556 rows=1 loops=1)
   ->  Limit  (cost=204.15..215.02 rows=10 width=8) (actual time=277.891..570.542 rows=10 loops=1)
         ->  Bitmap Heap Scan on files  (cost=204.15..21133.72 rows=19245 width=8) (actual time=277.868..570.512 rows=10 loops=1)
               Recheck Cond: (contents ~ 'fmt\.Print.*'::text)
               Rows Removed by Index Recheck: 345
               Heap Blocks: exact=230
               ->  Bitmap Index Scan on files_contents_trgm_idx  (cost=0.00..199.33 rows=19245 width=0) (actual time=228.679..228.679 rows=228531 loops=1)
                     Index Cond: (contents ~ 'fmt\.Print.*'::text)
 Planning Time: 28.927 ms
 Execution Time: 573.002 ms
(10 rows)

Time: 603.465 ms
TIME:14:10:36
query: EXPLAIN ANALYZE select count(id) from (select id from files where contents ~ 'fmt\.Print.*' limit 10) as e;
Timing is on.
                                                                        QUERY PLAN                                                                         
-----------------------------------------------------------------------------------------------------------------------------------------------------------
 Aggregate  (cost=215.15..215.16 rows=1 width=8) (actual time=561.414..561.431 rows=1 loops=1)
   ->  Limit  (cost=204.15..215.02 rows=10 width=8) (actual time=284.988..561.417 rows=10 loops=1)
         ->  Bitmap Heap Scan on files  (cost=204.15..21133.72 rows=19245 width=8) (actual time=284.987..561.396 rows=10 loops=1)
               Recheck Cond: (contents ~ 'fmt\.Print.*'::text)
               Rows Removed by Index Recheck: 345
               Heap Blocks: exact=230
               ->  Bitmap Index Scan on files_contents_trgm_idx  (cost=0.00..199.33 rows=19245 width=0) (actual time=235.612..235.612 rows=228531 loops=1)
                     Index Cond: (contents ~ 'fmt\.Print.*'::text)
 Planning Time: 28.405 ms
 Execution Time: 563.321 ms
(10 rows)

Time: 593.144 ms
TIME:14:10:37
query: EXPLAIN ANALYZE select count(id) from (select id from files where contents ~ 'fmt\.Print.*' limit 10) as e;
Timing is on.
                                                                        QUERY PLAN                                                                         
-----------------------------------------------------------------------------------------------------------------------------------------------------------
 Aggregate  (cost=215.15..215.16 rows=1 width=8) (actual time=557.050..557.052 rows=1 loops=1)
   ->  Limit  (cost=204.15..215.02 rows=10 width=8) (actual time=275.181..557.037 rows=10 loops=1)
         ->  Bitmap Heap Scan on files  (cost=204.15..21133.72 rows=19245 width=8) (actual time=275.179..557.031 rows=10 loops=1)
               Recheck Cond: (contents ~ 'fmt\.Print.*'::text)
               Rows Removed by Index Recheck: 345
               Heap Blocks: exact=230
               ->  Bitmap Index Scan on files_contents_trgm_idx  (cost=0.00..199.33 rows=19245 width=0) (actual time=226.916..226.916 rows=228531 loops=1)
                     Index Cond: (contents ~ 'fmt\.Print.*'::text)
 Planning Time: 26.307 ms
 Execution Time: 558.903 ms
(10 rows)

Time: 586.767 ms
TIME:14:10:37
query: EXPLAIN ANALYZE select count(id) from (select id from files where contents ~ 'fmt\.Print.*' limit 10) as e;
Timing is on.
                                                                        QUERY PLAN                                                                         
-----------------------------------------------------------------------------------------------------------------------------------------------------------
 Aggregate  (cost=215.15..215.16 rows=1 width=8) (actual time=567.369..567.370 rows=1 loops=1)
   ->  Limit  (cost=204.15..215.02 rows=10 width=8) (actual time=292.136..567.356 rows=10 loops=1)
         ->  Bitmap Heap Scan on files  (cost=204.15..21133.72 rows=19245 width=8) (actual time=292.135..567.349 rows=10 loops=1)
               Recheck Cond: (contents ~ 'fmt\.Print.*'::text)
               Rows Removed by Index Recheck: 345
               Heap Blocks: exact=230
               ->  Bitmap Index Scan on files_contents_trgm_idx  (cost=0.00..199.33 rows=19245 width=0) (actual time=243.206..243.206 rows=228531 loops=1)
                     Index Cond: (contents ~ 'fmt\.Print.*'::text)
 Planning Time: 29.172 ms
 Execution Time: 569.460 ms
(10 rows)

Time: 599.995 ms
TIME:14:10:38
query: EXPLAIN ANALYZE select count(id) from (select id from files where contents ~ 'fmt\.Print.*' limit 10) as e;
Timing is on.
                                                                        QUERY PLAN                                                                         
-----------------------------------------------------------------------------------------------------------------------------------------------------------
 Aggregate  (cost=215.15..215.16 rows=1 width=8) (actual time=569.352..569.368 rows=1 loops=1)
   ->  Limit  (cost=204.15..215.02 rows=10 width=8) (actual time=290.530..569.323 rows=10 loops=1)
         ->  Bitmap Heap Scan on files  (cost=204.15..21133.72 rows=19245 width=8) (actual time=290.529..569.317 rows=10 loops=1)
               Recheck Cond: (contents ~ 'fmt\.Print.*'::text)
               Rows Removed by Index Recheck: 345
               Heap Blocks: exact=230
               ->  Bitmap Index Scan on files_contents_trgm_idx  (cost=0.00..199.33 rows=19245 width=0) (actual time=239.030..239.030 rows=228531 loops=1)
                     Index Cond: (contents ~ 'fmt\.Print.*'::text)
 Planning Time: 32.149 ms
 Execution Time: 571.427 ms
(10 rows)

Time: 605.201 ms
TIME:14:10:39
query: EXPLAIN ANALYZE select count(id) from (select id from files where contents ~ 'fmt\.Print.*' limit 10) as e;
Timing is on.
                                                                        QUERY PLAN                                                                         
-----------------------------------------------------------------------------------------------------------------------------------------------------------
 Aggregate  (cost=215.15..215.16 rows=1 width=8) (actual time=568.598..568.599 rows=1 loops=1)
   ->  Limit  (cost=204.15..215.02 rows=10 width=8) (actual time=289.619..568.570 rows=10 loops=1)
         ->  Bitmap Heap Scan on files  (cost=204.15..21133.72 rows=19245 width=8) (actual time=289.617..568.564 rows=10 loops=1)
               Recheck Cond: (contents ~ 'fmt\.Print.*'::text)
               Rows Removed by Index Recheck: 345
               Heap Blocks: exact=230
               ->  Bitmap Index Scan on files_contents_trgm_idx  (cost=0.00..199.33 rows=19245 width=0) (actual time=238.469..238.469 rows=228531 loops=1)
                     Index Cond: (contents ~ 'fmt\.Print.*'::text)
 Planning Time: 28.685 ms
 Execution Time: 570.562 ms
(10 rows)

Time: 600.714 ms
TIME:14:10:40
query: EXPLAIN ANALYZE select count(id) from (select id from files where contents ~ 'fmt\.Print.*' limit 10) as e;
Timing is on.
                                                                        QUERY PLAN                                                                         
-----------------------------------------------------------------------------------------------------------------------------------------------------------
 Aggregate  (cost=215.15..215.16 rows=1 width=8) (actual time=553.149..553.150 rows=1 loops=1)
   ->  Limit  (cost=204.15..215.02 rows=10 width=8) (actual time=282.561..553.139 rows=10 loops=1)
         ->  Bitmap Heap Scan on files  (cost=204.15..21133.72 rows=19245 width=8) (actual time=282.559..553.132 rows=10 loops=1)
               Recheck Cond: (contents ~ 'fmt\.Print.*'::text)
               Rows Removed by Index Recheck: 345
               Heap Blocks: exact=230
               ->  Bitmap Index Scan on files_contents_trgm_idx  (cost=0.00..199.33 rows=19245 width=0) (actual time=233.747..233.748 rows=228531 loops=1)
                     Index Cond: (contents ~ 'fmt\.Print.*'::text)
 Planning Time: 29.399 ms
 Execution Time: 555.075 ms
(10 rows)

Time: 585.893 ms
TIME:14:10:41
query: EXPLAIN ANALYZE select count(id) from (select id from files where contents ~ 'fmt\.Print.*' limit 10) as e;
Timing is on.
                                                                        QUERY PLAN                                                                         
-----------------------------------------------------------------------------------------------------------------------------------------------------------
 Aggregate  (cost=215.15..215.16 rows=1 width=8) (actual time=573.828..573.830 rows=1 loops=1)
   ->  Limit  (cost=204.15..215.02 rows=10 width=8) (actual time=303.246..573.817 rows=10 loops=1)
         ->  Bitmap Heap Scan on files  (cost=204.15..21133.72 rows=19245 width=8) (actual time=303.244..573.810 rows=10 loops=1)
               Recheck Cond: (contents ~ 'fmt\.Print.*'::text)
               Rows Removed by Index Recheck: 345
               Heap Blocks: exact=230
               ->  Bitmap Index Scan on files_contents_trgm_idx  (cost=0.00..199.33 rows=19245 width=0) (actual time=254.418..254.419 rows=228531 loops=1)
                     Index Cond: (contents ~ 'fmt\.Print.*'::text)
 Planning Time: 30.890 ms
 Execution Time: 575.526 ms
(10 rows)

Time: 607.947 ms
TIME:14:10:41
query: EXPLAIN ANALYZE select count(id) from (select id from files where contents ~ 'fmt\.Print.*' limit 10) as e;
Timing is on.
                                                                        QUERY PLAN                                                                         
-----------------------------------------------------------------------------------------------------------------------------------------------------------
 Aggregate  (cost=215.15..215.16 rows=1 width=8) (actual time=554.139..554.141 rows=1 loops=1)
   ->  Limit  (cost=204.15..215.02 rows=10 width=8) (actual time=278.050..554.127 rows=10 loops=1)
         ->  Bitmap Heap Scan on files  (cost=204.15..21133.72 rows=19245 width=8) (actual time=278.049..554.120 rows=10 loops=1)
               Recheck Cond: (contents ~ 'fmt\.Print.*'::text)
               Rows Removed by Index Recheck: 345
               Heap Blocks: exact=230
               ->  Bitmap Index Scan on files_contents_trgm_idx  (cost=0.00..199.33 rows=19245 width=0) (actual time=230.002..230.002 rows=228531 loops=1)
                     Index Cond: (contents ~ 'fmt\.Print.*'::text)
 Planning Time: 30.606 ms
 Execution Time: 556.291 ms
(10 rows)

Time: 588.283 ms
TIME:14:10:42
query: EXPLAIN ANALYZE select count(id) from (select id from files where contents ~ 'fmt\.Print.*' limit 10) as e;
Timing is on.
                                                                        QUERY PLAN                                                                         
-----------------------------------------------------------------------------------------------------------------------------------------------------------
 Aggregate  (cost=215.15..215.16 rows=1 width=8) (actual time=566.708..566.709 rows=1 loops=1)
   ->  Limit  (cost=204.15..215.02 rows=10 width=8) (actual time=290.884..566.696 rows=10 loops=1)
         ->  Bitmap Heap Scan on files  (cost=204.15..21133.72 rows=19245 width=8) (actual time=290.883..566.689 rows=10 loops=1)
               Recheck Cond: (contents ~ 'fmt\.Print.*'::text)
               Rows Removed by Index Recheck: 345
               Heap Blocks: exact=230
               ->  Bitmap Index Scan on files_contents_trgm_idx  (cost=0.00..199.33 rows=19245 width=0) (actual time=241.520..241.520 rows=228531 loops=1)
                     Index Cond: (contents ~ 'fmt\.Print.*'::text)
 Planning Time: 29.100 ms
 Execution Time: 568.637 ms
(10 rows)

Time: 599.168 ms
TIME:14:10:43
query: EXPLAIN ANALYZE select count(id) from (select id from files where contents ~ 'fmt\.Print.*' limit 10) as e;
Timing is on.
                                                                        QUERY PLAN                                                                         
-----------------------------------------------------------------------------------------------------------------------------------------------------------
 Aggregate  (cost=215.15..215.16 rows=1 width=8) (actual time=579.462..579.464 rows=1 loops=1)
   ->  Limit  (cost=204.15..215.02 rows=10 width=8) (actual time=285.643..579.446 rows=10 loops=1)
         ->  Bitmap Heap Scan on files  (cost=204.15..21133.72 rows=19245 width=8) (actual time=285.641..579.439 rows=10 loops=1)
               Recheck Cond: (contents ~ 'fmt\.Print.*'::text)
               Rows Removed by Index Recheck: 345
               Heap Blocks: exact=230
               ->  Bitmap Index Scan on files_contents_trgm_idx  (cost=0.00..199.33 rows=19245 width=0) (actual time=232.577..232.578 rows=228531 loops=1)
                     Index Cond: (contents ~ 'fmt\.Print.*'::text)
 Planning Time: 29.497 ms
 Execution Time: 581.550 ms
(10 rows)

Time: 612.645 ms
TIME:14:10:44
query: EXPLAIN ANALYZE select count(id) from (select id from files where contents ~ 'fmt\.Print.*' limit 10) as e;
Timing is on.
                                                                        QUERY PLAN                                                                         
-----------------------------------------------------------------------------------------------------------------------------------------------------------
 Aggregate  (cost=215.15..215.16 rows=1 width=8) (actual time=576.502..576.503 rows=1 loops=1)
   ->  Limit  (cost=204.15..215.02 rows=10 width=8) (actual time=288.735..576.490 rows=10 loops=1)
         ->  Bitmap Heap Scan on files  (cost=204.15..21133.72 rows=19245 width=8) (actual time=288.719..576.469 rows=10 loops=1)
               Recheck Cond: (contents ~ 'fmt\.Print.*'::text)
               Rows Removed by Index Recheck: 345
               Heap Blocks: exact=230
               ->  Bitmap Index Scan on files_contents_trgm_idx  (cost=0.00..199.33 rows=19245 width=0) (actual time=231.791..231.791 rows=228531 loops=1)
                     Index Cond: (contents ~ 'fmt\.Print.*'::text)
 Planning Time: 30.102 ms
 Execution Time: 578.666 ms
(10 rows)

Time: 610.332 ms
TIME:14:10:45
query: EXPLAIN ANALYZE select count(id) from (select id from files where contents ~ 'fmt\.Print.*' limit 10) as e;
Timing is on.
                                                                        QUERY PLAN                                                                         
-----------------------------------------------------------------------------------------------------------------------------------------------------------
 Aggregate  (cost=215.15..215.16 rows=1 width=8) (actual time=557.426..557.427 rows=1 loops=1)
   ->  Limit  (cost=204.15..215.02 rows=10 width=8) (actual time=280.210..557.414 rows=10 loops=1)
         ->  Bitmap Heap Scan on files  (cost=204.15..21133.72 rows=19245 width=8) (actual time=280.209..557.406 rows=10 loops=1)
               Recheck Cond: (contents ~ 'fmt\.Print.*'::text)
               Rows Removed by Index Recheck: 345
               Heap Blocks: exact=230
               ->  Bitmap Index Scan on files_contents_trgm_idx  (cost=0.00..199.33 rows=19245 width=0) (actual time=229.163..229.164 rows=228531 loops=1)
                     Index Cond: (contents ~ 'fmt\.Print.*'::text)
 Planning Time: 28.521 ms
 Execution Time: 559.519 ms
(10 rows)

Time: 589.566 ms
TIME:14:10:46
query: EXPLAIN ANALYZE select count(id) from (select id from files where contents ~ 'fmt\.Print.*' limit 10) as e;
Timing is on.
                                                                        QUERY PLAN                                                                         
-----------------------------------------------------------------------------------------------------------------------------------------------------------
 Aggregate  (cost=215.15..215.16 rows=1 width=8) (actual time=582.820..582.821 rows=1 loops=1)
   ->  Limit  (cost=204.15..215.02 rows=10 width=8) (actual time=284.498..582.808 rows=10 loops=1)
         ->  Bitmap Heap Scan on files  (cost=204.15..21133.72 rows=19245 width=8) (actual time=284.496..582.800 rows=10 loops=1)
               Recheck Cond: (contents ~ 'fmt\.Print.*'::text)
               Rows Removed by Index Recheck: 345
               Heap Blocks: exact=230
               ->  Bitmap Index Scan on files_contents_trgm_idx  (cost=0.00..199.33 rows=19245 width=0) (actual time=236.074..236.074 rows=228531 loops=1)
                     Index Cond: (contents ~ 'fmt\.Print.*'::text)
 Planning Time: 29.390 ms
 Execution Time: 584.840 ms
(10 rows)

Time: 615.909 ms
TIME:14:10:46
query: EXPLAIN ANALYZE select count(id) from (select id from files where contents ~ 'fmt\.Print.*' limit 10) as e;
Timing is on.
                                                                        QUERY PLAN                                                                         
-----------------------------------------------------------------------------------------------------------------------------------------------------------
 Aggregate  (cost=215.15..215.16 rows=1 width=8) (actual time=556.420..556.421 rows=1 loops=1)
   ->  Limit  (cost=204.15..215.02 rows=10 width=8) (actual time=281.767..556.409 rows=10 loops=1)
         ->  Bitmap Heap Scan on files  (cost=204.15..21133.72 rows=19245 width=8) (actual time=281.765..556.402 rows=10 loops=1)
               Recheck Cond: (contents ~ 'fmt\.Print.*'::text)
               Rows Removed by Index Recheck: 345
               Heap Blocks: exact=230
               ->  Bitmap Index Scan on files_contents_trgm_idx  (cost=0.00..199.33 rows=19245 width=0) (actual time=233.611..233.611 rows=228531 loops=1)
                     Index Cond: (contents ~ 'fmt\.Print.*'::text)
 Planning Time: 32.120 ms
 Execution Time: 558.273 ms
(10 rows)

Time: 592.062 ms
TIME:14:10:47
query: EXPLAIN ANALYZE select count(id) from (select id from files where contents ~ 'fmt\.Print.*' limit 10) as e;
Timing is on.
                                                                        QUERY PLAN                                                                         
-----------------------------------------------------------------------------------------------------------------------------------------------------------
 Aggregate  (cost=215.15..215.16 rows=1 width=8) (actual time=560.446..560.463 rows=1 loops=1)
   ->  Limit  (cost=204.15..215.02 rows=10 width=8) (actual time=276.636..560.434 rows=10 loops=1)
         ->  Bitmap Heap Scan on files  (cost=204.15..21133.72 rows=19245 width=8) (actual time=276.618..560.410 rows=10 loops=1)
               Recheck Cond: (contents ~ 'fmt\.Print.*'::text)
               Rows Removed by Index Recheck: 345
               Heap Blocks: exact=230
               ->  Bitmap Index Scan on files_contents_trgm_idx  (cost=0.00..199.33 rows=19245 width=0) (actual time=226.883..226.883 rows=228531 loops=1)
                     Index Cond: (contents ~ 'fmt\.Print.*'::text)
 Planning Time: 28.569 ms
 Execution Time: 562.454 ms
(10 rows)

Time: 592.734 ms
TIME:14:10:48
query: EXPLAIN ANALYZE select count(id) from (select id from files where contents ~ 'fmt\.Print.*' limit 10) as e;
Timing is on.
                                                                        QUERY PLAN                                                                         
-----------------------------------------------------------------------------------------------------------------------------------------------------------
 Aggregate  (cost=215.15..215.16 rows=1 width=8) (actual time=571.057..571.059 rows=1 loops=1)
   ->  Limit  (cost=204.15..215.02 rows=10 width=8) (actual time=289.087..571.032 rows=10 loops=1)
         ->  Bitmap Heap Scan on files  (cost=204.15..21133.72 rows=19245 width=8) (actual time=289.086..571.025 rows=10 loops=1)
               Recheck Cond: (contents ~ 'fmt\.Print.*'::text)
               Rows Removed by Index Recheck: 345
               Heap Blocks: exact=230
               ->  Bitmap Index Scan on files_contents_trgm_idx  (cost=0.00..199.33 rows=19245 width=0) (actual time=239.253..239.253 rows=228531 loops=1)
                     Index Cond: (contents ~ 'fmt\.Print.*'::text)
 Planning Time: 27.898 ms
 Execution Time: 573.005 ms
(10 rows)

Time: 602.440 ms
TIME:14:10:49
query: EXPLAIN ANALYZE select count(id) from (select id from files where contents ~ 'fmt\.Print.*' limit 10) as e;
Timing is on.
                                                                        QUERY PLAN                                                                         
-----------------------------------------------------------------------------------------------------------------------------------------------------------
 Aggregate  (cost=215.15..215.16 rows=1 width=8) (actual time=555.537..555.538 rows=1 loops=1)
   ->  Limit  (cost=204.15..215.02 rows=10 width=8) (actual time=280.295..555.494 rows=10 loops=1)
         ->  Bitmap Heap Scan on files  (cost=204.15..21133.72 rows=19245 width=8) (actual time=280.293..555.488 rows=10 loops=1)
               Recheck Cond: (contents ~ 'fmt\.Print.*'::text)
               Rows Removed by Index Recheck: 345
               Heap Blocks: exact=230
               ->  Bitmap Index Scan on files_contents_trgm_idx  (cost=0.00..199.33 rows=19245 width=0) (actual time=232.005..232.006 rows=228531 loops=1)
                     Index Cond: (contents ~ 'fmt\.Print.*'::text)
 Planning Time: 25.994 ms
 Execution Time: 557.278 ms
(10 rows)

Time: 584.626 ms
TIME:14:10:50
query: EXPLAIN ANALYZE select count(id) from (select id from files where contents ~ 'fmt\.Print.*' limit 10) as e;
Timing is on.
                                                                        QUERY PLAN                                                                         
-----------------------------------------------------------------------------------------------------------------------------------------------------------
 Aggregate  (cost=215.15..215.16 rows=1 width=8) (actual time=546.048..546.049 rows=1 loops=1)
   ->  Limit  (cost=204.15..215.02 rows=10 width=8) (actual time=277.957..546.035 rows=10 loops=1)
         ->  Bitmap Heap Scan on files  (cost=204.15..21133.72 rows=19245 width=8) (actual time=277.955..546.028 rows=10 loops=1)
               Recheck Cond: (contents ~ 'fmt\.Print.*'::text)
               Rows Removed by Index Recheck: 345
               Heap Blocks: exact=230
               ->  Bitmap Index Scan on files_contents_trgm_idx  (cost=0.00..199.33 rows=19245 width=0) (actual time=230.449..230.449 rows=228531 loops=1)
                     Index Cond: (contents ~ 'fmt\.Print.*'::text)
 Planning Time: 27.303 ms
 Execution Time: 547.990 ms
(10 rows)

Time: 576.726 ms
TIME:14:10:50
query: EXPLAIN ANALYZE select count(id) from (select id from files where contents ~ 'fmt\.Print.*' limit 10) as e;
Timing is on.
                                                                        QUERY PLAN                                                                         
-----------------------------------------------------------------------------------------------------------------------------------------------------------
 Aggregate  (cost=215.15..215.16 rows=1 width=8) (actual time=557.249..557.250 rows=1 loops=1)
   ->  Limit  (cost=204.15..215.02 rows=10 width=8) (actual time=282.010..557.237 rows=10 loops=1)
         ->  Bitmap Heap Scan on files  (cost=204.15..21133.72 rows=19245 width=8) (actual time=282.009..557.231 rows=10 loops=1)
               Recheck Cond: (contents ~ 'fmt\.Print.*'::text)
               Rows Removed by Index Recheck: 345
               Heap Blocks: exact=230
               ->  Bitmap Index Scan on files_contents_trgm_idx  (cost=0.00..199.33 rows=19245 width=0) (actual time=233.484..233.484 rows=228531 loops=1)
                     Index Cond: (contents ~ 'fmt\.Print.*'::text)
 Planning Time: 27.053 ms
 Execution Time: 559.159 ms
(10 rows)

Time: 587.846 ms
TIME:14:10:51
query: EXPLAIN ANALYZE select count(id) from (select id from files where contents ~ 'fmt\.Print.*' limit 10) as e;
Timing is on.
                                                                        QUERY PLAN                                                                         
-----------------------------------------------------------------------------------------------------------------------------------------------------------
 Aggregate  (cost=215.15..215.16 rows=1 width=8) (actual time=590.074..590.076 rows=1 loops=1)
   ->  Limit  (cost=204.15..215.02 rows=10 width=8) (actual time=312.578..590.045 rows=10 loops=1)
         ->  Bitmap Heap Scan on files  (cost=204.15..21133.72 rows=19245 width=8) (actual time=312.577..590.038 rows=10 loops=1)
               Recheck Cond: (contents ~ 'fmt\.Print.*'::text)
               Rows Removed by Index Recheck: 345
               Heap Blocks: exact=230
               ->  Bitmap Index Scan on files_contents_trgm_idx  (cost=0.00..199.33 rows=19245 width=0) (actual time=261.559..261.559 rows=228531 loops=1)
                     Index Cond: (contents ~ 'fmt\.Print.*'::text)
 Planning Time: 26.564 ms
 Execution Time: 592.081 ms
(10 rows)

Time: 620.261 ms
TIME:14:10:52
query: EXPLAIN ANALYZE select count(id) from (select id from files where contents ~ 'fmt\.Print.*' limit 10) as e;
Timing is on.
                                                                        QUERY PLAN                                                                         
-----------------------------------------------------------------------------------------------------------------------------------------------------------
 Aggregate  (cost=215.15..215.16 rows=1 width=8) (actual time=575.642..575.644 rows=1 loops=1)
   ->  Limit  (cost=204.15..215.02 rows=10 width=8) (actual time=287.621..575.632 rows=10 loops=1)
         ->  Bitmap Heap Scan on files  (cost=204.15..21133.72 rows=19245 width=8) (actual time=287.620..575.613 rows=10 loops=1)
               Recheck Cond: (contents ~ 'fmt\.Print.*'::text)
               Rows Removed by Index Recheck: 345
               Heap Blocks: exact=230
               ->  Bitmap Index Scan on files_contents_trgm_idx  (cost=0.00..199.33 rows=19245 width=0) (actual time=238.315..238.315 rows=228531 loops=1)
                     Index Cond: (contents ~ 'fmt\.Print.*'::text)
 Planning Time: 25.802 ms
 Execution Time: 577.591 ms
(10 rows)

Time: 604.767 ms
TIME:14:10:53
query: EXPLAIN ANALYZE select count(id) from (select id from files where contents ~ 'fmt\.Print.*' limit 10) as e;
Timing is on.
                                                                        QUERY PLAN                                                                         
-----------------------------------------------------------------------------------------------------------------------------------------------------------
 Aggregate  (cost=215.15..215.16 rows=1 width=8) (actual time=578.194..578.196 rows=1 loops=1)
   ->  Limit  (cost=204.15..215.02 rows=10 width=8) (actual time=285.462..578.182 rows=10 loops=1)
         ->  Bitmap Heap Scan on files  (cost=204.15..21133.72 rows=19245 width=8) (actual time=285.460..578.175 rows=10 loops=1)
               Recheck Cond: (contents ~ 'fmt\.Print.*'::text)
               Rows Removed by Index Recheck: 345
               Heap Blocks: exact=230
               ->  Bitmap Index Scan on files_contents_trgm_idx  (cost=0.00..199.33 rows=19245 width=0) (actual time=236.698..236.698 rows=228531 loops=1)
                     Index Cond: (contents ~ 'fmt\.Print.*'::text)
 Planning Time: 26.983 ms
 Execution Time: 580.075 ms
(10 rows)

Time: 608.456 ms
TIME:14:10:54
query: EXPLAIN ANALYZE select count(id) from (select id from files where contents ~ 'fmt\.Print.*' limit 10) as e;
Timing is on.
                                                                        QUERY PLAN                                                                         
-----------------------------------------------------------------------------------------------------------------------------------------------------------
 Aggregate  (cost=215.15..215.16 rows=1 width=8) (actual time=575.893..575.894 rows=1 loops=1)
   ->  Limit  (cost=204.15..215.02 rows=10 width=8) (actual time=299.741..575.882 rows=10 loops=1)
         ->  Bitmap Heap Scan on files  (cost=204.15..21133.72 rows=19245 width=8) (actual time=299.723..575.859 rows=10 loops=1)
               Recheck Cond: (contents ~ 'fmt\.Print.*'::text)
               Rows Removed by Index Recheck: 345
               Heap Blocks: exact=230
               ->  Bitmap Index Scan on files_contents_trgm_idx  (cost=0.00..199.33 rows=19245 width=0) (actual time=242.072..242.072 rows=228531 loops=1)
                     Index Cond: (contents ~ 'fmt\.Print.*'::text)
 Planning Time: 26.464 ms
 Execution Time: 577.644 ms
(10 rows)

Time: 605.584 ms
TIME:14:10:55
query: EXPLAIN ANALYZE select count(id) from (select id from files where contents ~ 'fmt\.Print.*' limit 10) as e;
Timing is on.
                                                                        QUERY PLAN                                                                         
-----------------------------------------------------------------------------------------------------------------------------------------------------------
 Aggregate  (cost=215.15..215.16 rows=1 width=8) (actual time=552.355..552.356 rows=1 loops=1)
   ->  Limit  (cost=204.15..215.02 rows=10 width=8) (actual time=274.893..552.344 rows=10 loops=1)
         ->  Bitmap Heap Scan on files  (cost=204.15..21133.72 rows=19245 width=8) (actual time=274.892..552.337 rows=10 loops=1)
               Recheck Cond: (contents ~ 'fmt\.Print.*'::text)
               Rows Removed by Index Recheck: 345
               Heap Blocks: exact=230
               ->  Bitmap Index Scan on files_contents_trgm_idx  (cost=0.00..199.33 rows=19245 width=0) (actual time=226.582..226.582 rows=228531 loops=1)
                     Index Cond: (contents ~ 'fmt\.Print.*'::text)
 Planning Time: 26.190 ms
 Execution Time: 554.153 ms
(10 rows)

Time: 581.876 ms
TIME:14:10:55
query: EXPLAIN ANALYZE select count(id) from (select id from files where contents ~ 'fmt\.Print.*' limit 10) as e;
Timing is on.
                                                                        QUERY PLAN                                                                         
-----------------------------------------------------------------------------------------------------------------------------------------------------------
 Aggregate  (cost=215.15..215.16 rows=1 width=8) (actual time=566.272..566.274 rows=1 loops=1)
   ->  Limit  (cost=204.15..215.02 rows=10 width=8) (actual time=288.055..566.259 rows=10 loops=1)
         ->  Bitmap Heap Scan on files  (cost=204.15..21133.72 rows=19245 width=8) (actual time=288.053..566.253 rows=10 loops=1)
               Recheck Cond: (contents ~ 'fmt\.Print.*'::text)
               Rows Removed by Index Recheck: 345
               Heap Blocks: exact=230
               ->  Bitmap Index Scan on files_contents_trgm_idx  (cost=0.00..199.33 rows=19245 width=0) (actual time=237.390..237.391 rows=228531 loops=1)
                     Index Cond: (contents ~ 'fmt\.Print.*'::text)
 Planning Time: 26.437 ms
 Execution Time: 568.328 ms
(10 rows)

Time: 596.145 ms
TIME:14:10:56
query: EXPLAIN ANALYZE select count(id) from (select id from files where contents ~ 'fmt\.Print.*' limit 10) as e;
Timing is on.
                                                                        QUERY PLAN                                                                         
-----------------------------------------------------------------------------------------------------------------------------------------------------------
 Aggregate  (cost=215.15..215.16 rows=1 width=8) (actual time=588.369..588.370 rows=1 loops=1)
   ->  Limit  (cost=204.15..215.02 rows=10 width=8) (actual time=280.790..588.357 rows=10 loops=1)
         ->  Bitmap Heap Scan on files  (cost=204.15..21133.72 rows=19245 width=8) (actual time=280.789..588.350 rows=10 loops=1)
               Recheck Cond: (contents ~ 'fmt\.Print.*'::text)
               Rows Removed by Index Recheck: 345
               Heap Blocks: exact=230
               ->  Bitmap Index Scan on files_contents_trgm_idx  (cost=0.00..199.33 rows=19245 width=0) (actual time=230.431..230.432 rows=228531 loops=1)
                     Index Cond: (contents ~ 'fmt\.Print.*'::text)
 Planning Time: 26.313 ms
 Execution Time: 590.069 ms
(10 rows)

Time: 617.786 ms
TIME:14:10:57
query: EXPLAIN ANALYZE select count(id) from (select id from files where contents ~ 'fmt\.Print.*' limit 10) as e;
Timing is on.
                                                                        QUERY PLAN                                                                         
-----------------------------------------------------------------------------------------------------------------------------------------------------------
 Aggregate  (cost=215.15..215.16 rows=1 width=8) (actual time=565.471..565.472 rows=1 loops=1)
   ->  Limit  (cost=204.15..215.02 rows=10 width=8) (actual time=287.953..565.460 rows=10 loops=1)
         ->  Bitmap Heap Scan on files  (cost=204.15..21133.72 rows=19245 width=8) (actual time=287.936..565.438 rows=10 loops=1)
               Recheck Cond: (contents ~ 'fmt\.Print.*'::text)
               Rows Removed by Index Recheck: 345
               Heap Blocks: exact=230
               ->  Bitmap Index Scan on files_contents_trgm_idx  (cost=0.00..199.33 rows=19245 width=0) (actual time=238.403..238.404 rows=228531 loops=1)
                     Index Cond: (contents ~ 'fmt\.Print.*'::text)
 Planning Time: 26.235 ms
 Execution Time: 567.501 ms
(10 rows)

Time: 595.125 ms
TIME:14:10:58
query: EXPLAIN ANALYZE select count(id) from (select id from files where contents ~ 'fmt\.Print.*' limit 10) as e;
Timing is on.
                                                                        QUERY PLAN                                                                         
-----------------------------------------------------------------------------------------------------------------------------------------------------------
 Aggregate  (cost=215.15..215.16 rows=1 width=8) (actual time=570.700..570.701 rows=1 loops=1)
   ->  Limit  (cost=204.15..215.02 rows=10 width=8) (actual time=286.682..570.688 rows=10 loops=1)
         ->  Bitmap Heap Scan on files  (cost=204.15..21133.72 rows=19245 width=8) (actual time=286.680..570.682 rows=10 loops=1)
               Recheck Cond: (contents ~ 'fmt\.Print.*'::text)
               Rows Removed by Index Recheck: 345
               Heap Blocks: exact=230
               ->  Bitmap Index Scan on files_contents_trgm_idx  (cost=0.00..199.33 rows=19245 width=0) (actual time=236.805..236.805 rows=228531 loops=1)
                     Index Cond: (contents ~ 'fmt\.Print.*'::text)
 Planning Time: 26.963 ms
 Execution Time: 572.695 ms
(10 rows)

Time: 601.242 ms
TIME:14:10:59
query: EXPLAIN ANALYZE select count(id) from (select id from files where contents ~ 'fmt\.Print.*' limit 10) as e;
Timing is on.
                                                                        QUERY PLAN                                                                         
-----------------------------------------------------------------------------------------------------------------------------------------------------------
 Aggregate  (cost=215.15..215.16 rows=1 width=8) (actual time=564.917..564.918 rows=1 loops=1)
   ->  Limit  (cost=204.15..215.02 rows=10 width=8) (actual time=296.440..564.906 rows=10 loops=1)
         ->  Bitmap Heap Scan on files  (cost=204.15..21133.72 rows=19245 width=8) (actual time=296.438..564.899 rows=10 loops=1)
               Recheck Cond: (contents ~ 'fmt\.Print.*'::text)
               Rows Removed by Index Recheck: 345
               Heap Blocks: exact=230
               ->  Bitmap Index Scan on files_contents_trgm_idx  (cost=0.00..199.33 rows=19245 width=0) (actual time=248.734..248.735 rows=228531 loops=1)
                     Index Cond: (contents ~ 'fmt\.Print.*'::text)
 Planning Time: 26.186 ms
 Execution Time: 566.810 ms
(10 rows)

Time: 594.361 ms
TIME:14:10:59
query: EXPLAIN ANALYZE select count(id) from (select id from files where contents ~ 'fmt\.Print.*' limit 10) as e;
Timing is on.
                                                                        QUERY PLAN                                                                         
-----------------------------------------------------------------------------------------------------------------------------------------------------------
 Aggregate  (cost=215.15..215.16 rows=1 width=8) (actual time=549.483..549.485 rows=1 loops=1)
   ->  Limit  (cost=204.15..215.02 rows=10 width=8) (actual time=276.801..549.442 rows=10 loops=1)
         ->  Bitmap Heap Scan on files  (cost=204.15..21133.72 rows=19245 width=8) (actual time=276.800..549.420 rows=10 loops=1)
               Recheck Cond: (contents ~ 'fmt\.Print.*'::text)
               Rows Removed by Index Recheck: 345
               Heap Blocks: exact=230
               ->  Bitmap Index Scan on files_contents_trgm_idx  (cost=0.00..199.33 rows=19245 width=0) (actual time=228.747..228.748 rows=228531 loops=1)
                     Index Cond: (contents ~ 'fmt\.Print.*'::text)
 Planning Time: 26.541 ms
 Execution Time: 551.305 ms
(10 rows)

Time: 579.272 ms
TIME:14:11:00
query: EXPLAIN ANALYZE select count(id) from (select id from files where contents ~ 'fmt\.Print.*' limit 10) as e;
Timing is on.
                                                                        QUERY PLAN                                                                         
-----------------------------------------------------------------------------------------------------------------------------------------------------------
 Aggregate  (cost=215.15..215.16 rows=1 width=8) (actual time=557.155..557.157 rows=1 loops=1)
   ->  Limit  (cost=204.15..215.02 rows=10 width=8) (actual time=282.738..557.129 rows=10 loops=1)
         ->  Bitmap Heap Scan on files  (cost=204.15..21133.72 rows=19245 width=8) (actual time=282.737..557.123 rows=10 loops=1)
               Recheck Cond: (contents ~ 'fmt\.Print.*'::text)
               Rows Removed by Index Recheck: 345
               Heap Blocks: exact=230
               ->  Bitmap Index Scan on files_contents_trgm_idx  (cost=0.00..199.33 rows=19245 width=0) (actual time=234.363..234.364 rows=228531 loops=1)
                     Index Cond: (contents ~ 'fmt\.Print.*'::text)
 Planning Time: 27.304 ms
 Execution Time: 559.193 ms
(10 rows)

Time: 587.904 ms
TIME:14:11:01
query: EXPLAIN ANALYZE select count(id) from (select id from files where contents ~ 'fmt\.Print.*' limit 10) as e;
Timing is on.
                                                                        QUERY PLAN                                                                         
-----------------------------------------------------------------------------------------------------------------------------------------------------------
 Aggregate  (cost=215.15..215.16 rows=1 width=8) (actual time=565.337..565.339 rows=1 loops=1)
   ->  Limit  (cost=204.15..215.02 rows=10 width=8) (actual time=287.123..565.309 rows=10 loops=1)
         ->  Bitmap Heap Scan on files  (cost=204.15..21133.72 rows=19245 width=8) (actual time=287.121..565.302 rows=10 loops=1)
               Recheck Cond: (contents ~ 'fmt\.Print.*'::text)
               Rows Removed by Index Recheck: 345
               Heap Blocks: exact=230
               ->  Bitmap Index Scan on files_contents_trgm_idx  (cost=0.00..199.33 rows=19245 width=0) (actual time=238.312..238.312 rows=228531 loops=1)
                     Index Cond: (contents ~ 'fmt\.Print.*'::text)
 Planning Time: 26.082 ms
 Execution Time: 567.106 ms
(10 rows)

Time: 594.851 ms
TIME:14:11:02
query: EXPLAIN ANALYZE select count(id) from (select id from files where contents ~ 'fmt\.Print.*' limit 10) as e;
Timing is on.
                                                                        QUERY PLAN                                                                         
-----------------------------------------------------------------------------------------------------------------------------------------------------------
 Aggregate  (cost=215.15..215.16 rows=1 width=8) (actual time=584.760..584.761 rows=1 loops=1)
   ->  Limit  (cost=204.15..215.02 rows=10 width=8) (actual time=308.440..584.748 rows=10 loops=1)
         ->  Bitmap Heap Scan on files  (cost=204.15..21133.72 rows=19245 width=8) (actual time=308.438..584.741 rows=10 loops=1)
               Recheck Cond: (contents ~ 'fmt\.Print.*'::text)
               Rows Removed by Index Recheck: 345
               Heap Blocks: exact=230
               ->  Bitmap Index Scan on files_contents_trgm_idx  (cost=0.00..199.33 rows=19245 width=0) (actual time=257.297..257.298 rows=228531 loops=1)
                     Index Cond: (contents ~ 'fmt\.Print.*'::text)
 Planning Time: 27.418 ms
 Execution Time: 586.802 ms
(10 rows)

Time: 615.746 ms
TIME:14:11:03
query: EXPLAIN ANALYZE select count(id) from (select id from files where contents ~ 'fmt\.Print.*' limit 10) as e;
Timing is on.
                                                                        QUERY PLAN                                                                         
-----------------------------------------------------------------------------------------------------------------------------------------------------------
 Aggregate  (cost=215.15..215.16 rows=1 width=8) (actual time=565.117..565.118 rows=1 loops=1)
   ->  Limit  (cost=204.15..215.02 rows=10 width=8) (actual time=290.500..565.106 rows=10 loops=1)
         ->  Bitmap Heap Scan on files  (cost=204.15..21133.72 rows=19245 width=8) (actual time=290.498..565.099 rows=10 loops=1)
               Recheck Cond: (contents ~ 'fmt\.Print.*'::text)
               Rows Removed by Index Recheck: 345
               Heap Blocks: exact=230
               ->  Bitmap Index Scan on files_contents_trgm_idx  (cost=0.00..199.33 rows=19245 width=0) (actual time=239.247..239.247 rows=228531 loops=1)
                     Index Cond: (contents ~ 'fmt\.Print.*'::text)
 Planning Time: 26.714 ms
 Execution Time: 566.934 ms
(10 rows)

Time: 595.088 ms
TIME:14:11:04
query: EXPLAIN ANALYZE select count(id) from (select id from files where contents ~ 'fmt\.Print.*' limit 10) as e;
Timing is on.
                                                                        QUERY PLAN                                                                         
-----------------------------------------------------------------------------------------------------------------------------------------------------------
 Aggregate  (cost=215.15..215.16 rows=1 width=8) (actual time=563.449..563.450 rows=1 loops=1)
   ->  Limit  (cost=204.15..215.02 rows=10 width=8) (actual time=288.203..563.437 rows=10 loops=1)
         ->  Bitmap Heap Scan on files  (cost=204.15..21133.72 rows=19245 width=8) (actual time=288.202..563.399 rows=10 loops=1)
               Recheck Cond: (contents ~ 'fmt\.Print.*'::text)
               Rows Removed by Index Recheck: 345
               Heap Blocks: exact=230
               ->  Bitmap Index Scan on files_contents_trgm_idx  (cost=0.00..199.33 rows=19245 width=0) (actual time=237.297..237.297 rows=228531 loops=1)
                     Index Cond: (contents ~ 'fmt\.Print.*'::text)
 Planning Time: 25.710 ms
 Execution Time: 565.402 ms
(10 rows)

Time: 592.605 ms
TIME:14:11:04
query: EXPLAIN ANALYZE select count(id) from (select id from files where contents ~ 'fmt\.Print.*' limit 10) as e;
Timing is on.
                                                                        QUERY PLAN                                                                         
-----------------------------------------------------------------------------------------------------------------------------------------------------------
 Aggregate  (cost=215.15..215.16 rows=1 width=8) (actual time=576.246..576.248 rows=1 loops=1)
   ->  Limit  (cost=204.15..215.02 rows=10 width=8) (actual time=303.632..576.235 rows=10 loops=1)
         ->  Bitmap Heap Scan on files  (cost=204.15..21133.72 rows=19245 width=8) (actual time=303.630..576.228 rows=10 loops=1)
               Recheck Cond: (contents ~ 'fmt\.Print.*'::text)
               Rows Removed by Index Recheck: 345
               Heap Blocks: exact=230
               ->  Bitmap Index Scan on files_contents_trgm_idx  (cost=0.00..199.33 rows=19245 width=0) (actual time=241.973..241.973 rows=228531 loops=1)
                     Index Cond: (contents ~ 'fmt\.Print.*'::text)
 Planning Time: 28.749 ms
 Execution Time: 578.044 ms
(10 rows)

Time: 608.464 ms
TIME:14:11:05
query: EXPLAIN ANALYZE select count(id) from (select id from files where contents ~ 'fmt\.Print.*' limit 10) as e;
Timing is on.
                                                                        QUERY PLAN                                                                         
-----------------------------------------------------------------------------------------------------------------------------------------------------------
 Aggregate  (cost=215.15..215.16 rows=1 width=8) (actual time=590.442..590.443 rows=1 loops=1)
   ->  Limit  (cost=204.15..215.02 rows=10 width=8) (actual time=287.406..590.367 rows=10 loops=1)
         ->  Bitmap Heap Scan on files  (cost=204.15..21133.72 rows=19245 width=8) (actual time=287.404..590.360 rows=10 loops=1)
               Recheck Cond: (contents ~ 'fmt\.Print.*'::text)
               Rows Removed by Index Recheck: 345
               Heap Blocks: exact=230
               ->  Bitmap Index Scan on files_contents_trgm_idx  (cost=0.00..199.33 rows=19245 width=0) (actual time=237.948..237.948 rows=228531 loops=1)
                     Index Cond: (contents ~ 'fmt\.Print.*'::text)
 Planning Time: 26.302 ms
 Execution Time: 592.465 ms
(10 rows)

Time: 620.210 ms
TIME:14:11:06
query: EXPLAIN ANALYZE select count(id) from (select id from files where contents ~ 'fmt\.Print.*' limit 10) as e;
Timing is on.
                                                                        QUERY PLAN                                                                         
-----------------------------------------------------------------------------------------------------------------------------------------------------------
 Aggregate  (cost=215.15..215.16 rows=1 width=8) (actual time=576.111..576.150 rows=1 loops=1)
   ->  Limit  (cost=204.15..215.02 rows=10 width=8) (actual time=301.253..576.136 rows=10 loops=1)
         ->  Bitmap Heap Scan on files  (cost=204.15..21133.72 rows=19245 width=8) (actual time=301.252..576.092 rows=10 loops=1)
               Recheck Cond: (contents ~ 'fmt\.Print.*'::text)
               Rows Removed by Index Recheck: 345
               Heap Blocks: exact=230
               ->  Bitmap Index Scan on files_contents_trgm_idx  (cost=0.00..199.33 rows=19245 width=0) (actual time=250.751..250.752 rows=228531 loops=1)
                     Index Cond: (contents ~ 'fmt\.Print.*'::text)
 Planning Time: 28.659 ms
 Execution Time: 578.374 ms
(10 rows)

Time: 608.453 ms
TIME:14:11:07
query: EXPLAIN ANALYZE select count(id) from (select id from files where contents ~ 'fmt\.Print.*' limit 10) as e;
Timing is on.
                                                                        QUERY PLAN                                                                         
-----------------------------------------------------------------------------------------------------------------------------------------------------------
 Aggregate  (cost=215.15..215.16 rows=1 width=8) (actual time=575.854..575.856 rows=1 loops=1)
   ->  Limit  (cost=204.15..215.02 rows=10 width=8) (actual time=279.428..575.843 rows=10 loops=1)
         ->  Bitmap Heap Scan on files  (cost=204.15..21133.72 rows=19245 width=8) (actual time=279.427..575.836 rows=10 loops=1)
               Recheck Cond: (contents ~ 'fmt\.Print.*'::text)
               Rows Removed by Index Recheck: 345
               Heap Blocks: exact=230
               ->  Bitmap Index Scan on files_contents_trgm_idx  (cost=0.00..199.33 rows=19245 width=0) (actual time=231.092..231.092 rows=228531 loops=1)
                     Index Cond: (contents ~ 'fmt\.Print.*'::text)
 Planning Time: 26.215 ms
 Execution Time: 577.810 ms
(10 rows)

Time: 605.344 ms
TIME:14:11:08
query: EXPLAIN ANALYZE select count(id) from (select id from files where contents ~ 'fmt\.Print.*' limit 10) as e;
Timing is on.
                                                                        QUERY PLAN                                                                         
-----------------------------------------------------------------------------------------------------------------------------------------------------------
 Aggregate  (cost=215.15..215.16 rows=1 width=8) (actual time=560.766..560.767 rows=1 loops=1)
   ->  Limit  (cost=204.15..215.02 rows=10 width=8) (actual time=286.170..560.753 rows=10 loops=1)
         ->  Bitmap Heap Scan on files  (cost=204.15..21133.72 rows=19245 width=8) (actual time=286.169..560.746 rows=10 loops=1)
               Recheck Cond: (contents ~ 'fmt\.Print.*'::text)
               Rows Removed by Index Recheck: 345
               Heap Blocks: exact=230
               ->  Bitmap Index Scan on files_contents_trgm_idx  (cost=0.00..199.33 rows=19245 width=0) (actual time=237.275..237.276 rows=228531 loops=1)
                     Index Cond: (contents ~ 'fmt\.Print.*'::text)
 Planning Time: 25.740 ms
 Execution Time: 562.623 ms
(10 rows)

Time: 589.698 ms
TIME:14:11:08
query: EXPLAIN ANALYZE select count(id) from (select id from files where contents ~ 'fmt\.Print.*' limit 10) as e;
Timing is on.
                                                                        QUERY PLAN                                                                         
-----------------------------------------------------------------------------------------------------------------------------------------------------------
 Aggregate  (cost=215.15..215.16 rows=1 width=8) (actual time=570.043..570.044 rows=1 loops=1)
   ->  Limit  (cost=204.15..215.02 rows=10 width=8) (actual time=285.520..570.032 rows=10 loops=1)
         ->  Bitmap Heap Scan on files  (cost=204.15..21133.72 rows=19245 width=8) (actual time=285.519..570.026 rows=10 loops=1)
               Recheck Cond: (contents ~ 'fmt\.Print.*'::text)
               Rows Removed by Index Recheck: 345
               Heap Blocks: exact=230
               ->  Bitmap Index Scan on files_contents_trgm_idx  (cost=0.00..199.33 rows=19245 width=0) (actual time=231.003..231.004 rows=228531 loops=1)
                     Index Cond: (contents ~ 'fmt\.Print.*'::text)
 Planning Time: 25.846 ms
 Execution Time: 571.935 ms
(10 rows)

Time: 599.250 ms
TIME:14:11:09
query: EXPLAIN ANALYZE select count(id) from (select id from files where contents ~ 'fmt\.Print.*' limit 10) as e;
Timing is on.
                                                                        QUERY PLAN                                                                         
-----------------------------------------------------------------------------------------------------------------------------------------------------------
 Aggregate  (cost=215.15..215.16 rows=1 width=8) (actual time=563.532..563.548 rows=1 loops=1)
   ->  Limit  (cost=204.15..215.02 rows=10 width=8) (actual time=285.830..563.519 rows=10 loops=1)
         ->  Bitmap Heap Scan on files  (cost=204.15..21133.72 rows=19245 width=8) (actual time=285.828..563.511 rows=10 loops=1)
               Recheck Cond: (contents ~ 'fmt\.Print.*'::text)
               Rows Removed by Index Recheck: 345
               Heap Blocks: exact=230
               ->  Bitmap Index Scan on files_contents_trgm_idx  (cost=0.00..199.33 rows=19245 width=0) (actual time=237.207..237.208 rows=228531 loops=1)
                     Index Cond: (contents ~ 'fmt\.Print.*'::text)
 Planning Time: 26.034 ms
 Execution Time: 565.628 ms
(10 rows)

Time: 593.093 ms
TIME:14:11:10
query: EXPLAIN ANALYZE select count(id) from (select id from files where contents ~ 'fmt\.Print.*' limit 10) as e;
Timing is on.
                                                                        QUERY PLAN                                                                         
-----------------------------------------------------------------------------------------------------------------------------------------------------------
 Aggregate  (cost=215.15..215.16 rows=1 width=8) (actual time=578.950..578.951 rows=1 loops=1)
   ->  Limit  (cost=204.15..215.02 rows=10 width=8) (actual time=302.173..578.921 rows=10 loops=1)
         ->  Bitmap Heap Scan on files  (cost=204.15..21133.72 rows=19245 width=8) (actual time=302.171..578.914 rows=10 loops=1)
               Recheck Cond: (contents ~ 'fmt\.Print.*'::text)
               Rows Removed by Index Recheck: 345
               Heap Blocks: exact=230
               ->  Bitmap Index Scan on files_contents_trgm_idx  (cost=0.00..199.33 rows=19245 width=0) (actual time=246.029..246.030 rows=228531 loops=1)
                     Index Cond: (contents ~ 'fmt\.Print.*'::text)
 Planning Time: 27.873 ms
 Execution Time: 581.014 ms
(10 rows)

Time: 610.595 ms
TIME:14:11:11
query: EXPLAIN ANALYZE select count(id) from (select id from files where contents ~ 'fmt\.Print.*' limit 10) as e;
Timing is on.
                                                                        QUERY PLAN                                                                         
-----------------------------------------------------------------------------------------------------------------------------------------------------------
 Aggregate  (cost=215.15..215.16 rows=1 width=8) (actual time=566.234..566.236 rows=1 loops=1)
   ->  Limit  (cost=204.15..215.02 rows=10 width=8) (actual time=286.056..566.222 rows=10 loops=1)
         ->  Bitmap Heap Scan on files  (cost=204.15..21133.72 rows=19245 width=8) (actual time=286.054..566.215 rows=10 loops=1)
               Recheck Cond: (contents ~ 'fmt\.Print.*'::text)
               Rows Removed by Index Recheck: 345
               Heap Blocks: exact=230
               ->  Bitmap Index Scan on files_contents_trgm_idx  (cost=0.00..199.33 rows=19245 width=0) (actual time=237.432..237.432 rows=228531 loops=1)
                     Index Cond: (contents ~ 'fmt\.Print.*'::text)
 Planning Time: 28.551 ms
 Execution Time: 568.318 ms
(10 rows)

Time: 598.524 ms
TIME:14:11:12
query: EXPLAIN ANALYZE select count(id) from (select id from files where contents ~ 'fmt\.Print.*' limit 10) as e;
Timing is on.
                                                                        QUERY PLAN                                                                         
-----------------------------------------------------------------------------------------------------------------------------------------------------------
 Aggregate  (cost=215.15..215.16 rows=1 width=8) (actual time=535.866..535.868 rows=1 loops=1)
   ->  Limit  (cost=204.15..215.02 rows=10 width=8) (actual time=269.305..535.854 rows=10 loops=1)
         ->  Bitmap Heap Scan on files  (cost=204.15..21133.72 rows=19245 width=8) (actual time=269.303..535.848 rows=10 loops=1)
               Recheck Cond: (contents ~ 'fmt\.Print.*'::text)
               Rows Removed by Index Recheck: 345
               Heap Blocks: exact=230
               ->  Bitmap Index Scan on files_contents_trgm_idx  (cost=0.00..199.33 rows=19245 width=0) (actual time=221.916..221.917 rows=228531 loops=1)
                     Index Cond: (contents ~ 'fmt\.Print.*'::text)
 Planning Time: 26.539 ms
 Execution Time: 537.910 ms
(10 rows)

Time: 565.785 ms
TIME:14:11:13
query: EXPLAIN ANALYZE select count(id) from (select id from files where contents ~ 'fmt\.Print.*' limit 10) as e;
Timing is on.
                                                                        QUERY PLAN                                                                         
-----------------------------------------------------------------------------------------------------------------------------------------------------------
 Aggregate  (cost=215.15..215.16 rows=1 width=8) (actual time=568.057..568.058 rows=1 loops=1)
   ->  Limit  (cost=204.15..215.02 rows=10 width=8) (actual time=296.386..568.046 rows=10 loops=1)
         ->  Bitmap Heap Scan on files  (cost=204.15..21133.72 rows=19245 width=8) (actual time=296.385..568.040 rows=10 loops=1)
               Recheck Cond: (contents ~ 'fmt\.Print.*'::text)
               Rows Removed by Index Recheck: 345
               Heap Blocks: exact=230
               ->  Bitmap Index Scan on files_contents_trgm_idx  (cost=0.00..199.33 rows=19245 width=0) (actual time=248.416..248.416 rows=228531 loops=1)
                     Index Cond: (contents ~ 'fmt\.Print.*'::text)
 Planning Time: 32.297 ms
 Execution Time: 569.970 ms
(10 rows)

Time: 604.118 ms
TIME:14:11:13
query: EXPLAIN ANALYZE select count(id) from (select id from files where contents ~ 'fmt\.Print.*' limit 10) as e;
Timing is on.
                                                                        QUERY PLAN                                                                         
-----------------------------------------------------------------------------------------------------------------------------------------------------------
 Aggregate  (cost=215.15..215.16 rows=1 width=8) (actual time=552.138..552.140 rows=1 loops=1)
   ->  Limit  (cost=204.15..215.02 rows=10 width=8) (actual time=277.461..552.127 rows=10 loops=1)
         ->  Bitmap Heap Scan on files  (cost=204.15..21133.72 rows=19245 width=8) (actual time=277.459..552.121 rows=10 loops=1)
               Recheck Cond: (contents ~ 'fmt\.Print.*'::text)
               Rows Removed by Index Recheck: 345
               Heap Blocks: exact=230
               ->  Bitmap Index Scan on files_contents_trgm_idx  (cost=0.00..199.33 rows=19245 width=0) (actual time=228.048..228.048 rows=228531 loops=1)
                     Index Cond: (contents ~ 'fmt\.Print.*'::text)
 Planning Time: 26.174 ms
 Execution Time: 554.168 ms
(10 rows)

Time: 582.033 ms
TIME:14:11:14
query: EXPLAIN ANALYZE select count(id) from (select id from files where contents ~ 'fmt\.Print.*' limit 10) as e;
Timing is on.
                                                                        QUERY PLAN                                                                         
-----------------------------------------------------------------------------------------------------------------------------------------------------------
 Aggregate  (cost=215.15..215.16 rows=1 width=8) (actual time=572.571..572.572 rows=1 loops=1)
   ->  Limit  (cost=204.15..215.02 rows=10 width=8) (actual time=293.636..572.542 rows=10 loops=1)
         ->  Bitmap Heap Scan on files  (cost=204.15..21133.72 rows=19245 width=8) (actual time=293.634..572.534 rows=10 loops=1)
               Recheck Cond: (contents ~ 'fmt\.Print.*'::text)
               Rows Removed by Index Recheck: 345
               Heap Blocks: exact=230
               ->  Bitmap Index Scan on files_contents_trgm_idx  (cost=0.00..199.33 rows=19245 width=0) (actual time=242.346..242.347 rows=228531 loops=1)
                     Index Cond: (contents ~ 'fmt\.Print.*'::text)
 Planning Time: 26.938 ms
 Execution Time: 574.337 ms
(10 rows)

Time: 602.719 ms
TIME:14:11:15
query: EXPLAIN ANALYZE select count(id) from (select id from files where contents ~ 'fmt\.Print.*' limit 10) as e;
Timing is on.
                                                                        QUERY PLAN                                                                         
-----------------------------------------------------------------------------------------------------------------------------------------------------------
 Aggregate  (cost=215.15..215.16 rows=1 width=8) (actual time=592.820..592.822 rows=1 loops=1)
   ->  Limit  (cost=204.15..215.02 rows=10 width=8) (actual time=317.880..592.809 rows=10 loops=1)
         ->  Bitmap Heap Scan on files  (cost=204.15..21133.72 rows=19245 width=8) (actual time=317.879..592.802 rows=10 loops=1)
               Recheck Cond: (contents ~ 'fmt\.Print.*'::text)
               Rows Removed by Index Recheck: 345
               Heap Blocks: exact=230
               ->  Bitmap Index Scan on files_contents_trgm_idx  (cost=0.00..199.33 rows=19245 width=0) (actual time=258.766..258.766 rows=228531 loops=1)
                     Index Cond: (contents ~ 'fmt\.Print.*'::text)
 Planning Time: 27.614 ms
 Execution Time: 594.792 ms
(10 rows)

Time: 624.192 ms
TIME:14:11:16
query: EXPLAIN ANALYZE select count(id) from (select id from files where contents ~ 'fmt\.Print.*' limit 10) as e;
Timing is on.
                                                                        QUERY PLAN                                                                         
-----------------------------------------------------------------------------------------------------------------------------------------------------------
 Aggregate  (cost=215.15..215.16 rows=1 width=8) (actual time=551.375..551.377 rows=1 loops=1)
   ->  Limit  (cost=204.15..215.02 rows=10 width=8) (actual time=277.650..551.364 rows=10 loops=1)
         ->  Bitmap Heap Scan on files  (cost=204.15..21133.72 rows=19245 width=8) (actual time=277.648..551.357 rows=10 loops=1)
               Recheck Cond: (contents ~ 'fmt\.Print.*'::text)
               Rows Removed by Index Recheck: 345
               Heap Blocks: exact=230
               ->  Bitmap Index Scan on files_contents_trgm_idx  (cost=0.00..199.33 rows=19245 width=0) (actual time=227.155..227.155 rows=228531 loops=1)
                     Index Cond: (contents ~ 'fmt\.Print.*'::text)
 Planning Time: 25.655 ms
 Execution Time: 553.325 ms
(10 rows)

Time: 580.625 ms
TIME:14:11:17
query: EXPLAIN ANALYZE select count(id) from (select id from files where contents ~ 'fmt\.Print.*' limit 10) as e;
Timing is on.
                                                                        QUERY PLAN                                                                         
-----------------------------------------------------------------------------------------------------------------------------------------------------------
 Aggregate  (cost=215.15..215.16 rows=1 width=8) (actual time=558.355..558.357 rows=1 loops=1)
   ->  Limit  (cost=204.15..215.02 rows=10 width=8) (actual time=283.408..558.344 rows=10 loops=1)
         ->  Bitmap Heap Scan on files  (cost=204.15..21133.72 rows=19245 width=8) (actual time=283.407..558.338 rows=10 loops=1)
               Recheck Cond: (contents ~ 'fmt\.Print.*'::text)
               Rows Removed by Index Recheck: 345
               Heap Blocks: exact=230
               ->  Bitmap Index Scan on files_contents_trgm_idx  (cost=0.00..199.33 rows=19245 width=0) (actual time=232.650..232.650 rows=228531 loops=1)
                     Index Cond: (contents ~ 'fmt\.Print.*'::text)
 Planning Time: 26.129 ms
 Execution Time: 560.474 ms
(10 rows)

Time: 587.926 ms
TIME:14:11:17
query: EXPLAIN ANALYZE select count(id) from (select id from files where contents ~ 'fmt\.Print.*' limit 10) as e;
Timing is on.
                                                                        QUERY PLAN                                                                         
-----------------------------------------------------------------------------------------------------------------------------------------------------------
 Aggregate  (cost=215.15..215.16 rows=1 width=8) (actual time=577.174..577.175 rows=1 loops=1)
   ->  Limit  (cost=204.15..215.02 rows=10 width=8) (actual time=280.920..577.147 rows=10 loops=1)
         ->  Bitmap Heap Scan on files  (cost=204.15..21133.72 rows=19245 width=8) (actual time=280.918..577.141 rows=10 loops=1)
               Recheck Cond: (contents ~ 'fmt\.Print.*'::text)
               Rows Removed by Index Recheck: 345
               Heap Blocks: exact=230
               ->  Bitmap Index Scan on files_contents_trgm_idx  (cost=0.00..199.33 rows=19245 width=0) (actual time=232.595..232.595 rows=228531 loops=1)
                     Index Cond: (contents ~ 'fmt\.Print.*'::text)
 Planning Time: 27.775 ms
 Execution Time: 579.020 ms
(10 rows)

Time: 608.203 ms
TIME:14:11:18
query: EXPLAIN ANALYZE select count(id) from (select id from files where contents ~ 'fmt\.Print.*' limit 10) as e;
Timing is on.
                                                                        QUERY PLAN                                                                         
-----------------------------------------------------------------------------------------------------------------------------------------------------------
 Aggregate  (cost=215.15..215.16 rows=1 width=8) (actual time=578.564..578.565 rows=1 loops=1)
   ->  Limit  (cost=204.15..215.02 rows=10 width=8) (actual time=303.197..578.552 rows=10 loops=1)
         ->  Bitmap Heap Scan on files  (cost=204.15..21133.72 rows=19245 width=8) (actual time=303.195..578.545 rows=10 loops=1)
               Recheck Cond: (contents ~ 'fmt\.Print.*'::text)
               Rows Removed by Index Recheck: 345
               Heap Blocks: exact=230
               ->  Bitmap Index Scan on files_contents_trgm_idx  (cost=0.00..199.33 rows=19245 width=0) (actual time=253.503..253.504 rows=228531 loops=1)
                     Index Cond: (contents ~ 'fmt\.Print.*'::text)
 Planning Time: 26.273 ms
 Execution Time: 580.975 ms
(10 rows)

Time: 608.617 ms
TIME:14:11:19
query: EXPLAIN ANALYZE select count(id) from (select id from files where contents ~ 'fmt\.Print.*' limit 10) as e;
Timing is on.
                                                                        QUERY PLAN                                                                         
-----------------------------------------------------------------------------------------------------------------------------------------------------------
 Aggregate  (cost=215.15..215.16 rows=1 width=8) (actual time=557.563..557.564 rows=1 loops=1)
   ->  Limit  (cost=204.15..215.02 rows=10 width=8) (actual time=278.241..557.551 rows=10 loops=1)
         ->  Bitmap Heap Scan on files  (cost=204.15..21133.72 rows=19245 width=8) (actual time=278.239..557.545 rows=10 loops=1)
               Recheck Cond: (contents ~ 'fmt\.Print.*'::text)
               Rows Removed by Index Recheck: 345
               Heap Blocks: exact=230
               ->  Bitmap Index Scan on files_contents_trgm_idx  (cost=0.00..199.33 rows=19245 width=0) (actual time=228.660..228.660 rows=228531 loops=1)
                     Index Cond: (contents ~ 'fmt\.Print.*'::text)
 Planning Time: 25.657 ms
 Execution Time: 559.434 ms
(10 rows)

Time: 586.673 ms
TIME:14:11:20
query: EXPLAIN ANALYZE select count(id) from (select id from files where contents ~ 'fmt\.Print.*' limit 10) as e;
Timing is on.
                                                                        QUERY PLAN                                                                         
-----------------------------------------------------------------------------------------------------------------------------------------------------------
 Aggregate  (cost=215.15..215.16 rows=1 width=8) (actual time=563.052..563.053 rows=1 loops=1)
   ->  Limit  (cost=204.15..215.02 rows=10 width=8) (actual time=283.006..563.040 rows=10 loops=1)
         ->  Bitmap Heap Scan on files  (cost=204.15..21133.72 rows=19245 width=8) (actual time=283.004..563.021 rows=10 loops=1)
               Recheck Cond: (contents ~ 'fmt\.Print.*'::text)
               Rows Removed by Index Recheck: 345
               Heap Blocks: exact=230
               ->  Bitmap Index Scan on files_contents_trgm_idx  (cost=0.00..199.33 rows=19245 width=0) (actual time=233.356..233.356 rows=228531 loops=1)
                     Index Cond: (contents ~ 'fmt\.Print.*'::text)
 Planning Time: 26.758 ms
 Execution Time: 564.995 ms
(10 rows)

Time: 593.184 ms
TIME:14:11:21
query: EXPLAIN ANALYZE select count(id) from (select id from files where contents ~ 'fmt\.Print.*' limit 10) as e;
Timing is on.
                                                                        QUERY PLAN                                                                         
-----------------------------------------------------------------------------------------------------------------------------------------------------------
 Aggregate  (cost=215.15..215.16 rows=1 width=8) (actual time=555.924..555.925 rows=1 loops=1)
   ->  Limit  (cost=204.15..215.02 rows=10 width=8) (actual time=281.854..555.911 rows=10 loops=1)
         ->  Bitmap Heap Scan on files  (cost=204.15..21133.72 rows=19245 width=8) (actual time=281.852..555.905 rows=10 loops=1)
               Recheck Cond: (contents ~ 'fmt\.Print.*'::text)
               Rows Removed by Index Recheck: 345
               Heap Blocks: exact=230
               ->  Bitmap Index Scan on files_contents_trgm_idx  (cost=0.00..199.33 rows=19245 width=0) (actual time=228.215..228.215 rows=228531 loops=1)
                     Index Cond: (contents ~ 'fmt\.Print.*'::text)
 Planning Time: 26.998 ms
 Execution Time: 557.811 ms
(10 rows)

Time: 586.278 ms
TIME:14:11:21
query: EXPLAIN ANALYZE select count(id) from (select id from files where contents ~ 'fmt\.Print.*' limit 10) as e;
Timing is on.
                                                                        QUERY PLAN                                                                         
-----------------------------------------------------------------------------------------------------------------------------------------------------------
 Aggregate  (cost=215.15..215.16 rows=1 width=8) (actual time=568.385..568.387 rows=1 loops=1)
   ->  Limit  (cost=204.15..215.02 rows=10 width=8) (actual time=284.398..568.374 rows=10 loops=1)
         ->  Bitmap Heap Scan on files  (cost=204.15..21133.72 rows=19245 width=8) (actual time=284.396..568.367 rows=10 loops=1)
               Recheck Cond: (contents ~ 'fmt\.Print.*'::text)
               Rows Removed by Index Recheck: 345
               Heap Blocks: exact=230
               ->  Bitmap Index Scan on files_contents_trgm_idx  (cost=0.00..199.33 rows=19245 width=0) (actual time=234.698..234.698 rows=228531 loops=1)
                     Index Cond: (contents ~ 'fmt\.Print.*'::text)
 Planning Time: 26.021 ms
 Execution Time: 570.251 ms
(10 rows)

Time: 597.714 ms
TIME:14:11:22
query: EXPLAIN ANALYZE select count(id) from (select id from files where contents ~ 'fmt\.Print.*' limit 10) as e;
Timing is on.
                                                                        QUERY PLAN                                                                         
-----------------------------------------------------------------------------------------------------------------------------------------------------------
 Aggregate  (cost=215.15..215.16 rows=1 width=8) (actual time=552.022..552.023 rows=1 loops=1)
   ->  Limit  (cost=204.15..215.02 rows=10 width=8) (actual time=275.076..552.011 rows=10 loops=1)
         ->  Bitmap Heap Scan on files  (cost=204.15..21133.72 rows=19245 width=8) (actual time=275.062..551.992 rows=10 loops=1)
               Recheck Cond: (contents ~ 'fmt\.Print.*'::text)
               Rows Removed by Index Recheck: 345
               Heap Blocks: exact=230
               ->  Bitmap Index Scan on files_contents_trgm_idx  (cost=0.00..199.33 rows=19245 width=0) (actual time=226.052..226.052 rows=228531 loops=1)
                     Index Cond: (contents ~ 'fmt\.Print.*'::text)
 Planning Time: 25.766 ms
 Execution Time: 553.859 ms
(10 rows)

Time: 581.009 ms
TIME:14:11:23
query: EXPLAIN ANALYZE select count(id) from (select id from files where contents ~ 'fmt\.Print.*' limit 10) as e;
Timing is on.
                                                                        QUERY PLAN                                                                         
-----------------------------------------------------------------------------------------------------------------------------------------------------------
 Aggregate  (cost=215.15..215.16 rows=1 width=8) (actual time=592.125..592.126 rows=1 loops=1)
   ->  Limit  (cost=204.15..215.02 rows=10 width=8) (actual time=318.499..592.112 rows=10 loops=1)
         ->  Bitmap Heap Scan on files  (cost=204.15..21133.72 rows=19245 width=8) (actual time=318.498..592.104 rows=10 loops=1)
               Recheck Cond: (contents ~ 'fmt\.Print.*'::text)
               Rows Removed by Index Recheck: 345
               Heap Blocks: exact=230
               ->  Bitmap Index Scan on files_contents_trgm_idx  (cost=0.00..199.33 rows=19245 width=0) (actual time=267.853..267.853 rows=228531 loops=1)
                     Index Cond: (contents ~ 'fmt\.Print.*'::text)
 Planning Time: 27.116 ms
 Execution Time: 593.920 ms
(10 rows)

Time: 622.393 ms
TIME:14:11:24
query: EXPLAIN ANALYZE select count(id) from (select id from files where contents ~ 'fmt\.Print.*' limit 10) as e;
Timing is on.
                                                                        QUERY PLAN                                                                         
-----------------------------------------------------------------------------------------------------------------------------------------------------------
 Aggregate  (cost=215.15..215.16 rows=1 width=8) (actual time=557.210..557.211 rows=1 loops=1)
   ->  Limit  (cost=204.15..215.02 rows=10 width=8) (actual time=277.446..557.199 rows=10 loops=1)
         ->  Bitmap Heap Scan on files  (cost=204.15..21133.72 rows=19245 width=8) (actual time=277.445..557.193 rows=10 loops=1)
               Recheck Cond: (contents ~ 'fmt\.Print.*'::text)
               Rows Removed by Index Recheck: 345
               Heap Blocks: exact=230
               ->  Bitmap Index Scan on files_contents_trgm_idx  (cost=0.00..199.33 rows=19245 width=0) (actual time=227.957..227.958 rows=228531 loops=1)
                     Index Cond: (contents ~ 'fmt\.Print.*'::text)
 Planning Time: 25.245 ms
 Execution Time: 559.000 ms
(10 rows)

Time: 585.587 ms
TIME:14:11:25
query: EXPLAIN ANALYZE select count(id) from (select id from files where contents ~ 'fmt\.Print.*' limit 10) as e;
Timing is on.
                                                                        QUERY PLAN                                                                         
-----------------------------------------------------------------------------------------------------------------------------------------------------------
 Aggregate  (cost=215.15..215.16 rows=1 width=8) (actual time=556.061..556.062 rows=1 loops=1)
   ->  Limit  (cost=204.15..215.02 rows=10 width=8) (actual time=285.318..556.051 rows=10 loops=1)
         ->  Bitmap Heap Scan on files  (cost=204.15..21133.72 rows=19245 width=8) (actual time=285.316..556.044 rows=10 loops=1)
               Recheck Cond: (contents ~ 'fmt\.Print.*'::text)
               Rows Removed by Index Recheck: 345
               Heap Blocks: exact=230
               ->  Bitmap Index Scan on files_contents_trgm_idx  (cost=0.00..199.33 rows=19245 width=0) (actual time=236.461..236.462 rows=228531 loops=1)
                     Index Cond: (contents ~ 'fmt\.Print.*'::text)
 Planning Time: 25.938 ms
 Execution Time: 557.981 ms
(10 rows)

Time: 585.678 ms
TIME:14:11:26
query: EXPLAIN ANALYZE select count(id) from (select id from files where contents ~ 'fmt\.Print.*' limit 10) as e;
Timing is on.
                                                                        QUERY PLAN                                                                         
-----------------------------------------------------------------------------------------------------------------------------------------------------------
 Aggregate  (cost=215.15..215.16 rows=1 width=8) (actual time=571.577..571.597 rows=1 loops=1)
   ->  Limit  (cost=204.15..215.02 rows=10 width=8) (actual time=283.461..571.552 rows=10 loops=1)
         ->  Bitmap Heap Scan on files  (cost=204.15..21133.72 rows=19245 width=8) (actual time=283.459..571.545 rows=10 loops=1)
               Recheck Cond: (contents ~ 'fmt\.Print.*'::text)
               Rows Removed by Index Recheck: 345
               Heap Blocks: exact=230
               ->  Bitmap Index Scan on files_contents_trgm_idx  (cost=0.00..199.33 rows=19245 width=0) (actual time=231.533..231.534 rows=228531 loops=1)
                     Index Cond: (contents ~ 'fmt\.Print.*'::text)
 Planning Time: 26.594 ms
 Execution Time: 573.360 ms
(10 rows)

Time: 601.482 ms
TIME:14:11:26
query: EXPLAIN ANALYZE select count(id) from (select id from files where contents ~ 'fmt\.Print.*' limit 10) as e;
Timing is on.
                                                                        QUERY PLAN                                                                         
-----------------------------------------------------------------------------------------------------------------------------------------------------------
 Aggregate  (cost=215.15..215.16 rows=1 width=8) (actual time=554.875..554.876 rows=1 loops=1)
   ->  Limit  (cost=204.15..215.02 rows=10 width=8) (actual time=278.431..554.862 rows=10 loops=1)
         ->  Bitmap Heap Scan on files  (cost=204.15..21133.72 rows=19245 width=8) (actual time=278.430..554.854 rows=10 loops=1)
               Recheck Cond: (contents ~ 'fmt\.Print.*'::text)
               Rows Removed by Index Recheck: 345
               Heap Blocks: exact=230
               ->  Bitmap Index Scan on files_contents_trgm_idx  (cost=0.00..199.33 rows=19245 width=0) (actual time=226.976..226.976 rows=228531 loops=1)
                     Index Cond: (contents ~ 'fmt\.Print.*'::text)
 Planning Time: 26.111 ms
 Execution Time: 556.768 ms
(10 rows)

Time: 584.291 ms
TIME:14:11:27
query: EXPLAIN ANALYZE select count(id) from (select id from files where contents ~ 'fmt\.Print.*' limit 10) as e;
Timing is on.
                                                                        QUERY PLAN                                                                         
-----------------------------------------------------------------------------------------------------------------------------------------------------------
 Aggregate  (cost=215.15..215.16 rows=1 width=8) (actual time=554.085..554.086 rows=1 loops=1)
   ->  Limit  (cost=204.15..215.02 rows=10 width=8) (actual time=277.889..554.073 rows=10 loops=1)
         ->  Bitmap Heap Scan on files  (cost=204.15..21133.72 rows=19245 width=8) (actual time=277.888..554.066 rows=10 loops=1)
               Recheck Cond: (contents ~ 'fmt\.Print.*'::text)
               Rows Removed by Index Recheck: 345
               Heap Blocks: exact=230
               ->  Bitmap Index Scan on files_contents_trgm_idx  (cost=0.00..199.33 rows=19245 width=0) (actual time=227.978..227.978 rows=228531 loops=1)
                     Index Cond: (contents ~ 'fmt\.Print.*'::text)
 Planning Time: 26.004 ms
 Execution Time: 555.976 ms
(10 rows)

Time: 583.425 ms
TIME:14:11:28
query: EXPLAIN ANALYZE select count(id) from (select id from files where contents ~ 'fmt\.Print.*' limit 10) as e;
Timing is on.
                                                                        QUERY PLAN                                                                         
-----------------------------------------------------------------------------------------------------------------------------------------------------------
 Aggregate  (cost=215.15..215.16 rows=1 width=8) (actual time=580.713..580.715 rows=1 loops=1)
   ->  Limit  (cost=204.15..215.02 rows=10 width=8) (actual time=288.439..580.699 rows=10 loops=1)
         ->  Bitmap Heap Scan on files  (cost=204.15..21133.72 rows=19245 width=8) (actual time=288.438..580.692 rows=10 loops=1)
               Recheck Cond: (contents ~ 'fmt\.Print.*'::text)
               Rows Removed by Index Recheck: 345
               Heap Blocks: exact=230
               ->  Bitmap Index Scan on files_contents_trgm_idx  (cost=0.00..199.33 rows=19245 width=0) (actual time=237.570..237.570 rows=228531 loops=1)
                     Index Cond: (contents ~ 'fmt\.Print.*'::text)
 Planning Time: 26.825 ms
 Execution Time: 583.036 ms
(10 rows)

Time: 611.365 ms
TIME:14:11:29
query: EXPLAIN ANALYZE select count(id) from (select id from files where contents ~ 'fmt\.Print.*' limit 10) as e;
Timing is on.
                                                                        QUERY PLAN                                                                         
-----------------------------------------------------------------------------------------------------------------------------------------------------------
 Aggregate  (cost=215.15..215.16 rows=1 width=8) (actual time=544.942..544.944 rows=1 loops=1)
   ->  Limit  (cost=204.15..215.02 rows=10 width=8) (actual time=273.385..544.926 rows=10 loops=1)
         ->  Bitmap Heap Scan on files  (cost=204.15..21133.72 rows=19245 width=8) (actual time=273.384..544.919 rows=10 loops=1)
               Recheck Cond: (contents ~ 'fmt\.Print.*'::text)
               Rows Removed by Index Recheck: 345
               Heap Blocks: exact=230
               ->  Bitmap Index Scan on files_contents_trgm_idx  (cost=0.00..199.33 rows=19245 width=0) (actual time=226.166..226.166 rows=228531 loops=1)
                     Index Cond: (contents ~ 'fmt\.Print.*'::text)
 Planning Time: 26.459 ms
 Execution Time: 547.048 ms
(10 rows)

Time: 574.956 ms
TIME:14:11:30
query: EXPLAIN ANALYZE select count(id) from (select id from files where contents ~ 'fmt\.Print.*' limit 10) as e;
Timing is on.
                                                                        QUERY PLAN                                                                         
-----------------------------------------------------------------------------------------------------------------------------------------------------------
 Aggregate  (cost=215.15..215.16 rows=1 width=8) (actual time=557.912..557.913 rows=1 loops=1)
   ->  Limit  (cost=204.15..215.02 rows=10 width=8) (actual time=280.818..557.900 rows=10 loops=1)
         ->  Bitmap Heap Scan on files  (cost=204.15..21133.72 rows=19245 width=8) (actual time=280.817..557.894 rows=10 loops=1)
               Recheck Cond: (contents ~ 'fmt\.Print.*'::text)
               Rows Removed by Index Recheck: 345
               Heap Blocks: exact=230
               ->  Bitmap Index Scan on files_contents_trgm_idx  (cost=0.00..199.33 rows=19245 width=0) (actual time=231.682..231.683 rows=228531 loops=1)
                     Index Cond: (contents ~ 'fmt\.Print.*'::text)
 Planning Time: 26.276 ms
 Execution Time: 559.820 ms
(10 rows)

Time: 587.575 ms
TIME:14:11:30
query: EXPLAIN ANALYZE select count(id) from (select id from files where contents ~ 'fmt\.Print.*' limit 10) as e;
Timing is on.
                                                                        QUERY PLAN                                                                         
-----------------------------------------------------------------------------------------------------------------------------------------------------------
 Aggregate  (cost=215.15..215.16 rows=1 width=8) (actual time=550.000..550.001 rows=1 loops=1)
   ->  Limit  (cost=204.15..215.02 rows=10 width=8) (actual time=279.046..549.988 rows=10 loops=1)
         ->  Bitmap Heap Scan on files  (cost=204.15..21133.72 rows=19245 width=8) (actual time=279.045..549.981 rows=10 loops=1)
               Recheck Cond: (contents ~ 'fmt\.Print.*'::text)
               Rows Removed by Index Recheck: 345
               Heap Blocks: exact=230
               ->  Bitmap Index Scan on files_contents_trgm_idx  (cost=0.00..199.33 rows=19245 width=0) (actual time=230.113..230.114 rows=228531 loops=1)
                     Index Cond: (contents ~ 'fmt\.Print.*'::text)
 Planning Time: 26.523 ms
 Execution Time: 551.715 ms
(10 rows)

Time: 579.811 ms
TIME:14:11:31
query: EXPLAIN ANALYZE select count(id) from (select id from files where contents ~ 'fmt\.Print.*' limit 10) as e;
Timing is on.
                                                                        QUERY PLAN                                                                         
-----------------------------------------------------------------------------------------------------------------------------------------------------------
 Aggregate  (cost=215.15..215.16 rows=1 width=8) (actual time=554.296..554.298 rows=1 loops=1)
   ->  Limit  (cost=204.15..215.02 rows=10 width=8) (actual time=280.000..554.284 rows=10 loops=1)
         ->  Bitmap Heap Scan on files  (cost=204.15..21133.72 rows=19245 width=8) (actual time=279.999..554.277 rows=10 loops=1)
               Recheck Cond: (contents ~ 'fmt\.Print.*'::text)
               Rows Removed by Index Recheck: 345
               Heap Blocks: exact=230
               ->  Bitmap Index Scan on files_contents_trgm_idx  (cost=0.00..199.33 rows=19245 width=0) (actual time=229.827..229.827 rows=228531 loops=1)
                     Index Cond: (contents ~ 'fmt\.Print.*'::text)
 Planning Time: 34.170 ms
 Execution Time: 556.359 ms
(10 rows)

Time: 592.104 ms
TIME:14:11:32
query: EXPLAIN ANALYZE select count(id) from (select id from files where contents ~ 'fmt\.Print.*' limit 10) as e;
Timing is on.
                                                                        QUERY PLAN                                                                         
-----------------------------------------------------------------------------------------------------------------------------------------------------------
 Aggregate  (cost=215.15..215.16 rows=1 width=8) (actual time=558.728..558.730 rows=1 loops=1)
   ->  Limit  (cost=204.15..215.02 rows=10 width=8) (actual time=282.061..558.717 rows=10 loops=1)
         ->  Bitmap Heap Scan on files  (cost=204.15..21133.72 rows=19245 width=8) (actual time=282.060..558.710 rows=10 loops=1)
               Recheck Cond: (contents ~ 'fmt\.Print.*'::text)
               Rows Removed by Index Recheck: 345
               Heap Blocks: exact=230
               ->  Bitmap Index Scan on files_contents_trgm_idx  (cost=0.00..199.33 rows=19245 width=0) (actual time=233.365..233.365 rows=228531 loops=1)
                     Index Cond: (contents ~ 'fmt\.Print.*'::text)
 Planning Time: 26.314 ms
 Execution Time: 560.599 ms
(10 rows)

Time: 588.318 ms
TIME:14:11:33
query: EXPLAIN ANALYZE select count(id) from (select id from files where contents ~ 'fmt\.Print.*' limit 10) as e;
Timing is on.
                                                                        QUERY PLAN                                                                         
-----------------------------------------------------------------------------------------------------------------------------------------------------------
 Aggregate  (cost=215.15..215.16 rows=1 width=8) (actual time=589.294..589.295 rows=1 loops=1)
   ->  Limit  (cost=204.15..215.02 rows=10 width=8) (actual time=300.730..589.281 rows=10 loops=1)
         ->  Bitmap Heap Scan on files  (cost=204.15..21133.72 rows=19245 width=8) (actual time=300.728..589.273 rows=10 loops=1)
               Recheck Cond: (contents ~ 'fmt\.Print.*'::text)
               Rows Removed by Index Recheck: 345
               Heap Blocks: exact=230
               ->  Bitmap Index Scan on files_contents_trgm_idx  (cost=0.00..199.33 rows=19245 width=0) (actual time=246.122..246.123 rows=228531 loops=1)
                     Index Cond: (contents ~ 'fmt\.Print.*'::text)
 Planning Time: 27.728 ms
 Execution Time: 591.203 ms
(10 rows)

Time: 620.409 ms
TIME:14:11:34
query: EXPLAIN ANALYZE select count(id) from (select id from files where contents ~ 'fmt\.Print.*' limit 10) as e;
Timing is on.
                                                                        QUERY PLAN                                                                         
-----------------------------------------------------------------------------------------------------------------------------------------------------------
 Aggregate  (cost=215.15..215.16 rows=1 width=8) (actual time=576.223..576.224 rows=1 loops=1)
   ->  Limit  (cost=204.15..215.02 rows=10 width=8) (actual time=302.782..576.212 rows=10 loops=1)
         ->  Bitmap Heap Scan on files  (cost=204.15..21133.72 rows=19245 width=8) (actual time=302.780..576.205 rows=10 loops=1)
               Recheck Cond: (contents ~ 'fmt\.Print.*'::text)
               Rows Removed by Index Recheck: 345
               Heap Blocks: exact=230
               ->  Bitmap Index Scan on files_contents_trgm_idx  (cost=0.00..199.33 rows=19245 width=0) (actual time=250.458..250.459 rows=228531 loops=1)
                     Index Cond: (contents ~ 'fmt\.Print.*'::text)
 Planning Time: 25.987 ms
 Execution Time: 578.172 ms
(10 rows)

Time: 605.560 ms
TIME:14:11:35
query: EXPLAIN ANALYZE select count(id) from (select id from files where contents ~ 'fmt\.Print.*' limit 10) as e;
Timing is on.
                                                                        QUERY PLAN                                                                         
-----------------------------------------------------------------------------------------------------------------------------------------------------------
 Aggregate  (cost=215.15..215.16 rows=1 width=8) (actual time=560.337..560.338 rows=1 loops=1)
   ->  Limit  (cost=204.15..215.02 rows=10 width=8) (actual time=284.371..560.324 rows=10 loops=1)
         ->  Bitmap Heap Scan on files  (cost=204.15..21133.72 rows=19245 width=8) (actual time=284.369..560.317 rows=10 loops=1)
               Recheck Cond: (contents ~ 'fmt\.Print.*'::text)
               Rows Removed by Index Recheck: 345
               Heap Blocks: exact=230
               ->  Bitmap Index Scan on files_contents_trgm_idx  (cost=0.00..199.33 rows=19245 width=0) (actual time=235.136..235.136 rows=228531 loops=1)
                     Index Cond: (contents ~ 'fmt\.Print.*'::text)
 Planning Time: 29.824 ms
 Execution Time: 562.284 ms
(10 rows)

Time: 593.612 ms
TIME:14:11:35
query: EXPLAIN ANALYZE select count(id) from (select id from files where contents ~ 'fmt\.Print.*' limit 10) as e;
Timing is on.
                                                                        QUERY PLAN                                                                         
-----------------------------------------------------------------------------------------------------------------------------------------------------------
 Aggregate  (cost=215.15..215.16 rows=1 width=8) (actual time=564.131..564.133 rows=1 loops=1)
   ->  Limit  (cost=204.15..215.02 rows=10 width=8) (actual time=289.227..564.120 rows=10 loops=1)
         ->  Bitmap Heap Scan on files  (cost=204.15..21133.72 rows=19245 width=8) (actual time=289.226..564.113 rows=10 loops=1)
               Recheck Cond: (contents ~ 'fmt\.Print.*'::text)
               Rows Removed by Index Recheck: 345
               Heap Blocks: exact=230
               ->  Bitmap Index Scan on files_contents_trgm_idx  (cost=0.00..199.33 rows=19245 width=0) (actual time=240.189..240.189 rows=228531 loops=1)
                     Index Cond: (contents ~ 'fmt\.Print.*'::text)
 Planning Time: 29.002 ms
 Execution Time: 566.378 ms
(10 rows)

Time: 596.894 ms
TIME:14:11:36
query: EXPLAIN ANALYZE select count(id) from (select id from files where contents ~ 'fmt\.Print.*' limit 10) as e;
Timing is on.
                                                                        QUERY PLAN                                                                         
-----------------------------------------------------------------------------------------------------------------------------------------------------------
 Aggregate  (cost=215.15..215.16 rows=1 width=8) (actual time=584.937..584.939 rows=1 loops=1)
   ->  Limit  (cost=204.15..215.02 rows=10 width=8) (actual time=291.586..584.925 rows=10 loops=1)
         ->  Bitmap Heap Scan on files  (cost=204.15..21133.72 rows=19245 width=8) (actual time=291.584..584.918 rows=10 loops=1)
               Recheck Cond: (contents ~ 'fmt\.Print.*'::text)
               Rows Removed by Index Recheck: 345
               Heap Blocks: exact=230
               ->  Bitmap Index Scan on files_contents_trgm_idx  (cost=0.00..199.33 rows=19245 width=0) (actual time=238.127..238.128 rows=228531 loops=1)
                     Index Cond: (contents ~ 'fmt\.Print.*'::text)
 Planning Time: 28.864 ms
 Execution Time: 586.971 ms
(10 rows)

Time: 617.365 ms
TIME:14:11:37
query: EXPLAIN ANALYZE select count(id) from (select id from files where contents ~ 'fmt\.Print.*' limit 10) as e;
Timing is on.
                                                                        QUERY PLAN                                                                         
-----------------------------------------------------------------------------------------------------------------------------------------------------------
 Aggregate  (cost=215.15..215.16 rows=1 width=8) (actual time=558.429..558.430 rows=1 loops=1)
   ->  Limit  (cost=204.15..215.02 rows=10 width=8) (actual time=284.595..558.417 rows=10 loops=1)
         ->  Bitmap Heap Scan on files  (cost=204.15..21133.72 rows=19245 width=8) (actual time=284.594..558.397 rows=10 loops=1)
               Recheck Cond: (contents ~ 'fmt\.Print.*'::text)
               Rows Removed by Index Recheck: 345
               Heap Blocks: exact=230
               ->  Bitmap Index Scan on files_contents_trgm_idx  (cost=0.00..199.33 rows=19245 width=0) (actual time=234.581..234.582 rows=228531 loops=1)
                     Index Cond: (contents ~ 'fmt\.Print.*'::text)
 Planning Time: 30.235 ms
 Execution Time: 560.437 ms
(10 rows)

Time: 592.194 ms
TIME:14:11:38
query: EXPLAIN ANALYZE select count(id) from (select id from files where contents ~ 'fmt\.Print.*' limit 10) as e;
Timing is on.
                                                                        QUERY PLAN                                                                         
-----------------------------------------------------------------------------------------------------------------------------------------------------------
 Aggregate  (cost=215.15..215.16 rows=1 width=8) (actual time=561.228..561.230 rows=1 loops=1)
   ->  Limit  (cost=204.15..215.02 rows=10 width=8) (actual time=277.613..561.216 rows=10 loops=1)
         ->  Bitmap Heap Scan on files  (cost=204.15..21133.72 rows=19245 width=8) (actual time=277.612..561.210 rows=10 loops=1)
               Recheck Cond: (contents ~ 'fmt\.Print.*'::text)
               Rows Removed by Index Recheck: 345
               Heap Blocks: exact=230
               ->  Bitmap Index Scan on files_contents_trgm_idx  (cost=0.00..199.33 rows=19245 width=0) (actual time=228.330..228.331 rows=228531 loops=1)
                     Index Cond: (contents ~ 'fmt\.Print.*'::text)
 Planning Time: 28.573 ms
 Execution Time: 563.197 ms
(10 rows)

Time: 593.247 ms
TIME:14:11:39
query: EXPLAIN ANALYZE select count(id) from (select id from files where contents ~ 'fmt\.Print.*' limit 10) as e;
Timing is on.
                                                                        QUERY PLAN                                                                         
-----------------------------------------------------------------------------------------------------------------------------------------------------------
 Aggregate  (cost=215.15..215.16 rows=1 width=8) (actual time=595.737..595.739 rows=1 loops=1)
   ->  Limit  (cost=204.15..215.02 rows=10 width=8) (actual time=291.673..595.724 rows=10 loops=1)
         ->  Bitmap Heap Scan on files  (cost=204.15..21133.72 rows=19245 width=8) (actual time=291.671..595.716 rows=10 loops=1)
               Recheck Cond: (contents ~ 'fmt\.Print.*'::text)
               Rows Removed by Index Recheck: 345
               Heap Blocks: exact=230
               ->  Bitmap Index Scan on files_contents_trgm_idx  (cost=0.00..199.33 rows=19245 width=0) (actual time=239.294..239.295 rows=228531 loops=1)
                     Index Cond: (contents ~ 'fmt\.Print.*'::text)
 Planning Time: 25.795 ms
 Execution Time: 597.846 ms
(10 rows)

Time: 625.105 ms
TIME:14:11:39
query: EXPLAIN ANALYZE select count(id) from (select id from files where contents ~ 'fmt\.Print.*' limit 10) as e;
Timing is on.
                                                                        QUERY PLAN                                                                         
-----------------------------------------------------------------------------------------------------------------------------------------------------------
 Aggregate  (cost=215.15..215.16 rows=1 width=8) (actual time=558.970..558.971 rows=1 loops=1)
   ->  Limit  (cost=204.15..215.02 rows=10 width=8) (actual time=286.188..558.959 rows=10 loops=1)
         ->  Bitmap Heap Scan on files  (cost=204.15..21133.72 rows=19245 width=8) (actual time=286.187..558.953 rows=10 loops=1)
               Recheck Cond: (contents ~ 'fmt\.Print.*'::text)
               Rows Removed by Index Recheck: 345
               Heap Blocks: exact=230
               ->  Bitmap Index Scan on files_contents_trgm_idx  (cost=0.00..199.33 rows=19245 width=0) (actual time=237.039..237.040 rows=228531 loops=1)
                     Index Cond: (contents ~ 'fmt\.Print.*'::text)
 Planning Time: 28.895 ms
 Execution Time: 560.760 ms
(10 rows)

Time: 591.129 ms
TIME:14:11:40
query: EXPLAIN ANALYZE select count(id) from (select id from files where contents ~ 'fmt\.Print.*' limit 10) as e;
Timing is on.
                                                                        QUERY PLAN                                                                         
-----------------------------------------------------------------------------------------------------------------------------------------------------------
 Aggregate  (cost=215.15..215.16 rows=1 width=8) (actual time=562.865..562.866 rows=1 loops=1)
   ->  Limit  (cost=204.15..215.02 rows=10 width=8) (actual time=281.097..562.852 rows=10 loops=1)
         ->  Bitmap Heap Scan on files  (cost=204.15..21133.72 rows=19245 width=8) (actual time=281.096..562.846 rows=10 loops=1)
               Recheck Cond: (contents ~ 'fmt\.Print.*'::text)
               Rows Removed by Index Recheck: 345
               Heap Blocks: exact=230
               ->  Bitmap Index Scan on files_contents_trgm_idx  (cost=0.00..199.33 rows=19245 width=0) (actual time=231.572..231.573 rows=228531 loops=1)
                     Index Cond: (contents ~ 'fmt\.Print.*'::text)
 Planning Time: 27.673 ms
 Execution Time: 564.835 ms
(10 rows)

Time: 594.011 ms
TIME:14:11:41
query: EXPLAIN ANALYZE select count(id) from (select id from files where contents ~ 'fmt\.Print.*' limit 10) as e;
Timing is on.
                                                                        QUERY PLAN                                                                         
-----------------------------------------------------------------------------------------------------------------------------------------------------------
 Aggregate  (cost=215.15..215.16 rows=1 width=8) (actual time=561.975..561.976 rows=1 loops=1)
   ->  Limit  (cost=204.15..215.02 rows=10 width=8) (actual time=282.170..561.964 rows=10 loops=1)
         ->  Bitmap Heap Scan on files  (cost=204.15..21133.72 rows=19245 width=8) (actual time=282.169..561.957 rows=10 loops=1)
               Recheck Cond: (contents ~ 'fmt\.Print.*'::text)
               Rows Removed by Index Recheck: 345
               Heap Blocks: exact=230
               ->  Bitmap Index Scan on files_contents_trgm_idx  (cost=0.00..199.33 rows=19245 width=0) (actual time=232.454..232.455 rows=228531 loops=1)
                     Index Cond: (contents ~ 'fmt\.Print.*'::text)
 Planning Time: 28.519 ms
 Execution Time: 564.069 ms
(10 rows)

Time: 593.992 ms
TIME:14:11:42
query: EXPLAIN ANALYZE select count(id) from (select id from files where contents ~ 'fmt\.Print.*' limit 10) as e;
Timing is on.
                                                                        QUERY PLAN                                                                         
-----------------------------------------------------------------------------------------------------------------------------------------------------------
 Aggregate  (cost=215.15..215.16 rows=1 width=8) (actual time=560.339..560.340 rows=1 loops=1)
   ->  Limit  (cost=204.15..215.02 rows=10 width=8) (actual time=278.847..560.328 rows=10 loops=1)
         ->  Bitmap Heap Scan on files  (cost=204.15..21133.72 rows=19245 width=8) (actual time=278.845..560.321 rows=10 loops=1)
               Recheck Cond: (contents ~ 'fmt\.Print.*'::text)
               Rows Removed by Index Recheck: 345
               Heap Blocks: exact=230
               ->  Bitmap Index Scan on files_contents_trgm_idx  (cost=0.00..199.33 rows=19245 width=0) (actual time=230.447..230.447 rows=228531 loops=1)
                     Index Cond: (contents ~ 'fmt\.Print.*'::text)
 Planning Time: 30.546 ms
 Execution Time: 562.214 ms
(10 rows)

Time: 594.425 ms
TIME:14:11:43
query: EXPLAIN ANALYZE select count(id) from (select id from files where contents ~ 'fmt\.Print.*' limit 10) as e;
Timing is on.
                                                                        QUERY PLAN                                                                         
-----------------------------------------------------------------------------------------------------------------------------------------------------------
 Aggregate  (cost=215.15..215.16 rows=1 width=8) (actual time=553.563..553.564 rows=1 loops=1)
   ->  Limit  (cost=204.15..215.02 rows=10 width=8) (actual time=279.694..553.531 rows=10 loops=1)
         ->  Bitmap Heap Scan on files  (cost=204.15..21133.72 rows=19245 width=8) (actual time=279.693..553.524 rows=10 loops=1)
               Recheck Cond: (contents ~ 'fmt\.Print.*'::text)
               Rows Removed by Index Recheck: 345
               Heap Blocks: exact=230
               ->  Bitmap Index Scan on files_contents_trgm_idx  (cost=0.00..199.33 rows=19245 width=0) (actual time=231.159..231.160 rows=228531 loops=1)
                     Index Cond: (contents ~ 'fmt\.Print.*'::text)
 Planning Time: 28.477 ms
 Execution Time: 555.612 ms
(10 rows)

Time: 585.543 ms
TIME:14:11:43
query: EXPLAIN ANALYZE select count(id) from (select id from files where contents ~ 'fmt\.Print.*' limit 10) as e;
Timing is on.
                                                                        QUERY PLAN                                                                         
-----------------------------------------------------------------------------------------------------------------------------------------------------------
 Aggregate  (cost=215.15..215.16 rows=1 width=8) (actual time=556.060..556.061 rows=1 loops=1)
   ->  Limit  (cost=204.15..215.02 rows=10 width=8) (actual time=276.975..556.049 rows=10 loops=1)
         ->  Bitmap Heap Scan on files  (cost=204.15..21133.72 rows=19245 width=8) (actual time=276.973..556.043 rows=10 loops=1)
               Recheck Cond: (contents ~ 'fmt\.Print.*'::text)
               Rows Removed by Index Recheck: 345
               Heap Blocks: exact=230
               ->  Bitmap Index Scan on files_contents_trgm_idx  (cost=0.00..199.33 rows=19245 width=0) (actual time=228.295..228.296 rows=228531 loops=1)
                     Index Cond: (contents ~ 'fmt\.Print.*'::text)
 Planning Time: 28.798 ms
 Execution Time: 558.042 ms
(10 rows)

Time: 588.445 ms
TIME:14:11:44
query: EXPLAIN ANALYZE select count(id) from (select id from files where contents ~ 'fmt\.Print.*' limit 10) as e;
Timing is on.
                                                                        QUERY PLAN                                                                         
-----------------------------------------------------------------------------------------------------------------------------------------------------------
 Aggregate  (cost=215.15..215.16 rows=1 width=8) (actual time=581.022..581.023 rows=1 loops=1)
   ->  Limit  (cost=204.15..215.02 rows=10 width=8) (actual time=307.278..581.009 rows=10 loops=1)
         ->  Bitmap Heap Scan on files  (cost=204.15..21133.72 rows=19245 width=8) (actual time=307.276..581.002 rows=10 loops=1)
               Recheck Cond: (contents ~ 'fmt\.Print.*'::text)
               Rows Removed by Index Recheck: 345
               Heap Blocks: exact=230
               ->  Bitmap Index Scan on files_contents_trgm_idx  (cost=0.00..199.33 rows=19245 width=0) (actual time=255.669..255.670 rows=228531 loops=1)
                     Index Cond: (contents ~ 'fmt\.Print.*'::text)
 Planning Time: 28.461 ms
 Execution Time: 582.889 ms
(10 rows)

Time: 612.835 ms
TIME:14:11:45
query: EXPLAIN ANALYZE select count(id) from (select id from files where contents ~ 'fmt\.Print.*' limit 10) as e;
Timing is on.
                                                                        QUERY PLAN                                                                         
-----------------------------------------------------------------------------------------------------------------------------------------------------------
 Aggregate  (cost=215.15..215.16 rows=1 width=8) (actual time=569.070..569.071 rows=1 loops=1)
   ->  Limit  (cost=204.15..215.02 rows=10 width=8) (actual time=289.225..569.058 rows=10 loops=1)
         ->  Bitmap Heap Scan on files  (cost=204.15..21133.72 rows=19245 width=8) (actual time=289.223..569.046 rows=10 loops=1)
               Recheck Cond: (contents ~ 'fmt\.Print.*'::text)
               Rows Removed by Index Recheck: 345
               Heap Blocks: exact=230
               ->  Bitmap Index Scan on files_contents_trgm_idx  (cost=0.00..199.33 rows=19245 width=0) (actual time=238.945..238.945 rows=228531 loops=1)
                     Index Cond: (contents ~ 'fmt\.Print.*'::text)
 Planning Time: 28.215 ms
 Execution Time: 570.972 ms
(10 rows)

Time: 600.812 ms
TIME:14:11:46
query: EXPLAIN ANALYZE select count(id) from (select id from files where contents ~ 'fmt\.Print.*' limit 10) as e;
Timing is on.
                                                                        QUERY PLAN                                                                         
-----------------------------------------------------------------------------------------------------------------------------------------------------------
 Aggregate  (cost=215.15..215.16 rows=1 width=8) (actual time=560.621..560.622 rows=1 loops=1)
   ->  Limit  (cost=204.15..215.02 rows=10 width=8) (actual time=288.189..560.609 rows=10 loops=1)
         ->  Bitmap Heap Scan on files  (cost=204.15..21133.72 rows=19245 width=8) (actual time=288.187..560.603 rows=10 loops=1)
               Recheck Cond: (contents ~ 'fmt\.Print.*'::text)
               Rows Removed by Index Recheck: 345
               Heap Blocks: exact=230
               ->  Bitmap Index Scan on files_contents_trgm_idx  (cost=0.00..199.33 rows=19245 width=0) (actual time=236.293..236.293 rows=228531 loops=1)
                     Index Cond: (contents ~ 'fmt\.Print.*'::text)
 Planning Time: 28.731 ms
 Execution Time: 562.532 ms
(10 rows)

Time: 592.717 ms
TIME:14:11:47
query: EXPLAIN ANALYZE select count(id) from (select id from files where contents ~ 'fmt\.Print.*' limit 10) as e;
Timing is on.
                                                                        QUERY PLAN                                                                         
-----------------------------------------------------------------------------------------------------------------------------------------------------------
 Aggregate  (cost=215.15..215.16 rows=1 width=8) (actual time=586.737..586.739 rows=1 loops=1)
   ->  Limit  (cost=204.15..215.02 rows=10 width=8) (actual time=285.769..586.707 rows=10 loops=1)
         ->  Bitmap Heap Scan on files  (cost=204.15..21133.72 rows=19245 width=8) (actual time=285.767..586.700 rows=10 loops=1)
               Recheck Cond: (contents ~ 'fmt\.Print.*'::text)
               Rows Removed by Index Recheck: 345
               Heap Blocks: exact=230
               ->  Bitmap Index Scan on files_contents_trgm_idx  (cost=0.00..199.33 rows=19245 width=0) (actual time=234.551..234.552 rows=228531 loops=1)
                     Index Cond: (contents ~ 'fmt\.Print.*'::text)
 Planning Time: 28.848 ms
 Execution Time: 588.760 ms
(10 rows)

Time: 619.019 ms
TIME:14:11:48
query: EXPLAIN ANALYZE select count(id) from (select id from files where contents ~ 'fmt\.Print.*' limit 10) as e;
Timing is on.
                                                                        QUERY PLAN                                                                         
-----------------------------------------------------------------------------------------------------------------------------------------------------------
 Aggregate  (cost=215.15..215.16 rows=1 width=8) (actual time=549.070..549.072 rows=1 loops=1)
   ->  Limit  (cost=204.15..215.02 rows=10 width=8) (actual time=274.875..549.059 rows=10 loops=1)
         ->  Bitmap Heap Scan on files  (cost=204.15..21133.72 rows=19245 width=8) (actual time=274.874..549.053 rows=10 loops=1)
               Recheck Cond: (contents ~ 'fmt\.Print.*'::text)
               Rows Removed by Index Recheck: 345
               Heap Blocks: exact=230
               ->  Bitmap Index Scan on files_contents_trgm_idx  (cost=0.00..199.33 rows=19245 width=0) (actual time=226.404..226.405 rows=228531 loops=1)
                     Index Cond: (contents ~ 'fmt\.Print.*'::text)
 Planning Time: 28.720 ms
 Execution Time: 551.756 ms
(10 rows)

Time: 581.925 ms
TIME:14:11:48
query: EXPLAIN ANALYZE select count(id) from (select id from files where contents ~ 'fmt\.Print.*' limit 10) as e;
Timing is on.
                                                                        QUERY PLAN                                                                         
-----------------------------------------------------------------------------------------------------------------------------------------------------------
 Aggregate  (cost=215.15..215.16 rows=1 width=8) (actual time=565.557..565.565 rows=1 loops=1)
   ->  Limit  (cost=204.15..215.02 rows=10 width=8) (actual time=283.550..565.552 rows=10 loops=1)
         ->  Bitmap Heap Scan on files  (cost=204.15..21133.72 rows=19245 width=8) (actual time=283.549..565.546 rows=10 loops=1)
               Recheck Cond: (contents ~ 'fmt\.Print.*'::text)
               Rows Removed by Index Recheck: 345
               Heap Blocks: exact=230
               ->  Bitmap Index Scan on files_contents_trgm_idx  (cost=0.00..199.33 rows=19245 width=0) (actual time=233.142..233.143 rows=228531 loops=1)
                     Index Cond: (contents ~ 'fmt\.Print.*'::text)
 Planning Time: 29.446 ms
 Execution Time: 567.730 ms
(10 rows)

Time: 598.684 ms
TIME:14:11:49
query: EXPLAIN ANALYZE select count(id) from (select id from files where contents ~ 'fmt\.Print.*' limit 10) as e;
Timing is on.
                                                                        QUERY PLAN                                                                         
-----------------------------------------------------------------------------------------------------------------------------------------------------------
 Aggregate  (cost=215.15..215.16 rows=1 width=8) (actual time=576.916..576.917 rows=1 loops=1)
   ->  Limit  (cost=204.15..215.02 rows=10 width=8) (actual time=285.572..576.903 rows=10 loops=1)
         ->  Bitmap Heap Scan on files  (cost=204.15..21133.72 rows=19245 width=8) (actual time=285.570..576.894 rows=10 loops=1)
               Recheck Cond: (contents ~ 'fmt\.Print.*'::text)
               Rows Removed by Index Recheck: 345
               Heap Blocks: exact=230
               ->  Bitmap Index Scan on files_contents_trgm_idx  (cost=0.00..199.33 rows=19245 width=0) (actual time=234.508..234.508 rows=228531 loops=1)
                     Index Cond: (contents ~ 'fmt\.Print.*'::text)
 Planning Time: 29.182 ms
 Execution Time: 579.431 ms
(10 rows)

Time: 610.122 ms
TIME:14:11:50
query: EXPLAIN ANALYZE select count(id) from (select id from files where contents ~ 'fmt\.Print.*' limit 10) as e;
Timing is on.
                                                                        QUERY PLAN                                                                         
-----------------------------------------------------------------------------------------------------------------------------------------------------------
 Aggregate  (cost=215.15..215.16 rows=1 width=8) (actual time=551.824..551.826 rows=1 loops=1)
   ->  Limit  (cost=204.15..215.02 rows=10 width=8) (actual time=276.382..551.813 rows=10 loops=1)
         ->  Bitmap Heap Scan on files  (cost=204.15..21133.72 rows=19245 width=8) (actual time=276.368..551.793 rows=10 loops=1)
               Recheck Cond: (contents ~ 'fmt\.Print.*'::text)
               Rows Removed by Index Recheck: 345
               Heap Blocks: exact=230
               ->  Bitmap Index Scan on files_contents_trgm_idx  (cost=0.00..199.33 rows=19245 width=0) (actual time=227.728..227.728 rows=228531 loops=1)
                     Index Cond: (contents ~ 'fmt\.Print.*'::text)
 Planning Time: 29.586 ms
 Execution Time: 553.747 ms
(10 rows)

Time: 584.790 ms
TIME:14:11:51
query: EXPLAIN ANALYZE select count(id) from (select id from files where contents ~ 'fmt\.Print.*' limit 10) as e;
Timing is on.
                                                                        QUERY PLAN                                                                         
-----------------------------------------------------------------------------------------------------------------------------------------------------------
 Aggregate  (cost=215.15..215.16 rows=1 width=8) (actual time=564.567..564.569 rows=1 loops=1)
   ->  Limit  (cost=204.15..215.02 rows=10 width=8) (actual time=285.499..564.556 rows=10 loops=1)
         ->  Bitmap Heap Scan on files  (cost=204.15..21133.72 rows=19245 width=8) (actual time=285.497..564.532 rows=10 loops=1)
               Recheck Cond: (contents ~ 'fmt\.Print.*'::text)
               Rows Removed by Index Recheck: 345
               Heap Blocks: exact=230
               ->  Bitmap Index Scan on files_contents_trgm_idx  (cost=0.00..199.33 rows=19245 width=0) (actual time=237.093..237.093 rows=228531 loops=1)
                     Index Cond: (contents ~ 'fmt\.Print.*'::text)
 Planning Time: 28.679 ms
 Execution Time: 566.686 ms
(10 rows)

Time: 596.783 ms
TIME:14:11:52
query: EXPLAIN ANALYZE select count(id) from (select id from files where contents ~ 'fmt\.Print.*' limit 10) as e;
Timing is on.
                                                                        QUERY PLAN                                                                         
-----------------------------------------------------------------------------------------------------------------------------------------------------------
 Aggregate  (cost=215.15..215.16 rows=1 width=8) (actual time=541.013..541.015 rows=1 loops=1)
   ->  Limit  (cost=204.15..215.02 rows=10 width=8) (actual time=274.862..540.987 rows=10 loops=1)
         ->  Bitmap Heap Scan on files  (cost=204.15..21133.72 rows=19245 width=8) (actual time=274.861..540.965 rows=10 loops=1)
               Recheck Cond: (contents ~ 'fmt\.Print.*'::text)
               Rows Removed by Index Recheck: 345
               Heap Blocks: exact=230
               ->  Bitmap Index Scan on files_contents_trgm_idx  (cost=0.00..199.33 rows=19245 width=0) (actual time=226.452..226.453 rows=228531 loops=1)
                     Index Cond: (contents ~ 'fmt\.Print.*'::text)
 Planning Time: 31.497 ms
 Execution Time: 543.173 ms
(10 rows)

Time: 576.058 ms
TIME:14:11:52
query: EXPLAIN ANALYZE select count(id) from (select id from files where contents ~ 'fmt\.Print.*' limit 10) as e;
Timing is on.
                                                                        QUERY PLAN                                                                         
-----------------------------------------------------------------------------------------------------------------------------------------------------------
 Aggregate  (cost=215.15..215.16 rows=1 width=8) (actual time=548.842..548.843 rows=1 loops=1)
   ->  Limit  (cost=204.15..215.02 rows=10 width=8) (actual time=274.846..548.818 rows=10 loops=1)
         ->  Bitmap Heap Scan on files  (cost=204.15..21133.72 rows=19245 width=8) (actual time=274.844..548.811 rows=10 loops=1)
               Recheck Cond: (contents ~ 'fmt\.Print.*'::text)
               Rows Removed by Index Recheck: 345
               Heap Blocks: exact=230
               ->  Bitmap Index Scan on files_contents_trgm_idx  (cost=0.00..199.33 rows=19245 width=0) (actual time=226.808..226.809 rows=228531 loops=1)
                     Index Cond: (contents ~ 'fmt\.Print.*'::text)
 Planning Time: 32.728 ms
 Execution Time: 550.939 ms
(10 rows)

Time: 585.419 ms
TIME:14:11:53
query: EXPLAIN ANALYZE select count(id) from (select id from files where contents ~ 'fmt\.Print.*' limit 10) as e;
Timing is on.
                                                                        QUERY PLAN                                                                         
-----------------------------------------------------------------------------------------------------------------------------------------------------------
 Aggregate  (cost=215.15..215.16 rows=1 width=8) (actual time=591.549..591.551 rows=1 loops=1)
   ->  Limit  (cost=204.15..215.02 rows=10 width=8) (actual time=305.886..591.520 rows=10 loops=1)
         ->  Bitmap Heap Scan on files  (cost=204.15..21133.72 rows=19245 width=8) (actual time=305.884..591.513 rows=10 loops=1)
               Recheck Cond: (contents ~ 'fmt\.Print.*'::text)
               Rows Removed by Index Recheck: 345
               Heap Blocks: exact=230
               ->  Bitmap Index Scan on files_contents_trgm_idx  (cost=0.00..199.33 rows=19245 width=0) (actual time=249.970..249.971 rows=228531 loops=1)
                     Index Cond: (contents ~ 'fmt\.Print.*'::text)
 Planning Time: 30.862 ms
 Execution Time: 593.453 ms
(10 rows)

Time: 625.740 ms
TIME:14:11:54
query: EXPLAIN ANALYZE select count(id) from (select id from files where contents ~ 'fmt\.Print.*' limit 10) as e;
Timing is on.
                                                                        QUERY PLAN                                                                         
-----------------------------------------------------------------------------------------------------------------------------------------------------------
 Aggregate  (cost=215.15..215.16 rows=1 width=8) (actual time=553.644..553.646 rows=1 loops=1)
   ->  Limit  (cost=204.15..215.02 rows=10 width=8) (actual time=280.190..553.633 rows=10 loops=1)
         ->  Bitmap Heap Scan on files  (cost=204.15..21133.72 rows=19245 width=8) (actual time=280.175..553.611 rows=10 loops=1)
               Recheck Cond: (contents ~ 'fmt\.Print.*'::text)
               Rows Removed by Index Recheck: 345
               Heap Blocks: exact=230
               ->  Bitmap Index Scan on files_contents_trgm_idx  (cost=0.00..199.33 rows=19245 width=0) (actual time=230.731..230.732 rows=228531 loops=1)
                     Index Cond: (contents ~ 'fmt\.Print.*'::text)
 Planning Time: 29.689 ms
 Execution Time: 555.785 ms
(10 rows)

Time: 586.940 ms
TIME:14:11:55
query: EXPLAIN ANALYZE select count(id) from (select id from files where contents ~ 'fmt\.Print.*' limit 10) as e;
Timing is on.
                                                                        QUERY PLAN                                                                         
-----------------------------------------------------------------------------------------------------------------------------------------------------------
 Aggregate  (cost=215.15..215.16 rows=1 width=8) (actual time=579.462..579.463 rows=1 loops=1)
   ->  Limit  (cost=204.15..215.02 rows=10 width=8) (actual time=301.982..579.451 rows=10 loops=1)
         ->  Bitmap Heap Scan on files  (cost=204.15..21133.72 rows=19245 width=8) (actual time=301.980..579.445 rows=10 loops=1)
               Recheck Cond: (contents ~ 'fmt\.Print.*'::text)
               Rows Removed by Index Recheck: 345
               Heap Blocks: exact=230
               ->  Bitmap Index Scan on files_contents_trgm_idx  (cost=0.00..199.33 rows=19245 width=0) (actual time=253.151..253.151 rows=228531 loops=1)
                     Index Cond: (contents ~ 'fmt\.Print.*'::text)
 Planning Time: 29.549 ms
 Execution Time: 581.351 ms
(10 rows)

Time: 612.356 ms
limit 10: 'var'
TIME:14:11:56
query: EXPLAIN ANALYZE select count(id) from (select id from files where contents ~ 'var' limit 10) as e;
Timing is on.
                                                      QUERY PLAN                                                       
-----------------------------------------------------------------------------------------------------------------------
 Aggregate  (cost=14.08..14.09 rows=1 width=8) (actual time=0.586..0.586 rows=1 loops=1)
   ->  Limit  (cost=0.00..13.95 rows=10 width=8) (actual time=0.512..0.568 rows=10 loops=1)
         ->  Seq Scan on files  (cost=0.00..1075530.95 rows=770822 width=8) (actual time=0.511..0.566 rows=10 loops=1)
               Filter: (contents ~ 'var'::text)
               Rows Removed by Filter: 8
 Planning Time: 28.747 ms
 Execution Time: 0.611 ms
(7 rows)

Time: 30.650 ms
TIME:14:11:56
query: EXPLAIN ANALYZE select count(id) from (select id from files where contents ~ 'var' limit 10) as e;
Timing is on.
                                                      QUERY PLAN                                                       
-----------------------------------------------------------------------------------------------------------------------
 Aggregate  (cost=14.08..14.09 rows=1 width=8) (actual time=0.531..0.532 rows=1 loops=1)
   ->  Limit  (cost=0.00..13.95 rows=10 width=8) (actual time=0.504..0.527 rows=10 loops=1)
         ->  Seq Scan on files  (cost=0.00..1075530.95 rows=770822 width=8) (actual time=0.503..0.526 rows=10 loops=1)
               Filter: (contents ~ 'var'::text)
               Rows Removed by Filter: 8
 Planning Time: 29.437 ms
 Execution Time: 0.571 ms
(7 rows)

Time: 31.425 ms
TIME:14:11:56
query: EXPLAIN ANALYZE select count(id) from (select id from files where contents ~ 'var' limit 10) as e;
Timing is on.
                                                      QUERY PLAN                                                       
-----------------------------------------------------------------------------------------------------------------------
 Aggregate  (cost=14.08..14.09 rows=1 width=8) (actual time=0.409..0.410 rows=1 loops=1)
   ->  Limit  (cost=0.00..13.95 rows=10 width=8) (actual time=0.383..0.406 rows=10 loops=1)
         ->  Seq Scan on files  (cost=0.00..1075530.95 rows=770822 width=8) (actual time=0.382..0.404 rows=10 loops=1)
               Filter: (contents ~ 'var'::text)
               Rows Removed by Filter: 8
 Planning Time: 28.952 ms
 Execution Time: 0.434 ms
(7 rows)

Time: 30.716 ms
TIME:14:11:57
query: EXPLAIN ANALYZE select count(id) from (select id from files where contents ~ 'var' limit 10) as e;
Timing is on.
                                                      QUERY PLAN                                                       
-----------------------------------------------------------------------------------------------------------------------
 Aggregate  (cost=14.08..14.09 rows=1 width=8) (actual time=0.398..0.399 rows=1 loops=1)
   ->  Limit  (cost=0.00..13.95 rows=10 width=8) (actual time=0.372..0.395 rows=10 loops=1)
         ->  Seq Scan on files  (cost=0.00..1075530.95 rows=770822 width=8) (actual time=0.371..0.393 rows=10 loops=1)
               Filter: (contents ~ 'var'::text)
               Rows Removed by Filter: 8
 Planning Time: 28.743 ms
 Execution Time: 0.424 ms
(7 rows)

Time: 30.574 ms
TIME:14:11:57
query: EXPLAIN ANALYZE select count(id) from (select id from files where contents ~ 'var' limit 10) as e;
Timing is on.
                                                      QUERY PLAN                                                       
-----------------------------------------------------------------------------------------------------------------------
 Aggregate  (cost=14.08..14.09 rows=1 width=8) (actual time=0.477..0.477 rows=1 loops=1)
   ->  Limit  (cost=0.00..13.95 rows=10 width=8) (actual time=0.430..0.473 rows=10 loops=1)
         ->  Seq Scan on files  (cost=0.00..1075530.95 rows=770822 width=8) (actual time=0.429..0.471 rows=10 loops=1)
               Filter: (contents ~ 'var'::text)
               Rows Removed by Filter: 8
 Planning Time: 29.306 ms
 Execution Time: 0.509 ms
(7 rows)

Time: 30.994 ms
TIME:14:11:57
query: EXPLAIN ANALYZE select count(id) from (select id from files where contents ~ 'var' limit 10) as e;
Timing is on.
                                                      QUERY PLAN                                                       
-----------------------------------------------------------------------------------------------------------------------
 Aggregate  (cost=14.08..14.09 rows=1 width=8) (actual time=0.364..0.364 rows=1 loops=1)
   ->  Limit  (cost=0.00..13.95 rows=10 width=8) (actual time=0.336..0.360 rows=10 loops=1)
         ->  Seq Scan on files  (cost=0.00..1075530.95 rows=770822 width=8) (actual time=0.335..0.358 rows=10 loops=1)
               Filter: (contents ~ 'var'::text)
               Rows Removed by Filter: 8
 Planning Time: 28.896 ms
 Execution Time: 0.389 ms
(7 rows)

Time: 30.655 ms
TIME:14:11:58
query: EXPLAIN ANALYZE select count(id) from (select id from files where contents ~ 'var' limit 10) as e;
Timing is on.
                                                      QUERY PLAN                                                       
-----------------------------------------------------------------------------------------------------------------------
 Aggregate  (cost=14.08..14.09 rows=1 width=8) (actual time=0.493..0.494 rows=1 loops=1)
   ->  Limit  (cost=0.00..13.95 rows=10 width=8) (actual time=0.380..0.489 rows=10 loops=1)
         ->  Seq Scan on files  (cost=0.00..1075530.95 rows=770822 width=8) (actual time=0.379..0.471 rows=10 loops=1)
               Filter: (contents ~ 'var'::text)
               Rows Removed by Filter: 8
 Planning Time: 27.261 ms
 Execution Time: 0.520 ms
(7 rows)

Time: 29.083 ms
TIME:14:11:58
query: EXPLAIN ANALYZE select count(id) from (select id from files where contents ~ 'var' limit 10) as e;
Timing is on.
                                                      QUERY PLAN                                                       
-----------------------------------------------------------------------------------------------------------------------
 Aggregate  (cost=14.08..14.09 rows=1 width=8) (actual time=0.755..0.756 rows=1 loops=1)
   ->  Limit  (cost=0.00..13.95 rows=10 width=8) (actual time=0.728..0.752 rows=10 loops=1)
         ->  Seq Scan on files  (cost=0.00..1075530.95 rows=770822 width=8) (actual time=0.726..0.750 rows=10 loops=1)
               Filter: (contents ~ 'var'::text)
               Rows Removed by Filter: 8
 Planning Time: 28.161 ms
 Execution Time: 0.780 ms
(7 rows)

Time: 30.497 ms
TIME:14:11:58
query: EXPLAIN ANALYZE select count(id) from (select id from files where contents ~ 'var' limit 10) as e;
Timing is on.
                                                      QUERY PLAN                                                       
-----------------------------------------------------------------------------------------------------------------------
 Aggregate  (cost=14.08..14.09 rows=1 width=8) (actual time=0.458..0.459 rows=1 loops=1)
   ->  Limit  (cost=0.00..13.95 rows=10 width=8) (actual time=0.430..0.455 rows=10 loops=1)
         ->  Seq Scan on files  (cost=0.00..1075530.95 rows=770822 width=8) (actual time=0.429..0.453 rows=10 loops=1)
               Filter: (contents ~ 'var'::text)
               Rows Removed by Filter: 8
 Planning Time: 28.753 ms
 Execution Time: 0.485 ms
(7 rows)

Time: 30.434 ms
TIME:14:11:58
query: EXPLAIN ANALYZE select count(id) from (select id from files where contents ~ 'var' limit 10) as e;
Timing is on.
                                                      QUERY PLAN                                                       
-----------------------------------------------------------------------------------------------------------------------
 Aggregate  (cost=14.08..14.09 rows=1 width=8) (actual time=0.381..0.382 rows=1 loops=1)
   ->  Limit  (cost=0.00..13.95 rows=10 width=8) (actual time=0.354..0.378 rows=10 loops=1)
         ->  Seq Scan on files  (cost=0.00..1075530.95 rows=770822 width=8) (actual time=0.353..0.376 rows=10 loops=1)
               Filter: (contents ~ 'var'::text)
               Rows Removed by Filter: 8
 Planning Time: 29.042 ms
 Execution Time: 0.408 ms
(7 rows)

Time: 30.797 ms
TIME:14:11:59
query: EXPLAIN ANALYZE select count(id) from (select id from files where contents ~ 'var' limit 10) as e;
Timing is on.
                                                      QUERY PLAN                                                       
-----------------------------------------------------------------------------------------------------------------------
 Aggregate  (cost=14.08..14.09 rows=1 width=8) (actual time=0.474..0.475 rows=1 loops=1)
   ->  Limit  (cost=0.00..13.95 rows=10 width=8) (actual time=0.446..0.470 rows=10 loops=1)
         ->  Seq Scan on files  (cost=0.00..1075530.95 rows=770822 width=8) (actual time=0.445..0.469 rows=10 loops=1)
               Filter: (contents ~ 'var'::text)
               Rows Removed by Filter: 8
 Planning Time: 29.517 ms
 Execution Time: 0.501 ms
(7 rows)

Time: 31.417 ms
TIME:14:11:59
query: EXPLAIN ANALYZE select count(id) from (select id from files where contents ~ 'var' limit 10) as e;
Timing is on.
                                                      QUERY PLAN                                                       
-----------------------------------------------------------------------------------------------------------------------
 Aggregate  (cost=14.08..14.09 rows=1 width=8) (actual time=0.524..0.525 rows=1 loops=1)
   ->  Limit  (cost=0.00..13.95 rows=10 width=8) (actual time=0.497..0.521 rows=10 loops=1)
         ->  Seq Scan on files  (cost=0.00..1075530.95 rows=770822 width=8) (actual time=0.496..0.519 rows=10 loops=1)
               Filter: (contents ~ 'var'::text)
               Rows Removed by Filter: 8
 Planning Time: 30.282 ms
 Execution Time: 0.573 ms
(7 rows)

Time: 32.131 ms
TIME:14:11:59
query: EXPLAIN ANALYZE select count(id) from (select id from files where contents ~ 'var' limit 10) as e;
Timing is on.
                                                      QUERY PLAN                                                       
-----------------------------------------------------------------------------------------------------------------------
 Aggregate  (cost=14.08..14.09 rows=1 width=8) (actual time=0.429..0.430 rows=1 loops=1)
   ->  Limit  (cost=0.00..13.95 rows=10 width=8) (actual time=0.387..0.413 rows=10 loops=1)
         ->  Seq Scan on files  (cost=0.00..1075530.95 rows=770822 width=8) (actual time=0.386..0.411 rows=10 loops=1)
               Filter: (contents ~ 'var'::text)
               Rows Removed by Filter: 8
 Planning Time: 31.455 ms
 Execution Time: 0.458 ms
(7 rows)

Time: 33.762 ms
TIME:14:11:59
query: EXPLAIN ANALYZE select count(id) from (select id from files where contents ~ 'var' limit 10) as e;
Timing is on.
                                                      QUERY PLAN                                                       
-----------------------------------------------------------------------------------------------------------------------
 Aggregate  (cost=14.08..14.09 rows=1 width=8) (actual time=0.362..0.363 rows=1 loops=1)
   ->  Limit  (cost=0.00..13.95 rows=10 width=8) (actual time=0.333..0.358 rows=10 loops=1)
         ->  Seq Scan on files  (cost=0.00..1075530.95 rows=770822 width=8) (actual time=0.332..0.356 rows=10 loops=1)
               Filter: (contents ~ 'var'::text)
               Rows Removed by Filter: 8
 Planning Time: 29.042 ms
 Execution Time: 0.405 ms
(7 rows)

Time: 30.757 ms
TIME:14:12:00
query: EXPLAIN ANALYZE select count(id) from (select id from files where contents ~ 'var' limit 10) as e;
Timing is on.
                                                      QUERY PLAN                                                       
-----------------------------------------------------------------------------------------------------------------------
 Aggregate  (cost=14.08..14.09 rows=1 width=8) (actual time=0.440..0.441 rows=1 loops=1)
   ->  Limit  (cost=0.00..13.95 rows=10 width=8) (actual time=0.375..0.437 rows=10 loops=1)
         ->  Seq Scan on files  (cost=0.00..1075530.95 rows=770822 width=8) (actual time=0.374..0.435 rows=10 loops=1)
               Filter: (contents ~ 'var'::text)
               Rows Removed by Filter: 8
 Planning Time: 28.463 ms
 Execution Time: 0.482 ms
(7 rows)

Time: 30.355 ms
TIME:14:12:00
query: EXPLAIN ANALYZE select count(id) from (select id from files where contents ~ 'var' limit 10) as e;
Timing is on.
                                                      QUERY PLAN                                                       
-----------------------------------------------------------------------------------------------------------------------
 Aggregate  (cost=14.08..14.09 rows=1 width=8) (actual time=0.353..0.354 rows=1 loops=1)
   ->  Limit  (cost=0.00..13.95 rows=10 width=8) (actual time=0.304..0.349 rows=10 loops=1)
         ->  Seq Scan on files  (cost=0.00..1075530.95 rows=770822 width=8) (actual time=0.303..0.347 rows=10 loops=1)
               Filter: (contents ~ 'var'::text)
               Rows Removed by Filter: 8
 Planning Time: 28.846 ms
 Execution Time: 0.396 ms
(7 rows)

Time: 30.548 ms
TIME:14:12:00
query: EXPLAIN ANALYZE select count(id) from (select id from files where contents ~ 'var' limit 10) as e;
Timing is on.
                                                      QUERY PLAN                                                       
-----------------------------------------------------------------------------------------------------------------------
 Aggregate  (cost=14.08..14.09 rows=1 width=8) (actual time=0.425..0.426 rows=1 loops=1)
   ->  Limit  (cost=0.00..13.95 rows=10 width=8) (actual time=0.378..0.421 rows=10 loops=1)
         ->  Seq Scan on files  (cost=0.00..1075530.95 rows=770822 width=8) (actual time=0.377..0.419 rows=10 loops=1)
               Filter: (contents ~ 'var'::text)
               Rows Removed by Filter: 8
 Planning Time: 28.864 ms
 Execution Time: 0.466 ms
(7 rows)

Time: 30.642 ms
TIME:14:12:00
query: EXPLAIN ANALYZE select count(id) from (select id from files where contents ~ 'var' limit 10) as e;
Timing is on.
                                                      QUERY PLAN                                                       
-----------------------------------------------------------------------------------------------------------------------
 Aggregate  (cost=14.08..14.09 rows=1 width=8) (actual time=0.867..0.869 rows=1 loops=1)
   ->  Limit  (cost=0.00..13.95 rows=10 width=8) (actual time=0.833..0.862 rows=10 loops=1)
         ->  Seq Scan on files  (cost=0.00..1075530.95 rows=770822 width=8) (actual time=0.830..0.858 rows=10 loops=1)
               Filter: (contents ~ 'var'::text)
               Rows Removed by Filter: 8
 Planning Time: 35.772 ms
 Execution Time: 0.921 ms
(7 rows)

Time: 38.408 ms
TIME:14:12:01
query: EXPLAIN ANALYZE select count(id) from (select id from files where contents ~ 'var' limit 10) as e;
Timing is on.
                                                      QUERY PLAN                                                       
-----------------------------------------------------------------------------------------------------------------------
 Aggregate  (cost=14.08..14.09 rows=1 width=8) (actual time=0.595..0.596 rows=1 loops=1)
   ->  Limit  (cost=0.00..13.95 rows=10 width=8) (actual time=0.566..0.591 rows=10 loops=1)
         ->  Seq Scan on files  (cost=0.00..1075530.95 rows=770822 width=8) (actual time=0.565..0.589 rows=10 loops=1)
               Filter: (contents ~ 'var'::text)
               Rows Removed by Filter: 8
 Planning Time: 30.632 ms
 Execution Time: 0.624 ms
(7 rows)

Time: 32.816 ms
TIME:14:12:01
query: EXPLAIN ANALYZE select count(id) from (select id from files where contents ~ 'var' limit 10) as e;
Timing is on.
                                                      QUERY PLAN                                                       
-----------------------------------------------------------------------------------------------------------------------
 Aggregate  (cost=14.08..14.09 rows=1 width=8) (actual time=0.690..0.691 rows=1 loops=1)
   ->  Limit  (cost=0.00..13.95 rows=10 width=8) (actual time=0.622..0.679 rows=10 loops=1)
         ->  Seq Scan on files  (cost=0.00..1075530.95 rows=770822 width=8) (actual time=0.620..0.676 rows=10 loops=1)
               Filter: (contents ~ 'var'::text)
               Rows Removed by Filter: 8
 Planning Time: 38.085 ms
 Execution Time: 0.759 ms
(7 rows)

Time: 40.698 ms
TIME:14:12:01
query: EXPLAIN ANALYZE select count(id) from (select id from files where contents ~ 'var' limit 10) as e;
Timing is on.
                                                      QUERY PLAN                                                       
-----------------------------------------------------------------------------------------------------------------------
 Aggregate  (cost=14.08..14.09 rows=1 width=8) (actual time=0.538..0.539 rows=1 loops=1)
   ->  Limit  (cost=0.00..13.95 rows=10 width=8) (actual time=0.493..0.533 rows=10 loops=1)
         ->  Seq Scan on files  (cost=0.00..1075530.95 rows=770822 width=8) (actual time=0.492..0.518 rows=10 loops=1)
               Filter: (contents ~ 'var'::text)
               Rows Removed by Filter: 8
 Planning Time: 29.618 ms
 Execution Time: 0.566 ms
(7 rows)

Time: 31.513 ms
TIME:14:12:01
query: EXPLAIN ANALYZE select count(id) from (select id from files where contents ~ 'var' limit 10) as e;
Timing is on.
                                                      QUERY PLAN                                                       
-----------------------------------------------------------------------------------------------------------------------
 Aggregate  (cost=14.08..14.09 rows=1 width=8) (actual time=0.446..0.463 rows=1 loops=1)
   ->  Limit  (cost=0.00..13.95 rows=10 width=8) (actual time=0.382..0.458 rows=10 loops=1)
         ->  Seq Scan on files  (cost=0.00..1075530.95 rows=770822 width=8) (actual time=0.381..0.456 rows=10 loops=1)
               Filter: (contents ~ 'var'::text)
               Rows Removed by Filter: 8
 Planning Time: 28.577 ms
 Execution Time: 0.488 ms
(7 rows)

Time: 30.596 ms
TIME:14:12:02
query: EXPLAIN ANALYZE select count(id) from (select id from files where contents ~ 'var' limit 10) as e;
Timing is on.
                                                      QUERY PLAN                                                       
-----------------------------------------------------------------------------------------------------------------------
 Aggregate  (cost=14.08..14.09 rows=1 width=8) (actual time=0.455..0.456 rows=1 loops=1)
   ->  Limit  (cost=0.00..13.95 rows=10 width=8) (actual time=0.428..0.452 rows=10 loops=1)
         ->  Seq Scan on files  (cost=0.00..1075530.95 rows=770822 width=8) (actual time=0.427..0.450 rows=10 loops=1)
               Filter: (contents ~ 'var'::text)
               Rows Removed by Filter: 8
 Planning Time: 28.028 ms
 Execution Time: 0.482 ms
(7 rows)

Time: 29.823 ms
TIME:14:12:02
query: EXPLAIN ANALYZE select count(id) from (select id from files where contents ~ 'var' limit 10) as e;
Timing is on.
                                                      QUERY PLAN                                                       
-----------------------------------------------------------------------------------------------------------------------
 Aggregate  (cost=14.08..14.09 rows=1 width=8) (actual time=0.412..0.413 rows=1 loops=1)
   ->  Limit  (cost=0.00..13.95 rows=10 width=8) (actual time=0.384..0.409 rows=10 loops=1)
         ->  Seq Scan on files  (cost=0.00..1075530.95 rows=770822 width=8) (actual time=0.383..0.407 rows=10 loops=1)
               Filter: (contents ~ 'var'::text)
               Rows Removed by Filter: 8
 Planning Time: 30.699 ms
 Execution Time: 0.462 ms
(7 rows)

Time: 32.544 ms
TIME:14:12:02
query: EXPLAIN ANALYZE select count(id) from (select id from files where contents ~ 'var' limit 10) as e;
Timing is on.
                                                      QUERY PLAN                                                       
-----------------------------------------------------------------------------------------------------------------------
 Aggregate  (cost=14.08..14.09 rows=1 width=8) (actual time=0.305..0.306 rows=1 loops=1)
   ->  Limit  (cost=0.00..13.95 rows=10 width=8) (actual time=0.278..0.302 rows=10 loops=1)
         ->  Seq Scan on files  (cost=0.00..1075530.95 rows=770822 width=8) (actual time=0.277..0.300 rows=10 loops=1)
               Filter: (contents ~ 'var'::text)
               Rows Removed by Filter: 8
 Planning Time: 86.354 ms
 Execution Time: 0.331 ms
(7 rows)

Time: 88.009 ms
TIME:14:12:03
query: EXPLAIN ANALYZE select count(id) from (select id from files where contents ~ 'var' limit 10) as e;
Timing is on.
                                                      QUERY PLAN                                                       
-----------------------------------------------------------------------------------------------------------------------
 Aggregate  (cost=14.08..14.09 rows=1 width=8) (actual time=0.399..0.400 rows=1 loops=1)
   ->  Limit  (cost=0.00..13.95 rows=10 width=8) (actual time=0.372..0.396 rows=10 loops=1)
         ->  Seq Scan on files  (cost=0.00..1075530.95 rows=770822 width=8) (actual time=0.371..0.394 rows=10 loops=1)
               Filter: (contents ~ 'var'::text)
               Rows Removed by Filter: 8
 Planning Time: 28.248 ms
 Execution Time: 0.427 ms
(7 rows)

Time: 29.871 ms
TIME:14:12:03
query: EXPLAIN ANALYZE select count(id) from (select id from files where contents ~ 'var' limit 10) as e;
Timing is on.
                                                      QUERY PLAN                                                       
-----------------------------------------------------------------------------------------------------------------------
 Aggregate  (cost=14.08..14.09 rows=1 width=8) (actual time=0.351..0.352 rows=1 loops=1)
   ->  Limit  (cost=0.00..13.95 rows=10 width=8) (actual time=0.310..0.335 rows=10 loops=1)
         ->  Seq Scan on files  (cost=0.00..1075530.95 rows=770822 width=8) (actual time=0.310..0.333 rows=10 loops=1)
               Filter: (contents ~ 'var'::text)
               Rows Removed by Filter: 8
 Planning Time: 28.956 ms
 Execution Time: 0.392 ms
(7 rows)

Time: 30.568 ms
TIME:14:12:03
query: EXPLAIN ANALYZE select count(id) from (select id from files where contents ~ 'var' limit 10) as e;
Timing is on.
                                                      QUERY PLAN                                                       
-----------------------------------------------------------------------------------------------------------------------
 Aggregate  (cost=14.08..14.09 rows=1 width=8) (actual time=0.555..0.556 rows=1 loops=1)
   ->  Limit  (cost=0.00..13.95 rows=10 width=8) (actual time=0.501..0.551 rows=10 loops=1)
         ->  Seq Scan on files  (cost=0.00..1075530.95 rows=770822 width=8) (actual time=0.500..0.549 rows=10 loops=1)
               Filter: (contents ~ 'var'::text)
               Rows Removed by Filter: 8
 Planning Time: 32.629 ms
 Execution Time: 0.584 ms
(7 rows)

Time: 34.848 ms
TIME:14:12:03
query: EXPLAIN ANALYZE select count(id) from (select id from files where contents ~ 'var' limit 10) as e;
Timing is on.
                                                      QUERY PLAN                                                       
-----------------------------------------------------------------------------------------------------------------------
 Aggregate  (cost=14.08..14.09 rows=1 width=8) (actual time=0.414..0.415 rows=1 loops=1)
   ->  Limit  (cost=0.00..13.95 rows=10 width=8) (actual time=0.370..0.411 rows=10 loops=1)
         ->  Seq Scan on files  (cost=0.00..1075530.95 rows=770822 width=8) (actual time=0.369..0.409 rows=10 loops=1)
               Filter: (contents ~ 'var'::text)
               Rows Removed by Filter: 8
 Planning Time: 27.729 ms
 Execution Time: 0.440 ms
(7 rows)

Time: 29.595 ms
TIME:14:12:04
query: EXPLAIN ANALYZE select count(id) from (select id from files where contents ~ 'var' limit 10) as e;
Timing is on.
                                                      QUERY PLAN                                                       
-----------------------------------------------------------------------------------------------------------------------
 Aggregate  (cost=14.08..14.09 rows=1 width=8) (actual time=0.338..0.339 rows=1 loops=1)
   ->  Limit  (cost=0.00..13.95 rows=10 width=8) (actual time=0.311..0.335 rows=10 loops=1)
         ->  Seq Scan on files  (cost=0.00..1075530.95 rows=770822 width=8) (actual time=0.310..0.333 rows=10 loops=1)
               Filter: (contents ~ 'var'::text)
               Rows Removed by Filter: 8
 Planning Time: 28.528 ms
 Execution Time: 0.364 ms
(7 rows)

Time: 30.201 ms
TIME:14:12:04
query: EXPLAIN ANALYZE select count(id) from (select id from files where contents ~ 'var' limit 10) as e;
Timing is on.
                                                      QUERY PLAN                                                       
-----------------------------------------------------------------------------------------------------------------------
 Aggregate  (cost=14.08..14.09 rows=1 width=8) (actual time=0.462..0.463 rows=1 loops=1)
   ->  Limit  (cost=0.00..13.95 rows=10 width=8) (actual time=0.419..0.459 rows=10 loops=1)
         ->  Seq Scan on files  (cost=0.00..1075530.95 rows=770822 width=8) (actual time=0.418..0.457 rows=10 loops=1)
               Filter: (contents ~ 'var'::text)
               Rows Removed by Filter: 8
 Planning Time: 27.984 ms
 Execution Time: 0.489 ms
(7 rows)

Time: 29.765 ms
TIME:14:12:04
query: EXPLAIN ANALYZE select count(id) from (select id from files where contents ~ 'var' limit 10) as e;
Timing is on.
                                                      QUERY PLAN                                                       
-----------------------------------------------------------------------------------------------------------------------
 Aggregate  (cost=14.08..14.09 rows=1 width=8) (actual time=0.367..0.368 rows=1 loops=1)
   ->  Limit  (cost=0.00..13.95 rows=10 width=8) (actual time=0.302..0.364 rows=10 loops=1)
         ->  Seq Scan on files  (cost=0.00..1075530.95 rows=770822 width=8) (actual time=0.301..0.362 rows=10 loops=1)
               Filter: (contents ~ 'var'::text)
               Rows Removed by Filter: 8
 Planning Time: 28.794 ms
 Execution Time: 0.407 ms
(7 rows)

Time: 30.440 ms
TIME:14:12:04
query: EXPLAIN ANALYZE select count(id) from (select id from files where contents ~ 'var' limit 10) as e;
Timing is on.
                                                      QUERY PLAN                                                       
-----------------------------------------------------------------------------------------------------------------------
 Aggregate  (cost=14.08..14.09 rows=1 width=8) (actual time=0.384..0.385 rows=1 loops=1)
   ->  Limit  (cost=0.00..13.95 rows=10 width=8) (actual time=0.335..0.363 rows=10 loops=1)
         ->  Seq Scan on files  (cost=0.00..1075530.95 rows=770822 width=8) (actual time=0.334..0.361 rows=10 loops=1)
               Filter: (contents ~ 'var'::text)
               Rows Removed by Filter: 8
 Planning Time: 31.444 ms
 Execution Time: 0.415 ms
(7 rows)

Time: 33.256 ms
TIME:14:12:05
query: EXPLAIN ANALYZE select count(id) from (select id from files where contents ~ 'var' limit 10) as e;
Timing is on.
                                                      QUERY PLAN                                                       
-----------------------------------------------------------------------------------------------------------------------
 Aggregate  (cost=14.08..14.09 rows=1 width=8) (actual time=0.496..0.497 rows=1 loops=1)
   ->  Limit  (cost=0.00..13.95 rows=10 width=8) (actual time=0.467..0.492 rows=10 loops=1)
         ->  Seq Scan on files  (cost=0.00..1075530.95 rows=770822 width=8) (actual time=0.466..0.490 rows=10 loops=1)
               Filter: (contents ~ 'var'::text)
               Rows Removed by Filter: 8
 Planning Time: 30.496 ms
 Execution Time: 0.524 ms
(7 rows)

Time: 32.268 ms
TIME:14:12:05
query: EXPLAIN ANALYZE select count(id) from (select id from files where contents ~ 'var' limit 10) as e;
Timing is on.
                                                      QUERY PLAN                                                       
-----------------------------------------------------------------------------------------------------------------------
 Aggregate  (cost=14.08..14.09 rows=1 width=8) (actual time=0.309..0.309 rows=1 loops=1)
   ->  Limit  (cost=0.00..13.95 rows=10 width=8) (actual time=0.263..0.305 rows=10 loops=1)
         ->  Seq Scan on files  (cost=0.00..1075530.95 rows=770822 width=8) (actual time=0.262..0.303 rows=10 loops=1)
               Filter: (contents ~ 'var'::text)
               Rows Removed by Filter: 8
 Planning Time: 27.940 ms
 Execution Time: 0.334 ms
(7 rows)

Time: 29.591 ms
TIME:14:12:05
query: EXPLAIN ANALYZE select count(id) from (select id from files where contents ~ 'var' limit 10) as e;
Timing is on.
                                                      QUERY PLAN                                                       
-----------------------------------------------------------------------------------------------------------------------
 Aggregate  (cost=14.08..14.09 rows=1 width=8) (actual time=0.511..0.512 rows=1 loops=1)
   ->  Limit  (cost=0.00..13.95 rows=10 width=8) (actual time=0.464..0.507 rows=10 loops=1)
         ->  Seq Scan on files  (cost=0.00..1075530.95 rows=770822 width=8) (actual time=0.463..0.505 rows=10 loops=1)
               Filter: (contents ~ 'var'::text)
               Rows Removed by Filter: 8
 Planning Time: 28.951 ms
 Execution Time: 0.622 ms
(7 rows)

Time: 30.813 ms
TIME:14:12:05
query: EXPLAIN ANALYZE select count(id) from (select id from files where contents ~ 'var' limit 10) as e;
Timing is on.
                                                      QUERY PLAN                                                       
-----------------------------------------------------------------------------------------------------------------------
 Aggregate  (cost=14.08..14.09 rows=1 width=8) (actual time=0.462..0.462 rows=1 loops=1)
   ->  Limit  (cost=0.00..13.95 rows=10 width=8) (actual time=0.434..0.458 rows=10 loops=1)
         ->  Seq Scan on files  (cost=0.00..1075530.95 rows=770822 width=8) (actual time=0.433..0.456 rows=10 loops=1)
               Filter: (contents ~ 'var'::text)
               Rows Removed by Filter: 8
 Planning Time: 29.633 ms
 Execution Time: 0.504 ms
(7 rows)

Time: 31.729 ms
TIME:14:12:06
query: EXPLAIN ANALYZE select count(id) from (select id from files where contents ~ 'var' limit 10) as e;
Timing is on.
                                                      QUERY PLAN                                                       
-----------------------------------------------------------------------------------------------------------------------
 Aggregate  (cost=14.08..14.09 rows=1 width=8) (actual time=0.451..0.452 rows=1 loops=1)
   ->  Limit  (cost=0.00..13.95 rows=10 width=8) (actual time=0.423..0.447 rows=10 loops=1)
         ->  Seq Scan on files  (cost=0.00..1075530.95 rows=770822 width=8) (actual time=0.422..0.445 rows=10 loops=1)
               Filter: (contents ~ 'var'::text)
               Rows Removed by Filter: 8
 Planning Time: 33.746 ms
 Execution Time: 0.482 ms
(7 rows)

Time: 35.893 ms
TIME:14:12:06
query: EXPLAIN ANALYZE select count(id) from (select id from files where contents ~ 'var' limit 10) as e;
Timing is on.
                                                      QUERY PLAN                                                       
-----------------------------------------------------------------------------------------------------------------------
 Aggregate  (cost=14.08..14.09 rows=1 width=8) (actual time=0.382..0.383 rows=1 loops=1)
   ->  Limit  (cost=0.00..13.95 rows=10 width=8) (actual time=0.336..0.378 rows=10 loops=1)
         ->  Seq Scan on files  (cost=0.00..1075530.95 rows=770822 width=8) (actual time=0.335..0.376 rows=10 loops=1)
               Filter: (contents ~ 'var'::text)
               Rows Removed by Filter: 8
 Planning Time: 28.951 ms
 Execution Time: 0.457 ms
(7 rows)

Time: 30.674 ms
TIME:14:12:06
query: EXPLAIN ANALYZE select count(id) from (select id from files where contents ~ 'var' limit 10) as e;
Timing is on.
                                                      QUERY PLAN                                                       
-----------------------------------------------------------------------------------------------------------------------
 Aggregate  (cost=14.08..14.09 rows=1 width=8) (actual time=1.179..1.181 rows=1 loops=1)
   ->  Limit  (cost=0.00..13.95 rows=10 width=8) (actual time=1.151..1.176 rows=10 loops=1)
         ->  Seq Scan on files  (cost=0.00..1075530.95 rows=770822 width=8) (actual time=1.150..1.174 rows=10 loops=1)
               Filter: (contents ~ 'var'::text)
               Rows Removed by Filter: 8
 Planning Time: 28.126 ms
 Execution Time: 1.208 ms
(7 rows)

Time: 30.540 ms
TIME:14:12:06
query: EXPLAIN ANALYZE select count(id) from (select id from files where contents ~ 'var' limit 10) as e;
Timing is on.
                                                      QUERY PLAN                                                       
-----------------------------------------------------------------------------------------------------------------------
 Aggregate  (cost=14.08..14.09 rows=1 width=8) (actual time=0.474..0.475 rows=1 loops=1)
   ->  Limit  (cost=0.00..13.95 rows=10 width=8) (actual time=0.444..0.470 rows=10 loops=1)
         ->  Seq Scan on files  (cost=0.00..1075530.95 rows=770822 width=8) (actual time=0.444..0.468 rows=10 loops=1)
               Filter: (contents ~ 'var'::text)
               Rows Removed by Filter: 8
 Planning Time: 29.271 ms
 Execution Time: 0.499 ms
(7 rows)

Time: 31.055 ms
TIME:14:12:07
query: EXPLAIN ANALYZE select count(id) from (select id from files where contents ~ 'var' limit 10) as e;
Timing is on.
                                                      QUERY PLAN                                                       
-----------------------------------------------------------------------------------------------------------------------
 Aggregate  (cost=14.08..14.09 rows=1 width=8) (actual time=0.426..0.427 rows=1 loops=1)
   ->  Limit  (cost=0.00..13.95 rows=10 width=8) (actual time=0.397..0.422 rows=10 loops=1)
         ->  Seq Scan on files  (cost=0.00..1075530.95 rows=770822 width=8) (actual time=0.396..0.420 rows=10 loops=1)
               Filter: (contents ~ 'var'::text)
               Rows Removed by Filter: 8
 Planning Time: 28.982 ms
 Execution Time: 0.489 ms
(7 rows)

Time: 30.816 ms
TIME:14:12:07
query: EXPLAIN ANALYZE select count(id) from (select id from files where contents ~ 'var' limit 10) as e;
Timing is on.
                                                      QUERY PLAN                                                       
-----------------------------------------------------------------------------------------------------------------------
 Aggregate  (cost=14.08..14.09 rows=1 width=8) (actual time=0.449..0.450 rows=1 loops=1)
   ->  Limit  (cost=0.00..13.95 rows=10 width=8) (actual time=0.422..0.446 rows=10 loops=1)
         ->  Seq Scan on files  (cost=0.00..1075530.95 rows=770822 width=8) (actual time=0.421..0.444 rows=10 loops=1)
               Filter: (contents ~ 'var'::text)
               Rows Removed by Filter: 8
 Planning Time: 26.153 ms
 Execution Time: 0.475 ms
(7 rows)

Time: 28.123 ms
TIME:14:12:07
query: EXPLAIN ANALYZE select count(id) from (select id from files where contents ~ 'var' limit 10) as e;
Timing is on.
                                                      QUERY PLAN                                                       
-----------------------------------------------------------------------------------------------------------------------
 Aggregate  (cost=14.08..14.09 rows=1 width=8) (actual time=0.949..0.951 rows=1 loops=1)
   ->  Limit  (cost=0.00..13.95 rows=10 width=8) (actual time=0.892..0.942 rows=10 loops=1)
         ->  Seq Scan on files  (cost=0.00..1075530.95 rows=770822 width=8) (actual time=0.889..0.939 rows=10 loops=1)
               Filter: (contents ~ 'var'::text)
               Rows Removed by Filter: 8
 Planning Time: 36.620 ms
 Execution Time: 1.021 ms
(7 rows)

Time: 39.900 ms
TIME:14:12:08
query: EXPLAIN ANALYZE select count(id) from (select id from files where contents ~ 'var' limit 10) as e;
Timing is on.
                                                      QUERY PLAN                                                       
-----------------------------------------------------------------------------------------------------------------------
 Aggregate  (cost=14.08..14.09 rows=1 width=8) (actual time=0.367..0.368 rows=1 loops=1)
   ->  Limit  (cost=0.00..13.95 rows=10 width=8) (actual time=0.314..0.359 rows=10 loops=1)
         ->  Seq Scan on files  (cost=0.00..1075530.95 rows=770822 width=8) (actual time=0.313..0.356 rows=10 loops=1)
               Filter: (contents ~ 'var'::text)
               Rows Removed by Filter: 8
 Planning Time: 31.584 ms
 Execution Time: 0.396 ms
(7 rows)

Time: 33.459 ms
TIME:14:12:08
query: EXPLAIN ANALYZE select count(id) from (select id from files where contents ~ 'var' limit 10) as e;
Timing is on.
                                                      QUERY PLAN                                                       
-----------------------------------------------------------------------------------------------------------------------
 Aggregate  (cost=14.08..14.09 rows=1 width=8) (actual time=0.509..0.510 rows=1 loops=1)
   ->  Limit  (cost=0.00..13.95 rows=10 width=8) (actual time=0.459..0.505 rows=10 loops=1)
         ->  Seq Scan on files  (cost=0.00..1075530.95 rows=770822 width=8) (actual time=0.458..0.503 rows=10 loops=1)
               Filter: (contents ~ 'var'::text)
               Rows Removed by Filter: 8
 Planning Time: 32.901 ms
 Execution Time: 0.615 ms
(7 rows)

Time: 35.283 ms
TIME:14:12:08
query: EXPLAIN ANALYZE select count(id) from (select id from files where contents ~ 'var' limit 10) as e;
Timing is on.
                                                      QUERY PLAN                                                       
-----------------------------------------------------------------------------------------------------------------------
 Aggregate  (cost=14.08..14.09 rows=1 width=8) (actual time=0.584..0.585 rows=1 loops=1)
   ->  Limit  (cost=0.00..13.95 rows=10 width=8) (actual time=0.531..0.576 rows=10 loops=1)
         ->  Seq Scan on files  (cost=0.00..1075530.95 rows=770822 width=8) (actual time=0.530..0.573 rows=10 loops=1)
               Filter: (contents ~ 'var'::text)
               Rows Removed by Filter: 8
 Planning Time: 31.311 ms
 Execution Time: 0.636 ms
(7 rows)

Time: 33.520 ms
TIME:14:12:08
query: EXPLAIN ANALYZE select count(id) from (select id from files where contents ~ 'var' limit 10) as e;
Timing is on.
                                                      QUERY PLAN                                                       
-----------------------------------------------------------------------------------------------------------------------
 Aggregate  (cost=14.08..14.09 rows=1 width=8) (actual time=0.511..0.512 rows=1 loops=1)
   ->  Limit  (cost=0.00..13.95 rows=10 width=8) (actual time=0.457..0.506 rows=10 loops=1)
         ->  Seq Scan on files  (cost=0.00..1075530.95 rows=770822 width=8) (actual time=0.456..0.504 rows=10 loops=1)
               Filter: (contents ~ 'var'::text)
               Rows Removed by Filter: 8
 Planning Time: 33.869 ms
 Execution Time: 0.566 ms
(7 rows)

Time: 36.441 ms
TIME:14:12:09
query: EXPLAIN ANALYZE select count(id) from (select id from files where contents ~ 'var' limit 10) as e;
Timing is on.
                                                      QUERY PLAN                                                       
-----------------------------------------------------------------------------------------------------------------------
 Aggregate  (cost=14.08..14.09 rows=1 width=8) (actual time=0.680..0.681 rows=1 loops=1)
   ->  Limit  (cost=0.00..13.95 rows=10 width=8) (actual time=0.576..0.661 rows=10 loops=1)
         ->  Seq Scan on files  (cost=0.00..1075530.95 rows=770822 width=8) (actual time=0.574..0.659 rows=10 loops=1)
               Filter: (contents ~ 'var'::text)
               Rows Removed by Filter: 8
 Planning Time: 33.739 ms
 Execution Time: 0.784 ms
(7 rows)

Time: 36.257 ms
TIME:14:12:09
query: EXPLAIN ANALYZE select count(id) from (select id from files where contents ~ 'var' limit 10) as e;
Timing is on.
                                                      QUERY PLAN                                                       
-----------------------------------------------------------------------------------------------------------------------
 Aggregate  (cost=14.08..14.09 rows=1 width=8) (actual time=0.379..0.380 rows=1 loops=1)
   ->  Limit  (cost=0.00..13.95 rows=10 width=8) (actual time=0.351..0.376 rows=10 loops=1)
         ->  Seq Scan on files  (cost=0.00..1075530.95 rows=770822 width=8) (actual time=0.350..0.374 rows=10 loops=1)
               Filter: (contents ~ 'var'::text)
               Rows Removed by Filter: 8
 Planning Time: 31.762 ms
 Execution Time: 0.422 ms
(7 rows)

Time: 33.908 ms
TIME:14:12:09
query: EXPLAIN ANALYZE select count(id) from (select id from files where contents ~ 'var' limit 10) as e;
Timing is on.
                                                      QUERY PLAN                                                       
-----------------------------------------------------------------------------------------------------------------------
 Aggregate  (cost=14.08..14.09 rows=1 width=8) (actual time=0.537..0.542 rows=1 loops=1)
   ->  Limit  (cost=0.00..13.95 rows=10 width=8) (actual time=0.478..0.532 rows=10 loops=1)
         ->  Seq Scan on files  (cost=0.00..1075530.95 rows=770822 width=8) (actual time=0.477..0.526 rows=10 loops=1)
               Filter: (contents ~ 'var'::text)
               Rows Removed by Filter: 8
 Planning Time: 34.006 ms
 Execution Time: 0.578 ms
(7 rows)

Time: 36.490 ms
TIME:14:12:10
query: EXPLAIN ANALYZE select count(id) from (select id from files where contents ~ 'var' limit 10) as e;
Timing is on.
                                                      QUERY PLAN                                                       
-----------------------------------------------------------------------------------------------------------------------
 Aggregate  (cost=14.08..14.09 rows=1 width=8) (actual time=0.375..0.376 rows=1 loops=1)
   ->  Limit  (cost=0.00..13.95 rows=10 width=8) (actual time=0.348..0.372 rows=10 loops=1)
         ->  Seq Scan on files  (cost=0.00..1075530.95 rows=770822 width=8) (actual time=0.348..0.370 rows=10 loops=1)
               Filter: (contents ~ 'var'::text)
               Rows Removed by Filter: 8
 Planning Time: 28.382 ms
 Execution Time: 0.401 ms
(7 rows)

Time: 30.095 ms
TIME:14:12:10
query: EXPLAIN ANALYZE select count(id) from (select id from files where contents ~ 'var' limit 10) as e;
Timing is on.
                                                      QUERY PLAN                                                       
-----------------------------------------------------------------------------------------------------------------------
 Aggregate  (cost=14.08..14.09 rows=1 width=8) (actual time=0.398..0.399 rows=1 loops=1)
   ->  Limit  (cost=0.00..13.95 rows=10 width=8) (actual time=0.369..0.394 rows=10 loops=1)
         ->  Seq Scan on files  (cost=0.00..1075530.95 rows=770822 width=8) (actual time=0.368..0.392 rows=10 loops=1)
               Filter: (contents ~ 'var'::text)
               Rows Removed by Filter: 8
 Planning Time: 28.379 ms
 Execution Time: 0.423 ms
(7 rows)

Time: 30.172 ms
TIME:14:12:10
query: EXPLAIN ANALYZE select count(id) from (select id from files where contents ~ 'var' limit 10) as e;
Timing is on.
                                                      QUERY PLAN                                                       
-----------------------------------------------------------------------------------------------------------------------
 Aggregate  (cost=14.08..14.09 rows=1 width=8) (actual time=0.363..0.364 rows=1 loops=1)
   ->  Limit  (cost=0.00..13.95 rows=10 width=8) (actual time=0.335..0.359 rows=10 loops=1)
         ->  Seq Scan on files  (cost=0.00..1075530.95 rows=770822 width=8) (actual time=0.334..0.357 rows=10 loops=1)
               Filter: (contents ~ 'var'::text)
               Rows Removed by Filter: 8
 Planning Time: 32.063 ms
 Execution Time: 0.389 ms
(7 rows)

Time: 33.916 ms
TIME:14:12:10
query: EXPLAIN ANALYZE select count(id) from (select id from files where contents ~ 'var' limit 10) as e;
Timing is on.
                                                      QUERY PLAN                                                       
-----------------------------------------------------------------------------------------------------------------------
 Aggregate  (cost=14.08..14.09 rows=1 width=8) (actual time=0.427..0.428 rows=1 loops=1)
   ->  Limit  (cost=0.00..13.95 rows=10 width=8) (actual time=0.398..0.424 rows=10 loops=1)
         ->  Seq Scan on files  (cost=0.00..1075530.95 rows=770822 width=8) (actual time=0.397..0.422 rows=10 loops=1)
               Filter: (contents ~ 'var'::text)
               Rows Removed by Filter: 8
 Planning Time: 33.506 ms
 Execution Time: 0.456 ms
(7 rows)

Time: 35.400 ms
TIME:14:12:11
query: EXPLAIN ANALYZE select count(id) from (select id from files where contents ~ 'var' limit 10) as e;
Timing is on.
                                                      QUERY PLAN                                                       
-----------------------------------------------------------------------------------------------------------------------
 Aggregate  (cost=14.08..14.09 rows=1 width=8) (actual time=0.475..0.476 rows=1 loops=1)
   ->  Limit  (cost=0.00..13.95 rows=10 width=8) (actual time=0.448..0.471 rows=10 loops=1)
         ->  Seq Scan on files  (cost=0.00..1075530.95 rows=770822 width=8) (actual time=0.446..0.469 rows=10 loops=1)
               Filter: (contents ~ 'var'::text)
               Rows Removed by Filter: 8
 Planning Time: 29.932 ms
 Execution Time: 0.503 ms
(7 rows)

Time: 31.680 ms
TIME:14:12:11
query: EXPLAIN ANALYZE select count(id) from (select id from files where contents ~ 'var' limit 10) as e;
Timing is on.
                                                      QUERY PLAN                                                       
-----------------------------------------------------------------------------------------------------------------------
 Aggregate  (cost=14.08..14.09 rows=1 width=8) (actual time=0.466..0.467 rows=1 loops=1)
   ->  Limit  (cost=0.00..13.95 rows=10 width=8) (actual time=0.437..0.462 rows=10 loops=1)
         ->  Seq Scan on files  (cost=0.00..1075530.95 rows=770822 width=8) (actual time=0.422..0.447 rows=10 loops=1)
               Filter: (contents ~ 'var'::text)
               Rows Removed by Filter: 8
 Planning Time: 28.052 ms
 Execution Time: 0.492 ms
(7 rows)

Time: 29.883 ms
TIME:14:12:11
query: EXPLAIN ANALYZE select count(id) from (select id from files where contents ~ 'var' limit 10) as e;
Timing is on.
                                                      QUERY PLAN                                                       
-----------------------------------------------------------------------------------------------------------------------
 Aggregate  (cost=14.08..14.09 rows=1 width=8) (actual time=0.356..0.357 rows=1 loops=1)
   ->  Limit  (cost=0.00..13.95 rows=10 width=8) (actual time=0.306..0.352 rows=10 loops=1)
         ->  Seq Scan on files  (cost=0.00..1075530.95 rows=770822 width=8) (actual time=0.304..0.349 rows=10 loops=1)
               Filter: (contents ~ 'var'::text)
               Rows Removed by Filter: 8
 Planning Time: 33.062 ms
 Execution Time: 0.385 ms
(7 rows)

Time: 34.815 ms
TIME:14:12:11
query: EXPLAIN ANALYZE select count(id) from (select id from files where contents ~ 'var' limit 10) as e;
Timing is on.
                                                      QUERY PLAN                                                       
-----------------------------------------------------------------------------------------------------------------------
 Aggregate  (cost=14.08..14.09 rows=1 width=8) (actual time=0.446..0.447 rows=1 loops=1)
   ->  Limit  (cost=0.00..13.95 rows=10 width=8) (actual time=0.418..0.442 rows=10 loops=1)
         ->  Seq Scan on files  (cost=0.00..1075530.95 rows=770822 width=8) (actual time=0.417..0.441 rows=10 loops=1)
               Filter: (contents ~ 'var'::text)
               Rows Removed by Filter: 8
 Planning Time: 29.528 ms
 Execution Time: 0.471 ms
(7 rows)

Time: 31.315 ms
TIME:14:12:12
query: EXPLAIN ANALYZE select count(id) from (select id from files where contents ~ 'var' limit 10) as e;
Timing is on.
                                                      QUERY PLAN                                                       
-----------------------------------------------------------------------------------------------------------------------
 Aggregate  (cost=14.08..14.09 rows=1 width=8) (actual time=0.507..0.508 rows=1 loops=1)
   ->  Limit  (cost=0.00..13.95 rows=10 width=8) (actual time=0.438..0.503 rows=10 loops=1)
         ->  Seq Scan on files  (cost=0.00..1075530.95 rows=770822 width=8) (actual time=0.437..0.502 rows=10 loops=1)
               Filter: (contents ~ 'var'::text)
               Rows Removed by Filter: 8
 Planning Time: 27.671 ms
 Execution Time: 0.534 ms
(7 rows)

Time: 29.539 ms
TIME:14:12:12
query: EXPLAIN ANALYZE select count(id) from (select id from files where contents ~ 'var' limit 10) as e;
Timing is on.
                                                      QUERY PLAN                                                       
-----------------------------------------------------------------------------------------------------------------------
 Aggregate  (cost=14.08..14.09 rows=1 width=8) (actual time=0.516..0.517 rows=1 loops=1)
   ->  Limit  (cost=0.00..13.95 rows=10 width=8) (actual time=0.487..0.512 rows=10 loops=1)
         ->  Seq Scan on files  (cost=0.00..1075530.95 rows=770822 width=8) (actual time=0.486..0.511 rows=10 loops=1)
               Filter: (contents ~ 'var'::text)
               Rows Removed by Filter: 8
 Planning Time: 27.901 ms
 Execution Time: 0.542 ms
(7 rows)

Time: 29.883 ms
TIME:14:12:12
query: EXPLAIN ANALYZE select count(id) from (select id from files where contents ~ 'var' limit 10) as e;
Timing is on.
                                                      QUERY PLAN                                                       
-----------------------------------------------------------------------------------------------------------------------
 Aggregate  (cost=14.08..14.09 rows=1 width=8) (actual time=0.576..0.577 rows=1 loops=1)
   ->  Limit  (cost=0.00..13.95 rows=10 width=8) (actual time=0.532..0.572 rows=10 loops=1)
         ->  Seq Scan on files  (cost=0.00..1075530.95 rows=770822 width=8) (actual time=0.531..0.570 rows=10 loops=1)
               Filter: (contents ~ 'var'::text)
               Rows Removed by Filter: 8
 Planning Time: 29.253 ms
 Execution Time: 0.616 ms
(7 rows)

Time: 31.179 ms
TIME:14:12:12
query: EXPLAIN ANALYZE select count(id) from (select id from files where contents ~ 'var' limit 10) as e;
Timing is on.
                                                      QUERY PLAN                                                       
-----------------------------------------------------------------------------------------------------------------------
 Aggregate  (cost=14.08..14.09 rows=1 width=8) (actual time=0.365..0.366 rows=1 loops=1)
   ->  Limit  (cost=0.00..13.95 rows=10 width=8) (actual time=0.339..0.362 rows=10 loops=1)
         ->  Seq Scan on files  (cost=0.00..1075530.95 rows=770822 width=8) (actual time=0.339..0.361 rows=10 loops=1)
               Filter: (contents ~ 'var'::text)
               Rows Removed by Filter: 8
 Planning Time: 28.638 ms
 Execution Time: 0.392 ms
(7 rows)

Time: 30.307 ms
TIME:14:12:13
query: EXPLAIN ANALYZE select count(id) from (select id from files where contents ~ 'var' limit 10) as e;
Timing is on.
                                                      QUERY PLAN                                                       
-----------------------------------------------------------------------------------------------------------------------
 Aggregate  (cost=14.08..14.09 rows=1 width=8) (actual time=0.386..0.386 rows=1 loops=1)
   ->  Limit  (cost=0.00..13.95 rows=10 width=8) (actual time=0.333..0.382 rows=10 loops=1)
         ->  Seq Scan on files  (cost=0.00..1075530.95 rows=770822 width=8) (actual time=0.332..0.380 rows=10 loops=1)
               Filter: (contents ~ 'var'::text)
               Rows Removed by Filter: 8
 Planning Time: 27.611 ms
 Execution Time: 0.411 ms
(7 rows)

Time: 29.273 ms
TIME:14:12:13
query: EXPLAIN ANALYZE select count(id) from (select id from files where contents ~ 'var' limit 10) as e;
Timing is on.
                                                      QUERY PLAN                                                       
-----------------------------------------------------------------------------------------------------------------------
 Aggregate  (cost=14.08..14.09 rows=1 width=8) (actual time=0.525..0.526 rows=1 loops=1)
   ->  Limit  (cost=0.00..13.95 rows=10 width=8) (actual time=0.445..0.521 rows=10 loops=1)
         ->  Seq Scan on files  (cost=0.00..1075530.95 rows=770822 width=8) (actual time=0.444..0.520 rows=10 loops=1)
               Filter: (contents ~ 'var'::text)
               Rows Removed by Filter: 8
 Planning Time: 25.122 ms
 Execution Time: 0.565 ms
(7 rows)

Time: 26.855 ms
TIME:14:12:13
query: EXPLAIN ANALYZE select count(id) from (select id from files where contents ~ 'var' limit 10) as e;
Timing is on.
                                                      QUERY PLAN                                                       
-----------------------------------------------------------------------------------------------------------------------
 Aggregate  (cost=14.08..14.09 rows=1 width=8) (actual time=0.391..0.391 rows=1 loops=1)
   ->  Limit  (cost=0.00..13.95 rows=10 width=8) (actual time=0.281..0.386 rows=10 loops=1)
         ->  Seq Scan on files  (cost=0.00..1075530.95 rows=770822 width=8) (actual time=0.280..0.384 rows=10 loops=1)
               Filter: (contents ~ 'var'::text)
               Rows Removed by Filter: 8
 Planning Time: 26.029 ms
 Execution Time: 0.430 ms
(7 rows)

Time: 27.839 ms
TIME:14:12:13
query: EXPLAIN ANALYZE select count(id) from (select id from files where contents ~ 'var' limit 10) as e;
Timing is on.
                                                      QUERY PLAN                                                       
-----------------------------------------------------------------------------------------------------------------------
 Aggregate  (cost=14.08..14.09 rows=1 width=8) (actual time=0.478..0.478 rows=1 loops=1)
   ->  Limit  (cost=0.00..13.95 rows=10 width=8) (actual time=0.414..0.440 rows=10 loops=1)
         ->  Seq Scan on files  (cost=0.00..1075530.95 rows=770822 width=8) (actual time=0.413..0.438 rows=10 loops=1)
               Filter: (contents ~ 'var'::text)
               Rows Removed by Filter: 8
 Planning Time: 25.735 ms
 Execution Time: 0.521 ms
(7 rows)

Time: 27.447 ms
TIME:14:12:14
query: EXPLAIN ANALYZE select count(id) from (select id from files where contents ~ 'var' limit 10) as e;
Timing is on.
                                                      QUERY PLAN                                                       
-----------------------------------------------------------------------------------------------------------------------
 Aggregate  (cost=14.08..14.09 rows=1 width=8) (actual time=0.472..0.473 rows=1 loops=1)
   ->  Limit  (cost=0.00..13.95 rows=10 width=8) (actual time=0.414..0.439 rows=10 loops=1)
         ->  Seq Scan on files  (cost=0.00..1075530.95 rows=770822 width=8) (actual time=0.413..0.438 rows=10 loops=1)
               Filter: (contents ~ 'var'::text)
               Rows Removed by Filter: 8
 Planning Time: 25.517 ms
 Execution Time: 0.515 ms
(7 rows)

Time: 27.226 ms
TIME:14:12:14
query: EXPLAIN ANALYZE select count(id) from (select id from files where contents ~ 'var' limit 10) as e;
Timing is on.
                                                      QUERY PLAN                                                       
-----------------------------------------------------------------------------------------------------------------------
 Aggregate  (cost=14.08..14.09 rows=1 width=8) (actual time=0.539..0.540 rows=1 loops=1)
   ->  Limit  (cost=0.00..13.95 rows=10 width=8) (actual time=0.513..0.536 rows=10 loops=1)
         ->  Seq Scan on files  (cost=0.00..1075530.95 rows=770822 width=8) (actual time=0.511..0.533 rows=10 loops=1)
               Filter: (contents ~ 'var'::text)
               Rows Removed by Filter: 8
 Planning Time: 25.911 ms
 Execution Time: 0.567 ms
(7 rows)

Time: 27.933 ms
TIME:14:12:14
query: EXPLAIN ANALYZE select count(id) from (select id from files where contents ~ 'var' limit 10) as e;
Timing is on.
                                                      QUERY PLAN                                                       
-----------------------------------------------------------------------------------------------------------------------
 Aggregate  (cost=14.08..14.09 rows=1 width=8) (actual time=0.370..0.371 rows=1 loops=1)
   ->  Limit  (cost=0.00..13.95 rows=10 width=8) (actual time=0.342..0.366 rows=10 loops=1)
         ->  Seq Scan on files  (cost=0.00..1075530.95 rows=770822 width=8) (actual time=0.341..0.364 rows=10 loops=1)
               Filter: (contents ~ 'var'::text)
               Rows Removed by Filter: 8
 Planning Time: 29.779 ms
 Execution Time: 0.410 ms
(7 rows)

Time: 31.771 ms
TIME:14:12:14
query: EXPLAIN ANALYZE select count(id) from (select id from files where contents ~ 'var' limit 10) as e;
Timing is on.
                                                      QUERY PLAN                                                       
-----------------------------------------------------------------------------------------------------------------------
 Aggregate  (cost=14.08..14.09 rows=1 width=8) (actual time=0.508..0.509 rows=1 loops=1)
   ->  Limit  (cost=0.00..13.95 rows=10 width=8) (actual time=0.480..0.505 rows=10 loops=1)
         ->  Seq Scan on files  (cost=0.00..1075530.95 rows=770822 width=8) (actual time=0.479..0.503 rows=10 loops=1)
               Filter: (contents ~ 'var'::text)
               Rows Removed by Filter: 8
 Planning Time: 27.621 ms
 Execution Time: 0.532 ms
(7 rows)

Time: 29.449 ms
TIME:14:12:15
query: EXPLAIN ANALYZE select count(id) from (select id from files where contents ~ 'var' limit 10) as e;
Timing is on.
                                                      QUERY PLAN                                                       
-----------------------------------------------------------------------------------------------------------------------
 Aggregate  (cost=14.08..14.09 rows=1 width=8) (actual time=0.460..0.461 rows=1 loops=1)
   ->  Limit  (cost=0.00..13.95 rows=10 width=8) (actual time=0.430..0.456 rows=10 loops=1)
         ->  Seq Scan on files  (cost=0.00..1075530.95 rows=770822 width=8) (actual time=0.429..0.454 rows=10 loops=1)
               Filter: (contents ~ 'var'::text)
               Rows Removed by Filter: 8
 Planning Time: 27.984 ms
 Execution Time: 0.490 ms
(7 rows)

Time: 29.728 ms
TIME:14:12:15
query: EXPLAIN ANALYZE select count(id) from (select id from files where contents ~ 'var' limit 10) as e;
Timing is on.
                                                      QUERY PLAN                                                       
-----------------------------------------------------------------------------------------------------------------------
 Aggregate  (cost=14.08..14.09 rows=1 width=8) (actual time=0.475..0.476 rows=1 loops=1)
   ->  Limit  (cost=0.00..13.95 rows=10 width=8) (actual time=0.447..0.471 rows=10 loops=1)
         ->  Seq Scan on files  (cost=0.00..1075530.95 rows=770822 width=8) (actual time=0.445..0.469 rows=10 loops=1)
               Filter: (contents ~ 'var'::text)
               Rows Removed by Filter: 8
 Planning Time: 29.091 ms
 Execution Time: 0.524 ms
(7 rows)

Time: 30.860 ms
TIME:14:12:15
query: EXPLAIN ANALYZE select count(id) from (select id from files where contents ~ 'var' limit 10) as e;
Timing is on.
                                                      QUERY PLAN                                                       
-----------------------------------------------------------------------------------------------------------------------
 Aggregate  (cost=14.08..14.09 rows=1 width=8) (actual time=0.433..0.434 rows=1 loops=1)
   ->  Limit  (cost=0.00..13.95 rows=10 width=8) (actual time=0.369..0.429 rows=10 loops=1)
         ->  Seq Scan on files  (cost=0.00..1075530.95 rows=770822 width=8) (actual time=0.367..0.426 rows=10 loops=1)
               Filter: (contents ~ 'var'::text)
               Rows Removed by Filter: 8
 Planning Time: 27.859 ms
 Execution Time: 0.459 ms
(7 rows)

Time: 29.610 ms
TIME:14:12:15
query: EXPLAIN ANALYZE select count(id) from (select id from files where contents ~ 'var' limit 10) as e;
Timing is on.
                                                      QUERY PLAN                                                       
-----------------------------------------------------------------------------------------------------------------------
 Aggregate  (cost=14.08..14.09 rows=1 width=8) (actual time=0.358..0.359 rows=1 loops=1)
   ->  Limit  (cost=0.00..13.95 rows=10 width=8) (actual time=0.329..0.354 rows=10 loops=1)
         ->  Seq Scan on files  (cost=0.00..1075530.95 rows=770822 width=8) (actual time=0.328..0.352 rows=10 loops=1)
               Filter: (contents ~ 'var'::text)
               Rows Removed by Filter: 8
 Planning Time: 27.503 ms
 Execution Time: 0.385 ms
(7 rows)

Time: 29.215 ms
TIME:14:12:16
query: EXPLAIN ANALYZE select count(id) from (select id from files where contents ~ 'var' limit 10) as e;
Timing is on.
                                                      QUERY PLAN                                                       
-----------------------------------------------------------------------------------------------------------------------
 Aggregate  (cost=14.08..14.09 rows=1 width=8) (actual time=0.325..0.326 rows=1 loops=1)
   ->  Limit  (cost=0.00..13.95 rows=10 width=8) (actual time=0.297..0.321 rows=10 loops=1)
         ->  Seq Scan on files  (cost=0.00..1075530.95 rows=770822 width=8) (actual time=0.296..0.319 rows=10 loops=1)
               Filter: (contents ~ 'var'::text)
               Rows Removed by Filter: 8
 Planning Time: 27.412 ms
 Execution Time: 0.353 ms
(7 rows)

Time: 29.064 ms
TIME:14:12:16
query: EXPLAIN ANALYZE select count(id) from (select id from files where contents ~ 'var' limit 10) as e;
Timing is on.
                                                      QUERY PLAN                                                       
-----------------------------------------------------------------------------------------------------------------------
 Aggregate  (cost=14.08..14.09 rows=1 width=8) (actual time=0.463..0.464 rows=1 loops=1)
   ->  Limit  (cost=0.00..13.95 rows=10 width=8) (actual time=0.397..0.459 rows=10 loops=1)
         ->  Seq Scan on files  (cost=0.00..1075530.95 rows=770822 width=8) (actual time=0.396..0.457 rows=10 loops=1)
               Filter: (contents ~ 'var'::text)
               Rows Removed by Filter: 8
 Planning Time: 30.171 ms
 Execution Time: 0.492 ms
(7 rows)

Time: 31.964 ms
TIME:14:12:16
query: EXPLAIN ANALYZE select count(id) from (select id from files where contents ~ 'var' limit 10) as e;
Timing is on.
                                                      QUERY PLAN                                                       
-----------------------------------------------------------------------------------------------------------------------
 Aggregate  (cost=14.08..14.09 rows=1 width=8) (actual time=0.362..0.378 rows=1 loops=1)
   ->  Limit  (cost=0.00..13.95 rows=10 width=8) (actual time=0.335..0.373 rows=10 loops=1)
         ->  Seq Scan on files  (cost=0.00..1075530.95 rows=770822 width=8) (actual time=0.334..0.372 rows=10 loops=1)
               Filter: (contents ~ 'var'::text)
               Rows Removed by Filter: 8
 Planning Time: 30.320 ms
 Execution Time: 0.445 ms
(7 rows)

Time: 32.312 ms
TIME:14:12:16
query: EXPLAIN ANALYZE select count(id) from (select id from files where contents ~ 'var' limit 10) as e;
Timing is on.
                                                      QUERY PLAN                                                       
-----------------------------------------------------------------------------------------------------------------------
 Aggregate  (cost=14.08..14.09 rows=1 width=8) (actual time=0.501..0.502 rows=1 loops=1)
   ->  Limit  (cost=0.00..13.95 rows=10 width=8) (actual time=0.453..0.498 rows=10 loops=1)
         ->  Seq Scan on files  (cost=0.00..1075530.95 rows=770822 width=8) (actual time=0.451..0.496 rows=10 loops=1)
               Filter: (contents ~ 'var'::text)
               Rows Removed by Filter: 8
 Planning Time: 29.863 ms
 Execution Time: 0.529 ms
(7 rows)

Time: 31.623 ms
TIME:14:12:17
query: EXPLAIN ANALYZE select count(id) from (select id from files where contents ~ 'var' limit 10) as e;
Timing is on.
                                                      QUERY PLAN                                                       
-----------------------------------------------------------------------------------------------------------------------
 Aggregate  (cost=14.08..14.09 rows=1 width=8) (actual time=0.468..0.469 rows=1 loops=1)
   ->  Limit  (cost=0.00..13.95 rows=10 width=8) (actual time=0.440..0.465 rows=10 loops=1)
         ->  Seq Scan on files  (cost=0.00..1075530.95 rows=770822 width=8) (actual time=0.439..0.462 rows=10 loops=1)
               Filter: (contents ~ 'var'::text)
               Rows Removed by Filter: 8
 Planning Time: 28.659 ms
 Execution Time: 0.510 ms
(7 rows)

Time: 30.569 ms
TIME:14:12:17
query: EXPLAIN ANALYZE select count(id) from (select id from files where contents ~ 'var' limit 10) as e;
Timing is on.
                                                      QUERY PLAN                                                       
-----------------------------------------------------------------------------------------------------------------------
 Aggregate  (cost=14.08..14.09 rows=1 width=8) (actual time=0.323..0.323 rows=1 loops=1)
   ->  Limit  (cost=0.00..13.95 rows=10 width=8) (actual time=0.295..0.319 rows=10 loops=1)
         ->  Seq Scan on files  (cost=0.00..1075530.95 rows=770822 width=8) (actual time=0.294..0.317 rows=10 loops=1)
               Filter: (contents ~ 'var'::text)
               Rows Removed by Filter: 8
 Planning Time: 27.328 ms
 Execution Time: 0.349 ms
(7 rows)

Time: 29.159 ms
TIME:14:12:17
query: EXPLAIN ANALYZE select count(id) from (select id from files where contents ~ 'var' limit 10) as e;
Timing is on.
                                                      QUERY PLAN                                                       
-----------------------------------------------------------------------------------------------------------------------
 Aggregate  (cost=14.08..14.09 rows=1 width=8) (actual time=0.497..0.497 rows=1 loops=1)
   ->  Limit  (cost=0.00..13.95 rows=10 width=8) (actual time=0.470..0.493 rows=10 loops=1)
         ->  Seq Scan on files  (cost=0.00..1075530.95 rows=770822 width=8) (actual time=0.469..0.491 rows=10 loops=1)
               Filter: (contents ~ 'var'::text)
               Rows Removed by Filter: 8
 Planning Time: 28.742 ms
 Execution Time: 0.521 ms
(7 rows)

Time: 30.585 ms
TIME:14:12:17
query: EXPLAIN ANALYZE select count(id) from (select id from files where contents ~ 'var' limit 10) as e;
Timing is on.
                                                      QUERY PLAN                                                       
-----------------------------------------------------------------------------------------------------------------------
 Aggregate  (cost=14.08..14.09 rows=1 width=8) (actual time=0.397..0.398 rows=1 loops=1)
   ->  Limit  (cost=0.00..13.95 rows=10 width=8) (actual time=0.369..0.393 rows=10 loops=1)
         ->  Seq Scan on files  (cost=0.00..1075530.95 rows=770822 width=8) (actual time=0.368..0.391 rows=10 loops=1)
               Filter: (contents ~ 'var'::text)
               Rows Removed by Filter: 8
 Planning Time: 28.595 ms
 Execution Time: 0.423 ms
(7 rows)

Time: 30.456 ms
TIME:14:12:18
query: EXPLAIN ANALYZE select count(id) from (select id from files where contents ~ 'var' limit 10) as e;
Timing is on.
                                                      QUERY PLAN                                                       
-----------------------------------------------------------------------------------------------------------------------
 Aggregate  (cost=14.08..14.09 rows=1 width=8) (actual time=0.483..0.484 rows=1 loops=1)
   ->  Limit  (cost=0.00..13.95 rows=10 width=8) (actual time=0.440..0.479 rows=10 loops=1)
         ->  Seq Scan on files  (cost=0.00..1075530.95 rows=770822 width=8) (actual time=0.439..0.477 rows=10 loops=1)
               Filter: (contents ~ 'var'::text)
               Rows Removed by Filter: 8
 Planning Time: 28.548 ms
 Execution Time: 0.509 ms
(7 rows)

Time: 30.387 ms
TIME:14:12:18
query: EXPLAIN ANALYZE select count(id) from (select id from files where contents ~ 'var' limit 10) as e;
Timing is on.
                                                      QUERY PLAN                                                       
-----------------------------------------------------------------------------------------------------------------------
 Aggregate  (cost=14.08..14.09 rows=1 width=8) (actual time=0.529..0.530 rows=1 loops=1)
   ->  Limit  (cost=0.00..13.95 rows=10 width=8) (actual time=0.502..0.525 rows=10 loops=1)
         ->  Seq Scan on files  (cost=0.00..1075530.95 rows=770822 width=8) (actual time=0.501..0.523 rows=10 loops=1)
               Filter: (contents ~ 'var'::text)
               Rows Removed by Filter: 8
 Planning Time: 28.116 ms
 Execution Time: 0.556 ms
(7 rows)

Time: 29.848 ms
TIME:14:12:18
query: EXPLAIN ANALYZE select count(id) from (select id from files where contents ~ 'var' limit 10) as e;
Timing is on.
                                                      QUERY PLAN                                                       
-----------------------------------------------------------------------------------------------------------------------
 Aggregate  (cost=14.08..14.09 rows=1 width=8) (actual time=0.603..0.604 rows=1 loops=1)
   ->  Limit  (cost=0.00..13.95 rows=10 width=8) (actual time=0.520..0.600 rows=10 loops=1)
         ->  Seq Scan on files  (cost=0.00..1075530.95 rows=770822 width=8) (actual time=0.519..0.597 rows=10 loops=1)
               Filter: (contents ~ 'var'::text)
               Rows Removed by Filter: 8
 Planning Time: 28.239 ms
 Execution Time: 0.635 ms
(7 rows)

Time: 30.111 ms
TIME:14:12:18
query: EXPLAIN ANALYZE select count(id) from (select id from files where contents ~ 'var' limit 10) as e;
Timing is on.
                                                      QUERY PLAN                                                       
-----------------------------------------------------------------------------------------------------------------------
 Aggregate  (cost=14.08..14.09 rows=1 width=8) (actual time=0.528..0.529 rows=1 loops=1)
   ->  Limit  (cost=0.00..13.95 rows=10 width=8) (actual time=0.500..0.525 rows=10 loops=1)
         ->  Seq Scan on files  (cost=0.00..1075530.95 rows=770822 width=8) (actual time=0.499..0.523 rows=10 loops=1)
               Filter: (contents ~ 'var'::text)
               Rows Removed by Filter: 8
 Planning Time: 27.820 ms
 Execution Time: 0.555 ms
(7 rows)

Time: 29.607 ms
TIME:14:12:19
query: EXPLAIN ANALYZE select count(id) from (select id from files where contents ~ 'var' limit 10) as e;
Timing is on.
                                                      QUERY PLAN                                                       
-----------------------------------------------------------------------------------------------------------------------
 Aggregate  (cost=14.08..14.09 rows=1 width=8) (actual time=0.568..0.569 rows=1 loops=1)
   ->  Limit  (cost=0.00..13.95 rows=10 width=8) (actual time=0.539..0.564 rows=10 loops=1)
         ->  Seq Scan on files  (cost=0.00..1075530.95 rows=770822 width=8) (actual time=0.538..0.562 rows=10 loops=1)
               Filter: (contents ~ 'var'::text)
               Rows Removed by Filter: 8
 Planning Time: 25.315 ms
 Execution Time: 0.612 ms
(7 rows)

Time: 27.166 ms
TIME:14:12:19
query: EXPLAIN ANALYZE select count(id) from (select id from files where contents ~ 'var' limit 10) as e;
Timing is on.
                                                      QUERY PLAN                                                       
-----------------------------------------------------------------------------------------------------------------------
 Aggregate  (cost=14.08..14.09 rows=1 width=8) (actual time=0.343..0.343 rows=1 loops=1)
   ->  Limit  (cost=0.00..13.95 rows=10 width=8) (actual time=0.315..0.339 rows=10 loops=1)
         ->  Seq Scan on files  (cost=0.00..1075530.95 rows=770822 width=8) (actual time=0.314..0.338 rows=10 loops=1)
               Filter: (contents ~ 'var'::text)
               Rows Removed by Filter: 8
 Planning Time: 25.551 ms
 Execution Time: 0.384 ms
(7 rows)

Time: 27.286 ms
TIME:14:12:19
query: EXPLAIN ANALYZE select count(id) from (select id from files where contents ~ 'var' limit 10) as e;
Timing is on.
                                                      QUERY PLAN                                                       
-----------------------------------------------------------------------------------------------------------------------
 Aggregate  (cost=14.08..14.09 rows=1 width=8) (actual time=0.424..0.425 rows=1 loops=1)
   ->  Limit  (cost=0.00..13.95 rows=10 width=8) (actual time=0.380..0.420 rows=10 loops=1)
         ->  Seq Scan on files  (cost=0.00..1075530.95 rows=770822 width=8) (actual time=0.378..0.418 rows=10 loops=1)
               Filter: (contents ~ 'var'::text)
               Rows Removed by Filter: 8
 Planning Time: 26.436 ms
 Execution Time: 0.450 ms
(7 rows)

Time: 28.434 ms
TIME:14:12:20
query: EXPLAIN ANALYZE select count(id) from (select id from files where contents ~ 'var' limit 10) as e;
Timing is on.
                                                      QUERY PLAN                                                       
-----------------------------------------------------------------------------------------------------------------------
 Aggregate  (cost=14.08..14.09 rows=1 width=8) (actual time=0.360..0.360 rows=1 loops=1)
   ->  Limit  (cost=0.00..13.95 rows=10 width=8) (actual time=0.294..0.355 rows=10 loops=1)
         ->  Seq Scan on files  (cost=0.00..1075530.95 rows=770822 width=8) (actual time=0.293..0.353 rows=10 loops=1)
               Filter: (contents ~ 'var'::text)
               Rows Removed by Filter: 8
 Planning Time: 29.993 ms
 Execution Time: 0.388 ms
(7 rows)

Time: 31.676 ms
TIME:14:12:20
query: EXPLAIN ANALYZE select count(id) from (select id from files where contents ~ 'var' limit 10) as e;
Timing is on.
                                                      QUERY PLAN                                                       
-----------------------------------------------------------------------------------------------------------------------
 Aggregate  (cost=14.08..14.09 rows=1 width=8) (actual time=0.490..0.490 rows=1 loops=1)
   ->  Limit  (cost=0.00..13.95 rows=10 width=8) (actual time=0.444..0.486 rows=10 loops=1)
         ->  Seq Scan on files  (cost=0.00..1075530.95 rows=770822 width=8) (actual time=0.443..0.484 rows=10 loops=1)
               Filter: (contents ~ 'var'::text)
               Rows Removed by Filter: 8
 Planning Time: 29.133 ms
 Execution Time: 0.516 ms
(7 rows)

Time: 30.913 ms
TIME:14:12:20
query: EXPLAIN ANALYZE select count(id) from (select id from files where contents ~ 'var' limit 10) as e;
Timing is on.
                                                      QUERY PLAN                                                       
-----------------------------------------------------------------------------------------------------------------------
 Aggregate  (cost=14.08..14.09 rows=1 width=8) (actual time=0.489..0.490 rows=1 loops=1)
   ->  Limit  (cost=0.00..13.95 rows=10 width=8) (actual time=0.464..0.486 rows=10 loops=1)
         ->  Seq Scan on files  (cost=0.00..1075530.95 rows=770822 width=8) (actual time=0.463..0.484 rows=10 loops=1)
               Filter: (contents ~ 'var'::text)
               Rows Removed by Filter: 8
 Planning Time: 28.800 ms
 Execution Time: 0.560 ms
(7 rows)

Time: 30.671 ms
TIME:14:12:20
query: EXPLAIN ANALYZE select count(id) from (select id from files where contents ~ 'var' limit 10) as e;
Timing is on.
                                                      QUERY PLAN                                                       
-----------------------------------------------------------------------------------------------------------------------
 Aggregate  (cost=14.08..14.09 rows=1 width=8) (actual time=0.410..0.410 rows=1 loops=1)
   ->  Limit  (cost=0.00..13.95 rows=10 width=8) (actual time=0.383..0.406 rows=10 loops=1)
         ->  Seq Scan on files  (cost=0.00..1075530.95 rows=770822 width=8) (actual time=0.382..0.404 rows=10 loops=1)
               Filter: (contents ~ 'var'::text)
               Rows Removed by Filter: 8
 Planning Time: 26.903 ms
 Execution Time: 0.453 ms
(7 rows)

Time: 28.787 ms
TIME:14:12:21
query: EXPLAIN ANALYZE select count(id) from (select id from files where contents ~ 'var' limit 10) as e;
Timing is on.
                                                      QUERY PLAN                                                       
-----------------------------------------------------------------------------------------------------------------------
 Aggregate  (cost=14.08..14.09 rows=1 width=8) (actual time=0.391..0.392 rows=1 loops=1)
   ->  Limit  (cost=0.00..13.95 rows=10 width=8) (actual time=0.347..0.388 rows=10 loops=1)
         ->  Seq Scan on files  (cost=0.00..1075530.95 rows=770822 width=8) (actual time=0.346..0.368 rows=10 loops=1)
               Filter: (contents ~ 'var'::text)
               Rows Removed by Filter: 8
 Planning Time: 26.024 ms
 Execution Time: 0.415 ms
(7 rows)

Time: 27.671 ms
TIME:14:12:21
query: EXPLAIN ANALYZE select count(id) from (select id from files where contents ~ 'var' limit 10) as e;
Timing is on.
                                                      QUERY PLAN                                                       
-----------------------------------------------------------------------------------------------------------------------
 Aggregate  (cost=14.08..14.09 rows=1 width=8) (actual time=0.478..0.479 rows=1 loops=1)
   ->  Limit  (cost=0.00..13.95 rows=10 width=8) (actual time=0.452..0.475 rows=10 loops=1)
         ->  Seq Scan on files  (cost=0.00..1075530.95 rows=770822 width=8) (actual time=0.451..0.473 rows=10 loops=1)
               Filter: (contents ~ 'var'::text)
               Rows Removed by Filter: 8
 Planning Time: 30.599 ms
 Execution Time: 0.536 ms
(7 rows)

Time: 32.464 ms
TIME:14:12:21
query: EXPLAIN ANALYZE select count(id) from (select id from files where contents ~ 'var' limit 10) as e;
Timing is on.
                                                      QUERY PLAN                                                       
-----------------------------------------------------------------------------------------------------------------------
 Aggregate  (cost=14.08..14.09 rows=1 width=8) (actual time=0.381..0.381 rows=1 loops=1)
   ->  Limit  (cost=0.00..13.95 rows=10 width=8) (actual time=0.317..0.377 rows=10 loops=1)
         ->  Seq Scan on files  (cost=0.00..1075530.95 rows=770822 width=8) (actual time=0.316..0.375 rows=10 loops=1)
               Filter: (contents ~ 'var'::text)
               Rows Removed by Filter: 8
 Planning Time: 28.009 ms
 Execution Time: 0.407 ms
(7 rows)

Time: 29.700 ms
TIME:14:12:21
query: EXPLAIN ANALYZE select count(id) from (select id from files where contents ~ 'var' limit 10) as e;
Timing is on.
                                                      QUERY PLAN                                                       
-----------------------------------------------------------------------------------------------------------------------
 Aggregate  (cost=14.08..14.09 rows=1 width=8) (actual time=0.282..0.283 rows=1 loops=1)
   ->  Limit  (cost=0.00..13.95 rows=10 width=8) (actual time=0.256..0.279 rows=10 loops=1)
         ->  Seq Scan on files  (cost=0.00..1075530.95 rows=770822 width=8) (actual time=0.255..0.277 rows=10 loops=1)
               Filter: (contents ~ 'var'::text)
               Rows Removed by Filter: 8
 Planning Time: 29.069 ms
 Execution Time: 0.309 ms
(7 rows)

Time: 30.563 ms
TIME:14:12:22
query: EXPLAIN ANALYZE select count(id) from (select id from files where contents ~ 'var' limit 10) as e;
Timing is on.
                                                      QUERY PLAN                                                       
-----------------------------------------------------------------------------------------------------------------------
 Aggregate  (cost=14.08..14.09 rows=1 width=8) (actual time=0.624..0.625 rows=1 loops=1)
   ->  Limit  (cost=0.00..13.95 rows=10 width=8) (actual time=0.479..0.620 rows=10 loops=1)
         ->  Seq Scan on files  (cost=0.00..1075530.95 rows=770822 width=8) (actual time=0.477..0.618 rows=10 loops=1)
               Filter: (contents ~ 'var'::text)
               Rows Removed by Filter: 8
 Planning Time: 28.156 ms
 Execution Time: 0.666 ms
(7 rows)

Time: 30.046 ms
TIME:14:12:22
query: EXPLAIN ANALYZE select count(id) from (select id from files where contents ~ 'var' limit 10) as e;
Timing is on.
                                                      QUERY PLAN                                                       
-----------------------------------------------------------------------------------------------------------------------
 Aggregate  (cost=14.08..14.09 rows=1 width=8) (actual time=0.801..0.802 rows=1 loops=1)
   ->  Limit  (cost=0.00..13.95 rows=10 width=8) (actual time=0.769..0.795 rows=10 loops=1)
         ->  Seq Scan on files  (cost=0.00..1075530.95 rows=770822 width=8) (actual time=0.766..0.791 rows=10 loops=1)
               Filter: (contents ~ 'var'::text)
               Rows Removed by Filter: 8
 Planning Time: 31.732 ms
 Execution Time: 0.876 ms
(7 rows)

Time: 34.230 ms
limit 10: '123456789'
TIME:14:12:22
query: EXPLAIN ANALYZE select count(id) from (select id from files where contents ~ '123456789' limit 10) as e;
Timing is on.
                                                                        QUERY PLAN                                                                        
----------------------------------------------------------------------------------------------------------------------------------------------------------
 Aggregate  (cost=222.85..222.86 rows=1 width=8) (actual time=402.387..402.389 rows=1 loops=1)
   ->  Limit  (cost=211.85..222.72 rows=10 width=8) (actual time=341.585..402.374 rows=10 loops=1)
         ->  Bitmap Heap Scan on files  (cost=211.85..21141.42 rows=19245 width=8) (actual time=341.583..402.366 rows=10 loops=1)
               Recheck Cond: (contents ~ '123456789'::text)
               Rows Removed by Index Recheck: 5
               Heap Blocks: exact=12
               ->  Bitmap Index Scan on files_contents_trgm_idx  (cost=0.00..207.03 rows=19245 width=0) (actual time=325.765..325.765 rows=94730 loops=1)
                     Index Cond: (contents ~ '123456789'::text)
 Planning Time: 26.492 ms
 Execution Time: 404.290 ms
(10 rows)

Time: 432.071 ms
TIME:14:12:23
query: EXPLAIN ANALYZE select count(id) from (select id from files where contents ~ '123456789' limit 10) as e;
Timing is on.
                                                                       QUERY PLAN                                                                       
--------------------------------------------------------------------------------------------------------------------------------------------------------
 Aggregate  (cost=222.85..222.86 rows=1 width=8) (actual time=134.915..134.917 rows=1 loops=1)
   ->  Limit  (cost=211.85..222.72 rows=10 width=8) (actual time=104.814..134.902 rows=10 loops=1)
         ->  Bitmap Heap Scan on files  (cost=211.85..21141.42 rows=19245 width=8) (actual time=104.813..134.884 rows=10 loops=1)
               Recheck Cond: (contents ~ '123456789'::text)
               Rows Removed by Index Recheck: 5
               Heap Blocks: exact=12
               ->  Bitmap Index Scan on files_contents_trgm_idx  (cost=0.00..207.03 rows=19245 width=0) (actual time=89.410..89.411 rows=94730 loops=1)
                     Index Cond: (contents ~ '123456789'::text)
 Planning Time: 30.123 ms
 Execution Time: 136.603 ms
(10 rows)

Time: 168.078 ms
TIME:14:12:23
query: EXPLAIN ANALYZE select count(id) from (select id from files where contents ~ '123456789' limit 10) as e;
Timing is on.
                                                                       QUERY PLAN                                                                       
--------------------------------------------------------------------------------------------------------------------------------------------------------
 Aggregate  (cost=222.85..222.86 rows=1 width=8) (actual time=136.041..136.043 rows=1 loops=1)
   ->  Limit  (cost=211.85..222.72 rows=10 width=8) (actual time=104.566..136.013 rows=10 loops=1)
         ->  Bitmap Heap Scan on files  (cost=211.85..21141.42 rows=19245 width=8) (actual time=104.565..136.007 rows=10 loops=1)
               Recheck Cond: (contents ~ '123456789'::text)
               Rows Removed by Index Recheck: 5
               Heap Blocks: exact=12
               ->  Bitmap Index Scan on files_contents_trgm_idx  (cost=0.00..207.03 rows=19245 width=0) (actual time=89.175..89.175 rows=94730 loops=1)
                     Index Cond: (contents ~ '123456789'::text)
 Planning Time: 28.406 ms
 Execution Time: 137.893 ms
(10 rows)

Time: 167.952 ms
TIME:14:12:23
query: EXPLAIN ANALYZE select count(id) from (select id from files where contents ~ '123456789' limit 10) as e;
Timing is on.
                                                                       QUERY PLAN                                                                       
--------------------------------------------------------------------------------------------------------------------------------------------------------
 Aggregate  (cost=222.85..222.86 rows=1 width=8) (actual time=140.620..140.621 rows=1 loops=1)
   ->  Limit  (cost=211.85..222.72 rows=10 width=8) (actual time=109.624..140.610 rows=10 loops=1)
         ->  Bitmap Heap Scan on files  (cost=211.85..21141.42 rows=19245 width=8) (actual time=109.623..140.604 rows=10 loops=1)
               Recheck Cond: (contents ~ '123456789'::text)
               Rows Removed by Index Recheck: 5
               Heap Blocks: exact=12
               ->  Bitmap Index Scan on files_contents_trgm_idx  (cost=0.00..207.03 rows=19245 width=0) (actual time=94.364..94.365 rows=94730 loops=1)
                     Index Cond: (contents ~ '123456789'::text)
 Planning Time: 31.245 ms
 Execution Time: 142.397 ms
(10 rows)

Time: 175.066 ms
TIME:14:12:24
query: EXPLAIN ANALYZE select count(id) from (select id from files where contents ~ '123456789' limit 10) as e;
Timing is on.
                                                                       QUERY PLAN                                                                       
--------------------------------------------------------------------------------------------------------------------------------------------------------
 Aggregate  (cost=222.85..222.86 rows=1 width=8) (actual time=137.003..137.004 rows=1 loops=1)
   ->  Limit  (cost=211.85..222.72 rows=10 width=8) (actual time=105.538..136.993 rows=10 loops=1)
         ->  Bitmap Heap Scan on files  (cost=211.85..21141.42 rows=19245 width=8) (actual time=105.537..136.987 rows=10 loops=1)
               Recheck Cond: (contents ~ '123456789'::text)
               Rows Removed by Index Recheck: 5
               Heap Blocks: exact=12
               ->  Bitmap Index Scan on files_contents_trgm_idx  (cost=0.00..207.03 rows=19245 width=0) (actual time=90.085..90.086 rows=94730 loops=1)
                     Index Cond: (contents ~ '123456789'::text)
 Planning Time: 29.871 ms
 Execution Time: 138.770 ms
(10 rows)

Time: 169.907 ms
TIME:14:12:24
query: EXPLAIN ANALYZE select count(id) from (select id from files where contents ~ '123456789' limit 10) as e;
Timing is on.
                                                                       QUERY PLAN                                                                       
--------------------------------------------------------------------------------------------------------------------------------------------------------
 Aggregate  (cost=222.85..222.86 rows=1 width=8) (actual time=133.706..133.708 rows=1 loops=1)
   ->  Limit  (cost=211.85..222.72 rows=10 width=8) (actual time=103.997..133.697 rows=10 loops=1)
         ->  Bitmap Heap Scan on files  (cost=211.85..21141.42 rows=19245 width=8) (actual time=103.996..133.691 rows=10 loops=1)
               Recheck Cond: (contents ~ '123456789'::text)
               Rows Removed by Index Recheck: 5
               Heap Blocks: exact=12
               ->  Bitmap Index Scan on files_contents_trgm_idx  (cost=0.00..207.03 rows=19245 width=0) (actual time=87.905..87.906 rows=94730 loops=1)
                     Index Cond: (contents ~ '123456789'::text)
 Planning Time: 28.937 ms
 Execution Time: 135.420 ms
(10 rows)

Time: 166.333 ms
TIME:14:12:25
query: EXPLAIN ANALYZE select count(id) from (select id from files where contents ~ '123456789' limit 10) as e;
Timing is on.
                                                                       QUERY PLAN                                                                       
--------------------------------------------------------------------------------------------------------------------------------------------------------
 Aggregate  (cost=222.85..222.86 rows=1 width=8) (actual time=142.120..142.121 rows=1 loops=1)
   ->  Limit  (cost=211.85..222.72 rows=10 width=8) (actual time=111.930..142.110 rows=10 loops=1)
         ->  Bitmap Heap Scan on files  (cost=211.85..21141.42 rows=19245 width=8) (actual time=111.924..142.100 rows=10 loops=1)
               Recheck Cond: (contents ~ '123456789'::text)
               Rows Removed by Index Recheck: 5
               Heap Blocks: exact=12
               ->  Bitmap Index Scan on files_contents_trgm_idx  (cost=0.00..207.03 rows=19245 width=0) (actual time=94.913..94.914 rows=94730 loops=1)
                     Index Cond: (contents ~ '123456789'::text)
 Planning Time: 28.058 ms
 Execution Time: 143.833 ms
(10 rows)

Time: 173.284 ms
TIME:14:12:25
query: EXPLAIN ANALYZE select count(id) from (select id from files where contents ~ '123456789' limit 10) as e;
Timing is on.
                                                                       QUERY PLAN                                                                       
--------------------------------------------------------------------------------------------------------------------------------------------------------
 Aggregate  (cost=222.85..222.86 rows=1 width=8) (actual time=150.457..150.458 rows=1 loops=1)
   ->  Limit  (cost=211.85..222.72 rows=10 width=8) (actual time=116.762..150.415 rows=10 loops=1)
         ->  Bitmap Heap Scan on files  (cost=211.85..21141.42 rows=19245 width=8) (actual time=116.761..150.409 rows=10 loops=1)
               Recheck Cond: (contents ~ '123456789'::text)
               Rows Removed by Index Recheck: 5
               Heap Blocks: exact=12
               ->  Bitmap Index Scan on files_contents_trgm_idx  (cost=0.00..207.03 rows=19245 width=0) (actual time=98.627..98.627 rows=94730 loops=1)
                     Index Cond: (contents ~ '123456789'::text)
 Planning Time: 29.373 ms
 Execution Time: 152.235 ms
(10 rows)

Time: 183.135 ms
TIME:14:12:25
query: EXPLAIN ANALYZE select count(id) from (select id from files where contents ~ '123456789' limit 10) as e;
Timing is on.
                                                                       QUERY PLAN                                                                       
--------------------------------------------------------------------------------------------------------------------------------------------------------
 Aggregate  (cost=222.85..222.86 rows=1 width=8) (actual time=135.055..135.056 rows=1 loops=1)
   ->  Limit  (cost=211.85..222.72 rows=10 width=8) (actual time=104.365..135.043 rows=10 loops=1)
         ->  Bitmap Heap Scan on files  (cost=211.85..21141.42 rows=19245 width=8) (actual time=104.363..135.032 rows=10 loops=1)
               Recheck Cond: (contents ~ '123456789'::text)
               Rows Removed by Index Recheck: 5
               Heap Blocks: exact=12
               ->  Bitmap Index Scan on files_contents_trgm_idx  (cost=0.00..207.03 rows=19245 width=0) (actual time=87.869..87.870 rows=94730 loops=1)
                     Index Cond: (contents ~ '123456789'::text)
 Planning Time: 28.356 ms
 Execution Time: 136.863 ms
(10 rows)

Time: 166.659 ms
TIME:14:12:26
query: EXPLAIN ANALYZE select count(id) from (select id from files where contents ~ '123456789' limit 10) as e;
Timing is on.
                                                                       QUERY PLAN                                                                       
--------------------------------------------------------------------------------------------------------------------------------------------------------
 Aggregate  (cost=222.85..222.86 rows=1 width=8) (actual time=133.338..133.340 rows=1 loops=1)
   ->  Limit  (cost=211.85..222.72 rows=10 width=8) (actual time=102.115..133.328 rows=10 loops=1)
         ->  Bitmap Heap Scan on files  (cost=211.85..21141.42 rows=19245 width=8) (actual time=102.113..133.323 rows=10 loops=1)
               Recheck Cond: (contents ~ '123456789'::text)
               Rows Removed by Index Recheck: 5
               Heap Blocks: exact=12
               ->  Bitmap Index Scan on files_contents_trgm_idx  (cost=0.00..207.03 rows=19245 width=0) (actual time=86.929..86.930 rows=94730 loops=1)
                     Index Cond: (contents ~ '123456789'::text)
 Planning Time: 29.234 ms
 Execution Time: 135.246 ms
(10 rows)

Time: 166.136 ms
TIME:14:12:26
query: EXPLAIN ANALYZE select count(id) from (select id from files where contents ~ '123456789' limit 10) as e;
Timing is on.
                                                                       QUERY PLAN                                                                       
--------------------------------------------------------------------------------------------------------------------------------------------------------
 Aggregate  (cost=222.85..222.86 rows=1 width=8) (actual time=132.987..132.988 rows=1 loops=1)
   ->  Limit  (cost=211.85..222.72 rows=10 width=8) (actual time=101.955..132.977 rows=10 loops=1)
         ->  Bitmap Heap Scan on files  (cost=211.85..21141.42 rows=19245 width=8) (actual time=101.938..132.955 rows=10 loops=1)
               Recheck Cond: (contents ~ '123456789'::text)
               Rows Removed by Index Recheck: 5
               Heap Blocks: exact=12
               ->  Bitmap Index Scan on files_contents_trgm_idx  (cost=0.00..207.03 rows=19245 width=0) (actual time=86.681..86.682 rows=94730 loops=1)
                     Index Cond: (contents ~ '123456789'::text)
 Planning Time: 25.917 ms
 Execution Time: 134.723 ms
(10 rows)

Time: 161.961 ms
TIME:14:12:27
query: EXPLAIN ANALYZE select count(id) from (select id from files where contents ~ '123456789' limit 10) as e;
Timing is on.
                                                                       QUERY PLAN                                                                       
--------------------------------------------------------------------------------------------------------------------------------------------------------
 Aggregate  (cost=222.85..222.86 rows=1 width=8) (actual time=135.433..135.434 rows=1 loops=1)
   ->  Limit  (cost=211.85..222.72 rows=10 width=8) (actual time=103.658..135.423 rows=10 loops=1)
         ->  Bitmap Heap Scan on files  (cost=211.85..21141.42 rows=19245 width=8) (actual time=103.657..135.418 rows=10 loops=1)
               Recheck Cond: (contents ~ '123456789'::text)
               Rows Removed by Index Recheck: 5
               Heap Blocks: exact=12
               ->  Bitmap Index Scan on files_contents_trgm_idx  (cost=0.00..207.03 rows=19245 width=0) (actual time=88.427..88.427 rows=94730 loops=1)
                     Index Cond: (contents ~ '123456789'::text)
 Planning Time: 26.743 ms
 Execution Time: 137.150 ms
(10 rows)

Time: 165.316 ms
TIME:14:12:27
query: EXPLAIN ANALYZE select count(id) from (select id from files where contents ~ '123456789' limit 10) as e;
Timing is on.
                                                                       QUERY PLAN                                                                       
--------------------------------------------------------------------------------------------------------------------------------------------------------
 Aggregate  (cost=222.85..222.86 rows=1 width=8) (actual time=140.289..140.291 rows=1 loops=1)
   ->  Limit  (cost=211.85..222.72 rows=10 width=8) (actual time=106.190..140.276 rows=10 loops=1)
         ->  Bitmap Heap Scan on files  (cost=211.85..21141.42 rows=19245 width=8) (actual time=106.189..140.269 rows=10 loops=1)
               Recheck Cond: (contents ~ '123456789'::text)
               Rows Removed by Index Recheck: 5
               Heap Blocks: exact=12
               ->  Bitmap Index Scan on files_contents_trgm_idx  (cost=0.00..207.03 rows=19245 width=0) (actual time=90.604..90.605 rows=94730 loops=1)
                     Index Cond: (contents ~ '123456789'::text)
 Planning Time: 28.700 ms
 Execution Time: 142.008 ms
(10 rows)

Time: 172.077 ms
TIME:14:12:27
query: EXPLAIN ANALYZE select count(id) from (select id from files where contents ~ '123456789' limit 10) as e;
Timing is on.
                                                                       QUERY PLAN                                                                       
--------------------------------------------------------------------------------------------------------------------------------------------------------
 Aggregate  (cost=222.85..222.86 rows=1 width=8) (actual time=137.620..137.621 rows=1 loops=1)
   ->  Limit  (cost=211.85..222.72 rows=10 width=8) (actual time=108.130..137.610 rows=10 loops=1)
         ->  Bitmap Heap Scan on files  (cost=211.85..21141.42 rows=19245 width=8) (actual time=108.129..137.604 rows=10 loops=1)
               Recheck Cond: (contents ~ '123456789'::text)
               Rows Removed by Index Recheck: 5
               Heap Blocks: exact=12
               ->  Bitmap Index Scan on files_contents_trgm_idx  (cost=0.00..207.03 rows=19245 width=0) (actual time=91.644..91.644 rows=94730 loops=1)
                     Index Cond: (contents ~ '123456789'::text)
 Planning Time: 28.573 ms
 Execution Time: 139.315 ms
(10 rows)

Time: 169.289 ms
TIME:14:12:28
query: EXPLAIN ANALYZE select count(id) from (select id from files where contents ~ '123456789' limit 10) as e;
Timing is on.
                                                                       QUERY PLAN                                                                       
--------------------------------------------------------------------------------------------------------------------------------------------------------
 Aggregate  (cost=222.85..222.86 rows=1 width=8) (actual time=136.305..136.307 rows=1 loops=1)
   ->  Limit  (cost=211.85..222.72 rows=10 width=8) (actual time=105.607..136.279 rows=10 loops=1)
         ->  Bitmap Heap Scan on files  (cost=211.85..21141.42 rows=19245 width=8) (actual time=105.606..136.273 rows=10 loops=1)
               Recheck Cond: (contents ~ '123456789'::text)
               Rows Removed by Index Recheck: 5
               Heap Blocks: exact=12
               ->  Bitmap Index Scan on files_contents_trgm_idx  (cost=0.00..207.03 rows=19245 width=0) (actual time=90.880..90.880 rows=94730 loops=1)
                     Index Cond: (contents ~ '123456789'::text)
 Planning Time: 26.383 ms
 Execution Time: 138.040 ms
(10 rows)

Time: 165.812 ms
TIME:14:12:28
query: EXPLAIN ANALYZE select count(id) from (select id from files where contents ~ '123456789' limit 10) as e;
Timing is on.
                                                                       QUERY PLAN                                                                       
--------------------------------------------------------------------------------------------------------------------------------------------------------
 Aggregate  (cost=222.85..222.86 rows=1 width=8) (actual time=136.228..136.229 rows=1 loops=1)
   ->  Limit  (cost=211.85..222.72 rows=10 width=8) (actual time=106.292..136.203 rows=10 loops=1)
         ->  Bitmap Heap Scan on files  (cost=211.85..21141.42 rows=19245 width=8) (actual time=106.290..136.197 rows=10 loops=1)
               Recheck Cond: (contents ~ '123456789'::text)
               Rows Removed by Index Recheck: 5
               Heap Blocks: exact=12
               ->  Bitmap Index Scan on files_contents_trgm_idx  (cost=0.00..207.03 rows=19245 width=0) (actual time=90.772..90.773 rows=94730 loops=1)
                     Index Cond: (contents ~ '123456789'::text)
 Planning Time: 31.015 ms
 Execution Time: 137.866 ms
(10 rows)

Time: 170.821 ms
TIME:14:12:29
query: EXPLAIN ANALYZE select count(id) from (select id from files where contents ~ '123456789' limit 10) as e;
Timing is on.
                                                                       QUERY PLAN                                                                       
--------------------------------------------------------------------------------------------------------------------------------------------------------
 Aggregate  (cost=222.85..222.86 rows=1 width=8) (actual time=142.947..142.949 rows=1 loops=1)
   ->  Limit  (cost=211.85..222.72 rows=10 width=8) (actual time=111.432..142.936 rows=10 loops=1)
         ->  Bitmap Heap Scan on files  (cost=211.85..21141.42 rows=19245 width=8) (actual time=111.430..142.930 rows=10 loops=1)
               Recheck Cond: (contents ~ '123456789'::text)
               Rows Removed by Index Recheck: 5
               Heap Blocks: exact=12
               ->  Bitmap Index Scan on files_contents_trgm_idx  (cost=0.00..207.03 rows=19245 width=0) (actual time=92.624..92.624 rows=94730 loops=1)
                     Index Cond: (contents ~ '123456789'::text)
 Planning Time: 28.305 ms
 Execution Time: 144.812 ms
(10 rows)

Time: 174.631 ms
TIME:14:12:29
query: EXPLAIN ANALYZE select count(id) from (select id from files where contents ~ '123456789' limit 10) as e;
Timing is on.
                                                                       QUERY PLAN                                                                       
--------------------------------------------------------------------------------------------------------------------------------------------------------
 Aggregate  (cost=222.85..222.86 rows=1 width=8) (actual time=134.613..134.615 rows=1 loops=1)
   ->  Limit  (cost=211.85..222.72 rows=10 width=8) (actual time=104.645..134.603 rows=10 loops=1)
         ->  Bitmap Heap Scan on files  (cost=211.85..21141.42 rows=19245 width=8) (actual time=104.643..134.598 rows=10 loops=1)
               Recheck Cond: (contents ~ '123456789'::text)
               Rows Removed by Index Recheck: 5
               Heap Blocks: exact=12
               ->  Bitmap Index Scan on files_contents_trgm_idx  (cost=0.00..207.03 rows=19245 width=0) (actual time=89.449..89.449 rows=94730 loops=1)
                     Index Cond: (contents ~ '123456789'::text)
 Planning Time: 28.756 ms
 Execution Time: 136.296 ms
(10 rows)

Time: 166.378 ms
TIME:14:12:29
query: EXPLAIN ANALYZE select count(id) from (select id from files where contents ~ '123456789' limit 10) as e;
Timing is on.
                                                                       QUERY PLAN                                                                       
--------------------------------------------------------------------------------------------------------------------------------------------------------
 Aggregate  (cost=222.85..222.86 rows=1 width=8) (actual time=139.679..139.680 rows=1 loops=1)
   ->  Limit  (cost=211.85..222.72 rows=10 width=8) (actual time=109.383..139.663 rows=10 loops=1)
         ->  Bitmap Heap Scan on files  (cost=211.85..21141.42 rows=19245 width=8) (actual time=109.381..139.652 rows=10 loops=1)
               Recheck Cond: (contents ~ '123456789'::text)
               Rows Removed by Index Recheck: 5
               Heap Blocks: exact=12
               ->  Bitmap Index Scan on files_contents_trgm_idx  (cost=0.00..207.03 rows=19245 width=0) (actual time=93.240..93.240 rows=94730 loops=1)
                     Index Cond: (contents ~ '123456789'::text)
 Planning Time: 29.486 ms
 Execution Time: 141.521 ms
(10 rows)

Time: 172.557 ms
TIME:14:12:30
query: EXPLAIN ANALYZE select count(id) from (select id from files where contents ~ '123456789' limit 10) as e;
Timing is on.
                                                                       QUERY PLAN                                                                       
--------------------------------------------------------------------------------------------------------------------------------------------------------
 Aggregate  (cost=222.85..222.86 rows=1 width=8) (actual time=146.690..146.692 rows=1 loops=1)
   ->  Limit  (cost=211.85..222.72 rows=10 width=8) (actual time=110.664..146.676 rows=10 loops=1)
         ->  Bitmap Heap Scan on files  (cost=211.85..21141.42 rows=19245 width=8) (actual time=110.663..146.667 rows=10 loops=1)
               Recheck Cond: (contents ~ '123456789'::text)
               Rows Removed by Index Recheck: 5
               Heap Blocks: exact=12
               ->  Bitmap Index Scan on files_contents_trgm_idx  (cost=0.00..207.03 rows=19245 width=0) (actual time=91.535..91.536 rows=94730 loops=1)
                     Index Cond: (contents ~ '123456789'::text)
 Planning Time: 27.747 ms
 Execution Time: 148.747 ms
(10 rows)

Time: 177.899 ms
TIME:14:12:30
query: EXPLAIN ANALYZE select count(id) from (select id from files where contents ~ '123456789' limit 10) as e;
Timing is on.
                                                                       QUERY PLAN                                                                       
--------------------------------------------------------------------------------------------------------------------------------------------------------
 Aggregate  (cost=222.85..222.86 rows=1 width=8) (actual time=134.494..134.495 rows=1 loops=1)
   ->  Limit  (cost=211.85..222.72 rows=10 width=8) (actual time=104.023..134.483 rows=10 loops=1)
         ->  Bitmap Heap Scan on files  (cost=211.85..21141.42 rows=19245 width=8) (actual time=104.021..134.478 rows=10 loops=1)
               Recheck Cond: (contents ~ '123456789'::text)
               Rows Removed by Index Recheck: 5
               Heap Blocks: exact=12
               ->  Bitmap Index Scan on files_contents_trgm_idx  (cost=0.00..207.03 rows=19245 width=0) (actual time=88.716..88.717 rows=94730 loops=1)
                     Index Cond: (contents ~ '123456789'::text)
 Planning Time: 26.231 ms
 Execution Time: 136.268 ms
(10 rows)

Time: 163.849 ms
TIME:14:12:30
query: EXPLAIN ANALYZE select count(id) from (select id from files where contents ~ '123456789' limit 10) as e;
Timing is on.
                                                                       QUERY PLAN                                                                       
--------------------------------------------------------------------------------------------------------------------------------------------------------
 Aggregate  (cost=222.85..222.86 rows=1 width=8) (actual time=134.784..134.786 rows=1 loops=1)
   ->  Limit  (cost=211.85..222.72 rows=10 width=8) (actual time=103.630..134.775 rows=10 loops=1)
         ->  Bitmap Heap Scan on files  (cost=211.85..21141.42 rows=19245 width=8) (actual time=103.629..134.769 rows=10 loops=1)
               Recheck Cond: (contents ~ '123456789'::text)
               Rows Removed by Index Recheck: 5
               Heap Blocks: exact=12
               ->  Bitmap Index Scan on files_contents_trgm_idx  (cost=0.00..207.03 rows=19245 width=0) (actual time=88.301..88.301 rows=94730 loops=1)
                     Index Cond: (contents ~ '123456789'::text)
 Planning Time: 30.589 ms
 Execution Time: 136.522 ms
(10 rows)

Time: 168.528 ms
TIME:14:12:31
query: EXPLAIN ANALYZE select count(id) from (select id from files where contents ~ '123456789' limit 10) as e;
Timing is on.
                                                                       QUERY PLAN                                                                       
--------------------------------------------------------------------------------------------------------------------------------------------------------
 Aggregate  (cost=222.85..222.86 rows=1 width=8) (actual time=135.670..135.671 rows=1 loops=1)
   ->  Limit  (cost=211.85..222.72 rows=10 width=8) (actual time=105.868..135.661 rows=10 loops=1)
         ->  Bitmap Heap Scan on files  (cost=211.85..21141.42 rows=19245 width=8) (actual time=105.866..135.655 rows=10 loops=1)
               Recheck Cond: (contents ~ '123456789'::text)
               Rows Removed by Index Recheck: 5
               Heap Blocks: exact=12
               ->  Bitmap Index Scan on files_contents_trgm_idx  (cost=0.00..207.03 rows=19245 width=0) (actual time=91.117..91.118 rows=94730 loops=1)
                     Index Cond: (contents ~ '123456789'::text)
 Planning Time: 28.731 ms
 Execution Time: 137.316 ms
(10 rows)

Time: 167.454 ms
TIME:14:12:31
query: EXPLAIN ANALYZE select count(id) from (select id from files where contents ~ '123456789' limit 10) as e;
Timing is on.
                                                                       QUERY PLAN                                                                       
--------------------------------------------------------------------------------------------------------------------------------------------------------
 Aggregate  (cost=222.85..222.86 rows=1 width=8) (actual time=146.075..146.076 rows=1 loops=1)
   ->  Limit  (cost=211.85..222.72 rows=10 width=8) (actual time=113.458..146.063 rows=10 loops=1)
         ->  Bitmap Heap Scan on files  (cost=211.85..21141.42 rows=19245 width=8) (actual time=113.457..146.055 rows=10 loops=1)
               Recheck Cond: (contents ~ '123456789'::text)
               Rows Removed by Index Recheck: 5
               Heap Blocks: exact=12
               ->  Bitmap Index Scan on files_contents_trgm_idx  (cost=0.00..207.03 rows=19245 width=0) (actual time=95.355..95.356 rows=94730 loops=1)
                     Index Cond: (contents ~ '123456789'::text)
 Planning Time: 28.525 ms
 Execution Time: 147.975 ms
(10 rows)

Time: 178.041 ms
TIME:14:12:32
query: EXPLAIN ANALYZE select count(id) from (select id from files where contents ~ '123456789' limit 10) as e;
Timing is on.
                                                                       QUERY PLAN                                                                       
--------------------------------------------------------------------------------------------------------------------------------------------------------
 Aggregate  (cost=222.85..222.86 rows=1 width=8) (actual time=130.854..130.856 rows=1 loops=1)
   ->  Limit  (cost=211.85..222.72 rows=10 width=8) (actual time=101.475..130.845 rows=10 loops=1)
         ->  Bitmap Heap Scan on files  (cost=211.85..21141.42 rows=19245 width=8) (actual time=101.474..130.840 rows=10 loops=1)
               Recheck Cond: (contents ~ '123456789'::text)
               Rows Removed by Index Recheck: 5
               Heap Blocks: exact=12
               ->  Bitmap Index Scan on files_contents_trgm_idx  (cost=0.00..207.03 rows=19245 width=0) (actual time=86.634..86.634 rows=94730 loops=1)
                     Index Cond: (contents ~ '123456789'::text)
 Planning Time: 28.796 ms
 Execution Time: 132.573 ms
(10 rows)

Time: 162.636 ms
TIME:14:12:32
query: EXPLAIN ANALYZE select count(id) from (select id from files where contents ~ '123456789' limit 10) as e;
Timing is on.
                                                                       QUERY PLAN                                                                       
--------------------------------------------------------------------------------------------------------------------------------------------------------
 Aggregate  (cost=222.85..222.86 rows=1 width=8) (actual time=136.233..136.235 rows=1 loops=1)
   ->  Limit  (cost=211.85..222.72 rows=10 width=8) (actual time=105.372..136.209 rows=10 loops=1)
         ->  Bitmap Heap Scan on files  (cost=211.85..21141.42 rows=19245 width=8) (actual time=105.371..136.204 rows=10 loops=1)
               Recheck Cond: (contents ~ '123456789'::text)
               Rows Removed by Index Recheck: 5
               Heap Blocks: exact=12
               ->  Bitmap Index Scan on files_contents_trgm_idx  (cost=0.00..207.03 rows=19245 width=0) (actual time=89.499..89.499 rows=94730 loops=1)
                     Index Cond: (contents ~ '123456789'::text)
 Planning Time: 29.918 ms
 Execution Time: 137.900 ms
(10 rows)

Time: 169.117 ms
TIME:14:12:32
query: EXPLAIN ANALYZE select count(id) from (select id from files where contents ~ '123456789' limit 10) as e;
Timing is on.
                                                                       QUERY PLAN                                                                       
--------------------------------------------------------------------------------------------------------------------------------------------------------
 Aggregate  (cost=222.85..222.86 rows=1 width=8) (actual time=156.491..156.492 rows=1 loops=1)
   ->  Limit  (cost=211.85..222.72 rows=10 width=8) (actual time=117.105..156.475 rows=10 loops=1)
         ->  Bitmap Heap Scan on files  (cost=211.85..21141.42 rows=19245 width=8) (actual time=117.103..156.459 rows=10 loops=1)
               Recheck Cond: (contents ~ '123456789'::text)
               Rows Removed by Index Recheck: 5
               Heap Blocks: exact=12
               ->  Bitmap Index Scan on files_contents_trgm_idx  (cost=0.00..207.03 rows=19245 width=0) (actual time=98.754..98.755 rows=94730 loops=1)
                     Index Cond: (contents ~ '123456789'::text)
 Planning Time: 29.046 ms
 Execution Time: 158.189 ms
(10 rows)

Time: 188.612 ms
TIME:14:12:33
query: EXPLAIN ANALYZE select count(id) from (select id from files where contents ~ '123456789' limit 10) as e;
Timing is on.
                                                                       QUERY PLAN                                                                       
--------------------------------------------------------------------------------------------------------------------------------------------------------
 Aggregate  (cost=222.85..222.86 rows=1 width=8) (actual time=142.968..142.970 rows=1 loops=1)
   ->  Limit  (cost=211.85..222.72 rows=10 width=8) (actual time=111.436..142.957 rows=10 loops=1)
         ->  Bitmap Heap Scan on files  (cost=211.85..21141.42 rows=19245 width=8) (actual time=111.434..142.951 rows=10 loops=1)
               Recheck Cond: (contents ~ '123456789'::text)
               Rows Removed by Index Recheck: 5
               Heap Blocks: exact=12
               ->  Bitmap Index Scan on files_contents_trgm_idx  (cost=0.00..207.03 rows=19245 width=0) (actual time=93.001..93.001 rows=94730 loops=1)
                     Index Cond: (contents ~ '123456789'::text)
 Planning Time: 28.204 ms
 Execution Time: 144.789 ms
(10 rows)

Time: 174.313 ms
TIME:14:12:33
query: EXPLAIN ANALYZE select count(id) from (select id from files where contents ~ '123456789' limit 10) as e;
Timing is on.
                                                                       QUERY PLAN                                                                       
--------------------------------------------------------------------------------------------------------------------------------------------------------
 Aggregate  (cost=222.85..222.86 rows=1 width=8) (actual time=135.434..135.435 rows=1 loops=1)
   ->  Limit  (cost=211.85..222.72 rows=10 width=8) (actual time=105.193..135.424 rows=10 loops=1)
         ->  Bitmap Heap Scan on files  (cost=211.85..21141.42 rows=19245 width=8) (actual time=105.192..135.418 rows=10 loops=1)
               Recheck Cond: (contents ~ '123456789'::text)
               Rows Removed by Index Recheck: 5
               Heap Blocks: exact=12
               ->  Bitmap Index Scan on files_contents_trgm_idx  (cost=0.00..207.03 rows=19245 width=0) (actual time=89.063..89.064 rows=94730 loops=1)
                     Index Cond: (contents ~ '123456789'::text)
 Planning Time: 31.178 ms
 Execution Time: 137.146 ms
(10 rows)

Time: 169.712 ms
TIME:14:12:34
query: EXPLAIN ANALYZE select count(id) from (select id from files where contents ~ '123456789' limit 10) as e;
Timing is on.
                                                                       QUERY PLAN                                                                       
--------------------------------------------------------------------------------------------------------------------------------------------------------
 Aggregate  (cost=222.85..222.86 rows=1 width=8) (actual time=132.413..132.430 rows=1 loops=1)
   ->  Limit  (cost=211.85..222.72 rows=10 width=8) (actual time=101.047..132.375 rows=10 loops=1)
         ->  Bitmap Heap Scan on files  (cost=211.85..21141.42 rows=19245 width=8) (actual time=101.045..132.369 rows=10 loops=1)
               Recheck Cond: (contents ~ '123456789'::text)
               Rows Removed by Index Recheck: 5
               Heap Blocks: exact=12
               ->  Bitmap Index Scan on files_contents_trgm_idx  (cost=0.00..207.03 rows=19245 width=0) (actual time=85.889..85.889 rows=94730 loops=1)
                     Index Cond: (contents ~ '123456789'::text)
 Planning Time: 30.235 ms
 Execution Time: 134.061 ms
(10 rows)

Time: 165.731 ms
TIME:14:12:34
query: EXPLAIN ANALYZE select count(id) from (select id from files where contents ~ '123456789' limit 10) as e;
Timing is on.
                                                                       QUERY PLAN                                                                       
--------------------------------------------------------------------------------------------------------------------------------------------------------
 Aggregate  (cost=222.85..222.86 rows=1 width=8) (actual time=133.718..133.720 rows=1 loops=1)
   ->  Limit  (cost=211.85..222.72 rows=10 width=8) (actual time=102.133..133.708 rows=10 loops=1)
         ->  Bitmap Heap Scan on files  (cost=211.85..21141.42 rows=19245 width=8) (actual time=102.132..133.701 rows=10 loops=1)
               Recheck Cond: (contents ~ '123456789'::text)
               Rows Removed by Index Recheck: 5
               Heap Blocks: exact=12
               ->  Bitmap Index Scan on files_contents_trgm_idx  (cost=0.00..207.03 rows=19245 width=0) (actual time=86.984..86.984 rows=94730 loops=1)
                     Index Cond: (contents ~ '123456789'::text)
 Planning Time: 28.796 ms
 Execution Time: 135.431 ms
(10 rows)

Time: 165.669 ms
TIME:14:12:34
query: EXPLAIN ANALYZE select count(id) from (select id from files where contents ~ '123456789' limit 10) as e;
Timing is on.
                                                                       QUERY PLAN                                                                       
--------------------------------------------------------------------------------------------------------------------------------------------------------
 Aggregate  (cost=222.85..222.86 rows=1 width=8) (actual time=132.483..132.484 rows=1 loops=1)
   ->  Limit  (cost=211.85..222.72 rows=10 width=8) (actual time=100.577..132.471 rows=10 loops=1)
         ->  Bitmap Heap Scan on files  (cost=211.85..21141.42 rows=19245 width=8) (actual time=100.576..132.448 rows=10 loops=1)
               Recheck Cond: (contents ~ '123456789'::text)
               Rows Removed by Index Recheck: 5
               Heap Blocks: exact=12
               ->  Bitmap Index Scan on files_contents_trgm_idx  (cost=0.00..207.03 rows=19245 width=0) (actual time=84.766..84.766 rows=94730 loops=1)
                     Index Cond: (contents ~ '123456789'::text)
 Planning Time: 30.269 ms
 Execution Time: 134.320 ms
(10 rows)

Time: 165.954 ms
TIME:14:12:35
query: EXPLAIN ANALYZE select count(id) from (select id from files where contents ~ '123456789' limit 10) as e;
Timing is on.
                                                                       QUERY PLAN                                                                       
--------------------------------------------------------------------------------------------------------------------------------------------------------
 Aggregate  (cost=222.85..222.86 rows=1 width=8) (actual time=132.415..132.416 rows=1 loops=1)
   ->  Limit  (cost=211.85..222.72 rows=10 width=8) (actual time=100.865..132.405 rows=10 loops=1)
         ->  Bitmap Heap Scan on files  (cost=211.85..21141.42 rows=19245 width=8) (actual time=100.864..132.399 rows=10 loops=1)
               Recheck Cond: (contents ~ '123456789'::text)
               Rows Removed by Index Recheck: 5
               Heap Blocks: exact=12
               ->  Bitmap Index Scan on files_contents_trgm_idx  (cost=0.00..207.03 rows=19245 width=0) (actual time=85.741..85.742 rows=94730 loops=1)
                     Index Cond: (contents ~ '123456789'::text)
 Planning Time: 30.323 ms
 Execution Time: 134.178 ms
(10 rows)

Time: 165.850 ms
TIME:14:12:35
query: EXPLAIN ANALYZE select count(id) from (select id from files where contents ~ '123456789' limit 10) as e;
Timing is on.
                                                                        QUERY PLAN                                                                        
----------------------------------------------------------------------------------------------------------------------------------------------------------
 Aggregate  (cost=222.85..222.86 rows=1 width=8) (actual time=153.968..153.969 rows=1 loops=1)
   ->  Limit  (cost=211.85..222.72 rows=10 width=8) (actual time=122.957..153.922 rows=10 loops=1)
         ->  Bitmap Heap Scan on files  (cost=211.85..21141.42 rows=19245 width=8) (actual time=122.956..153.917 rows=10 loops=1)
               Recheck Cond: (contents ~ '123456789'::text)
               Rows Removed by Index Recheck: 5
               Heap Blocks: exact=12
               ->  Bitmap Index Scan on files_contents_trgm_idx  (cost=0.00..207.03 rows=19245 width=0) (actual time=104.067..104.067 rows=94730 loops=1)
                     Index Cond: (contents ~ '123456789'::text)
 Planning Time: 30.272 ms
 Execution Time: 155.877 ms
(10 rows)

Time: 187.413 ms
TIME:14:12:35
query: EXPLAIN ANALYZE select count(id) from (select id from files where contents ~ '123456789' limit 10) as e;
Timing is on.
                                                                       QUERY PLAN                                                                       
--------------------------------------------------------------------------------------------------------------------------------------------------------
 Aggregate  (cost=222.85..222.86 rows=1 width=8) (actual time=131.566..131.568 rows=1 loops=1)
   ->  Limit  (cost=211.85..222.72 rows=10 width=8) (actual time=100.993..131.542 rows=10 loops=1)
         ->  Bitmap Heap Scan on files  (cost=211.85..21141.42 rows=19245 width=8) (actual time=100.991..131.536 rows=10 loops=1)
               Recheck Cond: (contents ~ '123456789'::text)
               Rows Removed by Index Recheck: 5
               Heap Blocks: exact=12
               ->  Bitmap Index Scan on files_contents_trgm_idx  (cost=0.00..207.03 rows=19245 width=0) (actual time=84.458..84.458 rows=94730 loops=1)
                     Index Cond: (contents ~ '123456789'::text)
 Planning Time: 30.462 ms
 Execution Time: 133.368 ms
(10 rows)

Time: 165.367 ms
TIME:14:12:36
query: EXPLAIN ANALYZE select count(id) from (select id from files where contents ~ '123456789' limit 10) as e;
Timing is on.
                                                                       QUERY PLAN                                                                       
--------------------------------------------------------------------------------------------------------------------------------------------------------
 Aggregate  (cost=222.85..222.86 rows=1 width=8) (actual time=137.458..137.460 rows=1 loops=1)
   ->  Limit  (cost=211.85..222.72 rows=10 width=8) (actual time=105.689..137.448 rows=10 loops=1)
         ->  Bitmap Heap Scan on files  (cost=211.85..21141.42 rows=19245 width=8) (actual time=105.687..137.443 rows=10 loops=1)
               Recheck Cond: (contents ~ '123456789'::text)
               Rows Removed by Index Recheck: 5
               Heap Blocks: exact=12
               ->  Bitmap Index Scan on files_contents_trgm_idx  (cost=0.00..207.03 rows=19245 width=0) (actual time=89.924..89.925 rows=94730 loops=1)
                     Index Cond: (contents ~ '123456789'::text)
 Planning Time: 29.261 ms
 Execution Time: 139.285 ms
(10 rows)

Time: 169.878 ms
TIME:14:12:36
query: EXPLAIN ANALYZE select count(id) from (select id from files where contents ~ '123456789' limit 10) as e;
Timing is on.
                                                                       QUERY PLAN                                                                       
--------------------------------------------------------------------------------------------------------------------------------------------------------
 Aggregate  (cost=222.85..222.86 rows=1 width=8) (actual time=132.579..132.581 rows=1 loops=1)
   ->  Limit  (cost=211.85..222.72 rows=10 width=8) (actual time=103.080..132.570 rows=10 loops=1)
         ->  Bitmap Heap Scan on files  (cost=211.85..21141.42 rows=19245 width=8) (actual time=103.079..132.565 rows=10 loops=1)
               Recheck Cond: (contents ~ '123456789'::text)
               Rows Removed by Index Recheck: 5
               Heap Blocks: exact=12
               ->  Bitmap Index Scan on files_contents_trgm_idx  (cost=0.00..207.03 rows=19245 width=0) (actual time=88.422..88.422 rows=94730 loops=1)
                     Index Cond: (contents ~ '123456789'::text)
 Planning Time: 28.243 ms
 Execution Time: 134.383 ms
(10 rows)

Time: 163.821 ms
TIME:14:12:37
query: EXPLAIN ANALYZE select count(id) from (select id from files where contents ~ '123456789' limit 10) as e;
Timing is on.
                                                                       QUERY PLAN                                                                       
--------------------------------------------------------------------------------------------------------------------------------------------------------
 Aggregate  (cost=222.85..222.86 rows=1 width=8) (actual time=134.678..134.680 rows=1 loops=1)
   ->  Limit  (cost=211.85..222.72 rows=10 width=8) (actual time=102.613..134.661 rows=10 loops=1)
         ->  Bitmap Heap Scan on files  (cost=211.85..21141.42 rows=19245 width=8) (actual time=102.612..134.653 rows=10 loops=1)
               Recheck Cond: (contents ~ '123456789'::text)
               Rows Removed by Index Recheck: 5
               Heap Blocks: exact=12
               ->  Bitmap Index Scan on files_contents_trgm_idx  (cost=0.00..207.03 rows=19245 width=0) (actual time=86.870..86.871 rows=94730 loops=1)
                     Index Cond: (contents ~ '123456789'::text)
 Planning Time: 28.538 ms
 Execution Time: 136.470 ms
(10 rows)

Time: 166.316 ms
TIME:14:12:37
query: EXPLAIN ANALYZE select count(id) from (select id from files where contents ~ '123456789' limit 10) as e;
Timing is on.
                                                                       QUERY PLAN                                                                       
--------------------------------------------------------------------------------------------------------------------------------------------------------
 Aggregate  (cost=222.85..222.86 rows=1 width=8) (actual time=132.832..132.833 rows=1 loops=1)
   ->  Limit  (cost=211.85..222.72 rows=10 width=8) (actual time=100.699..132.820 rows=10 loops=1)
         ->  Bitmap Heap Scan on files  (cost=211.85..21141.42 rows=19245 width=8) (actual time=100.698..132.813 rows=10 loops=1)
               Recheck Cond: (contents ~ '123456789'::text)
               Rows Removed by Index Recheck: 5
               Heap Blocks: exact=12
               ->  Bitmap Index Scan on files_contents_trgm_idx  (cost=0.00..207.03 rows=19245 width=0) (actual time=85.933..85.933 rows=94730 loops=1)
                     Index Cond: (contents ~ '123456789'::text)
 Planning Time: 28.394 ms
 Execution Time: 134.535 ms
(10 rows)

Time: 164.164 ms
TIME:14:12:37
query: EXPLAIN ANALYZE select count(id) from (select id from files where contents ~ '123456789' limit 10) as e;
Timing is on.
                                                                       QUERY PLAN                                                                       
--------------------------------------------------------------------------------------------------------------------------------------------------------
 Aggregate  (cost=222.85..222.86 rows=1 width=8) (actual time=147.104..147.105 rows=1 loops=1)
   ->  Limit  (cost=211.85..222.72 rows=10 width=8) (actual time=112.324..147.094 rows=10 loops=1)
         ->  Bitmap Heap Scan on files  (cost=211.85..21141.42 rows=19245 width=8) (actual time=112.322..147.087 rows=10 loops=1)
               Recheck Cond: (contents ~ '123456789'::text)
               Rows Removed by Index Recheck: 5
               Heap Blocks: exact=12
               ->  Bitmap Index Scan on files_contents_trgm_idx  (cost=0.00..207.03 rows=19245 width=0) (actual time=95.665..95.666 rows=94730 loops=1)
                     Index Cond: (contents ~ '123456789'::text)
 Planning Time: 29.345 ms
 Execution Time: 149.125 ms
(10 rows)

Time: 180.221 ms
TIME:14:12:38
query: EXPLAIN ANALYZE select count(id) from (select id from files where contents ~ '123456789' limit 10) as e;
Timing is on.
                                                                        QUERY PLAN                                                                        
----------------------------------------------------------------------------------------------------------------------------------------------------------
 Aggregate  (cost=222.85..222.86 rows=1 width=8) (actual time=146.293..146.295 rows=1 loops=1)
   ->  Limit  (cost=211.85..222.72 rows=10 width=8) (actual time=115.731..146.283 rows=10 loops=1)
         ->  Bitmap Heap Scan on files  (cost=211.85..21141.42 rows=19245 width=8) (actual time=115.729..146.277 rows=10 loops=1)
               Recheck Cond: (contents ~ '123456789'::text)
               Rows Removed by Index Recheck: 5
               Heap Blocks: exact=12
               ->  Bitmap Index Scan on files_contents_trgm_idx  (cost=0.00..207.03 rows=19245 width=0) (actual time=100.699..100.699 rows=94730 loops=1)
                     Index Cond: (contents ~ '123456789'::text)
 Planning Time: 35.061 ms
 Execution Time: 148.434 ms
(10 rows)

Time: 185.377 ms
TIME:14:12:38
query: EXPLAIN ANALYZE select count(id) from (select id from files where contents ~ '123456789' limit 10) as e;
Timing is on.
                                                                       QUERY PLAN                                                                       
--------------------------------------------------------------------------------------------------------------------------------------------------------
 Aggregate  (cost=222.85..222.86 rows=1 width=8) (actual time=131.668..131.670 rows=1 loops=1)
   ->  Limit  (cost=211.85..222.72 rows=10 width=8) (actual time=100.955..131.642 rows=10 loops=1)
         ->  Bitmap Heap Scan on files  (cost=211.85..21141.42 rows=19245 width=8) (actual time=100.954..131.636 rows=10 loops=1)
               Recheck Cond: (contents ~ '123456789'::text)
               Rows Removed by Index Recheck: 5
               Heap Blocks: exact=12
               ->  Bitmap Index Scan on files_contents_trgm_idx  (cost=0.00..207.03 rows=19245 width=0) (actual time=83.949..83.950 rows=94730 loops=1)
                     Index Cond: (contents ~ '123456789'::text)
 Planning Time: 28.835 ms
 Execution Time: 133.305 ms
(10 rows)

Time: 163.481 ms
TIME:14:12:39
query: EXPLAIN ANALYZE select count(id) from (select id from files where contents ~ '123456789' limit 10) as e;
Timing is on.
                                                                       QUERY PLAN                                                                       
--------------------------------------------------------------------------------------------------------------------------------------------------------
 Aggregate  (cost=222.85..222.86 rows=1 width=8) (actual time=132.550..132.551 rows=1 loops=1)
   ->  Limit  (cost=211.85..222.72 rows=10 width=8) (actual time=101.204..132.539 rows=10 loops=1)
         ->  Bitmap Heap Scan on files  (cost=211.85..21141.42 rows=19245 width=8) (actual time=101.202..132.533 rows=10 loops=1)
               Recheck Cond: (contents ~ '123456789'::text)
               Rows Removed by Index Recheck: 5
               Heap Blocks: exact=12
               ->  Bitmap Index Scan on files_contents_trgm_idx  (cost=0.00..207.03 rows=19245 width=0) (actual time=85.415..85.416 rows=94730 loops=1)
                     Index Cond: (contents ~ '123456789'::text)
 Planning Time: 32.311 ms
 Execution Time: 134.346 ms
(10 rows)

Time: 167.934 ms
TIME:14:12:39
query: EXPLAIN ANALYZE select count(id) from (select id from files where contents ~ '123456789' limit 10) as e;
Timing is on.
                                                                       QUERY PLAN                                                                       
--------------------------------------------------------------------------------------------------------------------------------------------------------
 Aggregate  (cost=222.85..222.86 rows=1 width=8) (actual time=131.133..131.135 rows=1 loops=1)
   ->  Limit  (cost=211.85..222.72 rows=10 width=8) (actual time=101.324..131.124 rows=10 loops=1)
         ->  Bitmap Heap Scan on files  (cost=211.85..21141.42 rows=19245 width=8) (actual time=101.323..131.119 rows=10 loops=1)
               Recheck Cond: (contents ~ '123456789'::text)
               Rows Removed by Index Recheck: 5
               Heap Blocks: exact=12
               ->  Bitmap Index Scan on files_contents_trgm_idx  (cost=0.00..207.03 rows=19245 width=0) (actual time=86.589..86.589 rows=94730 loops=1)
                     Index Cond: (contents ~ '123456789'::text)
 Planning Time: 28.202 ms
 Execution Time: 132.874 ms
(10 rows)

Time: 162.321 ms
TIME:14:12:39
query: EXPLAIN ANALYZE select count(id) from (select id from files where contents ~ '123456789' limit 10) as e;
Timing is on.
                                                                       QUERY PLAN                                                                       
--------------------------------------------------------------------------------------------------------------------------------------------------------
 Aggregate  (cost=222.85..222.86 rows=1 width=8) (actual time=137.249..137.251 rows=1 loops=1)
   ->  Limit  (cost=211.85..222.72 rows=10 width=8) (actual time=105.668..137.239 rows=10 loops=1)
         ->  Bitmap Heap Scan on files  (cost=211.85..21141.42 rows=19245 width=8) (actual time=105.666..137.233 rows=10 loops=1)
               Recheck Cond: (contents ~ '123456789'::text)
               Rows Removed by Index Recheck: 5
               Heap Blocks: exact=12
               ->  Bitmap Index Scan on files_contents_trgm_idx  (cost=0.00..207.03 rows=19245 width=0) (actual time=88.856..88.857 rows=94730 loops=1)
                     Index Cond: (contents ~ '123456789'::text)
 Planning Time: 28.066 ms
 Execution Time: 139.010 ms
(10 rows)

Time: 168.440 ms
TIME:14:12:40
query: EXPLAIN ANALYZE select count(id) from (select id from files where contents ~ '123456789' limit 10) as e;
Timing is on.
                                                                       QUERY PLAN                                                                       
--------------------------------------------------------------------------------------------------------------------------------------------------------
 Aggregate  (cost=222.85..222.86 rows=1 width=8) (actual time=132.701..132.702 rows=1 loops=1)
   ->  Limit  (cost=211.85..222.72 rows=10 width=8) (actual time=102.570..132.691 rows=10 loops=1)
         ->  Bitmap Heap Scan on files  (cost=211.85..21141.42 rows=19245 width=8) (actual time=102.569..132.686 rows=10 loops=1)
               Recheck Cond: (contents ~ '123456789'::text)
               Rows Removed by Index Recheck: 5
               Heap Blocks: exact=12
               ->  Bitmap Index Scan on files_contents_trgm_idx  (cost=0.00..207.03 rows=19245 width=0) (actual time=87.524..87.525 rows=94730 loops=1)
                     Index Cond: (contents ~ '123456789'::text)
 Planning Time: 29.793 ms
 Execution Time: 134.253 ms
(10 rows)

Time: 165.310 ms
TIME:14:12:40
query: EXPLAIN ANALYZE select count(id) from (select id from files where contents ~ '123456789' limit 10) as e;
Timing is on.
                                                                       QUERY PLAN                                                                       
--------------------------------------------------------------------------------------------------------------------------------------------------------
 Aggregate  (cost=222.85..222.86 rows=1 width=8) (actual time=133.584..133.586 rows=1 loops=1)
   ->  Limit  (cost=211.85..222.72 rows=10 width=8) (actual time=103.152..133.574 rows=10 loops=1)
         ->  Bitmap Heap Scan on files  (cost=211.85..21141.42 rows=19245 width=8) (actual time=103.150..133.569 rows=10 loops=1)
               Recheck Cond: (contents ~ '123456789'::text)
               Rows Removed by Index Recheck: 5
               Heap Blocks: exact=12
               ->  Bitmap Index Scan on files_contents_trgm_idx  (cost=0.00..207.03 rows=19245 width=0) (actual time=87.250..87.251 rows=94730 loops=1)
                     Index Cond: (contents ~ '123456789'::text)
 Planning Time: 29.503 ms
 Execution Time: 135.712 ms
(10 rows)

Time: 166.705 ms
TIME:14:12:41
query: EXPLAIN ANALYZE select count(id) from (select id from files where contents ~ '123456789' limit 10) as e;
Timing is on.
                                                                       QUERY PLAN                                                                       
--------------------------------------------------------------------------------------------------------------------------------------------------------
 Aggregate  (cost=222.85..222.86 rows=1 width=8) (actual time=133.790..133.792 rows=1 loops=1)
   ->  Limit  (cost=211.85..222.72 rows=10 width=8) (actual time=103.261..133.780 rows=10 loops=1)
         ->  Bitmap Heap Scan on files  (cost=211.85..21141.42 rows=19245 width=8) (actual time=103.259..133.773 rows=10 loops=1)
               Recheck Cond: (contents ~ '123456789'::text)
               Rows Removed by Index Recheck: 5
               Heap Blocks: exact=12
               ->  Bitmap Index Scan on files_contents_trgm_idx  (cost=0.00..207.03 rows=19245 width=0) (actual time=88.540..88.541 rows=94730 loops=1)
                     Index Cond: (contents ~ '123456789'::text)
 Planning Time: 35.144 ms
 Execution Time: 136.053 ms
(10 rows)

Time: 172.875 ms
TIME:14:12:41
query: EXPLAIN ANALYZE select count(id) from (select id from files where contents ~ '123456789' limit 10) as e;
Timing is on.
                                                                       QUERY PLAN                                                                       
--------------------------------------------------------------------------------------------------------------------------------------------------------
 Aggregate  (cost=222.85..222.86 rows=1 width=8) (actual time=130.354..130.355 rows=1 loops=1)
   ->  Limit  (cost=211.85..222.72 rows=10 width=8) (actual time=100.515..130.344 rows=10 loops=1)
         ->  Bitmap Heap Scan on files  (cost=211.85..21141.42 rows=19245 width=8) (actual time=100.514..130.338 rows=10 loops=1)
               Recheck Cond: (contents ~ '123456789'::text)
               Rows Removed by Index Recheck: 5
               Heap Blocks: exact=12
               ->  Bitmap Index Scan on files_contents_trgm_idx  (cost=0.00..207.03 rows=19245 width=0) (actual time=85.489..85.490 rows=94730 loops=1)
                     Index Cond: (contents ~ '123456789'::text)
 Planning Time: 28.222 ms
 Execution Time: 131.875 ms
(10 rows)

Time: 161.542 ms
TIME:14:12:41
query: EXPLAIN ANALYZE select count(id) from (select id from files where contents ~ '123456789' limit 10) as e;
Timing is on.
                                                                       QUERY PLAN                                                                       
--------------------------------------------------------------------------------------------------------------------------------------------------------
 Aggregate  (cost=222.85..222.86 rows=1 width=8) (actual time=132.095..132.096 rows=1 loops=1)
   ->  Limit  (cost=211.85..222.72 rows=10 width=8) (actual time=101.251..132.083 rows=10 loops=1)
         ->  Bitmap Heap Scan on files  (cost=211.85..21141.42 rows=19245 width=8) (actual time=101.249..132.077 rows=10 loops=1)
               Recheck Cond: (contents ~ '123456789'::text)
               Rows Removed by Index Recheck: 5
               Heap Blocks: exact=12
               ->  Bitmap Index Scan on files_contents_trgm_idx  (cost=0.00..207.03 rows=19245 width=0) (actual time=86.331..86.332 rows=94730 loops=1)
                     Index Cond: (contents ~ '123456789'::text)
 Planning Time: 28.442 ms
 Execution Time: 133.989 ms
(10 rows)

Time: 163.752 ms
TIME:14:12:42
query: EXPLAIN ANALYZE select count(id) from (select id from files where contents ~ '123456789' limit 10) as e;
Timing is on.
                                                                       QUERY PLAN                                                                       
--------------------------------------------------------------------------------------------------------------------------------------------------------
 Aggregate  (cost=222.85..222.86 rows=1 width=8) (actual time=136.754..136.755 rows=1 loops=1)
   ->  Limit  (cost=211.85..222.72 rows=10 width=8) (actual time=106.971..136.744 rows=10 loops=1)
         ->  Bitmap Heap Scan on files  (cost=211.85..21141.42 rows=19245 width=8) (actual time=106.970..136.738 rows=10 loops=1)
               Recheck Cond: (contents ~ '123456789'::text)
               Rows Removed by Index Recheck: 5
               Heap Blocks: exact=12
               ->  Bitmap Index Scan on files_contents_trgm_idx  (cost=0.00..207.03 rows=19245 width=0) (actual time=91.535..91.535 rows=94730 loops=1)
                     Index Cond: (contents ~ '123456789'::text)
 Planning Time: 28.662 ms
 Execution Time: 138.285 ms
(10 rows)

Time: 168.339 ms
TIME:14:12:42
query: EXPLAIN ANALYZE select count(id) from (select id from files where contents ~ '123456789' limit 10) as e;
Timing is on.
                                                                       QUERY PLAN                                                                       
--------------------------------------------------------------------------------------------------------------------------------------------------------
 Aggregate  (cost=222.85..222.86 rows=1 width=8) (actual time=137.382..137.383 rows=1 loops=1)
   ->  Limit  (cost=211.85..222.72 rows=10 width=8) (actual time=106.746..137.372 rows=10 loops=1)
         ->  Bitmap Heap Scan on files  (cost=211.85..21141.42 rows=19245 width=8) (actual time=106.744..137.366 rows=10 loops=1)
               Recheck Cond: (contents ~ '123456789'::text)
               Rows Removed by Index Recheck: 5
               Heap Blocks: exact=12
               ->  Bitmap Index Scan on files_contents_trgm_idx  (cost=0.00..207.03 rows=19245 width=0) (actual time=89.743..89.743 rows=94730 loops=1)
                     Index Cond: (contents ~ '123456789'::text)
 Planning Time: 29.596 ms
 Execution Time: 139.000 ms
(10 rows)

Time: 170.274 ms
TIME:14:12:42
query: EXPLAIN ANALYZE select count(id) from (select id from files where contents ~ '123456789' limit 10) as e;
Timing is on.
                                                                       QUERY PLAN                                                                       
--------------------------------------------------------------------------------------------------------------------------------------------------------
 Aggregate  (cost=222.85..222.86 rows=1 width=8) (actual time=132.878..132.880 rows=1 loops=1)
   ->  Limit  (cost=211.85..222.72 rows=10 width=8) (actual time=102.232..132.852 rows=10 loops=1)
         ->  Bitmap Heap Scan on files  (cost=211.85..21141.42 rows=19245 width=8) (actual time=102.212..132.828 rows=10 loops=1)
               Recheck Cond: (contents ~ '123456789'::text)
               Rows Removed by Index Recheck: 5
               Heap Blocks: exact=12
               ->  Bitmap Index Scan on files_contents_trgm_idx  (cost=0.00..207.03 rows=19245 width=0) (actual time=87.304..87.305 rows=94730 loops=1)
                     Index Cond: (contents ~ '123456789'::text)
 Planning Time: 28.221 ms
 Execution Time: 134.651 ms
(10 rows)

Time: 164.422 ms
TIME:14:12:43
query: EXPLAIN ANALYZE select count(id) from (select id from files where contents ~ '123456789' limit 10) as e;
Timing is on.
                                                                       QUERY PLAN                                                                       
--------------------------------------------------------------------------------------------------------------------------------------------------------
 Aggregate  (cost=222.85..222.86 rows=1 width=8) (actual time=134.414..134.415 rows=1 loops=1)
   ->  Limit  (cost=211.85..222.72 rows=10 width=8) (actual time=104.138..134.403 rows=10 loops=1)
         ->  Bitmap Heap Scan on files  (cost=211.85..21141.42 rows=19245 width=8) (actual time=104.137..134.398 rows=10 loops=1)
               Recheck Cond: (contents ~ '123456789'::text)
               Rows Removed by Index Recheck: 5
               Heap Blocks: exact=12
               ->  Bitmap Index Scan on files_contents_trgm_idx  (cost=0.00..207.03 rows=19245 width=0) (actual time=88.405..88.406 rows=94730 loops=1)
                     Index Cond: (contents ~ '123456789'::text)
 Planning Time: 28.731 ms
 Execution Time: 136.061 ms
(10 rows)

Time: 166.104 ms
TIME:14:12:43
query: EXPLAIN ANALYZE select count(id) from (select id from files where contents ~ '123456789' limit 10) as e;
Timing is on.
                                                                       QUERY PLAN                                                                       
--------------------------------------------------------------------------------------------------------------------------------------------------------
 Aggregate  (cost=222.85..222.86 rows=1 width=8) (actual time=135.608..135.609 rows=1 loops=1)
   ->  Limit  (cost=211.85..222.72 rows=10 width=8) (actual time=104.392..135.598 rows=10 loops=1)
         ->  Bitmap Heap Scan on files  (cost=211.85..21141.42 rows=19245 width=8) (actual time=104.390..135.592 rows=10 loops=1)
               Recheck Cond: (contents ~ '123456789'::text)
               Rows Removed by Index Recheck: 5
               Heap Blocks: exact=12
               ->  Bitmap Index Scan on files_contents_trgm_idx  (cost=0.00..207.03 rows=19245 width=0) (actual time=89.197..89.198 rows=94730 loops=1)
                     Index Cond: (contents ~ '123456789'::text)
 Planning Time: 29.471 ms
 Execution Time: 137.317 ms
(10 rows)

Time: 168.333 ms
TIME:14:12:44
query: EXPLAIN ANALYZE select count(id) from (select id from files where contents ~ '123456789' limit 10) as e;
Timing is on.
                                                                       QUERY PLAN                                                                       
--------------------------------------------------------------------------------------------------------------------------------------------------------
 Aggregate  (cost=222.85..222.86 rows=1 width=8) (actual time=132.510..132.512 rows=1 loops=1)
   ->  Limit  (cost=211.85..222.72 rows=10 width=8) (actual time=102.375..132.501 rows=10 loops=1)
         ->  Bitmap Heap Scan on files  (cost=211.85..21141.42 rows=19245 width=8) (actual time=102.373..132.495 rows=10 loops=1)
               Recheck Cond: (contents ~ '123456789'::text)
               Rows Removed by Index Recheck: 5
               Heap Blocks: exact=12
               ->  Bitmap Index Scan on files_contents_trgm_idx  (cost=0.00..207.03 rows=19245 width=0) (actual time=87.286..87.286 rows=94730 loops=1)
                     Index Cond: (contents ~ '123456789'::text)
 Planning Time: 28.814 ms
 Execution Time: 134.195 ms
(10 rows)

Time: 164.262 ms
TIME:14:12:44
query: EXPLAIN ANALYZE select count(id) from (select id from files where contents ~ '123456789' limit 10) as e;
Timing is on.
                                                                       QUERY PLAN                                                                       
--------------------------------------------------------------------------------------------------------------------------------------------------------
 Aggregate  (cost=222.85..222.86 rows=1 width=8) (actual time=135.724..135.726 rows=1 loops=1)
   ->  Limit  (cost=211.85..222.72 rows=10 width=8) (actual time=105.081..135.713 rows=10 loops=1)
         ->  Bitmap Heap Scan on files  (cost=211.85..21141.42 rows=19245 width=8) (actual time=105.079..135.707 rows=10 loops=1)
               Recheck Cond: (contents ~ '123456789'::text)
               Rows Removed by Index Recheck: 5
               Heap Blocks: exact=12
               ->  Bitmap Index Scan on files_contents_trgm_idx  (cost=0.00..207.03 rows=19245 width=0) (actual time=88.971..88.971 rows=94730 loops=1)
                     Index Cond: (contents ~ '123456789'::text)
 Planning Time: 30.270 ms
 Execution Time: 137.476 ms
(10 rows)

Time: 169.213 ms
TIME:14:12:44
query: EXPLAIN ANALYZE select count(id) from (select id from files where contents ~ '123456789' limit 10) as e;
Timing is on.
                                                                       QUERY PLAN                                                                       
--------------------------------------------------------------------------------------------------------------------------------------------------------
 Aggregate  (cost=222.85..222.86 rows=1 width=8) (actual time=142.017..142.018 rows=1 loops=1)
   ->  Limit  (cost=211.85..222.72 rows=10 width=8) (actual time=112.701..142.007 rows=10 loops=1)
         ->  Bitmap Heap Scan on files  (cost=211.85..21141.42 rows=19245 width=8) (actual time=112.700..142.001 rows=10 loops=1)
               Recheck Cond: (contents ~ '123456789'::text)
               Rows Removed by Index Recheck: 5
               Heap Blocks: exact=12
               ->  Bitmap Index Scan on files_contents_trgm_idx  (cost=0.00..207.03 rows=19245 width=0) (actual time=95.839..95.840 rows=94730 loops=1)
                     Index Cond: (contents ~ '123456789'::text)
 Planning Time: 28.310 ms
 Execution Time: 144.024 ms
(10 rows)

Time: 173.580 ms
TIME:14:12:45
query: EXPLAIN ANALYZE select count(id) from (select id from files where contents ~ '123456789' limit 10) as e;
Timing is on.
                                                                       QUERY PLAN                                                                       
--------------------------------------------------------------------------------------------------------------------------------------------------------
 Aggregate  (cost=222.85..222.86 rows=1 width=8) (actual time=135.336..135.337 rows=1 loops=1)
   ->  Limit  (cost=211.85..222.72 rows=10 width=8) (actual time=105.244..135.326 rows=10 loops=1)
         ->  Bitmap Heap Scan on files  (cost=211.85..21141.42 rows=19245 width=8) (actual time=105.243..135.320 rows=10 loops=1)
               Recheck Cond: (contents ~ '123456789'::text)
               Rows Removed by Index Recheck: 5
               Heap Blocks: exact=12
               ->  Bitmap Index Scan on files_contents_trgm_idx  (cost=0.00..207.03 rows=19245 width=0) (actual time=90.516..90.517 rows=94730 loops=1)
                     Index Cond: (contents ~ '123456789'::text)
 Planning Time: 29.370 ms
 Execution Time: 137.173 ms
(10 rows)

Time: 168.012 ms
TIME:14:12:45
query: EXPLAIN ANALYZE select count(id) from (select id from files where contents ~ '123456789' limit 10) as e;
Timing is on.
                                                                       QUERY PLAN                                                                       
--------------------------------------------------------------------------------------------------------------------------------------------------------
 Aggregate  (cost=222.85..222.86 rows=1 width=8) (actual time=131.318..131.320 rows=1 loops=1)
   ->  Limit  (cost=211.85..222.72 rows=10 width=8) (actual time=100.951..131.308 rows=10 loops=1)
         ->  Bitmap Heap Scan on files  (cost=211.85..21141.42 rows=19245 width=8) (actual time=100.949..131.303 rows=10 loops=1)
               Recheck Cond: (contents ~ '123456789'::text)
               Rows Removed by Index Recheck: 5
               Heap Blocks: exact=12
               ->  Bitmap Index Scan on files_contents_trgm_idx  (cost=0.00..207.03 rows=19245 width=0) (actual time=85.814..85.815 rows=94730 loops=1)
                     Index Cond: (contents ~ '123456789'::text)
 Planning Time: 28.380 ms
 Execution Time: 133.178 ms
(10 rows)

Time: 162.718 ms
TIME:14:12:45
query: EXPLAIN ANALYZE select count(id) from (select id from files where contents ~ '123456789' limit 10) as e;
Timing is on.
                                                                       QUERY PLAN                                                                       
--------------------------------------------------------------------------------------------------------------------------------------------------------
 Aggregate  (cost=222.85..222.86 rows=1 width=8) (actual time=137.267..137.269 rows=1 loops=1)
   ->  Limit  (cost=211.85..222.72 rows=10 width=8) (actual time=106.283..137.242 rows=10 loops=1)
         ->  Bitmap Heap Scan on files  (cost=211.85..21141.42 rows=19245 width=8) (actual time=106.281..137.236 rows=10 loops=1)
               Recheck Cond: (contents ~ '123456789'::text)
               Rows Removed by Index Recheck: 5
               Heap Blocks: exact=12
               ->  Bitmap Index Scan on files_contents_trgm_idx  (cost=0.00..207.03 rows=19245 width=0) (actual time=89.826..89.826 rows=94730 loops=1)
                     Index Cond: (contents ~ '123456789'::text)
 Planning Time: 28.778 ms
 Execution Time: 138.952 ms
(10 rows)

Time: 169.112 ms
TIME:14:12:46
query: EXPLAIN ANALYZE select count(id) from (select id from files where contents ~ '123456789' limit 10) as e;
Timing is on.
                                                                       QUERY PLAN                                                                       
--------------------------------------------------------------------------------------------------------------------------------------------------------
 Aggregate  (cost=222.85..222.86 rows=1 width=8) (actual time=134.426..134.428 rows=1 loops=1)
   ->  Limit  (cost=211.85..222.72 rows=10 width=8) (actual time=103.374..134.416 rows=10 loops=1)
         ->  Bitmap Heap Scan on files  (cost=211.85..21141.42 rows=19245 width=8) (actual time=103.372..134.410 rows=10 loops=1)
               Recheck Cond: (contents ~ '123456789'::text)
               Rows Removed by Index Recheck: 5
               Heap Blocks: exact=12
               ->  Bitmap Index Scan on files_contents_trgm_idx  (cost=0.00..207.03 rows=19245 width=0) (actual time=88.712..88.712 rows=94730 loops=1)
                     Index Cond: (contents ~ '123456789'::text)
 Planning Time: 26.395 ms
 Execution Time: 136.151 ms
(10 rows)

Time: 163.852 ms
TIME:14:12:46
query: EXPLAIN ANALYZE select count(id) from (select id from files where contents ~ '123456789' limit 10) as e;
Timing is on.
                                                                       QUERY PLAN                                                                       
--------------------------------------------------------------------------------------------------------------------------------------------------------
 Aggregate  (cost=222.85..222.86 rows=1 width=8) (actual time=133.743..133.745 rows=1 loops=1)
   ->  Limit  (cost=211.85..222.72 rows=10 width=8) (actual time=104.082..133.733 rows=10 loops=1)
         ->  Bitmap Heap Scan on files  (cost=211.85..21141.42 rows=19245 width=8) (actual time=104.081..133.727 rows=10 loops=1)
               Recheck Cond: (contents ~ '123456789'::text)
               Rows Removed by Index Recheck: 5
               Heap Blocks: exact=12
               ->  Bitmap Index Scan on files_contents_trgm_idx  (cost=0.00..207.03 rows=19245 width=0) (actual time=89.017..89.017 rows=94730 loops=1)
                     Index Cond: (contents ~ '123456789'::text)
 Planning Time: 28.839 ms
 Execution Time: 135.287 ms
(10 rows)

Time: 165.451 ms
TIME:14:12:47
query: EXPLAIN ANALYZE select count(id) from (select id from files where contents ~ '123456789' limit 10) as e;
Timing is on.
                                                                       QUERY PLAN                                                                       
--------------------------------------------------------------------------------------------------------------------------------------------------------
 Aggregate  (cost=222.85..222.86 rows=1 width=8) (actual time=135.264..135.266 rows=1 loops=1)
   ->  Limit  (cost=211.85..222.72 rows=10 width=8) (actual time=104.238..135.255 rows=10 loops=1)
         ->  Bitmap Heap Scan on files  (cost=211.85..21141.42 rows=19245 width=8) (actual time=104.237..135.249 rows=10 loops=1)
               Recheck Cond: (contents ~ '123456789'::text)
               Rows Removed by Index Recheck: 5
               Heap Blocks: exact=12
               ->  Bitmap Index Scan on files_contents_trgm_idx  (cost=0.00..207.03 rows=19245 width=0) (actual time=88.293..88.293 rows=94730 loops=1)
                     Index Cond: (contents ~ '123456789'::text)
 Planning Time: 29.162 ms
 Execution Time: 137.171 ms
(10 rows)

Time: 167.822 ms
TIME:14:12:47
query: EXPLAIN ANALYZE select count(id) from (select id from files where contents ~ '123456789' limit 10) as e;
Timing is on.
                                                                       QUERY PLAN                                                                       
--------------------------------------------------------------------------------------------------------------------------------------------------------
 Aggregate  (cost=222.85..222.86 rows=1 width=8) (actual time=130.648..130.650 rows=1 loops=1)
   ->  Limit  (cost=211.85..222.72 rows=10 width=8) (actual time=100.854..130.639 rows=10 loops=1)
         ->  Bitmap Heap Scan on files  (cost=211.85..21141.42 rows=19245 width=8) (actual time=100.853..130.633 rows=10 loops=1)
               Recheck Cond: (contents ~ '123456789'::text)
               Rows Removed by Index Recheck: 5
               Heap Blocks: exact=12
               ->  Bitmap Index Scan on files_contents_trgm_idx  (cost=0.00..207.03 rows=19245 width=0) (actual time=86.380..86.381 rows=94730 loops=1)
                     Index Cond: (contents ~ '123456789'::text)
 Planning Time: 28.077 ms
 Execution Time: 132.265 ms
(10 rows)

Time: 161.847 ms
TIME:14:12:47
query: EXPLAIN ANALYZE select count(id) from (select id from files where contents ~ '123456789' limit 10) as e;
Timing is on.
                                                                       QUERY PLAN                                                                       
--------------------------------------------------------------------------------------------------------------------------------------------------------
 Aggregate  (cost=222.85..222.86 rows=1 width=8) (actual time=138.892..138.894 rows=1 loops=1)
   ->  Limit  (cost=211.85..222.72 rows=10 width=8) (actual time=107.517..138.807 rows=10 loops=1)
         ->  Bitmap Heap Scan on files  (cost=211.85..21141.42 rows=19245 width=8) (actual time=107.516..138.801 rows=10 loops=1)
               Recheck Cond: (contents ~ '123456789'::text)
               Rows Removed by Index Recheck: 5
               Heap Blocks: exact=12
               ->  Bitmap Index Scan on files_contents_trgm_idx  (cost=0.00..207.03 rows=19245 width=0) (actual time=92.218..92.218 rows=94730 loops=1)
                     Index Cond: (contents ~ '123456789'::text)
 Planning Time: 28.952 ms
 Execution Time: 140.629 ms
(10 rows)

Time: 171.006 ms
TIME:14:12:48
query: EXPLAIN ANALYZE select count(id) from (select id from files where contents ~ '123456789' limit 10) as e;
Timing is on.
                                                                       QUERY PLAN                                                                       
--------------------------------------------------------------------------------------------------------------------------------------------------------
 Aggregate  (cost=222.85..222.86 rows=1 width=8) (actual time=133.998..133.999 rows=1 loops=1)
   ->  Limit  (cost=211.85..222.72 rows=10 width=8) (actual time=100.898..133.987 rows=10 loops=1)
         ->  Bitmap Heap Scan on files  (cost=211.85..21141.42 rows=19245 width=8) (actual time=100.897..133.980 rows=10 loops=1)
               Recheck Cond: (contents ~ '123456789'::text)
               Rows Removed by Index Recheck: 5
               Heap Blocks: exact=12
               ->  Bitmap Index Scan on files_contents_trgm_idx  (cost=0.00..207.03 rows=19245 width=0) (actual time=85.291..85.292 rows=94730 loops=1)
                     Index Cond: (contents ~ '123456789'::text)
 Planning Time: 27.994 ms
 Execution Time: 136.087 ms
(10 rows)

Time: 165.511 ms
TIME:14:12:48
query: EXPLAIN ANALYZE select count(id) from (select id from files where contents ~ '123456789' limit 10) as e;
Timing is on.
                                                                       QUERY PLAN                                                                       
--------------------------------------------------------------------------------------------------------------------------------------------------------
 Aggregate  (cost=222.85..222.86 rows=1 width=8) (actual time=137.978..137.980 rows=1 loops=1)
   ->  Limit  (cost=211.85..222.72 rows=10 width=8) (actual time=106.612..137.966 rows=10 loops=1)
         ->  Bitmap Heap Scan on files  (cost=211.85..21141.42 rows=19245 width=8) (actual time=106.610..137.960 rows=10 loops=1)
               Recheck Cond: (contents ~ '123456789'::text)
               Rows Removed by Index Recheck: 5
               Heap Blocks: exact=12
               ->  Bitmap Index Scan on files_contents_trgm_idx  (cost=0.00..207.03 rows=19245 width=0) (actual time=89.821..89.822 rows=94730 loops=1)
                     Index Cond: (contents ~ '123456789'::text)
 Planning Time: 30.386 ms
 Execution Time: 139.506 ms
(10 rows)

Time: 171.331 ms
TIME:14:12:49
query: EXPLAIN ANALYZE select count(id) from (select id from files where contents ~ '123456789' limit 10) as e;
Timing is on.
                                                                       QUERY PLAN                                                                       
--------------------------------------------------------------------------------------------------------------------------------------------------------
 Aggregate  (cost=222.85..222.86 rows=1 width=8) (actual time=134.362..134.363 rows=1 loops=1)
   ->  Limit  (cost=211.85..222.72 rows=10 width=8) (actual time=102.511..134.351 rows=10 loops=1)
         ->  Bitmap Heap Scan on files  (cost=211.85..21141.42 rows=19245 width=8) (actual time=102.509..134.343 rows=10 loops=1)
               Recheck Cond: (contents ~ '123456789'::text)
               Rows Removed by Index Recheck: 5
               Heap Blocks: exact=12
               ->  Bitmap Index Scan on files_contents_trgm_idx  (cost=0.00..207.03 rows=19245 width=0) (actual time=87.790..87.790 rows=94730 loops=1)
                     Index Cond: (contents ~ '123456789'::text)
 Planning Time: 30.405 ms
 Execution Time: 135.949 ms
(10 rows)

Time: 167.956 ms
TIME:14:12:49
query: EXPLAIN ANALYZE select count(id) from (select id from files where contents ~ '123456789' limit 10) as e;
Timing is on.
                                                                       QUERY PLAN                                                                       
--------------------------------------------------------------------------------------------------------------------------------------------------------
 Aggregate  (cost=222.85..222.86 rows=1 width=8) (actual time=133.304..133.306 rows=1 loops=1)
   ->  Limit  (cost=211.85..222.72 rows=10 width=8) (actual time=102.918..133.295 rows=10 loops=1)
         ->  Bitmap Heap Scan on files  (cost=211.85..21141.42 rows=19245 width=8) (actual time=102.917..133.289 rows=10 loops=1)
               Recheck Cond: (contents ~ '123456789'::text)
               Rows Removed by Index Recheck: 5
               Heap Blocks: exact=12
               ->  Bitmap Index Scan on files_contents_trgm_idx  (cost=0.00..207.03 rows=19245 width=0) (actual time=87.627..87.627 rows=94730 loops=1)
                     Index Cond: (contents ~ '123456789'::text)
 Planning Time: 28.122 ms
 Execution Time: 134.999 ms
(10 rows)

Time: 164.630 ms
TIME:14:12:49
query: EXPLAIN ANALYZE select count(id) from (select id from files where contents ~ '123456789' limit 10) as e;
Timing is on.
                                                                       QUERY PLAN                                                                       
--------------------------------------------------------------------------------------------------------------------------------------------------------
 Aggregate  (cost=222.85..222.86 rows=1 width=8) (actual time=135.752..135.753 rows=1 loops=1)
   ->  Limit  (cost=211.85..222.72 rows=10 width=8) (actual time=103.262..135.737 rows=10 loops=1)
         ->  Bitmap Heap Scan on files  (cost=211.85..21141.42 rows=19245 width=8) (actual time=103.260..135.730 rows=10 loops=1)
               Recheck Cond: (contents ~ '123456789'::text)
               Rows Removed by Index Recheck: 5
               Heap Blocks: exact=12
               ->  Bitmap Index Scan on files_contents_trgm_idx  (cost=0.00..207.03 rows=19245 width=0) (actual time=87.553..87.554 rows=94730 loops=1)
                     Index Cond: (contents ~ '123456789'::text)
 Planning Time: 29.675 ms
 Execution Time: 137.430 ms
(10 rows)

Time: 168.394 ms
TIME:14:12:50
query: EXPLAIN ANALYZE select count(id) from (select id from files where contents ~ '123456789' limit 10) as e;
Timing is on.
                                                                       QUERY PLAN                                                                       
--------------------------------------------------------------------------------------------------------------------------------------------------------
 Aggregate  (cost=222.85..222.86 rows=1 width=8) (actual time=133.056..133.057 rows=1 loops=1)
   ->  Limit  (cost=211.85..222.72 rows=10 width=8) (actual time=103.329..133.046 rows=10 loops=1)
         ->  Bitmap Heap Scan on files  (cost=211.85..21141.42 rows=19245 width=8) (actual time=103.328..133.041 rows=10 loops=1)
               Recheck Cond: (contents ~ '123456789'::text)
               Rows Removed by Index Recheck: 5
               Heap Blocks: exact=12
               ->  Bitmap Index Scan on files_contents_trgm_idx  (cost=0.00..207.03 rows=19245 width=0) (actual time=86.902..86.903 rows=94730 loops=1)
                     Index Cond: (contents ~ '123456789'::text)
 Planning Time: 28.724 ms
 Execution Time: 135.065 ms
(10 rows)

Time: 165.649 ms
TIME:14:12:50
query: EXPLAIN ANALYZE select count(id) from (select id from files where contents ~ '123456789' limit 10) as e;
Timing is on.
                                                                       QUERY PLAN                                                                       
--------------------------------------------------------------------------------------------------------------------------------------------------------
 Aggregate  (cost=222.85..222.86 rows=1 width=8) (actual time=145.998..146.000 rows=1 loops=1)
   ->  Limit  (cost=211.85..222.72 rows=10 width=8) (actual time=115.722..145.974 rows=10 loops=1)
         ->  Bitmap Heap Scan on files  (cost=211.85..21141.42 rows=19245 width=8) (actual time=115.703..145.950 rows=10 loops=1)
               Recheck Cond: (contents ~ '123456789'::text)
               Rows Removed by Index Recheck: 5
               Heap Blocks: exact=12
               ->  Bitmap Index Scan on files_contents_trgm_idx  (cost=0.00..207.03 rows=19245 width=0) (actual time=98.700..98.701 rows=94730 loops=1)
                     Index Cond: (contents ~ '123456789'::text)
 Planning Time: 32.972 ms
 Execution Time: 147.790 ms
(10 rows)

Time: 182.788 ms
TIME:14:12:51
query: EXPLAIN ANALYZE select count(id) from (select id from files where contents ~ '123456789' limit 10) as e;
Timing is on.
                                                                       QUERY PLAN                                                                       
--------------------------------------------------------------------------------------------------------------------------------------------------------
 Aggregate  (cost=222.85..222.86 rows=1 width=8) (actual time=142.455..142.457 rows=1 loops=1)
   ->  Limit  (cost=211.85..222.72 rows=10 width=8) (actual time=110.786..142.427 rows=10 loops=1)
         ->  Bitmap Heap Scan on files  (cost=211.85..21141.42 rows=19245 width=8) (actual time=110.785..142.407 rows=10 loops=1)
               Recheck Cond: (contents ~ '123456789'::text)
               Rows Removed by Index Recheck: 5
               Heap Blocks: exact=12
               ->  Bitmap Index Scan on files_contents_trgm_idx  (cost=0.00..207.03 rows=19245 width=0) (actual time=95.610..95.611 rows=94730 loops=1)
                     Index Cond: (contents ~ '123456789'::text)
 Planning Time: 26.904 ms
 Execution Time: 144.092 ms
(10 rows)

Time: 172.311 ms
TIME:14:12:51
query: EXPLAIN ANALYZE select count(id) from (select id from files where contents ~ '123456789' limit 10) as e;
Timing is on.
                                                                       QUERY PLAN                                                                       
--------------------------------------------------------------------------------------------------------------------------------------------------------
 Aggregate  (cost=222.85..222.86 rows=1 width=8) (actual time=132.576..132.577 rows=1 loops=1)
   ->  Limit  (cost=211.85..222.72 rows=10 width=8) (actual time=102.490..132.566 rows=10 loops=1)
         ->  Bitmap Heap Scan on files  (cost=211.85..21141.42 rows=19245 width=8) (actual time=102.489..132.561 rows=10 loops=1)
               Recheck Cond: (contents ~ '123456789'::text)
               Rows Removed by Index Recheck: 5
               Heap Blocks: exact=12
               ->  Bitmap Index Scan on files_contents_trgm_idx  (cost=0.00..207.03 rows=19245 width=0) (actual time=87.218..87.218 rows=94730 loops=1)
                     Index Cond: (contents ~ '123456789'::text)
 Planning Time: 30.030 ms
 Execution Time: 134.284 ms
(10 rows)

Time: 165.607 ms
TIME:14:12:51
query: EXPLAIN ANALYZE select count(id) from (select id from files where contents ~ '123456789' limit 10) as e;
Timing is on.
                                                                       QUERY PLAN                                                                       
--------------------------------------------------------------------------------------------------------------------------------------------------------
 Aggregate  (cost=222.85..222.86 rows=1 width=8) (actual time=134.095..134.096 rows=1 loops=1)
   ->  Limit  (cost=211.85..222.72 rows=10 width=8) (actual time=103.577..134.083 rows=10 loops=1)
         ->  Bitmap Heap Scan on files  (cost=211.85..21141.42 rows=19245 width=8) (actual time=103.575..134.077 rows=10 loops=1)
               Recheck Cond: (contents ~ '123456789'::text)
               Rows Removed by Index Recheck: 5
               Heap Blocks: exact=12
               ->  Bitmap Index Scan on files_contents_trgm_idx  (cost=0.00..207.03 rows=19245 width=0) (actual time=88.032..88.033 rows=94730 loops=1)
                     Index Cond: (contents ~ '123456789'::text)
 Planning Time: 29.006 ms
 Execution Time: 135.674 ms
(10 rows)

Time: 166.074 ms
TIME:14:12:52
query: EXPLAIN ANALYZE select count(id) from (select id from files where contents ~ '123456789' limit 10) as e;
Timing is on.
                                                                       QUERY PLAN                                                                       
--------------------------------------------------------------------------------------------------------------------------------------------------------
 Aggregate  (cost=222.85..222.86 rows=1 width=8) (actual time=135.761..135.762 rows=1 loops=1)
   ->  Limit  (cost=211.85..222.72 rows=10 width=8) (actual time=103.934..135.746 rows=10 loops=1)
         ->  Bitmap Heap Scan on files  (cost=211.85..21141.42 rows=19245 width=8) (actual time=103.932..135.739 rows=10 loops=1)
               Recheck Cond: (contents ~ '123456789'::text)
               Rows Removed by Index Recheck: 5
               Heap Blocks: exact=12
               ->  Bitmap Index Scan on files_contents_trgm_idx  (cost=0.00..207.03 rows=19245 width=0) (actual time=86.205..86.206 rows=94730 loops=1)
                     Index Cond: (contents ~ '123456789'::text)
 Planning Time: 28.528 ms
 Execution Time: 137.565 ms
(10 rows)

Time: 167.464 ms
TIME:14:12:52
query: EXPLAIN ANALYZE select count(id) from (select id from files where contents ~ '123456789' limit 10) as e;
Timing is on.
                                                                       QUERY PLAN                                                                       
--------------------------------------------------------------------------------------------------------------------------------------------------------
 Aggregate  (cost=222.85..222.86 rows=1 width=8) (actual time=137.952..137.953 rows=1 loops=1)
   ->  Limit  (cost=211.85..222.72 rows=10 width=8) (actual time=106.541..137.942 rows=10 loops=1)
         ->  Bitmap Heap Scan on files  (cost=211.85..21141.42 rows=19245 width=8) (actual time=106.540..137.937 rows=10 loops=1)
               Recheck Cond: (contents ~ '123456789'::text)
               Rows Removed by Index Recheck: 5
               Heap Blocks: exact=12
               ->  Bitmap Index Scan on files_contents_trgm_idx  (cost=0.00..207.03 rows=19245 width=0) (actual time=90.837..90.837 rows=94730 loops=1)
                     Index Cond: (contents ~ '123456789'::text)
 Planning Time: 28.647 ms
 Execution Time: 139.702 ms
(10 rows)

Time: 169.706 ms
TIME:14:12:52
query: EXPLAIN ANALYZE select count(id) from (select id from files where contents ~ '123456789' limit 10) as e;
Timing is on.
                                                                       QUERY PLAN                                                                       
--------------------------------------------------------------------------------------------------------------------------------------------------------
 Aggregate  (cost=222.85..222.86 rows=1 width=8) (actual time=133.370..133.371 rows=1 loops=1)
   ->  Limit  (cost=211.85..222.72 rows=10 width=8) (actual time=101.665..133.359 rows=10 loops=1)
         ->  Bitmap Heap Scan on files  (cost=211.85..21141.42 rows=19245 width=8) (actual time=101.663..133.353 rows=10 loops=1)
               Recheck Cond: (contents ~ '123456789'::text)
               Rows Removed by Index Recheck: 5
               Heap Blocks: exact=12
               ->  Bitmap Index Scan on files_contents_trgm_idx  (cost=0.00..207.03 rows=19245 width=0) (actual time=86.591..86.591 rows=94730 loops=1)
                     Index Cond: (contents ~ '123456789'::text)
 Planning Time: 28.415 ms
 Execution Time: 135.212 ms
(10 rows)

Time: 165.053 ms
TIME:14:12:53
query: EXPLAIN ANALYZE select count(id) from (select id from files where contents ~ '123456789' limit 10) as e;
Timing is on.
                                                                       QUERY PLAN                                                                       
--------------------------------------------------------------------------------------------------------------------------------------------------------
 Aggregate  (cost=222.85..222.86 rows=1 width=8) (actual time=143.363..143.364 rows=1 loops=1)
   ->  Limit  (cost=211.85..222.72 rows=10 width=8) (actual time=111.057..143.352 rows=10 loops=1)
         ->  Bitmap Heap Scan on files  (cost=211.85..21141.42 rows=19245 width=8) (actual time=111.056..143.345 rows=10 loops=1)
               Recheck Cond: (contents ~ '123456789'::text)
               Rows Removed by Index Recheck: 5
               Heap Blocks: exact=12
               ->  Bitmap Index Scan on files_contents_trgm_idx  (cost=0.00..207.03 rows=19245 width=0) (actual time=95.962..95.963 rows=94730 loops=1)
                     Index Cond: (contents ~ '123456789'::text)
 Planning Time: 30.085 ms
 Execution Time: 145.241 ms
(10 rows)

Time: 176.617 ms
TIME:14:12:53
query: EXPLAIN ANALYZE select count(id) from (select id from files where contents ~ '123456789' limit 10) as e;
Timing is on.
                                                                       QUERY PLAN                                                                       
--------------------------------------------------------------------------------------------------------------------------------------------------------
 Aggregate  (cost=222.85..222.86 rows=1 width=8) (actual time=147.930..147.932 rows=1 loops=1)
   ->  Limit  (cost=211.85..222.72 rows=10 width=8) (actual time=109.274..147.888 rows=10 loops=1)
         ->  Bitmap Heap Scan on files  (cost=211.85..21141.42 rows=19245 width=8) (actual time=109.272..147.881 rows=10 loops=1)
               Recheck Cond: (contents ~ '123456789'::text)
               Rows Removed by Index Recheck: 5
               Heap Blocks: exact=12
               ->  Bitmap Index Scan on files_contents_trgm_idx  (cost=0.00..207.03 rows=19245 width=0) (actual time=88.592..88.593 rows=94730 loops=1)
                     Index Cond: (contents ~ '123456789'::text)
 Planning Time: 27.751 ms
 Execution Time: 149.760 ms
(10 rows)

Time: 178.910 ms
TIME:14:12:54
query: EXPLAIN ANALYZE select count(id) from (select id from files where contents ~ '123456789' limit 10) as e;
Timing is on.
                                                                       QUERY PLAN                                                                       
--------------------------------------------------------------------------------------------------------------------------------------------------------
 Aggregate  (cost=222.85..222.86 rows=1 width=8) (actual time=138.096..138.098 rows=1 loops=1)
   ->  Limit  (cost=211.85..222.72 rows=10 width=8) (actual time=103.830..138.084 rows=10 loops=1)
         ->  Bitmap Heap Scan on files  (cost=211.85..21141.42 rows=19245 width=8) (actual time=103.813..138.060 rows=10 loops=1)
               Recheck Cond: (contents ~ '123456789'::text)
               Rows Removed by Index Recheck: 5
               Heap Blocks: exact=12
               ->  Bitmap Index Scan on files_contents_trgm_idx  (cost=0.00..207.03 rows=19245 width=0) (actual time=87.696..87.697 rows=94730 loops=1)
                     Index Cond: (contents ~ '123456789'::text)
 Planning Time: 29.977 ms
 Execution Time: 139.837 ms
(10 rows)

Time: 171.293 ms
TIME:14:12:54
query: EXPLAIN ANALYZE select count(id) from (select id from files where contents ~ '123456789' limit 10) as e;
Timing is on.
                                                                       QUERY PLAN                                                                       
--------------------------------------------------------------------------------------------------------------------------------------------------------
 Aggregate  (cost=222.85..222.86 rows=1 width=8) (actual time=133.925..133.927 rows=1 loops=1)
   ->  Limit  (cost=211.85..222.72 rows=10 width=8) (actual time=103.470..133.916 rows=10 loops=1)
         ->  Bitmap Heap Scan on files  (cost=211.85..21141.42 rows=19245 width=8) (actual time=103.468..133.910 rows=10 loops=1)
               Recheck Cond: (contents ~ '123456789'::text)
               Rows Removed by Index Recheck: 5
               Heap Blocks: exact=12
               ->  Bitmap Index Scan on files_contents_trgm_idx  (cost=0.00..207.03 rows=19245 width=0) (actual time=88.395..88.396 rows=94730 loops=1)
                     Index Cond: (contents ~ '123456789'::text)
 Planning Time: 29.371 ms
 Execution Time: 135.657 ms
(10 rows)

Time: 166.307 ms
TIME:14:12:54
query: EXPLAIN ANALYZE select count(id) from (select id from files where contents ~ '123456789' limit 10) as e;
Timing is on.
                                                                       QUERY PLAN                                                                       
--------------------------------------------------------------------------------------------------------------------------------------------------------
 Aggregate  (cost=222.85..222.86 rows=1 width=8) (actual time=133.565..133.566 rows=1 loops=1)
   ->  Limit  (cost=211.85..222.72 rows=10 width=8) (actual time=103.427..133.554 rows=10 loops=1)
         ->  Bitmap Heap Scan on files  (cost=211.85..21141.42 rows=19245 width=8) (actual time=103.426..133.549 rows=10 loops=1)
               Recheck Cond: (contents ~ '123456789'::text)
               Rows Removed by Index Recheck: 5
               Heap Blocks: exact=12
               ->  Bitmap Index Scan on files_contents_trgm_idx  (cost=0.00..207.03 rows=19245 width=0) (actual time=88.271..88.271 rows=94730 loops=1)
                     Index Cond: (contents ~ '123456789'::text)
 Planning Time: 26.559 ms
 Execution Time: 135.213 ms
(10 rows)

Time: 163.214 ms
TIME:14:12:55
query: EXPLAIN ANALYZE select count(id) from (select id from files where contents ~ '123456789' limit 10) as e;
Timing is on.
                                                                       QUERY PLAN                                                                       
--------------------------------------------------------------------------------------------------------------------------------------------------------
 Aggregate  (cost=222.85..222.86 rows=1 width=8) (actual time=140.632..140.633 rows=1 loops=1)
   ->  Limit  (cost=211.85..222.72 rows=10 width=8) (actual time=104.161..140.620 rows=10 loops=1)
         ->  Bitmap Heap Scan on files  (cost=211.85..21141.42 rows=19245 width=8) (actual time=104.159..140.613 rows=10 loops=1)
               Recheck Cond: (contents ~ '123456789'::text)
               Rows Removed by Index Recheck: 5
               Heap Blocks: exact=12
               ->  Bitmap Index Scan on files_contents_trgm_idx  (cost=0.00..207.03 rows=19245 width=0) (actual time=88.485..88.485 rows=94730 loops=1)
                     Index Cond: (contents ~ '123456789'::text)
 Planning Time: 28.787 ms
 Execution Time: 142.527 ms
(10 rows)

Time: 172.696 ms
TIME:14:12:55
query: EXPLAIN ANALYZE select count(id) from (select id from files where contents ~ '123456789' limit 10) as e;
Timing is on.
                                                                       QUERY PLAN                                                                       
--------------------------------------------------------------------------------------------------------------------------------------------------------
 Aggregate  (cost=222.85..222.86 rows=1 width=8) (actual time=130.506..130.508 rows=1 loops=1)
   ->  Limit  (cost=211.85..222.72 rows=10 width=8) (actual time=101.018..130.496 rows=10 loops=1)
         ->  Bitmap Heap Scan on files  (cost=211.85..21141.42 rows=19245 width=8) (actual time=101.017..130.491 rows=10 loops=1)
               Recheck Cond: (contents ~ '123456789'::text)
               Rows Removed by Index Recheck: 5
               Heap Blocks: exact=12
               ->  Bitmap Index Scan on files_contents_trgm_idx  (cost=0.00..207.03 rows=19245 width=0) (actual time=86.436..86.436 rows=94730 loops=1)
                     Index Cond: (contents ~ '123456789'::text)
 Planning Time: 28.360 ms
 Execution Time: 132.166 ms
(10 rows)

Time: 161.922 ms
TIME:14:12:56
query: EXPLAIN ANALYZE select count(id) from (select id from files where contents ~ '123456789' limit 10) as e;
Timing is on.
                                                                       QUERY PLAN                                                                       
--------------------------------------------------------------------------------------------------------------------------------------------------------
 Aggregate  (cost=222.85..222.86 rows=1 width=8) (actual time=131.591..131.593 rows=1 loops=1)
   ->  Limit  (cost=211.85..222.72 rows=10 width=8) (actual time=100.958..131.582 rows=10 loops=1)
         ->  Bitmap Heap Scan on files  (cost=211.85..21141.42 rows=19245 width=8) (actual time=100.957..131.576 rows=10 loops=1)
               Recheck Cond: (contents ~ '123456789'::text)
               Rows Removed by Index Recheck: 5
               Heap Blocks: exact=12
               ->  Bitmap Index Scan on files_contents_trgm_idx  (cost=0.00..207.03 rows=19245 width=0) (actual time=85.649..85.649 rows=94730 loops=1)
                     Index Cond: (contents ~ '123456789'::text)
 Planning Time: 25.519 ms
 Execution Time: 133.386 ms
(10 rows)

Time: 160.394 ms
TIME:14:12:56
query: EXPLAIN ANALYZE select count(id) from (select id from files where contents ~ '123456789' limit 10) as e;
Timing is on.
                                                                       QUERY PLAN                                                                       
--------------------------------------------------------------------------------------------------------------------------------------------------------
 Aggregate  (cost=222.85..222.86 rows=1 width=8) (actual time=128.609..128.611 rows=1 loops=1)
   ->  Limit  (cost=211.85..222.72 rows=10 width=8) (actual time=99.042..128.584 rows=10 loops=1)
         ->  Bitmap Heap Scan on files  (cost=211.85..21141.42 rows=19245 width=8) (actual time=99.041..128.578 rows=10 loops=1)
               Recheck Cond: (contents ~ '123456789'::text)
               Rows Removed by Index Recheck: 5
               Heap Blocks: exact=12
               ->  Bitmap Index Scan on files_contents_trgm_idx  (cost=0.00..207.03 rows=19245 width=0) (actual time=84.346..84.346 rows=94730 loops=1)
                     Index Cond: (contents ~ '123456789'::text)
 Planning Time: 28.670 ms
 Execution Time: 130.191 ms
(10 rows)

Time: 160.393 ms
TIME:14:12:56
query: EXPLAIN ANALYZE select count(id) from (select id from files where contents ~ '123456789' limit 10) as e;
Timing is on.
                                                                       QUERY PLAN                                                                       
--------------------------------------------------------------------------------------------------------------------------------------------------------
 Aggregate  (cost=222.85..222.86 rows=1 width=8) (actual time=147.367..147.369 rows=1 loops=1)
   ->  Limit  (cost=211.85..222.72 rows=10 width=8) (actual time=113.422..147.339 rows=10 loops=1)
         ->  Bitmap Heap Scan on files  (cost=211.85..21141.42 rows=19245 width=8) (actual time=113.420..147.332 rows=10 loops=1)
               Recheck Cond: (contents ~ '123456789'::text)
               Rows Removed by Index Recheck: 5
               Heap Blocks: exact=12
               ->  Bitmap Index Scan on files_contents_trgm_idx  (cost=0.00..207.03 rows=19245 width=0) (actual time=95.917..95.918 rows=94730 loops=1)
                     Index Cond: (contents ~ '123456789'::text)
 Planning Time: 29.636 ms
 Execution Time: 149.106 ms
(10 rows)

Time: 180.206 ms
TIME:14:12:57
query: EXPLAIN ANALYZE select count(id) from (select id from files where contents ~ '123456789' limit 10) as e;
Timing is on.
                                                                       QUERY PLAN                                                                       
--------------------------------------------------------------------------------------------------------------------------------------------------------
 Aggregate  (cost=222.85..222.86 rows=1 width=8) (actual time=139.169..139.171 rows=1 loops=1)
   ->  Limit  (cost=211.85..222.72 rows=10 width=8) (actual time=109.567..139.143 rows=10 loops=1)
         ->  Bitmap Heap Scan on files  (cost=211.85..21141.42 rows=19245 width=8) (actual time=109.566..139.137 rows=10 loops=1)
               Recheck Cond: (contents ~ '123456789'::text)
               Rows Removed by Index Recheck: 5
               Heap Blocks: exact=12
               ->  Bitmap Index Scan on files_contents_trgm_idx  (cost=0.00..207.03 rows=19245 width=0) (actual time=94.195..94.195 rows=94730 loops=1)
                     Index Cond: (contents ~ '123456789'::text)
 Planning Time: 28.062 ms
 Execution Time: 141.130 ms
(10 rows)

Time: 170.499 ms
TIME:14:12:57
query: EXPLAIN ANALYZE select count(id) from (select id from files where contents ~ '123456789' limit 10) as e;
Timing is on.
                                                                       QUERY PLAN                                                                       
--------------------------------------------------------------------------------------------------------------------------------------------------------
 Aggregate  (cost=222.85..222.86 rows=1 width=8) (actual time=133.876..133.878 rows=1 loops=1)
   ->  Limit  (cost=211.85..222.72 rows=10 width=8) (actual time=104.131..133.867 rows=10 loops=1)
         ->  Bitmap Heap Scan on files  (cost=211.85..21141.42 rows=19245 width=8) (actual time=104.129..133.861 rows=10 loops=1)
               Recheck Cond: (contents ~ '123456789'::text)
               Rows Removed by Index Recheck: 5
               Heap Blocks: exact=12
               ->  Bitmap Index Scan on files_contents_trgm_idx  (cost=0.00..207.03 rows=19245 width=0) (actual time=88.901..88.901 rows=94730 loops=1)
                     Index Cond: (contents ~ '123456789'::text)
 Planning Time: 28.511 ms
 Execution Time: 135.501 ms
(10 rows)

Time: 165.467 ms
TIME:14:12:57
query: EXPLAIN ANALYZE select count(id) from (select id from files where contents ~ '123456789' limit 10) as e;
Timing is on.
                                                                       QUERY PLAN                                                                       
--------------------------------------------------------------------------------------------------------------------------------------------------------
 Aggregate  (cost=222.85..222.86 rows=1 width=8) (actual time=140.673..140.674 rows=1 loops=1)
   ->  Limit  (cost=211.85..222.72 rows=10 width=8) (actual time=109.869..140.663 rows=10 loops=1)
         ->  Bitmap Heap Scan on files  (cost=211.85..21141.42 rows=19245 width=8) (actual time=109.867..140.657 rows=10 loops=1)
               Recheck Cond: (contents ~ '123456789'::text)
               Rows Removed by Index Recheck: 5
               Heap Blocks: exact=12
               ->  Bitmap Index Scan on files_contents_trgm_idx  (cost=0.00..207.03 rows=19245 width=0) (actual time=90.864..90.864 rows=94730 loops=1)
                     Index Cond: (contents ~ '123456789'::text)
 Planning Time: 28.489 ms
 Execution Time: 142.367 ms
(10 rows)

Time: 172.146 ms
TIME:14:12:58
query: EXPLAIN ANALYZE select count(id) from (select id from files where contents ~ '123456789' limit 10) as e;
Timing is on.
                                                                       QUERY PLAN                                                                       
--------------------------------------------------------------------------------------------------------------------------------------------------------
 Aggregate  (cost=222.85..222.86 rows=1 width=8) (actual time=137.012..137.014 rows=1 loops=1)
   ->  Limit  (cost=211.85..222.72 rows=10 width=8) (actual time=106.966..137.002 rows=10 loops=1)
         ->  Bitmap Heap Scan on files  (cost=211.85..21141.42 rows=19245 width=8) (actual time=106.965..136.994 rows=10 loops=1)
               Recheck Cond: (contents ~ '123456789'::text)
               Rows Removed by Index Recheck: 5
               Heap Blocks: exact=12
               ->  Bitmap Index Scan on files_contents_trgm_idx  (cost=0.00..207.03 rows=19245 width=0) (actual time=92.011..92.012 rows=94730 loops=1)
                     Index Cond: (contents ~ '123456789'::text)
 Planning Time: 28.373 ms
 Execution Time: 138.680 ms
(10 rows)

Time: 168.332 ms
TIME:14:12:58
query: EXPLAIN ANALYZE select count(id) from (select id from files where contents ~ '123456789' limit 10) as e;
Timing is on.
                                                                       QUERY PLAN                                                                       
--------------------------------------------------------------------------------------------------------------------------------------------------------
 Aggregate  (cost=222.85..222.86 rows=1 width=8) (actual time=131.452..131.453 rows=1 loops=1)
   ->  Limit  (cost=211.85..222.72 rows=10 width=8) (actual time=101.889..131.424 rows=10 loops=1)
         ->  Bitmap Heap Scan on files  (cost=211.85..21141.42 rows=19245 width=8) (actual time=101.887..131.419 rows=10 loops=1)
               Recheck Cond: (contents ~ '123456789'::text)
               Rows Removed by Index Recheck: 5
               Heap Blocks: exact=12
               ->  Bitmap Index Scan on files_contents_trgm_idx  (cost=0.00..207.03 rows=19245 width=0) (actual time=86.658..86.659 rows=94730 loops=1)
                     Index Cond: (contents ~ '123456789'::text)
 Planning Time: 28.367 ms
 Execution Time: 132.889 ms
(10 rows)

Time: 162.652 ms
TIME:14:12:59
query: EXPLAIN ANALYZE select count(id) from (select id from files where contents ~ '123456789' limit 10) as e;
Timing is on.
                                                                       QUERY PLAN                                                                       
--------------------------------------------------------------------------------------------------------------------------------------------------------
 Aggregate  (cost=222.85..222.86 rows=1 width=8) (actual time=131.135..131.138 rows=1 loops=1)
   ->  Limit  (cost=211.85..222.72 rows=10 width=8) (actual time=101.109..131.126 rows=10 loops=1)
         ->  Bitmap Heap Scan on files  (cost=211.85..21141.42 rows=19245 width=8) (actual time=101.107..131.121 rows=10 loops=1)
               Recheck Cond: (contents ~ '123456789'::text)
               Rows Removed by Index Recheck: 5
               Heap Blocks: exact=12
               ->  Bitmap Index Scan on files_contents_trgm_idx  (cost=0.00..207.03 rows=19245 width=0) (actual time=86.158..86.159 rows=94730 loops=1)
                     Index Cond: (contents ~ '123456789'::text)
 Planning Time: 28.268 ms
 Execution Time: 132.784 ms
(10 rows)

Time: 162.515 ms
TIME:14:12:59
query: EXPLAIN ANALYZE select count(id) from (select id from files where contents ~ '123456789' limit 10) as e;
Timing is on.
                                                                       QUERY PLAN                                                                       
--------------------------------------------------------------------------------------------------------------------------------------------------------
 Aggregate  (cost=222.85..222.86 rows=1 width=8) (actual time=138.324..138.326 rows=1 loops=1)
   ->  Limit  (cost=211.85..222.72 rows=10 width=8) (actual time=103.752..138.311 rows=10 loops=1)
         ->  Bitmap Heap Scan on files  (cost=211.85..21141.42 rows=19245 width=8) (actual time=103.751..138.304 rows=10 loops=1)
               Recheck Cond: (contents ~ '123456789'::text)
               Rows Removed by Index Recheck: 5
               Heap Blocks: exact=12
               ->  Bitmap Index Scan on files_contents_trgm_idx  (cost=0.00..207.03 rows=19245 width=0) (actual time=88.202..88.202 rows=94730 loops=1)
                     Index Cond: (contents ~ '123456789'::text)
 Planning Time: 29.999 ms
 Execution Time: 140.327 ms
(10 rows)

Time: 171.854 ms
TIME:14:12:59
query: EXPLAIN ANALYZE select count(id) from (select id from files where contents ~ '123456789' limit 10) as e;
Timing is on.
                                                                       QUERY PLAN                                                                       
--------------------------------------------------------------------------------------------------------------------------------------------------------
 Aggregate  (cost=222.85..222.86 rows=1 width=8) (actual time=135.756..135.758 rows=1 loops=1)
   ->  Limit  (cost=211.85..222.72 rows=10 width=8) (actual time=105.641..135.746 rows=10 loops=1)
         ->  Bitmap Heap Scan on files  (cost=211.85..21141.42 rows=19245 width=8) (actual time=105.639..135.740 rows=10 loops=1)
               Recheck Cond: (contents ~ '123456789'::text)
               Rows Removed by Index Recheck: 5
               Heap Blocks: exact=12
               ->  Bitmap Index Scan on files_contents_trgm_idx  (cost=0.00..207.03 rows=19245 width=0) (actual time=90.113..90.114 rows=94730 loops=1)
                     Index Cond: (contents ~ '123456789'::text)
 Planning Time: 28.688 ms
 Execution Time: 137.400 ms
(10 rows)

Time: 167.400 ms
TIME:14:13:00
query: EXPLAIN ANALYZE select count(id) from (select id from files where contents ~ '123456789' limit 10) as e;
Timing is on.
                                                                       QUERY PLAN                                                                       
--------------------------------------------------------------------------------------------------------------------------------------------------------
 Aggregate  (cost=222.85..222.86 rows=1 width=8) (actual time=128.850..128.852 rows=1 loops=1)
   ->  Limit  (cost=211.85..222.72 rows=10 width=8) (actual time=99.475..128.840 rows=10 loops=1)
         ->  Bitmap Heap Scan on files  (cost=211.85..21141.42 rows=19245 width=8) (actual time=99.473..128.835 rows=10 loops=1)
               Recheck Cond: (contents ~ '123456789'::text)
               Rows Removed by Index Recheck: 5
               Heap Blocks: exact=12
               ->  Bitmap Index Scan on files_contents_trgm_idx  (cost=0.00..207.03 rows=19245 width=0) (actual time=84.529..84.530 rows=94730 loops=1)
                     Index Cond: (contents ~ '123456789'::text)
 Planning Time: 27.728 ms
 Execution Time: 130.749 ms
(10 rows)

Time: 159.996 ms
TIME:14:13:00
query: EXPLAIN ANALYZE select count(id) from (select id from files where contents ~ '123456789' limit 10) as e;
Timing is on.
                                                                       QUERY PLAN                                                                       
--------------------------------------------------------------------------------------------------------------------------------------------------------
 Aggregate  (cost=222.85..222.86 rows=1 width=8) (actual time=136.778..136.793 rows=1 loops=1)
   ->  Limit  (cost=211.85..222.72 rows=10 width=8) (actual time=106.948..136.769 rows=10 loops=1)
         ->  Bitmap Heap Scan on files  (cost=211.85..21141.42 rows=19245 width=8) (actual time=106.947..136.763 rows=10 loops=1)
               Recheck Cond: (contents ~ '123456789'::text)
               Rows Removed by Index Recheck: 5
               Heap Blocks: exact=12
               ->  Bitmap Index Scan on files_contents_trgm_idx  (cost=0.00..207.03 rows=19245 width=0) (actual time=88.657..88.658 rows=94730 loops=1)
                     Index Cond: (contents ~ '123456789'::text)
 Planning Time: 26.267 ms
 Execution Time: 138.565 ms
(10 rows)

Time: 166.223 ms
TIME:14:13:01
query: EXPLAIN ANALYZE select count(id) from (select id from files where contents ~ '123456789' limit 10) as e;
Timing is on.
                                                                       QUERY PLAN                                                                       
--------------------------------------------------------------------------------------------------------------------------------------------------------
 Aggregate  (cost=222.85..222.86 rows=1 width=8) (actual time=130.351..130.353 rows=1 loops=1)
   ->  Limit  (cost=211.85..222.72 rows=10 width=8) (actual time=100.663..130.326 rows=10 loops=1)
         ->  Bitmap Heap Scan on files  (cost=211.85..21141.42 rows=19245 width=8) (actual time=100.662..130.316 rows=10 loops=1)
               Recheck Cond: (contents ~ '123456789'::text)
               Rows Removed by Index Recheck: 5
               Heap Blocks: exact=12
               ->  Bitmap Index Scan on files_contents_trgm_idx  (cost=0.00..207.03 rows=19245 width=0) (actual time=86.022..86.022 rows=94730 loops=1)
                     Index Cond: (contents ~ '123456789'::text)
 Planning Time: 28.376 ms
 Execution Time: 131.967 ms
(10 rows)

Time: 161.847 ms
limit 10: 'bytes.Buffer'
TIME:14:13:01
query: EXPLAIN ANALYZE select count(id) from (select id from files where contents ~ 'bytes.Buffer' limit 10) as e;
Timing is on.
                                                                       QUERY PLAN                                                                       
--------------------------------------------------------------------------------------------------------------------------------------------------------
 Aggregate  (cost=73.66..73.67 rows=1 width=8) (actual time=3454.196..3454.197 rows=1 loops=1)
   ->  Limit  (cost=62.44..73.54 rows=10 width=8) (actual time=3058.361..3454.181 rows=10 loops=1)
         ->  Bitmap Heap Scan on files  (cost=62.44..1127.40 rows=960 width=8) (actual time=3058.360..3454.167 rows=10 loops=1)
               Recheck Cond: (contents ~ 'bytes.Buffer'::text)
               Rows Removed by Index Recheck: 2263
               Heap Blocks: exact=1068
               ->  Bitmap Index Scan on files_contents_trgm_idx  (cost=0.00..62.20 rows=960 width=0) (actual time=894.610..894.610 rows=240080 loops=1)
                     Index Cond: (contents ~ 'bytes.Buffer'::text)
 Planning Time: 28.784 ms
 Execution Time: 3457.253 ms
(10 rows)

Time: 3487.486 ms (00:03.487)
TIME:14:13:05
query: EXPLAIN ANALYZE select count(id) from (select id from files where contents ~ 'bytes.Buffer' limit 10) as e;
Timing is on.
                                                                       QUERY PLAN                                                                       
--------------------------------------------------------------------------------------------------------------------------------------------------------
 Aggregate  (cost=73.66..73.67 rows=1 width=8) (actual time=2152.218..2152.219 rows=1 loops=1)
   ->  Limit  (cost=62.44..73.54 rows=10 width=8) (actual time=1887.434..2152.201 rows=10 loops=1)
         ->  Bitmap Heap Scan on files  (cost=62.44..1127.40 rows=960 width=8) (actual time=1887.432..2152.193 rows=10 loops=1)
               Recheck Cond: (contents ~ 'bytes.Buffer'::text)
               Rows Removed by Index Recheck: 2263
               Heap Blocks: exact=1068
               ->  Bitmap Index Scan on files_contents_trgm_idx  (cost=0.00..62.20 rows=960 width=0) (actual time=242.061..242.061 rows=240080 loops=1)
                     Index Cond: (contents ~ 'bytes.Buffer'::text)
 Planning Time: 38.569 ms
 Execution Time: 2156.041 ms
(10 rows)

Time: 2195.984 ms (00:02.196)
TIME:14:13:07
query: EXPLAIN ANALYZE select count(id) from (select id from files where contents ~ 'bytes.Buffer' limit 10) as e;
Timing is on.
                                                                       QUERY PLAN                                                                       
--------------------------------------------------------------------------------------------------------------------------------------------------------
 Aggregate  (cost=73.66..73.67 rows=1 width=8) (actual time=2229.802..2229.803 rows=1 loops=1)
   ->  Limit  (cost=62.44..73.54 rows=10 width=8) (actual time=1960.548..2229.789 rows=10 loops=1)
         ->  Bitmap Heap Scan on files  (cost=62.44..1127.40 rows=960 width=8) (actual time=1960.547..2229.782 rows=10 loops=1)
               Recheck Cond: (contents ~ 'bytes.Buffer'::text)
               Rows Removed by Index Recheck: 2263
               Heap Blocks: exact=1068
               ->  Bitmap Index Scan on files_contents_trgm_idx  (cost=0.00..62.20 rows=960 width=0) (actual time=271.505..271.506 rows=240080 loops=1)
                     Index Cond: (contents ~ 'bytes.Buffer'::text)
 Planning Time: 28.420 ms
 Execution Time: 2232.628 ms
(10 rows)

Time: 2262.458 ms (00:02.262)
TIME:14:13:09
query: EXPLAIN ANALYZE select count(id) from (select id from files where contents ~ 'bytes.Buffer' limit 10) as e;
Timing is on.
                                                                       QUERY PLAN                                                                       
--------------------------------------------------------------------------------------------------------------------------------------------------------
 Aggregate  (cost=73.66..73.67 rows=1 width=8) (actual time=2199.380..2199.381 rows=1 loops=1)
   ->  Limit  (cost=62.44..73.54 rows=10 width=8) (actual time=1919.880..2199.366 rows=10 loops=1)
         ->  Bitmap Heap Scan on files  (cost=62.44..1127.40 rows=960 width=8) (actual time=1919.878..2199.359 rows=10 loops=1)
               Recheck Cond: (contents ~ 'bytes.Buffer'::text)
               Rows Removed by Index Recheck: 2263
               Heap Blocks: exact=1068
               ->  Bitmap Index Scan on files_contents_trgm_idx  (cost=0.00..62.20 rows=960 width=0) (actual time=247.936..247.936 rows=240080 loops=1)
                     Index Cond: (contents ~ 'bytes.Buffer'::text)
 Planning Time: 28.972 ms
 Execution Time: 2202.568 ms
(10 rows)

Time: 2233.064 ms (00:02.233)
limit 10: 'ac8ac5d63b66b83b90ce41a2d4061635'
TIME:14:13:12
query: EXPLAIN ANALYZE select count(id) from (select id from files where contents ~ 'ac8ac5d63b66b83b90ce41a2d4061635' limit 10) as e;
Timing is on.
                                                                       QUERY PLAN                                                                       
--------------------------------------------------------------------------------------------------------------------------------------------------------
 Aggregate  (cost=144.06..144.07 rows=1 width=8) (actual time=144575.402..144575.610 rows=1 loops=1)
   ->  Limit  (cost=132.84..143.94 rows=10 width=8) (actual time=144575.000..144575.041 rows=0 loops=1)
         ->  Bitmap Heap Scan on files  (cost=132.84..1197.80 rows=960 width=8) (actual time=144574.977..144575.006 rows=0 loops=1)
               Recheck Cond: (contents ~ 'ac8ac5d63b66b83b90ce41a2d4061635'::text)
               Rows Removed by Index Recheck: 10166
               Heap Blocks: exact=5247
               ->  Bitmap Index Scan on files_contents_trgm_idx  (cost=0.00..132.60 rows=960 width=0) (actual time=238.212..238.239 rows=10166 loops=1)
                     Index Cond: (contents ~ 'ac8ac5d63b66b83b90ce41a2d4061635'::text)
 Planning Time: 29.038 ms
 Execution Time: 144578.610 ms
(10 rows)

Time: 144614.398 ms (02:24.614)
TIME:14:15:37
query: EXPLAIN ANALYZE select count(id) from (select id from files where contents ~ 'ac8ac5d63b66b83b90ce41a2d4061635' limit 10) as e;
Timing is on.
                                                                      QUERY PLAN                                                                      
------------------------------------------------------------------------------------------------------------------------------------------------------
 Aggregate  (cost=144.06..144.07 rows=1 width=8) (actual time=45304.282..45304.284 rows=1 loops=1)
   ->  Limit  (cost=132.84..143.94 rows=10 width=8) (actual time=45304.268..45304.269 rows=0 loops=1)
         ->  Bitmap Heap Scan on files  (cost=132.84..1197.80 rows=960 width=8) (actual time=45304.233..45304.234 rows=0 loops=1)
               Recheck Cond: (contents ~ 'ac8ac5d63b66b83b90ce41a2d4061635'::text)
               Rows Removed by Index Recheck: 10166
               Heap Blocks: exact=5247
               ->  Bitmap Index Scan on files_contents_trgm_idx  (cost=0.00..132.60 rows=960 width=0) (actual time=90.626..90.627 rows=10166 loops=1)
                     Index Cond: (contents ~ 'ac8ac5d63b66b83b90ce41a2d4061635'::text)
 Planning Time: 268.680 ms
 Execution Time: 45306.290 ms
(10 rows)

Time: 45580.018 ms (00:45.580)
limit 10: 'd97f1d3ff91543[e-f]49.8b07517548877'
TIME:14:16:23
query: EXPLAIN ANALYZE select count(id) from (select id from files where contents ~ 'd97f1d3ff91543[e-f]49.8b07517548877' limit 10) as e;
Timing is on.
                                                                      QUERY PLAN                                                                       
-------------------------------------------------------------------------------------------------------------------------------------------------------
 Aggregate  (cost=144.06..144.07 rows=1 width=8) (actual time=43679.626..43679.632 rows=1 loops=1)
   ->  Limit  (cost=132.84..143.94 rows=10 width=8) (actual time=43679.617..43679.618 rows=0 loops=1)
         ->  Bitmap Heap Scan on files  (cost=132.84..1197.80 rows=960 width=8) (actual time=43679.615..43679.616 rows=0 loops=1)
               Recheck Cond: (contents ~ 'd97f1d3ff91543[e-f]49.8b07517548877'::text)
               Rows Removed by Index Recheck: 9838
               Heap Blocks: exact=5379
               ->  Bitmap Index Scan on files_contents_trgm_idx  (cost=0.00..132.60 rows=960 width=0) (actual time=394.764..394.765 rows=9838 loops=1)
                     Index Cond: (contents ~ 'd97f1d3ff91543[e-f]49.8b07517548877'::text)
 Planning Time: 43.318 ms
 Execution Time: 43681.041 ms
(10 rows)

Time: 43726.079 ms (00:43.726)
TIME:14:17:07
query: EXPLAIN ANALYZE select count(id) from (select id from files where contents ~ 'd97f1d3ff91543[e-f]49.8b07517548877' limit 10) as e;
Timing is on.
                                                                     QUERY PLAN                                                                      
-----------------------------------------------------------------------------------------------------------------------------------------------------
 Aggregate  (cost=144.06..144.07 rows=1 width=8) (actual time=28234.520..28234.521 rows=1 loops=1)
   ->  Limit  (cost=132.84..143.94 rows=10 width=8) (actual time=28234.516..28234.517 rows=0 loops=1)
         ->  Bitmap Heap Scan on files  (cost=132.84..1197.80 rows=960 width=8) (actual time=28234.515..28234.515 rows=0 loops=1)
               Recheck Cond: (contents ~ 'd97f1d3ff91543[e-f]49.8b07517548877'::text)
               Rows Removed by Index Recheck: 9838
               Heap Blocks: exact=5379
               ->  Bitmap Index Scan on files_contents_trgm_idx  (cost=0.00..132.60 rows=960 width=0) (actual time=42.307..42.307 rows=9838 loops=1)
                     Index Cond: (contents ~ 'd97f1d3ff91543[e-f]49.8b07517548877'::text)
 Planning Time: 32.455 ms
 Execution Time: 28235.228 ms
(10 rows)

Time: 28268.988 ms (00:28.269)

real	10m34.270s
user	1m3.546s
sys	0m38.714s
BEGIN ./query-corpus-100.sh
limit 100: 'error'
TIME:14:17:35
query: EXPLAIN ANALYZE select count(id) from (select id from files where contents ~ 'error' limit 100) as e;
Timing is on.
                                                       QUERY PLAN                                                        
-------------------------------------------------------------------------------------------------------------------------
 Aggregate  (cost=233.17..233.18 rows=1 width=8) (actual time=91.008..91.009 rows=1 loops=1)
   ->  Limit  (cost=0.00..231.92 rows=100 width=8) (actual time=2.166..90.952 rows=100 loops=1)
         ->  Seq Scan on files  (cost=0.00..1075530.95 rows=463753 width=8) (actual time=2.165..90.920 rows=100 loops=1)
               Filter: (contents ~ 'error'::text)
               Rows Removed by Filter: 364
 Planning Time: 30.247 ms
 Execution Time: 91.066 ms
(7 rows)

Time: 122.607 ms
TIME:14:17:36
query: EXPLAIN ANALYZE select count(id) from (select id from files where contents ~ 'error' limit 100) as e;
Timing is on.
                                                       QUERY PLAN                                                        
-------------------------------------------------------------------------------------------------------------------------
 Aggregate  (cost=233.17..233.18 rows=1 width=8) (actual time=53.406..53.408 rows=1 loops=1)
   ->  Limit  (cost=0.00..231.92 rows=100 width=8) (actual time=0.662..53.345 rows=100 loops=1)
         ->  Seq Scan on files  (cost=0.00..1075530.95 rows=463753 width=8) (actual time=0.661..53.303 rows=100 loops=1)
               Filter: (contents ~ 'error'::text)
               Rows Removed by Filter: 314
 Planning Time: 29.243 ms
 Execution Time: 53.438 ms
(7 rows)

Time: 84.042 ms
TIME:14:17:36
query: EXPLAIN ANALYZE select count(id) from (select id from files where contents ~ 'error' limit 100) as e;
Timing is on.
                                                        QUERY PLAN                                                        
--------------------------------------------------------------------------------------------------------------------------
 Aggregate  (cost=233.17..233.18 rows=1 width=8) (actual time=161.987..161.989 rows=1 loops=1)
   ->  Limit  (cost=0.00..231.92 rows=100 width=8) (actual time=1.078..161.918 rows=100 loops=1)
         ->  Seq Scan on files  (cost=0.00..1075530.95 rows=463753 width=8) (actual time=1.077..161.888 rows=100 loops=1)
               Filter: (contents ~ 'error'::text)
               Rows Removed by Filter: 392
 Planning Time: 26.144 ms
 Execution Time: 162.017 ms
(7 rows)

Time: 189.543 ms
TIME:14:17:36
query: EXPLAIN ANALYZE select count(id) from (select id from files where contents ~ 'error' limit 100) as e;
Timing is on.
                                                       QUERY PLAN                                                        
-------------------------------------------------------------------------------------------------------------------------
 Aggregate  (cost=233.17..233.18 rows=1 width=8) (actual time=91.749..91.750 rows=1 loops=1)
   ->  Limit  (cost=0.00..231.92 rows=100 width=8) (actual time=0.400..91.703 rows=100 loops=1)
         ->  Seq Scan on files  (cost=0.00..1075530.95 rows=463753 width=8) (actual time=0.399..91.676 rows=100 loops=1)
               Filter: (contents ~ 'error'::text)
               Rows Removed by Filter: 358
 Planning Time: 23.905 ms
 Execution Time: 91.798 ms
(7 rows)

Time: 117.092 ms
TIME:14:17:37
query: EXPLAIN ANALYZE select count(id) from (select id from files where contents ~ 'error' limit 100) as e;
Timing is on.
                                                       QUERY PLAN                                                        
-------------------------------------------------------------------------------------------------------------------------
 Aggregate  (cost=233.17..233.18 rows=1 width=8) (actual time=37.562..37.563 rows=1 loops=1)
   ->  Limit  (cost=0.00..231.92 rows=100 width=8) (actual time=0.833..37.512 rows=100 loops=1)
         ->  Seq Scan on files  (cost=0.00..1075530.95 rows=463753 width=8) (actual time=0.832..37.490 rows=100 loops=1)
               Filter: (contents ~ 'error'::text)
               Rows Removed by Filter: 152
 Planning Time: 29.777 ms
 Execution Time: 37.611 ms
(7 rows)

Time: 68.696 ms
TIME:14:17:37
query: EXPLAIN ANALYZE select count(id) from (select id from files where contents ~ 'error' limit 100) as e;
Timing is on.
                                                       QUERY PLAN                                                        
-------------------------------------------------------------------------------------------------------------------------
 Aggregate  (cost=233.17..233.18 rows=1 width=8) (actual time=49.527..49.528 rows=1 loops=1)
   ->  Limit  (cost=0.00..231.92 rows=100 width=8) (actual time=0.460..49.488 rows=100 loops=1)
         ->  Seq Scan on files  (cost=0.00..1075530.95 rows=463753 width=8) (actual time=0.459..49.464 rows=100 loops=1)
               Filter: (contents ~ 'error'::text)
               Rows Removed by Filter: 329
 Planning Time: 28.525 ms
 Execution Time: 49.566 ms
(7 rows)

Time: 79.323 ms
TIME:14:17:37
query: EXPLAIN ANALYZE select count(id) from (select id from files where contents ~ 'error' limit 100) as e;
Timing is on.
                                                       QUERY PLAN                                                        
-------------------------------------------------------------------------------------------------------------------------
 Aggregate  (cost=233.17..233.18 rows=1 width=8) (actual time=82.631..82.632 rows=1 loops=1)
   ->  Limit  (cost=0.00..231.92 rows=100 width=8) (actual time=0.944..82.565 rows=100 loops=1)
         ->  Seq Scan on files  (cost=0.00..1075530.95 rows=463753 width=8) (actual time=0.942..82.535 rows=100 loops=1)
               Filter: (contents ~ 'error'::text)
               Rows Removed by Filter: 644
 Planning Time: 33.818 ms
 Execution Time: 82.682 ms
(7 rows)

Time: 118.152 ms
TIME:14:17:38
query: EXPLAIN ANALYZE select count(id) from (select id from files where contents ~ 'error' limit 100) as e;
Timing is on.
                                                        QUERY PLAN                                                         
---------------------------------------------------------------------------------------------------------------------------
 Aggregate  (cost=233.17..233.18 rows=1 width=8) (actual time=547.320..547.337 rows=1 loops=1)
   ->  Limit  (cost=0.00..231.92 rows=100 width=8) (actual time=10.657..547.196 rows=100 loops=1)
         ->  Seq Scan on files  (cost=0.00..1075530.95 rows=463753 width=8) (actual time=10.656..547.059 rows=100 loops=1)
               Filter: (contents ~ 'error'::text)
               Rows Removed by Filter: 1232
 Planning Time: 31.385 ms
 Execution Time: 547.446 ms
(7 rows)

Time: 580.263 ms
TIME:14:17:39
query: EXPLAIN ANALYZE select count(id) from (select id from files where contents ~ 'error' limit 100) as e;
Timing is on.
                                                        QUERY PLAN                                                        
--------------------------------------------------------------------------------------------------------------------------
 Aggregate  (cost=233.17..233.18 rows=1 width=8) (actual time=253.808..253.809 rows=1 loops=1)
   ->  Limit  (cost=0.00..231.92 rows=100 width=8) (actual time=0.749..253.729 rows=100 loops=1)
         ->  Seq Scan on files  (cost=0.00..1075530.95 rows=463753 width=8) (actual time=0.748..253.677 rows=100 loops=1)
               Filter: (contents ~ 'error'::text)
               Rows Removed by Filter: 678
 Planning Time: 32.776 ms
 Execution Time: 253.852 ms
(7 rows)

Time: 288.048 ms
TIME:14:17:39
query: EXPLAIN ANALYZE select count(id) from (select id from files where contents ~ 'error' limit 100) as e;
Timing is on.
                                                        QUERY PLAN                                                        
--------------------------------------------------------------------------------------------------------------------------
 Aggregate  (cost=233.17..233.18 rows=1 width=8) (actual time=359.323..359.324 rows=1 loops=1)
   ->  Limit  (cost=0.00..231.92 rows=100 width=8) (actual time=1.185..359.226 rows=100 loops=1)
         ->  Seq Scan on files  (cost=0.00..1075530.95 rows=463753 width=8) (actual time=1.184..359.166 rows=100 loops=1)
               Filter: (contents ~ 'error'::text)
               Rows Removed by Filter: 768
 Planning Time: 39.736 ms
 Execution Time: 359.402 ms
(7 rows)

Time: 400.455 ms
TIME:14:17:40
query: EXPLAIN ANALYZE select count(id) from (select id from files where contents ~ 'error' limit 100) as e;
Timing is on.
                                                        QUERY PLAN                                                        
--------------------------------------------------------------------------------------------------------------------------
 Aggregate  (cost=233.17..233.18 rows=1 width=8) (actual time=190.712..190.713 rows=1 loops=1)
   ->  Limit  (cost=0.00..231.92 rows=100 width=8) (actual time=3.916..190.629 rows=100 loops=1)
         ->  Seq Scan on files  (cost=0.00..1075530.95 rows=463753 width=8) (actual time=3.914..190.583 rows=100 loops=1)
               Filter: (contents ~ 'error'::text)
               Rows Removed by Filter: 658
 Planning Time: 34.931 ms
 Execution Time: 190.757 ms
(7 rows)

Time: 227.057 ms
TIME:14:17:40
query: EXPLAIN ANALYZE select count(id) from (select id from files where contents ~ 'error' limit 100) as e;
Timing is on.
                                                        QUERY PLAN                                                        
--------------------------------------------------------------------------------------------------------------------------
 Aggregate  (cost=233.17..233.18 rows=1 width=8) (actual time=176.661..176.662 rows=1 loops=1)
   ->  Limit  (cost=0.00..231.92 rows=100 width=8) (actual time=4.243..176.568 rows=100 loops=1)
         ->  Seq Scan on files  (cost=0.00..1075530.95 rows=463753 width=8) (actual time=4.242..176.535 rows=100 loops=1)
               Filter: (contents ~ 'error'::text)
               Rows Removed by Filter: 847
 Planning Time: 33.963 ms
 Execution Time: 176.767 ms
(7 rows)

Time: 212.314 ms
TIME:14:17:41
query: EXPLAIN ANALYZE select count(id) from (select id from files where contents ~ 'error' limit 100) as e;
Timing is on.
                                                        QUERY PLAN                                                        
--------------------------------------------------------------------------------------------------------------------------
 Aggregate  (cost=233.17..233.18 rows=1 width=8) (actual time=153.024..153.025 rows=1 loops=1)
   ->  Limit  (cost=0.00..231.92 rows=100 width=8) (actual time=1.537..152.942 rows=100 loops=1)
         ->  Seq Scan on files  (cost=0.00..1075530.95 rows=463753 width=8) (actual time=1.536..152.909 rows=100 loops=1)
               Filter: (contents ~ 'error'::text)
               Rows Removed by Filter: 729
 Planning Time: 28.779 ms
 Execution Time: 153.054 ms
(7 rows)

Time: 183.132 ms
TIME:14:17:41
query: EXPLAIN ANALYZE select count(id) from (select id from files where contents ~ 'error' limit 100) as e;
Timing is on.
                                                        QUERY PLAN                                                         
---------------------------------------------------------------------------------------------------------------------------
 Aggregate  (cost=233.17..233.18 rows=1 width=8) (actual time=165.003..165.004 rows=1 loops=1)
   ->  Limit  (cost=0.00..231.92 rows=100 width=8) (actual time=14.993..164.947 rows=100 loops=1)
         ->  Seq Scan on files  (cost=0.00..1075530.95 rows=463753 width=8) (actual time=14.991..164.915 rows=100 loops=1)
               Filter: (contents ~ 'error'::text)
               Rows Removed by Filter: 933
 Planning Time: 33.996 ms
 Execution Time: 165.144 ms
(7 rows)

Time: 200.406 ms
TIME:14:17:41
query: EXPLAIN ANALYZE select count(id) from (select id from files where contents ~ 'error' limit 100) as e;
Timing is on.
                                                       QUERY PLAN                                                        
-------------------------------------------------------------------------------------------------------------------------
 Aggregate  (cost=233.17..233.18 rows=1 width=8) (actual time=62.066..62.067 rows=1 loops=1)
   ->  Limit  (cost=0.00..231.92 rows=100 width=8) (actual time=0.444..62.006 rows=100 loops=1)
         ->  Seq Scan on files  (cost=0.00..1075530.95 rows=463753 width=8) (actual time=0.443..61.961 rows=100 loops=1)
               Filter: (contents ~ 'error'::text)
               Rows Removed by Filter: 1899
 Planning Time: 31.330 ms
 Execution Time: 62.099 ms
(7 rows)

Time: 94.716 ms
TIME:14:17:42
query: EXPLAIN ANALYZE select count(id) from (select id from files where contents ~ 'error' limit 100) as e;
Timing is on.
                                                        QUERY PLAN                                                        
--------------------------------------------------------------------------------------------------------------------------
 Aggregate  (cost=233.17..233.18 rows=1 width=8) (actual time=113.421..113.422 rows=1 loops=1)
   ->  Limit  (cost=0.00..231.92 rows=100 width=8) (actual time=3.116..113.350 rows=100 loops=1)
         ->  Seq Scan on files  (cost=0.00..1075530.95 rows=463753 width=8) (actual time=3.114..113.321 rows=100 loops=1)
               Filter: (contents ~ 'error'::text)
               Rows Removed by Filter: 442
 Planning Time: 28.592 ms
 Execution Time: 113.453 ms
(7 rows)

Time: 146.380 ms
TIME:14:17:42
query: EXPLAIN ANALYZE select count(id) from (select id from files where contents ~ 'error' limit 100) as e;
Timing is on.
                                                       QUERY PLAN                                                        
-------------------------------------------------------------------------------------------------------------------------
 Aggregate  (cost=233.17..233.18 rows=1 width=8) (actual time=85.177..85.179 rows=1 loops=1)
   ->  Limit  (cost=0.00..231.92 rows=100 width=8) (actual time=0.774..85.123 rows=100 loops=1)
         ->  Seq Scan on files  (cost=0.00..1075530.95 rows=463753 width=8) (actual time=0.773..85.076 rows=100 loops=1)
               Filter: (contents ~ 'error'::text)
               Rows Removed by Filter: 116
 Planning Time: 29.448 ms
 Execution Time: 85.221 ms
(7 rows)

Time: 115.981 ms
TIME:14:17:42
query: EXPLAIN ANALYZE select count(id) from (select id from files where contents ~ 'error' limit 100) as e;
Timing is on.
                                                       QUERY PLAN                                                        
-------------------------------------------------------------------------------------------------------------------------
 Aggregate  (cost=233.17..233.18 rows=1 width=8) (actual time=80.588..80.589 rows=1 loops=1)
   ->  Limit  (cost=0.00..231.92 rows=100 width=8) (actual time=0.349..80.535 rows=100 loops=1)
         ->  Seq Scan on files  (cost=0.00..1075530.95 rows=463753 width=8) (actual time=0.348..80.505 rows=100 loops=1)
               Filter: (contents ~ 'error'::text)
               Rows Removed by Filter: 393
 Planning Time: 32.220 ms
 Execution Time: 80.704 ms
(7 rows)

Time: 114.266 ms
TIME:14:17:43
query: EXPLAIN ANALYZE select count(id) from (select id from files where contents ~ 'error' limit 100) as e;
Timing is on.
                                                        QUERY PLAN                                                        
--------------------------------------------------------------------------------------------------------------------------
 Aggregate  (cost=233.17..233.18 rows=1 width=8) (actual time=135.413..135.414 rows=1 loops=1)
   ->  Limit  (cost=0.00..231.92 rows=100 width=8) (actual time=0.867..135.342 rows=100 loops=1)
         ->  Seq Scan on files  (cost=0.00..1075530.95 rows=463753 width=8) (actual time=0.866..135.295 rows=100 loops=1)
               Filter: (contents ~ 'error'::text)
               Rows Removed by Filter: 430
 Planning Time: 35.903 ms
 Execution Time: 135.499 ms
(7 rows)

Time: 172.778 ms
TIME:14:17:43
query: EXPLAIN ANALYZE select count(id) from (select id from files where contents ~ 'error' limit 100) as e;
Timing is on.
                                                        QUERY PLAN                                                        
--------------------------------------------------------------------------------------------------------------------------
 Aggregate  (cost=233.17..233.18 rows=1 width=8) (actual time=181.657..181.659 rows=1 loops=1)
   ->  Limit  (cost=0.00..231.92 rows=100 width=8) (actual time=1.309..181.568 rows=100 loops=1)
         ->  Seq Scan on files  (cost=0.00..1075530.95 rows=463753 width=8) (actual time=1.309..181.535 rows=100 loops=1)
               Filter: (contents ~ 'error'::text)
               Rows Removed by Filter: 548
 Planning Time: 25.597 ms
 Execution Time: 181.689 ms
(7 rows)

Time: 208.484 ms
TIME:14:17:44
query: EXPLAIN ANALYZE select count(id) from (select id from files where contents ~ 'error' limit 100) as e;
Timing is on.
                                                        QUERY PLAN                                                        
--------------------------------------------------------------------------------------------------------------------------
 Aggregate  (cost=233.17..233.18 rows=1 width=8) (actual time=239.115..239.116 rows=1 loops=1)
   ->  Limit  (cost=0.00..231.92 rows=100 width=8) (actual time=1.936..239.023 rows=100 loops=1)
         ->  Seq Scan on files  (cost=0.00..1075530.95 rows=463753 width=8) (actual time=1.935..238.964 rows=100 loops=1)
               Filter: (contents ~ 'error'::text)
               Rows Removed by Filter: 452
 Planning Time: 36.222 ms
 Execution Time: 239.213 ms
(7 rows)

Time: 276.700 ms
TIME:14:17:44
query: EXPLAIN ANALYZE select count(id) from (select id from files where contents ~ 'error' limit 100) as e;
Timing is on.
                                                        QUERY PLAN                                                        
--------------------------------------------------------------------------------------------------------------------------
 Aggregate  (cost=233.17..233.18 rows=1 width=8) (actual time=152.801..152.802 rows=1 loops=1)
   ->  Limit  (cost=0.00..231.92 rows=100 width=8) (actual time=0.594..152.745 rows=100 loops=1)
         ->  Seq Scan on files  (cost=0.00..1075530.95 rows=463753 width=8) (actual time=0.593..152.696 rows=100 loops=1)
               Filter: (contents ~ 'error'::text)
               Rows Removed by Filter: 257
 Planning Time: 29.453 ms
 Execution Time: 152.831 ms
(7 rows)

Time: 183.655 ms
TIME:14:17:44
query: EXPLAIN ANALYZE select count(id) from (select id from files where contents ~ 'error' limit 100) as e;
Timing is on.
                                                        QUERY PLAN                                                        
--------------------------------------------------------------------------------------------------------------------------
 Aggregate  (cost=233.17..233.18 rows=1 width=8) (actual time=112.937..112.956 rows=1 loops=1)
   ->  Limit  (cost=0.00..231.92 rows=100 width=8) (actual time=1.218..112.851 rows=100 loops=1)
         ->  Seq Scan on files  (cost=0.00..1075530.95 rows=463753 width=8) (actual time=1.204..112.799 rows=100 loops=1)
               Filter: (contents ~ 'error'::text)
               Rows Removed by Filter: 162
 Planning Time: 28.282 ms
 Execution Time: 112.987 ms
(7 rows)

Time: 142.594 ms
TIME:14:17:45
query: EXPLAIN ANALYZE select count(id) from (select id from files where contents ~ 'error' limit 100) as e;
Timing is on.
                                                       QUERY PLAN                                                        
-------------------------------------------------------------------------------------------------------------------------
 Aggregate  (cost=233.17..233.18 rows=1 width=8) (actual time=74.776..74.777 rows=1 loops=1)
   ->  Limit  (cost=0.00..231.92 rows=100 width=8) (actual time=0.448..74.712 rows=100 loops=1)
         ->  Seq Scan on files  (cost=0.00..1075530.95 rows=463753 width=8) (actual time=0.447..74.671 rows=100 loops=1)
               Filter: (contents ~ 'error'::text)
               Rows Removed by Filter: 222
 Planning Time: 30.965 ms
 Execution Time: 74.809 ms
(7 rows)

Time: 107.131 ms
TIME:14:17:45
query: EXPLAIN ANALYZE select count(id) from (select id from files where contents ~ 'error' limit 100) as e;
Timing is on.
                                                       QUERY PLAN                                                        
-------------------------------------------------------------------------------------------------------------------------
 Aggregate  (cost=233.17..233.18 rows=1 width=8) (actual time=73.343..73.344 rows=1 loops=1)
   ->  Limit  (cost=0.00..231.92 rows=100 width=8) (actual time=0.501..73.281 rows=100 loops=1)
         ->  Seq Scan on files  (cost=0.00..1075530.95 rows=463753 width=8) (actual time=0.500..73.225 rows=100 loops=1)
               Filter: (contents ~ 'error'::text)
               Rows Removed by Filter: 330
 Planning Time: 31.037 ms
 Execution Time: 73.436 ms
(7 rows)

Time: 105.799 ms
TIME:14:17:46
query: EXPLAIN ANALYZE select count(id) from (select id from files where contents ~ 'error' limit 100) as e;
Timing is on.
                                                       QUERY PLAN                                                        
-------------------------------------------------------------------------------------------------------------------------
 Aggregate  (cost=233.17..233.18 rows=1 width=8) (actual time=62.871..62.872 rows=1 loops=1)
   ->  Limit  (cost=0.00..231.92 rows=100 width=8) (actual time=0.681..62.784 rows=100 loops=1)
         ->  Seq Scan on files  (cost=0.00..1075530.95 rows=463753 width=8) (actual time=0.680..62.757 rows=100 loops=1)
               Filter: (contents ~ 'error'::text)
               Rows Removed by Filter: 231
 Planning Time: 30.766 ms
 Execution Time: 62.901 ms
(7 rows)

Time: 95.079 ms
TIME:14:17:46
query: EXPLAIN ANALYZE select count(id) from (select id from files where contents ~ 'error' limit 100) as e;
Timing is on.
                                                       QUERY PLAN                                                        
-------------------------------------------------------------------------------------------------------------------------
 Aggregate  (cost=233.17..233.18 rows=1 width=8) (actual time=80.196..80.197 rows=1 loops=1)
   ->  Limit  (cost=0.00..231.92 rows=100 width=8) (actual time=0.442..80.152 rows=100 loops=1)
         ->  Seq Scan on files  (cost=0.00..1075530.95 rows=463753 width=8) (actual time=0.441..80.113 rows=100 loops=1)
               Filter: (contents ~ 'error'::text)
               Rows Removed by Filter: 328
 Planning Time: 30.570 ms
 Execution Time: 80.225 ms
(7 rows)

Time: 112.054 ms
TIME:14:17:46
query: EXPLAIN ANALYZE select count(id) from (select id from files where contents ~ 'error' limit 100) as e;
Timing is on.
                                                        QUERY PLAN                                                        
--------------------------------------------------------------------------------------------------------------------------
 Aggregate  (cost=233.17..233.18 rows=1 width=8) (actual time=181.637..181.638 rows=1 loops=1)
   ->  Limit  (cost=0.00..231.92 rows=100 width=8) (actual time=0.387..181.581 rows=100 loops=1)
         ->  Seq Scan on files  (cost=0.00..1075530.95 rows=463753 width=8) (actual time=0.386..181.517 rows=100 loops=1)
               Filter: (contents ~ 'error'::text)
               Rows Removed by Filter: 401
 Planning Time: 29.380 ms
 Execution Time: 181.761 ms
(7 rows)

Time: 212.418 ms
TIME:14:17:47
query: EXPLAIN ANALYZE select count(id) from (select id from files where contents ~ 'error' limit 100) as e;
Timing is on.
                                                        QUERY PLAN                                                         
---------------------------------------------------------------------------------------------------------------------------
 Aggregate  (cost=233.17..233.18 rows=1 width=8) (actual time=346.830..346.831 rows=1 loops=1)
   ->  Limit  (cost=0.00..231.92 rows=100 width=8) (actual time=14.447..346.737 rows=100 loops=1)
         ->  Seq Scan on files  (cost=0.00..1075530.95 rows=463753 width=8) (actual time=14.446..346.701 rows=100 loops=1)
               Filter: (contents ~ 'error'::text)
               Rows Removed by Filter: 266
 Planning Time: 33.760 ms
 Execution Time: 346.861 ms
(7 rows)

Time: 381.951 ms
TIME:14:17:47
query: EXPLAIN ANALYZE select count(id) from (select id from files where contents ~ 'error' limit 100) as e;
Timing is on.
                                                       QUERY PLAN                                                        
-------------------------------------------------------------------------------------------------------------------------
 Aggregate  (cost=233.17..233.18 rows=1 width=8) (actual time=94.505..94.507 rows=1 loops=1)
   ->  Limit  (cost=0.00..231.92 rows=100 width=8) (actual time=0.720..94.429 rows=100 loops=1)
         ->  Seq Scan on files  (cost=0.00..1075530.95 rows=463753 width=8) (actual time=0.719..94.393 rows=100 loops=1)
               Filter: (contents ~ 'error'::text)
               Rows Removed by Filter: 179
 Planning Time: 38.784 ms
 Execution Time: 94.541 ms
(7 rows)

Time: 134.609 ms
TIME:14:17:48
query: EXPLAIN ANALYZE select count(id) from (select id from files where contents ~ 'error' limit 100) as e;
Timing is on.
                                                       QUERY PLAN                                                        
-------------------------------------------------------------------------------------------------------------------------
 Aggregate  (cost=233.17..233.18 rows=1 width=8) (actual time=61.375..61.376 rows=1 loops=1)
   ->  Limit  (cost=0.00..231.92 rows=100 width=8) (actual time=0.618..61.327 rows=100 loops=1)
         ->  Seq Scan on files  (cost=0.00..1075530.95 rows=463753 width=8) (actual time=0.616..61.297 rows=100 loops=1)
               Filter: (contents ~ 'error'::text)
               Rows Removed by Filter: 333
 Planning Time: 33.170 ms
 Execution Time: 61.407 ms
(7 rows)

Time: 95.918 ms
TIME:14:17:48
query: EXPLAIN ANALYZE select count(id) from (select id from files where contents ~ 'error' limit 100) as e;
Timing is on.
                                                       QUERY PLAN                                                        
-------------------------------------------------------------------------------------------------------------------------
 Aggregate  (cost=233.17..233.18 rows=1 width=8) (actual time=26.686..26.687 rows=1 loops=1)
   ->  Limit  (cost=0.00..231.92 rows=100 width=8) (actual time=2.035..26.637 rows=100 loops=1)
         ->  Seq Scan on files  (cost=0.00..1075530.95 rows=463753 width=8) (actual time=2.034..26.615 rows=100 loops=1)
               Filter: (contents ~ 'error'::text)
               Rows Removed by Filter: 105
 Planning Time: 28.143 ms
 Execution Time: 26.716 ms
(7 rows)

Time: 56.101 ms
TIME:14:17:48
query: EXPLAIN ANALYZE select count(id) from (select id from files where contents ~ 'error' limit 100) as e;
Timing is on.
                                                       QUERY PLAN                                                        
-------------------------------------------------------------------------------------------------------------------------
 Aggregate  (cost=233.17..233.18 rows=1 width=8) (actual time=52.906..52.907 rows=1 loops=1)
   ->  Limit  (cost=0.00..231.92 rows=100 width=8) (actual time=0.526..52.849 rows=100 loops=1)
         ->  Seq Scan on files  (cost=0.00..1075530.95 rows=463753 width=8) (actual time=0.525..52.823 rows=100 loops=1)
               Filter: (contents ~ 'error'::text)
               Rows Removed by Filter: 203
 Planning Time: 29.124 ms
 Execution Time: 52.990 ms
(7 rows)

Time: 83.451 ms
TIME:14:17:48
query: EXPLAIN ANALYZE select count(id) from (select id from files where contents ~ 'error' limit 100) as e;
Timing is on.
                                                       QUERY PLAN                                                        
-------------------------------------------------------------------------------------------------------------------------
 Aggregate  (cost=233.17..233.18 rows=1 width=8) (actual time=68.390..68.391 rows=1 loops=1)
   ->  Limit  (cost=0.00..231.92 rows=100 width=8) (actual time=0.381..68.339 rows=100 loops=1)
         ->  Seq Scan on files  (cost=0.00..1075530.95 rows=463753 width=8) (actual time=0.379..68.308 rows=100 loops=1)
               Filter: (contents ~ 'error'::text)
               Rows Removed by Filter: 237
 Planning Time: 32.155 ms
 Execution Time: 68.426 ms
(7 rows)

Time: 102.013 ms
TIME:14:17:49
query: EXPLAIN ANALYZE select count(id) from (select id from files where contents ~ 'error' limit 100) as e;
Timing is on.
                                                       QUERY PLAN                                                        
-------------------------------------------------------------------------------------------------------------------------
 Aggregate  (cost=233.17..233.18 rows=1 width=8) (actual time=63.078..63.079 rows=1 loops=1)
   ->  Limit  (cost=0.00..231.92 rows=100 width=8) (actual time=0.460..63.008 rows=100 loops=1)
         ->  Seq Scan on files  (cost=0.00..1075530.95 rows=463753 width=8) (actual time=0.459..62.976 rows=100 loops=1)
               Filter: (contents ~ 'error'::text)
               Rows Removed by Filter: 296
 Planning Time: 31.175 ms
 Execution Time: 63.110 ms
(7 rows)

Time: 95.889 ms
TIME:14:17:49
query: EXPLAIN ANALYZE select count(id) from (select id from files where contents ~ 'error' limit 100) as e;
Timing is on.
                                                       QUERY PLAN                                                        
-------------------------------------------------------------------------------------------------------------------------
 Aggregate  (cost=233.17..233.18 rows=1 width=8) (actual time=47.574..47.575 rows=1 loops=1)
   ->  Limit  (cost=0.00..231.92 rows=100 width=8) (actual time=0.703..47.507 rows=100 loops=1)
         ->  Seq Scan on files  (cost=0.00..1075530.95 rows=463753 width=8) (actual time=0.702..47.456 rows=100 loops=1)
               Filter: (contents ~ 'error'::text)
               Rows Removed by Filter: 205
 Planning Time: 28.995 ms
 Execution Time: 47.604 ms
(7 rows)

Time: 78.004 ms
TIME:14:17:49
query: EXPLAIN ANALYZE select count(id) from (select id from files where contents ~ 'error' limit 100) as e;
Timing is on.
                                                       QUERY PLAN                                                        
-------------------------------------------------------------------------------------------------------------------------
 Aggregate  (cost=233.17..233.18 rows=1 width=8) (actual time=55.681..55.682 rows=1 loops=1)
   ->  Limit  (cost=0.00..231.92 rows=100 width=8) (actual time=0.625..55.629 rows=100 loops=1)
         ->  Seq Scan on files  (cost=0.00..1075530.95 rows=463753 width=8) (actual time=0.623..55.594 rows=100 loops=1)
               Filter: (contents ~ 'error'::text)
               Rows Removed by Filter: 313
 Planning Time: 28.751 ms
 Execution Time: 55.714 ms
(7 rows)

Time: 85.715 ms
TIME:14:17:50
query: EXPLAIN ANALYZE select count(id) from (select id from files where contents ~ 'error' limit 100) as e;
Timing is on.
                                                       QUERY PLAN                                                        
-------------------------------------------------------------------------------------------------------------------------
 Aggregate  (cost=233.17..233.18 rows=1 width=8) (actual time=50.823..50.824 rows=1 loops=1)
   ->  Limit  (cost=0.00..231.92 rows=100 width=8) (actual time=0.435..50.761 rows=100 loops=1)
         ->  Seq Scan on files  (cost=0.00..1075530.95 rows=463753 width=8) (actual time=0.434..50.731 rows=100 loops=1)
               Filter: (contents ~ 'error'::text)
               Rows Removed by Filter: 213
 Planning Time: 29.487 ms
 Execution Time: 50.887 ms
(7 rows)

Time: 81.877 ms
TIME:14:17:50
query: EXPLAIN ANALYZE select count(id) from (select id from files where contents ~ 'error' limit 100) as e;
Timing is on.
                                                       QUERY PLAN                                                        
-------------------------------------------------------------------------------------------------------------------------
 Aggregate  (cost=233.17..233.18 rows=1 width=8) (actual time=37.845..37.846 rows=1 loops=1)
   ->  Limit  (cost=0.00..231.92 rows=100 width=8) (actual time=0.617..37.770 rows=100 loops=1)
         ->  Seq Scan on files  (cost=0.00..1075530.95 rows=463753 width=8) (actual time=0.615..37.726 rows=100 loops=1)
               Filter: (contents ~ 'error'::text)
               Rows Removed by Filter: 171
 Planning Time: 38.400 ms
 Execution Time: 37.890 ms
(7 rows)

Time: 78.211 ms
TIME:14:17:50
query: EXPLAIN ANALYZE select count(id) from (select id from files where contents ~ 'error' limit 100) as e;
Timing is on.
                                                       QUERY PLAN                                                        
-------------------------------------------------------------------------------------------------------------------------
 Aggregate  (cost=233.17..233.18 rows=1 width=8) (actual time=98.490..98.491 rows=1 loops=1)
   ->  Limit  (cost=0.00..231.92 rows=100 width=8) (actual time=0.489..98.404 rows=100 loops=1)
         ->  Seq Scan on files  (cost=0.00..1075530.95 rows=463753 width=8) (actual time=0.488..98.370 rows=100 loops=1)
               Filter: (contents ~ 'error'::text)
               Rows Removed by Filter: 595
 Planning Time: 29.903 ms
 Execution Time: 98.531 ms
(7 rows)

Time: 129.717 ms
TIME:14:17:51
query: EXPLAIN ANALYZE select count(id) from (select id from files where contents ~ 'error' limit 100) as e;
Timing is on.
                                                       QUERY PLAN                                                        
-------------------------------------------------------------------------------------------------------------------------
 Aggregate  (cost=233.17..233.18 rows=1 width=8) (actual time=80.151..80.152 rows=1 loops=1)
   ->  Limit  (cost=0.00..231.92 rows=100 width=8) (actual time=1.099..80.096 rows=100 loops=1)
         ->  Seq Scan on files  (cost=0.00..1075530.95 rows=463753 width=8) (actual time=1.098..80.065 rows=100 loops=1)
               Filter: (contents ~ 'error'::text)
               Rows Removed by Filter: 364
 Planning Time: 30.265 ms
 Execution Time: 80.184 ms
(7 rows)

Time: 111.930 ms
TIME:14:17:51
query: EXPLAIN ANALYZE select count(id) from (select id from files where contents ~ 'error' limit 100) as e;
Timing is on.
                                                       QUERY PLAN                                                        
-------------------------------------------------------------------------------------------------------------------------
 Aggregate  (cost=233.17..233.18 rows=1 width=8) (actual time=53.067..53.068 rows=1 loops=1)
   ->  Limit  (cost=0.00..231.92 rows=100 width=8) (actual time=0.449..53.006 rows=100 loops=1)
         ->  Seq Scan on files  (cost=0.00..1075530.95 rows=463753 width=8) (actual time=0.448..52.964 rows=100 loops=1)
               Filter: (contents ~ 'error'::text)
               Rows Removed by Filter: 235
 Planning Time: 29.147 ms
 Execution Time: 53.114 ms
(7 rows)

Time: 83.597 ms
TIME:14:17:51
query: EXPLAIN ANALYZE select count(id) from (select id from files where contents ~ 'error' limit 100) as e;
Timing is on.
                                                       QUERY PLAN                                                        
-------------------------------------------------------------------------------------------------------------------------
 Aggregate  (cost=233.17..233.18 rows=1 width=8) (actual time=31.485..31.487 rows=1 loops=1)
   ->  Limit  (cost=0.00..231.92 rows=100 width=8) (actual time=0.719..31.409 rows=100 loops=1)
         ->  Seq Scan on files  (cost=0.00..1075530.95 rows=463753 width=8) (actual time=0.717..31.383 rows=100 loops=1)
               Filter: (contents ~ 'error'::text)
               Rows Removed by Filter: 159
 Planning Time: 29.022 ms
 Execution Time: 31.519 ms
(7 rows)

Time: 61.844 ms
TIME:14:17:52
query: EXPLAIN ANALYZE select count(id) from (select id from files where contents ~ 'error' limit 100) as e;
Timing is on.
                                                       QUERY PLAN                                                        
-------------------------------------------------------------------------------------------------------------------------
 Aggregate  (cost=233.17..233.18 rows=1 width=8) (actual time=46.079..46.080 rows=1 loops=1)
   ->  Limit  (cost=0.00..231.92 rows=100 width=8) (actual time=0.762..46.010 rows=100 loops=1)
         ->  Seq Scan on files  (cost=0.00..1075530.95 rows=463753 width=8) (actual time=0.761..45.978 rows=100 loops=1)
               Filter: (contents ~ 'error'::text)
               Rows Removed by Filter: 168
 Planning Time: 31.346 ms
 Execution Time: 46.115 ms
(7 rows)

Time: 78.846 ms
TIME:14:17:52
query: EXPLAIN ANALYZE select count(id) from (select id from files where contents ~ 'error' limit 100) as e;
Timing is on.
                                                       QUERY PLAN                                                        
-------------------------------------------------------------------------------------------------------------------------
 Aggregate  (cost=233.17..233.18 rows=1 width=8) (actual time=41.531..41.533 rows=1 loops=1)
   ->  Limit  (cost=0.00..231.92 rows=100 width=8) (actual time=0.544..41.460 rows=100 loops=1)
         ->  Seq Scan on files  (cost=0.00..1075530.95 rows=463753 width=8) (actual time=0.543..41.431 rows=100 loops=1)
               Filter: (contents ~ 'error'::text)
               Rows Removed by Filter: 299
 Planning Time: 31.663 ms
 Execution Time: 41.564 ms
(7 rows)

Time: 74.569 ms
TIME:14:17:52
query: EXPLAIN ANALYZE select count(id) from (select id from files where contents ~ 'error' limit 100) as e;
Timing is on.
                                                       QUERY PLAN                                                        
-------------------------------------------------------------------------------------------------------------------------
 Aggregate  (cost=233.17..233.18 rows=1 width=8) (actual time=54.466..54.467 rows=1 loops=1)
   ->  Limit  (cost=0.00..231.92 rows=100 width=8) (actual time=1.513..54.382 rows=100 loops=1)
         ->  Seq Scan on files  (cost=0.00..1075530.95 rows=463753 width=8) (actual time=1.511..54.347 rows=100 loops=1)
               Filter: (contents ~ 'error'::text)
               Rows Removed by Filter: 457
 Planning Time: 34.391 ms
 Execution Time: 54.546 ms
(7 rows)

Time: 90.315 ms
TIME:14:17:52
query: EXPLAIN ANALYZE select count(id) from (select id from files where contents ~ 'error' limit 100) as e;
Timing is on.
                                                        QUERY PLAN                                                        
--------------------------------------------------------------------------------------------------------------------------
 Aggregate  (cost=233.17..233.18 rows=1 width=8) (actual time=105.856..105.858 rows=1 loops=1)
   ->  Limit  (cost=0.00..231.92 rows=100 width=8) (actual time=1.557..105.757 rows=100 loops=1)
         ->  Seq Scan on files  (cost=0.00..1075530.95 rows=463753 width=8) (actual time=1.554..105.715 rows=100 loops=1)
               Filter: (contents ~ 'error'::text)
               Rows Removed by Filter: 468
 Planning Time: 32.754 ms
 Execution Time: 106.015 ms
(7 rows)

Time: 140.576 ms
TIME:14:17:53
query: EXPLAIN ANALYZE select count(id) from (select id from files where contents ~ 'error' limit 100) as e;
Timing is on.
                                                        QUERY PLAN                                                        
--------------------------------------------------------------------------------------------------------------------------
 Aggregate  (cost=233.17..233.18 rows=1 width=8) (actual time=235.022..235.023 rows=1 loops=1)
   ->  Limit  (cost=0.00..231.92 rows=100 width=8) (actual time=0.450..234.926 rows=100 loops=1)
         ->  Seq Scan on files  (cost=0.00..1075530.95 rows=463753 width=8) (actual time=0.449..234.875 rows=100 loops=1)
               Filter: (contents ~ 'error'::text)
               Rows Removed by Filter: 540
 Planning Time: 29.903 ms
 Execution Time: 235.128 ms
(7 rows)

Time: 266.746 ms
TIME:14:17:53
query: EXPLAIN ANALYZE select count(id) from (select id from files where contents ~ 'error' limit 100) as e;
Timing is on.
                                                        QUERY PLAN                                                        
--------------------------------------------------------------------------------------------------------------------------
 Aggregate  (cost=233.17..233.18 rows=1 width=8) (actual time=192.489..192.490 rows=1 loops=1)
   ->  Limit  (cost=0.00..231.92 rows=100 width=8) (actual time=1.034..192.411 rows=100 loops=1)
         ->  Seq Scan on files  (cost=0.00..1075530.95 rows=463753 width=8) (actual time=1.033..192.354 rows=100 loops=1)
               Filter: (contents ~ 'error'::text)
               Rows Removed by Filter: 539
 Planning Time: 29.018 ms
 Execution Time: 192.541 ms
(7 rows)

Time: 222.916 ms
TIME:14:17:54
query: EXPLAIN ANALYZE select count(id) from (select id from files where contents ~ 'error' limit 100) as e;
Timing is on.
                                                        QUERY PLAN                                                        
--------------------------------------------------------------------------------------------------------------------------
 Aggregate  (cost=233.17..233.18 rows=1 width=8) (actual time=211.740..211.741 rows=1 loops=1)
   ->  Limit  (cost=0.00..231.92 rows=100 width=8) (actual time=6.834..211.620 rows=100 loops=1)
         ->  Seq Scan on files  (cost=0.00..1075530.95 rows=463753 width=8) (actual time=6.832..211.557 rows=100 loops=1)
               Filter: (contents ~ 'error'::text)
               Rows Removed by Filter: 433
 Planning Time: 33.846 ms
 Execution Time: 211.777 ms
(7 rows)

Time: 246.963 ms
TIME:14:17:54
query: EXPLAIN ANALYZE select count(id) from (select id from files where contents ~ 'error' limit 100) as e;
Timing is on.
                                                       QUERY PLAN                                                        
-------------------------------------------------------------------------------------------------------------------------
 Aggregate  (cost=233.17..233.18 rows=1 width=8) (actual time=22.399..22.400 rows=1 loops=1)
   ->  Limit  (cost=0.00..231.92 rows=100 width=8) (actual time=1.011..22.331 rows=100 loops=1)
         ->  Seq Scan on files  (cost=0.00..1075530.95 rows=463753 width=8) (actual time=1.008..22.309 rows=100 loops=1)
               Filter: (contents ~ 'error'::text)
               Rows Removed by Filter: 75
 Planning Time: 34.752 ms
 Execution Time: 22.531 ms
(7 rows)

Time: 58.688 ms
TIME:14:17:55
query: EXPLAIN ANALYZE select count(id) from (select id from files where contents ~ 'error' limit 100) as e;
Timing is on.
                                                       QUERY PLAN                                                        
-------------------------------------------------------------------------------------------------------------------------
 Aggregate  (cost=233.17..233.18 rows=1 width=8) (actual time=15.496..15.498 rows=1 loops=1)
   ->  Limit  (cost=0.00..231.92 rows=100 width=8) (actual time=0.689..15.468 rows=100 loops=1)
         ->  Seq Scan on files  (cost=0.00..1075530.95 rows=463753 width=8) (actual time=0.687..15.417 rows=100 loops=1)
               Filter: (contents ~ 'error'::text)
               Rows Removed by Filter: 40
 Planning Time: 33.595 ms
 Execution Time: 15.603 ms
(7 rows)

Time: 50.473 ms
TIME:14:17:55
query: EXPLAIN ANALYZE select count(id) from (select id from files where contents ~ 'error' limit 100) as e;
Timing is on.
                                                       QUERY PLAN                                                        
-------------------------------------------------------------------------------------------------------------------------
 Aggregate  (cost=233.17..233.18 rows=1 width=8) (actual time=33.606..33.607 rows=1 loops=1)
   ->  Limit  (cost=0.00..231.92 rows=100 width=8) (actual time=1.067..33.532 rows=100 loops=1)
         ->  Seq Scan on files  (cost=0.00..1075530.95 rows=463753 width=8) (actual time=1.066..33.507 rows=100 loops=1)
               Filter: (contents ~ 'error'::text)
               Rows Removed by Filter: 179
 Planning Time: 35.277 ms
 Execution Time: 33.690 ms
(7 rows)

Time: 70.747 ms
TIME:14:17:55
query: EXPLAIN ANALYZE select count(id) from (select id from files where contents ~ 'error' limit 100) as e;
Timing is on.
                                                       QUERY PLAN                                                        
-------------------------------------------------------------------------------------------------------------------------
 Aggregate  (cost=233.17..233.18 rows=1 width=8) (actual time=35.805..35.807 rows=1 loops=1)
   ->  Limit  (cost=0.00..231.92 rows=100 width=8) (actual time=0.633..35.737 rows=100 loops=1)
         ->  Seq Scan on files  (cost=0.00..1075530.95 rows=463753 width=8) (actual time=0.632..35.705 rows=100 loops=1)
               Filter: (contents ~ 'error'::text)
               Rows Removed by Filter: 441
 Planning Time: 33.193 ms
 Execution Time: 35.874 ms
(7 rows)

Time: 70.719 ms
TIME:14:17:56
query: EXPLAIN ANALYZE select count(id) from (select id from files where contents ~ 'error' limit 100) as e;
Timing is on.
                                                       QUERY PLAN                                                        
-------------------------------------------------------------------------------------------------------------------------
 Aggregate  (cost=233.17..233.18 rows=1 width=8) (actual time=15.890..15.892 rows=1 loops=1)
   ->  Limit  (cost=0.00..231.92 rows=100 width=8) (actual time=0.457..15.860 rows=100 loops=1)
         ->  Seq Scan on files  (cost=0.00..1075530.95 rows=463753 width=8) (actual time=0.456..15.822 rows=100 loops=1)
               Filter: (contents ~ 'error'::text)
               Rows Removed by Filter: 143
 Planning Time: 30.510 ms
 Execution Time: 15.938 ms
(7 rows)

Time: 47.905 ms
TIME:14:17:56
query: EXPLAIN ANALYZE select count(id) from (select id from files where contents ~ 'error' limit 100) as e;
Timing is on.
                                                       QUERY PLAN                                                        
-------------------------------------------------------------------------------------------------------------------------
 Aggregate  (cost=233.17..233.18 rows=1 width=8) (actual time=12.516..12.518 rows=1 loops=1)
   ->  Limit  (cost=0.00..231.92 rows=100 width=8) (actual time=0.540..12.490 rows=100 loops=1)
         ->  Seq Scan on files  (cost=0.00..1075530.95 rows=463753 width=8) (actual time=0.537..12.456 rows=100 loops=1)
               Filter: (contents ~ 'error'::text)
               Rows Removed by Filter: 110
 Planning Time: 33.343 ms
 Execution Time: 12.569 ms
(7 rows)

Time: 47.170 ms
TIME:14:17:56
query: EXPLAIN ANALYZE select count(id) from (select id from files where contents ~ 'error' limit 100) as e;
Timing is on.
                                                       QUERY PLAN                                                        
-------------------------------------------------------------------------------------------------------------------------
 Aggregate  (cost=233.17..233.18 rows=1 width=8) (actual time=16.269..16.271 rows=1 loops=1)
   ->  Limit  (cost=0.00..231.92 rows=100 width=8) (actual time=1.225..16.231 rows=100 loops=1)
         ->  Seq Scan on files  (cost=0.00..1075530.95 rows=463753 width=8) (actual time=1.223..16.204 rows=100 loops=1)
               Filter: (contents ~ 'error'::text)
               Rows Removed by Filter: 118
 Planning Time: 40.975 ms
 Execution Time: 16.365 ms
(7 rows)

Time: 58.889 ms
TIME:14:17:56
query: EXPLAIN ANALYZE select count(id) from (select id from files where contents ~ 'error' limit 100) as e;
Timing is on.
                                                       QUERY PLAN                                                        
-------------------------------------------------------------------------------------------------------------------------
 Aggregate  (cost=233.17..233.18 rows=1 width=8) (actual time=12.324..12.326 rows=1 loops=1)
   ->  Limit  (cost=0.00..231.92 rows=100 width=8) (actual time=0.790..12.282 rows=100 loops=1)
         ->  Seq Scan on files  (cost=0.00..1075530.95 rows=463753 width=8) (actual time=0.789..12.249 rows=100 loops=1)
               Filter: (contents ~ 'error'::text)
               Rows Removed by Filter: 184
 Planning Time: 25.137 ms
 Execution Time: 12.360 ms
(7 rows)

Time: 38.840 ms
TIME:14:17:57
query: EXPLAIN ANALYZE select count(id) from (select id from files where contents ~ 'error' limit 100) as e;
Timing is on.
                                                       QUERY PLAN                                                        
-------------------------------------------------------------------------------------------------------------------------
 Aggregate  (cost=233.17..233.18 rows=1 width=8) (actual time=17.976..17.978 rows=1 loops=1)
   ->  Limit  (cost=0.00..231.92 rows=100 width=8) (actual time=0.753..17.950 rows=100 loops=1)
         ->  Seq Scan on files  (cost=0.00..1075530.95 rows=463753 width=8) (actual time=0.751..17.933 rows=100 loops=1)
               Filter: (contents ~ 'error'::text)
               Rows Removed by Filter: 176
 Planning Time: 36.214 ms
 Execution Time: 18.027 ms
(7 rows)

Time: 55.596 ms
TIME:14:17:57
query: EXPLAIN ANALYZE select count(id) from (select id from files where contents ~ 'error' limit 100) as e;
Timing is on.
                                                       QUERY PLAN                                                        
-------------------------------------------------------------------------------------------------------------------------
 Aggregate  (cost=233.17..233.18 rows=1 width=8) (actual time=11.291..11.292 rows=1 loops=1)
   ->  Limit  (cost=0.00..231.92 rows=100 width=8) (actual time=0.356..11.264 rows=100 loops=1)
         ->  Seq Scan on files  (cost=0.00..1075530.95 rows=463753 width=8) (actual time=0.355..11.233 rows=100 loops=1)
               Filter: (contents ~ 'error'::text)
               Rows Removed by Filter: 70
 Planning Time: 32.468 ms
 Execution Time: 11.326 ms
(7 rows)

Time: 45.500 ms
TIME:14:17:57
query: EXPLAIN ANALYZE select count(id) from (select id from files where contents ~ 'error' limit 100) as e;
Timing is on.
                                                       QUERY PLAN                                                        
-------------------------------------------------------------------------------------------------------------------------
 Aggregate  (cost=233.17..233.18 rows=1 width=8) (actual time=37.415..37.417 rows=1 loops=1)
   ->  Limit  (cost=0.00..231.92 rows=100 width=8) (actual time=0.413..37.381 rows=100 loops=1)
         ->  Seq Scan on files  (cost=0.00..1075530.95 rows=463753 width=8) (actual time=0.412..37.359 rows=100 loops=1)
               Filter: (contents ~ 'error'::text)
               Rows Removed by Filter: 123
 Planning Time: 28.598 ms
 Execution Time: 37.446 ms
(7 rows)

Time: 67.359 ms
TIME:14:17:58
query: EXPLAIN ANALYZE select count(id) from (select id from files where contents ~ 'error' limit 100) as e;
Timing is on.
                                                       QUERY PLAN                                                        
-------------------------------------------------------------------------------------------------------------------------
 Aggregate  (cost=233.17..233.18 rows=1 width=8) (actual time=83.089..83.091 rows=1 loops=1)
   ->  Limit  (cost=0.00..231.92 rows=100 width=8) (actual time=0.856..83.026 rows=100 loops=1)
         ->  Seq Scan on files  (cost=0.00..1075530.95 rows=463753 width=8) (actual time=0.854..82.997 rows=100 loops=1)
               Filter: (contents ~ 'error'::text)
               Rows Removed by Filter: 728
 Planning Time: 31.341 ms
 Execution Time: 83.123 ms
(7 rows)

Time: 115.784 ms
TIME:14:17:58
query: EXPLAIN ANALYZE select count(id) from (select id from files where contents ~ 'error' limit 100) as e;
Timing is on.
                                                       QUERY PLAN                                                        
-------------------------------------------------------------------------------------------------------------------------
 Aggregate  (cost=233.17..233.18 rows=1 width=8) (actual time=56.339..56.341 rows=1 loops=1)
   ->  Limit  (cost=0.00..231.92 rows=100 width=8) (actual time=0.851..56.219 rows=100 loops=1)
         ->  Seq Scan on files  (cost=0.00..1075530.95 rows=463753 width=8) (actual time=0.850..56.185 rows=100 loops=1)
               Filter: (contents ~ 'error'::text)
               Rows Removed by Filter: 1516
 Planning Time: 31.081 ms
 Execution Time: 56.424 ms
(7 rows)

Time: 88.848 ms
TIME:14:17:58
query: EXPLAIN ANALYZE select count(id) from (select id from files where contents ~ 'error' limit 100) as e;
Timing is on.
                                                       QUERY PLAN                                                        
-------------------------------------------------------------------------------------------------------------------------
 Aggregate  (cost=233.17..233.18 rows=1 width=8) (actual time=80.936..80.937 rows=1 loops=1)
   ->  Limit  (cost=0.00..231.92 rows=100 width=8) (actual time=0.749..80.849 rows=100 loops=1)
         ->  Seq Scan on files  (cost=0.00..1075530.95 rows=463753 width=8) (actual time=0.748..80.817 rows=100 loops=1)
               Filter: (contents ~ 'error'::text)
               Rows Removed by Filter: 1123
 Planning Time: 28.705 ms
 Execution Time: 80.967 ms
(7 rows)

Time: 111.068 ms
TIME:14:17:59
query: EXPLAIN ANALYZE select count(id) from (select id from files where contents ~ 'error' limit 100) as e;
Timing is on.
                                                       QUERY PLAN                                                        
-------------------------------------------------------------------------------------------------------------------------
 Aggregate  (cost=233.17..233.18 rows=1 width=8) (actual time=73.340..73.342 rows=1 loops=1)
   ->  Limit  (cost=0.00..231.92 rows=100 width=8) (actual time=3.108..73.266 rows=100 loops=1)
         ->  Seq Scan on files  (cost=0.00..1075530.95 rows=463753 width=8) (actual time=3.107..73.215 rows=100 loops=1)
               Filter: (contents ~ 'error'::text)
               Rows Removed by Filter: 187
 Planning Time: 33.483 ms
 Execution Time: 73.405 ms
(7 rows)

Time: 108.495 ms
TIME:14:17:59
query: EXPLAIN ANALYZE select count(id) from (select id from files where contents ~ 'error' limit 100) as e;
Timing is on.
                                                       QUERY PLAN                                                        
-------------------------------------------------------------------------------------------------------------------------
 Aggregate  (cost=233.17..233.18 rows=1 width=8) (actual time=44.790..44.791 rows=1 loops=1)
   ->  Limit  (cost=0.00..231.92 rows=100 width=8) (actual time=1.081..44.742 rows=100 loops=1)
         ->  Seq Scan on files  (cost=0.00..1075530.95 rows=463753 width=8) (actual time=1.080..44.713 rows=100 loops=1)
               Filter: (contents ~ 'error'::text)
               Rows Removed by Filter: 124
 Planning Time: 30.677 ms
 Execution Time: 44.868 ms
(7 rows)

Time: 76.904 ms
TIME:14:17:59
query: EXPLAIN ANALYZE select count(id) from (select id from files where contents ~ 'error' limit 100) as e;
Timing is on.
                                                       QUERY PLAN                                                        
-------------------------------------------------------------------------------------------------------------------------
 Aggregate  (cost=233.17..233.18 rows=1 width=8) (actual time=52.772..52.773 rows=1 loops=1)
   ->  Limit  (cost=0.00..231.92 rows=100 width=8) (actual time=0.797..52.702 rows=100 loops=1)
         ->  Seq Scan on files  (cost=0.00..1075530.95 rows=463753 width=8) (actual time=0.796..52.653 rows=100 loops=1)
               Filter: (contents ~ 'error'::text)
               Rows Removed by Filter: 318
 Planning Time: 32.353 ms
 Execution Time: 52.807 ms
(7 rows)

Time: 87.334 ms
TIME:14:18:00
query: EXPLAIN ANALYZE select count(id) from (select id from files where contents ~ 'error' limit 100) as e;
Timing is on.
                                                       QUERY PLAN                                                        
-------------------------------------------------------------------------------------------------------------------------
 Aggregate  (cost=233.17..233.18 rows=1 width=8) (actual time=54.037..54.038 rows=1 loops=1)
   ->  Limit  (cost=0.00..231.92 rows=100 width=8) (actual time=0.555..53.974 rows=100 loops=1)
         ->  Seq Scan on files  (cost=0.00..1075530.95 rows=463753 width=8) (actual time=0.554..53.926 rows=100 loops=1)
               Filter: (contents ~ 'error'::text)
               Rows Removed by Filter: 199
 Planning Time: 30.988 ms
 Execution Time: 54.069 ms
(7 rows)

Time: 86.251 ms
TIME:14:18:00
query: EXPLAIN ANALYZE select count(id) from (select id from files where contents ~ 'error' limit 100) as e;
Timing is on.
                                                       QUERY PLAN                                                        
-------------------------------------------------------------------------------------------------------------------------
 Aggregate  (cost=233.17..233.18 rows=1 width=8) (actual time=62.438..62.439 rows=1 loops=1)
   ->  Limit  (cost=0.00..231.92 rows=100 width=8) (actual time=0.504..62.331 rows=100 loops=1)
         ->  Seq Scan on files  (cost=0.00..1075530.95 rows=463753 width=8) (actual time=0.503..62.298 rows=100 loops=1)
               Filter: (contents ~ 'error'::text)
               Rows Removed by Filter: 186
 Planning Time: 32.040 ms
 Execution Time: 62.472 ms
(7 rows)

Time: 95.777 ms
TIME:14:18:00
query: EXPLAIN ANALYZE select count(id) from (select id from files where contents ~ 'error' limit 100) as e;
Timing is on.
                                                       QUERY PLAN                                                        
-------------------------------------------------------------------------------------------------------------------------
 Aggregate  (cost=233.17..233.18 rows=1 width=8) (actual time=64.200..64.201 rows=1 loops=1)
   ->  Limit  (cost=0.00..231.92 rows=100 width=8) (actual time=1.071..64.112 rows=100 loops=1)
         ->  Seq Scan on files  (cost=0.00..1075530.95 rows=463753 width=8) (actual time=1.070..64.065 rows=100 loops=1)
               Filter: (contents ~ 'error'::text)
               Rows Removed by Filter: 157
 Planning Time: 30.705 ms
 Execution Time: 64.231 ms
(7 rows)

Time: 96.336 ms
TIME:14:18:00
query: EXPLAIN ANALYZE select count(id) from (select id from files where contents ~ 'error' limit 100) as e;
Timing is on.
                                                       QUERY PLAN                                                        
-------------------------------------------------------------------------------------------------------------------------
 Aggregate  (cost=233.17..233.18 rows=1 width=8) (actual time=36.551..36.552 rows=1 loops=1)
   ->  Limit  (cost=0.00..231.92 rows=100 width=8) (actual time=0.440..36.512 rows=100 loops=1)
         ->  Seq Scan on files  (cost=0.00..1075530.95 rows=463753 width=8) (actual time=0.440..36.487 rows=100 loops=1)
               Filter: (contents ~ 'error'::text)
               Rows Removed by Filter: 209
 Planning Time: 30.255 ms
 Execution Time: 36.605 ms
(7 rows)

Time: 68.129 ms
TIME:14:18:01
query: EXPLAIN ANALYZE select count(id) from (select id from files where contents ~ 'error' limit 100) as e;
Timing is on.
                                                       QUERY PLAN                                                        
-------------------------------------------------------------------------------------------------------------------------
 Aggregate  (cost=233.17..233.18 rows=1 width=8) (actual time=54.442..54.443 rows=1 loops=1)
   ->  Limit  (cost=0.00..231.92 rows=100 width=8) (actual time=0.741..54.400 rows=100 loops=1)
         ->  Seq Scan on files  (cost=0.00..1075530.95 rows=463753 width=8) (actual time=0.740..54.374 rows=100 loops=1)
               Filter: (contents ~ 'error'::text)
               Rows Removed by Filter: 237
 Planning Time: 26.290 ms
 Execution Time: 54.505 ms
(7 rows)

Time: 82.421 ms
TIME:14:18:01
query: EXPLAIN ANALYZE select count(id) from (select id from files where contents ~ 'error' limit 100) as e;
Timing is on.
                                                       QUERY PLAN                                                        
-------------------------------------------------------------------------------------------------------------------------
 Aggregate  (cost=233.17..233.18 rows=1 width=8) (actual time=39.524..39.525 rows=1 loops=1)
   ->  Limit  (cost=0.00..231.92 rows=100 width=8) (actual time=0.701..39.484 rows=100 loops=1)
         ->  Seq Scan on files  (cost=0.00..1075530.95 rows=463753 width=8) (actual time=0.700..39.460 rows=100 loops=1)
               Filter: (contents ~ 'error'::text)
               Rows Removed by Filter: 228
 Planning Time: 29.828 ms
 Execution Time: 39.573 ms
(7 rows)

Time: 70.700 ms
TIME:14:18:01
query: EXPLAIN ANALYZE select count(id) from (select id from files where contents ~ 'error' limit 100) as e;
Timing is on.
                                                        QUERY PLAN                                                        
--------------------------------------------------------------------------------------------------------------------------
 Aggregate  (cost=233.17..233.18 rows=1 width=8) (actual time=154.234..154.236 rows=1 loops=1)
   ->  Limit  (cost=0.00..231.92 rows=100 width=8) (actual time=0.786..154.169 rows=100 loops=1)
         ->  Seq Scan on files  (cost=0.00..1075530.95 rows=463753 width=8) (actual time=0.785..154.124 rows=100 loops=1)
               Filter: (contents ~ 'error'::text)
               Rows Removed by Filter: 561
 Planning Time: 29.318 ms
 Execution Time: 154.301 ms
(7 rows)

Time: 184.990 ms
TIME:14:18:02
query: EXPLAIN ANALYZE select count(id) from (select id from files where contents ~ 'error' limit 100) as e;
Timing is on.
                                                       QUERY PLAN                                                        
-------------------------------------------------------------------------------------------------------------------------
 Aggregate  (cost=233.17..233.18 rows=1 width=8) (actual time=88.762..88.763 rows=1 loops=1)
   ->  Limit  (cost=0.00..231.92 rows=100 width=8) (actual time=2.222..88.711 rows=100 loops=1)
         ->  Seq Scan on files  (cost=0.00..1075530.95 rows=463753 width=8) (actual time=2.221..88.680 rows=100 loops=1)
               Filter: (contents ~ 'error'::text)
               Rows Removed by Filter: 263
 Planning Time: 27.964 ms
 Execution Time: 88.793 ms
(7 rows)

Time: 117.958 ms
TIME:14:18:02
query: EXPLAIN ANALYZE select count(id) from (select id from files where contents ~ 'error' limit 100) as e;
Timing is on.
                                                        QUERY PLAN                                                        
--------------------------------------------------------------------------------------------------------------------------
 Aggregate  (cost=233.17..233.18 rows=1 width=8) (actual time=139.482..139.483 rows=1 loops=1)
   ->  Limit  (cost=0.00..231.92 rows=100 width=8) (actual time=2.534..139.425 rows=100 loops=1)
         ->  Seq Scan on files  (cost=0.00..1075530.95 rows=463753 width=8) (actual time=2.533..139.391 rows=100 loops=1)
               Filter: (contents ~ 'error'::text)
               Rows Removed by Filter: 286
 Planning Time: 28.032 ms
 Execution Time: 139.546 ms
(7 rows)

Time: 168.953 ms
TIME:14:18:03
query: EXPLAIN ANALYZE select count(id) from (select id from files where contents ~ 'error' limit 100) as e;
Timing is on.
                                                       QUERY PLAN                                                        
-------------------------------------------------------------------------------------------------------------------------
 Aggregate  (cost=233.17..233.18 rows=1 width=8) (actual time=58.061..58.062 rows=1 loops=1)
   ->  Limit  (cost=0.00..231.92 rows=100 width=8) (actual time=0.919..58.013 rows=100 loops=1)
         ->  Seq Scan on files  (cost=0.00..1075530.95 rows=463753 width=8) (actual time=0.918..57.984 rows=100 loops=1)
               Filter: (contents ~ 'error'::text)
               Rows Removed by Filter: 313
 Planning Time: 28.823 ms
 Execution Time: 58.092 ms
(7 rows)

Time: 88.250 ms
TIME:14:18:03
query: EXPLAIN ANALYZE select count(id) from (select id from files where contents ~ 'error' limit 100) as e;
Timing is on.
                                                       QUERY PLAN                                                        
-------------------------------------------------------------------------------------------------------------------------
 Aggregate  (cost=233.17..233.18 rows=1 width=8) (actual time=43.234..43.235 rows=1 loops=1)
   ->  Limit  (cost=0.00..231.92 rows=100 width=8) (actual time=0.262..43.190 rows=100 loops=1)
         ->  Seq Scan on files  (cost=0.00..1075530.95 rows=463753 width=8) (actual time=0.260..43.163 rows=100 loops=1)
               Filter: (contents ~ 'error'::text)
               Rows Removed by Filter: 261
 Planning Time: 31.793 ms
 Execution Time: 43.296 ms
(7 rows)

Time: 76.349 ms
TIME:14:18:03
query: EXPLAIN ANALYZE select count(id) from (select id from files where contents ~ 'error' limit 100) as e;
Timing is on.
                                                       QUERY PLAN                                                        
-------------------------------------------------------------------------------------------------------------------------
 Aggregate  (cost=233.17..233.18 rows=1 width=8) (actual time=16.952..16.954 rows=1 loops=1)
   ->  Limit  (cost=0.00..231.92 rows=100 width=8) (actual time=0.756..16.914 rows=100 loops=1)
         ->  Seq Scan on files  (cost=0.00..1075530.95 rows=463753 width=8) (actual time=0.756..16.872 rows=100 loops=1)
               Filter: (contents ~ 'error'::text)
               Rows Removed by Filter: 152
 Planning Time: 28.795 ms
 Execution Time: 16.984 ms
(7 rows)

Time: 47.135 ms
TIME:14:18:03
query: EXPLAIN ANALYZE select count(id) from (select id from files where contents ~ 'error' limit 100) as e;
Timing is on.
                                                       QUERY PLAN                                                        
-------------------------------------------------------------------------------------------------------------------------
 Aggregate  (cost=233.17..233.18 rows=1 width=8) (actual time=31.437..31.438 rows=1 loops=1)
   ->  Limit  (cost=0.00..231.92 rows=100 width=8) (actual time=1.662..31.371 rows=100 loops=1)
         ->  Seq Scan on files  (cost=0.00..1075530.95 rows=463753 width=8) (actual time=1.661..31.344 rows=100 loops=1)
               Filter: (contents ~ 'error'::text)
               Rows Removed by Filter: 223
 Planning Time: 32.594 ms
 Execution Time: 31.485 ms
(7 rows)

Time: 66.013 ms
TIME:14:18:04
query: EXPLAIN ANALYZE select count(id) from (select id from files where contents ~ 'error' limit 100) as e;
Timing is on.
                                                       QUERY PLAN                                                        
-------------------------------------------------------------------------------------------------------------------------
 Aggregate  (cost=233.17..233.18 rows=1 width=8) (actual time=46.985..46.987 rows=1 loops=1)
   ->  Limit  (cost=0.00..231.92 rows=100 width=8) (actual time=0.501..46.905 rows=100 loops=1)
         ->  Seq Scan on files  (cost=0.00..1075530.95 rows=463753 width=8) (actual time=0.500..46.870 rows=100 loops=1)
               Filter: (contents ~ 'error'::text)
               Rows Removed by Filter: 121
 Planning Time: 29.041 ms
 Execution Time: 47.028 ms
(7 rows)

Time: 77.223 ms
TIME:14:18:04
query: EXPLAIN ANALYZE select count(id) from (select id from files where contents ~ 'error' limit 100) as e;
Timing is on.
                                                       QUERY PLAN                                                        
-------------------------------------------------------------------------------------------------------------------------
 Aggregate  (cost=233.17..233.18 rows=1 width=8) (actual time=50.896..50.897 rows=1 loops=1)
   ->  Limit  (cost=0.00..231.92 rows=100 width=8) (actual time=0.525..50.834 rows=100 loops=1)
         ->  Seq Scan on files  (cost=0.00..1075530.95 rows=463753 width=8) (actual time=0.524..50.791 rows=100 loops=1)
               Filter: (contents ~ 'error'::text)
               Rows Removed by Filter: 136
 Planning Time: 28.302 ms
 Execution Time: 50.926 ms
(7 rows)

Time: 80.468 ms
TIME:14:18:04
query: EXPLAIN ANALYZE select count(id) from (select id from files where contents ~ 'error' limit 100) as e;
Timing is on.
                                                       QUERY PLAN                                                        
-------------------------------------------------------------------------------------------------------------------------
 Aggregate  (cost=233.17..233.18 rows=1 width=8) (actual time=95.773..95.775 rows=1 loops=1)
   ->  Limit  (cost=0.00..231.92 rows=100 width=8) (actual time=0.429..95.695 rows=100 loops=1)
         ->  Seq Scan on files  (cost=0.00..1075530.95 rows=463753 width=8) (actual time=0.428..95.664 rows=100 loops=1)
               Filter: (contents ~ 'error'::text)
               Rows Removed by Filter: 303
 Planning Time: 26.293 ms
 Execution Time: 95.846 ms
(7 rows)

Time: 123.613 ms
TIME:14:18:05
query: EXPLAIN ANALYZE select count(id) from (select id from files where contents ~ 'error' limit 100) as e;
Timing is on.
                                                       QUERY PLAN                                                        
-------------------------------------------------------------------------------------------------------------------------
 Aggregate  (cost=233.17..233.18 rows=1 width=8) (actual time=70.636..70.637 rows=1 loops=1)
   ->  Limit  (cost=0.00..231.92 rows=100 width=8) (actual time=2.195..70.568 rows=100 loops=1)
         ->  Seq Scan on files  (cost=0.00..1075530.95 rows=463753 width=8) (actual time=2.194..70.521 rows=100 loops=1)
               Filter: (contents ~ 'error'::text)
               Rows Removed by Filter: 157
 Planning Time: 27.403 ms
 Execution Time: 70.668 ms
(7 rows)

Time: 99.386 ms
TIME:14:18:05
query: EXPLAIN ANALYZE select count(id) from (select id from files where contents ~ 'error' limit 100) as e;
Timing is on.
                                                       QUERY PLAN                                                        
-------------------------------------------------------------------------------------------------------------------------
 Aggregate  (cost=233.17..233.18 rows=1 width=8) (actual time=57.323..57.324 rows=1 loops=1)
   ->  Limit  (cost=0.00..231.92 rows=100 width=8) (actual time=0.794..57.256 rows=100 loops=1)
         ->  Seq Scan on files  (cost=0.00..1075530.95 rows=463753 width=8) (actual time=0.792..57.208 rows=100 loops=1)
               Filter: (contents ~ 'error'::text)
               Rows Removed by Filter: 212
 Planning Time: 26.585 ms
 Execution Time: 57.355 ms
(7 rows)

Time: 85.336 ms
TIME:14:18:05
query: EXPLAIN ANALYZE select count(id) from (select id from files where contents ~ 'error' limit 100) as e;
Timing is on.
                                                       QUERY PLAN                                                        
-------------------------------------------------------------------------------------------------------------------------
 Aggregate  (cost=233.17..233.18 rows=1 width=8) (actual time=83.944..83.945 rows=1 loops=1)
   ->  Limit  (cost=0.00..231.92 rows=100 width=8) (actual time=0.864..83.890 rows=100 loops=1)
         ->  Seq Scan on files  (cost=0.00..1075530.95 rows=463753 width=8) (actual time=0.863..83.823 rows=100 loops=1)
               Filter: (contents ~ 'error'::text)
               Rows Removed by Filter: 357
 Planning Time: 27.163 ms
 Execution Time: 83.993 ms
(7 rows)

Time: 112.455 ms
TIME:14:18:06
query: EXPLAIN ANALYZE select count(id) from (select id from files where contents ~ 'error' limit 100) as e;
Timing is on.
                                                       QUERY PLAN                                                        
-------------------------------------------------------------------------------------------------------------------------
 Aggregate  (cost=233.17..233.18 rows=1 width=8) (actual time=68.246..68.247 rows=1 loops=1)
   ->  Limit  (cost=0.00..231.92 rows=100 width=8) (actual time=0.939..68.194 rows=100 loops=1)
         ->  Seq Scan on files  (cost=0.00..1075530.95 rows=463753 width=8) (actual time=0.938..68.163 rows=100 loops=1)
               Filter: (contents ~ 'error'::text)
               Rows Removed by Filter: 380
 Planning Time: 25.947 ms
 Execution Time: 68.292 ms
(7 rows)

Time: 95.446 ms
TIME:14:18:06
query: EXPLAIN ANALYZE select count(id) from (select id from files where contents ~ 'error' limit 100) as e;
Timing is on.
                                                       QUERY PLAN                                                        
-------------------------------------------------------------------------------------------------------------------------
 Aggregate  (cost=233.17..233.18 rows=1 width=8) (actual time=56.668..56.670 rows=1 loops=1)
   ->  Limit  (cost=0.00..231.92 rows=100 width=8) (actual time=0.379..56.610 rows=100 loops=1)
         ->  Seq Scan on files  (cost=0.00..1075530.95 rows=463753 width=8) (actual time=0.378..56.576 rows=100 loops=1)
               Filter: (contents ~ 'error'::text)
               Rows Removed by Filter: 256
 Planning Time: 28.198 ms
 Execution Time: 56.715 ms
(7 rows)

Time: 86.322 ms
TIME:14:18:06
query: EXPLAIN ANALYZE select count(id) from (select id from files where contents ~ 'error' limit 100) as e;
Timing is on.
                                                       QUERY PLAN                                                        
-------------------------------------------------------------------------------------------------------------------------
 Aggregate  (cost=233.17..233.18 rows=1 width=8) (actual time=34.705..34.706 rows=1 loops=1)
   ->  Limit  (cost=0.00..231.92 rows=100 width=8) (actual time=1.548..34.649 rows=100 loops=1)
         ->  Seq Scan on files  (cost=0.00..1075530.95 rows=463753 width=8) (actual time=1.547..34.610 rows=100 loops=1)
               Filter: (contents ~ 'error'::text)
               Rows Removed by Filter: 135
 Planning Time: 27.926 ms
 Execution Time: 34.736 ms
(7 rows)

Time: 63.973 ms
TIME:14:18:06
query: EXPLAIN ANALYZE select count(id) from (select id from files where contents ~ 'error' limit 100) as e;
Timing is on.
                                                       QUERY PLAN                                                        
-------------------------------------------------------------------------------------------------------------------------
 Aggregate  (cost=233.17..233.18 rows=1 width=8) (actual time=54.448..54.449 rows=1 loops=1)
   ->  Limit  (cost=0.00..231.92 rows=100 width=8) (actual time=0.490..54.375 rows=100 loops=1)
         ->  Seq Scan on files  (cost=0.00..1075530.95 rows=463753 width=8) (actual time=0.489..54.340 rows=100 loops=1)
               Filter: (contents ~ 'error'::text)
               Rows Removed by Filter: 191
 Planning Time: 29.398 ms
 Execution Time: 54.538 ms
(7 rows)

Time: 85.284 ms
TIME:14:18:07
query: EXPLAIN ANALYZE select count(id) from (select id from files where contents ~ 'error' limit 100) as e;
Timing is on.
                                                       QUERY PLAN                                                        
-------------------------------------------------------------------------------------------------------------------------
 Aggregate  (cost=233.17..233.18 rows=1 width=8) (actual time=56.639..56.640 rows=1 loops=1)
   ->  Limit  (cost=0.00..231.92 rows=100 width=8) (actual time=0.390..56.566 rows=100 loops=1)
         ->  Seq Scan on files  (cost=0.00..1075530.95 rows=463753 width=8) (actual time=0.389..56.541 rows=100 loops=1)
               Filter: (contents ~ 'error'::text)
               Rows Removed by Filter: 197
 Planning Time: 27.906 ms
 Execution Time: 56.669 ms
(7 rows)

Time: 85.832 ms
TIME:14:18:07
query: EXPLAIN ANALYZE select count(id) from (select id from files where contents ~ 'error' limit 100) as e;
Timing is on.
                                                       QUERY PLAN                                                        
-------------------------------------------------------------------------------------------------------------------------
 Aggregate  (cost=233.17..233.18 rows=1 width=8) (actual time=99.909..99.910 rows=1 loops=1)
   ->  Limit  (cost=0.00..231.92 rows=100 width=8) (actual time=0.475..99.861 rows=100 loops=1)
         ->  Seq Scan on files  (cost=0.00..1075530.95 rows=463753 width=8) (actual time=0.474..99.816 rows=100 loops=1)
               Filter: (contents ~ 'error'::text)
               Rows Removed by Filter: 270
 Planning Time: 28.317 ms
 Execution Time: 99.941 ms
(7 rows)

Time: 129.532 ms
TIME:14:18:08
query: EXPLAIN ANALYZE select count(id) from (select id from files where contents ~ 'error' limit 100) as e;
Timing is on.
                                                       QUERY PLAN                                                        
-------------------------------------------------------------------------------------------------------------------------
 Aggregate  (cost=233.17..233.18 rows=1 width=8) (actual time=51.061..51.062 rows=1 loops=1)
   ->  Limit  (cost=0.00..231.92 rows=100 width=8) (actual time=2.843..51.017 rows=100 loops=1)
         ->  Seq Scan on files  (cost=0.00..1075530.95 rows=463753 width=8) (actual time=2.842..50.990 rows=100 loops=1)
               Filter: (contents ~ 'error'::text)
               Rows Removed by Filter: 166
 Planning Time: 30.104 ms
 Execution Time: 51.092 ms
(7 rows)

Time: 82.675 ms
TIME:14:18:08
query: EXPLAIN ANALYZE select count(id) from (select id from files where contents ~ 'error' limit 100) as e;
Timing is on.
                                                       QUERY PLAN                                                        
-------------------------------------------------------------------------------------------------------------------------
 Aggregate  (cost=233.17..233.18 rows=1 width=8) (actual time=33.670..33.672 rows=1 loops=1)
   ->  Limit  (cost=0.00..231.92 rows=100 width=8) (actual time=0.516..33.632 rows=100 loops=1)
         ->  Seq Scan on files  (cost=0.00..1075530.95 rows=463753 width=8) (actual time=0.515..33.609 rows=100 loops=1)
               Filter: (contents ~ 'error'::text)
               Rows Removed by Filter: 183
 Planning Time: 29.281 ms
 Execution Time: 33.703 ms
(7 rows)

Time: 64.327 ms
TIME:14:18:08
query: EXPLAIN ANALYZE select count(id) from (select id from files where contents ~ 'error' limit 100) as e;
Timing is on.
                                                       QUERY PLAN                                                        
-------------------------------------------------------------------------------------------------------------------------
 Aggregate  (cost=233.17..233.18 rows=1 width=8) (actual time=23.792..23.793 rows=1 loops=1)
   ->  Limit  (cost=0.00..231.92 rows=100 width=8) (actual time=0.644..23.726 rows=100 loops=1)
         ->  Seq Scan on files  (cost=0.00..1075530.95 rows=463753 width=8) (actual time=0.642..23.703 rows=100 loops=1)
               Filter: (contents ~ 'error'::text)
               Rows Removed by Filter: 147
 Planning Time: 28.752 ms
 Execution Time: 23.824 ms
(7 rows)

Time: 53.842 ms
TIME:14:18:09
query: EXPLAIN ANALYZE select count(id) from (select id from files where contents ~ 'error' limit 100) as e;
Timing is on.
                                                       QUERY PLAN                                                        
-------------------------------------------------------------------------------------------------------------------------
 Aggregate  (cost=233.17..233.18 rows=1 width=8) (actual time=28.272..28.273 rows=1 loops=1)
   ->  Limit  (cost=0.00..231.92 rows=100 width=8) (actual time=0.313..28.215 rows=100 loops=1)
         ->  Seq Scan on files  (cost=0.00..1075530.95 rows=463753 width=8) (actual time=0.312..28.170 rows=100 loops=1)
               Filter: (contents ~ 'error'::text)
               Rows Removed by Filter: 331
 Planning Time: 32.616 ms
 Execution Time: 28.308 ms
(7 rows)

Time: 62.235 ms
TIME:14:18:09
query: EXPLAIN ANALYZE select count(id) from (select id from files where contents ~ 'error' limit 100) as e;
Timing is on.
                                                       QUERY PLAN                                                        
-------------------------------------------------------------------------------------------------------------------------
 Aggregate  (cost=233.17..233.18 rows=1 width=8) (actual time=27.522..27.523 rows=1 loops=1)
   ->  Limit  (cost=0.00..231.92 rows=100 width=8) (actual time=0.420..27.490 rows=100 loops=1)
         ->  Seq Scan on files  (cost=0.00..1075530.95 rows=463753 width=8) (actual time=0.419..27.470 rows=100 loops=1)
               Filter: (contents ~ 'error'::text)
               Rows Removed by Filter: 186
 Planning Time: 28.376 ms
 Execution Time: 27.554 ms
(7 rows)

Time: 57.199 ms
TIME:14:18:09
query: EXPLAIN ANALYZE select count(id) from (select id from files where contents ~ 'error' limit 100) as e;
Timing is on.
                                                       QUERY PLAN                                                        
-------------------------------------------------------------------------------------------------------------------------
 Aggregate  (cost=233.17..233.18 rows=1 width=8) (actual time=15.047..15.063 rows=1 loops=1)
   ->  Limit  (cost=0.00..231.92 rows=100 width=8) (actual time=1.206..15.020 rows=100 loops=1)
         ->  Seq Scan on files  (cost=0.00..1075530.95 rows=463753 width=8) (actual time=1.205..15.003 rows=100 loops=1)
               Filter: (contents ~ 'error'::text)
               Rows Removed by Filter: 76
 Planning Time: 26.126 ms
 Execution Time: 15.162 ms
(7 rows)

Time: 42.623 ms
TIME:14:18:09
query: EXPLAIN ANALYZE select count(id) from (select id from files where contents ~ 'error' limit 100) as e;
Timing is on.
                                                       QUERY PLAN                                                        
-------------------------------------------------------------------------------------------------------------------------
 Aggregate  (cost=233.17..233.18 rows=1 width=8) (actual time=11.780..11.782 rows=1 loops=1)
   ->  Limit  (cost=0.00..231.92 rows=100 width=8) (actual time=0.295..11.749 rows=100 loops=1)
         ->  Seq Scan on files  (cost=0.00..1075530.95 rows=463753 width=8) (actual time=0.294..11.730 rows=100 loops=1)
               Filter: (contents ~ 'error'::text)
               Rows Removed by Filter: 50
 Planning Time: 28.182 ms
 Execution Time: 11.813 ms
(7 rows)

Time: 41.493 ms
TIME:14:18:10
query: EXPLAIN ANALYZE select count(id) from (select id from files where contents ~ 'error' limit 100) as e;
Timing is on.
                                                       QUERY PLAN                                                        
-------------------------------------------------------------------------------------------------------------------------
 Aggregate  (cost=233.17..233.18 rows=1 width=8) (actual time=14.932..14.933 rows=1 loops=1)
   ->  Limit  (cost=0.00..231.92 rows=100 width=8) (actual time=0.869..14.902 rows=100 loops=1)
         ->  Seq Scan on files  (cost=0.00..1075530.95 rows=463753 width=8) (actual time=0.868..14.883 rows=100 loops=1)
               Filter: (contents ~ 'error'::text)
               Rows Removed by Filter: 18
 Planning Time: 31.124 ms
 Execution Time: 14.967 ms
(7 rows)

Time: 47.407 ms
limit 100: 'fmt\.Error'
TIME:14:18:10
query: EXPLAIN ANALYZE select count(id) from (select id from files where contents ~ 'fmt\.Error' limit 100) as e;
Timing is on.
                                                                        QUERY PLAN                                                                         
-----------------------------------------------------------------------------------------------------------------------------------------------------------
 Aggregate  (cost=314.15..314.16 rows=1 width=8) (actual time=1057.425..1057.427 rows=1 loops=1)
   ->  Limit  (cost=204.15..312.90 rows=100 width=8) (actual time=484.237..1057.387 rows=100 loops=1)
         ->  Bitmap Heap Scan on files  (cost=204.15..21133.72 rows=19245 width=8) (actual time=484.236..1057.361 rows=100 loops=1)
               Recheck Cond: (contents ~ 'fmt\.Error'::text)
               Rows Removed by Index Recheck: 1251
               Heap Blocks: exact=747
               ->  Bitmap Index Scan on files_contents_trgm_idx  (cost=0.00..199.33 rows=19245 width=0) (actual time=279.894..279.895 rows=284024 loops=1)
                     Index Cond: (contents ~ 'fmt\.Error'::text)
 Planning Time: 29.665 ms
 Execution Time: 1060.597 ms
(10 rows)

Time: 1092.164 ms (00:01.092)
TIME:14:18:11
query: EXPLAIN ANALYZE select count(id) from (select id from files where contents ~ 'fmt\.Error' limit 100) as e;
Timing is on.
                                                                        QUERY PLAN                                                                         
-----------------------------------------------------------------------------------------------------------------------------------------------------------
 Aggregate  (cost=314.15..314.16 rows=1 width=8) (actual time=973.495..973.496 rows=1 loops=1)
   ->  Limit  (cost=204.15..312.90 rows=100 width=8) (actual time=400.922..973.430 rows=100 loops=1)
         ->  Bitmap Heap Scan on files  (cost=204.15..21133.72 rows=19245 width=8) (actual time=400.921..973.370 rows=100 loops=1)
               Recheck Cond: (contents ~ 'fmt\.Error'::text)
               Rows Removed by Index Recheck: 1251
               Heap Blocks: exact=747
               ->  Bitmap Index Scan on files_contents_trgm_idx  (cost=0.00..199.33 rows=19245 width=0) (actual time=207.011..207.012 rows=284024 loops=1)
                     Index Cond: (contents ~ 'fmt\.Error'::text)
 Planning Time: 32.273 ms
 Execution Time: 976.169 ms
(10 rows)

Time: 1009.946 ms (00:01.010)
TIME:14:18:13
query: EXPLAIN ANALYZE select count(id) from (select id from files where contents ~ 'fmt\.Error' limit 100) as e;
Timing is on.
                                                                        QUERY PLAN                                                                         
-----------------------------------------------------------------------------------------------------------------------------------------------------------
 Aggregate  (cost=314.15..314.16 rows=1 width=8) (actual time=958.419..958.420 rows=1 loops=1)
   ->  Limit  (cost=204.15..312.90 rows=100 width=8) (actual time=384.077..958.383 rows=100 loops=1)
         ->  Bitmap Heap Scan on files  (cost=204.15..21133.72 rows=19245 width=8) (actual time=384.076..958.358 rows=100 loops=1)
               Recheck Cond: (contents ~ 'fmt\.Error'::text)
               Rows Removed by Index Recheck: 1251
               Heap Blocks: exact=747
               ->  Bitmap Index Scan on files_contents_trgm_idx  (cost=0.00..199.33 rows=19245 width=0) (actual time=190.796..190.797 rows=284024 loops=1)
                     Index Cond: (contents ~ 'fmt\.Error'::text)
 Planning Time: 27.077 ms
 Execution Time: 961.400 ms
(10 rows)

Time: 989.947 ms
TIME:14:18:14
query: EXPLAIN ANALYZE select count(id) from (select id from files where contents ~ 'fmt\.Error' limit 100) as e;
Timing is on.
                                                                        QUERY PLAN                                                                         
-----------------------------------------------------------------------------------------------------------------------------------------------------------
 Aggregate  (cost=314.15..314.16 rows=1 width=8) (actual time=976.153..976.154 rows=1 loops=1)
   ->  Limit  (cost=204.15..312.90 rows=100 width=8) (actual time=407.429..976.063 rows=100 loops=1)
         ->  Bitmap Heap Scan on files  (cost=204.15..21133.72 rows=19245 width=8) (actual time=407.428..976.035 rows=100 loops=1)
               Recheck Cond: (contents ~ 'fmt\.Error'::text)
               Rows Removed by Index Recheck: 1251
               Heap Blocks: exact=747
               ->  Bitmap Index Scan on files_contents_trgm_idx  (cost=0.00..199.33 rows=19245 width=0) (actual time=195.972..195.973 rows=284024 loops=1)
                     Index Cond: (contents ~ 'fmt\.Error'::text)
 Planning Time: 25.246 ms
 Execution Time: 979.175 ms
(10 rows)

Time: 1005.822 ms (00:01.006)
TIME:14:18:15
query: EXPLAIN ANALYZE select count(id) from (select id from files where contents ~ 'fmt\.Error' limit 100) as e;
Timing is on.
                                                                        QUERY PLAN                                                                         
-----------------------------------------------------------------------------------------------------------------------------------------------------------
 Aggregate  (cost=314.15..314.16 rows=1 width=8) (actual time=964.638..964.639 rows=1 loops=1)
   ->  Limit  (cost=204.15..312.90 rows=100 width=8) (actual time=400.126..964.591 rows=100 loops=1)
         ->  Bitmap Heap Scan on files  (cost=204.15..21133.72 rows=19245 width=8) (actual time=400.125..964.550 rows=100 loops=1)
               Recheck Cond: (contents ~ 'fmt\.Error'::text)
               Rows Removed by Index Recheck: 1251
               Heap Blocks: exact=747
               ->  Bitmap Index Scan on files_contents_trgm_idx  (cost=0.00..199.33 rows=19245 width=0) (actual time=204.060..204.061 rows=284024 loops=1)
                     Index Cond: (contents ~ 'fmt\.Error'::text)
 Planning Time: 28.545 ms
 Execution Time: 967.690 ms
(10 rows)

Time: 997.926 ms
TIME:14:18:16
query: EXPLAIN ANALYZE select count(id) from (select id from files where contents ~ 'fmt\.Error' limit 100) as e;
Timing is on.
                                                                        QUERY PLAN                                                                         
-----------------------------------------------------------------------------------------------------------------------------------------------------------
 Aggregate  (cost=314.15..314.16 rows=1 width=8) (actual time=970.044..970.045 rows=1 loops=1)
   ->  Limit  (cost=204.15..312.90 rows=100 width=8) (actual time=383.500..969.993 rows=100 loops=1)
         ->  Bitmap Heap Scan on files  (cost=204.15..21133.72 rows=19245 width=8) (actual time=383.499..969.950 rows=100 loops=1)
               Recheck Cond: (contents ~ 'fmt\.Error'::text)
               Rows Removed by Index Recheck: 1251
               Heap Blocks: exact=747
               ->  Bitmap Index Scan on files_contents_trgm_idx  (cost=0.00..199.33 rows=19245 width=0) (actual time=190.171..190.171 rows=284024 loops=1)
                     Index Cond: (contents ~ 'fmt\.Error'::text)
 Planning Time: 28.491 ms
 Execution Time: 973.024 ms
(10 rows)

Time: 1002.913 ms (00:01.003)
TIME:14:18:17
query: EXPLAIN ANALYZE select count(id) from (select id from files where contents ~ 'fmt\.Error' limit 100) as e;
Timing is on.
                                                                        QUERY PLAN                                                                         
-----------------------------------------------------------------------------------------------------------------------------------------------------------
 Aggregate  (cost=314.15..314.16 rows=1 width=8) (actual time=982.361..982.362 rows=1 loops=1)
   ->  Limit  (cost=204.15..312.90 rows=100 width=8) (actual time=408.005..982.307 rows=100 loops=1)
         ->  Bitmap Heap Scan on files  (cost=204.15..21133.72 rows=19245 width=8) (actual time=408.003..982.266 rows=100 loops=1)
               Recheck Cond: (contents ~ 'fmt\.Error'::text)
               Rows Removed by Index Recheck: 1251
               Heap Blocks: exact=747
               ->  Bitmap Index Scan on files_contents_trgm_idx  (cost=0.00..199.33 rows=19245 width=0) (actual time=195.541..195.542 rows=284024 loops=1)
                     Index Cond: (contents ~ 'fmt\.Error'::text)
 Planning Time: 29.103 ms
 Execution Time: 985.162 ms
(10 rows)

Time: 1015.579 ms (00:01.016)
TIME:14:18:19
query: EXPLAIN ANALYZE select count(id) from (select id from files where contents ~ 'fmt\.Error' limit 100) as e;
Timing is on.
                                                                        QUERY PLAN                                                                         
-----------------------------------------------------------------------------------------------------------------------------------------------------------
 Aggregate  (cost=314.15..314.16 rows=1 width=8) (actual time=1071.229..1071.231 rows=1 loops=1)
   ->  Limit  (cost=204.15..312.90 rows=100 width=8) (actual time=478.920..1071.193 rows=100 loops=1)
         ->  Bitmap Heap Scan on files  (cost=204.15..21133.72 rows=19245 width=8) (actual time=478.919..1071.169 rows=100 loops=1)
               Recheck Cond: (contents ~ 'fmt\.Error'::text)
               Rows Removed by Index Recheck: 1251
               Heap Blocks: exact=747
               ->  Bitmap Index Scan on files_contents_trgm_idx  (cost=0.00..199.33 rows=19245 width=0) (actual time=201.140..201.141 rows=284024 loops=1)
                     Index Cond: (contents ~ 'fmt\.Error'::text)
 Planning Time: 28.128 ms
 Execution Time: 1075.166 ms
(10 rows)

Time: 1104.777 ms (00:01.105)
TIME:14:18:20
query: EXPLAIN ANALYZE select count(id) from (select id from files where contents ~ 'fmt\.Error' limit 100) as e;
Timing is on.
                                                                        QUERY PLAN                                                                         
-----------------------------------------------------------------------------------------------------------------------------------------------------------
 Aggregate  (cost=314.15..314.16 rows=1 width=8) (actual time=945.048..945.050 rows=1 loops=1)
   ->  Limit  (cost=204.15..312.90 rows=100 width=8) (actual time=377.377..945.015 rows=100 loops=1)
         ->  Bitmap Heap Scan on files  (cost=204.15..21133.72 rows=19245 width=8) (actual time=377.375..944.958 rows=100 loops=1)
               Recheck Cond: (contents ~ 'fmt\.Error'::text)
               Rows Removed by Index Recheck: 1251
               Heap Blocks: exact=747
               ->  Bitmap Index Scan on files_contents_trgm_idx  (cost=0.00..199.33 rows=19245 width=0) (actual time=186.578..186.579 rows=284024 loops=1)
                     Index Cond: (contents ~ 'fmt\.Error'::text)
 Planning Time: 28.564 ms
 Execution Time: 949.456 ms
(10 rows)

Time: 979.603 ms
TIME:14:18:21
query: EXPLAIN ANALYZE select count(id) from (select id from files where contents ~ 'fmt\.Error' limit 100) as e;
Timing is on.
                                                                        QUERY PLAN                                                                         
-----------------------------------------------------------------------------------------------------------------------------------------------------------
 Aggregate  (cost=314.15..314.16 rows=1 width=8) (actual time=970.092..970.094 rows=1 loops=1)
   ->  Limit  (cost=204.15..312.90 rows=100 width=8) (actual time=389.682..970.052 rows=100 loops=1)
         ->  Bitmap Heap Scan on files  (cost=204.15..21133.72 rows=19245 width=8) (actual time=389.680..970.024 rows=100 loops=1)
               Recheck Cond: (contents ~ 'fmt\.Error'::text)
               Rows Removed by Index Recheck: 1251
               Heap Blocks: exact=747
               ->  Bitmap Index Scan on files_contents_trgm_idx  (cost=0.00..199.33 rows=19245 width=0) (actual time=196.256..196.257 rows=284024 loops=1)
                     Index Cond: (contents ~ 'fmt\.Error'::text)
 Planning Time: 35.954 ms
 Execution Time: 973.169 ms
(10 rows)

Time: 1010.630 ms (00:01.011)
TIME:14:18:22
query: EXPLAIN ANALYZE select count(id) from (select id from files where contents ~ 'fmt\.Error' limit 100) as e;
Timing is on.
                                                                        QUERY PLAN                                                                         
-----------------------------------------------------------------------------------------------------------------------------------------------------------
 Aggregate  (cost=314.15..314.16 rows=1 width=8) (actual time=967.850..967.851 rows=1 loops=1)
   ->  Limit  (cost=204.15..312.90 rows=100 width=8) (actual time=383.329..967.813 rows=100 loops=1)
         ->  Bitmap Heap Scan on files  (cost=204.15..21133.72 rows=19245 width=8) (actual time=383.291..967.752 rows=100 loops=1)
               Recheck Cond: (contents ~ 'fmt\.Error'::text)
               Rows Removed by Index Recheck: 1251
               Heap Blocks: exact=747
               ->  Bitmap Index Scan on files_contents_trgm_idx  (cost=0.00..199.33 rows=19245 width=0) (actual time=190.288..190.289 rows=284024 loops=1)
                     Index Cond: (contents ~ 'fmt\.Error'::text)
 Planning Time: 28.600 ms
 Execution Time: 970.928 ms
(10 rows)

Time: 1000.970 ms (00:01.001)
TIME:14:18:24
query: EXPLAIN ANALYZE select count(id) from (select id from files where contents ~ 'fmt\.Error' limit 100) as e;
Timing is on.
                                                                        QUERY PLAN                                                                         
-----------------------------------------------------------------------------------------------------------------------------------------------------------
 Aggregate  (cost=314.15..314.16 rows=1 width=8) (actual time=964.941..964.943 rows=1 loops=1)
   ->  Limit  (cost=204.15..312.90 rows=100 width=8) (actual time=395.163..964.883 rows=100 loops=1)
         ->  Bitmap Heap Scan on files  (cost=204.15..21133.72 rows=19245 width=8) (actual time=395.161..964.857 rows=100 loops=1)
               Recheck Cond: (contents ~ 'fmt\.Error'::text)
               Rows Removed by Index Recheck: 1251
               Heap Blocks: exact=747
               ->  Bitmap Index Scan on files_contents_trgm_idx  (cost=0.00..199.33 rows=19245 width=0) (actual time=195.809..195.810 rows=284024 loops=1)
                     Index Cond: (contents ~ 'fmt\.Error'::text)
 Planning Time: 30.622 ms
 Execution Time: 968.312 ms
(10 rows)

Time: 1000.309 ms (00:01.000)
TIME:14:18:25
query: EXPLAIN ANALYZE select count(id) from (select id from files where contents ~ 'fmt\.Error' limit 100) as e;
Timing is on.
                                                                        QUERY PLAN                                                                         
-----------------------------------------------------------------------------------------------------------------------------------------------------------
 Aggregate  (cost=314.15..314.16 rows=1 width=8) (actual time=948.372..948.373 rows=1 loops=1)
   ->  Limit  (cost=204.15..312.90 rows=100 width=8) (actual time=385.440..948.338 rows=100 loops=1)
         ->  Bitmap Heap Scan on files  (cost=204.15..21133.72 rows=19245 width=8) (actual time=385.439..948.315 rows=100 loops=1)
               Recheck Cond: (contents ~ 'fmt\.Error'::text)
               Rows Removed by Index Recheck: 1251
               Heap Blocks: exact=747
               ->  Bitmap Index Scan on files_contents_trgm_idx  (cost=0.00..199.33 rows=19245 width=0) (actual time=193.755..193.756 rows=284024 loops=1)
                     Index Cond: (contents ~ 'fmt\.Error'::text)
 Planning Time: 30.345 ms
 Execution Time: 951.261 ms
(10 rows)

Time: 983.368 ms
TIME:14:18:26
query: EXPLAIN ANALYZE select count(id) from (select id from files where contents ~ 'fmt\.Error' limit 100) as e;
Timing is on.
                                                                        QUERY PLAN                                                                         
-----------------------------------------------------------------------------------------------------------------------------------------------------------
 Aggregate  (cost=314.15..314.16 rows=1 width=8) (actual time=968.259..968.261 rows=1 loops=1)
   ->  Limit  (cost=204.15..312.90 rows=100 width=8) (actual time=392.293..968.202 rows=100 loops=1)
         ->  Bitmap Heap Scan on files  (cost=204.15..21133.72 rows=19245 width=8) (actual time=392.292..968.164 rows=100 loops=1)
               Recheck Cond: (contents ~ 'fmt\.Error'::text)
               Rows Removed by Index Recheck: 1251
               Heap Blocks: exact=747
               ->  Bitmap Index Scan on files_contents_trgm_idx  (cost=0.00..199.33 rows=19245 width=0) (actual time=190.683..190.684 rows=284024 loops=1)
                     Index Cond: (contents ~ 'fmt\.Error'::text)
 Planning Time: 28.557 ms
 Execution Time: 971.185 ms
(10 rows)

Time: 1001.226 ms (00:01.001)
TIME:14:18:27
query: EXPLAIN ANALYZE select count(id) from (select id from files where contents ~ 'fmt\.Error' limit 100) as e;
Timing is on.
                                                                        QUERY PLAN                                                                         
-----------------------------------------------------------------------------------------------------------------------------------------------------------
 Aggregate  (cost=314.15..314.16 rows=1 width=8) (actual time=970.476..970.477 rows=1 loops=1)
   ->  Limit  (cost=204.15..312.90 rows=100 width=8) (actual time=409.367..970.439 rows=100 loops=1)
         ->  Bitmap Heap Scan on files  (cost=204.15..21133.72 rows=19245 width=8) (actual time=409.365..970.400 rows=100 loops=1)
               Recheck Cond: (contents ~ 'fmt\.Error'::text)
               Rows Removed by Index Recheck: 1251
               Heap Blocks: exact=747
               ->  Bitmap Index Scan on files_contents_trgm_idx  (cost=0.00..199.33 rows=19245 width=0) (actual time=209.765..209.765 rows=284024 loops=1)
                     Index Cond: (contents ~ 'fmt\.Error'::text)
 Planning Time: 32.889 ms
 Execution Time: 974.914 ms
(10 rows)

Time: 1009.333 ms (00:01.009)
TIME:14:18:28
query: EXPLAIN ANALYZE select count(id) from (select id from files where contents ~ 'fmt\.Error' limit 100) as e;
Timing is on.
                                                                        QUERY PLAN                                                                         
-----------------------------------------------------------------------------------------------------------------------------------------------------------
 Aggregate  (cost=314.15..314.16 rows=1 width=8) (actual time=951.769..951.770 rows=1 loops=1)
   ->  Limit  (cost=204.15..312.90 rows=100 width=8) (actual time=385.821..951.699 rows=100 loops=1)
         ->  Bitmap Heap Scan on files  (cost=204.15..21133.72 rows=19245 width=8) (actual time=385.820..951.672 rows=100 loops=1)
               Recheck Cond: (contents ~ 'fmt\.Error'::text)
               Rows Removed by Index Recheck: 1251
               Heap Blocks: exact=747
               ->  Bitmap Index Scan on files_contents_trgm_idx  (cost=0.00..199.33 rows=19245 width=0) (actual time=190.851..190.851 rows=284024 loops=1)
                     Index Cond: (contents ~ 'fmt\.Error'::text)
 Planning Time: 29.852 ms
 Execution Time: 954.718 ms
(10 rows)

Time: 986.033 ms
TIME:14:18:30
query: EXPLAIN ANALYZE select count(id) from (select id from files where contents ~ 'fmt\.Error' limit 100) as e;
Timing is on.
                                                                        QUERY PLAN                                                                         
-----------------------------------------------------------------------------------------------------------------------------------------------------------
 Aggregate  (cost=314.15..314.16 rows=1 width=8) (actual time=998.349..998.350 rows=1 loops=1)
   ->  Limit  (cost=204.15..312.90 rows=100 width=8) (actual time=411.573..998.310 rows=100 loops=1)
         ->  Bitmap Heap Scan on files  (cost=204.15..21133.72 rows=19245 width=8) (actual time=411.572..998.285 rows=100 loops=1)
               Recheck Cond: (contents ~ 'fmt\.Error'::text)
               Rows Removed by Index Recheck: 1251
               Heap Blocks: exact=747
               ->  Bitmap Index Scan on files_contents_trgm_idx  (cost=0.00..199.33 rows=19245 width=0) (actual time=194.716..194.716 rows=284024 loops=1)
                     Index Cond: (contents ~ 'fmt\.Error'::text)
 Planning Time: 28.751 ms
 Execution Time: 1001.822 ms
(10 rows)

Time: 1032.011 ms (00:01.032)
TIME:14:18:31
query: EXPLAIN ANALYZE select count(id) from (select id from files where contents ~ 'fmt\.Error' limit 100) as e;
Timing is on.
                                                                        QUERY PLAN                                                                         
-----------------------------------------------------------------------------------------------------------------------------------------------------------
 Aggregate  (cost=314.15..314.16 rows=1 width=8) (actual time=948.959..948.961 rows=1 loops=1)
   ->  Limit  (cost=204.15..312.90 rows=100 width=8) (actual time=382.911..948.925 rows=100 loops=1)
         ->  Bitmap Heap Scan on files  (cost=204.15..21133.72 rows=19245 width=8) (actual time=382.910..948.901 rows=100 loops=1)
               Recheck Cond: (contents ~ 'fmt\.Error'::text)
               Rows Removed by Index Recheck: 1251
               Heap Blocks: exact=747
               ->  Bitmap Index Scan on files_contents_trgm_idx  (cost=0.00..199.33 rows=19245 width=0) (actual time=191.074..191.074 rows=284024 loops=1)
                     Index Cond: (contents ~ 'fmt\.Error'::text)
 Planning Time: 25.378 ms
 Execution Time: 951.785 ms
(10 rows)

Time: 978.504 ms
TIME:14:18:32
query: EXPLAIN ANALYZE select count(id) from (select id from files where contents ~ 'fmt\.Error' limit 100) as e;
Timing is on.
                                                                        QUERY PLAN                                                                         
-----------------------------------------------------------------------------------------------------------------------------------------------------------
 Aggregate  (cost=314.15..314.16 rows=1 width=8) (actual time=963.571..963.572 rows=1 loops=1)
   ->  Limit  (cost=204.15..312.90 rows=100 width=8) (actual time=383.380..963.537 rows=100 loops=1)
         ->  Bitmap Heap Scan on files  (cost=204.15..21133.72 rows=19245 width=8) (actual time=383.379..963.497 rows=100 loops=1)
               Recheck Cond: (contents ~ 'fmt\.Error'::text)
               Rows Removed by Index Recheck: 1251
               Heap Blocks: exact=747
               ->  Bitmap Index Scan on files_contents_trgm_idx  (cost=0.00..199.33 rows=19245 width=0) (actual time=189.844..189.844 rows=284024 loops=1)
                     Index Cond: (contents ~ 'fmt\.Error'::text)
 Planning Time: 28.292 ms
 Execution Time: 966.432 ms
(10 rows)

Time: 996.187 ms
TIME:14:18:33
query: EXPLAIN ANALYZE select count(id) from (select id from files where contents ~ 'fmt\.Error' limit 100) as e;
Timing is on.
                                                                        QUERY PLAN                                                                         
-----------------------------------------------------------------------------------------------------------------------------------------------------------
 Aggregate  (cost=314.15..314.16 rows=1 width=8) (actual time=952.822..952.824 rows=1 loops=1)
   ->  Limit  (cost=204.15..312.90 rows=100 width=8) (actual time=382.578..952.766 rows=100 loops=1)
         ->  Bitmap Heap Scan on files  (cost=204.15..21133.72 rows=19245 width=8) (actual time=382.577..952.742 rows=100 loops=1)
               Recheck Cond: (contents ~ 'fmt\.Error'::text)
               Rows Removed by Index Recheck: 1251
               Heap Blocks: exact=747
               ->  Bitmap Index Scan on files_contents_trgm_idx  (cost=0.00..199.33 rows=19245 width=0) (actual time=189.256..189.257 rows=284024 loops=1)
                     Index Cond: (contents ~ 'fmt\.Error'::text)
 Planning Time: 28.670 ms
 Execution Time: 955.931 ms
(10 rows)

Time: 986.107 ms
TIME:14:18:34
query: EXPLAIN ANALYZE select count(id) from (select id from files where contents ~ 'fmt\.Error' limit 100) as e;
Timing is on.
                                                                        QUERY PLAN                                                                         
-----------------------------------------------------------------------------------------------------------------------------------------------------------
 Aggregate  (cost=314.15..314.16 rows=1 width=8) (actual time=974.703..974.718 rows=1 loops=1)
   ->  Limit  (cost=204.15..312.90 rows=100 width=8) (actual time=384.179..974.678 rows=100 loops=1)
         ->  Bitmap Heap Scan on files  (cost=204.15..21133.72 rows=19245 width=8) (actual time=384.177..974.652 rows=100 loops=1)
               Recheck Cond: (contents ~ 'fmt\.Error'::text)
               Rows Removed by Index Recheck: 1251
               Heap Blocks: exact=747
               ->  Bitmap Index Scan on files_contents_trgm_idx  (cost=0.00..199.33 rows=19245 width=0) (actual time=191.555..191.569 rows=284024 loops=1)
                     Index Cond: (contents ~ 'fmt\.Error'::text)
 Planning Time: 27.683 ms
 Execution Time: 977.649 ms
(10 rows)

Time: 1006.819 ms (00:01.007)
TIME:14:18:36
query: EXPLAIN ANALYZE select count(id) from (select id from files where contents ~ 'fmt\.Error' limit 100) as e;
Timing is on.
                                                                        QUERY PLAN                                                                         
-----------------------------------------------------------------------------------------------------------------------------------------------------------
 Aggregate  (cost=314.15..314.16 rows=1 width=8) (actual time=961.053..961.055 rows=1 loops=1)
   ->  Limit  (cost=204.15..312.90 rows=100 width=8) (actual time=381.102..960.976 rows=100 loops=1)
         ->  Bitmap Heap Scan on files  (cost=204.15..21133.72 rows=19245 width=8) (actual time=381.100..960.937 rows=100 loops=1)
               Recheck Cond: (contents ~ 'fmt\.Error'::text)
               Rows Removed by Index Recheck: 1251
               Heap Blocks: exact=747
               ->  Bitmap Index Scan on files_contents_trgm_idx  (cost=0.00..199.33 rows=19245 width=0) (actual time=189.270..189.270 rows=284024 loops=1)
                     Index Cond: (contents ~ 'fmt\.Error'::text)
 Planning Time: 28.683 ms
 Execution Time: 964.037 ms
(10 rows)

Time: 994.236 ms
TIME:14:18:37
query: EXPLAIN ANALYZE select count(id) from (select id from files where contents ~ 'fmt\.Error' limit 100) as e;
Timing is on.
                                                                        QUERY PLAN                                                                         
-----------------------------------------------------------------------------------------------------------------------------------------------------------
 Aggregate  (cost=314.15..314.16 rows=1 width=8) (actual time=956.418..956.420 rows=1 loops=1)
   ->  Limit  (cost=204.15..312.90 rows=100 width=8) (actual time=378.960..956.366 rows=100 loops=1)
         ->  Bitmap Heap Scan on files  (cost=204.15..21133.72 rows=19245 width=8) (actual time=378.959..956.340 rows=100 loops=1)
               Recheck Cond: (contents ~ 'fmt\.Error'::text)
               Rows Removed by Index Recheck: 1251
               Heap Blocks: exact=747
               ->  Bitmap Index Scan on files_contents_trgm_idx  (cost=0.00..199.33 rows=19245 width=0) (actual time=186.012..186.013 rows=284024 loops=1)
                     Index Cond: (contents ~ 'fmt\.Error'::text)
 Planning Time: 29.142 ms
 Execution Time: 959.960 ms
(10 rows)

Time: 990.695 ms
TIME:14:18:38
query: EXPLAIN ANALYZE select count(id) from (select id from files where contents ~ 'fmt\.Error' limit 100) as e;
Timing is on.
                                                                        QUERY PLAN                                                                         
-----------------------------------------------------------------------------------------------------------------------------------------------------------
 Aggregate  (cost=314.15..314.16 rows=1 width=8) (actual time=957.205..957.207 rows=1 loops=1)
   ->  Limit  (cost=204.15..312.90 rows=100 width=8) (actual time=389.731..957.170 rows=100 loops=1)
         ->  Bitmap Heap Scan on files  (cost=204.15..21133.72 rows=19245 width=8) (actual time=389.730..957.147 rows=100 loops=1)
               Recheck Cond: (contents ~ 'fmt\.Error'::text)
               Rows Removed by Index Recheck: 1251
               Heap Blocks: exact=747
               ->  Bitmap Index Scan on files_contents_trgm_idx  (cost=0.00..199.33 rows=19245 width=0) (actual time=194.411..194.411 rows=284024 loops=1)
                     Index Cond: (contents ~ 'fmt\.Error'::text)
 Planning Time: 28.919 ms
 Execution Time: 960.348 ms
(10 rows)

Time: 990.543 ms
TIME:14:18:39
query: EXPLAIN ANALYZE select count(id) from (select id from files where contents ~ 'fmt\.Error' limit 100) as e;
Timing is on.
                                                                        QUERY PLAN                                                                         
-----------------------------------------------------------------------------------------------------------------------------------------------------------
 Aggregate  (cost=314.15..314.16 rows=1 width=8) (actual time=959.400..959.402 rows=1 loops=1)
   ->  Limit  (cost=204.15..312.90 rows=100 width=8) (actual time=393.899..959.350 rows=100 loops=1)
         ->  Bitmap Heap Scan on files  (cost=204.15..21133.72 rows=19245 width=8) (actual time=393.898..959.325 rows=100 loops=1)
               Recheck Cond: (contents ~ 'fmt\.Error'::text)
               Rows Removed by Index Recheck: 1251
               Heap Blocks: exact=747
               ->  Bitmap Index Scan on files_contents_trgm_idx  (cost=0.00..199.33 rows=19245 width=0) (actual time=197.228..197.229 rows=284024 loops=1)
                     Index Cond: (contents ~ 'fmt\.Error'::text)
 Planning Time: 28.118 ms
 Execution Time: 962.481 ms
(10 rows)

Time: 991.931 ms
TIME:14:18:41
query: EXPLAIN ANALYZE select count(id) from (select id from files where contents ~ 'fmt\.Error' limit 100) as e;
Timing is on.
                                                                        QUERY PLAN                                                                         
-----------------------------------------------------------------------------------------------------------------------------------------------------------
 Aggregate  (cost=314.15..314.16 rows=1 width=8) (actual time=950.512..950.515 rows=1 loops=1)
   ->  Limit  (cost=204.15..312.90 rows=100 width=8) (actual time=389.924..950.462 rows=100 loops=1)
         ->  Bitmap Heap Scan on files  (cost=204.15..21133.72 rows=19245 width=8) (actual time=389.922..950.439 rows=100 loops=1)
               Recheck Cond: (contents ~ 'fmt\.Error'::text)
               Rows Removed by Index Recheck: 1251
               Heap Blocks: exact=747
               ->  Bitmap Index Scan on files_contents_trgm_idx  (cost=0.00..199.33 rows=19245 width=0) (actual time=197.825..197.826 rows=284024 loops=1)
                     Index Cond: (contents ~ 'fmt\.Error'::text)
 Planning Time: 34.998 ms
 Execution Time: 953.470 ms
(10 rows)

Time: 990.271 ms
TIME:14:18:42
query: EXPLAIN ANALYZE select count(id) from (select id from files where contents ~ 'fmt\.Error' limit 100) as e;
Timing is on.
                                                                        QUERY PLAN                                                                         
-----------------------------------------------------------------------------------------------------------------------------------------------------------
 Aggregate  (cost=314.15..314.16 rows=1 width=8) (actual time=968.010..968.012 rows=1 loops=1)
   ->  Limit  (cost=204.15..312.90 rows=100 width=8) (actual time=390.110..967.933 rows=100 loops=1)
         ->  Bitmap Heap Scan on files  (cost=204.15..21133.72 rows=19245 width=8) (actual time=390.108..967.906 rows=100 loops=1)
               Recheck Cond: (contents ~ 'fmt\.Error'::text)
               Rows Removed by Index Recheck: 1251
               Heap Blocks: exact=747
               ->  Bitmap Index Scan on files_contents_trgm_idx  (cost=0.00..199.33 rows=19245 width=0) (actual time=195.216..195.216 rows=284024 loops=1)
                     Index Cond: (contents ~ 'fmt\.Error'::text)
 Planning Time: 28.378 ms
 Execution Time: 971.437 ms
(10 rows)

Time: 1001.250 ms (00:01.001)
TIME:14:18:43
query: EXPLAIN ANALYZE select count(id) from (select id from files where contents ~ 'fmt\.Error' limit 100) as e;
Timing is on.
                                                                        QUERY PLAN                                                                         
-----------------------------------------------------------------------------------------------------------------------------------------------------------
 Aggregate  (cost=314.15..314.16 rows=1 width=8) (actual time=964.048..964.050 rows=1 loops=1)
   ->  Limit  (cost=204.15..312.90 rows=100 width=8) (actual time=401.222..963.986 rows=100 loops=1)
         ->  Bitmap Heap Scan on files  (cost=204.15..21133.72 rows=19245 width=8) (actual time=401.221..963.961 rows=100 loops=1)
               Recheck Cond: (contents ~ 'fmt\.Error'::text)
               Rows Removed by Index Recheck: 1251
               Heap Blocks: exact=747
               ->  Bitmap Index Scan on files_contents_trgm_idx  (cost=0.00..199.33 rows=19245 width=0) (actual time=202.470..202.470 rows=284024 loops=1)
                     Index Cond: (contents ~ 'fmt\.Error'::text)
 Planning Time: 27.981 ms
 Execution Time: 966.837 ms
(10 rows)

Time: 996.346 ms
TIME:14:18:44
query: EXPLAIN ANALYZE select count(id) from (select id from files where contents ~ 'fmt\.Error' limit 100) as e;
Timing is on.
                                                                        QUERY PLAN                                                                         
-----------------------------------------------------------------------------------------------------------------------------------------------------------
 Aggregate  (cost=314.15..314.16 rows=1 width=8) (actual time=971.088..971.089 rows=1 loops=1)
   ->  Limit  (cost=204.15..312.90 rows=100 width=8) (actual time=395.966..971.038 rows=100 loops=1)
         ->  Bitmap Heap Scan on files  (cost=204.15..21133.72 rows=19245 width=8) (actual time=395.965..971.014 rows=100 loops=1)
               Recheck Cond: (contents ~ 'fmt\.Error'::text)
               Rows Removed by Index Recheck: 1251
               Heap Blocks: exact=747
               ->  Bitmap Index Scan on files_contents_trgm_idx  (cost=0.00..199.33 rows=19245 width=0) (actual time=201.539..201.539 rows=284024 loops=1)
                     Index Cond: (contents ~ 'fmt\.Error'::text)
 Planning Time: 29.407 ms
 Execution Time: 974.050 ms
(10 rows)

Time: 1005.134 ms (00:01.005)
TIME:14:18:45
query: EXPLAIN ANALYZE select count(id) from (select id from files where contents ~ 'fmt\.Error' limit 100) as e;
Timing is on.
                                                                        QUERY PLAN                                                                         
-----------------------------------------------------------------------------------------------------------------------------------------------------------
 Aggregate  (cost=314.15..314.16 rows=1 width=8) (actual time=973.333..973.334 rows=1 loops=1)
   ->  Limit  (cost=204.15..312.90 rows=100 width=8) (actual time=394.973..973.297 rows=100 loops=1)
         ->  Bitmap Heap Scan on files  (cost=204.15..21133.72 rows=19245 width=8) (actual time=394.971..973.258 rows=100 loops=1)
               Recheck Cond: (contents ~ 'fmt\.Error'::text)
               Rows Removed by Index Recheck: 1251
               Heap Blocks: exact=747
               ->  Bitmap Index Scan on files_contents_trgm_idx  (cost=0.00..199.33 rows=19245 width=0) (actual time=191.486..191.487 rows=284024 loops=1)
                     Index Cond: (contents ~ 'fmt\.Error'::text)
 Planning Time: 28.040 ms
 Execution Time: 977.166 ms
(10 rows)

Time: 1006.602 ms (00:01.007)
TIME:14:18:47
query: EXPLAIN ANALYZE select count(id) from (select id from files where contents ~ 'fmt\.Error' limit 100) as e;
Timing is on.
                                                                        QUERY PLAN                                                                         
-----------------------------------------------------------------------------------------------------------------------------------------------------------
 Aggregate  (cost=314.15..314.16 rows=1 width=8) (actual time=951.356..951.358 rows=1 loops=1)
   ->  Limit  (cost=204.15..312.90 rows=100 width=8) (actual time=384.261..951.305 rows=100 loops=1)
         ->  Bitmap Heap Scan on files  (cost=204.15..21133.72 rows=19245 width=8) (actual time=384.260..951.264 rows=100 loops=1)
               Recheck Cond: (contents ~ 'fmt\.Error'::text)
               Rows Removed by Index Recheck: 1251
               Heap Blocks: exact=747
               ->  Bitmap Index Scan on files_contents_trgm_idx  (cost=0.00..199.33 rows=19245 width=0) (actual time=190.479..190.479 rows=284024 loops=1)
                     Index Cond: (contents ~ 'fmt\.Error'::text)
 Planning Time: 27.352 ms
 Execution Time: 954.239 ms
(10 rows)

Time: 983.049 ms
TIME:14:18:48
query: EXPLAIN ANALYZE select count(id) from (select id from files where contents ~ 'fmt\.Error' limit 100) as e;
Timing is on.
                                                                        QUERY PLAN                                                                         
-----------------------------------------------------------------------------------------------------------------------------------------------------------
 Aggregate  (cost=314.15..314.16 rows=1 width=8) (actual time=969.799..969.801 rows=1 loops=1)
   ->  Limit  (cost=204.15..312.90 rows=100 width=8) (actual time=379.188..969.762 rows=100 loops=1)
         ->  Bitmap Heap Scan on files  (cost=204.15..21133.72 rows=19245 width=8) (actual time=379.187..969.720 rows=100 loops=1)
               Recheck Cond: (contents ~ 'fmt\.Error'::text)
               Rows Removed by Index Recheck: 1251
               Heap Blocks: exact=747
               ->  Bitmap Index Scan on files_contents_trgm_idx  (cost=0.00..199.33 rows=19245 width=0) (actual time=190.391..190.391 rows=284024 loops=1)
                     Index Cond: (contents ~ 'fmt\.Error'::text)
 Planning Time: 29.547 ms
 Execution Time: 972.930 ms
(10 rows)

Time: 1004.011 ms (00:01.004)
TIME:14:18:49
query: EXPLAIN ANALYZE select count(id) from (select id from files where contents ~ 'fmt\.Error' limit 100) as e;
Timing is on.
                                                                        QUERY PLAN                                                                         
-----------------------------------------------------------------------------------------------------------------------------------------------------------
 Aggregate  (cost=314.15..314.16 rows=1 width=8) (actual time=935.758..935.759 rows=1 loops=1)
   ->  Limit  (cost=204.15..312.90 rows=100 width=8) (actual time=378.345..935.722 rows=100 loops=1)
         ->  Bitmap Heap Scan on files  (cost=204.15..21133.72 rows=19245 width=8) (actual time=378.344..935.698 rows=100 loops=1)
               Recheck Cond: (contents ~ 'fmt\.Error'::text)
               Rows Removed by Index Recheck: 1251
               Heap Blocks: exact=747
               ->  Bitmap Index Scan on files_contents_trgm_idx  (cost=0.00..199.33 rows=19245 width=0) (actual time=187.931..187.932 rows=284024 loops=1)
                     Index Cond: (contents ~ 'fmt\.Error'::text)
 Planning Time: 28.210 ms
 Execution Time: 938.703 ms
(10 rows)

Time: 968.271 ms
TIME:14:18:50
query: EXPLAIN ANALYZE select count(id) from (select id from files where contents ~ 'fmt\.Error' limit 100) as e;
Timing is on.
                                                                        QUERY PLAN                                                                         
-----------------------------------------------------------------------------------------------------------------------------------------------------------
 Aggregate  (cost=314.15..314.16 rows=1 width=8) (actual time=969.271..969.272 rows=1 loops=1)
   ->  Limit  (cost=204.15..312.90 rows=100 width=8) (actual time=383.937..969.220 rows=100 loops=1)
         ->  Bitmap Heap Scan on files  (cost=204.15..21133.72 rows=19245 width=8) (actual time=383.935..969.195 rows=100 loops=1)
               Recheck Cond: (contents ~ 'fmt\.Error'::text)
               Rows Removed by Index Recheck: 1251
               Heap Blocks: exact=747
               ->  Bitmap Index Scan on files_contents_trgm_idx  (cost=0.00..199.33 rows=19245 width=0) (actual time=189.875..189.875 rows=284024 loops=1)
                     Index Cond: (contents ~ 'fmt\.Error'::text)
 Planning Time: 28.486 ms
 Execution Time: 972.247 ms
(10 rows)

Time: 1002.099 ms (00:01.002)
TIME:14:18:51
query: EXPLAIN ANALYZE select count(id) from (select id from files where contents ~ 'fmt\.Error' limit 100) as e;
Timing is on.
                                                                        QUERY PLAN                                                                         
-----------------------------------------------------------------------------------------------------------------------------------------------------------
 Aggregate  (cost=314.15..314.16 rows=1 width=8) (actual time=945.039..945.040 rows=1 loops=1)
   ->  Limit  (cost=204.15..312.90 rows=100 width=8) (actual time=381.193..945.004 rows=100 loops=1)
         ->  Bitmap Heap Scan on files  (cost=204.15..21133.72 rows=19245 width=8) (actual time=381.192..944.981 rows=100 loops=1)
               Recheck Cond: (contents ~ 'fmt\.Error'::text)
               Rows Removed by Index Recheck: 1251
               Heap Blocks: exact=747
               ->  Bitmap Index Scan on files_contents_trgm_idx  (cost=0.00..199.33 rows=19245 width=0) (actual time=189.497..189.497 rows=284024 loops=1)
                     Index Cond: (contents ~ 'fmt\.Error'::text)
 Planning Time: 29.243 ms
 Execution Time: 947.976 ms
(10 rows)

Time: 978.637 ms
TIME:14:18:53
query: EXPLAIN ANALYZE select count(id) from (select id from files where contents ~ 'fmt\.Error' limit 100) as e;
Timing is on.
                                                                        QUERY PLAN                                                                         
-----------------------------------------------------------------------------------------------------------------------------------------------------------
 Aggregate  (cost=314.15..314.16 rows=1 width=8) (actual time=1025.396..1025.397 rows=1 loops=1)
   ->  Limit  (cost=204.15..312.90 rows=100 width=8) (actual time=424.889..1025.360 rows=100 loops=1)
         ->  Bitmap Heap Scan on files  (cost=204.15..21133.72 rows=19245 width=8) (actual time=424.887..1025.333 rows=100 loops=1)
               Recheck Cond: (contents ~ 'fmt\.Error'::text)
               Rows Removed by Index Recheck: 1251
               Heap Blocks: exact=747
               ->  Bitmap Index Scan on files_contents_trgm_idx  (cost=0.00..199.33 rows=19245 width=0) (actual time=219.592..219.593 rows=284024 loops=1)
                     Index Cond: (contents ~ 'fmt\.Error'::text)
 Planning Time: 29.295 ms
 Execution Time: 1028.328 ms
(10 rows)

Time: 1059.024 ms (00:01.059)
TIME:14:18:54
query: EXPLAIN ANALYZE select count(id) from (select id from files where contents ~ 'fmt\.Error' limit 100) as e;
Timing is on.
                                                                        QUERY PLAN                                                                         
-----------------------------------------------------------------------------------------------------------------------------------------------------------
 Aggregate  (cost=314.15..314.16 rows=1 width=8) (actual time=974.148..974.149 rows=1 loops=1)
   ->  Limit  (cost=204.15..312.90 rows=100 width=8) (actual time=397.224..974.109 rows=100 loops=1)
         ->  Bitmap Heap Scan on files  (cost=204.15..21133.72 rows=19245 width=8) (actual time=397.223..974.081 rows=100 loops=1)
               Recheck Cond: (contents ~ 'fmt\.Error'::text)
               Rows Removed by Index Recheck: 1251
               Heap Blocks: exact=747
               ->  Bitmap Index Scan on files_contents_trgm_idx  (cost=0.00..199.33 rows=19245 width=0) (actual time=198.521..198.522 rows=284024 loops=1)
                     Index Cond: (contents ~ 'fmt\.Error'::text)
 Planning Time: 29.058 ms
 Execution Time: 977.316 ms
(10 rows)

Time: 1007.766 ms (00:01.008)
TIME:14:18:55
query: EXPLAIN ANALYZE select count(id) from (select id from files where contents ~ 'fmt\.Error' limit 100) as e;
Timing is on.
                                                                        QUERY PLAN                                                                         
-----------------------------------------------------------------------------------------------------------------------------------------------------------
 Aggregate  (cost=314.15..314.16 rows=1 width=8) (actual time=966.863..966.865 rows=1 loops=1)
   ->  Limit  (cost=204.15..312.90 rows=100 width=8) (actual time=396.953..966.809 rows=100 loops=1)
         ->  Bitmap Heap Scan on files  (cost=204.15..21133.72 rows=19245 width=8) (actual time=396.952..966.768 rows=100 loops=1)
               Recheck Cond: (contents ~ 'fmt\.Error'::text)
               Rows Removed by Index Recheck: 1251
               Heap Blocks: exact=747
               ->  Bitmap Index Scan on files_contents_trgm_idx  (cost=0.00..199.33 rows=19245 width=0) (actual time=193.808..193.809 rows=284024 loops=1)
                     Index Cond: (contents ~ 'fmt\.Error'::text)
 Planning Time: 28.102 ms
 Execution Time: 969.629 ms
(10 rows)

Time: 999.220 ms
TIME:14:18:56
query: EXPLAIN ANALYZE select count(id) from (select id from files where contents ~ 'fmt\.Error' limit 100) as e;
Timing is on.
                                                                        QUERY PLAN                                                                         
-----------------------------------------------------------------------------------------------------------------------------------------------------------
 Aggregate  (cost=314.15..314.16 rows=1 width=8) (actual time=996.152..996.154 rows=1 loops=1)
   ->  Limit  (cost=204.15..312.90 rows=100 width=8) (actual time=413.806..996.117 rows=100 loops=1)
         ->  Bitmap Heap Scan on files  (cost=204.15..21133.72 rows=19245 width=8) (actual time=413.805..996.079 rows=100 loops=1)
               Recheck Cond: (contents ~ 'fmt\.Error'::text)
               Rows Removed by Index Recheck: 1251
               Heap Blocks: exact=747
               ->  Bitmap Index Scan on files_contents_trgm_idx  (cost=0.00..199.33 rows=19245 width=0) (actual time=215.631..215.632 rows=284024 loops=1)
                     Index Cond: (contents ~ 'fmt\.Error'::text)
 Planning Time: 29.956 ms
 Execution Time: 999.012 ms
(10 rows)

Time: 1030.517 ms (00:01.031)
TIME:14:18:58
query: EXPLAIN ANALYZE select count(id) from (select id from files where contents ~ 'fmt\.Error' limit 100) as e;
Timing is on.
                                                                        QUERY PLAN                                                                         
-----------------------------------------------------------------------------------------------------------------------------------------------------------
 Aggregate  (cost=314.15..314.16 rows=1 width=8) (actual time=953.329..953.331 rows=1 loops=1)
   ->  Limit  (cost=204.15..312.90 rows=100 width=8) (actual time=389.062..953.276 rows=100 loops=1)
         ->  Bitmap Heap Scan on files  (cost=204.15..21133.72 rows=19245 width=8) (actual time=389.061..953.251 rows=100 loops=1)
               Recheck Cond: (contents ~ 'fmt\.Error'::text)
               Rows Removed by Index Recheck: 1251
               Heap Blocks: exact=747
               ->  Bitmap Index Scan on files_contents_trgm_idx  (cost=0.00..199.33 rows=19245 width=0) (actual time=195.265..195.266 rows=284024 loops=1)
                     Index Cond: (contents ~ 'fmt\.Error'::text)
 Planning Time: 29.120 ms
 Execution Time: 956.087 ms
(10 rows)

Time: 986.672 ms
TIME:14:18:59
query: EXPLAIN ANALYZE select count(id) from (select id from files where contents ~ 'fmt\.Error' limit 100) as e;
Timing is on.
                                                                        QUERY PLAN                                                                         
-----------------------------------------------------------------------------------------------------------------------------------------------------------
 Aggregate  (cost=314.15..314.16 rows=1 width=8) (actual time=973.380..973.381 rows=1 loops=1)
   ->  Limit  (cost=204.15..312.90 rows=100 width=8) (actual time=409.887..973.345 rows=100 loops=1)
         ->  Bitmap Heap Scan on files  (cost=204.15..21133.72 rows=19245 width=8) (actual time=409.886..973.279 rows=100 loops=1)
               Recheck Cond: (contents ~ 'fmt\.Error'::text)
               Rows Removed by Index Recheck: 1251
               Heap Blocks: exact=747
               ->  Bitmap Index Scan on files_contents_trgm_idx  (cost=0.00..199.33 rows=19245 width=0) (actual time=195.855..195.856 rows=284024 loops=1)
                     Index Cond: (contents ~ 'fmt\.Error'::text)
 Planning Time: 28.363 ms
 Execution Time: 976.126 ms
(10 rows)

Time: 1005.809 ms (00:01.006)
TIME:14:19:00
query: EXPLAIN ANALYZE select count(id) from (select id from files where contents ~ 'fmt\.Error' limit 100) as e;
Timing is on.
                                                                        QUERY PLAN                                                                         
-----------------------------------------------------------------------------------------------------------------------------------------------------------
 Aggregate  (cost=314.15..314.16 rows=1 width=8) (actual time=941.510..941.512 rows=1 loops=1)
   ->  Limit  (cost=204.15..312.90 rows=100 width=8) (actual time=384.637..941.473 rows=100 loops=1)
         ->  Bitmap Heap Scan on files  (cost=204.15..21133.72 rows=19245 width=8) (actual time=384.636..941.444 rows=100 loops=1)
               Recheck Cond: (contents ~ 'fmt\.Error'::text)
               Rows Removed by Index Recheck: 1251
               Heap Blocks: exact=747
               ->  Bitmap Index Scan on files_contents_trgm_idx  (cost=0.00..199.33 rows=19245 width=0) (actual time=189.789..189.790 rows=284024 loops=1)
                     Index Cond: (contents ~ 'fmt\.Error'::text)
 Planning Time: 29.174 ms
 Execution Time: 944.296 ms
(10 rows)

Time: 974.982 ms
TIME:14:19:01
query: EXPLAIN ANALYZE select count(id) from (select id from files where contents ~ 'fmt\.Error' limit 100) as e;
Timing is on.
                                                                        QUERY PLAN                                                                         
-----------------------------------------------------------------------------------------------------------------------------------------------------------
 Aggregate  (cost=314.15..314.16 rows=1 width=8) (actual time=970.073..970.088 rows=1 loops=1)
   ->  Limit  (cost=204.15..312.90 rows=100 width=8) (actual time=387.065..970.047 rows=100 loops=1)
         ->  Bitmap Heap Scan on files  (cost=204.15..21133.72 rows=19245 width=8) (actual time=387.063..970.023 rows=100 loops=1)
               Recheck Cond: (contents ~ 'fmt\.Error'::text)
               Rows Removed by Index Recheck: 1251
               Heap Blocks: exact=747
               ->  Bitmap Index Scan on files_contents_trgm_idx  (cost=0.00..199.33 rows=19245 width=0) (actual time=191.561..191.576 rows=284024 loops=1)
                     Index Cond: (contents ~ 'fmt\.Error'::text)
 Planning Time: 27.852 ms
 Execution Time: 973.467 ms
(10 rows)

Time: 1002.839 ms (00:01.003)
TIME:14:19:02
query: EXPLAIN ANALYZE select count(id) from (select id from files where contents ~ 'fmt\.Error' limit 100) as e;
Timing is on.
                                                                        QUERY PLAN                                                                         
-----------------------------------------------------------------------------------------------------------------------------------------------------------
 Aggregate  (cost=314.15..314.16 rows=1 width=8) (actual time=959.387..959.388 rows=1 loops=1)
   ->  Limit  (cost=204.15..312.90 rows=100 width=8) (actual time=387.392..959.337 rows=100 loops=1)
         ->  Bitmap Heap Scan on files  (cost=204.15..21133.72 rows=19245 width=8) (actual time=387.391..959.311 rows=100 loops=1)
               Recheck Cond: (contents ~ 'fmt\.Error'::text)
               Rows Removed by Index Recheck: 1251
               Heap Blocks: exact=747
               ->  Bitmap Index Scan on files_contents_trgm_idx  (cost=0.00..199.33 rows=19245 width=0) (actual time=191.164..191.165 rows=284024 loops=1)
                     Index Cond: (contents ~ 'fmt\.Error'::text)
 Planning Time: 29.648 ms
 Execution Time: 962.669 ms
(10 rows)

Time: 993.814 ms
TIME:14:19:04
query: EXPLAIN ANALYZE select count(id) from (select id from files where contents ~ 'fmt\.Error' limit 100) as e;
Timing is on.
                                                                        QUERY PLAN                                                                         
-----------------------------------------------------------------------------------------------------------------------------------------------------------
 Aggregate  (cost=314.15..314.16 rows=1 width=8) (actual time=971.946..971.947 rows=1 loops=1)
   ->  Limit  (cost=204.15..312.90 rows=100 width=8) (actual time=392.652..971.903 rows=100 loops=1)
         ->  Bitmap Heap Scan on files  (cost=204.15..21133.72 rows=19245 width=8) (actual time=392.651..971.871 rows=100 loops=1)
               Recheck Cond: (contents ~ 'fmt\.Error'::text)
               Rows Removed by Index Recheck: 1251
               Heap Blocks: exact=747
               ->  Bitmap Index Scan on files_contents_trgm_idx  (cost=0.00..199.33 rows=19245 width=0) (actual time=195.853..195.853 rows=284024 loops=1)
                     Index Cond: (contents ~ 'fmt\.Error'::text)
 Planning Time: 28.427 ms
 Execution Time: 975.211 ms
(10 rows)

Time: 1005.021 ms (00:01.005)
TIME:14:19:05
query: EXPLAIN ANALYZE select count(id) from (select id from files where contents ~ 'fmt\.Error' limit 100) as e;
Timing is on.
                                                                        QUERY PLAN                                                                         
-----------------------------------------------------------------------------------------------------------------------------------------------------------
 Aggregate  (cost=314.15..314.16 rows=1 width=8) (actual time=947.867..947.868 rows=1 loops=1)
   ->  Limit  (cost=204.15..312.90 rows=100 width=8) (actual time=383.660..947.817 rows=100 loops=1)
         ->  Bitmap Heap Scan on files  (cost=204.15..21133.72 rows=19245 width=8) (actual time=383.659..947.779 rows=100 loops=1)
               Recheck Cond: (contents ~ 'fmt\.Error'::text)
               Rows Removed by Index Recheck: 1251
               Heap Blocks: exact=747
               ->  Bitmap Index Scan on files_contents_trgm_idx  (cost=0.00..199.33 rows=19245 width=0) (actual time=190.656..190.656 rows=284024 loops=1)
                     Index Cond: (contents ~ 'fmt\.Error'::text)
 Planning Time: 28.180 ms
 Execution Time: 950.695 ms
(10 rows)

Time: 980.407 ms
TIME:14:19:06
query: EXPLAIN ANALYZE select count(id) from (select id from files where contents ~ 'fmt\.Error' limit 100) as e;
Timing is on.
                                                                        QUERY PLAN                                                                         
-----------------------------------------------------------------------------------------------------------------------------------------------------------
 Aggregate  (cost=314.15..314.16 rows=1 width=8) (actual time=1008.743..1008.745 rows=1 loops=1)
   ->  Limit  (cost=204.15..312.90 rows=100 width=8) (actual time=387.755..1008.695 rows=100 loops=1)
         ->  Bitmap Heap Scan on files  (cost=204.15..21133.72 rows=19245 width=8) (actual time=387.754..1008.649 rows=100 loops=1)
               Recheck Cond: (contents ~ 'fmt\.Error'::text)
               Rows Removed by Index Recheck: 1251
               Heap Blocks: exact=747
               ->  Bitmap Index Scan on files_contents_trgm_idx  (cost=0.00..199.33 rows=19245 width=0) (actual time=190.030..190.030 rows=284024 loops=1)
                     Index Cond: (contents ~ 'fmt\.Error'::text)
 Planning Time: 28.084 ms
 Execution Time: 1012.643 ms
(10 rows)

Time: 1042.382 ms (00:01.042)
TIME:14:19:07
query: EXPLAIN ANALYZE select count(id) from (select id from files where contents ~ 'fmt\.Error' limit 100) as e;
Timing is on.
                                                                        QUERY PLAN                                                                         
-----------------------------------------------------------------------------------------------------------------------------------------------------------
 Aggregate  (cost=314.15..314.16 rows=1 width=8) (actual time=966.304..966.306 rows=1 loops=1)
   ->  Limit  (cost=204.15..312.90 rows=100 width=8) (actual time=400.261..966.268 rows=100 loops=1)
         ->  Bitmap Heap Scan on files  (cost=204.15..21133.72 rows=19245 width=8) (actual time=400.260..966.243 rows=100 loops=1)
               Recheck Cond: (contents ~ 'fmt\.Error'::text)
               Rows Removed by Index Recheck: 1251
               Heap Blocks: exact=747
               ->  Bitmap Index Scan on files_contents_trgm_idx  (cost=0.00..199.33 rows=19245 width=0) (actual time=210.024..210.024 rows=284024 loops=1)
                     Index Cond: (contents ~ 'fmt\.Error'::text)
 Planning Time: 30.541 ms
 Execution Time: 969.287 ms
(10 rows)

Time: 1001.267 ms (00:01.001)
TIME:14:19:09
query: EXPLAIN ANALYZE select count(id) from (select id from files where contents ~ 'fmt\.Error' limit 100) as e;
Timing is on.
                                                                        QUERY PLAN                                                                         
-----------------------------------------------------------------------------------------------------------------------------------------------------------
 Aggregate  (cost=314.15..314.16 rows=1 width=8) (actual time=966.341..966.343 rows=1 loops=1)
   ->  Limit  (cost=204.15..312.90 rows=100 width=8) (actual time=395.306..966.305 rows=100 loops=1)
         ->  Bitmap Heap Scan on files  (cost=204.15..21133.72 rows=19245 width=8) (actual time=395.305..966.280 rows=100 loops=1)
               Recheck Cond: (contents ~ 'fmt\.Error'::text)
               Rows Removed by Index Recheck: 1251
               Heap Blocks: exact=747
               ->  Bitmap Index Scan on files_contents_trgm_idx  (cost=0.00..199.33 rows=19245 width=0) (actual time=197.128..197.128 rows=284024 loops=1)
                     Index Cond: (contents ~ 'fmt\.Error'::text)
 Planning Time: 28.725 ms
 Execution Time: 969.240 ms
(10 rows)

Time: 999.494 ms
TIME:14:19:10
query: EXPLAIN ANALYZE select count(id) from (select id from files where contents ~ 'fmt\.Error' limit 100) as e;
Timing is on.
                                                                        QUERY PLAN                                                                         
-----------------------------------------------------------------------------------------------------------------------------------------------------------
 Aggregate  (cost=314.15..314.16 rows=1 width=8) (actual time=961.944..961.946 rows=1 loops=1)
   ->  Limit  (cost=204.15..312.90 rows=100 width=8) (actual time=384.925..961.885 rows=100 loops=1)
         ->  Bitmap Heap Scan on files  (cost=204.15..21133.72 rows=19245 width=8) (actual time=384.924..961.856 rows=100 loops=1)
               Recheck Cond: (contents ~ 'fmt\.Error'::text)
               Rows Removed by Index Recheck: 1251
               Heap Blocks: exact=747
               ->  Bitmap Index Scan on files_contents_trgm_idx  (cost=0.00..199.33 rows=19245 width=0) (actual time=192.685..192.685 rows=284024 loops=1)
                     Index Cond: (contents ~ 'fmt\.Error'::text)
 Planning Time: 28.555 ms
 Execution Time: 965.483 ms
(10 rows)

Time: 995.675 ms
TIME:14:19:11
query: EXPLAIN ANALYZE select count(id) from (select id from files where contents ~ 'fmt\.Error' limit 100) as e;
Timing is on.
                                                                        QUERY PLAN                                                                         
-----------------------------------------------------------------------------------------------------------------------------------------------------------
 Aggregate  (cost=314.15..314.16 rows=1 width=8) (actual time=972.655..972.656 rows=1 loops=1)
   ->  Limit  (cost=204.15..312.90 rows=100 width=8) (actual time=393.117..972.591 rows=100 loops=1)
         ->  Bitmap Heap Scan on files  (cost=204.15..21133.72 rows=19245 width=8) (actual time=393.115..972.568 rows=100 loops=1)
               Recheck Cond: (contents ~ 'fmt\.Error'::text)
               Rows Removed by Index Recheck: 1251
               Heap Blocks: exact=747
               ->  Bitmap Index Scan on files_contents_trgm_idx  (cost=0.00..199.33 rows=19245 width=0) (actual time=192.926..192.926 rows=284024 loops=1)
                     Index Cond: (contents ~ 'fmt\.Error'::text)
 Planning Time: 27.749 ms
 Execution Time: 975.515 ms
(10 rows)

Time: 1004.647 ms (00:01.005)
TIME:14:19:12
query: EXPLAIN ANALYZE select count(id) from (select id from files where contents ~ 'fmt\.Error' limit 100) as e;
Timing is on.
                                                                        QUERY PLAN                                                                         
-----------------------------------------------------------------------------------------------------------------------------------------------------------
 Aggregate  (cost=314.15..314.16 rows=1 width=8) (actual time=977.860..977.862 rows=1 loops=1)
   ->  Limit  (cost=204.15..312.90 rows=100 width=8) (actual time=413.393..977.826 rows=100 loops=1)
         ->  Bitmap Heap Scan on files  (cost=204.15..21133.72 rows=19245 width=8) (actual time=413.392..977.786 rows=100 loops=1)
               Recheck Cond: (contents ~ 'fmt\.Error'::text)
               Rows Removed by Index Recheck: 1251
               Heap Blocks: exact=747
               ->  Bitmap Index Scan on files_contents_trgm_idx  (cost=0.00..199.33 rows=19245 width=0) (actual time=213.765..213.765 rows=284024 loops=1)
                     Index Cond: (contents ~ 'fmt\.Error'::text)
 Planning Time: 28.393 ms
 Execution Time: 980.835 ms
(10 rows)

Time: 1010.700 ms (00:01.011)
TIME:14:19:13
query: EXPLAIN ANALYZE select count(id) from (select id from files where contents ~ 'fmt\.Error' limit 100) as e;
Timing is on.
                                                                        QUERY PLAN                                                                         
-----------------------------------------------------------------------------------------------------------------------------------------------------------
 Aggregate  (cost=314.15..314.16 rows=1 width=8) (actual time=957.279..957.281 rows=1 loops=1)
   ->  Limit  (cost=204.15..312.90 rows=100 width=8) (actual time=388.942..957.245 rows=100 loops=1)
         ->  Bitmap Heap Scan on files  (cost=204.15..21133.72 rows=19245 width=8) (actual time=388.940..957.222 rows=100 loops=1)
               Recheck Cond: (contents ~ 'fmt\.Error'::text)
               Rows Removed by Index Recheck: 1251
               Heap Blocks: exact=747
               ->  Bitmap Index Scan on files_contents_trgm_idx  (cost=0.00..199.33 rows=19245 width=0) (actual time=193.985..193.985 rows=284024 loops=1)
                     Index Cond: (contents ~ 'fmt\.Error'::text)
 Planning Time: 29.270 ms
 Execution Time: 960.386 ms
(10 rows)

Time: 991.187 ms
TIME:14:19:15
query: EXPLAIN ANALYZE select count(id) from (select id from files where contents ~ 'fmt\.Error' limit 100) as e;
Timing is on.
                                                                        QUERY PLAN                                                                         
-----------------------------------------------------------------------------------------------------------------------------------------------------------
 Aggregate  (cost=314.15..314.16 rows=1 width=8) (actual time=972.921..972.923 rows=1 loops=1)
   ->  Limit  (cost=204.15..312.90 rows=100 width=8) (actual time=402.932..972.870 rows=100 loops=1)
         ->  Bitmap Heap Scan on files  (cost=204.15..21133.72 rows=19245 width=8) (actual time=402.915..972.827 rows=100 loops=1)
               Recheck Cond: (contents ~ 'fmt\.Error'::text)
               Rows Removed by Index Recheck: 1251
               Heap Blocks: exact=747
               ->  Bitmap Index Scan on files_contents_trgm_idx  (cost=0.00..199.33 rows=19245 width=0) (actual time=190.550..190.550 rows=284024 loops=1)
                     Index Cond: (contents ~ 'fmt\.Error'::text)
 Planning Time: 28.981 ms
 Execution Time: 975.918 ms
(10 rows)

Time: 1006.373 ms (00:01.006)
TIME:14:19:16
query: EXPLAIN ANALYZE select count(id) from (select id from files where contents ~ 'fmt\.Error' limit 100) as e;
Timing is on.
                                                                        QUERY PLAN                                                                         
-----------------------------------------------------------------------------------------------------------------------------------------------------------
 Aggregate  (cost=314.15..314.16 rows=1 width=8) (actual time=950.349..950.350 rows=1 loops=1)
   ->  Limit  (cost=204.15..312.90 rows=100 width=8) (actual time=381.557..950.295 rows=100 loops=1)
         ->  Bitmap Heap Scan on files  (cost=204.15..21133.72 rows=19245 width=8) (actual time=381.555..950.246 rows=100 loops=1)
               Recheck Cond: (contents ~ 'fmt\.Error'::text)
               Rows Removed by Index Recheck: 1251
               Heap Blocks: exact=747
               ->  Bitmap Index Scan on files_contents_trgm_idx  (cost=0.00..199.33 rows=19245 width=0) (actual time=190.823..190.823 rows=284024 loops=1)
                     Index Cond: (contents ~ 'fmt\.Error'::text)
 Planning Time: 28.612 ms
 Execution Time: 953.331 ms
(10 rows)

Time: 983.543 ms
TIME:14:19:17
query: EXPLAIN ANALYZE select count(id) from (select id from files where contents ~ 'fmt\.Error' limit 100) as e;
Timing is on.
                                                                        QUERY PLAN                                                                         
-----------------------------------------------------------------------------------------------------------------------------------------------------------
 Aggregate  (cost=314.15..314.16 rows=1 width=8) (actual time=983.595..983.596 rows=1 loops=1)
   ->  Limit  (cost=204.15..312.90 rows=100 width=8) (actual time=389.073..983.542 rows=100 loops=1)
         ->  Bitmap Heap Scan on files  (cost=204.15..21133.72 rows=19245 width=8) (actual time=389.071..983.517 rows=100 loops=1)
               Recheck Cond: (contents ~ 'fmt\.Error'::text)
               Rows Removed by Index Recheck: 1251
               Heap Blocks: exact=747
               ->  Bitmap Index Scan on files_contents_trgm_idx  (cost=0.00..199.33 rows=19245 width=0) (actual time=192.847..192.848 rows=284024 loops=1)
                     Index Cond: (contents ~ 'fmt\.Error'::text)
 Planning Time: 28.756 ms
 Execution Time: 986.331 ms
(10 rows)

Time: 1016.460 ms (00:01.016)
TIME:14:19:18
query: EXPLAIN ANALYZE select count(id) from (select id from files where contents ~ 'fmt\.Error' limit 100) as e;
Timing is on.
                                                                        QUERY PLAN                                                                         
-----------------------------------------------------------------------------------------------------------------------------------------------------------
 Aggregate  (cost=314.15..314.16 rows=1 width=8) (actual time=960.525..960.526 rows=1 loops=1)
   ->  Limit  (cost=204.15..312.90 rows=100 width=8) (actual time=387.515..960.489 rows=100 loops=1)
         ->  Bitmap Heap Scan on files  (cost=204.15..21133.72 rows=19245 width=8) (actual time=387.514..960.464 rows=100 loops=1)
               Recheck Cond: (contents ~ 'fmt\.Error'::text)
               Rows Removed by Index Recheck: 1251
               Heap Blocks: exact=747
               ->  Bitmap Index Scan on files_contents_trgm_idx  (cost=0.00..199.33 rows=19245 width=0) (actual time=191.605..191.606 rows=284024 loops=1)
                     Index Cond: (contents ~ 'fmt\.Error'::text)
 Planning Time: 30.222 ms
 Execution Time: 963.358 ms
(10 rows)

Time: 995.136 ms
TIME:14:19:20
query: EXPLAIN ANALYZE select count(id) from (select id from files where contents ~ 'fmt\.Error' limit 100) as e;
Timing is on.
                                                                        QUERY PLAN                                                                         
-----------------------------------------------------------------------------------------------------------------------------------------------------------
 Aggregate  (cost=314.15..314.16 rows=1 width=8) (actual time=970.943..970.944 rows=1 loops=1)
   ->  Limit  (cost=204.15..312.90 rows=100 width=8) (actual time=384.913..970.889 rows=100 loops=1)
         ->  Bitmap Heap Scan on files  (cost=204.15..21133.72 rows=19245 width=8) (actual time=384.911..970.862 rows=100 loops=1)
               Recheck Cond: (contents ~ 'fmt\.Error'::text)
               Rows Removed by Index Recheck: 1251
               Heap Blocks: exact=747
               ->  Bitmap Index Scan on files_contents_trgm_idx  (cost=0.00..199.33 rows=19245 width=0) (actual time=191.079..191.079 rows=284024 loops=1)
                     Index Cond: (contents ~ 'fmt\.Error'::text)
 Planning Time: 28.585 ms
 Execution Time: 973.796 ms
(10 rows)

Time: 1003.815 ms (00:01.004)
TIME:14:19:21
query: EXPLAIN ANALYZE select count(id) from (select id from files where contents ~ 'fmt\.Error' limit 100) as e;
Timing is on.
                                                                        QUERY PLAN                                                                         
-----------------------------------------------------------------------------------------------------------------------------------------------------------
 Aggregate  (cost=314.15..314.16 rows=1 width=8) (actual time=963.350..963.351 rows=1 loops=1)
   ->  Limit  (cost=204.15..312.90 rows=100 width=8) (actual time=390.905..963.312 rows=100 loops=1)
         ->  Bitmap Heap Scan on files  (cost=204.15..21133.72 rows=19245 width=8) (actual time=390.903..963.286 rows=100 loops=1)
               Recheck Cond: (contents ~ 'fmt\.Error'::text)
               Rows Removed by Index Recheck: 1251
               Heap Blocks: exact=747
               ->  Bitmap Index Scan on files_contents_trgm_idx  (cost=0.00..199.33 rows=19245 width=0) (actual time=197.504..197.505 rows=284024 loops=1)
                     Index Cond: (contents ~ 'fmt\.Error'::text)
 Planning Time: 28.088 ms
 Execution Time: 966.348 ms
(10 rows)

Time: 995.959 ms
TIME:14:19:22
query: EXPLAIN ANALYZE select count(id) from (select id from files where contents ~ 'fmt\.Error' limit 100) as e;
Timing is on.
                                                                        QUERY PLAN                                                                         
-----------------------------------------------------------------------------------------------------------------------------------------------------------
 Aggregate  (cost=314.15..314.16 rows=1 width=8) (actual time=944.184..944.186 rows=1 loops=1)
   ->  Limit  (cost=204.15..312.90 rows=100 width=8) (actual time=381.682..944.136 rows=100 loops=1)
         ->  Bitmap Heap Scan on files  (cost=204.15..21133.72 rows=19245 width=8) (actual time=381.681..944.107 rows=100 loops=1)
               Recheck Cond: (contents ~ 'fmt\.Error'::text)
               Rows Removed by Index Recheck: 1251
               Heap Blocks: exact=747
               ->  Bitmap Index Scan on files_contents_trgm_idx  (cost=0.00..199.33 rows=19245 width=0) (actual time=190.600..190.601 rows=284024 loops=1)
                     Index Cond: (contents ~ 'fmt\.Error'::text)
 Planning Time: 27.894 ms
 Execution Time: 947.450 ms
(10 rows)

Time: 977.019 ms
TIME:14:19:23
query: EXPLAIN ANALYZE select count(id) from (select id from files where contents ~ 'fmt\.Error' limit 100) as e;
Timing is on.
                                                                        QUERY PLAN                                                                         
-----------------------------------------------------------------------------------------------------------------------------------------------------------
 Aggregate  (cost=314.15..314.16 rows=1 width=8) (actual time=988.980..988.982 rows=1 loops=1)
   ->  Limit  (cost=204.15..312.90 rows=100 width=8) (actual time=415.023..988.942 rows=100 loops=1)
         ->  Bitmap Heap Scan on files  (cost=204.15..21133.72 rows=19245 width=8) (actual time=415.021..988.916 rows=100 loops=1)
               Recheck Cond: (contents ~ 'fmt\.Error'::text)
               Rows Removed by Index Recheck: 1251
               Heap Blocks: exact=747
               ->  Bitmap Index Scan on files_contents_trgm_idx  (cost=0.00..199.33 rows=19245 width=0) (actual time=216.462..216.462 rows=284024 loops=1)
                     Index Cond: (contents ~ 'fmt\.Error'::text)
 Planning Time: 29.917 ms
 Execution Time: 991.887 ms
(10 rows)

Time: 1023.339 ms (00:01.023)
TIME:14:19:24
query: EXPLAIN ANALYZE select count(id) from (select id from files where contents ~ 'fmt\.Error' limit 100) as e;
Timing is on.
                                                                        QUERY PLAN                                                                         
-----------------------------------------------------------------------------------------------------------------------------------------------------------
 Aggregate  (cost=314.15..314.16 rows=1 width=8) (actual time=957.171..957.172 rows=1 loops=1)
   ->  Limit  (cost=204.15..312.90 rows=100 width=8) (actual time=391.883..957.136 rows=100 loops=1)
         ->  Bitmap Heap Scan on files  (cost=204.15..21133.72 rows=19245 width=8) (actual time=391.881..957.111 rows=100 loops=1)
               Recheck Cond: (contents ~ 'fmt\.Error'::text)
               Rows Removed by Index Recheck: 1251
               Heap Blocks: exact=747
               ->  Bitmap Index Scan on files_contents_trgm_idx  (cost=0.00..199.33 rows=19245 width=0) (actual time=197.040..197.041 rows=284024 loops=1)
                     Index Cond: (contents ~ 'fmt\.Error'::text)
 Planning Time: 37.722 ms
 Execution Time: 960.244 ms
(10 rows)

Time: 999.547 ms
TIME:14:19:26
query: EXPLAIN ANALYZE select count(id) from (select id from files where contents ~ 'fmt\.Error' limit 100) as e;
Timing is on.
                                                                        QUERY PLAN                                                                         
-----------------------------------------------------------------------------------------------------------------------------------------------------------
 Aggregate  (cost=314.15..314.16 rows=1 width=8) (actual time=972.180..972.181 rows=1 loops=1)
   ->  Limit  (cost=204.15..312.90 rows=100 width=8) (actual time=402.255..972.125 rows=100 loops=1)
         ->  Bitmap Heap Scan on files  (cost=204.15..21133.72 rows=19245 width=8) (actual time=402.253..972.096 rows=100 loops=1)
               Recheck Cond: (contents ~ 'fmt\.Error'::text)
               Rows Removed by Index Recheck: 1251
               Heap Blocks: exact=747
               ->  Bitmap Index Scan on files_contents_trgm_idx  (cost=0.00..199.33 rows=19245 width=0) (actual time=197.036..197.036 rows=284024 loops=1)
                     Index Cond: (contents ~ 'fmt\.Error'::text)
 Planning Time: 38.463 ms
 Execution Time: 975.340 ms
(10 rows)

Time: 1015.519 ms (00:01.016)
TIME:14:19:27
query: EXPLAIN ANALYZE select count(id) from (select id from files where contents ~ 'fmt\.Error' limit 100) as e;
Timing is on.
                                                                        QUERY PLAN                                                                         
-----------------------------------------------------------------------------------------------------------------------------------------------------------
 Aggregate  (cost=314.15..314.16 rows=1 width=8) (actual time=959.120..959.121 rows=1 loops=1)
   ->  Limit  (cost=204.15..312.90 rows=100 width=8) (actual time=392.717..959.072 rows=100 loops=1)
         ->  Bitmap Heap Scan on files  (cost=204.15..21133.72 rows=19245 width=8) (actual time=392.715..959.048 rows=100 loops=1)
               Recheck Cond: (contents ~ 'fmt\.Error'::text)
               Rows Removed by Index Recheck: 1251
               Heap Blocks: exact=747
               ->  Bitmap Index Scan on files_contents_trgm_idx  (cost=0.00..199.33 rows=19245 width=0) (actual time=195.936..195.936 rows=284024 loops=1)
                     Index Cond: (contents ~ 'fmt\.Error'::text)
 Planning Time: 29.374 ms
 Execution Time: 962.118 ms
(10 rows)

Time: 992.851 ms
TIME:14:19:28
query: EXPLAIN ANALYZE select count(id) from (select id from files where contents ~ 'fmt\.Error' limit 100) as e;
Timing is on.
                                                                        QUERY PLAN                                                                         
-----------------------------------------------------------------------------------------------------------------------------------------------------------
 Aggregate  (cost=314.15..314.16 rows=1 width=8) (actual time=975.495..975.497 rows=1 loops=1)
   ->  Limit  (cost=204.15..312.90 rows=100 width=8) (actual time=408.165..975.461 rows=100 loops=1)
         ->  Bitmap Heap Scan on files  (cost=204.15..21133.72 rows=19245 width=8) (actual time=408.164..975.437 rows=100 loops=1)
               Recheck Cond: (contents ~ 'fmt\.Error'::text)
               Rows Removed by Index Recheck: 1251
               Heap Blocks: exact=747
               ->  Bitmap Index Scan on files_contents_trgm_idx  (cost=0.00..199.33 rows=19245 width=0) (actual time=212.170..212.171 rows=284024 loops=1)
                     Index Cond: (contents ~ 'fmt\.Error'::text)
 Planning Time: 29.455 ms
 Execution Time: 978.619 ms
(10 rows)

Time: 1009.602 ms (00:01.010)
TIME:14:19:29
query: EXPLAIN ANALYZE select count(id) from (select id from files where contents ~ 'fmt\.Error' limit 100) as e;
Timing is on.
                                                                        QUERY PLAN                                                                         
-----------------------------------------------------------------------------------------------------------------------------------------------------------
 Aggregate  (cost=314.15..314.16 rows=1 width=8) (actual time=961.905..961.907 rows=1 loops=1)
   ->  Limit  (cost=204.15..312.90 rows=100 width=8) (actual time=391.170..961.870 rows=100 loops=1)
         ->  Bitmap Heap Scan on files  (cost=204.15..21133.72 rows=19245 width=8) (actual time=391.168..961.844 rows=100 loops=1)
               Recheck Cond: (contents ~ 'fmt\.Error'::text)
               Rows Removed by Index Recheck: 1251
               Heap Blocks: exact=747
               ->  Bitmap Index Scan on files_contents_trgm_idx  (cost=0.00..199.33 rows=19245 width=0) (actual time=197.749..197.749 rows=284024 loops=1)
                     Index Cond: (contents ~ 'fmt\.Error'::text)
 Planning Time: 31.887 ms
 Execution Time: 964.965 ms
(10 rows)

Time: 998.440 ms
TIME:14:19:31
query: EXPLAIN ANALYZE select count(id) from (select id from files where contents ~ 'fmt\.Error' limit 100) as e;
Timing is on.
                                                                        QUERY PLAN                                                                         
-----------------------------------------------------------------------------------------------------------------------------------------------------------
 Aggregate  (cost=314.15..314.16 rows=1 width=8) (actual time=970.415..970.416 rows=1 loops=1)
   ->  Limit  (cost=204.15..312.90 rows=100 width=8) (actual time=405.914..970.380 rows=100 loops=1)
         ->  Bitmap Heap Scan on files  (cost=204.15..21133.72 rows=19245 width=8) (actual time=405.913..970.357 rows=100 loops=1)
               Recheck Cond: (contents ~ 'fmt\.Error'::text)
               Rows Removed by Index Recheck: 1251
               Heap Blocks: exact=747
               ->  Bitmap Index Scan on files_contents_trgm_idx  (cost=0.00..199.33 rows=19245 width=0) (actual time=190.586..190.586 rows=284024 loops=1)
                     Index Cond: (contents ~ 'fmt\.Error'::text)
 Planning Time: 27.613 ms
 Execution Time: 973.322 ms
(10 rows)

Time: 1002.567 ms (00:01.003)
TIME:14:19:32
query: EXPLAIN ANALYZE select count(id) from (select id from files where contents ~ 'fmt\.Error' limit 100) as e;
Timing is on.
                                                                        QUERY PLAN                                                                         
-----------------------------------------------------------------------------------------------------------------------------------------------------------
 Aggregate  (cost=314.15..314.16 rows=1 width=8) (actual time=961.117..961.119 rows=1 loops=1)
   ->  Limit  (cost=204.15..312.90 rows=100 width=8) (actual time=383.328..961.078 rows=100 loops=1)
         ->  Bitmap Heap Scan on files  (cost=204.15..21133.72 rows=19245 width=8) (actual time=383.327..961.036 rows=100 loops=1)
               Recheck Cond: (contents ~ 'fmt\.Error'::text)
               Rows Removed by Index Recheck: 1251
               Heap Blocks: exact=747
               ->  Bitmap Index Scan on files_contents_trgm_idx  (cost=0.00..199.33 rows=19245 width=0) (actual time=194.610..194.611 rows=284024 loops=1)
                     Index Cond: (contents ~ 'fmt\.Error'::text)
 Planning Time: 25.534 ms
 Execution Time: 963.971 ms
(10 rows)

Time: 990.999 ms
TIME:14:19:33
query: EXPLAIN ANALYZE select count(id) from (select id from files where contents ~ 'fmt\.Error' limit 100) as e;
Timing is on.
                                                                        QUERY PLAN                                                                         
-----------------------------------------------------------------------------------------------------------------------------------------------------------
 Aggregate  (cost=314.15..314.16 rows=1 width=8) (actual time=979.078..979.080 rows=1 loops=1)
   ->  Limit  (cost=204.15..312.90 rows=100 width=8) (actual time=385.608..978.991 rows=100 loops=1)
         ->  Bitmap Heap Scan on files  (cost=204.15..21133.72 rows=19245 width=8) (actual time=385.606..978.946 rows=100 loops=1)
               Recheck Cond: (contents ~ 'fmt\.Error'::text)
               Rows Removed by Index Recheck: 1251
               Heap Blocks: exact=747
               ->  Bitmap Index Scan on files_contents_trgm_idx  (cost=0.00..199.33 rows=19245 width=0) (actual time=189.885..189.886 rows=284024 loops=1)
                     Index Cond: (contents ~ 'fmt\.Error'::text)
 Planning Time: 28.397 ms
 Execution Time: 981.913 ms
(10 rows)

Time: 1011.736 ms (00:01.012)
TIME:14:19:34
query: EXPLAIN ANALYZE select count(id) from (select id from files where contents ~ 'fmt\.Error' limit 100) as e;
Timing is on.
                                                                        QUERY PLAN                                                                         
-----------------------------------------------------------------------------------------------------------------------------------------------------------
 Aggregate  (cost=314.15..314.16 rows=1 width=8) (actual time=959.114..959.115 rows=1 loops=1)
   ->  Limit  (cost=204.15..312.90 rows=100 width=8) (actual time=391.385..959.058 rows=100 loops=1)
         ->  Bitmap Heap Scan on files  (cost=204.15..21133.72 rows=19245 width=8) (actual time=391.383..959.031 rows=100 loops=1)
               Recheck Cond: (contents ~ 'fmt\.Error'::text)
               Rows Removed by Index Recheck: 1251
               Heap Blocks: exact=747
               ->  Bitmap Index Scan on files_contents_trgm_idx  (cost=0.00..199.33 rows=19245 width=0) (actual time=193.214..193.215 rows=284024 loops=1)
                     Index Cond: (contents ~ 'fmt\.Error'::text)
 Planning Time: 31.191 ms
 Execution Time: 962.457 ms
(10 rows)

Time: 995.161 ms
TIME:14:19:36
query: EXPLAIN ANALYZE select count(id) from (select id from files where contents ~ 'fmt\.Error' limit 100) as e;
Timing is on.
                                                                        QUERY PLAN                                                                         
-----------------------------------------------------------------------------------------------------------------------------------------------------------
 Aggregate  (cost=314.15..314.16 rows=1 width=8) (actual time=960.638..960.639 rows=1 loops=1)
   ->  Limit  (cost=204.15..312.90 rows=100 width=8) (actual time=394.767..960.590 rows=100 loops=1)
         ->  Bitmap Heap Scan on files  (cost=204.15..21133.72 rows=19245 width=8) (actual time=394.765..960.564 rows=100 loops=1)
               Recheck Cond: (contents ~ 'fmt\.Error'::text)
               Rows Removed by Index Recheck: 1251
               Heap Blocks: exact=747
               ->  Bitmap Index Scan on files_contents_trgm_idx  (cost=0.00..199.33 rows=19245 width=0) (actual time=193.380..193.381 rows=284024 loops=1)
                     Index Cond: (contents ~ 'fmt\.Error'::text)
 Planning Time: 29.235 ms
 Execution Time: 963.683 ms
(10 rows)

Time: 994.318 ms
TIME:14:19:38
query: EXPLAIN ANALYZE select count(id) from (select id from files where contents ~ 'fmt\.Error' limit 100) as e;
Timing is on.
                                                                        QUERY PLAN                                                                         
-----------------------------------------------------------------------------------------------------------------------------------------------------------
 Aggregate  (cost=314.15..314.16 rows=1 width=8) (actual time=969.420..969.421 rows=1 loops=1)
   ->  Limit  (cost=204.15..312.90 rows=100 width=8) (actual time=392.559..969.382 rows=100 loops=1)
         ->  Bitmap Heap Scan on files  (cost=204.15..21133.72 rows=19245 width=8) (actual time=392.558..969.341 rows=100 loops=1)
               Recheck Cond: (contents ~ 'fmt\.Error'::text)
               Rows Removed by Index Recheck: 1251
               Heap Blocks: exact=747
               ->  Bitmap Index Scan on files_contents_trgm_idx  (cost=0.00..199.33 rows=19245 width=0) (actual time=194.342..194.343 rows=284024 loops=1)
                     Index Cond: (contents ~ 'fmt\.Error'::text)
 Planning Time: 27.738 ms
 Execution Time: 972.201 ms
(10 rows)

Time: 1001.251 ms (00:01.001)
TIME:14:19:39
query: EXPLAIN ANALYZE select count(id) from (select id from files where contents ~ 'fmt\.Error' limit 100) as e;
Timing is on.
                                                                        QUERY PLAN                                                                         
-----------------------------------------------------------------------------------------------------------------------------------------------------------
 Aggregate  (cost=314.15..314.16 rows=1 width=8) (actual time=965.401..965.403 rows=1 loops=1)
   ->  Limit  (cost=204.15..312.90 rows=100 width=8) (actual time=395.541..965.350 rows=100 loops=1)
         ->  Bitmap Heap Scan on files  (cost=204.15..21133.72 rows=19245 width=8) (actual time=395.539..965.327 rows=100 loops=1)
               Recheck Cond: (contents ~ 'fmt\.Error'::text)
               Rows Removed by Index Recheck: 1251
               Heap Blocks: exact=747
               ->  Bitmap Index Scan on files_contents_trgm_idx  (cost=0.00..199.33 rows=19245 width=0) (actual time=200.579..200.579 rows=284024 loops=1)
                     Index Cond: (contents ~ 'fmt\.Error'::text)
 Planning Time: 35.768 ms
 Execution Time: 968.706 ms
(10 rows)

Time: 1005.976 ms (00:01.006)
TIME:14:19:40
query: EXPLAIN ANALYZE select count(id) from (select id from files where contents ~ 'fmt\.Error' limit 100) as e;
Timing is on.
                                                                        QUERY PLAN                                                                         
-----------------------------------------------------------------------------------------------------------------------------------------------------------
 Aggregate  (cost=314.15..314.16 rows=1 width=8) (actual time=947.371..947.372 rows=1 loops=1)
   ->  Limit  (cost=204.15..312.90 rows=100 width=8) (actual time=385.403..947.320 rows=100 loops=1)
         ->  Bitmap Heap Scan on files  (cost=204.15..21133.72 rows=19245 width=8) (actual time=385.401..947.295 rows=100 loops=1)
               Recheck Cond: (contents ~ 'fmt\.Error'::text)
               Rows Removed by Index Recheck: 1251
               Heap Blocks: exact=747
               ->  Bitmap Index Scan on files_contents_trgm_idx  (cost=0.00..199.33 rows=19245 width=0) (actual time=191.651..191.651 rows=284024 loops=1)
                     Index Cond: (contents ~ 'fmt\.Error'::text)
 Planning Time: 28.624 ms
 Execution Time: 950.347 ms
(10 rows)

Time: 980.409 ms
TIME:14:19:41
query: EXPLAIN ANALYZE select count(id) from (select id from files where contents ~ 'fmt\.Error' limit 100) as e;
Timing is on.
                                                                        QUERY PLAN                                                                         
-----------------------------------------------------------------------------------------------------------------------------------------------------------
 Aggregate  (cost=314.15..314.16 rows=1 width=8) (actual time=975.845..975.847 rows=1 loops=1)
   ->  Limit  (cost=204.15..312.90 rows=100 width=8) (actual time=411.384..975.795 rows=100 loops=1)
         ->  Bitmap Heap Scan on files  (cost=204.15..21133.72 rows=19245 width=8) (actual time=411.382..975.770 rows=100 loops=1)
               Recheck Cond: (contents ~ 'fmt\.Error'::text)
               Rows Removed by Index Recheck: 1251
               Heap Blocks: exact=747
               ->  Bitmap Index Scan on files_contents_trgm_idx  (cost=0.00..199.33 rows=19245 width=0) (actual time=201.585..201.585 rows=284024 loops=1)
                     Index Cond: (contents ~ 'fmt\.Error'::text)
 Planning Time: 28.472 ms
 Execution Time: 978.781 ms
(10 rows)

Time: 1008.790 ms (00:01.009)
TIME:14:19:43
query: EXPLAIN ANALYZE select count(id) from (select id from files where contents ~ 'fmt\.Error' limit 100) as e;
Timing is on.
                                                                        QUERY PLAN                                                                         
-----------------------------------------------------------------------------------------------------------------------------------------------------------
 Aggregate  (cost=314.15..314.16 rows=1 width=8) (actual time=1302.175..1302.177 rows=1 loops=1)
   ->  Limit  (cost=204.15..312.90 rows=100 width=8) (actual time=391.604..1302.121 rows=100 loops=1)
         ->  Bitmap Heap Scan on files  (cost=204.15..21133.72 rows=19245 width=8) (actual time=391.602..1302.075 rows=100 loops=1)
               Recheck Cond: (contents ~ 'fmt\.Error'::text)
               Rows Removed by Index Recheck: 1251
               Heap Blocks: exact=747
               ->  Bitmap Index Scan on files_contents_trgm_idx  (cost=0.00..199.33 rows=19245 width=0) (actual time=197.030..197.030 rows=284024 loops=1)
                     Index Cond: (contents ~ 'fmt\.Error'::text)
 Planning Time: 30.116 ms
 Execution Time: 1305.174 ms
(10 rows)

Time: 1336.762 ms (00:01.337)
TIME:14:19:44
query: EXPLAIN ANALYZE select count(id) from (select id from files where contents ~ 'fmt\.Error' limit 100) as e;
Timing is on.
                                                                        QUERY PLAN                                                                         
-----------------------------------------------------------------------------------------------------------------------------------------------------------
 Aggregate  (cost=314.15..314.16 rows=1 width=8) (actual time=984.941..984.943 rows=1 loops=1)
   ->  Limit  (cost=204.15..312.90 rows=100 width=8) (actual time=410.844..984.890 rows=100 loops=1)
         ->  Bitmap Heap Scan on files  (cost=204.15..21133.72 rows=19245 width=8) (actual time=410.842..984.866 rows=100 loops=1)
               Recheck Cond: (contents ~ 'fmt\.Error'::text)
               Rows Removed by Index Recheck: 1251
               Heap Blocks: exact=747
               ->  Bitmap Index Scan on files_contents_trgm_idx  (cost=0.00..199.33 rows=19245 width=0) (actual time=216.597..216.598 rows=284024 loops=1)
                     Index Cond: (contents ~ 'fmt\.Error'::text)
 Planning Time: 27.524 ms
 Execution Time: 988.217 ms
(10 rows)

Time: 1017.048 ms (00:01.017)
TIME:14:19:45
query: EXPLAIN ANALYZE select count(id) from (select id from files where contents ~ 'fmt\.Error' limit 100) as e;
Timing is on.
                                                                        QUERY PLAN                                                                         
-----------------------------------------------------------------------------------------------------------------------------------------------------------
 Aggregate  (cost=314.15..314.16 rows=1 width=8) (actual time=962.780..962.781 rows=1 loops=1)
   ->  Limit  (cost=204.15..312.90 rows=100 width=8) (actual time=394.813..962.736 rows=100 loops=1)
         ->  Bitmap Heap Scan on files  (cost=204.15..21133.72 rows=19245 width=8) (actual time=394.811..962.707 rows=100 loops=1)
               Recheck Cond: (contents ~ 'fmt\.Error'::text)
               Rows Removed by Index Recheck: 1251
               Heap Blocks: exact=747
               ->  Bitmap Index Scan on files_contents_trgm_idx  (cost=0.00..199.33 rows=19245 width=0) (actual time=193.206..193.206 rows=284024 loops=1)
                     Index Cond: (contents ~ 'fmt\.Error'::text)
 Planning Time: 26.660 ms
 Execution Time: 965.696 ms
(10 rows)

Time: 993.831 ms
TIME:14:19:47
query: EXPLAIN ANALYZE select count(id) from (select id from files where contents ~ 'fmt\.Error' limit 100) as e;
Timing is on.
                                                                        QUERY PLAN                                                                         
-----------------------------------------------------------------------------------------------------------------------------------------------------------
 Aggregate  (cost=314.15..314.16 rows=1 width=8) (actual time=983.889..983.890 rows=1 loops=1)
   ->  Limit  (cost=204.15..312.90 rows=100 width=8) (actual time=414.884..983.820 rows=100 loops=1)
         ->  Bitmap Heap Scan on files  (cost=204.15..21133.72 rows=19245 width=8) (actual time=414.882..983.771 rows=100 loops=1)
               Recheck Cond: (contents ~ 'fmt\.Error'::text)
               Rows Removed by Index Recheck: 1251
               Heap Blocks: exact=747
               ->  Bitmap Index Scan on files_contents_trgm_idx  (cost=0.00..199.33 rows=19245 width=0) (actual time=195.248..195.249 rows=284024 loops=1)
                     Index Cond: (contents ~ 'fmt\.Error'::text)
 Planning Time: 26.165 ms
 Execution Time: 986.596 ms
(10 rows)

Time: 1014.307 ms (00:01.014)
TIME:14:19:48
query: EXPLAIN ANALYZE select count(id) from (select id from files where contents ~ 'fmt\.Error' limit 100) as e;
Timing is on.
                                                                        QUERY PLAN                                                                         
-----------------------------------------------------------------------------------------------------------------------------------------------------------
 Aggregate  (cost=314.15..314.16 rows=1 width=8) (actual time=961.183..961.185 rows=1 loops=1)
   ->  Limit  (cost=204.15..312.90 rows=100 width=8) (actual time=389.196..961.127 rows=100 loops=1)
         ->  Bitmap Heap Scan on files  (cost=204.15..21133.72 rows=19245 width=8) (actual time=389.195..961.094 rows=100 loops=1)
               Recheck Cond: (contents ~ 'fmt\.Error'::text)
               Rows Removed by Index Recheck: 1251
               Heap Blocks: exact=747
               ->  Bitmap Index Scan on files_contents_trgm_idx  (cost=0.00..199.33 rows=19245 width=0) (actual time=197.544..197.544 rows=284024 loops=1)
                     Index Cond: (contents ~ 'fmt\.Error'::text)
 Planning Time: 83.261 ms
 Execution Time: 964.377 ms
(10 rows)

Time: 1049.049 ms (00:01.049)
TIME:14:19:49
query: EXPLAIN ANALYZE select count(id) from (select id from files where contents ~ 'fmt\.Error' limit 100) as e;
Timing is on.
                                                                        QUERY PLAN                                                                         
-----------------------------------------------------------------------------------------------------------------------------------------------------------
 Aggregate  (cost=314.15..314.16 rows=1 width=8) (actual time=994.483..994.485 rows=1 loops=1)
   ->  Limit  (cost=204.15..312.90 rows=100 width=8) (actual time=394.106..994.442 rows=100 loops=1)
         ->  Bitmap Heap Scan on files  (cost=204.15..21133.72 rows=19245 width=8) (actual time=394.104..994.416 rows=100 loops=1)
               Recheck Cond: (contents ~ 'fmt\.Error'::text)
               Rows Removed by Index Recheck: 1251
               Heap Blocks: exact=747
               ->  Bitmap Index Scan on files_contents_trgm_idx  (cost=0.00..199.33 rows=19245 width=0) (actual time=194.545..194.545 rows=284024 loops=1)
                     Index Cond: (contents ~ 'fmt\.Error'::text)
 Planning Time: 28.407 ms
 Execution Time: 997.331 ms
(10 rows)

Time: 1027.228 ms (00:01.027)
TIME:14:19:50
query: EXPLAIN ANALYZE select count(id) from (select id from files where contents ~ 'fmt\.Error' limit 100) as e;
Timing is on.
                                                                        QUERY PLAN                                                                         
-----------------------------------------------------------------------------------------------------------------------------------------------------------
 Aggregate  (cost=314.15..314.16 rows=1 width=8) (actual time=976.579..976.581 rows=1 loops=1)
   ->  Limit  (cost=204.15..312.90 rows=100 width=8) (actual time=386.984..976.543 rows=100 loops=1)
         ->  Bitmap Heap Scan on files  (cost=204.15..21133.72 rows=19245 width=8) (actual time=386.982..976.501 rows=100 loops=1)
               Recheck Cond: (contents ~ 'fmt\.Error'::text)
               Rows Removed by Index Recheck: 1251
               Heap Blocks: exact=747
               ->  Bitmap Index Scan on files_contents_trgm_idx  (cost=0.00..199.33 rows=19245 width=0) (actual time=191.731..191.731 rows=284024 loops=1)
                     Index Cond: (contents ~ 'fmt\.Error'::text)
 Planning Time: 28.807 ms
 Execution Time: 979.426 ms
(10 rows)

Time: 1009.672 ms (00:01.010)
TIME:14:19:51
query: EXPLAIN ANALYZE select count(id) from (select id from files where contents ~ 'fmt\.Error' limit 100) as e;
Timing is on.
                                                                        QUERY PLAN                                                                         
-----------------------------------------------------------------------------------------------------------------------------------------------------------
 Aggregate  (cost=314.15..314.16 rows=1 width=8) (actual time=978.796..978.797 rows=1 loops=1)
   ->  Limit  (cost=204.15..312.90 rows=100 width=8) (actual time=391.761..978.759 rows=100 loops=1)
         ->  Bitmap Heap Scan on files  (cost=204.15..21133.72 rows=19245 width=8) (actual time=391.760..978.720 rows=100 loops=1)
               Recheck Cond: (contents ~ 'fmt\.Error'::text)
               Rows Removed by Index Recheck: 1251
               Heap Blocks: exact=747
               ->  Bitmap Index Scan on files_contents_trgm_idx  (cost=0.00..199.33 rows=19245 width=0) (actual time=187.518..187.519 rows=284024 loops=1)
                     Index Cond: (contents ~ 'fmt\.Error'::text)
 Planning Time: 28.479 ms
 Execution Time: 981.781 ms
(10 rows)

Time: 1011.866 ms (00:01.012)
TIME:14:19:53
query: EXPLAIN ANALYZE select count(id) from (select id from files where contents ~ 'fmt\.Error' limit 100) as e;
Timing is on.
                                                                        QUERY PLAN                                                                         
-----------------------------------------------------------------------------------------------------------------------------------------------------------
 Aggregate  (cost=314.15..314.16 rows=1 width=8) (actual time=976.269..976.271 rows=1 loops=1)
   ->  Limit  (cost=204.15..312.90 rows=100 width=8) (actual time=385.428..976.221 rows=100 loops=1)
         ->  Bitmap Heap Scan on files  (cost=204.15..21133.72 rows=19245 width=8) (actual time=385.427..976.197 rows=100 loops=1)
               Recheck Cond: (contents ~ 'fmt\.Error'::text)
               Rows Removed by Index Recheck: 1251
               Heap Blocks: exact=747
               ->  Bitmap Index Scan on files_contents_trgm_idx  (cost=0.00..199.33 rows=19245 width=0) (actual time=195.801..195.801 rows=284024 loops=1)
                     Index Cond: (contents ~ 'fmt\.Error'::text)
 Planning Time: 26.796 ms
 Execution Time: 981.087 ms
(10 rows)

Time: 1009.876 ms (00:01.010)
TIME:14:19:54
query: EXPLAIN ANALYZE select count(id) from (select id from files where contents ~ 'fmt\.Error' limit 100) as e;
Timing is on.
                                                                        QUERY PLAN                                                                         
-----------------------------------------------------------------------------------------------------------------------------------------------------------
 Aggregate  (cost=314.15..314.16 rows=1 width=8) (actual time=968.502..968.503 rows=1 loops=1)
   ->  Limit  (cost=204.15..312.90 rows=100 width=8) (actual time=386.109..968.466 rows=100 loops=1)
         ->  Bitmap Heap Scan on files  (cost=204.15..21133.72 rows=19245 width=8) (actual time=386.108..968.422 rows=100 loops=1)
               Recheck Cond: (contents ~ 'fmt\.Error'::text)
               Rows Removed by Index Recheck: 1251
               Heap Blocks: exact=747
               ->  Bitmap Index Scan on files_contents_trgm_idx  (cost=0.00..199.33 rows=19245 width=0) (actual time=191.769..191.769 rows=284024 loops=1)
                     Index Cond: (contents ~ 'fmt\.Error'::text)
 Planning Time: 28.671 ms
 Execution Time: 971.528 ms
(10 rows)

Time: 1001.933 ms (00:01.002)
TIME:14:19:55
query: EXPLAIN ANALYZE select count(id) from (select id from files where contents ~ 'fmt\.Error' limit 100) as e;
Timing is on.
                                                                        QUERY PLAN                                                                         
-----------------------------------------------------------------------------------------------------------------------------------------------------------
 Aggregate  (cost=314.15..314.16 rows=1 width=8) (actual time=961.762..961.764 rows=1 loops=1)
   ->  Limit  (cost=204.15..312.90 rows=100 width=8) (actual time=387.189..961.725 rows=100 loops=1)
         ->  Bitmap Heap Scan on files  (cost=204.15..21133.72 rows=19245 width=8) (actual time=387.188..961.687 rows=100 loops=1)
               Recheck Cond: (contents ~ 'fmt\.Error'::text)
               Rows Removed by Index Recheck: 1251
               Heap Blocks: exact=747
               ->  Bitmap Index Scan on files_contents_trgm_idx  (cost=0.00..199.33 rows=19245 width=0) (actual time=192.211..192.212 rows=284024 loops=1)
                     Index Cond: (contents ~ 'fmt\.Error'::text)
 Planning Time: 27.886 ms
 Execution Time: 964.856 ms
(10 rows)

Time: 994.186 ms
TIME:14:19:56
query: EXPLAIN ANALYZE select count(id) from (select id from files where contents ~ 'fmt\.Error' limit 100) as e;
Timing is on.
                                                                        QUERY PLAN                                                                         
-----------------------------------------------------------------------------------------------------------------------------------------------------------
 Aggregate  (cost=314.15..314.16 rows=1 width=8) (actual time=994.968..994.970 rows=1 loops=1)
   ->  Limit  (cost=204.15..312.90 rows=100 width=8) (actual time=390.776..994.882 rows=100 loops=1)
         ->  Bitmap Heap Scan on files  (cost=204.15..21133.72 rows=19245 width=8) (actual time=390.775..994.832 rows=100 loops=1)
               Recheck Cond: (contents ~ 'fmt\.Error'::text)
               Rows Removed by Index Recheck: 1251
               Heap Blocks: exact=747
               ->  Bitmap Index Scan on files_contents_trgm_idx  (cost=0.00..199.33 rows=19245 width=0) (actual time=196.241..196.242 rows=284024 loops=1)
                     Index Cond: (contents ~ 'fmt\.Error'::text)
 Planning Time: 38.403 ms
 Execution Time: 998.348 ms
(10 rows)

Time: 1038.223 ms (00:01.038)
TIME:14:19:58
query: EXPLAIN ANALYZE select count(id) from (select id from files where contents ~ 'fmt\.Error' limit 100) as e;
Timing is on.
                                                                        QUERY PLAN                                                                         
-----------------------------------------------------------------------------------------------------------------------------------------------------------
 Aggregate  (cost=314.15..314.16 rows=1 width=8) (actual time=960.281..960.282 rows=1 loops=1)
   ->  Limit  (cost=204.15..312.90 rows=100 width=8) (actual time=392.391..960.245 rows=100 loops=1)
         ->  Bitmap Heap Scan on files  (cost=204.15..21133.72 rows=19245 width=8) (actual time=392.390..960.200 rows=100 loops=1)
               Recheck Cond: (contents ~ 'fmt\.Error'::text)
               Rows Removed by Index Recheck: 1251
               Heap Blocks: exact=747
               ->  Bitmap Index Scan on files_contents_trgm_idx  (cost=0.00..199.33 rows=19245 width=0) (actual time=198.307..198.307 rows=284024 loops=1)
                     Index Cond: (contents ~ 'fmt\.Error'::text)
 Planning Time: 28.548 ms
 Execution Time: 963.161 ms
(10 rows)

Time: 993.137 ms
TIME:14:19:59
query: EXPLAIN ANALYZE select count(id) from (select id from files where contents ~ 'fmt\.Error' limit 100) as e;
Timing is on.
                                                                        QUERY PLAN                                                                         
-----------------------------------------------------------------------------------------------------------------------------------------------------------
 Aggregate  (cost=314.15..314.16 rows=1 width=8) (actual time=978.322..978.323 rows=1 loops=1)
   ->  Limit  (cost=204.15..312.90 rows=100 width=8) (actual time=413.079..978.287 rows=100 loops=1)
         ->  Bitmap Heap Scan on files  (cost=204.15..21133.72 rows=19245 width=8) (actual time=413.077..978.264 rows=100 loops=1)
               Recheck Cond: (contents ~ 'fmt\.Error'::text)
               Rows Removed by Index Recheck: 1251
               Heap Blocks: exact=747
               ->  Bitmap Index Scan on files_contents_trgm_idx  (cost=0.00..199.33 rows=19245 width=0) (actual time=207.743..207.743 rows=284024 loops=1)
                     Index Cond: (contents ~ 'fmt\.Error'::text)
 Planning Time: 31.270 ms
 Execution Time: 981.136 ms
(10 rows)

Time: 1013.941 ms (00:01.014)
TIME:14:20:00
query: EXPLAIN ANALYZE select count(id) from (select id from files where contents ~ 'fmt\.Error' limit 100) as e;
Timing is on.
                                                                        QUERY PLAN                                                                         
-----------------------------------------------------------------------------------------------------------------------------------------------------------
 Aggregate  (cost=314.15..314.16 rows=1 width=8) (actual time=960.809..960.810 rows=1 loops=1)
   ->  Limit  (cost=204.15..312.90 rows=100 width=8) (actual time=399.116..960.718 rows=100 loops=1)
         ->  Bitmap Heap Scan on files  (cost=204.15..21133.72 rows=19245 width=8) (actual time=399.115..960.691 rows=100 loops=1)
               Recheck Cond: (contents ~ 'fmt\.Error'::text)
               Rows Removed by Index Recheck: 1251
               Heap Blocks: exact=747
               ->  Bitmap Index Scan on files_contents_trgm_idx  (cost=0.00..199.33 rows=19245 width=0) (actual time=203.285..203.286 rows=284024 loops=1)
                     Index Cond: (contents ~ 'fmt\.Error'::text)
 Planning Time: 36.460 ms
 Execution Time: 964.035 ms
(10 rows)

Time: 1002.983 ms (00:01.003)
TIME:14:20:01
query: EXPLAIN ANALYZE select count(id) from (select id from files where contents ~ 'fmt\.Error' limit 100) as e;
Timing is on.
                                                                        QUERY PLAN                                                                         
-----------------------------------------------------------------------------------------------------------------------------------------------------------
 Aggregate  (cost=314.15..314.16 rows=1 width=8) (actual time=961.126..961.127 rows=1 loops=1)
   ->  Limit  (cost=204.15..312.90 rows=100 width=8) (actual time=397.974..961.093 rows=100 loops=1)
         ->  Bitmap Heap Scan on files  (cost=204.15..21133.72 rows=19245 width=8) (actual time=397.973..961.069 rows=100 loops=1)
               Recheck Cond: (contents ~ 'fmt\.Error'::text)
               Rows Removed by Index Recheck: 1251
               Heap Blocks: exact=747
               ->  Bitmap Index Scan on files_contents_trgm_idx  (cost=0.00..199.33 rows=19245 width=0) (actual time=196.066..196.067 rows=284024 loops=1)
                     Index Cond: (contents ~ 'fmt\.Error'::text)
 Planning Time: 28.340 ms
 Execution Time: 964.224 ms
(10 rows)

Time: 994.023 ms
TIME:14:20:03
query: EXPLAIN ANALYZE select count(id) from (select id from files where contents ~ 'fmt\.Error' limit 100) as e;
Timing is on.
                                                                        QUERY PLAN                                                                         
-----------------------------------------------------------------------------------------------------------------------------------------------------------
 Aggregate  (cost=314.15..314.16 rows=1 width=8) (actual time=986.811..986.812 rows=1 loops=1)
   ->  Limit  (cost=204.15..312.90 rows=100 width=8) (actual time=415.189..986.776 rows=100 loops=1)
         ->  Bitmap Heap Scan on files  (cost=204.15..21133.72 rows=19245 width=8) (actual time=415.188..986.738 rows=100 loops=1)
               Recheck Cond: (contents ~ 'fmt\.Error'::text)
               Rows Removed by Index Recheck: 1251
               Heap Blocks: exact=747
               ->  Bitmap Index Scan on files_contents_trgm_idx  (cost=0.00..199.33 rows=19245 width=0) (actual time=212.135..212.135 rows=284024 loops=1)
                     Index Cond: (contents ~ 'fmt\.Error'::text)
 Planning Time: 28.572 ms
 Execution Time: 989.465 ms
(10 rows)

Time: 1019.378 ms (00:01.019)
TIME:14:20:04
query: EXPLAIN ANALYZE select count(id) from (select id from files where contents ~ 'fmt\.Error' limit 100) as e;
Timing is on.
                                                                        QUERY PLAN                                                                         
-----------------------------------------------------------------------------------------------------------------------------------------------------------
 Aggregate  (cost=314.15..314.16 rows=1 width=8) (actual time=982.039..982.040 rows=1 loops=1)
   ->  Limit  (cost=204.15..312.90 rows=100 width=8) (actual time=407.954..981.991 rows=100 loops=1)
         ->  Bitmap Heap Scan on files  (cost=204.15..21133.72 rows=19245 width=8) (actual time=407.952..981.966 rows=100 loops=1)
               Recheck Cond: (contents ~ 'fmt\.Error'::text)
               Rows Removed by Index Recheck: 1251
               Heap Blocks: exact=747
               ->  Bitmap Index Scan on files_contents_trgm_idx  (cost=0.00..199.33 rows=19245 width=0) (actual time=212.350..212.350 rows=284024 loops=1)
                     Index Cond: (contents ~ 'fmt\.Error'::text)
 Planning Time: 28.150 ms
 Execution Time: 984.910 ms
(10 rows)

Time: 1014.385 ms (00:01.014)
TIME:14:20:05
query: EXPLAIN ANALYZE select count(id) from (select id from files where contents ~ 'fmt\.Error' limit 100) as e;
Timing is on.
                                                                        QUERY PLAN                                                                         
-----------------------------------------------------------------------------------------------------------------------------------------------------------
 Aggregate  (cost=314.15..314.16 rows=1 width=8) (actual time=979.566..979.568 rows=1 loops=1)
   ->  Limit  (cost=204.15..312.90 rows=100 width=8) (actual time=402.420..979.518 rows=100 loops=1)
         ->  Bitmap Heap Scan on files  (cost=204.15..21133.72 rows=19245 width=8) (actual time=402.419..979.496 rows=100 loops=1)
               Recheck Cond: (contents ~ 'fmt\.Error'::text)
               Rows Removed by Index Recheck: 1251
               Heap Blocks: exact=747
               ->  Bitmap Index Scan on files_contents_trgm_idx  (cost=0.00..199.33 rows=19245 width=0) (actual time=193.685..193.686 rows=284024 loops=1)
                     Index Cond: (contents ~ 'fmt\.Error'::text)
 Planning Time: 28.110 ms
 Execution Time: 982.482 ms
(10 rows)

Time: 1012.003 ms (00:01.012)
TIME:14:20:06
query: EXPLAIN ANALYZE select count(id) from (select id from files where contents ~ 'fmt\.Error' limit 100) as e;
Timing is on.
                                                                        QUERY PLAN                                                                         
-----------------------------------------------------------------------------------------------------------------------------------------------------------
 Aggregate  (cost=314.15..314.16 rows=1 width=8) (actual time=952.245..952.246 rows=1 loops=1)
   ->  Limit  (cost=204.15..312.90 rows=100 width=8) (actual time=385.945..952.208 rows=100 loops=1)
         ->  Bitmap Heap Scan on files  (cost=204.15..21133.72 rows=19245 width=8) (actual time=385.944..952.182 rows=100 loops=1)
               Recheck Cond: (contents ~ 'fmt\.Error'::text)
               Rows Removed by Index Recheck: 1251
               Heap Blocks: exact=747
               ->  Bitmap Index Scan on files_contents_trgm_idx  (cost=0.00..199.33 rows=19245 width=0) (actual time=191.505..191.506 rows=284024 loops=1)
                     Index Cond: (contents ~ 'fmt\.Error'::text)
 Planning Time: 30.399 ms
 Execution Time: 955.172 ms
(10 rows)

Time: 987.224 ms
TIME:14:20:07
query: EXPLAIN ANALYZE select count(id) from (select id from files where contents ~ 'fmt\.Error' limit 100) as e;
Timing is on.
                                                                        QUERY PLAN                                                                         
-----------------------------------------------------------------------------------------------------------------------------------------------------------
 Aggregate  (cost=314.15..314.16 rows=1 width=8) (actual time=1110.735..1110.736 rows=1 loops=1)
   ->  Limit  (cost=204.15..312.90 rows=100 width=8) (actual time=455.588..1110.671 rows=100 loops=1)
         ->  Bitmap Heap Scan on files  (cost=204.15..21133.72 rows=19245 width=8) (actual time=455.587..1110.608 rows=100 loops=1)
               Recheck Cond: (contents ~ 'fmt\.Error'::text)
               Rows Removed by Index Recheck: 1251
               Heap Blocks: exact=747
               ->  Bitmap Index Scan on files_contents_trgm_idx  (cost=0.00..199.33 rows=19245 width=0) (actual time=228.466..228.467 rows=284024 loops=1)
                     Index Cond: (contents ~ 'fmt\.Error'::text)
 Planning Time: 33.661 ms
 Execution Time: 1114.419 ms
(10 rows)

Time: 1149.895 ms (00:01.150)
TIME:14:20:09
query: EXPLAIN ANALYZE select count(id) from (select id from files where contents ~ 'fmt\.Error' limit 100) as e;
Timing is on.
                                                                        QUERY PLAN                                                                         
-----------------------------------------------------------------------------------------------------------------------------------------------------------
 Aggregate  (cost=314.15..314.16 rows=1 width=8) (actual time=957.901..957.902 rows=1 loops=1)
   ->  Limit  (cost=204.15..312.90 rows=100 width=8) (actual time=390.280..957.866 rows=100 loops=1)
         ->  Bitmap Heap Scan on files  (cost=204.15..21133.72 rows=19245 width=8) (actual time=390.278..957.842 rows=100 loops=1)
               Recheck Cond: (contents ~ 'fmt\.Error'::text)
               Rows Removed by Index Recheck: 1251
               Heap Blocks: exact=747
               ->  Bitmap Index Scan on files_contents_trgm_idx  (cost=0.00..199.33 rows=19245 width=0) (actual time=196.636..196.636 rows=284024 loops=1)
                     Index Cond: (contents ~ 'fmt\.Error'::text)
 Planning Time: 32.990 ms
 Execution Time: 960.685 ms
(10 rows)

Time: 995.515 ms
TIME:14:20:10
query: EXPLAIN ANALYZE select count(id) from (select id from files where contents ~ 'fmt\.Error' limit 100) as e;
Timing is on.
                                                                        QUERY PLAN                                                                         
-----------------------------------------------------------------------------------------------------------------------------------------------------------
 Aggregate  (cost=314.15..314.16 rows=1 width=8) (actual time=982.141..982.142 rows=1 loops=1)
   ->  Limit  (cost=204.15..312.90 rows=100 width=8) (actual time=390.633..982.091 rows=100 loops=1)
         ->  Bitmap Heap Scan on files  (cost=204.15..21133.72 rows=19245 width=8) (actual time=390.632..982.065 rows=100 loops=1)
               Recheck Cond: (contents ~ 'fmt\.Error'::text)
               Rows Removed by Index Recheck: 1251
               Heap Blocks: exact=747
               ->  Bitmap Index Scan on files_contents_trgm_idx  (cost=0.00..199.33 rows=19245 width=0) (actual time=194.538..194.538 rows=284024 loops=1)
                     Index Cond: (contents ~ 'fmt\.Error'::text)
 Planning Time: 28.548 ms
 Execution Time: 985.101 ms
(10 rows)

Time: 1015.018 ms (00:01.015)
TIME:14:20:11
query: EXPLAIN ANALYZE select count(id) from (select id from files where contents ~ 'fmt\.Error' limit 100) as e;
Timing is on.
                                                                        QUERY PLAN                                                                         
-----------------------------------------------------------------------------------------------------------------------------------------------------------
 Aggregate  (cost=314.15..314.16 rows=1 width=8) (actual time=957.959..957.960 rows=1 loops=1)
   ->  Limit  (cost=204.15..312.90 rows=100 width=8) (actual time=392.645..957.924 rows=100 loops=1)
         ->  Bitmap Heap Scan on files  (cost=204.15..21133.72 rows=19245 width=8) (actual time=392.644..957.866 rows=100 loops=1)
               Recheck Cond: (contents ~ 'fmt\.Error'::text)
               Rows Removed by Index Recheck: 1251
               Heap Blocks: exact=747
               ->  Bitmap Index Scan on files_contents_trgm_idx  (cost=0.00..199.33 rows=19245 width=0) (actual time=197.199..197.199 rows=284024 loops=1)
                     Index Cond: (contents ~ 'fmt\.Error'::text)
 Planning Time: 29.365 ms
 Execution Time: 960.844 ms
(10 rows)

Time: 991.625 ms
TIME:14:20:12
query: EXPLAIN ANALYZE select count(id) from (select id from files where contents ~ 'fmt\.Error' limit 100) as e;
Timing is on.
                                                                        QUERY PLAN                                                                         
-----------------------------------------------------------------------------------------------------------------------------------------------------------
 Aggregate  (cost=314.15..314.16 rows=1 width=8) (actual time=1020.243..1020.268 rows=1 loops=1)
   ->  Limit  (cost=204.15..312.90 rows=100 width=8) (actual time=421.115..1020.207 rows=100 loops=1)
         ->  Bitmap Heap Scan on files  (cost=204.15..21133.72 rows=19245 width=8) (actual time=421.113..1020.182 rows=100 loops=1)
               Recheck Cond: (contents ~ 'fmt\.Error'::text)
               Rows Removed by Index Recheck: 1251
               Heap Blocks: exact=747
               ->  Bitmap Index Scan on files_contents_trgm_idx  (cost=0.00..199.33 rows=19245 width=0) (actual time=216.801..216.802 rows=284024 loops=1)
                     Index Cond: (contents ~ 'fmt\.Error'::text)
 Planning Time: 32.206 ms
 Execution Time: 1023.173 ms
(10 rows)

Time: 1057.232 ms (00:01.057)
limit 100: 'error'
TIME:14:20:14
query: EXPLAIN ANALYZE select count(id) from (select id from files where contents ~ 'error' limit 100) as e;
Timing is on.
                                                       QUERY PLAN                                                        
-------------------------------------------------------------------------------------------------------------------------
 Aggregate  (cost=233.17..233.18 rows=1 width=8) (actual time=17.800..17.801 rows=1 loops=1)
   ->  Limit  (cost=0.00..231.92 rows=100 width=8) (actual time=0.261..17.738 rows=100 loops=1)
         ->  Seq Scan on files  (cost=0.00..1075530.95 rows=463753 width=8) (actual time=0.260..17.721 rows=100 loops=1)
               Filter: (contents ~ 'error'::text)
               Rows Removed by Filter: 36
 Planning Time: 28.358 ms
 Execution Time: 17.831 ms
(7 rows)

Time: 47.567 ms
TIME:14:20:14
query: EXPLAIN ANALYZE select count(id) from (select id from files where contents ~ 'error' limit 100) as e;
Timing is on.
                                                       QUERY PLAN                                                        
-------------------------------------------------------------------------------------------------------------------------
 Aggregate  (cost=233.17..233.18 rows=1 width=8) (actual time=18.964..18.966 rows=1 loops=1)
   ->  Limit  (cost=0.00..231.92 rows=100 width=8) (actual time=0.555..18.918 rows=100 loops=1)
         ->  Seq Scan on files  (cost=0.00..1075530.95 rows=463753 width=8) (actual time=0.553..18.898 rows=100 loops=1)
               Filter: (contents ~ 'error'::text)
               Rows Removed by Filter: 35
 Planning Time: 28.121 ms
 Execution Time: 18.998 ms
(7 rows)

Time: 48.310 ms
TIME:14:20:14
query: EXPLAIN ANALYZE select count(id) from (select id from files where contents ~ 'error' limit 100) as e;
Timing is on.
                                                       QUERY PLAN                                                        
-------------------------------------------------------------------------------------------------------------------------
 Aggregate  (cost=233.17..233.18 rows=1 width=8) (actual time=20.245..20.247 rows=1 loops=1)
   ->  Limit  (cost=0.00..231.92 rows=100 width=8) (actual time=0.358..20.218 rows=100 loops=1)
         ->  Seq Scan on files  (cost=0.00..1075530.95 rows=463753 width=8) (actual time=0.358..20.181 rows=100 loops=1)
               Filter: (contents ~ 'error'::text)
               Rows Removed by Filter: 23
 Planning Time: 28.438 ms
 Execution Time: 20.294 ms
(7 rows)

Time: 49.968 ms
TIME:14:20:15
query: EXPLAIN ANALYZE select count(id) from (select id from files where contents ~ 'error' limit 100) as e;
Timing is on.
                                                       QUERY PLAN                                                        
-------------------------------------------------------------------------------------------------------------------------
 Aggregate  (cost=233.17..233.18 rows=1 width=8) (actual time=26.808..26.810 rows=1 loops=1)
   ->  Limit  (cost=0.00..231.92 rows=100 width=8) (actual time=0.454..26.773 rows=100 loops=1)
         ->  Seq Scan on files  (cost=0.00..1075530.95 rows=463753 width=8) (actual time=0.453..26.753 rows=100 loops=1)
               Filter: (contents ~ 'error'::text)
               Rows Removed by Filter: 38
 Planning Time: 27.863 ms
 Execution Time: 26.838 ms
(7 rows)

Time: 55.850 ms
TIME:14:20:15
query: EXPLAIN ANALYZE select count(id) from (select id from files where contents ~ 'error' limit 100) as e;
Timing is on.
                                                       QUERY PLAN                                                        
-------------------------------------------------------------------------------------------------------------------------
 Aggregate  (cost=233.17..233.18 rows=1 width=8) (actual time=25.544..25.546 rows=1 loops=1)
   ->  Limit  (cost=0.00..231.92 rows=100 width=8) (actual time=0.417..25.504 rows=100 loops=1)
         ->  Seq Scan on files  (cost=0.00..1075530.95 rows=463753 width=8) (actual time=0.416..25.480 rows=100 loops=1)
               Filter: (contents ~ 'error'::text)
               Rows Removed by Filter: 43
 Planning Time: 26.748 ms
 Execution Time: 25.574 ms
(7 rows)

Time: 53.599 ms
TIME:14:20:15
query: EXPLAIN ANALYZE select count(id) from (select id from files where contents ~ 'error' limit 100) as e;
Timing is on.
                                                       QUERY PLAN                                                        
-------------------------------------------------------------------------------------------------------------------------
 Aggregate  (cost=233.17..233.18 rows=1 width=8) (actual time=16.194..16.195 rows=1 loops=1)
   ->  Limit  (cost=0.00..231.92 rows=100 width=8) (actual time=0.404..16.161 rows=100 loops=1)
         ->  Seq Scan on files  (cost=0.00..1075530.95 rows=463753 width=8) (actual time=0.403..16.139 rows=100 loops=1)
               Filter: (contents ~ 'error'::text)
               Rows Removed by Filter: 43
 Planning Time: 28.782 ms
 Execution Time: 16.228 ms
(7 rows)

Time: 46.409 ms
TIME:14:20:15
query: EXPLAIN ANALYZE select count(id) from (select id from files where contents ~ 'error' limit 100) as e;
Timing is on.
                                                       QUERY PLAN                                                        
-------------------------------------------------------------------------------------------------------------------------
 Aggregate  (cost=233.17..233.18 rows=1 width=8) (actual time=16.057..16.058 rows=1 loops=1)
   ->  Limit  (cost=0.00..231.92 rows=100 width=8) (actual time=0.424..16.022 rows=100 loops=1)
         ->  Seq Scan on files  (cost=0.00..1075530.95 rows=463753 width=8) (actual time=0.423..15.985 rows=100 loops=1)
               Filter: (contents ~ 'error'::text)
               Rows Removed by Filter: 43
 Planning Time: 29.201 ms
 Execution Time: 16.089 ms
(7 rows)

Time: 46.922 ms
TIME:14:20:16
query: EXPLAIN ANALYZE select count(id) from (select id from files where contents ~ 'error' limit 100) as e;
Timing is on.
                                                       QUERY PLAN                                                        
-------------------------------------------------------------------------------------------------------------------------
 Aggregate  (cost=233.17..233.18 rows=1 width=8) (actual time=15.941..15.942 rows=1 loops=1)
   ->  Limit  (cost=0.00..231.92 rows=100 width=8) (actual time=0.366..15.893 rows=100 loops=1)
         ->  Seq Scan on files  (cost=0.00..1075530.95 rows=463753 width=8) (actual time=0.365..15.858 rows=100 loops=1)
               Filter: (contents ~ 'error'::text)
               Rows Removed by Filter: 43
 Planning Time: 28.254 ms
 Execution Time: 15.973 ms
(7 rows)

Time: 45.688 ms
TIME:14:20:16
query: EXPLAIN ANALYZE select count(id) from (select id from files where contents ~ 'error' limit 100) as e;
Timing is on.
                                                       QUERY PLAN                                                        
-------------------------------------------------------------------------------------------------------------------------
 Aggregate  (cost=233.17..233.18 rows=1 width=8) (actual time=16.331..16.332 rows=1 loops=1)
   ->  Limit  (cost=0.00..231.92 rows=100 width=8) (actual time=0.471..16.281 rows=100 loops=1)
         ->  Seq Scan on files  (cost=0.00..1075530.95 rows=463753 width=8) (actual time=0.470..16.243 rows=100 loops=1)
               Filter: (contents ~ 'error'::text)
               Rows Removed by Filter: 43
 Planning Time: 27.778 ms
 Execution Time: 16.362 ms
(7 rows)

Time: 45.396 ms
TIME:14:20:16
query: EXPLAIN ANALYZE select count(id) from (select id from files where contents ~ 'error' limit 100) as e;
Timing is on.
                                                       QUERY PLAN                                                        
-------------------------------------------------------------------------------------------------------------------------
 Aggregate  (cost=233.17..233.18 rows=1 width=8) (actual time=17.288..17.289 rows=1 loops=1)
   ->  Limit  (cost=0.00..231.92 rows=100 width=8) (actual time=0.580..17.243 rows=100 loops=1)
         ->  Seq Scan on files  (cost=0.00..1075530.95 rows=463753 width=8) (actual time=0.579..17.224 rows=100 loops=1)
               Filter: (contents ~ 'error'::text)
               Rows Removed by Filter: 43
 Planning Time: 30.386 ms
 Execution Time: 17.333 ms
(7 rows)

Time: 49.135 ms
TIME:14:20:16
query: EXPLAIN ANALYZE select count(id) from (select id from files where contents ~ 'error' limit 100) as e;
Timing is on.
                                                       QUERY PLAN                                                        
-------------------------------------------------------------------------------------------------------------------------
 Aggregate  (cost=233.17..233.18 rows=1 width=8) (actual time=16.525..16.526 rows=1 loops=1)
   ->  Limit  (cost=0.00..231.92 rows=100 width=8) (actual time=0.441..16.473 rows=100 loops=1)
         ->  Seq Scan on files  (cost=0.00..1075530.95 rows=463753 width=8) (actual time=0.440..16.437 rows=100 loops=1)
               Filter: (contents ~ 'error'::text)
               Rows Removed by Filter: 43
 Planning Time: 27.853 ms
 Execution Time: 16.572 ms
(7 rows)

Time: 45.823 ms
TIME:14:20:17
query: EXPLAIN ANALYZE select count(id) from (select id from files where contents ~ 'error' limit 100) as e;
Timing is on.
                                                       QUERY PLAN                                                        
-------------------------------------------------------------------------------------------------------------------------
 Aggregate  (cost=233.17..233.18 rows=1 width=8) (actual time=15.472..15.473 rows=1 loops=1)
   ->  Limit  (cost=0.00..231.92 rows=100 width=8) (actual time=0.427..15.441 rows=100 loops=1)
         ->  Seq Scan on files  (cost=0.00..1075530.95 rows=463753 width=8) (actual time=0.426..15.419 rows=100 loops=1)
               Filter: (contents ~ 'error'::text)
               Rows Removed by Filter: 43
 Planning Time: 27.624 ms
 Execution Time: 15.505 ms
(7 rows)

Time: 44.357 ms
TIME:14:20:17
query: EXPLAIN ANALYZE select count(id) from (select id from files where contents ~ 'error' limit 100) as e;
Timing is on.
                                                       QUERY PLAN                                                        
-------------------------------------------------------------------------------------------------------------------------
 Aggregate  (cost=233.17..233.18 rows=1 width=8) (actual time=15.998..15.999 rows=1 loops=1)
   ->  Limit  (cost=0.00..231.92 rows=100 width=8) (actual time=0.439..15.964 rows=100 loops=1)
         ->  Seq Scan on files  (cost=0.00..1075530.95 rows=463753 width=8) (actual time=0.438..15.930 rows=100 loops=1)
               Filter: (contents ~ 'error'::text)
               Rows Removed by Filter: 43
 Planning Time: 28.065 ms
 Execution Time: 16.047 ms
(7 rows)

Time: 45.362 ms
TIME:14:20:17
query: EXPLAIN ANALYZE select count(id) from (select id from files where contents ~ 'error' limit 100) as e;
Timing is on.
                                                       QUERY PLAN                                                        
-------------------------------------------------------------------------------------------------------------------------
 Aggregate  (cost=233.17..233.18 rows=1 width=8) (actual time=15.777..15.778 rows=1 loops=1)
   ->  Limit  (cost=0.00..231.92 rows=100 width=8) (actual time=0.347..15.745 rows=100 loops=1)
         ->  Seq Scan on files  (cost=0.00..1075530.95 rows=463753 width=8) (actual time=0.346..15.725 rows=100 loops=1)
               Filter: (contents ~ 'error'::text)
               Rows Removed by Filter: 43
 Planning Time: 28.583 ms
 Execution Time: 15.842 ms
(7 rows)

Time: 45.810 ms
TIME:14:20:17
query: EXPLAIN ANALYZE select count(id) from (select id from files where contents ~ 'error' limit 100) as e;
Timing is on.
                                                       QUERY PLAN                                                        
-------------------------------------------------------------------------------------------------------------------------
 Aggregate  (cost=233.17..233.18 rows=1 width=8) (actual time=16.650..16.651 rows=1 loops=1)
   ->  Limit  (cost=0.00..231.92 rows=100 width=8) (actual time=0.371..16.618 rows=100 loops=1)
         ->  Seq Scan on files  (cost=0.00..1075530.95 rows=463753 width=8) (actual time=0.370..16.597 rows=100 loops=1)
               Filter: (contents ~ 'error'::text)
               Rows Removed by Filter: 43
 Planning Time: 28.648 ms
 Execution Time: 16.683 ms
(7 rows)

Time: 46.728 ms
TIME:14:20:18
query: EXPLAIN ANALYZE select count(id) from (select id from files where contents ~ 'error' limit 100) as e;
Timing is on.
                                                       QUERY PLAN                                                        
-------------------------------------------------------------------------------------------------------------------------
 Aggregate  (cost=233.17..233.18 rows=1 width=8) (actual time=16.261..16.262 rows=1 loops=1)
   ->  Limit  (cost=0.00..231.92 rows=100 width=8) (actual time=0.488..16.227 rows=100 loops=1)
         ->  Seq Scan on files  (cost=0.00..1075530.95 rows=463753 width=8) (actual time=0.487..16.205 rows=100 loops=1)
               Filter: (contents ~ 'error'::text)
               Rows Removed by Filter: 43
 Planning Time: 27.617 ms
 Execution Time: 16.292 ms
(7 rows)

Time: 45.277 ms
TIME:14:20:18
query: EXPLAIN ANALYZE select count(id) from (select id from files where contents ~ 'error' limit 100) as e;
Timing is on.
                                                       QUERY PLAN                                                        
-------------------------------------------------------------------------------------------------------------------------
 Aggregate  (cost=233.17..233.18 rows=1 width=8) (actual time=17.385..17.387 rows=1 loops=1)
   ->  Limit  (cost=0.00..231.92 rows=100 width=8) (actual time=0.484..17.351 rows=100 loops=1)
         ->  Seq Scan on files  (cost=0.00..1075530.95 rows=463753 width=8) (actual time=0.483..17.329 rows=100 loops=1)
               Filter: (contents ~ 'error'::text)
               Rows Removed by Filter: 43
 Planning Time: 27.963 ms
 Execution Time: 17.417 ms
(7 rows)

Time: 46.794 ms
TIME:14:20:18
query: EXPLAIN ANALYZE select count(id) from (select id from files where contents ~ 'error' limit 100) as e;
Timing is on.
                                                       QUERY PLAN                                                        
-------------------------------------------------------------------------------------------------------------------------
 Aggregate  (cost=233.17..233.18 rows=1 width=8) (actual time=15.492..15.495 rows=1 loops=1)
   ->  Limit  (cost=0.00..231.92 rows=100 width=8) (actual time=0.359..15.444 rows=100 loops=1)
         ->  Seq Scan on files  (cost=0.00..1075530.95 rows=463753 width=8) (actual time=0.358..15.410 rows=100 loops=1)
               Filter: (contents ~ 'error'::text)
               Rows Removed by Filter: 43
 Planning Time: 27.148 ms
 Execution Time: 15.526 ms
(7 rows)

Time: 44.082 ms
TIME:14:20:19
query: EXPLAIN ANALYZE select count(id) from (select id from files where contents ~ 'error' limit 100) as e;
Timing is on.
                                                       QUERY PLAN                                                        
-------------------------------------------------------------------------------------------------------------------------
 Aggregate  (cost=233.17..233.18 rows=1 width=8) (actual time=15.958..15.959 rows=1 loops=1)
   ->  Limit  (cost=0.00..231.92 rows=100 width=8) (actual time=0.499..15.924 rows=100 loops=1)
         ->  Seq Scan on files  (cost=0.00..1075530.95 rows=463753 width=8) (actual time=0.498..15.904 rows=100 loops=1)
               Filter: (contents ~ 'error'::text)
               Rows Removed by Filter: 43
 Planning Time: 27.617 ms
 Execution Time: 16.007 ms
(7 rows)

Time: 45.152 ms
TIME:14:20:19
query: EXPLAIN ANALYZE select count(id) from (select id from files where contents ~ 'error' limit 100) as e;
Timing is on.
                                                       QUERY PLAN                                                        
-------------------------------------------------------------------------------------------------------------------------
 Aggregate  (cost=233.17..233.18 rows=1 width=8) (actual time=16.560..16.561 rows=1 loops=1)
   ->  Limit  (cost=0.00..231.92 rows=100 width=8) (actual time=0.566..16.524 rows=100 loops=1)
         ->  Seq Scan on files  (cost=0.00..1075530.95 rows=463753 width=8) (actual time=0.565..16.500 rows=100 loops=1)
               Filter: (contents ~ 'error'::text)
               Rows Removed by Filter: 43
 Planning Time: 29.418 ms
 Execution Time: 16.605 ms
(7 rows)

Time: 47.462 ms
TIME:14:20:19
query: EXPLAIN ANALYZE select count(id) from (select id from files where contents ~ 'error' limit 100) as e;
Timing is on.
                                                       QUERY PLAN                                                        
-------------------------------------------------------------------------------------------------------------------------
 Aggregate  (cost=233.17..233.18 rows=1 width=8) (actual time=16.282..16.283 rows=1 loops=1)
   ->  Limit  (cost=0.00..231.92 rows=100 width=8) (actual time=0.542..16.232 rows=100 loops=1)
         ->  Seq Scan on files  (cost=0.00..1075530.95 rows=463753 width=8) (actual time=0.541..16.202 rows=100 loops=1)
               Filter: (contents ~ 'error'::text)
               Rows Removed by Filter: 43
 Planning Time: 29.198 ms
 Execution Time: 16.343 ms
(7 rows)

Time: 46.937 ms
TIME:14:20:19
query: EXPLAIN ANALYZE select count(id) from (select id from files where contents ~ 'error' limit 100) as e;
Timing is on.
                                                       QUERY PLAN                                                        
-------------------------------------------------------------------------------------------------------------------------
 Aggregate  (cost=233.17..233.18 rows=1 width=8) (actual time=16.128..16.129 rows=1 loops=1)
   ->  Limit  (cost=0.00..231.92 rows=100 width=8) (actual time=0.464..16.079 rows=100 loops=1)
         ->  Seq Scan on files  (cost=0.00..1075530.95 rows=463753 width=8) (actual time=0.463..16.044 rows=100 loops=1)
               Filter: (contents ~ 'error'::text)
               Rows Removed by Filter: 43
 Planning Time: 28.463 ms
 Execution Time: 16.159 ms
(7 rows)

Time: 46.074 ms
TIME:14:20:20
query: EXPLAIN ANALYZE select count(id) from (select id from files where contents ~ 'error' limit 100) as e;
Timing is on.
                                                       QUERY PLAN                                                        
-------------------------------------------------------------------------------------------------------------------------
 Aggregate  (cost=233.17..233.18 rows=1 width=8) (actual time=17.929..17.930 rows=1 loops=1)
   ->  Limit  (cost=0.00..231.92 rows=100 width=8) (actual time=0.646..17.895 rows=100 loops=1)
         ->  Seq Scan on files  (cost=0.00..1075530.95 rows=463753 width=8) (actual time=0.645..17.872 rows=100 loops=1)
               Filter: (contents ~ 'error'::text)
               Rows Removed by Filter: 43
 Planning Time: 29.214 ms
 Execution Time: 17.976 ms
(7 rows)

Time: 48.765 ms
TIME:14:20:20
query: EXPLAIN ANALYZE select count(id) from (select id from files where contents ~ 'error' limit 100) as e;
Timing is on.
                                                       QUERY PLAN                                                        
-------------------------------------------------------------------------------------------------------------------------
 Aggregate  (cost=233.17..233.18 rows=1 width=8) (actual time=17.429..17.431 rows=1 loops=1)
   ->  Limit  (cost=0.00..231.92 rows=100 width=8) (actual time=0.420..17.394 rows=100 loops=1)
         ->  Seq Scan on files  (cost=0.00..1075530.95 rows=463753 width=8) (actual time=0.419..17.373 rows=100 loops=1)
               Filter: (contents ~ 'error'::text)
               Rows Removed by Filter: 43
 Planning Time: 27.920 ms
 Execution Time: 17.461 ms
(7 rows)

Time: 46.971 ms
TIME:14:20:20
query: EXPLAIN ANALYZE select count(id) from (select id from files where contents ~ 'error' limit 100) as e;
Timing is on.
                                                       QUERY PLAN                                                        
-------------------------------------------------------------------------------------------------------------------------
 Aggregate  (cost=233.17..233.18 rows=1 width=8) (actual time=15.986..15.987 rows=1 loops=1)
   ->  Limit  (cost=0.00..231.92 rows=100 width=8) (actual time=0.299..15.918 rows=100 loops=1)
         ->  Seq Scan on files  (cost=0.00..1075530.95 rows=463753 width=8) (actual time=0.298..15.898 rows=100 loops=1)
               Filter: (contents ~ 'error'::text)
               Rows Removed by Filter: 43
 Planning Time: 29.098 ms
 Execution Time: 16.036 ms
(7 rows)

Time: 46.797 ms
TIME:14:20:20
query: EXPLAIN ANALYZE select count(id) from (select id from files where contents ~ 'error' limit 100) as e;
Timing is on.
                                                       QUERY PLAN                                                        
-------------------------------------------------------------------------------------------------------------------------
 Aggregate  (cost=233.17..233.18 rows=1 width=8) (actual time=16.357..16.358 rows=1 loops=1)
   ->  Limit  (cost=0.00..231.92 rows=100 width=8) (actual time=0.480..16.306 rows=100 loops=1)
         ->  Seq Scan on files  (cost=0.00..1075530.95 rows=463753 width=8) (actual time=0.479..16.283 rows=100 loops=1)
               Filter: (contents ~ 'error'::text)
               Rows Removed by Filter: 43
 Planning Time: 28.515 ms
 Execution Time: 16.389 ms
(7 rows)

Time: 46.293 ms
TIME:14:20:21
query: EXPLAIN ANALYZE select count(id) from (select id from files where contents ~ 'error' limit 100) as e;
Timing is on.
                                                       QUERY PLAN                                                        
-------------------------------------------------------------------------------------------------------------------------
 Aggregate  (cost=233.17..233.18 rows=1 width=8) (actual time=15.597..15.598 rows=1 loops=1)
   ->  Limit  (cost=0.00..231.92 rows=100 width=8) (actual time=0.418..15.566 rows=100 loops=1)
         ->  Seq Scan on files  (cost=0.00..1075530.95 rows=463753 width=8) (actual time=0.417..15.545 rows=100 loops=1)
               Filter: (contents ~ 'error'::text)
               Rows Removed by Filter: 43
 Planning Time: 27.872 ms
 Execution Time: 15.630 ms
(7 rows)

Time: 45.173 ms
TIME:14:20:21
query: EXPLAIN ANALYZE select count(id) from (select id from files where contents ~ 'error' limit 100) as e;
Timing is on.
                                                       QUERY PLAN                                                        
-------------------------------------------------------------------------------------------------------------------------
 Aggregate  (cost=233.17..233.18 rows=1 width=8) (actual time=16.540..16.542 rows=1 loops=1)
   ->  Limit  (cost=0.00..231.92 rows=100 width=8) (actual time=0.450..16.477 rows=100 loops=1)
         ->  Seq Scan on files  (cost=0.00..1075530.95 rows=463753 width=8) (actual time=0.449..16.455 rows=100 loops=1)
               Filter: (contents ~ 'error'::text)
               Rows Removed by Filter: 43
 Planning Time: 28.150 ms
 Execution Time: 16.592 ms
(7 rows)

Time: 45.991 ms
TIME:14:20:21
query: EXPLAIN ANALYZE select count(id) from (select id from files where contents ~ 'error' limit 100) as e;
Timing is on.
                                                       QUERY PLAN                                                        
-------------------------------------------------------------------------------------------------------------------------
 Aggregate  (cost=233.17..233.18 rows=1 width=8) (actual time=16.647..16.648 rows=1 loops=1)
   ->  Limit  (cost=0.00..231.92 rows=100 width=8) (actual time=0.454..16.598 rows=100 loops=1)
         ->  Seq Scan on files  (cost=0.00..1075530.95 rows=463753 width=8) (actual time=0.453..16.559 rows=100 loops=1)
               Filter: (contents ~ 'error'::text)
               Rows Removed by Filter: 43
 Planning Time: 28.015 ms
 Execution Time: 16.728 ms
(7 rows)

Time: 46.085 ms
TIME:14:20:21
query: EXPLAIN ANALYZE select count(id) from (select id from files where contents ~ 'error' limit 100) as e;
Timing is on.
                                                       QUERY PLAN                                                        
-------------------------------------------------------------------------------------------------------------------------
 Aggregate  (cost=233.17..233.18 rows=1 width=8) (actual time=16.742..16.743 rows=1 loops=1)
   ->  Limit  (cost=0.00..231.92 rows=100 width=8) (actual time=0.500..16.694 rows=100 loops=1)
         ->  Seq Scan on files  (cost=0.00..1075530.95 rows=463753 width=8) (actual time=0.499..16.673 rows=100 loops=1)
               Filter: (contents ~ 'error'::text)
               Rows Removed by Filter: 43
 Planning Time: 31.041 ms
 Execution Time: 16.790 ms
(7 rows)

Time: 49.592 ms
TIME:14:20:22
query: EXPLAIN ANALYZE select count(id) from (select id from files where contents ~ 'error' limit 100) as e;
Timing is on.
                                                       QUERY PLAN                                                        
-------------------------------------------------------------------------------------------------------------------------
 Aggregate  (cost=233.17..233.18 rows=1 width=8) (actual time=17.536..17.537 rows=1 loops=1)
   ->  Limit  (cost=0.00..231.92 rows=100 width=8) (actual time=0.491..17.500 rows=100 loops=1)
         ->  Seq Scan on files  (cost=0.00..1075530.95 rows=463753 width=8) (actual time=0.489..17.479 rows=100 loops=1)
               Filter: (contents ~ 'error'::text)
               Rows Removed by Filter: 43
 Planning Time: 30.408 ms
 Execution Time: 17.585 ms
(7 rows)

Time: 49.498 ms
TIME:14:20:22
query: EXPLAIN ANALYZE select count(id) from (select id from files where contents ~ 'error' limit 100) as e;
Timing is on.
                                                       QUERY PLAN                                                        
-------------------------------------------------------------------------------------------------------------------------
 Aggregate  (cost=233.17..233.18 rows=1 width=8) (actual time=16.909..16.910 rows=1 loops=1)
   ->  Limit  (cost=0.00..231.92 rows=100 width=8) (actual time=0.496..16.875 rows=100 loops=1)
         ->  Seq Scan on files  (cost=0.00..1075530.95 rows=463753 width=8) (actual time=0.496..16.853 rows=100 loops=1)
               Filter: (contents ~ 'error'::text)
               Rows Removed by Filter: 43
 Planning Time: 28.152 ms
 Execution Time: 16.943 ms
(7 rows)

Time: 46.597 ms
TIME:14:20:22
query: EXPLAIN ANALYZE select count(id) from (select id from files where contents ~ 'error' limit 100) as e;
Timing is on.
                                                       QUERY PLAN                                                        
-------------------------------------------------------------------------------------------------------------------------
 Aggregate  (cost=233.17..233.18 rows=1 width=8) (actual time=17.118..17.119 rows=1 loops=1)
   ->  Limit  (cost=0.00..231.92 rows=100 width=8) (actual time=0.310..17.082 rows=100 loops=1)
         ->  Seq Scan on files  (cost=0.00..1075530.95 rows=463753 width=8) (actual time=0.309..17.047 rows=100 loops=1)
               Filter: (contents ~ 'error'::text)
               Rows Removed by Filter: 43
 Planning Time: 31.689 ms
 Execution Time: 17.151 ms
(7 rows)

Time: 50.235 ms
TIME:14:20:22
query: EXPLAIN ANALYZE select count(id) from (select id from files where contents ~ 'error' limit 100) as e;
Timing is on.
                                                       QUERY PLAN                                                        
-------------------------------------------------------------------------------------------------------------------------
 Aggregate  (cost=233.17..233.18 rows=1 width=8) (actual time=16.699..16.701 rows=1 loops=1)
   ->  Limit  (cost=0.00..231.92 rows=100 width=8) (actual time=0.359..16.668 rows=100 loops=1)
         ->  Seq Scan on files  (cost=0.00..1075530.95 rows=463753 width=8) (actual time=0.358..16.646 rows=100 loops=1)
               Filter: (contents ~ 'error'::text)
               Rows Removed by Filter: 43
 Planning Time: 28.029 ms
 Execution Time: 16.745 ms
(7 rows)

Time: 45.993 ms
TIME:14:20:23
query: EXPLAIN ANALYZE select count(id) from (select id from files where contents ~ 'error' limit 100) as e;
Timing is on.
                                                       QUERY PLAN                                                        
-------------------------------------------------------------------------------------------------------------------------
 Aggregate  (cost=233.17..233.18 rows=1 width=8) (actual time=16.656..16.658 rows=1 loops=1)
   ->  Limit  (cost=0.00..231.92 rows=100 width=8) (actual time=0.635..16.623 rows=100 loops=1)
         ->  Seq Scan on files  (cost=0.00..1075530.95 rows=463753 width=8) (actual time=0.634..16.600 rows=100 loops=1)
               Filter: (contents ~ 'error'::text)
               Rows Removed by Filter: 43
 Planning Time: 28.871 ms
 Execution Time: 16.688 ms
(7 rows)

Time: 46.772 ms
TIME:14:20:23
query: EXPLAIN ANALYZE select count(id) from (select id from files where contents ~ 'error' limit 100) as e;
Timing is on.
                                                       QUERY PLAN                                                        
-------------------------------------------------------------------------------------------------------------------------
 Aggregate  (cost=233.17..233.18 rows=1 width=8) (actual time=16.735..16.736 rows=1 loops=1)
   ->  Limit  (cost=0.00..231.92 rows=100 width=8) (actual time=0.703..16.678 rows=100 loops=1)
         ->  Seq Scan on files  (cost=0.00..1075530.95 rows=463753 width=8) (actual time=0.701..16.656 rows=100 loops=1)
               Filter: (contents ~ 'error'::text)
               Rows Removed by Filter: 43
 Planning Time: 28.526 ms
 Execution Time: 16.769 ms
(7 rows)

Time: 46.767 ms
TIME:14:20:23
query: EXPLAIN ANALYZE select count(id) from (select id from files where contents ~ 'error' limit 100) as e;
Timing is on.
                                                       QUERY PLAN                                                        
-------------------------------------------------------------------------------------------------------------------------
 Aggregate  (cost=233.17..233.18 rows=1 width=8) (actual time=17.832..17.833 rows=1 loops=1)
   ->  Limit  (cost=0.00..231.92 rows=100 width=8) (actual time=0.342..17.796 rows=100 loops=1)
         ->  Seq Scan on files  (cost=0.00..1075530.95 rows=463753 width=8) (actual time=0.341..17.771 rows=100 loops=1)
               Filter: (contents ~ 'error'::text)
               Rows Removed by Filter: 43
 Planning Time: 31.071 ms
 Execution Time: 17.884 ms
(7 rows)

Time: 50.398 ms
TIME:14:20:24
query: EXPLAIN ANALYZE select count(id) from (select id from files where contents ~ 'error' limit 100) as e;
Timing is on.
                                                       QUERY PLAN                                                        
-------------------------------------------------------------------------------------------------------------------------
 Aggregate  (cost=233.17..233.18 rows=1 width=8) (actual time=16.071..16.072 rows=1 loops=1)
   ->  Limit  (cost=0.00..231.92 rows=100 width=8) (actual time=0.444..15.989 rows=100 loops=1)
         ->  Seq Scan on files  (cost=0.00..1075530.95 rows=463753 width=8) (actual time=0.443..15.938 rows=100 loops=1)
               Filter: (contents ~ 'error'::text)
               Rows Removed by Filter: 43
 Planning Time: 27.983 ms
 Execution Time: 16.101 ms
(7 rows)

Time: 45.293 ms
TIME:14:20:24
query: EXPLAIN ANALYZE select count(id) from (select id from files where contents ~ 'error' limit 100) as e;
Timing is on.
                                                       QUERY PLAN                                                        
-------------------------------------------------------------------------------------------------------------------------
 Aggregate  (cost=233.17..233.18 rows=1 width=8) (actual time=17.037..17.038 rows=1 loops=1)
   ->  Limit  (cost=0.00..231.92 rows=100 width=8) (actual time=0.465..16.973 rows=100 loops=1)
         ->  Seq Scan on files  (cost=0.00..1075530.95 rows=463753 width=8) (actual time=0.464..16.951 rows=100 loops=1)
               Filter: (contents ~ 'error'::text)
               Rows Removed by Filter: 43
 Planning Time: 28.477 ms
 Execution Time: 17.072 ms
(7 rows)

Time: 46.867 ms
TIME:14:20:24
query: EXPLAIN ANALYZE select count(id) from (select id from files where contents ~ 'error' limit 100) as e;
Timing is on.
                                                       QUERY PLAN                                                        
-------------------------------------------------------------------------------------------------------------------------
 Aggregate  (cost=233.17..233.18 rows=1 width=8) (actual time=16.647..16.648 rows=1 loops=1)
   ->  Limit  (cost=0.00..231.92 rows=100 width=8) (actual time=0.484..16.615 rows=100 loops=1)
         ->  Seq Scan on files  (cost=0.00..1075530.95 rows=463753 width=8) (actual time=0.483..16.594 rows=100 loops=1)
               Filter: (contents ~ 'error'::text)
               Rows Removed by Filter: 43
 Planning Time: 30.386 ms
 Execution Time: 16.700 ms
(7 rows)

Time: 49.154 ms
TIME:14:20:24
query: EXPLAIN ANALYZE select count(id) from (select id from files where contents ~ 'error' limit 100) as e;
Timing is on.
                                                       QUERY PLAN                                                        
-------------------------------------------------------------------------------------------------------------------------
 Aggregate  (cost=233.17..233.18 rows=1 width=8) (actual time=16.869..16.870 rows=1 loops=1)
   ->  Limit  (cost=0.00..231.92 rows=100 width=8) (actual time=0.676..16.837 rows=100 loops=1)
         ->  Seq Scan on files  (cost=0.00..1075530.95 rows=463753 width=8) (actual time=0.675..16.816 rows=100 loops=1)
               Filter: (contents ~ 'error'::text)
               Rows Removed by Filter: 43
 Planning Time: 28.146 ms
 Execution Time: 16.902 ms
(7 rows)

Time: 46.732 ms
TIME:14:20:25
query: EXPLAIN ANALYZE select count(id) from (select id from files where contents ~ 'error' limit 100) as e;
Timing is on.
                                                       QUERY PLAN                                                        
-------------------------------------------------------------------------------------------------------------------------
 Aggregate  (cost=233.17..233.18 rows=1 width=8) (actual time=15.988..15.989 rows=1 loops=1)
   ->  Limit  (cost=0.00..231.92 rows=100 width=8) (actual time=0.465..15.954 rows=100 loops=1)
         ->  Seq Scan on files  (cost=0.00..1075530.95 rows=463753 width=8) (actual time=0.464..15.931 rows=100 loops=1)
               Filter: (contents ~ 'error'::text)
               Rows Removed by Filter: 43
 Planning Time: 29.994 ms
 Execution Time: 16.019 ms
(7 rows)

Time: 47.363 ms
TIME:14:20:25
query: EXPLAIN ANALYZE select count(id) from (select id from files where contents ~ 'error' limit 100) as e;
Timing is on.
                                                       QUERY PLAN                                                        
-------------------------------------------------------------------------------------------------------------------------
 Aggregate  (cost=233.17..233.18 rows=1 width=8) (actual time=16.964..16.965 rows=1 loops=1)
   ->  Limit  (cost=0.00..231.92 rows=100 width=8) (actual time=0.417..16.933 rows=100 loops=1)
         ->  Seq Scan on files  (cost=0.00..1075530.95 rows=463753 width=8) (actual time=0.416..16.911 rows=100 loops=1)
               Filter: (contents ~ 'error'::text)
               Rows Removed by Filter: 43
 Planning Time: 29.832 ms
 Execution Time: 16.997 ms
(7 rows)

Time: 48.199 ms
TIME:14:20:25
query: EXPLAIN ANALYZE select count(id) from (select id from files where contents ~ 'error' limit 100) as e;
Timing is on.
                                                       QUERY PLAN                                                        
-------------------------------------------------------------------------------------------------------------------------
 Aggregate  (cost=233.17..233.18 rows=1 width=8) (actual time=15.861..15.862 rows=1 loops=1)
   ->  Limit  (cost=0.00..231.92 rows=100 width=8) (actual time=0.429..15.830 rows=100 loops=1)
         ->  Seq Scan on files  (cost=0.00..1075530.95 rows=463753 width=8) (actual time=0.428..15.809 rows=100 loops=1)
               Filter: (contents ~ 'error'::text)
               Rows Removed by Filter: 43
 Planning Time: 28.333 ms
 Execution Time: 15.925 ms
(7 rows)

Time: 45.669 ms
TIME:14:20:25
query: EXPLAIN ANALYZE select count(id) from (select id from files where contents ~ 'error' limit 100) as e;
Timing is on.
                                                       QUERY PLAN                                                        
-------------------------------------------------------------------------------------------------------------------------
 Aggregate  (cost=233.17..233.18 rows=1 width=8) (actual time=16.804..16.805 rows=1 loops=1)
   ->  Limit  (cost=0.00..231.92 rows=100 width=8) (actual time=0.354..16.771 rows=100 loops=1)
         ->  Seq Scan on files  (cost=0.00..1075530.95 rows=463753 width=8) (actual time=0.353..16.748 rows=100 loops=1)
               Filter: (contents ~ 'error'::text)
               Rows Removed by Filter: 43
 Planning Time: 30.608 ms
 Execution Time: 16.837 ms
(7 rows)

Time: 48.838 ms
TIME:14:20:26
query: EXPLAIN ANALYZE select count(id) from (select id from files where contents ~ 'error' limit 100) as e;
Timing is on.
                                                       QUERY PLAN                                                        
-------------------------------------------------------------------------------------------------------------------------
 Aggregate  (cost=233.17..233.18 rows=1 width=8) (actual time=17.729..17.730 rows=1 loops=1)
   ->  Limit  (cost=0.00..231.92 rows=100 width=8) (actual time=0.442..17.694 rows=100 loops=1)
         ->  Seq Scan on files  (cost=0.00..1075530.95 rows=463753 width=8) (actual time=0.441..17.653 rows=100 loops=1)
               Filter: (contents ~ 'error'::text)
               Rows Removed by Filter: 43
 Planning Time: 31.508 ms
 Execution Time: 17.762 ms
(7 rows)

Time: 50.599 ms
TIME:14:20:26
query: EXPLAIN ANALYZE select count(id) from (select id from files where contents ~ 'error' limit 100) as e;
Timing is on.
                                                       QUERY PLAN                                                        
-------------------------------------------------------------------------------------------------------------------------
 Aggregate  (cost=233.17..233.18 rows=1 width=8) (actual time=15.901..15.902 rows=1 loops=1)
   ->  Limit  (cost=0.00..231.92 rows=100 width=8) (actual time=0.390..15.840 rows=100 loops=1)
         ->  Seq Scan on files  (cost=0.00..1075530.95 rows=463753 width=8) (actual time=0.389..15.819 rows=100 loops=1)
               Filter: (contents ~ 'error'::text)
               Rows Removed by Filter: 43
 Planning Time: 28.098 ms
 Execution Time: 15.978 ms
(7 rows)

Time: 45.393 ms
TIME:14:20:26
query: EXPLAIN ANALYZE select count(id) from (select id from files where contents ~ 'error' limit 100) as e;
Timing is on.
                                                       QUERY PLAN                                                        
-------------------------------------------------------------------------------------------------------------------------
 Aggregate  (cost=233.17..233.18 rows=1 width=8) (actual time=16.126..16.127 rows=1 loops=1)
   ->  Limit  (cost=0.00..231.92 rows=100 width=8) (actual time=0.412..16.028 rows=100 loops=1)
         ->  Seq Scan on files  (cost=0.00..1075530.95 rows=463753 width=8) (actual time=0.411..16.007 rows=100 loops=1)
               Filter: (contents ~ 'error'::text)
               Rows Removed by Filter: 43
 Planning Time: 29.425 ms
 Execution Time: 16.209 ms
(7 rows)

Time: 46.977 ms
TIME:14:20:26
query: EXPLAIN ANALYZE select count(id) from (select id from files where contents ~ 'error' limit 100) as e;
Timing is on.
                                                       QUERY PLAN                                                        
-------------------------------------------------------------------------------------------------------------------------
 Aggregate  (cost=233.17..233.18 rows=1 width=8) (actual time=17.715..17.716 rows=1 loops=1)
   ->  Limit  (cost=0.00..231.92 rows=100 width=8) (actual time=0.452..17.681 rows=100 loops=1)
         ->  Seq Scan on files  (cost=0.00..1075530.95 rows=463753 width=8) (actual time=0.451..17.646 rows=100 loops=1)
               Filter: (contents ~ 'error'::text)
               Rows Removed by Filter: 43
 Planning Time: 29.202 ms
 Execution Time: 17.746 ms
(7 rows)

Time: 48.205 ms
TIME:14:20:27
query: EXPLAIN ANALYZE select count(id) from (select id from files where contents ~ 'error' limit 100) as e;
Timing is on.
                                                       QUERY PLAN                                                        
-------------------------------------------------------------------------------------------------------------------------
 Aggregate  (cost=233.17..233.18 rows=1 width=8) (actual time=16.467..16.475 rows=1 loops=1)
   ->  Limit  (cost=0.00..231.92 rows=100 width=8) (actual time=0.391..16.423 rows=100 loops=1)
         ->  Seq Scan on files  (cost=0.00..1075530.95 rows=463753 width=8) (actual time=0.390..16.388 rows=100 loops=1)
               Filter: (contents ~ 'error'::text)
               Rows Removed by Filter: 43
 Planning Time: 29.221 ms
 Execution Time: 16.518 ms
(7 rows)

Time: 47.284 ms
TIME:14:20:27
query: EXPLAIN ANALYZE select count(id) from (select id from files where contents ~ 'error' limit 100) as e;
Timing is on.
                                                       QUERY PLAN                                                        
-------------------------------------------------------------------------------------------------------------------------
 Aggregate  (cost=233.17..233.18 rows=1 width=8) (actual time=16.220..16.221 rows=1 loops=1)
   ->  Limit  (cost=0.00..231.92 rows=100 width=8) (actual time=0.444..16.172 rows=100 loops=1)
         ->  Seq Scan on files  (cost=0.00..1075530.95 rows=463753 width=8) (actual time=0.443..16.152 rows=100 loops=1)
               Filter: (contents ~ 'error'::text)
               Rows Removed by Filter: 43
 Planning Time: 28.914 ms
 Execution Time: 16.253 ms
(7 rows)

Time: 46.688 ms
TIME:14:20:27
query: EXPLAIN ANALYZE select count(id) from (select id from files where contents ~ 'error' limit 100) as e;
Timing is on.
                                                       QUERY PLAN                                                        
-------------------------------------------------------------------------------------------------------------------------
 Aggregate  (cost=233.17..233.18 rows=1 width=8) (actual time=16.163..16.164 rows=1 loops=1)
   ->  Limit  (cost=0.00..231.92 rows=100 width=8) (actual time=0.373..16.115 rows=100 loops=1)
         ->  Seq Scan on files  (cost=0.00..1075530.95 rows=463753 width=8) (actual time=0.372..16.095 rows=100 loops=1)
               Filter: (contents ~ 'error'::text)
               Rows Removed by Filter: 43
 Planning Time: 30.347 ms
 Execution Time: 16.196 ms
(7 rows)

Time: 47.958 ms
TIME:14:20:28
query: EXPLAIN ANALYZE select count(id) from (select id from files where contents ~ 'error' limit 100) as e;
Timing is on.
                                                       QUERY PLAN                                                        
-------------------------------------------------------------------------------------------------------------------------
 Aggregate  (cost=233.17..233.18 rows=1 width=8) (actual time=15.942..15.943 rows=1 loops=1)
   ->  Limit  (cost=0.00..231.92 rows=100 width=8) (actual time=0.502..15.911 rows=100 loops=1)
         ->  Seq Scan on files  (cost=0.00..1075530.95 rows=463753 width=8) (actual time=0.501..15.890 rows=100 loops=1)
               Filter: (contents ~ 'error'::text)
               Rows Removed by Filter: 43
 Planning Time: 28.417 ms
 Execution Time: 16.007 ms
(7 rows)

Time: 45.730 ms
TIME:14:20:28
query: EXPLAIN ANALYZE select count(id) from (select id from files where contents ~ 'error' limit 100) as e;
Timing is on.
                                                       QUERY PLAN                                                        
-------------------------------------------------------------------------------------------------------------------------
 Aggregate  (cost=233.17..233.18 rows=1 width=8) (actual time=17.917..17.918 rows=1 loops=1)
   ->  Limit  (cost=0.00..231.92 rows=100 width=8) (actual time=0.427..17.881 rows=100 loops=1)
         ->  Seq Scan on files  (cost=0.00..1075530.95 rows=463753 width=8) (actual time=0.426..17.825 rows=100 loops=1)
               Filter: (contents ~ 'error'::text)
               Rows Removed by Filter: 43
 Planning Time: 29.973 ms
 Execution Time: 17.950 ms
(7 rows)

Time: 49.234 ms
TIME:14:20:28
query: EXPLAIN ANALYZE select count(id) from (select id from files where contents ~ 'error' limit 100) as e;
Timing is on.
                                                       QUERY PLAN                                                        
-------------------------------------------------------------------------------------------------------------------------
 Aggregate  (cost=233.17..233.18 rows=1 width=8) (actual time=16.062..16.063 rows=1 loops=1)
   ->  Limit  (cost=0.00..231.92 rows=100 width=8) (actual time=0.411..16.026 rows=100 loops=1)
         ->  Seq Scan on files  (cost=0.00..1075530.95 rows=463753 width=8) (actual time=0.410..16.005 rows=100 loops=1)
               Filter: (contents ~ 'error'::text)
               Rows Removed by Filter: 43
 Planning Time: 27.402 ms
 Execution Time: 16.093 ms
(7 rows)

Time: 44.857 ms
TIME:14:20:28
query: EXPLAIN ANALYZE select count(id) from (select id from files where contents ~ 'error' limit 100) as e;
Timing is on.
                                                       QUERY PLAN                                                        
-------------------------------------------------------------------------------------------------------------------------
 Aggregate  (cost=233.17..233.18 rows=1 width=8) (actual time=17.451..17.452 rows=1 loops=1)
   ->  Limit  (cost=0.00..231.92 rows=100 width=8) (actual time=0.443..17.415 rows=100 loops=1)
         ->  Seq Scan on files  (cost=0.00..1075530.95 rows=463753 width=8) (actual time=0.442..17.380 rows=100 loops=1)
               Filter: (contents ~ 'error'::text)
               Rows Removed by Filter: 43
 Planning Time: 29.016 ms
 Execution Time: 17.502 ms
(7 rows)

Time: 47.828 ms
TIME:14:20:29
query: EXPLAIN ANALYZE select count(id) from (select id from files where contents ~ 'error' limit 100) as e;
Timing is on.
                                                       QUERY PLAN                                                        
-------------------------------------------------------------------------------------------------------------------------
 Aggregate  (cost=233.17..233.18 rows=1 width=8) (actual time=16.294..16.295 rows=1 loops=1)
   ->  Limit  (cost=0.00..231.92 rows=100 width=8) (actual time=0.480..16.247 rows=100 loops=1)
         ->  Seq Scan on files  (cost=0.00..1075530.95 rows=463753 width=8) (actual time=0.479..16.226 rows=100 loops=1)
               Filter: (contents ~ 'error'::text)
               Rows Removed by Filter: 43
 Planning Time: 28.095 ms
 Execution Time: 16.344 ms
(7 rows)

Time: 45.824 ms
TIME:14:20:29
query: EXPLAIN ANALYZE select count(id) from (select id from files where contents ~ 'error' limit 100) as e;
Timing is on.
                                                       QUERY PLAN                                                        
-------------------------------------------------------------------------------------------------------------------------
 Aggregate  (cost=233.17..233.18 rows=1 width=8) (actual time=17.175..17.176 rows=1 loops=1)
   ->  Limit  (cost=0.00..231.92 rows=100 width=8) (actual time=0.584..17.103 rows=100 loops=1)
         ->  Seq Scan on files  (cost=0.00..1075530.95 rows=463753 width=8) (actual time=0.583..17.081 rows=100 loops=1)
               Filter: (contents ~ 'error'::text)
               Rows Removed by Filter: 43
 Planning Time: 28.578 ms
 Execution Time: 17.255 ms
(7 rows)

Time: 47.302 ms
TIME:14:20:29
query: EXPLAIN ANALYZE select count(id) from (select id from files where contents ~ 'error' limit 100) as e;
Timing is on.
                                                       QUERY PLAN                                                        
-------------------------------------------------------------------------------------------------------------------------
 Aggregate  (cost=233.17..233.18 rows=1 width=8) (actual time=16.060..16.061 rows=1 loops=1)
   ->  Limit  (cost=0.00..231.92 rows=100 width=8) (actual time=0.382..16.026 rows=100 loops=1)
         ->  Seq Scan on files  (cost=0.00..1075530.95 rows=463753 width=8) (actual time=0.381..15.991 rows=100 loops=1)
               Filter: (contents ~ 'error'::text)
               Rows Removed by Filter: 43
 Planning Time: 27.302 ms
 Execution Time: 16.091 ms
(7 rows)

Time: 44.780 ms
TIME:14:20:29
query: EXPLAIN ANALYZE select count(id) from (select id from files where contents ~ 'error' limit 100) as e;
Timing is on.
                                                       QUERY PLAN                                                        
-------------------------------------------------------------------------------------------------------------------------
 Aggregate  (cost=233.17..233.18 rows=1 width=8) (actual time=16.959..16.960 rows=1 loops=1)
   ->  Limit  (cost=0.00..231.92 rows=100 width=8) (actual time=0.642..16.925 rows=100 loops=1)
         ->  Seq Scan on files  (cost=0.00..1075530.95 rows=463753 width=8) (actual time=0.640..16.902 rows=100 loops=1)
               Filter: (contents ~ 'error'::text)
               Rows Removed by Filter: 43
 Planning Time: 33.573 ms
 Execution Time: 17.031 ms
(7 rows)

Time: 51.929 ms
TIME:14:20:30
query: EXPLAIN ANALYZE select count(id) from (select id from files where contents ~ 'error' limit 100) as e;
Timing is on.
                                                       QUERY PLAN                                                        
-------------------------------------------------------------------------------------------------------------------------
 Aggregate  (cost=233.17..233.18 rows=1 width=8) (actual time=15.965..15.967 rows=1 loops=1)
   ->  Limit  (cost=0.00..231.92 rows=100 width=8) (actual time=0.479..15.932 rows=100 loops=1)
         ->  Seq Scan on files  (cost=0.00..1075530.95 rows=463753 width=8) (actual time=0.478..15.894 rows=100 loops=1)
               Filter: (contents ~ 'error'::text)
               Rows Removed by Filter: 43
 Planning Time: 27.926 ms
 Execution Time: 16.014 ms
(7 rows)

Time: 45.368 ms
TIME:14:20:30
query: EXPLAIN ANALYZE select count(id) from (select id from files where contents ~ 'error' limit 100) as e;
Timing is on.
                                                       QUERY PLAN                                                        
-------------------------------------------------------------------------------------------------------------------------
 Aggregate  (cost=233.17..233.18 rows=1 width=8) (actual time=16.167..16.168 rows=1 loops=1)
   ->  Limit  (cost=0.00..231.92 rows=100 width=8) (actual time=0.437..16.122 rows=100 loops=1)
         ->  Seq Scan on files  (cost=0.00..1075530.95 rows=463753 width=8) (actual time=0.436..16.099 rows=100 loops=1)
               Filter: (contents ~ 'error'::text)
               Rows Removed by Filter: 43
 Planning Time: 28.099 ms
 Execution Time: 16.215 ms
(7 rows)

Time: 45.614 ms
TIME:14:20:30
query: EXPLAIN ANALYZE select count(id) from (select id from files where contents ~ 'error' limit 100) as e;
Timing is on.
                                                       QUERY PLAN                                                        
-------------------------------------------------------------------------------------------------------------------------
 Aggregate  (cost=233.17..233.18 rows=1 width=8) (actual time=18.218..18.219 rows=1 loops=1)
   ->  Limit  (cost=0.00..231.92 rows=100 width=8) (actual time=2.236..18.168 rows=100 loops=1)
         ->  Seq Scan on files  (cost=0.00..1075530.95 rows=463753 width=8) (actual time=2.235..18.146 rows=100 loops=1)
               Filter: (contents ~ 'error'::text)
               Rows Removed by Filter: 43
 Planning Time: 28.976 ms
 Execution Time: 18.265 ms
(7 rows)

Time: 48.740 ms
TIME:14:20:30
query: EXPLAIN ANALYZE select count(id) from (select id from files where contents ~ 'error' limit 100) as e;
Timing is on.
                                                       QUERY PLAN                                                        
-------------------------------------------------------------------------------------------------------------------------
 Aggregate  (cost=233.17..233.18 rows=1 width=8) (actual time=16.219..16.221 rows=1 loops=1)
   ->  Limit  (cost=0.00..231.92 rows=100 width=8) (actual time=0.786..16.171 rows=100 loops=1)
         ->  Seq Scan on files  (cost=0.00..1075530.95 rows=463753 width=8) (actual time=0.784..16.150 rows=100 loops=1)
               Filter: (contents ~ 'error'::text)
               Rows Removed by Filter: 43
 Planning Time: 36.362 ms
 Execution Time: 16.261 ms
(7 rows)

Time: 54.006 ms
TIME:14:20:31
query: EXPLAIN ANALYZE select count(id) from (select id from files where contents ~ 'error' limit 100) as e;
Timing is on.
                                                       QUERY PLAN                                                        
-------------------------------------------------------------------------------------------------------------------------
 Aggregate  (cost=233.17..233.18 rows=1 width=8) (actual time=16.029..16.030 rows=1 loops=1)
   ->  Limit  (cost=0.00..231.92 rows=100 width=8) (actual time=0.419..15.978 rows=100 loops=1)
         ->  Seq Scan on files  (cost=0.00..1075530.95 rows=463753 width=8) (actual time=0.418..15.954 rows=100 loops=1)
               Filter: (contents ~ 'error'::text)
               Rows Removed by Filter: 43
 Planning Time: 27.647 ms
 Execution Time: 16.134 ms
(7 rows)

Time: 45.061 ms
TIME:14:20:31
query: EXPLAIN ANALYZE select count(id) from (select id from files where contents ~ 'error' limit 100) as e;
Timing is on.
                                                       QUERY PLAN                                                        
-------------------------------------------------------------------------------------------------------------------------
 Aggregate  (cost=233.17..233.18 rows=1 width=8) (actual time=16.616..16.634 rows=1 loops=1)
   ->  Limit  (cost=0.00..231.92 rows=100 width=8) (actual time=0.409..16.586 rows=100 loops=1)
         ->  Seq Scan on files  (cost=0.00..1075530.95 rows=463753 width=8) (actual time=0.408..16.564 rows=100 loops=1)
               Filter: (contents ~ 'error'::text)
               Rows Removed by Filter: 43
 Planning Time: 29.942 ms
 Execution Time: 16.664 ms
(7 rows)

Time: 47.966 ms
TIME:14:20:31
query: EXPLAIN ANALYZE select count(id) from (select id from files where contents ~ 'error' limit 100) as e;
Timing is on.
                                                       QUERY PLAN                                                        
-------------------------------------------------------------------------------------------------------------------------
 Aggregate  (cost=233.17..233.18 rows=1 width=8) (actual time=15.827..15.828 rows=1 loops=1)
   ->  Limit  (cost=0.00..231.92 rows=100 width=8) (actual time=0.375..15.778 rows=100 loops=1)
         ->  Seq Scan on files  (cost=0.00..1075530.95 rows=463753 width=8) (actual time=0.374..15.755 rows=100 loops=1)
               Filter: (contents ~ 'error'::text)
               Rows Removed by Filter: 43
 Planning Time: 27.798 ms
 Execution Time: 15.872 ms
(7 rows)

Time: 45.031 ms
TIME:14:20:32
query: EXPLAIN ANALYZE select count(id) from (select id from files where contents ~ 'error' limit 100) as e;
Timing is on.
                                                       QUERY PLAN                                                        
-------------------------------------------------------------------------------------------------------------------------
 Aggregate  (cost=233.17..233.18 rows=1 width=8) (actual time=16.582..16.583 rows=1 loops=1)
   ->  Limit  (cost=0.00..231.92 rows=100 width=8) (actual time=0.543..16.535 rows=100 loops=1)
         ->  Seq Scan on files  (cost=0.00..1075530.95 rows=463753 width=8) (actual time=0.542..16.501 rows=100 loops=1)
               Filter: (contents ~ 'error'::text)
               Rows Removed by Filter: 43
 Planning Time: 28.916 ms
 Execution Time: 16.696 ms
(7 rows)

Time: 46.893 ms
TIME:14:20:32
query: EXPLAIN ANALYZE select count(id) from (select id from files where contents ~ 'error' limit 100) as e;
Timing is on.
                                                       QUERY PLAN                                                        
-------------------------------------------------------------------------------------------------------------------------
 Aggregate  (cost=233.17..233.18 rows=1 width=8) (actual time=17.108..17.109 rows=1 loops=1)
   ->  Limit  (cost=0.00..231.92 rows=100 width=8) (actual time=0.384..17.071 rows=100 loops=1)
         ->  Seq Scan on files  (cost=0.00..1075530.95 rows=463753 width=8) (actual time=0.383..17.031 rows=100 loops=1)
               Filter: (contents ~ 'error'::text)
               Rows Removed by Filter: 43
 Planning Time: 28.806 ms
 Execution Time: 17.205 ms
(7 rows)

Time: 47.630 ms
TIME:14:20:32
query: EXPLAIN ANALYZE select count(id) from (select id from files where contents ~ 'error' limit 100) as e;
Timing is on.
                                                       QUERY PLAN                                                        
-------------------------------------------------------------------------------------------------------------------------
 Aggregate  (cost=233.17..233.18 rows=1 width=8) (actual time=16.558..16.559 rows=1 loops=1)
   ->  Limit  (cost=0.00..231.92 rows=100 width=8) (actual time=0.528..16.522 rows=100 loops=1)
         ->  Seq Scan on files  (cost=0.00..1075530.95 rows=463753 width=8) (actual time=0.527..16.484 rows=100 loops=1)
               Filter: (contents ~ 'error'::text)
               Rows Removed by Filter: 43
 Planning Time: 28.461 ms
 Execution Time: 16.607 ms
(7 rows)

Time: 46.434 ms
TIME:14:20:32
query: EXPLAIN ANALYZE select count(id) from (select id from files where contents ~ 'error' limit 100) as e;
Timing is on.
                                                       QUERY PLAN                                                        
-------------------------------------------------------------------------------------------------------------------------
 Aggregate  (cost=233.17..233.18 rows=1 width=8) (actual time=16.088..16.089 rows=1 loops=1)
   ->  Limit  (cost=0.00..231.92 rows=100 width=8) (actual time=0.376..16.026 rows=100 loops=1)
         ->  Seq Scan on files  (cost=0.00..1075530.95 rows=463753 width=8) (actual time=0.374..16.003 rows=100 loops=1)
               Filter: (contents ~ 'error'::text)
               Rows Removed by Filter: 43
 Planning Time: 28.639 ms
 Execution Time: 16.119 ms
(7 rows)

Time: 46.070 ms
TIME:14:20:33
query: EXPLAIN ANALYZE select count(id) from (select id from files where contents ~ 'error' limit 100) as e;
Timing is on.
                                                       QUERY PLAN                                                        
-------------------------------------------------------------------------------------------------------------------------
 Aggregate  (cost=233.17..233.18 rows=1 width=8) (actual time=16.618..16.619 rows=1 loops=1)
   ->  Limit  (cost=0.00..231.92 rows=100 width=8) (actual time=0.562..16.583 rows=100 loops=1)
         ->  Seq Scan on files  (cost=0.00..1075530.95 rows=463753 width=8) (actual time=0.561..16.561 rows=100 loops=1)
               Filter: (contents ~ 'error'::text)
               Rows Removed by Filter: 43
 Planning Time: 28.247 ms
 Execution Time: 16.649 ms
(7 rows)

Time: 46.079 ms
TIME:14:20:33
query: EXPLAIN ANALYZE select count(id) from (select id from files where contents ~ 'error' limit 100) as e;
Timing is on.
                                                       QUERY PLAN                                                        
-------------------------------------------------------------------------------------------------------------------------
 Aggregate  (cost=233.17..233.18 rows=1 width=8) (actual time=16.699..16.700 rows=1 loops=1)
   ->  Limit  (cost=0.00..231.92 rows=100 width=8) (actual time=0.309..16.654 rows=100 loops=1)
         ->  Seq Scan on files  (cost=0.00..1075530.95 rows=463753 width=8) (actual time=0.308..16.632 rows=100 loops=1)
               Filter: (contents ~ 'error'::text)
               Rows Removed by Filter: 43
 Planning Time: 29.138 ms
 Execution Time: 16.778 ms
(7 rows)

Time: 47.281 ms
TIME:14:20:33
query: EXPLAIN ANALYZE select count(id) from (select id from files where contents ~ 'error' limit 100) as e;
Timing is on.
                                                       QUERY PLAN                                                        
-------------------------------------------------------------------------------------------------------------------------
 Aggregate  (cost=233.17..233.18 rows=1 width=8) (actual time=15.906..15.907 rows=1 loops=1)
   ->  Limit  (cost=0.00..231.92 rows=100 width=8) (actual time=0.413..15.844 rows=100 loops=1)
         ->  Seq Scan on files  (cost=0.00..1075530.95 rows=463753 width=8) (actual time=0.412..15.821 rows=100 loops=1)
               Filter: (contents ~ 'error'::text)
               Rows Removed by Filter: 43
 Planning Time: 27.241 ms
 Execution Time: 15.936 ms
(7 rows)

Time: 44.431 ms
TIME:14:20:33
query: EXPLAIN ANALYZE select count(id) from (select id from files where contents ~ 'error' limit 100) as e;
Timing is on.
                                                       QUERY PLAN                                                        
-------------------------------------------------------------------------------------------------------------------------
 Aggregate  (cost=233.17..233.18 rows=1 width=8) (actual time=18.047..18.048 rows=1 loops=1)
   ->  Limit  (cost=0.00..231.92 rows=100 width=8) (actual time=0.430..18.010 rows=100 loops=1)
         ->  Seq Scan on files  (cost=0.00..1075530.95 rows=463753 width=8) (actual time=0.429..17.953 rows=100 loops=1)
               Filter: (contents ~ 'error'::text)
               Rows Removed by Filter: 43
 Planning Time: 32.123 ms
 Execution Time: 18.131 ms
(7 rows)

Time: 51.830 ms
TIME:14:20:34
query: EXPLAIN ANALYZE select count(id) from (select id from files where contents ~ 'error' limit 100) as e;
Timing is on.
                                                       QUERY PLAN                                                        
-------------------------------------------------------------------------------------------------------------------------
 Aggregate  (cost=233.17..233.18 rows=1 width=8) (actual time=15.836..15.837 rows=1 loops=1)
   ->  Limit  (cost=0.00..231.92 rows=100 width=8) (actual time=0.446..15.787 rows=100 loops=1)
         ->  Seq Scan on files  (cost=0.00..1075530.95 rows=463753 width=8) (actual time=0.445..15.752 rows=100 loops=1)
               Filter: (contents ~ 'error'::text)
               Rows Removed by Filter: 43
 Planning Time: 28.614 ms
 Execution Time: 15.868 ms
(7 rows)

Time: 45.887 ms
TIME:14:20:34
query: EXPLAIN ANALYZE select count(id) from (select id from files where contents ~ 'error' limit 100) as e;
Timing is on.
                                                       QUERY PLAN                                                        
-------------------------------------------------------------------------------------------------------------------------
 Aggregate  (cost=233.17..233.18 rows=1 width=8) (actual time=17.525..17.526 rows=1 loops=1)
   ->  Limit  (cost=0.00..231.92 rows=100 width=8) (actual time=0.370..17.490 rows=100 loops=1)
         ->  Seq Scan on files  (cost=0.00..1075530.95 rows=463753 width=8) (actual time=0.369..17.438 rows=100 loops=1)
               Filter: (contents ~ 'error'::text)
               Rows Removed by Filter: 43
 Planning Time: 28.821 ms
 Execution Time: 17.556 ms
(7 rows)

Time: 47.673 ms
TIME:14:20:34
query: EXPLAIN ANALYZE select count(id) from (select id from files where contents ~ 'error' limit 100) as e;
Timing is on.
                                                       QUERY PLAN                                                        
-------------------------------------------------------------------------------------------------------------------------
 Aggregate  (cost=233.17..233.18 rows=1 width=8) (actual time=17.605..17.607 rows=1 loops=1)
   ->  Limit  (cost=0.00..231.92 rows=100 width=8) (actual time=0.347..17.539 rows=100 loops=1)
         ->  Seq Scan on files  (cost=0.00..1075530.95 rows=463753 width=8) (actual time=0.346..17.517 rows=100 loops=1)
               Filter: (contents ~ 'error'::text)
               Rows Removed by Filter: 43
 Planning Time: 30.834 ms
 Execution Time: 17.640 ms
(7 rows)

Time: 49.807 ms
TIME:14:20:34
query: EXPLAIN ANALYZE select count(id) from (select id from files where contents ~ 'error' limit 100) as e;
Timing is on.
                                                       QUERY PLAN                                                        
-------------------------------------------------------------------------------------------------------------------------
 Aggregate  (cost=233.17..233.18 rows=1 width=8) (actual time=16.230..16.231 rows=1 loops=1)
   ->  Limit  (cost=0.00..231.92 rows=100 width=8) (actual time=0.388..16.181 rows=100 loops=1)
         ->  Seq Scan on files  (cost=0.00..1075530.95 rows=463753 width=8) (actual time=0.387..16.125 rows=100 loops=1)
               Filter: (contents ~ 'error'::text)
               Rows Removed by Filter: 43
 Planning Time: 28.713 ms
 Execution Time: 16.278 ms
(7 rows)

Time: 46.510 ms
TIME:14:20:35
query: EXPLAIN ANALYZE select count(id) from (select id from files where contents ~ 'error' limit 100) as e;
Timing is on.
                                                       QUERY PLAN                                                        
-------------------------------------------------------------------------------------------------------------------------
 Aggregate  (cost=233.17..233.18 rows=1 width=8) (actual time=16.763..16.764 rows=1 loops=1)
   ->  Limit  (cost=0.00..231.92 rows=100 width=8) (actual time=0.329..16.666 rows=100 loops=1)
         ->  Seq Scan on files  (cost=0.00..1075530.95 rows=463753 width=8) (actual time=0.328..16.643 rows=100 loops=1)
               Filter: (contents ~ 'error'::text)
               Rows Removed by Filter: 43
 Planning Time: 29.445 ms
 Execution Time: 16.810 ms
(7 rows)

Time: 47.579 ms
TIME:14:20:36
query: EXPLAIN ANALYZE select count(id) from (select id from files where contents ~ 'error' limit 100) as e;
Timing is on.
                                                       QUERY PLAN                                                        
-------------------------------------------------------------------------------------------------------------------------
 Aggregate  (cost=233.17..233.18 rows=1 width=8) (actual time=16.064..16.081 rows=1 loops=1)
   ->  Limit  (cost=0.00..231.92 rows=100 width=8) (actual time=0.446..16.047 rows=100 loops=1)
         ->  Seq Scan on files  (cost=0.00..1075530.95 rows=463753 width=8) (actual time=0.445..16.011 rows=100 loops=1)
               Filter: (contents ~ 'error'::text)
               Rows Removed by Filter: 43
 Planning Time: 27.351 ms
 Execution Time: 16.113 ms
(7 rows)

Time: 44.970 ms
TIME:14:20:36
query: EXPLAIN ANALYZE select count(id) from (select id from files where contents ~ 'error' limit 100) as e;
Timing is on.
                                                       QUERY PLAN                                                        
-------------------------------------------------------------------------------------------------------------------------
 Aggregate  (cost=233.17..233.18 rows=1 width=8) (actual time=16.031..16.048 rows=1 loops=1)
   ->  Limit  (cost=0.00..231.92 rows=100 width=8) (actual time=0.467..15.983 rows=100 loops=1)
         ->  Seq Scan on files  (cost=0.00..1075530.95 rows=463753 width=8) (actual time=0.466..15.961 rows=100 loops=1)
               Filter: (contents ~ 'error'::text)
               Rows Removed by Filter: 43
 Planning Time: 27.843 ms
 Execution Time: 16.081 ms
(7 rows)

Time: 45.518 ms
TIME:14:20:37
query: EXPLAIN ANALYZE select count(id) from (select id from files where contents ~ 'error' limit 100) as e;
Timing is on.
                                                       QUERY PLAN                                                        
-------------------------------------------------------------------------------------------------------------------------
 Aggregate  (cost=233.17..233.18 rows=1 width=8) (actual time=16.471..16.472 rows=1 loops=1)
   ->  Limit  (cost=0.00..231.92 rows=100 width=8) (actual time=0.423..16.436 rows=100 loops=1)
         ->  Seq Scan on files  (cost=0.00..1075530.95 rows=463753 width=8) (actual time=0.422..16.413 rows=100 loops=1)
               Filter: (contents ~ 'error'::text)
               Rows Removed by Filter: 43
 Planning Time: 27.389 ms
 Execution Time: 16.537 ms
(7 rows)

Time: 45.246 ms
TIME:14:20:37
query: EXPLAIN ANALYZE select count(id) from (select id from files where contents ~ 'error' limit 100) as e;
Timing is on.
                                                       QUERY PLAN                                                        
-------------------------------------------------------------------------------------------------------------------------
 Aggregate  (cost=233.17..233.18 rows=1 width=8) (actual time=17.389..17.391 rows=1 loops=1)
   ->  Limit  (cost=0.00..231.92 rows=100 width=8) (actual time=0.324..17.343 rows=100 loops=1)
         ->  Seq Scan on files  (cost=0.00..1075530.95 rows=463753 width=8) (actual time=0.323..17.320 rows=100 loops=1)
               Filter: (contents ~ 'error'::text)
               Rows Removed by Filter: 43
 Planning Time: 28.882 ms
 Execution Time: 17.424 ms
(7 rows)

Time: 47.547 ms
TIME:14:20:37
query: EXPLAIN ANALYZE select count(id) from (select id from files where contents ~ 'error' limit 100) as e;
Timing is on.
                                                       QUERY PLAN                                                        
-------------------------------------------------------------------------------------------------------------------------
 Aggregate  (cost=233.17..233.18 rows=1 width=8) (actual time=16.925..16.926 rows=1 loops=1)
   ->  Limit  (cost=0.00..231.92 rows=100 width=8) (actual time=0.562..16.890 rows=100 loops=1)
         ->  Seq Scan on files  (cost=0.00..1075530.95 rows=463753 width=8) (actual time=0.561..16.867 rows=100 loops=1)
               Filter: (contents ~ 'error'::text)
               Rows Removed by Filter: 43
 Planning Time: 26.907 ms
 Execution Time: 16.967 ms
(7 rows)

Time: 45.444 ms
TIME:14:20:37
query: EXPLAIN ANALYZE select count(id) from (select id from files where contents ~ 'error' limit 100) as e;
Timing is on.
                                                       QUERY PLAN                                                        
-------------------------------------------------------------------------------------------------------------------------
 Aggregate  (cost=233.17..233.18 rows=1 width=8) (actual time=17.112..17.113 rows=1 loops=1)
   ->  Limit  (cost=0.00..231.92 rows=100 width=8) (actual time=0.561..17.075 rows=100 loops=1)
         ->  Seq Scan on files  (cost=0.00..1075530.95 rows=463753 width=8) (actual time=0.560..17.041 rows=100 loops=1)
               Filter: (contents ~ 'error'::text)
               Rows Removed by Filter: 43
 Planning Time: 29.475 ms
 Execution Time: 17.163 ms
(7 rows)

Time: 48.054 ms
TIME:14:20:38
query: EXPLAIN ANALYZE select count(id) from (select id from files where contents ~ 'error' limit 100) as e;
Timing is on.
                                                       QUERY PLAN                                                        
-------------------------------------------------------------------------------------------------------------------------
 Aggregate  (cost=233.17..233.18 rows=1 width=8) (actual time=15.866..15.867 rows=1 loops=1)
   ->  Limit  (cost=0.00..231.92 rows=100 width=8) (actual time=0.418..15.812 rows=100 loops=1)
         ->  Seq Scan on files  (cost=0.00..1075530.95 rows=463753 width=8) (actual time=0.417..15.776 rows=100 loops=1)
               Filter: (contents ~ 'error'::text)
               Rows Removed by Filter: 43
 Planning Time: 27.810 ms
 Execution Time: 15.900 ms
(7 rows)

Time: 45.059 ms
TIME:14:20:38
query: EXPLAIN ANALYZE select count(id) from (select id from files where contents ~ 'error' limit 100) as e;
Timing is on.
                                                       QUERY PLAN                                                        
-------------------------------------------------------------------------------------------------------------------------
 Aggregate  (cost=233.17..233.18 rows=1 width=8) (actual time=16.773..16.775 rows=1 loops=1)
   ->  Limit  (cost=0.00..231.92 rows=100 width=8) (actual time=0.487..16.740 rows=100 loops=1)
         ->  Seq Scan on files  (cost=0.00..1075530.95 rows=463753 width=8) (actual time=0.486..16.674 rows=100 loops=1)
               Filter: (contents ~ 'error'::text)
               Rows Removed by Filter: 43
 Planning Time: 29.364 ms
 Execution Time: 16.806 ms
(7 rows)

Time: 48.773 ms
TIME:14:20:38
query: EXPLAIN ANALYZE select count(id) from (select id from files where contents ~ 'error' limit 100) as e;
Timing is on.
                                                       QUERY PLAN                                                        
-------------------------------------------------------------------------------------------------------------------------
 Aggregate  (cost=233.17..233.18 rows=1 width=8) (actual time=17.082..17.083 rows=1 loops=1)
   ->  Limit  (cost=0.00..231.92 rows=100 width=8) (actual time=0.464..17.050 rows=100 loops=1)
         ->  Seq Scan on files  (cost=0.00..1075530.95 rows=463753 width=8) (actual time=0.447..16.999 rows=100 loops=1)
               Filter: (contents ~ 'error'::text)
               Rows Removed by Filter: 43
 Planning Time: 28.070 ms
 Execution Time: 17.112 ms
(7 rows)

Time: 46.550 ms
TIME:14:20:38
query: EXPLAIN ANALYZE select count(id) from (select id from files where contents ~ 'error' limit 100) as e;
Timing is on.
                                                       QUERY PLAN                                                        
-------------------------------------------------------------------------------------------------------------------------
 Aggregate  (cost=233.17..233.18 rows=1 width=8) (actual time=16.621..16.622 rows=1 loops=1)
   ->  Limit  (cost=0.00..231.92 rows=100 width=8) (actual time=0.591..16.586 rows=100 loops=1)
         ->  Seq Scan on files  (cost=0.00..1075530.95 rows=463753 width=8) (actual time=0.590..16.549 rows=100 loops=1)
               Filter: (contents ~ 'error'::text)
               Rows Removed by Filter: 43
 Planning Time: 29.639 ms
 Execution Time: 16.651 ms
(7 rows)

Time: 47.696 ms
TIME:14:20:39
query: EXPLAIN ANALYZE select count(id) from (select id from files where contents ~ 'error' limit 100) as e;
Timing is on.
                                                       QUERY PLAN                                                        
-------------------------------------------------------------------------------------------------------------------------
 Aggregate  (cost=233.17..233.18 rows=1 width=8) (actual time=16.146..16.147 rows=1 loops=1)
   ->  Limit  (cost=0.00..231.92 rows=100 width=8) (actual time=0.499..16.100 rows=100 loops=1)
         ->  Seq Scan on files  (cost=0.00..1075530.95 rows=463753 width=8) (actual time=0.498..16.066 rows=100 loops=1)
               Filter: (contents ~ 'error'::text)
               Rows Removed by Filter: 43
 Planning Time: 28.132 ms
 Execution Time: 16.176 ms
(7 rows)

Time: 45.594 ms
TIME:14:20:39
query: EXPLAIN ANALYZE select count(id) from (select id from files where contents ~ 'error' limit 100) as e;
Timing is on.
                                                       QUERY PLAN                                                        
-------------------------------------------------------------------------------------------------------------------------
 Aggregate  (cost=233.17..233.18 rows=1 width=8) (actual time=16.311..16.312 rows=1 loops=1)
   ->  Limit  (cost=0.00..231.92 rows=100 width=8) (actual time=0.590..16.279 rows=100 loops=1)
         ->  Seq Scan on files  (cost=0.00..1075530.95 rows=463753 width=8) (actual time=0.589..16.245 rows=100 loops=1)
               Filter: (contents ~ 'error'::text)
               Rows Removed by Filter: 43
 Planning Time: 28.446 ms
 Execution Time: 16.358 ms
(7 rows)

Time: 46.575 ms
TIME:14:20:39
query: EXPLAIN ANALYZE select count(id) from (select id from files where contents ~ 'error' limit 100) as e;
Timing is on.
                                                       QUERY PLAN                                                        
-------------------------------------------------------------------------------------------------------------------------
 Aggregate  (cost=233.17..233.18 rows=1 width=8) (actual time=15.831..15.832 rows=1 loops=1)
   ->  Limit  (cost=0.00..231.92 rows=100 width=8) (actual time=0.463..15.795 rows=100 loops=1)
         ->  Seq Scan on files  (cost=0.00..1075530.95 rows=463753 width=8) (actual time=0.462..15.761 rows=100 loops=1)
               Filter: (contents ~ 'error'::text)
               Rows Removed by Filter: 43
 Planning Time: 26.128 ms
 Execution Time: 15.862 ms
(7 rows)

Time: 43.246 ms
TIME:14:20:39
query: EXPLAIN ANALYZE select count(id) from (select id from files where contents ~ 'error' limit 100) as e;
Timing is on.
                                                       QUERY PLAN                                                        
-------------------------------------------------------------------------------------------------------------------------
 Aggregate  (cost=233.17..233.18 rows=1 width=8) (actual time=17.182..17.183 rows=1 loops=1)
   ->  Limit  (cost=0.00..231.92 rows=100 width=8) (actual time=0.448..17.146 rows=100 loops=1)
         ->  Seq Scan on files  (cost=0.00..1075530.95 rows=463753 width=8) (actual time=0.447..17.125 rows=100 loops=1)
               Filter: (contents ~ 'error'::text)
               Rows Removed by Filter: 43
 Planning Time: 29.189 ms
 Execution Time: 17.212 ms
(7 rows)

Time: 47.796 ms
TIME:14:20:40
query: EXPLAIN ANALYZE select count(id) from (select id from files where contents ~ 'error' limit 100) as e;
Timing is on.
                                                       QUERY PLAN                                                        
-------------------------------------------------------------------------------------------------------------------------
 Aggregate  (cost=233.17..233.18 rows=1 width=8) (actual time=17.902..17.903 rows=1 loops=1)
   ->  Limit  (cost=0.00..231.92 rows=100 width=8) (actual time=0.474..17.866 rows=100 loops=1)
         ->  Seq Scan on files  (cost=0.00..1075530.95 rows=463753 width=8) (actual time=0.455..17.826 rows=100 loops=1)
               Filter: (contents ~ 'error'::text)
               Rows Removed by Filter: 43
 Planning Time: 31.147 ms
 Execution Time: 17.954 ms
(7 rows)

Time: 50.503 ms
TIME:14:20:40
query: EXPLAIN ANALYZE select count(id) from (select id from files where contents ~ 'error' limit 100) as e;
Timing is on.
                                                       QUERY PLAN                                                        
-------------------------------------------------------------------------------------------------------------------------
 Aggregate  (cost=233.17..233.18 rows=1 width=8) (actual time=15.780..15.781 rows=1 loops=1)
   ->  Limit  (cost=0.00..231.92 rows=100 width=8) (actual time=0.536..15.746 rows=100 loops=1)
         ->  Seq Scan on files  (cost=0.00..1075530.95 rows=463753 width=8) (actual time=0.535..15.724 rows=100 loops=1)
               Filter: (contents ~ 'error'::text)
               Rows Removed by Filter: 43
 Planning Time: 27.983 ms
 Execution Time: 15.812 ms
(7 rows)

Time: 45.238 ms
TIME:14:20:40
query: EXPLAIN ANALYZE select count(id) from (select id from files where contents ~ 'error' limit 100) as e;
Timing is on.
                                                       QUERY PLAN                                                        
-------------------------------------------------------------------------------------------------------------------------
 Aggregate  (cost=233.17..233.18 rows=1 width=8) (actual time=17.577..17.594 rows=1 loops=1)
   ->  Limit  (cost=0.00..231.92 rows=100 width=8) (actual time=0.398..17.540 rows=100 loops=1)
         ->  Seq Scan on files  (cost=0.00..1075530.95 rows=463753 width=8) (actual time=0.397..17.499 rows=100 loops=1)
               Filter: (contents ~ 'error'::text)
               Rows Removed by Filter: 43
 Planning Time: 30.232 ms
 Execution Time: 17.718 ms
(7 rows)

Time: 49.395 ms
TIME:14:20:41
query: EXPLAIN ANALYZE select count(id) from (select id from files where contents ~ 'error' limit 100) as e;
Timing is on.
                                                       QUERY PLAN                                                        
-------------------------------------------------------------------------------------------------------------------------
 Aggregate  (cost=233.17..233.18 rows=1 width=8) (actual time=17.634..17.636 rows=1 loops=1)
   ->  Limit  (cost=0.00..231.92 rows=100 width=8) (actual time=0.529..17.585 rows=100 loops=1)
         ->  Seq Scan on files  (cost=0.00..1075530.95 rows=463753 width=8) (actual time=0.528..17.564 rows=100 loops=1)
               Filter: (contents ~ 'error'::text)
               Rows Removed by Filter: 43
 Planning Time: 30.092 ms
 Execution Time: 17.699 ms
(7 rows)

Time: 49.204 ms
TIME:14:20:41
query: EXPLAIN ANALYZE select count(id) from (select id from files where contents ~ 'error' limit 100) as e;
Timing is on.
                                                       QUERY PLAN                                                        
-------------------------------------------------------------------------------------------------------------------------
 Aggregate  (cost=233.17..233.18 rows=1 width=8) (actual time=16.120..16.121 rows=1 loops=1)
   ->  Limit  (cost=0.00..231.92 rows=100 width=8) (actual time=0.504..16.072 rows=100 loops=1)
         ->  Seq Scan on files  (cost=0.00..1075530.95 rows=463753 width=8) (actual time=0.503..16.052 rows=100 loops=1)
               Filter: (contents ~ 'error'::text)
               Rows Removed by Filter: 43
 Planning Time: 28.400 ms
 Execution Time: 16.152 ms
(7 rows)

Time: 45.853 ms
TIME:14:20:41
query: EXPLAIN ANALYZE select count(id) from (select id from files where contents ~ 'error' limit 100) as e;
Timing is on.
                                                       QUERY PLAN                                                        
-------------------------------------------------------------------------------------------------------------------------
 Aggregate  (cost=233.17..233.18 rows=1 width=8) (actual time=17.879..17.881 rows=1 loops=1)
   ->  Limit  (cost=0.00..231.92 rows=100 width=8) (actual time=0.361..17.812 rows=100 loops=1)
         ->  Seq Scan on files  (cost=0.00..1075530.95 rows=463753 width=8) (actual time=0.360..17.789 rows=100 loops=1)
               Filter: (contents ~ 'error'::text)
               Rows Removed by Filter: 43
 Planning Time: 28.567 ms
 Execution Time: 17.913 ms
(7 rows)

Time: 48.371 ms
limit 100: 'fmt\.Println'
TIME:14:20:41
query: EXPLAIN ANALYZE select count(id) from (select id from files where contents ~ 'fmt\.Println' limit 100) as e;
Timing is on.
                                                                      QUERY PLAN                                                                       
-------------------------------------------------------------------------------------------------------------------------------------------------------
 Aggregate  (cost=182.33..182.34 rows=1 width=8) (actual time=532.604..532.606 rows=1 loops=1)
   ->  Limit  (cost=70.14..181.08 rows=100 width=8) (actual time=408.250..532.545 rows=100 loops=1)
         ->  Bitmap Heap Scan on files  (cost=70.14..1135.10 rows=960 width=8) (actual time=408.248..532.494 rows=100 loops=1)
               Recheck Cond: (contents ~ 'fmt\.Println'::text)
               Rows Removed by Index Recheck: 60
               Heap Blocks: exact=99
               ->  Bitmap Index Scan on files_contents_trgm_idx  (cost=0.00..69.90 rows=960 width=0) (actual time=290.511..290.512 rows=45273 loops=1)
                     Index Cond: (contents ~ 'fmt\.Println'::text)
 Planning Time: 28.888 ms
 Execution Time: 533.739 ms
(10 rows)

Time: 564.032 ms
TIME:14:20:42
query: EXPLAIN ANALYZE select count(id) from (select id from files where contents ~ 'fmt\.Println' limit 100) as e;
Timing is on.
                                                                      QUERY PLAN                                                                       
-------------------------------------------------------------------------------------------------------------------------------------------------------
 Aggregate  (cost=182.33..182.34 rows=1 width=8) (actual time=393.350..393.351 rows=1 loops=1)
   ->  Limit  (cost=70.14..181.08 rows=100 width=8) (actual time=278.983..393.277 rows=100 loops=1)
         ->  Bitmap Heap Scan on files  (cost=70.14..1135.10 rows=960 width=8) (actual time=278.982..393.235 rows=100 loops=1)
               Recheck Cond: (contents ~ 'fmt\.Println'::text)
               Rows Removed by Index Recheck: 60
               Heap Blocks: exact=99
               ->  Bitmap Index Scan on files_contents_trgm_idx  (cost=0.00..69.90 rows=960 width=0) (actual time=179.097..179.098 rows=45273 loops=1)
                     Index Cond: (contents ~ 'fmt\.Println'::text)
 Planning Time: 26.985 ms
 Execution Time: 394.401 ms
(10 rows)

Time: 422.662 ms
TIME:14:20:43
query: EXPLAIN ANALYZE select count(id) from (select id from files where contents ~ 'fmt\.Println' limit 100) as e;
Timing is on.
                                                                      QUERY PLAN                                                                       
-------------------------------------------------------------------------------------------------------------------------------------------------------
 Aggregate  (cost=182.33..182.34 rows=1 width=8) (actual time=391.925..391.926 rows=1 loops=1)
   ->  Limit  (cost=70.14..181.08 rows=100 width=8) (actual time=278.025..391.847 rows=100 loops=1)
         ->  Bitmap Heap Scan on files  (cost=70.14..1135.10 rows=960 width=8) (actual time=278.024..391.818 rows=100 loops=1)
               Recheck Cond: (contents ~ 'fmt\.Println'::text)
               Rows Removed by Index Recheck: 60
               Heap Blocks: exact=99
               ->  Bitmap Index Scan on files_contents_trgm_idx  (cost=0.00..69.90 rows=960 width=0) (actual time=179.360..179.360 rows=45273 loops=1)
                     Index Cond: (contents ~ 'fmt\.Println'::text)
 Planning Time: 26.407 ms
 Execution Time: 393.029 ms
(10 rows)

Time: 420.753 ms
TIME:14:20:43
query: EXPLAIN ANALYZE select count(id) from (select id from files where contents ~ 'fmt\.Println' limit 100) as e;
Timing is on.
                                                                      QUERY PLAN                                                                       
-------------------------------------------------------------------------------------------------------------------------------------------------------
 Aggregate  (cost=182.33..182.34 rows=1 width=8) (actual time=415.411..415.412 rows=1 loops=1)
   ->  Limit  (cost=70.14..181.08 rows=100 width=8) (actual time=300.488..415.369 rows=100 loops=1)
         ->  Bitmap Heap Scan on files  (cost=70.14..1135.10 rows=960 width=8) (actual time=300.486..415.341 rows=100 loops=1)
               Recheck Cond: (contents ~ 'fmt\.Println'::text)
               Rows Removed by Index Recheck: 60
               Heap Blocks: exact=99
               ->  Bitmap Index Scan on files_contents_trgm_idx  (cost=0.00..69.90 rows=960 width=0) (actual time=182.530..182.531 rows=45273 loops=1)
                     Index Cond: (contents ~ 'fmt\.Println'::text)
 Planning Time: 25.993 ms
 Execution Time: 416.467 ms
(10 rows)

Time: 443.738 ms
TIME:14:20:44
query: EXPLAIN ANALYZE select count(id) from (select id from files where contents ~ 'fmt\.Println' limit 100) as e;
Timing is on.
                                                                      QUERY PLAN                                                                       
-------------------------------------------------------------------------------------------------------------------------------------------------------
 Aggregate  (cost=182.33..182.34 rows=1 width=8) (actual time=397.042..397.058 rows=1 loops=1)
   ->  Limit  (cost=70.14..181.08 rows=100 width=8) (actual time=284.542..397.012 rows=100 loops=1)
         ->  Bitmap Heap Scan on files  (cost=70.14..1135.10 rows=960 width=8) (actual time=284.540..396.977 rows=100 loops=1)
               Recheck Cond: (contents ~ 'fmt\.Println'::text)
               Rows Removed by Index Recheck: 60
               Heap Blocks: exact=99
               ->  Bitmap Index Scan on files_contents_trgm_idx  (cost=0.00..69.90 rows=960 width=0) (actual time=182.962..182.977 rows=45273 loops=1)
                     Index Cond: (contents ~ 'fmt\.Println'::text)
 Planning Time: 30.158 ms
 Execution Time: 398.192 ms
(10 rows)

Time: 429.881 ms
TIME:14:20:45
query: EXPLAIN ANALYZE select count(id) from (select id from files where contents ~ 'fmt\.Println' limit 100) as e;
Timing is on.
                                                                      QUERY PLAN                                                                       
-------------------------------------------------------------------------------------------------------------------------------------------------------
 Aggregate  (cost=182.33..182.34 rows=1 width=8) (actual time=394.649..394.651 rows=1 loops=1)
   ->  Limit  (cost=70.14..181.08 rows=100 width=8) (actual time=280.271..394.607 rows=100 loops=1)
         ->  Bitmap Heap Scan on files  (cost=70.14..1135.10 rows=960 width=8) (actual time=280.270..394.577 rows=100 loops=1)
               Recheck Cond: (contents ~ 'fmt\.Println'::text)
               Rows Removed by Index Recheck: 60
               Heap Blocks: exact=99
               ->  Bitmap Index Scan on files_contents_trgm_idx  (cost=0.00..69.90 rows=960 width=0) (actual time=180.783..180.784 rows=45273 loops=1)
                     Index Cond: (contents ~ 'fmt\.Println'::text)
 Planning Time: 31.707 ms
 Execution Time: 395.866 ms
(10 rows)

Time: 428.951 ms
TIME:14:20:45
query: EXPLAIN ANALYZE select count(id) from (select id from files where contents ~ 'fmt\.Println' limit 100) as e;
Timing is on.
                                                                      QUERY PLAN                                                                       
-------------------------------------------------------------------------------------------------------------------------------------------------------
 Aggregate  (cost=182.33..182.34 rows=1 width=8) (actual time=401.706..401.707 rows=1 loops=1)
   ->  Limit  (cost=70.14..181.08 rows=100 width=8) (actual time=283.690..401.639 rows=100 loops=1)
         ->  Bitmap Heap Scan on files  (cost=70.14..1135.10 rows=960 width=8) (actual time=283.689..401.608 rows=100 loops=1)
               Recheck Cond: (contents ~ 'fmt\.Println'::text)
               Rows Removed by Index Recheck: 60
               Heap Blocks: exact=99
               ->  Bitmap Index Scan on files_contents_trgm_idx  (cost=0.00..69.90 rows=960 width=0) (actual time=181.055..181.056 rows=45273 loops=1)
                     Index Cond: (contents ~ 'fmt\.Println'::text)
 Planning Time: 29.319 ms
 Execution Time: 402.789 ms
(10 rows)

Time: 433.525 ms
TIME:14:20:46
query: EXPLAIN ANALYZE select count(id) from (select id from files where contents ~ 'fmt\.Println' limit 100) as e;
Timing is on.
                                                                      QUERY PLAN                                                                       
-------------------------------------------------------------------------------------------------------------------------------------------------------
 Aggregate  (cost=182.33..182.34 rows=1 width=8) (actual time=478.357..478.373 rows=1 loops=1)
   ->  Limit  (cost=70.14..181.08 rows=100 width=8) (actual time=362.926..478.280 rows=100 loops=1)
         ->  Bitmap Heap Scan on files  (cost=70.14..1135.10 rows=960 width=8) (actual time=362.924..478.219 rows=100 loops=1)
               Recheck Cond: (contents ~ 'fmt\.Println'::text)
               Rows Removed by Index Recheck: 60
               Heap Blocks: exact=99
               ->  Bitmap Index Scan on files_contents_trgm_idx  (cost=0.00..69.90 rows=960 width=0) (actual time=249.616..249.631 rows=45273 loops=1)
                     Index Cond: (contents ~ 'fmt\.Println'::text)
 Planning Time: 46.445 ms
 Execution Time: 479.652 ms
(10 rows)

Time: 528.539 ms
TIME:14:20:47
query: EXPLAIN ANALYZE select count(id) from (select id from files where contents ~ 'fmt\.Println' limit 100) as e;
Timing is on.
                                                                      QUERY PLAN                                                                       
-------------------------------------------------------------------------------------------------------------------------------------------------------
 Aggregate  (cost=182.33..182.34 rows=1 width=8) (actual time=394.499..394.500 rows=1 loops=1)
   ->  Limit  (cost=70.14..181.08 rows=100 width=8) (actual time=280.734..394.397 rows=100 loops=1)
         ->  Bitmap Heap Scan on files  (cost=70.14..1135.10 rows=960 width=8) (actual time=280.733..394.366 rows=100 loops=1)
               Recheck Cond: (contents ~ 'fmt\.Println'::text)
               Rows Removed by Index Recheck: 60
               Heap Blocks: exact=99
               ->  Bitmap Index Scan on files_contents_trgm_idx  (cost=0.00..69.90 rows=960 width=0) (actual time=182.196..182.197 rows=45273 loops=1)
                     Index Cond: (contents ~ 'fmt\.Println'::text)
 Planning Time: 26.393 ms
 Execution Time: 395.542 ms
(10 rows)

Time: 423.245 ms
TIME:14:20:47
query: EXPLAIN ANALYZE select count(id) from (select id from files where contents ~ 'fmt\.Println' limit 100) as e;
Timing is on.
                                                                      QUERY PLAN                                                                       
-------------------------------------------------------------------------------------------------------------------------------------------------------
 Aggregate  (cost=182.33..182.34 rows=1 width=8) (actual time=397.442..397.443 rows=1 loops=1)
   ->  Limit  (cost=70.14..181.08 rows=100 width=8) (actual time=283.108..397.400 rows=100 loops=1)
         ->  Bitmap Heap Scan on files  (cost=70.14..1135.10 rows=960 width=8) (actual time=283.106..397.370 rows=100 loops=1)
               Recheck Cond: (contents ~ 'fmt\.Println'::text)
               Rows Removed by Index Recheck: 60
               Heap Blocks: exact=99
               ->  Bitmap Index Scan on files_contents_trgm_idx  (cost=0.00..69.90 rows=960 width=0) (actual time=183.694..183.694 rows=45273 loops=1)
                     Index Cond: (contents ~ 'fmt\.Println'::text)
 Planning Time: 26.850 ms
 Execution Time: 398.418 ms
(10 rows)

Time: 426.494 ms
TIME:14:20:48
query: EXPLAIN ANALYZE select count(id) from (select id from files where contents ~ 'fmt\.Println' limit 100) as e;
Timing is on.
                                                                      QUERY PLAN                                                                       
-------------------------------------------------------------------------------------------------------------------------------------------------------
 Aggregate  (cost=182.33..182.34 rows=1 width=8) (actual time=398.310..398.311 rows=1 loops=1)
   ->  Limit  (cost=70.14..181.08 rows=100 width=8) (actual time=281.749..398.252 rows=100 loops=1)
         ->  Bitmap Heap Scan on files  (cost=70.14..1135.10 rows=960 width=8) (actual time=281.748..398.221 rows=100 loops=1)
               Recheck Cond: (contents ~ 'fmt\.Println'::text)
               Rows Removed by Index Recheck: 60
               Heap Blocks: exact=99
               ->  Bitmap Index Scan on files_contents_trgm_idx  (cost=0.00..69.90 rows=960 width=0) (actual time=183.125..183.125 rows=45273 loops=1)
                     Index Cond: (contents ~ 'fmt\.Println'::text)
 Planning Time: 26.992 ms
 Execution Time: 399.403 ms
(10 rows)

Time: 427.802 ms
TIME:14:20:49
query: EXPLAIN ANALYZE select count(id) from (select id from files where contents ~ 'fmt\.Println' limit 100) as e;
Timing is on.
                                                                      QUERY PLAN                                                                       
-------------------------------------------------------------------------------------------------------------------------------------------------------
 Aggregate  (cost=182.33..182.34 rows=1 width=8) (actual time=419.914..419.915 rows=1 loops=1)
   ->  Limit  (cost=70.14..181.08 rows=100 width=8) (actual time=302.793..419.857 rows=100 loops=1)
         ->  Bitmap Heap Scan on files  (cost=70.14..1135.10 rows=960 width=8) (actual time=302.791..419.825 rows=100 loops=1)
               Recheck Cond: (contents ~ 'fmt\.Println'::text)
               Rows Removed by Index Recheck: 60
               Heap Blocks: exact=99
               ->  Bitmap Index Scan on files_contents_trgm_idx  (cost=0.00..69.90 rows=960 width=0) (actual time=184.236..184.236 rows=45273 loops=1)
                     Index Cond: (contents ~ 'fmt\.Println'::text)
 Planning Time: 28.399 ms
 Execution Time: 421.123 ms
(10 rows)

Time: 450.909 ms
TIME:14:20:49
query: EXPLAIN ANALYZE select count(id) from (select id from files where contents ~ 'fmt\.Println' limit 100) as e;
Timing is on.
                                                                      QUERY PLAN                                                                       
-------------------------------------------------------------------------------------------------------------------------------------------------------
 Aggregate  (cost=182.33..182.34 rows=1 width=8) (actual time=389.394..389.395 rows=1 loops=1)
   ->  Limit  (cost=70.14..181.08 rows=100 width=8) (actual time=276.335..389.320 rows=100 loops=1)
         ->  Bitmap Heap Scan on files  (cost=70.14..1135.10 rows=960 width=8) (actual time=276.334..389.292 rows=100 loops=1)
               Recheck Cond: (contents ~ 'fmt\.Println'::text)
               Rows Removed by Index Recheck: 60
               Heap Blocks: exact=99
               ->  Bitmap Index Scan on files_contents_trgm_idx  (cost=0.00..69.90 rows=960 width=0) (actual time=177.998..177.999 rows=45273 loops=1)
                     Index Cond: (contents ~ 'fmt\.Println'::text)
 Planning Time: 29.103 ms
 Execution Time: 390.492 ms
(10 rows)

Time: 420.886 ms
TIME:14:20:50
query: EXPLAIN ANALYZE select count(id) from (select id from files where contents ~ 'fmt\.Println' limit 100) as e;
Timing is on.
                                                                      QUERY PLAN                                                                       
-------------------------------------------------------------------------------------------------------------------------------------------------------
 Aggregate  (cost=182.33..182.34 rows=1 width=8) (actual time=395.582..395.583 rows=1 loops=1)
   ->  Limit  (cost=70.14..181.08 rows=100 width=8) (actual time=284.496..395.540 rows=100 loops=1)
         ->  Bitmap Heap Scan on files  (cost=70.14..1135.10 rows=960 width=8) (actual time=284.494..395.511 rows=100 loops=1)
               Recheck Cond: (contents ~ 'fmt\.Println'::text)
               Rows Removed by Index Recheck: 60
               Heap Blocks: exact=99
               ->  Bitmap Index Scan on files_contents_trgm_idx  (cost=0.00..69.90 rows=960 width=0) (actual time=184.896..184.897 rows=45273 loops=1)
                     Index Cond: (contents ~ 'fmt\.Println'::text)
 Planning Time: 31.604 ms
 Execution Time: 396.998 ms
(10 rows)

Time: 429.980 ms
TIME:14:20:51
query: EXPLAIN ANALYZE select count(id) from (select id from files where contents ~ 'fmt\.Println' limit 100) as e;
Timing is on.
                                                                      QUERY PLAN                                                                       
-------------------------------------------------------------------------------------------------------------------------------------------------------
 Aggregate  (cost=182.33..182.34 rows=1 width=8) (actual time=399.073..399.074 rows=1 loops=1)
   ->  Limit  (cost=70.14..181.08 rows=100 width=8) (actual time=285.518..399.014 rows=100 loops=1)
         ->  Bitmap Heap Scan on files  (cost=70.14..1135.10 rows=960 width=8) (actual time=285.517..398.968 rows=100 loops=1)
               Recheck Cond: (contents ~ 'fmt\.Println'::text)
               Rows Removed by Index Recheck: 60
               Heap Blocks: exact=99
               ->  Bitmap Index Scan on files_contents_trgm_idx  (cost=0.00..69.90 rows=960 width=0) (actual time=184.702..184.702 rows=45273 loops=1)
                     Index Cond: (contents ~ 'fmt\.Println'::text)
 Planning Time: 29.310 ms
 Execution Time: 400.089 ms
(10 rows)

Time: 430.907 ms
TIME:14:20:51
query: EXPLAIN ANALYZE select count(id) from (select id from files where contents ~ 'fmt\.Println' limit 100) as e;
Timing is on.
                                                                      QUERY PLAN                                                                       
-------------------------------------------------------------------------------------------------------------------------------------------------------
 Aggregate  (cost=182.33..182.34 rows=1 width=8) (actual time=415.214..415.215 rows=1 loops=1)
   ->  Limit  (cost=70.14..181.08 rows=100 width=8) (actual time=287.961..415.085 rows=100 loops=1)
         ->  Bitmap Heap Scan on files  (cost=70.14..1135.10 rows=960 width=8) (actual time=287.959..415.030 rows=100 loops=1)
               Recheck Cond: (contents ~ 'fmt\.Println'::text)
               Rows Removed by Index Recheck: 60
               Heap Blocks: exact=99
               ->  Bitmap Index Scan on files_contents_trgm_idx  (cost=0.00..69.90 rows=960 width=0) (actual time=181.592..181.593 rows=45273 loops=1)
                     Index Cond: (contents ~ 'fmt\.Println'::text)
 Planning Time: 29.282 ms
 Execution Time: 416.344 ms
(10 rows)

Time: 446.972 ms
TIME:14:20:52
query: EXPLAIN ANALYZE select count(id) from (select id from files where contents ~ 'fmt\.Println' limit 100) as e;
Timing is on.
                                                                      QUERY PLAN                                                                       
-------------------------------------------------------------------------------------------------------------------------------------------------------
 Aggregate  (cost=182.33..182.34 rows=1 width=8) (actual time=410.442..410.443 rows=1 loops=1)
   ->  Limit  (cost=70.14..181.08 rows=100 width=8) (actual time=291.819..410.396 rows=100 loops=1)
         ->  Bitmap Heap Scan on files  (cost=70.14..1135.10 rows=960 width=8) (actual time=291.818..410.322 rows=100 loops=1)
               Recheck Cond: (contents ~ 'fmt\.Println'::text)
               Rows Removed by Index Recheck: 60
               Heap Blocks: exact=99
               ->  Bitmap Index Scan on files_contents_trgm_idx  (cost=0.00..69.90 rows=960 width=0) (actual time=184.349..184.349 rows=45273 loops=1)
                     Index Cond: (contents ~ 'fmt\.Println'::text)
 Planning Time: 29.066 ms
 Execution Time: 411.644 ms
(10 rows)

Time: 442.104 ms
TIME:14:20:53
query: EXPLAIN ANALYZE select count(id) from (select id from files where contents ~ 'fmt\.Println' limit 100) as e;
Timing is on.
                                                                      QUERY PLAN                                                                       
-------------------------------------------------------------------------------------------------------------------------------------------------------
 Aggregate  (cost=182.33..182.34 rows=1 width=8) (actual time=405.498..405.499 rows=1 loops=1)
   ->  Limit  (cost=70.14..181.08 rows=100 width=8) (actual time=290.069..405.442 rows=100 loops=1)
         ->  Bitmap Heap Scan on files  (cost=70.14..1135.10 rows=960 width=8) (actual time=290.068..405.412 rows=100 loops=1)
               Recheck Cond: (contents ~ 'fmt\.Println'::text)
               Rows Removed by Index Recheck: 60
               Heap Blocks: exact=99
               ->  Bitmap Index Scan on files_contents_trgm_idx  (cost=0.00..69.90 rows=960 width=0) (actual time=190.620..190.620 rows=45273 loops=1)
                     Index Cond: (contents ~ 'fmt\.Println'::text)
 Planning Time: 28.040 ms
 Execution Time: 406.669 ms
(10 rows)

Time: 435.873 ms
TIME:14:20:53
query: EXPLAIN ANALYZE select count(id) from (select id from files where contents ~ 'fmt\.Println' limit 100) as e;
Timing is on.
                                                                      QUERY PLAN                                                                       
-------------------------------------------------------------------------------------------------------------------------------------------------------
 Aggregate  (cost=182.33..182.34 rows=1 width=8) (actual time=412.641..412.643 rows=1 loops=1)
   ->  Limit  (cost=70.14..181.08 rows=100 width=8) (actual time=298.974..412.597 rows=100 loops=1)
         ->  Bitmap Heap Scan on files  (cost=70.14..1135.10 rows=960 width=8) (actual time=298.972..412.550 rows=100 loops=1)
               Recheck Cond: (contents ~ 'fmt\.Println'::text)
               Rows Removed by Index Recheck: 60
               Heap Blocks: exact=99
               ->  Bitmap Index Scan on files_contents_trgm_idx  (cost=0.00..69.90 rows=960 width=0) (actual time=200.369..200.369 rows=45273 loops=1)
                     Index Cond: (contents ~ 'fmt\.Println'::text)
 Planning Time: 31.814 ms
 Execution Time: 413.762 ms
(10 rows)

Time: 447.470 ms
TIME:14:20:54
query: EXPLAIN ANALYZE select count(id) from (select id from files where contents ~ 'fmt\.Println' limit 100) as e;
Timing is on.
                                                                      QUERY PLAN                                                                       
-------------------------------------------------------------------------------------------------------------------------------------------------------
 Aggregate  (cost=182.33..182.34 rows=1 width=8) (actual time=411.874..411.876 rows=1 loops=1)
   ->  Limit  (cost=70.14..181.08 rows=100 width=8) (actual time=280.948..411.798 rows=100 loops=1)
         ->  Bitmap Heap Scan on files  (cost=70.14..1135.10 rows=960 width=8) (actual time=280.946..411.739 rows=100 loops=1)
               Recheck Cond: (contents ~ 'fmt\.Println'::text)
               Rows Removed by Index Recheck: 60
               Heap Blocks: exact=99
               ->  Bitmap Index Scan on files_contents_trgm_idx  (cost=0.00..69.90 rows=960 width=0) (actual time=179.663..179.664 rows=45273 loops=1)
                     Index Cond: (contents ~ 'fmt\.Println'::text)
 Planning Time: 29.414 ms
 Execution Time: 413.021 ms
(10 rows)

Time: 443.911 ms
TIME:14:20:55
query: EXPLAIN ANALYZE select count(id) from (select id from files where contents ~ 'fmt\.Println' limit 100) as e;
Timing is on.
                                                                      QUERY PLAN                                                                       
-------------------------------------------------------------------------------------------------------------------------------------------------------
 Aggregate  (cost=182.33..182.34 rows=1 width=8) (actual time=394.448..394.450 rows=1 loops=1)
   ->  Limit  (cost=70.14..181.08 rows=100 width=8) (actual time=282.053..394.394 rows=100 loops=1)
         ->  Bitmap Heap Scan on files  (cost=70.14..1135.10 rows=960 width=8) (actual time=282.051..394.367 rows=100 loops=1)
               Recheck Cond: (contents ~ 'fmt\.Println'::text)
               Rows Removed by Index Recheck: 60
               Heap Blocks: exact=99
               ->  Bitmap Index Scan on files_contents_trgm_idx  (cost=0.00..69.90 rows=960 width=0) (actual time=183.902..183.902 rows=45273 loops=1)
                     Index Cond: (contents ~ 'fmt\.Println'::text)
 Planning Time: 29.016 ms
 Execution Time: 395.785 ms
(10 rows)

Time: 426.121 ms
TIME:14:20:55
query: EXPLAIN ANALYZE select count(id) from (select id from files where contents ~ 'fmt\.Println' limit 100) as e;
Timing is on.
                                                                      QUERY PLAN                                                                       
-------------------------------------------------------------------------------------------------------------------------------------------------------
 Aggregate  (cost=182.33..182.34 rows=1 width=8) (actual time=398.425..398.427 rows=1 loops=1)
   ->  Limit  (cost=70.14..181.08 rows=100 width=8) (actual time=283.448..398.384 rows=100 loops=1)
         ->  Bitmap Heap Scan on files  (cost=70.14..1135.10 rows=960 width=8) (actual time=283.446..398.356 rows=100 loops=1)
               Recheck Cond: (contents ~ 'fmt\.Println'::text)
               Rows Removed by Index Recheck: 60
               Heap Blocks: exact=99
               ->  Bitmap Index Scan on files_contents_trgm_idx  (cost=0.00..69.90 rows=960 width=0) (actual time=184.446..184.446 rows=45273 loops=1)
                     Index Cond: (contents ~ 'fmt\.Println'::text)
 Planning Time: 28.312 ms
 Execution Time: 399.704 ms
(10 rows)

Time: 429.334 ms
TIME:14:20:56
query: EXPLAIN ANALYZE select count(id) from (select id from files where contents ~ 'fmt\.Println' limit 100) as e;
Timing is on.
                                                                      QUERY PLAN                                                                       
-------------------------------------------------------------------------------------------------------------------------------------------------------
 Aggregate  (cost=182.33..182.34 rows=1 width=8) (actual time=409.803..409.804 rows=1 loops=1)
   ->  Limit  (cost=70.14..181.08 rows=100 width=8) (actual time=294.252..409.747 rows=100 loops=1)
         ->  Bitmap Heap Scan on files  (cost=70.14..1135.10 rows=960 width=8) (actual time=294.250..409.716 rows=100 loops=1)
               Recheck Cond: (contents ~ 'fmt\.Println'::text)
               Rows Removed by Index Recheck: 60
               Heap Blocks: exact=99
               ->  Bitmap Index Scan on files_contents_trgm_idx  (cost=0.00..69.90 rows=960 width=0) (actual time=187.461..187.461 rows=45273 loops=1)
                     Index Cond: (contents ~ 'fmt\.Println'::text)
 Planning Time: 30.738 ms
 Execution Time: 410.949 ms
(10 rows)

Time: 443.142 ms
TIME:14:20:57
query: EXPLAIN ANALYZE select count(id) from (select id from files where contents ~ 'fmt\.Println' limit 100) as e;
Timing is on.
                                                                      QUERY PLAN                                                                       
-------------------------------------------------------------------------------------------------------------------------------------------------------
 Aggregate  (cost=182.33..182.34 rows=1 width=8) (actual time=412.615..412.616 rows=1 loops=1)
   ->  Limit  (cost=70.14..181.08 rows=100 width=8) (actual time=283.041..412.528 rows=100 loops=1)
         ->  Bitmap Heap Scan on files  (cost=70.14..1135.10 rows=960 width=8) (actual time=283.038..412.481 rows=100 loops=1)
               Recheck Cond: (contents ~ 'fmt\.Println'::text)
               Rows Removed by Index Recheck: 60
               Heap Blocks: exact=99
               ->  Bitmap Index Scan on files_contents_trgm_idx  (cost=0.00..69.90 rows=960 width=0) (actual time=182.167..182.167 rows=45273 loops=1)
                     Index Cond: (contents ~ 'fmt\.Println'::text)
 Planning Time: 28.515 ms
 Execution Time: 413.897 ms
(10 rows)

Time: 443.757 ms
TIME:14:20:57
query: EXPLAIN ANALYZE select count(id) from (select id from files where contents ~ 'fmt\.Println' limit 100) as e;
Timing is on.
                                                                      QUERY PLAN                                                                       
-------------------------------------------------------------------------------------------------------------------------------------------------------
 Aggregate  (cost=182.33..182.34 rows=1 width=8) (actual time=394.852..394.853 rows=1 loops=1)
   ->  Limit  (cost=70.14..181.08 rows=100 width=8) (actual time=281.180..394.810 rows=100 loops=1)
         ->  Bitmap Heap Scan on files  (cost=70.14..1135.10 rows=960 width=8) (actual time=281.178..394.781 rows=100 loops=1)
               Recheck Cond: (contents ~ 'fmt\.Println'::text)
               Rows Removed by Index Recheck: 60
               Heap Blocks: exact=99
               ->  Bitmap Index Scan on files_contents_trgm_idx  (cost=0.00..69.90 rows=960 width=0) (actual time=182.507..182.508 rows=45273 loops=1)
                     Index Cond: (contents ~ 'fmt\.Println'::text)
 Planning Time: 29.817 ms
 Execution Time: 396.006 ms
(10 rows)

Time: 427.125 ms
TIME:14:20:58
query: EXPLAIN ANALYZE select count(id) from (select id from files where contents ~ 'fmt\.Println' limit 100) as e;
Timing is on.
                                                                      QUERY PLAN                                                                       
-------------------------------------------------------------------------------------------------------------------------------------------------------
 Aggregate  (cost=182.33..182.34 rows=1 width=8) (actual time=409.824..409.825 rows=1 loops=1)
   ->  Limit  (cost=70.14..181.08 rows=100 width=8) (actual time=295.991..409.748 rows=100 loops=1)
         ->  Bitmap Heap Scan on files  (cost=70.14..1135.10 rows=960 width=8) (actual time=295.990..409.701 rows=100 loops=1)
               Recheck Cond: (contents ~ 'fmt\.Println'::text)
               Rows Removed by Index Recheck: 60
               Heap Blocks: exact=99
               ->  Bitmap Index Scan on files_contents_trgm_idx  (cost=0.00..69.90 rows=960 width=0) (actual time=194.876..194.877 rows=45273 loops=1)
                     Index Cond: (contents ~ 'fmt\.Println'::text)
 Planning Time: 30.137 ms
 Execution Time: 411.022 ms
(10 rows)

Time: 442.841 ms
TIME:14:20:59
query: EXPLAIN ANALYZE select count(id) from (select id from files where contents ~ 'fmt\.Println' limit 100) as e;
Timing is on.
                                                                      QUERY PLAN                                                                       
-------------------------------------------------------------------------------------------------------------------------------------------------------
 Aggregate  (cost=182.33..182.34 rows=1 width=8) (actual time=392.955..392.957 rows=1 loops=1)
   ->  Limit  (cost=70.14..181.08 rows=100 width=8) (actual time=275.262..392.893 rows=100 loops=1)
         ->  Bitmap Heap Scan on files  (cost=70.14..1135.10 rows=960 width=8) (actual time=275.246..392.813 rows=100 loops=1)
               Recheck Cond: (contents ~ 'fmt\.Println'::text)
               Rows Removed by Index Recheck: 60
               Heap Blocks: exact=99
               ->  Bitmap Index Scan on files_contents_trgm_idx  (cost=0.00..69.90 rows=960 width=0) (actual time=178.549..178.549 rows=45273 loops=1)
                     Index Cond: (contents ~ 'fmt\.Println'::text)
 Planning Time: 31.638 ms
 Execution Time: 394.070 ms
(10 rows)

Time: 427.281 ms
TIME:14:20:59
query: EXPLAIN ANALYZE select count(id) from (select id from files where contents ~ 'fmt\.Println' limit 100) as e;
Timing is on.
                                                                      QUERY PLAN                                                                       
-------------------------------------------------------------------------------------------------------------------------------------------------------
 Aggregate  (cost=182.33..182.34 rows=1 width=8) (actual time=393.352..393.354 rows=1 loops=1)
   ->  Limit  (cost=70.14..181.08 rows=100 width=8) (actual time=274.998..393.303 rows=100 loops=1)
         ->  Bitmap Heap Scan on files  (cost=70.14..1135.10 rows=960 width=8) (actual time=274.981..393.234 rows=100 loops=1)
               Recheck Cond: (contents ~ 'fmt\.Println'::text)
               Rows Removed by Index Recheck: 60
               Heap Blocks: exact=99
               ->  Bitmap Index Scan on files_contents_trgm_idx  (cost=0.00..69.90 rows=960 width=0) (actual time=178.727..178.727 rows=45273 loops=1)
                     Index Cond: (contents ~ 'fmt\.Println'::text)
 Planning Time: 28.064 ms
 Execution Time: 394.514 ms
(10 rows)

Time: 423.913 ms
TIME:14:21:00
query: EXPLAIN ANALYZE select count(id) from (select id from files where contents ~ 'fmt\.Println' limit 100) as e;
Timing is on.
                                                                      QUERY PLAN                                                                       
-------------------------------------------------------------------------------------------------------------------------------------------------------
 Aggregate  (cost=182.33..182.34 rows=1 width=8) (actual time=386.959..386.960 rows=1 loops=1)
   ->  Limit  (cost=70.14..181.08 rows=100 width=8) (actual time=273.266..386.903 rows=100 loops=1)
         ->  Bitmap Heap Scan on files  (cost=70.14..1135.10 rows=960 width=8) (actual time=273.264..386.874 rows=100 loops=1)
               Recheck Cond: (contents ~ 'fmt\.Println'::text)
               Rows Removed by Index Recheck: 60
               Heap Blocks: exact=99
               ->  Bitmap Index Scan on files_contents_trgm_idx  (cost=0.00..69.90 rows=960 width=0) (actual time=176.713..176.714 rows=45273 loops=1)
                     Index Cond: (contents ~ 'fmt\.Println'::text)
 Planning Time: 29.364 ms
 Execution Time: 388.035 ms
(10 rows)

Time: 418.726 ms
TIME:14:21:00
query: EXPLAIN ANALYZE select count(id) from (select id from files where contents ~ 'fmt\.Println' limit 100) as e;
Timing is on.
                                                                      QUERY PLAN                                                                       
-------------------------------------------------------------------------------------------------------------------------------------------------------
 Aggregate  (cost=182.33..182.34 rows=1 width=8) (actual time=471.083..471.084 rows=1 loops=1)
   ->  Limit  (cost=70.14..181.08 rows=100 width=8) (actual time=359.122..471.010 rows=100 loops=1)
         ->  Bitmap Heap Scan on files  (cost=70.14..1135.10 rows=960 width=8) (actual time=359.120..470.981 rows=100 loops=1)
               Recheck Cond: (contents ~ 'fmt\.Println'::text)
               Rows Removed by Index Recheck: 60
               Heap Blocks: exact=99
               ->  Bitmap Index Scan on files_contents_trgm_idx  (cost=0.00..69.90 rows=960 width=0) (actual time=258.048..258.049 rows=45273 loops=1)
                     Index Cond: (contents ~ 'fmt\.Println'::text)
 Planning Time: 33.202 ms
 Execution Time: 472.556 ms
(10 rows)

Time: 507.420 ms
TIME:14:21:01
query: EXPLAIN ANALYZE select count(id) from (select id from files where contents ~ 'fmt\.Println' limit 100) as e;
Timing is on.
                                                                      QUERY PLAN                                                                       
-------------------------------------------------------------------------------------------------------------------------------------------------------
 Aggregate  (cost=182.33..182.34 rows=1 width=8) (actual time=400.075..400.076 rows=1 loops=1)
   ->  Limit  (cost=70.14..181.08 rows=100 width=8) (actual time=289.252..400.002 rows=100 loops=1)
         ->  Bitmap Heap Scan on files  (cost=70.14..1135.10 rows=960 width=8) (actual time=289.250..399.973 rows=100 loops=1)
               Recheck Cond: (contents ~ 'fmt\.Println'::text)
               Rows Removed by Index Recheck: 60
               Heap Blocks: exact=99
               ->  Bitmap Index Scan on files_contents_trgm_idx  (cost=0.00..69.90 rows=960 width=0) (actual time=192.559..192.559 rows=45273 loops=1)
                     Index Cond: (contents ~ 'fmt\.Println'::text)
 Planning Time: 41.094 ms
 Execution Time: 401.215 ms
(10 rows)

Time: 443.609 ms
TIME:14:21:02
query: EXPLAIN ANALYZE select count(id) from (select id from files where contents ~ 'fmt\.Println' limit 100) as e;
Timing is on.
                                                                      QUERY PLAN                                                                       
-------------------------------------------------------------------------------------------------------------------------------------------------------
 Aggregate  (cost=182.33..182.34 rows=1 width=8) (actual time=412.893..412.894 rows=1 loops=1)
   ->  Limit  (cost=70.14..181.08 rows=100 width=8) (actual time=283.704..412.802 rows=100 loops=1)
         ->  Bitmap Heap Scan on files  (cost=70.14..1135.10 rows=960 width=8) (actual time=283.702..412.760 rows=100 loops=1)
               Recheck Cond: (contents ~ 'fmt\.Println'::text)
               Rows Removed by Index Recheck: 60
               Heap Blocks: exact=99
               ->  Bitmap Index Scan on files_contents_trgm_idx  (cost=0.00..69.90 rows=960 width=0) (actual time=177.062..177.063 rows=45273 loops=1)
                     Index Cond: (contents ~ 'fmt\.Println'::text)
 Planning Time: 29.771 ms
 Execution Time: 414.028 ms
(10 rows)

Time: 445.167 ms
TIME:14:21:03
query: EXPLAIN ANALYZE select count(id) from (select id from files where contents ~ 'fmt\.Println' limit 100) as e;
Timing is on.
                                                                      QUERY PLAN                                                                       
-------------------------------------------------------------------------------------------------------------------------------------------------------
 Aggregate  (cost=182.33..182.34 rows=1 width=8) (actual time=405.174..405.176 rows=1 loops=1)
   ->  Limit  (cost=70.14..181.08 rows=100 width=8) (actual time=291.009..405.129 rows=100 loops=1)
         ->  Bitmap Heap Scan on files  (cost=70.14..1135.10 rows=960 width=8) (actual time=291.008..405.098 rows=100 loops=1)
               Recheck Cond: (contents ~ 'fmt\.Println'::text)
               Rows Removed by Index Recheck: 60
               Heap Blocks: exact=99
               ->  Bitmap Index Scan on files_contents_trgm_idx  (cost=0.00..69.90 rows=960 width=0) (actual time=182.630..182.631 rows=45273 loops=1)
                     Index Cond: (contents ~ 'fmt\.Println'::text)
 Planning Time: 26.128 ms
 Execution Time: 406.112 ms
(10 rows)

Time: 433.543 ms
TIME:14:21:03
query: EXPLAIN ANALYZE select count(id) from (select id from files where contents ~ 'fmt\.Println' limit 100) as e;
Timing is on.
                                                                      QUERY PLAN                                                                       
-------------------------------------------------------------------------------------------------------------------------------------------------------
 Aggregate  (cost=182.33..182.34 rows=1 width=8) (actual time=386.237..386.239 rows=1 loops=1)
   ->  Limit  (cost=70.14..181.08 rows=100 width=8) (actual time=275.841..386.161 rows=100 loops=1)
         ->  Bitmap Heap Scan on files  (cost=70.14..1135.10 rows=960 width=8) (actual time=275.839..386.115 rows=100 loops=1)
               Recheck Cond: (contents ~ 'fmt\.Println'::text)
               Rows Removed by Index Recheck: 60
               Heap Blocks: exact=99
               ->  Bitmap Index Scan on files_contents_trgm_idx  (cost=0.00..69.90 rows=960 width=0) (actual time=177.748..177.749 rows=45273 loops=1)
                     Index Cond: (contents ~ 'fmt\.Println'::text)
 Planning Time: 30.743 ms
 Execution Time: 387.398 ms
(10 rows)

Time: 419.572 ms
TIME:14:21:04
query: EXPLAIN ANALYZE select count(id) from (select id from files where contents ~ 'fmt\.Println' limit 100) as e;
Timing is on.
                                                                      QUERY PLAN                                                                       
-------------------------------------------------------------------------------------------------------------------------------------------------------
 Aggregate  (cost=182.33..182.34 rows=1 width=8) (actual time=393.487..393.488 rows=1 loops=1)
   ->  Limit  (cost=70.14..181.08 rows=100 width=8) (actual time=274.373..393.411 rows=100 loops=1)
         ->  Bitmap Heap Scan on files  (cost=70.14..1135.10 rows=960 width=8) (actual time=274.372..393.378 rows=100 loops=1)
               Recheck Cond: (contents ~ 'fmt\.Println'::text)
               Rows Removed by Index Recheck: 60
               Heap Blocks: exact=99
               ->  Bitmap Index Scan on files_contents_trgm_idx  (cost=0.00..69.90 rows=960 width=0) (actual time=177.593..177.593 rows=45273 loops=1)
                     Index Cond: (contents ~ 'fmt\.Println'::text)
 Planning Time: 28.741 ms
 Execution Time: 394.576 ms
(10 rows)

Time: 424.619 ms
TIME:14:21:05
query: EXPLAIN ANALYZE select count(id) from (select id from files where contents ~ 'fmt\.Println' limit 100) as e;
Timing is on.
                                                                      QUERY PLAN                                                                       
-------------------------------------------------------------------------------------------------------------------------------------------------------
 Aggregate  (cost=182.33..182.34 rows=1 width=8) (actual time=398.143..398.162 rows=1 loops=1)
   ->  Limit  (cost=70.14..181.08 rows=100 width=8) (actual time=274.584..398.069 rows=100 loops=1)
         ->  Bitmap Heap Scan on files  (cost=70.14..1135.10 rows=960 width=8) (actual time=274.582..398.007 rows=100 loops=1)
               Recheck Cond: (contents ~ 'fmt\.Println'::text)
               Rows Removed by Index Recheck: 60
               Heap Blocks: exact=99
               ->  Bitmap Index Scan on files_contents_trgm_idx  (cost=0.00..69.90 rows=960 width=0) (actual time=177.910..177.911 rows=45273 loops=1)
                     Index Cond: (contents ~ 'fmt\.Println'::text)
 Planning Time: 26.610 ms
 Execution Time: 399.442 ms
(10 rows)

Time: 427.393 ms
TIME:14:21:05
query: EXPLAIN ANALYZE select count(id) from (select id from files where contents ~ 'fmt\.Println' limit 100) as e;
Timing is on.
                                                                      QUERY PLAN                                                                       
-------------------------------------------------------------------------------------------------------------------------------------------------------
 Aggregate  (cost=182.33..182.34 rows=1 width=8) (actual time=397.644..397.645 rows=1 loops=1)
   ->  Limit  (cost=70.14..181.08 rows=100 width=8) (actual time=278.580..397.595 rows=100 loops=1)
         ->  Bitmap Heap Scan on files  (cost=70.14..1135.10 rows=960 width=8) (actual time=278.578..397.560 rows=100 loops=1)
               Recheck Cond: (contents ~ 'fmt\.Println'::text)
               Rows Removed by Index Recheck: 60
               Heap Blocks: exact=99
               ->  Bitmap Index Scan on files_contents_trgm_idx  (cost=0.00..69.90 rows=960 width=0) (actual time=177.088..177.089 rows=45273 loops=1)
                     Index Cond: (contents ~ 'fmt\.Println'::text)
 Planning Time: 26.558 ms
 Execution Time: 398.694 ms
(10 rows)

Time: 426.483 ms
TIME:14:21:06
query: EXPLAIN ANALYZE select count(id) from (select id from files where contents ~ 'fmt\.Println' limit 100) as e;
Timing is on.
                                                                      QUERY PLAN                                                                       
-------------------------------------------------------------------------------------------------------------------------------------------------------
 Aggregate  (cost=182.33..182.34 rows=1 width=8) (actual time=387.226..387.227 rows=1 loops=1)
   ->  Limit  (cost=70.14..181.08 rows=100 width=8) (actual time=274.097..387.167 rows=100 loops=1)
         ->  Bitmap Heap Scan on files  (cost=70.14..1135.10 rows=960 width=8) (actual time=274.096..387.137 rows=100 loops=1)
               Recheck Cond: (contents ~ 'fmt\.Println'::text)
               Rows Removed by Index Recheck: 60
               Heap Blocks: exact=99
               ->  Bitmap Index Scan on files_contents_trgm_idx  (cost=0.00..69.90 rows=960 width=0) (actual time=176.955..176.956 rows=45273 loops=1)
                     Index Cond: (contents ~ 'fmt\.Println'::text)
 Planning Time: 26.607 ms
 Execution Time: 388.518 ms
(10 rows)

Time: 416.391 ms
TIME:14:21:06
query: EXPLAIN ANALYZE select count(id) from (select id from files where contents ~ 'fmt\.Println' limit 100) as e;
Timing is on.
                                                                      QUERY PLAN                                                                       
-------------------------------------------------------------------------------------------------------------------------------------------------------
 Aggregate  (cost=182.33..182.34 rows=1 width=8) (actual time=408.537..408.539 rows=1 loops=1)
   ->  Limit  (cost=70.14..181.08 rows=100 width=8) (actual time=292.179..408.492 rows=100 loops=1)
         ->  Bitmap Heap Scan on files  (cost=70.14..1135.10 rows=960 width=8) (actual time=292.177..408.448 rows=100 loops=1)
               Recheck Cond: (contents ~ 'fmt\.Println'::text)
               Rows Removed by Index Recheck: 60
               Heap Blocks: exact=99
               ->  Bitmap Index Scan on files_contents_trgm_idx  (cost=0.00..69.90 rows=960 width=0) (actual time=186.154..186.155 rows=45273 loops=1)
                     Index Cond: (contents ~ 'fmt\.Println'::text)
 Planning Time: 30.210 ms
 Execution Time: 409.760 ms
(10 rows)

Time: 441.329 ms
TIME:14:21:07
query: EXPLAIN ANALYZE select count(id) from (select id from files where contents ~ 'fmt\.Println' limit 100) as e;
Timing is on.
                                                                      QUERY PLAN                                                                       
-------------------------------------------------------------------------------------------------------------------------------------------------------
 Aggregate  (cost=182.33..182.34 rows=1 width=8) (actual time=389.525..389.527 rows=1 loops=1)
   ->  Limit  (cost=70.14..181.08 rows=100 width=8) (actual time=276.313..389.470 rows=100 loops=1)
         ->  Bitmap Heap Scan on files  (cost=70.14..1135.10 rows=960 width=8) (actual time=276.312..389.424 rows=100 loops=1)
               Recheck Cond: (contents ~ 'fmt\.Println'::text)
               Rows Removed by Index Recheck: 60
               Heap Blocks: exact=99
               ->  Bitmap Index Scan on files_contents_trgm_idx  (cost=0.00..69.90 rows=960 width=0) (actual time=180.668..180.669 rows=45273 loops=1)
                     Index Cond: (contents ~ 'fmt\.Println'::text)
 Planning Time: 28.343 ms
 Execution Time: 390.877 ms
(10 rows)

Time: 420.522 ms
TIME:14:21:08
query: EXPLAIN ANALYZE select count(id) from (select id from files where contents ~ 'fmt\.Println' limit 100) as e;
Timing is on.
                                                                      QUERY PLAN                                                                       
-------------------------------------------------------------------------------------------------------------------------------------------------------
 Aggregate  (cost=182.33..182.34 rows=1 width=8) (actual time=386.844..386.859 rows=1 loops=1)
   ->  Limit  (cost=70.14..181.08 rows=100 width=8) (actual time=275.129..386.799 rows=100 loops=1)
         ->  Bitmap Heap Scan on files  (cost=70.14..1135.10 rows=960 width=8) (actual time=275.128..386.771 rows=100 loops=1)
               Recheck Cond: (contents ~ 'fmt\.Println'::text)
               Rows Removed by Index Recheck: 60
               Heap Blocks: exact=99
               ->  Bitmap Index Scan on files_contents_trgm_idx  (cost=0.00..69.90 rows=960 width=0) (actual time=177.941..177.956 rows=45273 loops=1)
                     Index Cond: (contents ~ 'fmt\.Println'::text)
 Planning Time: 28.821 ms
 Execution Time: 387.958 ms
(10 rows)

Time: 418.152 ms
TIME:14:21:08
query: EXPLAIN ANALYZE select count(id) from (select id from files where contents ~ 'fmt\.Println' limit 100) as e;
Timing is on.
                                                                      QUERY PLAN                                                                       
-------------------------------------------------------------------------------------------------------------------------------------------------------
 Aggregate  (cost=182.33..182.34 rows=1 width=8) (actual time=391.414..391.416 rows=1 loops=1)
   ->  Limit  (cost=70.14..181.08 rows=100 width=8) (actual time=279.446..391.356 rows=100 loops=1)
         ->  Bitmap Heap Scan on files  (cost=70.14..1135.10 rows=960 width=8) (actual time=279.444..391.308 rows=100 loops=1)
               Recheck Cond: (contents ~ 'fmt\.Println'::text)
               Rows Removed by Index Recheck: 60
               Heap Blocks: exact=99
               ->  Bitmap Index Scan on files_contents_trgm_idx  (cost=0.00..69.90 rows=960 width=0) (actual time=181.180..181.180 rows=45273 loops=1)
                     Index Cond: (contents ~ 'fmt\.Println'::text)
 Planning Time: 30.456 ms
 Execution Time: 392.517 ms
(10 rows)

Time: 424.593 ms
TIME:14:21:09
query: EXPLAIN ANALYZE select count(id) from (select id from files where contents ~ 'fmt\.Println' limit 100) as e;
Timing is on.
                                                                      QUERY PLAN                                                                       
-------------------------------------------------------------------------------------------------------------------------------------------------------
 Aggregate  (cost=182.33..182.34 rows=1 width=8) (actual time=386.288..386.289 rows=1 loops=1)
   ->  Limit  (cost=70.14..181.08 rows=100 width=8) (actual time=277.583..386.222 rows=100 loops=1)
         ->  Bitmap Heap Scan on files  (cost=70.14..1135.10 rows=960 width=8) (actual time=277.582..386.194 rows=100 loops=1)
               Recheck Cond: (contents ~ 'fmt\.Println'::text)
               Rows Removed by Index Recheck: 60
               Heap Blocks: exact=99
               ->  Bitmap Index Scan on files_contents_trgm_idx  (cost=0.00..69.90 rows=960 width=0) (actual time=179.816..179.816 rows=45273 loops=1)
                     Index Cond: (contents ~ 'fmt\.Println'::text)
 Planning Time: 28.390 ms
 Execution Time: 387.415 ms
(10 rows)

Time: 417.197 ms
TIME:14:21:10
query: EXPLAIN ANALYZE select count(id) from (select id from files where contents ~ 'fmt\.Println' limit 100) as e;
Timing is on.
                                                                      QUERY PLAN                                                                       
-------------------------------------------------------------------------------------------------------------------------------------------------------
 Aggregate  (cost=182.33..182.34 rows=1 width=8) (actual time=387.534..387.536 rows=1 loops=1)
   ->  Limit  (cost=70.14..181.08 rows=100 width=8) (actual time=274.827..387.487 rows=100 loops=1)
         ->  Bitmap Heap Scan on files  (cost=70.14..1135.10 rows=960 width=8) (actual time=274.825..387.454 rows=100 loops=1)
               Recheck Cond: (contents ~ 'fmt\.Println'::text)
               Rows Removed by Index Recheck: 60
               Heap Blocks: exact=99
               ->  Bitmap Index Scan on files_contents_trgm_idx  (cost=0.00..69.90 rows=960 width=0) (actual time=178.268..178.269 rows=45273 loops=1)
                     Index Cond: (contents ~ 'fmt\.Println'::text)
 Planning Time: 29.837 ms
 Execution Time: 388.643 ms
(10 rows)

Time: 419.659 ms
TIME:14:21:10
query: EXPLAIN ANALYZE select count(id) from (select id from files where contents ~ 'fmt\.Println' limit 100) as e;
Timing is on.
                                                                      QUERY PLAN                                                                       
-------------------------------------------------------------------------------------------------------------------------------------------------------
 Aggregate  (cost=182.33..182.34 rows=1 width=8) (actual time=393.423..393.424 rows=1 loops=1)
   ->  Limit  (cost=70.14..181.08 rows=100 width=8) (actual time=281.779..393.365 rows=100 loops=1)
         ->  Bitmap Heap Scan on files  (cost=70.14..1135.10 rows=960 width=8) (actual time=281.777..393.337 rows=100 loops=1)
               Recheck Cond: (contents ~ 'fmt\.Println'::text)
               Rows Removed by Index Recheck: 60
               Heap Blocks: exact=99
               ->  Bitmap Index Scan on files_contents_trgm_idx  (cost=0.00..69.90 rows=960 width=0) (actual time=185.236..185.236 rows=45273 loops=1)
                     Index Cond: (contents ~ 'fmt\.Println'::text)
 Planning Time: 37.843 ms
 Execution Time: 394.836 ms
(10 rows)

Time: 434.164 ms
TIME:14:21:11
query: EXPLAIN ANALYZE select count(id) from (select id from files where contents ~ 'fmt\.Println' limit 100) as e;
Timing is on.
                                                                      QUERY PLAN                                                                       
-------------------------------------------------------------------------------------------------------------------------------------------------------
 Aggregate  (cost=182.33..182.34 rows=1 width=8) (actual time=395.905..395.906 rows=1 loops=1)
   ->  Limit  (cost=70.14..181.08 rows=100 width=8) (actual time=280.604..395.838 rows=100 loops=1)
         ->  Bitmap Heap Scan on files  (cost=70.14..1135.10 rows=960 width=8) (actual time=280.603..395.806 rows=100 loops=1)
               Recheck Cond: (contents ~ 'fmt\.Println'::text)
               Rows Removed by Index Recheck: 60
               Heap Blocks: exact=99
               ->  Bitmap Index Scan on files_contents_trgm_idx  (cost=0.00..69.90 rows=960 width=0) (actual time=182.927..182.928 rows=45273 loops=1)
                     Index Cond: (contents ~ 'fmt\.Println'::text)
 Planning Time: 28.413 ms
 Execution Time: 397.099 ms
(10 rows)

Time: 426.889 ms
TIME:14:21:12
query: EXPLAIN ANALYZE select count(id) from (select id from files where contents ~ 'fmt\.Println' limit 100) as e;
Timing is on.
                                                                      QUERY PLAN                                                                       
-------------------------------------------------------------------------------------------------------------------------------------------------------
 Aggregate  (cost=182.33..182.34 rows=1 width=8) (actual time=390.337..390.338 rows=1 loops=1)
   ->  Limit  (cost=70.14..181.08 rows=100 width=8) (actual time=276.759..390.223 rows=100 loops=1)
         ->  Bitmap Heap Scan on files  (cost=70.14..1135.10 rows=960 width=8) (actual time=276.713..390.147 rows=100 loops=1)
               Recheck Cond: (contents ~ 'fmt\.Println'::text)
               Rows Removed by Index Recheck: 60
               Heap Blocks: exact=99
               ->  Bitmap Index Scan on files_contents_trgm_idx  (cost=0.00..69.90 rows=960 width=0) (actual time=176.749..176.750 rows=45273 loops=1)
                     Index Cond: (contents ~ 'fmt\.Println'::text)
 Planning Time: 29.077 ms
 Execution Time: 391.590 ms
(10 rows)

Time: 422.018 ms
TIME:14:21:12
query: EXPLAIN ANALYZE select count(id) from (select id from files where contents ~ 'fmt\.Println' limit 100) as e;
Timing is on.
                                                                      QUERY PLAN                                                                       
-------------------------------------------------------------------------------------------------------------------------------------------------------
 Aggregate  (cost=182.33..182.34 rows=1 width=8) (actual time=395.476..395.478 rows=1 loops=1)
   ->  Limit  (cost=70.14..181.08 rows=100 width=8) (actual time=278.949..395.333 rows=100 loops=1)
         ->  Bitmap Heap Scan on files  (cost=70.14..1135.10 rows=960 width=8) (actual time=278.932..395.287 rows=100 loops=1)
               Recheck Cond: (contents ~ 'fmt\.Println'::text)
               Rows Removed by Index Recheck: 60
               Heap Blocks: exact=99
               ->  Bitmap Index Scan on files_contents_trgm_idx  (cost=0.00..69.90 rows=960 width=0) (actual time=181.808..181.809 rows=45273 loops=1)
                     Index Cond: (contents ~ 'fmt\.Println'::text)
 Planning Time: 30.044 ms
 Execution Time: 396.538 ms
(10 rows)

Time: 427.931 ms
TIME:14:21:13
query: EXPLAIN ANALYZE select count(id) from (select id from files where contents ~ 'fmt\.Println' limit 100) as e;
Timing is on.
                                                                      QUERY PLAN                                                                       
-------------------------------------------------------------------------------------------------------------------------------------------------------
 Aggregate  (cost=182.33..182.34 rows=1 width=8) (actual time=427.743..427.745 rows=1 loops=1)
   ->  Limit  (cost=70.14..181.08 rows=100 width=8) (actual time=313.913..427.683 rows=100 loops=1)
         ->  Bitmap Heap Scan on files  (cost=70.14..1135.10 rows=960 width=8) (actual time=313.911..427.654 rows=100 loops=1)
               Recheck Cond: (contents ~ 'fmt\.Println'::text)
               Rows Removed by Index Recheck: 60
               Heap Blocks: exact=99
               ->  Bitmap Index Scan on files_contents_trgm_idx  (cost=0.00..69.90 rows=960 width=0) (actual time=208.876..208.877 rows=45273 loops=1)
                     Index Cond: (contents ~ 'fmt\.Println'::text)
 Planning Time: 34.241 ms
 Execution Time: 429.065 ms
(10 rows)

Time: 464.690 ms
TIME:14:21:14
query: EXPLAIN ANALYZE select count(id) from (select id from files where contents ~ 'fmt\.Println' limit 100) as e;
Timing is on.
                                                                      QUERY PLAN                                                                       
-------------------------------------------------------------------------------------------------------------------------------------------------------
 Aggregate  (cost=182.33..182.34 rows=1 width=8) (actual time=385.879..385.880 rows=1 loops=1)
   ->  Limit  (cost=70.14..181.08 rows=100 width=8) (actual time=275.020..385.821 rows=100 loops=1)
         ->  Bitmap Heap Scan on files  (cost=70.14..1135.10 rows=960 width=8) (actual time=275.019..385.775 rows=100 loops=1)
               Recheck Cond: (contents ~ 'fmt\.Println'::text)
               Rows Removed by Index Recheck: 60
               Heap Blocks: exact=99
               ->  Bitmap Index Scan on files_contents_trgm_idx  (cost=0.00..69.90 rows=960 width=0) (actual time=174.530..174.530 rows=45273 loops=1)
                     Index Cond: (contents ~ 'fmt\.Println'::text)
 Planning Time: 28.429 ms
 Execution Time: 387.011 ms
(10 rows)

Time: 416.686 ms
TIME:14:21:14
query: EXPLAIN ANALYZE select count(id) from (select id from files where contents ~ 'fmt\.Println' limit 100) as e;
Timing is on.
                                                                      QUERY PLAN                                                                       
-------------------------------------------------------------------------------------------------------------------------------------------------------
 Aggregate  (cost=182.33..182.34 rows=1 width=8) (actual time=391.104..391.106 rows=1 loops=1)
   ->  Limit  (cost=70.14..181.08 rows=100 width=8) (actual time=276.227..391.054 rows=100 loops=1)
         ->  Bitmap Heap Scan on files  (cost=70.14..1135.10 rows=960 width=8) (actual time=276.225..391.006 rows=100 loops=1)
               Recheck Cond: (contents ~ 'fmt\.Println'::text)
               Rows Removed by Index Recheck: 60
               Heap Blocks: exact=99
               ->  Bitmap Index Scan on files_contents_trgm_idx  (cost=0.00..69.90 rows=960 width=0) (actual time=179.588..179.588 rows=45273 loops=1)
                     Index Cond: (contents ~ 'fmt\.Println'::text)
 Planning Time: 29.736 ms
 Execution Time: 392.323 ms
(10 rows)

Time: 423.585 ms
TIME:14:21:15
query: EXPLAIN ANALYZE select count(id) from (select id from files where contents ~ 'fmt\.Println' limit 100) as e;
Timing is on.
                                                                      QUERY PLAN                                                                       
-------------------------------------------------------------------------------------------------------------------------------------------------------
 Aggregate  (cost=182.33..182.34 rows=1 width=8) (actual time=389.923..389.924 rows=1 loops=1)
   ->  Limit  (cost=70.14..181.08 rows=100 width=8) (actual time=278.793..389.882 rows=100 loops=1)
         ->  Bitmap Heap Scan on files  (cost=70.14..1135.10 rows=960 width=8) (actual time=278.791..389.854 rows=100 loops=1)
               Recheck Cond: (contents ~ 'fmt\.Println'::text)
               Rows Removed by Index Recheck: 60
               Heap Blocks: exact=99
               ->  Bitmap Index Scan on files_contents_trgm_idx  (cost=0.00..69.90 rows=960 width=0) (actual time=179.119..179.119 rows=45273 loops=1)
                     Index Cond: (contents ~ 'fmt\.Println'::text)
 Planning Time: 30.804 ms
 Execution Time: 391.022 ms
(10 rows)

Time: 423.085 ms
TIME:14:21:15
query: EXPLAIN ANALYZE select count(id) from (select id from files where contents ~ 'fmt\.Println' limit 100) as e;
Timing is on.
                                                                      QUERY PLAN                                                                       
-------------------------------------------------------------------------------------------------------------------------------------------------------
 Aggregate  (cost=182.33..182.34 rows=1 width=8) (actual time=420.332..420.333 rows=1 loops=1)
   ->  Limit  (cost=70.14..181.08 rows=100 width=8) (actual time=291.932..420.229 rows=100 loops=1)
         ->  Bitmap Heap Scan on files  (cost=70.14..1135.10 rows=960 width=8) (actual time=291.930..420.176 rows=100 loops=1)
               Recheck Cond: (contents ~ 'fmt\.Println'::text)
               Rows Removed by Index Recheck: 60
               Heap Blocks: exact=99
               ->  Bitmap Index Scan on files_contents_trgm_idx  (cost=0.00..69.90 rows=960 width=0) (actual time=194.362..194.362 rows=45273 loops=1)
                     Index Cond: (contents ~ 'fmt\.Println'::text)
 Planning Time: 28.770 ms
 Execution Time: 421.475 ms
(10 rows)

Time: 451.619 ms
TIME:14:21:16
query: EXPLAIN ANALYZE select count(id) from (select id from files where contents ~ 'fmt\.Println' limit 100) as e;
Timing is on.
                                                                      QUERY PLAN                                                                       
-------------------------------------------------------------------------------------------------------------------------------------------------------
 Aggregate  (cost=182.33..182.34 rows=1 width=8) (actual time=398.507..398.508 rows=1 loops=1)
   ->  Limit  (cost=70.14..181.08 rows=100 width=8) (actual time=288.291..398.453 rows=100 loops=1)
         ->  Bitmap Heap Scan on files  (cost=70.14..1135.10 rows=960 width=8) (actual time=288.290..398.410 rows=100 loops=1)
               Recheck Cond: (contents ~ 'fmt\.Println'::text)
               Rows Removed by Index Recheck: 60
               Heap Blocks: exact=99
               ->  Bitmap Index Scan on files_contents_trgm_idx  (cost=0.00..69.90 rows=960 width=0) (actual time=192.434..192.434 rows=45273 loops=1)
                     Index Cond: (contents ~ 'fmt\.Println'::text)
 Planning Time: 29.062 ms
 Execution Time: 399.595 ms
(10 rows)

Time: 429.933 ms
TIME:14:21:17
query: EXPLAIN ANALYZE select count(id) from (select id from files where contents ~ 'fmt\.Println' limit 100) as e;
Timing is on.
                                                                      QUERY PLAN                                                                       
-------------------------------------------------------------------------------------------------------------------------------------------------------
 Aggregate  (cost=182.33..182.34 rows=1 width=8) (actual time=377.375..377.377 rows=1 loops=1)
   ->  Limit  (cost=70.14..181.08 rows=100 width=8) (actual time=266.924..377.319 rows=100 loops=1)
         ->  Bitmap Heap Scan on files  (cost=70.14..1135.10 rows=960 width=8) (actual time=266.923..377.291 rows=100 loops=1)
               Recheck Cond: (contents ~ 'fmt\.Println'::text)
               Rows Removed by Index Recheck: 60
               Heap Blocks: exact=99
               ->  Bitmap Index Scan on files_contents_trgm_idx  (cost=0.00..69.90 rows=960 width=0) (actual time=172.062..172.062 rows=45273 loops=1)
                     Index Cond: (contents ~ 'fmt\.Println'::text)
 Planning Time: 28.736 ms
 Execution Time: 378.714 ms
(10 rows)

Time: 408.718 ms
TIME:14:21:17
query: EXPLAIN ANALYZE select count(id) from (select id from files where contents ~ 'fmt\.Println' limit 100) as e;
Timing is on.
                                                                      QUERY PLAN                                                                       
-------------------------------------------------------------------------------------------------------------------------------------------------------
 Aggregate  (cost=182.33..182.34 rows=1 width=8) (actual time=379.076..379.077 rows=1 loops=1)
   ->  Limit  (cost=70.14..181.08 rows=100 width=8) (actual time=269.008..379.036 rows=100 loops=1)
         ->  Bitmap Heap Scan on files  (cost=70.14..1135.10 rows=960 width=8) (actual time=269.006..378.976 rows=100 loops=1)
               Recheck Cond: (contents ~ 'fmt\.Println'::text)
               Rows Removed by Index Recheck: 60
               Heap Blocks: exact=99
               ->  Bitmap Index Scan on files_contents_trgm_idx  (cost=0.00..69.90 rows=960 width=0) (actual time=174.152..174.152 rows=45273 loops=1)
                     Index Cond: (contents ~ 'fmt\.Println'::text)
 Planning Time: 28.350 ms
 Execution Time: 380.163 ms
(10 rows)

Time: 409.864 ms
TIME:14:21:18
query: EXPLAIN ANALYZE select count(id) from (select id from files where contents ~ 'fmt\.Println' limit 100) as e;
Timing is on.
                                                                      QUERY PLAN                                                                       
-------------------------------------------------------------------------------------------------------------------------------------------------------
 Aggregate  (cost=182.33..182.34 rows=1 width=8) (actual time=413.627..413.629 rows=1 loops=1)
   ->  Limit  (cost=70.14..181.08 rows=100 width=8) (actual time=294.573..413.552 rows=100 loops=1)
         ->  Bitmap Heap Scan on files  (cost=70.14..1135.10 rows=960 width=8) (actual time=294.572..413.488 rows=100 loops=1)
               Recheck Cond: (contents ~ 'fmt\.Println'::text)
               Rows Removed by Index Recheck: 60
               Heap Blocks: exact=99
               ->  Bitmap Index Scan on files_contents_trgm_idx  (cost=0.00..69.90 rows=960 width=0) (actual time=177.724..177.725 rows=45273 loops=1)
                     Index Cond: (contents ~ 'fmt\.Println'::text)
 Planning Time: 29.691 ms
 Execution Time: 414.716 ms
(10 rows)

Time: 445.652 ms
TIME:14:21:19
query: EXPLAIN ANALYZE select count(id) from (select id from files where contents ~ 'fmt\.Println' limit 100) as e;
Timing is on.
                                                                      QUERY PLAN                                                                       
-------------------------------------------------------------------------------------------------------------------------------------------------------
 Aggregate  (cost=182.33..182.34 rows=1 width=8) (actual time=389.958..389.959 rows=1 loops=1)
   ->  Limit  (cost=70.14..181.08 rows=100 width=8) (actual time=280.223..389.916 rows=100 loops=1)
         ->  Bitmap Heap Scan on files  (cost=70.14..1135.10 rows=960 width=8) (actual time=280.221..389.888 rows=100 loops=1)
               Recheck Cond: (contents ~ 'fmt\.Println'::text)
               Rows Removed by Index Recheck: 60
               Heap Blocks: exact=99
               ->  Bitmap Index Scan on files_contents_trgm_idx  (cost=0.00..69.90 rows=960 width=0) (actual time=180.664..180.664 rows=45273 loops=1)
                     Index Cond: (contents ~ 'fmt\.Println'::text)
 Planning Time: 28.738 ms
 Execution Time: 390.967 ms
(10 rows)

Time: 420.948 ms
TIME:14:21:19
query: EXPLAIN ANALYZE select count(id) from (select id from files where contents ~ 'fmt\.Println' limit 100) as e;
Timing is on.
                                                                      QUERY PLAN                                                                       
-------------------------------------------------------------------------------------------------------------------------------------------------------
 Aggregate  (cost=182.33..182.34 rows=1 width=8) (actual time=379.180..379.182 rows=1 loops=1)
   ->  Limit  (cost=70.14..181.08 rows=100 width=8) (actual time=268.127..379.123 rows=100 loops=1)
         ->  Bitmap Heap Scan on files  (cost=70.14..1135.10 rows=960 width=8) (actual time=268.126..379.095 rows=100 loops=1)
               Recheck Cond: (contents ~ 'fmt\.Println'::text)
               Rows Removed by Index Recheck: 60
               Heap Blocks: exact=99
               ->  Bitmap Index Scan on files_contents_trgm_idx  (cost=0.00..69.90 rows=960 width=0) (actual time=173.046..173.047 rows=45273 loops=1)
                     Index Cond: (contents ~ 'fmt\.Println'::text)
 Planning Time: 29.476 ms
 Execution Time: 380.145 ms
(10 rows)

Time: 411.091 ms
TIME:14:21:20
query: EXPLAIN ANALYZE select count(id) from (select id from files where contents ~ 'fmt\.Println' limit 100) as e;
Timing is on.
                                                                      QUERY PLAN                                                                       
-------------------------------------------------------------------------------------------------------------------------------------------------------
 Aggregate  (cost=182.33..182.34 rows=1 width=8) (actual time=381.519..381.520 rows=1 loops=1)
   ->  Limit  (cost=70.14..181.08 rows=100 width=8) (actual time=269.767..381.473 rows=100 loops=1)
         ->  Bitmap Heap Scan on files  (cost=70.14..1135.10 rows=960 width=8) (actual time=269.766..381.426 rows=100 loops=1)
               Recheck Cond: (contents ~ 'fmt\.Println'::text)
               Rows Removed by Index Recheck: 60
               Heap Blocks: exact=99
               ->  Bitmap Index Scan on files_contents_trgm_idx  (cost=0.00..69.90 rows=960 width=0) (actual time=174.767..174.767 rows=45273 loops=1)
                     Index Cond: (contents ~ 'fmt\.Println'::text)
 Planning Time: 28.734 ms
 Execution Time: 382.622 ms
(10 rows)

Time: 412.611 ms
TIME:14:21:21
query: EXPLAIN ANALYZE select count(id) from (select id from files where contents ~ 'fmt\.Println' limit 100) as e;
Timing is on.
                                                                      QUERY PLAN                                                                       
-------------------------------------------------------------------------------------------------------------------------------------------------------
 Aggregate  (cost=182.33..182.34 rows=1 width=8) (actual time=441.997..441.999 rows=1 loops=1)
   ->  Limit  (cost=70.14..181.08 rows=100 width=8) (actual time=271.863..441.931 rows=100 loops=1)
         ->  Bitmap Heap Scan on files  (cost=70.14..1135.10 rows=960 width=8) (actual time=271.861..441.876 rows=100 loops=1)
               Recheck Cond: (contents ~ 'fmt\.Println'::text)
               Rows Removed by Index Recheck: 60
               Heap Blocks: exact=99
               ->  Bitmap Index Scan on files_contents_trgm_idx  (cost=0.00..69.90 rows=960 width=0) (actual time=174.660..174.661 rows=45273 loops=1)
                     Index Cond: (contents ~ 'fmt\.Println'::text)
 Planning Time: 29.278 ms
 Execution Time: 442.999 ms
(10 rows)

Time: 473.589 ms
TIME:14:21:21
query: EXPLAIN ANALYZE select count(id) from (select id from files where contents ~ 'fmt\.Println' limit 100) as e;
Timing is on.
                                                                      QUERY PLAN                                                                       
-------------------------------------------------------------------------------------------------------------------------------------------------------
 Aggregate  (cost=182.33..182.34 rows=1 width=8) (actual time=391.841..391.842 rows=1 loops=1)
   ->  Limit  (cost=70.14..181.08 rows=100 width=8) (actual time=282.006..391.801 rows=100 loops=1)
         ->  Bitmap Heap Scan on files  (cost=70.14..1135.10 rows=960 width=8) (actual time=281.954..391.707 rows=100 loops=1)
               Recheck Cond: (contents ~ 'fmt\.Println'::text)
               Rows Removed by Index Recheck: 60
               Heap Blocks: exact=99
               ->  Bitmap Index Scan on files_contents_trgm_idx  (cost=0.00..69.90 rows=960 width=0) (actual time=184.886..184.886 rows=45273 loops=1)
                     Index Cond: (contents ~ 'fmt\.Println'::text)
 Planning Time: 29.173 ms
 Execution Time: 392.960 ms
(10 rows)

Time: 423.381 ms
TIME:14:21:22
query: EXPLAIN ANALYZE select count(id) from (select id from files where contents ~ 'fmt\.Println' limit 100) as e;
Timing is on.
                                                                      QUERY PLAN                                                                       
-------------------------------------------------------------------------------------------------------------------------------------------------------
 Aggregate  (cost=182.33..182.34 rows=1 width=8) (actual time=384.168..384.169 rows=1 loops=1)
   ->  Limit  (cost=70.14..181.08 rows=100 width=8) (actual time=273.149..384.124 rows=100 loops=1)
         ->  Bitmap Heap Scan on files  (cost=70.14..1135.10 rows=960 width=8) (actual time=273.148..384.063 rows=100 loops=1)
               Recheck Cond: (contents ~ 'fmt\.Println'::text)
               Rows Removed by Index Recheck: 60
               Heap Blocks: exact=99
               ->  Bitmap Index Scan on files_contents_trgm_idx  (cost=0.00..69.90 rows=960 width=0) (actual time=176.752..176.753 rows=45273 loops=1)
                     Index Cond: (contents ~ 'fmt\.Println'::text)
 Planning Time: 28.746 ms
 Execution Time: 385.231 ms
(10 rows)

Time: 415.287 ms
TIME:14:21:23
query: EXPLAIN ANALYZE select count(id) from (select id from files where contents ~ 'fmt\.Println' limit 100) as e;
Timing is on.
                                                                      QUERY PLAN                                                                       
-------------------------------------------------------------------------------------------------------------------------------------------------------
 Aggregate  (cost=182.33..182.34 rows=1 width=8) (actual time=383.470..383.471 rows=1 loops=1)
   ->  Limit  (cost=70.14..181.08 rows=100 width=8) (actual time=273.690..383.414 rows=100 loops=1)
         ->  Bitmap Heap Scan on files  (cost=70.14..1135.10 rows=960 width=8) (actual time=273.688..383.386 rows=100 loops=1)
               Recheck Cond: (contents ~ 'fmt\.Println'::text)
               Rows Removed by Index Recheck: 60
               Heap Blocks: exact=99
               ->  Bitmap Index Scan on files_contents_trgm_idx  (cost=0.00..69.90 rows=960 width=0) (actual time=176.181..176.181 rows=45273 loops=1)
                     Index Cond: (contents ~ 'fmt\.Println'::text)
 Planning Time: 31.216 ms
 Execution Time: 384.576 ms
(10 rows)

Time: 417.549 ms
TIME:14:21:23
query: EXPLAIN ANALYZE select count(id) from (select id from files where contents ~ 'fmt\.Println' limit 100) as e;
Timing is on.
                                                                      QUERY PLAN                                                                       
-------------------------------------------------------------------------------------------------------------------------------------------------------
 Aggregate  (cost=182.33..182.34 rows=1 width=8) (actual time=421.890..421.892 rows=1 loops=1)
   ->  Limit  (cost=70.14..181.08 rows=100 width=8) (actual time=298.791..421.826 rows=100 loops=1)
         ->  Bitmap Heap Scan on files  (cost=70.14..1135.10 rows=960 width=8) (actual time=298.789..421.769 rows=100 loops=1)
               Recheck Cond: (contents ~ 'fmt\.Println'::text)
               Rows Removed by Index Recheck: 60
               Heap Blocks: exact=99
               ->  Bitmap Index Scan on files_contents_trgm_idx  (cost=0.00..69.90 rows=960 width=0) (actual time=201.301..201.301 rows=45273 loops=1)
                     Index Cond: (contents ~ 'fmt\.Println'::text)
 Planning Time: 29.379 ms
 Execution Time: 423.161 ms
(10 rows)

Time: 453.840 ms
TIME:14:21:24
query: EXPLAIN ANALYZE select count(id) from (select id from files where contents ~ 'fmt\.Println' limit 100) as e;
Timing is on.
                                                                      QUERY PLAN                                                                       
-------------------------------------------------------------------------------------------------------------------------------------------------------
 Aggregate  (cost=182.33..182.34 rows=1 width=8) (actual time=382.087..382.088 rows=1 loops=1)
   ->  Limit  (cost=70.14..181.08 rows=100 width=8) (actual time=271.028..382.043 rows=100 loops=1)
         ->  Bitmap Heap Scan on files  (cost=70.14..1135.10 rows=960 width=8) (actual time=271.027..382.011 rows=100 loops=1)
               Recheck Cond: (contents ~ 'fmt\.Println'::text)
               Rows Removed by Index Recheck: 60
               Heap Blocks: exact=99
               ->  Bitmap Index Scan on files_contents_trgm_idx  (cost=0.00..69.90 rows=960 width=0) (actual time=176.111..176.111 rows=45273 loops=1)
                     Index Cond: (contents ~ 'fmt\.Println'::text)
 Planning Time: 28.384 ms
 Execution Time: 383.215 ms
(10 rows)

Time: 412.852 ms
TIME:14:21:24
query: EXPLAIN ANALYZE select count(id) from (select id from files where contents ~ 'fmt\.Println' limit 100) as e;
Timing is on.
                                                                      QUERY PLAN                                                                       
-------------------------------------------------------------------------------------------------------------------------------------------------------
 Aggregate  (cost=182.33..182.34 rows=1 width=8) (actual time=392.272..392.273 rows=1 loops=1)
   ->  Limit  (cost=70.14..181.08 rows=100 width=8) (actual time=281.013..392.214 rows=100 loops=1)
         ->  Bitmap Heap Scan on files  (cost=70.14..1135.10 rows=960 width=8) (actual time=281.011..392.184 rows=100 loops=1)
               Recheck Cond: (contents ~ 'fmt\.Println'::text)
               Rows Removed by Index Recheck: 60
               Heap Blocks: exact=99
               ->  Bitmap Index Scan on files_contents_trgm_idx  (cost=0.00..69.90 rows=960 width=0) (actual time=179.881..179.882 rows=45273 loops=1)
                     Index Cond: (contents ~ 'fmt\.Println'::text)
 Planning Time: 29.313 ms
 Execution Time: 393.452 ms
(10 rows)

Time: 424.041 ms
TIME:14:21:25
query: EXPLAIN ANALYZE select count(id) from (select id from files where contents ~ 'fmt\.Println' limit 100) as e;
Timing is on.
                                                                      QUERY PLAN                                                                       
-------------------------------------------------------------------------------------------------------------------------------------------------------
 Aggregate  (cost=182.33..182.34 rows=1 width=8) (actual time=388.110..388.111 rows=1 loops=1)
   ->  Limit  (cost=70.14..181.08 rows=100 width=8) (actual time=276.378..388.066 rows=100 loops=1)
         ->  Bitmap Heap Scan on files  (cost=70.14..1135.10 rows=960 width=8) (actual time=276.358..388.017 rows=100 loops=1)
               Recheck Cond: (contents ~ 'fmt\.Println'::text)
               Rows Removed by Index Recheck: 60
               Heap Blocks: exact=99
               ->  Bitmap Index Scan on files_contents_trgm_idx  (cost=0.00..69.90 rows=960 width=0) (actual time=180.769..180.769 rows=45273 loops=1)
                     Index Cond: (contents ~ 'fmt\.Println'::text)
 Planning Time: 28.792 ms
 Execution Time: 389.314 ms
(10 rows)

Time: 419.475 ms
TIME:14:21:26
query: EXPLAIN ANALYZE select count(id) from (select id from files where contents ~ 'fmt\.Println' limit 100) as e;
Timing is on.
                                                                      QUERY PLAN                                                                       
-------------------------------------------------------------------------------------------------------------------------------------------------------
 Aggregate  (cost=182.33..182.34 rows=1 width=8) (actual time=382.982..382.984 rows=1 loops=1)
   ->  Limit  (cost=70.14..181.08 rows=100 width=8) (actual time=272.107..382.891 rows=100 loops=1)
         ->  Bitmap Heap Scan on files  (cost=70.14..1135.10 rows=960 width=8) (actual time=272.106..382.860 rows=100 loops=1)
               Recheck Cond: (contents ~ 'fmt\.Println'::text)
               Rows Removed by Index Recheck: 60
               Heap Blocks: exact=99
               ->  Bitmap Index Scan on files_contents_trgm_idx  (cost=0.00..69.90 rows=960 width=0) (actual time=175.961..175.961 rows=45273 loops=1)
                     Index Cond: (contents ~ 'fmt\.Println'::text)
 Planning Time: 29.226 ms
 Execution Time: 384.163 ms
(10 rows)

Time: 414.741 ms
TIME:14:21:26
query: EXPLAIN ANALYZE select count(id) from (select id from files where contents ~ 'fmt\.Println' limit 100) as e;
Timing is on.
                                                                      QUERY PLAN                                                                       
-------------------------------------------------------------------------------------------------------------------------------------------------------
 Aggregate  (cost=182.33..182.34 rows=1 width=8) (actual time=386.119..386.120 rows=1 loops=1)
   ->  Limit  (cost=70.14..181.08 rows=100 width=8) (actual time=276.025..386.078 rows=100 loops=1)
         ->  Bitmap Heap Scan on files  (cost=70.14..1135.10 rows=960 width=8) (actual time=276.023..386.049 rows=100 loops=1)
               Recheck Cond: (contents ~ 'fmt\.Println'::text)
               Rows Removed by Index Recheck: 60
               Heap Blocks: exact=99
               ->  Bitmap Index Scan on files_contents_trgm_idx  (cost=0.00..69.90 rows=960 width=0) (actual time=180.185..180.186 rows=45273 loops=1)
                     Index Cond: (contents ~ 'fmt\.Println'::text)
 Planning Time: 29.552 ms
 Execution Time: 387.108 ms
(10 rows)

Time: 417.995 ms
TIME:14:21:27
query: EXPLAIN ANALYZE select count(id) from (select id from files where contents ~ 'fmt\.Println' limit 100) as e;
Timing is on.
                                                                      QUERY PLAN                                                                       
-------------------------------------------------------------------------------------------------------------------------------------------------------
 Aggregate  (cost=182.33..182.34 rows=1 width=8) (actual time=388.655..388.657 rows=1 loops=1)
   ->  Limit  (cost=70.14..181.08 rows=100 width=8) (actual time=276.326..388.596 rows=100 loops=1)
         ->  Bitmap Heap Scan on files  (cost=70.14..1135.10 rows=960 width=8) (actual time=276.325..388.567 rows=100 loops=1)
               Recheck Cond: (contents ~ 'fmt\.Println'::text)
               Rows Removed by Index Recheck: 60
               Heap Blocks: exact=99
               ->  Bitmap Index Scan on files_contents_trgm_idx  (cost=0.00..69.90 rows=960 width=0) (actual time=179.386..179.387 rows=45273 loops=1)
                     Index Cond: (contents ~ 'fmt\.Println'::text)
 Planning Time: 28.646 ms
 Execution Time: 389.772 ms
(10 rows)

Time: 419.793 ms
TIME:14:21:28
query: EXPLAIN ANALYZE select count(id) from (select id from files where contents ~ 'fmt\.Println' limit 100) as e;
Timing is on.
                                                                      QUERY PLAN                                                                       
-------------------------------------------------------------------------------------------------------------------------------------------------------
 Aggregate  (cost=182.33..182.34 rows=1 width=8) (actual time=391.136..391.138 rows=1 loops=1)
   ->  Limit  (cost=70.14..181.08 rows=100 width=8) (actual time=281.111..391.094 rows=100 loops=1)
         ->  Bitmap Heap Scan on files  (cost=70.14..1135.10 rows=960 width=8) (actual time=281.110..391.066 rows=100 loops=1)
               Recheck Cond: (contents ~ 'fmt\.Println'::text)
               Rows Removed by Index Recheck: 60
               Heap Blocks: exact=99
               ->  Bitmap Index Scan on files_contents_trgm_idx  (cost=0.00..69.90 rows=960 width=0) (actual time=181.574..181.575 rows=45273 loops=1)
                     Index Cond: (contents ~ 'fmt\.Println'::text)
 Planning Time: 30.002 ms
 Execution Time: 392.418 ms
(10 rows)

Time: 423.933 ms
TIME:14:21:28
query: EXPLAIN ANALYZE select count(id) from (select id from files where contents ~ 'fmt\.Println' limit 100) as e;
Timing is on.
                                                                      QUERY PLAN                                                                       
-------------------------------------------------------------------------------------------------------------------------------------------------------
 Aggregate  (cost=182.33..182.34 rows=1 width=8) (actual time=377.954..377.955 rows=1 loops=1)
   ->  Limit  (cost=70.14..181.08 rows=100 width=8) (actual time=268.671..377.913 rows=100 loops=1)
         ->  Bitmap Heap Scan on files  (cost=70.14..1135.10 rows=960 width=8) (actual time=268.670..377.885 rows=100 loops=1)
               Recheck Cond: (contents ~ 'fmt\.Println'::text)
               Rows Removed by Index Recheck: 60
               Heap Blocks: exact=99
               ->  Bitmap Index Scan on files_contents_trgm_idx  (cost=0.00..69.90 rows=960 width=0) (actual time=174.065..174.066 rows=45273 loops=1)
                     Index Cond: (contents ~ 'fmt\.Println'::text)
 Planning Time: 29.963 ms
 Execution Time: 379.198 ms
(10 rows)

Time: 410.675 ms
TIME:14:21:29
query: EXPLAIN ANALYZE select count(id) from (select id from files where contents ~ 'fmt\.Println' limit 100) as e;
Timing is on.
                                                                      QUERY PLAN                                                                       
-------------------------------------------------------------------------------------------------------------------------------------------------------
 Aggregate  (cost=182.33..182.34 rows=1 width=8) (actual time=394.580..394.582 rows=1 loops=1)
   ->  Limit  (cost=70.14..181.08 rows=100 width=8) (actual time=282.819..394.508 rows=100 loops=1)
         ->  Bitmap Heap Scan on files  (cost=70.14..1135.10 rows=960 width=8) (actual time=282.818..394.466 rows=100 loops=1)
               Recheck Cond: (contents ~ 'fmt\.Println'::text)
               Rows Removed by Index Recheck: 60
               Heap Blocks: exact=99
               ->  Bitmap Index Scan on files_contents_trgm_idx  (cost=0.00..69.90 rows=960 width=0) (actual time=187.515..187.516 rows=45273 loops=1)
                     Index Cond: (contents ~ 'fmt\.Println'::text)
 Planning Time: 34.891 ms
 Execution Time: 396.076 ms
(10 rows)

Time: 432.534 ms
TIME:14:21:30
query: EXPLAIN ANALYZE select count(id) from (select id from files where contents ~ 'fmt\.Println' limit 100) as e;
Timing is on.
                                                                      QUERY PLAN                                                                       
-------------------------------------------------------------------------------------------------------------------------------------------------------
 Aggregate  (cost=182.33..182.34 rows=1 width=8) (actual time=375.892..375.893 rows=1 loops=1)
   ->  Limit  (cost=70.14..181.08 rows=100 width=8) (actual time=266.259..375.853 rows=100 loops=1)
         ->  Bitmap Heap Scan on files  (cost=70.14..1135.10 rows=960 width=8) (actual time=266.258..375.825 rows=100 loops=1)
               Recheck Cond: (contents ~ 'fmt\.Println'::text)
               Rows Removed by Index Recheck: 60
               Heap Blocks: exact=99
               ->  Bitmap Index Scan on files_contents_trgm_idx  (cost=0.00..69.90 rows=960 width=0) (actual time=171.457..171.457 rows=45273 loops=1)
                     Index Cond: (contents ~ 'fmt\.Println'::text)
 Planning Time: 28.317 ms
 Execution Time: 377.175 ms
(10 rows)

Time: 406.892 ms
TIME:14:21:30
query: EXPLAIN ANALYZE select count(id) from (select id from files where contents ~ 'fmt\.Println' limit 100) as e;
Timing is on.
                                                                      QUERY PLAN                                                                       
-------------------------------------------------------------------------------------------------------------------------------------------------------
 Aggregate  (cost=182.33..182.34 rows=1 width=8) (actual time=384.842..384.843 rows=1 loops=1)
   ->  Limit  (cost=70.14..181.08 rows=100 width=8) (actual time=270.814..384.793 rows=100 loops=1)
         ->  Bitmap Heap Scan on files  (cost=70.14..1135.10 rows=960 width=8) (actual time=270.813..384.761 rows=100 loops=1)
               Recheck Cond: (contents ~ 'fmt\.Println'::text)
               Rows Removed by Index Recheck: 60
               Heap Blocks: exact=99
               ->  Bitmap Index Scan on files_contents_trgm_idx  (cost=0.00..69.90 rows=960 width=0) (actual time=174.226..174.226 rows=45273 loops=1)
                     Index Cond: (contents ~ 'fmt\.Println'::text)
 Planning Time: 29.058 ms
 Execution Time: 385.888 ms
(10 rows)

Time: 416.289 ms
TIME:14:21:31
query: EXPLAIN ANALYZE select count(id) from (select id from files where contents ~ 'fmt\.Println' limit 100) as e;
Timing is on.
                                                                      QUERY PLAN                                                                       
-------------------------------------------------------------------------------------------------------------------------------------------------------
 Aggregate  (cost=182.33..182.34 rows=1 width=8) (actual time=393.318..393.319 rows=1 loops=1)
   ->  Limit  (cost=70.14..181.08 rows=100 width=8) (actual time=278.439..393.257 rows=100 loops=1)
         ->  Bitmap Heap Scan on files  (cost=70.14..1135.10 rows=960 width=8) (actual time=278.437..393.194 rows=100 loops=1)
               Recheck Cond: (contents ~ 'fmt\.Println'::text)
               Rows Removed by Index Recheck: 60
               Heap Blocks: exact=99
               ->  Bitmap Index Scan on files_contents_trgm_idx  (cost=0.00..69.90 rows=960 width=0) (actual time=179.650..179.650 rows=45273 loops=1)
                     Index Cond: (contents ~ 'fmt\.Println'::text)
 Planning Time: 29.353 ms
 Execution Time: 394.467 ms
(10 rows)

Time: 425.119 ms
TIME:14:21:31
query: EXPLAIN ANALYZE select count(id) from (select id from files where contents ~ 'fmt\.Println' limit 100) as e;
Timing is on.
                                                                      QUERY PLAN                                                                       
-------------------------------------------------------------------------------------------------------------------------------------------------------
 Aggregate  (cost=182.33..182.34 rows=1 width=8) (actual time=399.829..399.830 rows=1 loops=1)
   ->  Limit  (cost=70.14..181.08 rows=100 width=8) (actual time=289.989..399.788 rows=100 loops=1)
         ->  Bitmap Heap Scan on files  (cost=70.14..1135.10 rows=960 width=8) (actual time=289.987..399.742 rows=100 loops=1)
               Recheck Cond: (contents ~ 'fmt\.Println'::text)
               Rows Removed by Index Recheck: 60
               Heap Blocks: exact=99
               ->  Bitmap Index Scan on files_contents_trgm_idx  (cost=0.00..69.90 rows=960 width=0) (actual time=194.065..194.065 rows=45273 loops=1)
                     Index Cond: (contents ~ 'fmt\.Println'::text)
 Planning Time: 29.393 ms
 Execution Time: 401.003 ms
(10 rows)

Time: 431.685 ms
TIME:14:21:32
query: EXPLAIN ANALYZE select count(id) from (select id from files where contents ~ 'fmt\.Println' limit 100) as e;
Timing is on.
                                                                      QUERY PLAN                                                                       
-------------------------------------------------------------------------------------------------------------------------------------------------------
 Aggregate  (cost=182.33..182.34 rows=1 width=8) (actual time=381.037..381.038 rows=1 loops=1)
   ->  Limit  (cost=70.14..181.08 rows=100 width=8) (actual time=269.263..380.979 rows=100 loops=1)
         ->  Bitmap Heap Scan on files  (cost=70.14..1135.10 rows=960 width=8) (actual time=269.262..380.933 rows=100 loops=1)
               Recheck Cond: (contents ~ 'fmt\.Println'::text)
               Rows Removed by Index Recheck: 60
               Heap Blocks: exact=99
               ->  Bitmap Index Scan on files_contents_trgm_idx  (cost=0.00..69.90 rows=960 width=0) (actual time=173.369..173.369 rows=45273 loops=1)
                     Index Cond: (contents ~ 'fmt\.Println'::text)
 Planning Time: 29.143 ms
 Execution Time: 382.279 ms
(10 rows)

Time: 412.783 ms
TIME:14:21:33
query: EXPLAIN ANALYZE select count(id) from (select id from files where contents ~ 'fmt\.Println' limit 100) as e;
Timing is on.
                                                                      QUERY PLAN                                                                       
-------------------------------------------------------------------------------------------------------------------------------------------------------
 Aggregate  (cost=182.33..182.34 rows=1 width=8) (actual time=386.201..386.202 rows=1 loops=1)
   ->  Limit  (cost=70.14..181.08 rows=100 width=8) (actual time=274.088..386.141 rows=100 loops=1)
         ->  Bitmap Heap Scan on files  (cost=70.14..1135.10 rows=960 width=8) (actual time=274.086..386.112 rows=100 loops=1)
               Recheck Cond: (contents ~ 'fmt\.Println'::text)
               Rows Removed by Index Recheck: 60
               Heap Blocks: exact=99
               ->  Bitmap Index Scan on files_contents_trgm_idx  (cost=0.00..69.90 rows=960 width=0) (actual time=176.904..176.904 rows=45273 loops=1)
                     Index Cond: (contents ~ 'fmt\.Println'::text)
 Planning Time: 28.866 ms
 Execution Time: 387.393 ms
(10 rows)

Time: 417.475 ms
TIME:14:21:33
query: EXPLAIN ANALYZE select count(id) from (select id from files where contents ~ 'fmt\.Println' limit 100) as e;
Timing is on.
                                                                      QUERY PLAN                                                                       
-------------------------------------------------------------------------------------------------------------------------------------------------------
 Aggregate  (cost=182.33..182.34 rows=1 width=8) (actual time=376.445..376.446 rows=1 loops=1)
   ->  Limit  (cost=70.14..181.08 rows=100 width=8) (actual time=269.089..376.405 rows=100 loops=1)
         ->  Bitmap Heap Scan on files  (cost=70.14..1135.10 rows=960 width=8) (actual time=269.088..376.377 rows=100 loops=1)
               Recheck Cond: (contents ~ 'fmt\.Println'::text)
               Rows Removed by Index Recheck: 60
               Heap Blocks: exact=99
               ->  Bitmap Index Scan on files_contents_trgm_idx  (cost=0.00..69.90 rows=960 width=0) (actual time=174.090..174.091 rows=45273 loops=1)
                     Index Cond: (contents ~ 'fmt\.Println'::text)
 Planning Time: 28.629 ms
 Execution Time: 377.608 ms
(10 rows)

Time: 407.516 ms
TIME:14:21:34
query: EXPLAIN ANALYZE select count(id) from (select id from files where contents ~ 'fmt\.Println' limit 100) as e;
Timing is on.
                                                                      QUERY PLAN                                                                       
-------------------------------------------------------------------------------------------------------------------------------------------------------
 Aggregate  (cost=182.33..182.34 rows=1 width=8) (actual time=404.998..404.999 rows=1 loops=1)
   ->  Limit  (cost=70.14..181.08 rows=100 width=8) (actual time=294.943..404.944 rows=100 loops=1)
         ->  Bitmap Heap Scan on files  (cost=70.14..1135.10 rows=960 width=8) (actual time=294.942..404.903 rows=100 loops=1)
               Recheck Cond: (contents ~ 'fmt\.Println'::text)
               Rows Removed by Index Recheck: 60
               Heap Blocks: exact=99
               ->  Bitmap Index Scan on files_contents_trgm_idx  (cost=0.00..69.90 rows=960 width=0) (actual time=178.918..178.919 rows=45273 loops=1)
                     Index Cond: (contents ~ 'fmt\.Println'::text)
 Planning Time: 28.928 ms
 Execution Time: 406.161 ms
(10 rows)

Time: 436.451 ms
TIME:14:21:35
query: EXPLAIN ANALYZE select count(id) from (select id from files where contents ~ 'fmt\.Println' limit 100) as e;
Timing is on.
                                                                      QUERY PLAN                                                                       
-------------------------------------------------------------------------------------------------------------------------------------------------------
 Aggregate  (cost=182.33..182.34 rows=1 width=8) (actual time=380.605..380.606 rows=1 loops=1)
   ->  Limit  (cost=70.14..181.08 rows=100 width=8) (actual time=270.767..380.546 rows=100 loops=1)
         ->  Bitmap Heap Scan on files  (cost=70.14..1135.10 rows=960 width=8) (actual time=270.765..380.501 rows=100 loops=1)
               Recheck Cond: (contents ~ 'fmt\.Println'::text)
               Rows Removed by Index Recheck: 60
               Heap Blocks: exact=99
               ->  Bitmap Index Scan on files_contents_trgm_idx  (cost=0.00..69.90 rows=960 width=0) (actual time=175.281..175.282 rows=45273 loops=1)
                     Index Cond: (contents ~ 'fmt\.Println'::text)
 Planning Time: 29.502 ms
 Execution Time: 381.759 ms
(10 rows)

Time: 412.607 ms
TIME:14:21:35
query: EXPLAIN ANALYZE select count(id) from (select id from files where contents ~ 'fmt\.Println' limit 100) as e;
Timing is on.
                                                                      QUERY PLAN                                                                       
-------------------------------------------------------------------------------------------------------------------------------------------------------
 Aggregate  (cost=182.33..182.34 rows=1 width=8) (actual time=388.487..388.489 rows=1 loops=1)
   ->  Limit  (cost=70.14..181.08 rows=100 width=8) (actual time=278.378..388.448 rows=100 loops=1)
         ->  Bitmap Heap Scan on files  (cost=70.14..1135.10 rows=960 width=8) (actual time=278.377..388.420 rows=100 loops=1)
               Recheck Cond: (contents ~ 'fmt\.Println'::text)
               Rows Removed by Index Recheck: 60
               Heap Blocks: exact=99
               ->  Bitmap Index Scan on files_contents_trgm_idx  (cost=0.00..69.90 rows=960 width=0) (actual time=175.010..175.011 rows=45273 loops=1)
                     Index Cond: (contents ~ 'fmt\.Println'::text)
 Planning Time: 29.727 ms
 Execution Time: 389.605 ms
(10 rows)

Time: 420.630 ms
TIME:14:21:36
query: EXPLAIN ANALYZE select count(id) from (select id from files where contents ~ 'fmt\.Println' limit 100) as e;
Timing is on.
                                                                      QUERY PLAN                                                                       
-------------------------------------------------------------------------------------------------------------------------------------------------------
 Aggregate  (cost=182.33..182.34 rows=1 width=8) (actual time=380.405..380.406 rows=1 loops=1)
   ->  Limit  (cost=70.14..181.08 rows=100 width=8) (actual time=270.681..380.346 rows=100 loops=1)
         ->  Bitmap Heap Scan on files  (cost=70.14..1135.10 rows=960 width=8) (actual time=270.680..380.319 rows=100 loops=1)
               Recheck Cond: (contents ~ 'fmt\.Println'::text)
               Rows Removed by Index Recheck: 60
               Heap Blocks: exact=99
               ->  Bitmap Index Scan on files_contents_trgm_idx  (cost=0.00..69.90 rows=960 width=0) (actual time=174.564..174.565 rows=45273 loops=1)
                     Index Cond: (contents ~ 'fmt\.Println'::text)
 Planning Time: 30.997 ms
 Execution Time: 381.588 ms
(10 rows)

Time: 413.871 ms
TIME:14:21:37
query: EXPLAIN ANALYZE select count(id) from (select id from files where contents ~ 'fmt\.Println' limit 100) as e;
Timing is on.
                                                                      QUERY PLAN                                                                       
-------------------------------------------------------------------------------------------------------------------------------------------------------
 Aggregate  (cost=182.33..182.34 rows=1 width=8) (actual time=384.356..384.358 rows=1 loops=1)
   ->  Limit  (cost=70.14..181.08 rows=100 width=8) (actual time=271.412..384.313 rows=100 loops=1)
         ->  Bitmap Heap Scan on files  (cost=70.14..1135.10 rows=960 width=8) (actual time=271.410..384.283 rows=100 loops=1)
               Recheck Cond: (contents ~ 'fmt\.Println'::text)
               Rows Removed by Index Recheck: 60
               Heap Blocks: exact=99
               ->  Bitmap Index Scan on files_contents_trgm_idx  (cost=0.00..69.90 rows=960 width=0) (actual time=172.300..172.300 rows=45273 loops=1)
                     Index Cond: (contents ~ 'fmt\.Println'::text)
 Planning Time: 29.060 ms
 Execution Time: 385.471 ms
(10 rows)

Time: 415.803 ms
TIME:14:21:38
query: EXPLAIN ANALYZE select count(id) from (select id from files where contents ~ 'fmt\.Println' limit 100) as e;
Timing is on.
                                                                      QUERY PLAN                                                                       
-------------------------------------------------------------------------------------------------------------------------------------------------------
 Aggregate  (cost=182.33..182.34 rows=1 width=8) (actual time=384.038..384.039 rows=1 loops=1)
   ->  Limit  (cost=70.14..181.08 rows=100 width=8) (actual time=270.313..383.995 rows=100 loops=1)
         ->  Bitmap Heap Scan on files  (cost=70.14..1135.10 rows=960 width=8) (actual time=270.311..383.961 rows=100 loops=1)
               Recheck Cond: (contents ~ 'fmt\.Println'::text)
               Rows Removed by Index Recheck: 60
               Heap Blocks: exact=99
               ->  Bitmap Index Scan on files_contents_trgm_idx  (cost=0.00..69.90 rows=960 width=0) (actual time=174.406..174.407 rows=45273 loops=1)
                     Index Cond: (contents ~ 'fmt\.Println'::text)
 Planning Time: 28.334 ms
 Execution Time: 384.970 ms
(10 rows)

Time: 414.720 ms
TIME:14:21:38
query: EXPLAIN ANALYZE select count(id) from (select id from files where contents ~ 'fmt\.Println' limit 100) as e;
Timing is on.
                                                                      QUERY PLAN                                                                       
-------------------------------------------------------------------------------------------------------------------------------------------------------
 Aggregate  (cost=182.33..182.34 rows=1 width=8) (actual time=386.227..386.228 rows=1 loops=1)
   ->  Limit  (cost=70.14..181.08 rows=100 width=8) (actual time=272.906..386.169 rows=100 loops=1)
         ->  Bitmap Heap Scan on files  (cost=70.14..1135.10 rows=960 width=8) (actual time=272.905..386.138 rows=100 loops=1)
               Recheck Cond: (contents ~ 'fmt\.Println'::text)
               Rows Removed by Index Recheck: 60
               Heap Blocks: exact=99
               ->  Bitmap Index Scan on files_contents_trgm_idx  (cost=0.00..69.90 rows=960 width=0) (actual time=172.056..172.056 rows=45273 loops=1)
                     Index Cond: (contents ~ 'fmt\.Println'::text)
 Planning Time: 28.889 ms
 Execution Time: 387.338 ms
(10 rows)

Time: 417.697 ms
TIME:14:21:39
query: EXPLAIN ANALYZE select count(id) from (select id from files where contents ~ 'fmt\.Println' limit 100) as e;
Timing is on.
                                                                      QUERY PLAN                                                                       
-------------------------------------------------------------------------------------------------------------------------------------------------------
 Aggregate  (cost=182.33..182.34 rows=1 width=8) (actual time=388.953..388.954 rows=1 loops=1)
   ->  Limit  (cost=70.14..181.08 rows=100 width=8) (actual time=274.944..388.891 rows=100 loops=1)
         ->  Bitmap Heap Scan on files  (cost=70.14..1135.10 rows=960 width=8) (actual time=274.943..388.861 rows=100 loops=1)
               Recheck Cond: (contents ~ 'fmt\.Println'::text)
               Rows Removed by Index Recheck: 60
               Heap Blocks: exact=99
               ->  Bitmap Index Scan on files_contents_trgm_idx  (cost=0.00..69.90 rows=960 width=0) (actual time=178.471..178.471 rows=45273 loops=1)
                     Index Cond: (contents ~ 'fmt\.Println'::text)
 Planning Time: 29.320 ms
 Execution Time: 390.021 ms
(10 rows)

Time: 420.605 ms
TIME:14:21:40
query: EXPLAIN ANALYZE select count(id) from (select id from files where contents ~ 'fmt\.Println' limit 100) as e;
Timing is on.
                                                                      QUERY PLAN                                                                       
-------------------------------------------------------------------------------------------------------------------------------------------------------
 Aggregate  (cost=182.33..182.34 rows=1 width=8) (actual time=414.210..414.212 rows=1 loops=1)
   ->  Limit  (cost=70.14..181.08 rows=100 width=8) (actual time=295.675..414.156 rows=100 loops=1)
         ->  Bitmap Heap Scan on files  (cost=70.14..1135.10 rows=960 width=8) (actual time=295.674..414.125 rows=100 loops=1)
               Recheck Cond: (contents ~ 'fmt\.Println'::text)
               Rows Removed by Index Recheck: 60
               Heap Blocks: exact=99
               ->  Bitmap Index Scan on files_contents_trgm_idx  (cost=0.00..69.90 rows=960 width=0) (actual time=197.913..197.913 rows=45273 loops=1)
                     Index Cond: (contents ~ 'fmt\.Println'::text)
 Planning Time: 27.649 ms
 Execution Time: 415.269 ms
(10 rows)

Time: 444.235 ms
TIME:14:21:40
query: EXPLAIN ANALYZE select count(id) from (select id from files where contents ~ 'fmt\.Println' limit 100) as e;
Timing is on.
                                                                      QUERY PLAN                                                                       
-------------------------------------------------------------------------------------------------------------------------------------------------------
 Aggregate  (cost=182.33..182.34 rows=1 width=8) (actual time=377.373..377.374 rows=1 loops=1)
   ->  Limit  (cost=70.14..181.08 rows=100 width=8) (actual time=268.956..377.313 rows=100 loops=1)
         ->  Bitmap Heap Scan on files  (cost=70.14..1135.10 rows=960 width=8) (actual time=268.954..377.270 rows=100 loops=1)
               Recheck Cond: (contents ~ 'fmt\.Println'::text)
               Rows Removed by Index Recheck: 60
               Heap Blocks: exact=99
               ->  Bitmap Index Scan on files_contents_trgm_idx  (cost=0.00..69.90 rows=960 width=0) (actual time=174.380..174.381 rows=45273 loops=1)
                     Index Cond: (contents ~ 'fmt\.Println'::text)
 Planning Time: 28.616 ms
 Execution Time: 378.669 ms
(10 rows)

Time: 408.637 ms
TIME:14:21:41
query: EXPLAIN ANALYZE select count(id) from (select id from files where contents ~ 'fmt\.Println' limit 100) as e;
Timing is on.
                                                                      QUERY PLAN                                                                       
-------------------------------------------------------------------------------------------------------------------------------------------------------
 Aggregate  (cost=182.33..182.34 rows=1 width=8) (actual time=382.956..382.957 rows=1 loops=1)
   ->  Limit  (cost=70.14..181.08 rows=100 width=8) (actual time=272.323..382.895 rows=100 loops=1)
         ->  Bitmap Heap Scan on files  (cost=70.14..1135.10 rows=960 width=8) (actual time=272.322..382.865 rows=100 loops=1)
               Recheck Cond: (contents ~ 'fmt\.Println'::text)
               Rows Removed by Index Recheck: 60
               Heap Blocks: exact=99
               ->  Bitmap Index Scan on files_contents_trgm_idx  (cost=0.00..69.90 rows=960 width=0) (actual time=175.648..175.648 rows=45273 loops=1)
                     Index Cond: (contents ~ 'fmt\.Println'::text)
 Planning Time: 26.136 ms
 Execution Time: 384.073 ms
(10 rows)

Time: 411.579 ms
TIME:14:21:42
query: EXPLAIN ANALYZE select count(id) from (select id from files where contents ~ 'fmt\.Println' limit 100) as e;
Timing is on.
                                                                      QUERY PLAN                                                                       
-------------------------------------------------------------------------------------------------------------------------------------------------------
 Aggregate  (cost=182.33..182.34 rows=1 width=8) (actual time=386.275..386.276 rows=1 loops=1)
   ->  Limit  (cost=70.14..181.08 rows=100 width=8) (actual time=275.096..386.208 rows=100 loops=1)
         ->  Bitmap Heap Scan on files  (cost=70.14..1135.10 rows=960 width=8) (actual time=275.095..386.165 rows=100 loops=1)
               Recheck Cond: (contents ~ 'fmt\.Println'::text)
               Rows Removed by Index Recheck: 60
               Heap Blocks: exact=99
               ->  Bitmap Index Scan on files_contents_trgm_idx  (cost=0.00..69.90 rows=960 width=0) (actual time=176.546..176.546 rows=45273 loops=1)
                     Index Cond: (contents ~ 'fmt\.Println'::text)
 Planning Time: 28.699 ms
 Execution Time: 387.256 ms
(10 rows)

Time: 417.330 ms
TIME:14:21:43
query: EXPLAIN ANALYZE select count(id) from (select id from files where contents ~ 'fmt\.Println' limit 100) as e;
Timing is on.
                                                                      QUERY PLAN                                                                       
-------------------------------------------------------------------------------------------------------------------------------------------------------
 Aggregate  (cost=182.33..182.34 rows=1 width=8) (actual time=389.333..389.335 rows=1 loops=1)
   ->  Limit  (cost=70.14..181.08 rows=100 width=8) (actual time=276.441..389.258 rows=100 loops=1)
         ->  Bitmap Heap Scan on files  (cost=70.14..1135.10 rows=960 width=8) (actual time=276.440..389.226 rows=100 loops=1)
               Recheck Cond: (contents ~ 'fmt\.Println'::text)
               Rows Removed by Index Recheck: 60
               Heap Blocks: exact=99
               ->  Bitmap Index Scan on files_contents_trgm_idx  (cost=0.00..69.90 rows=960 width=0) (actual time=180.841..180.842 rows=45273 loops=1)
                     Index Cond: (contents ~ 'fmt\.Println'::text)
 Planning Time: 30.087 ms
 Execution Time: 390.216 ms
(10 rows)

Time: 422.021 ms
TIME:14:21:44
query: EXPLAIN ANALYZE select count(id) from (select id from files where contents ~ 'fmt\.Println' limit 100) as e;
Timing is on.
                                                                      QUERY PLAN                                                                       
-------------------------------------------------------------------------------------------------------------------------------------------------------
 Aggregate  (cost=182.33..182.34 rows=1 width=8) (actual time=393.507..393.508 rows=1 loops=1)
   ->  Limit  (cost=70.14..181.08 rows=100 width=8) (actual time=280.706..393.446 rows=100 loops=1)
         ->  Bitmap Heap Scan on files  (cost=70.14..1135.10 rows=960 width=8) (actual time=280.705..393.416 rows=100 loops=1)
               Recheck Cond: (contents ~ 'fmt\.Println'::text)
               Rows Removed by Index Recheck: 60
               Heap Blocks: exact=99
               ->  Bitmap Index Scan on files_contents_trgm_idx  (cost=0.00..69.90 rows=960 width=0) (actual time=181.080..181.080 rows=45273 loops=1)
                     Index Cond: (contents ~ 'fmt\.Println'::text)
 Planning Time: 29.404 ms
 Execution Time: 394.742 ms
(10 rows)

Time: 425.412 ms
TIME:14:21:44
query: EXPLAIN ANALYZE select count(id) from (select id from files where contents ~ 'fmt\.Println' limit 100) as e;
Timing is on.
                                                                      QUERY PLAN                                                                       
-------------------------------------------------------------------------------------------------------------------------------------------------------
 Aggregate  (cost=182.33..182.34 rows=1 width=8) (actual time=381.543..381.544 rows=1 loops=1)
   ->  Limit  (cost=70.14..181.08 rows=100 width=8) (actual time=271.582..381.502 rows=100 loops=1)
         ->  Bitmap Heap Scan on files  (cost=70.14..1135.10 rows=960 width=8) (actual time=271.579..381.472 rows=100 loops=1)
               Recheck Cond: (contents ~ 'fmt\.Println'::text)
               Rows Removed by Index Recheck: 60
               Heap Blocks: exact=99
               ->  Bitmap Index Scan on files_contents_trgm_idx  (cost=0.00..69.90 rows=960 width=0) (actual time=175.419..175.419 rows=45273 loops=1)
                     Index Cond: (contents ~ 'fmt\.Println'::text)
 Planning Time: 27.885 ms
 Execution Time: 382.619 ms
(10 rows)

Time: 411.868 ms
TIME:14:21:45
query: EXPLAIN ANALYZE select count(id) from (select id from files where contents ~ 'fmt\.Println' limit 100) as e;
Timing is on.
                                                                      QUERY PLAN                                                                       
-------------------------------------------------------------------------------------------------------------------------------------------------------
 Aggregate  (cost=182.33..182.34 rows=1 width=8) (actual time=421.268..421.270 rows=1 loops=1)
   ->  Limit  (cost=70.14..181.08 rows=100 width=8) (actual time=304.534..421.163 rows=100 loops=1)
         ->  Bitmap Heap Scan on files  (cost=70.14..1135.10 rows=960 width=8) (actual time=304.532..421.132 rows=100 loops=1)
               Recheck Cond: (contents ~ 'fmt\.Println'::text)
               Rows Removed by Index Recheck: 60
               Heap Blocks: exact=99
               ->  Bitmap Index Scan on files_contents_trgm_idx  (cost=0.00..69.90 rows=960 width=0) (actual time=203.177..203.178 rows=45273 loops=1)
                     Index Cond: (contents ~ 'fmt\.Println'::text)
 Planning Time: 27.546 ms
 Execution Time: 422.596 ms
(10 rows)

Time: 451.454 ms
TIME:14:21:46
query: EXPLAIN ANALYZE select count(id) from (select id from files where contents ~ 'fmt\.Println' limit 100) as e;
Timing is on.
                                                                      QUERY PLAN                                                                       
-------------------------------------------------------------------------------------------------------------------------------------------------------
 Aggregate  (cost=182.33..182.34 rows=1 width=8) (actual time=383.456..383.457 rows=1 loops=1)
   ->  Limit  (cost=70.14..181.08 rows=100 width=8) (actual time=273.257..383.415 rows=100 loops=1)
         ->  Bitmap Heap Scan on files  (cost=70.14..1135.10 rows=960 width=8) (actual time=273.255..383.385 rows=100 loops=1)
               Recheck Cond: (contents ~ 'fmt\.Println'::text)
               Rows Removed by Index Recheck: 60
               Heap Blocks: exact=99
               ->  Bitmap Index Scan on files_contents_trgm_idx  (cost=0.00..69.90 rows=960 width=0) (actual time=177.566..177.566 rows=45273 loops=1)
                     Index Cond: (contents ~ 'fmt\.Println'::text)
 Planning Time: 28.330 ms
 Execution Time: 384.555 ms
(10 rows)

Time: 414.189 ms
TIME:14:21:46
query: EXPLAIN ANALYZE select count(id) from (select id from files where contents ~ 'fmt\.Println' limit 100) as e;
Timing is on.
                                                                      QUERY PLAN                                                                       
-------------------------------------------------------------------------------------------------------------------------------------------------------
 Aggregate  (cost=182.33..182.34 rows=1 width=8) (actual time=395.864..395.865 rows=1 loops=1)
   ->  Limit  (cost=70.14..181.08 rows=100 width=8) (actual time=281.838..395.802 rows=100 loops=1)
         ->  Bitmap Heap Scan on files  (cost=70.14..1135.10 rows=960 width=8) (actual time=281.836..395.736 rows=100 loops=1)
               Recheck Cond: (contents ~ 'fmt\.Println'::text)
               Rows Removed by Index Recheck: 60
               Heap Blocks: exact=99
               ->  Bitmap Index Scan on files_contents_trgm_idx  (cost=0.00..69.90 rows=960 width=0) (actual time=186.950..186.950 rows=45273 loops=1)
                     Index Cond: (contents ~ 'fmt\.Println'::text)
 Planning Time: 30.860 ms
 Execution Time: 397.371 ms
(10 rows)

Time: 429.466 ms
TIME:14:21:47
query: EXPLAIN ANALYZE select count(id) from (select id from files where contents ~ 'fmt\.Println' limit 100) as e;
Timing is on.
                                                                      QUERY PLAN                                                                       
-------------------------------------------------------------------------------------------------------------------------------------------------------
 Aggregate  (cost=182.33..182.34 rows=1 width=8) (actual time=380.897..380.898 rows=1 loops=1)
   ->  Limit  (cost=70.14..181.08 rows=100 width=8) (actual time=269.425..380.822 rows=100 loops=1)
         ->  Bitmap Heap Scan on files  (cost=70.14..1135.10 rows=960 width=8) (actual time=269.424..380.748 rows=100 loops=1)
               Recheck Cond: (contents ~ 'fmt\.Println'::text)
               Rows Removed by Index Recheck: 60
               Heap Blocks: exact=99
               ->  Bitmap Index Scan on files_contents_trgm_idx  (cost=0.00..69.90 rows=960 width=0) (actual time=174.697..174.697 rows=45273 loops=1)
                     Index Cond: (contents ~ 'fmt\.Println'::text)
 Planning Time: 28.404 ms
 Execution Time: 381.993 ms
(10 rows)

Time: 411.697 ms
limit 100: 'fmt\.Print.*'
TIME:14:21:48
query: EXPLAIN ANALYZE select count(id) from (select id from files where contents ~ 'fmt\.Print.*' limit 100) as e;
Timing is on.
                                                                        QUERY PLAN                                                                         
-----------------------------------------------------------------------------------------------------------------------------------------------------------
 Aggregate  (cost=314.15..314.16 rows=1 width=8) (actual time=1143.073..1143.074 rows=1 loops=1)
   ->  Limit  (cost=204.15..312.90 rows=100 width=8) (actual time=297.089..1143.002 rows=100 loops=1)
         ->  Bitmap Heap Scan on files  (cost=204.15..21133.72 rows=19245 width=8) (actual time=297.088..1142.966 rows=100 loops=1)
               Recheck Cond: (contents ~ 'fmt\.Print.*'::text)
               Rows Removed by Index Recheck: 2843
               Heap Blocks: exact=1120
               ->  Bitmap Index Scan on files_contents_trgm_idx  (cost=0.00..199.33 rows=19245 width=0) (actual time=247.415..247.415 rows=228531 loops=1)
                     Index Cond: (contents ~ 'fmt\.Print.*'::text)
 Planning Time: 28.277 ms
 Execution Time: 1145.055 ms
(10 rows)

Time: 1174.732 ms (00:01.175)
TIME:14:21:49
query: EXPLAIN ANALYZE select count(id) from (select id from files where contents ~ 'fmt\.Print.*' limit 100) as e;
Timing is on.
                                                                        QUERY PLAN                                                                         
-----------------------------------------------------------------------------------------------------------------------------------------------------------
 Aggregate  (cost=314.15..314.16 rows=1 width=8) (actual time=1076.969..1076.970 rows=1 loops=1)
   ->  Limit  (cost=204.15..312.90 rows=100 width=8) (actual time=264.661..1076.899 rows=100 loops=1)
         ->  Bitmap Heap Scan on files  (cost=204.15..21133.72 rows=19245 width=8) (actual time=264.659..1076.814 rows=100 loops=1)
               Recheck Cond: (contents ~ 'fmt\.Print.*'::text)
               Rows Removed by Index Recheck: 2843
               Heap Blocks: exact=1120
               ->  Bitmap Index Scan on files_contents_trgm_idx  (cost=0.00..199.33 rows=19245 width=0) (actual time=217.821..217.821 rows=228531 loops=1)
                     Index Cond: (contents ~ 'fmt\.Print.*'::text)
 Planning Time: 29.724 ms
 Execution Time: 1078.865 ms
(10 rows)

Time: 1110.012 ms (00:01.110)
TIME:14:21:50
query: EXPLAIN ANALYZE select count(id) from (select id from files where contents ~ 'fmt\.Print.*' limit 100) as e;
Timing is on.
                                                                        QUERY PLAN                                                                         
-----------------------------------------------------------------------------------------------------------------------------------------------------------
 Aggregate  (cost=314.15..314.16 rows=1 width=8) (actual time=1095.898..1095.900 rows=1 loops=1)
   ->  Limit  (cost=204.15..312.90 rows=100 width=8) (actual time=304.110..1095.834 rows=100 loops=1)
         ->  Bitmap Heap Scan on files  (cost=204.15..21133.72 rows=19245 width=8) (actual time=304.109..1095.784 rows=100 loops=1)
               Recheck Cond: (contents ~ 'fmt\.Print.*'::text)
               Rows Removed by Index Recheck: 2843
               Heap Blocks: exact=1120
               ->  Bitmap Index Scan on files_contents_trgm_idx  (cost=0.00..199.33 rows=19245 width=0) (actual time=254.355..254.356 rows=228531 loops=1)
                     Index Cond: (contents ~ 'fmt\.Print.*'::text)
 Planning Time: 28.215 ms
 Execution Time: 1097.893 ms
(10 rows)

Time: 1127.343 ms (00:01.127)
TIME:14:21:52
query: EXPLAIN ANALYZE select count(id) from (select id from files where contents ~ 'fmt\.Print.*' limit 100) as e;
Timing is on.
                                                                        QUERY PLAN                                                                         
-----------------------------------------------------------------------------------------------------------------------------------------------------------
 Aggregate  (cost=314.15..314.16 rows=1 width=8) (actual time=1072.685..1072.686 rows=1 loops=1)
   ->  Limit  (cost=204.15..312.90 rows=100 width=8) (actual time=267.426..1072.631 rows=100 loops=1)
         ->  Bitmap Heap Scan on files  (cost=204.15..21133.72 rows=19245 width=8) (actual time=267.424..1072.591 rows=100 loops=1)
               Recheck Cond: (contents ~ 'fmt\.Print.*'::text)
               Rows Removed by Index Recheck: 2843
               Heap Blocks: exact=1120
               ->  Bitmap Index Scan on files_contents_trgm_idx  (cost=0.00..199.33 rows=19245 width=0) (actual time=220.336..220.336 rows=228531 loops=1)
                     Index Cond: (contents ~ 'fmt\.Print.*'::text)
 Planning Time: 28.860 ms
 Execution Time: 1074.494 ms
(10 rows)

Time: 1104.770 ms (00:01.105)
TIME:14:21:53
query: EXPLAIN ANALYZE select count(id) from (select id from files where contents ~ 'fmt\.Print.*' limit 100) as e;
Timing is on.
                                                                        QUERY PLAN                                                                         
-----------------------------------------------------------------------------------------------------------------------------------------------------------
 Aggregate  (cost=314.15..314.16 rows=1 width=8) (actual time=1123.371..1123.373 rows=1 loops=1)
   ->  Limit  (cost=204.15..312.90 rows=100 width=8) (actual time=292.595..1123.302 rows=100 loops=1)
         ->  Bitmap Heap Scan on files  (cost=204.15..21133.72 rows=19245 width=8) (actual time=292.593..1123.261 rows=100 loops=1)
               Recheck Cond: (contents ~ 'fmt\.Print.*'::text)
               Rows Removed by Index Recheck: 2843
               Heap Blocks: exact=1120
               ->  Bitmap Index Scan on files_contents_trgm_idx  (cost=0.00..199.33 rows=19245 width=0) (actual time=244.259..244.259 rows=228531 loops=1)
                     Index Cond: (contents ~ 'fmt\.Print.*'::text)
 Planning Time: 36.039 ms
 Execution Time: 1125.685 ms
(10 rows)

Time: 1163.077 ms (00:01.163)
TIME:14:21:54
query: EXPLAIN ANALYZE select count(id) from (select id from files where contents ~ 'fmt\.Print.*' limit 100) as e;
Timing is on.
                                                                        QUERY PLAN                                                                         
-----------------------------------------------------------------------------------------------------------------------------------------------------------
 Aggregate  (cost=314.15..314.16 rows=1 width=8) (actual time=1132.349..1132.350 rows=1 loops=1)
   ->  Limit  (cost=204.15..312.90 rows=100 width=8) (actual time=281.668..1132.293 rows=100 loops=1)
         ->  Bitmap Heap Scan on files  (cost=204.15..21133.72 rows=19245 width=8) (actual time=281.667..1132.254 rows=100 loops=1)
               Recheck Cond: (contents ~ 'fmt\.Print.*'::text)
               Rows Removed by Index Recheck: 2843
               Heap Blocks: exact=1120
               ->  Bitmap Index Scan on files_contents_trgm_idx  (cost=0.00..199.33 rows=19245 width=0) (actual time=229.778..229.778 rows=228531 loops=1)
                     Index Cond: (contents ~ 'fmt\.Print.*'::text)
 Planning Time: 30.420 ms
 Execution Time: 1134.428 ms
(10 rows)

Time: 1166.351 ms (00:01.166)
TIME:14:21:56
query: EXPLAIN ANALYZE select count(id) from (select id from files where contents ~ 'fmt\.Print.*' limit 100) as e;
Timing is on.
                                                                        QUERY PLAN                                                                         
-----------------------------------------------------------------------------------------------------------------------------------------------------------
 Aggregate  (cost=314.15..314.16 rows=1 width=8) (actual time=1107.555..1107.557 rows=1 loops=1)
   ->  Limit  (cost=204.15..312.90 rows=100 width=8) (actual time=281.309..1107.502 rows=100 loops=1)
         ->  Bitmap Heap Scan on files  (cost=204.15..21133.72 rows=19245 width=8) (actual time=281.308..1107.467 rows=100 loops=1)
               Recheck Cond: (contents ~ 'fmt\.Print.*'::text)
               Rows Removed by Index Recheck: 2843
               Heap Blocks: exact=1120
               ->  Bitmap Index Scan on files_contents_trgm_idx  (cost=0.00..199.33 rows=19245 width=0) (actual time=233.477..233.478 rows=228531 loops=1)
                     Index Cond: (contents ~ 'fmt\.Print.*'::text)
 Planning Time: 35.892 ms
 Execution Time: 1109.721 ms
(10 rows)

Time: 1147.205 ms (00:01.147)
TIME:14:21:57
query: EXPLAIN ANALYZE select count(id) from (select id from files where contents ~ 'fmt\.Print.*' limit 100) as e;
Timing is on.
                                                                        QUERY PLAN                                                                         
-----------------------------------------------------------------------------------------------------------------------------------------------------------
 Aggregate  (cost=314.15..314.16 rows=1 width=8) (actual time=1084.355..1084.356 rows=1 loops=1)
   ->  Limit  (cost=204.15..312.90 rows=100 width=8) (actual time=281.716..1084.284 rows=100 loops=1)
         ->  Bitmap Heap Scan on files  (cost=204.15..21133.72 rows=19245 width=8) (actual time=281.715..1084.248 rows=100 loops=1)
               Recheck Cond: (contents ~ 'fmt\.Print.*'::text)
               Rows Removed by Index Recheck: 2843
               Heap Blocks: exact=1120
               ->  Bitmap Index Scan on files_contents_trgm_idx  (cost=0.00..199.33 rows=19245 width=0) (actual time=231.101..231.102 rows=228531 loops=1)
                     Index Cond: (contents ~ 'fmt\.Print.*'::text)
 Planning Time: 29.491 ms
 Execution Time: 1086.069 ms
(10 rows)

Time: 1116.915 ms (00:01.117)
TIME:14:21:58
query: EXPLAIN ANALYZE select count(id) from (select id from files where contents ~ 'fmt\.Print.*' limit 100) as e;
Timing is on.
                                                                        QUERY PLAN                                                                         
-----------------------------------------------------------------------------------------------------------------------------------------------------------
 Aggregate  (cost=314.15..314.16 rows=1 width=8) (actual time=1069.628..1069.630 rows=1 loops=1)
   ->  Limit  (cost=204.15..312.90 rows=100 width=8) (actual time=266.568..1069.562 rows=100 loops=1)
         ->  Bitmap Heap Scan on files  (cost=204.15..21133.72 rows=19245 width=8) (actual time=266.566..1069.514 rows=100 loops=1)
               Recheck Cond: (contents ~ 'fmt\.Print.*'::text)
               Rows Removed by Index Recheck: 2843
               Heap Blocks: exact=1120
               ->  Bitmap Index Scan on files_contents_trgm_idx  (cost=0.00..199.33 rows=19245 width=0) (actual time=218.011..218.012 rows=228531 loops=1)
                     Index Cond: (contents ~ 'fmt\.Print.*'::text)
 Planning Time: 31.104 ms
 Execution Time: 1071.426 ms
(10 rows)

Time: 1104.047 ms (00:01.104)
TIME:14:22:00
query: EXPLAIN ANALYZE select count(id) from (select id from files where contents ~ 'fmt\.Print.*' limit 100) as e;
Timing is on.
                                                                        QUERY PLAN                                                                         
-----------------------------------------------------------------------------------------------------------------------------------------------------------
 Aggregate  (cost=314.15..314.16 rows=1 width=8) (actual time=1074.623..1074.624 rows=1 loops=1)
   ->  Limit  (cost=204.15..312.90 rows=100 width=8) (actual time=278.726..1074.540 rows=100 loops=1)
         ->  Bitmap Heap Scan on files  (cost=204.15..21133.72 rows=19245 width=8) (actual time=278.725..1074.508 rows=100 loops=1)
               Recheck Cond: (contents ~ 'fmt\.Print.*'::text)
               Rows Removed by Index Recheck: 2843
               Heap Blocks: exact=1120
               ->  Bitmap Index Scan on files_contents_trgm_idx  (cost=0.00..199.33 rows=19245 width=0) (actual time=231.021..231.021 rows=228531 loops=1)
                     Index Cond: (contents ~ 'fmt\.Print.*'::text)
 Planning Time: 27.688 ms
 Execution Time: 1076.463 ms
(10 rows)

Time: 1105.609 ms (00:01.106)
TIME:14:22:01
query: EXPLAIN ANALYZE select count(id) from (select id from files where contents ~ 'fmt\.Print.*' limit 100) as e;
Timing is on.
                                                                        QUERY PLAN                                                                         
-----------------------------------------------------------------------------------------------------------------------------------------------------------
 Aggregate  (cost=314.15..314.16 rows=1 width=8) (actual time=1065.741..1065.742 rows=1 loops=1)
   ->  Limit  (cost=204.15..312.90 rows=100 width=8) (actual time=264.280..1065.689 rows=100 loops=1)
         ->  Bitmap Heap Scan on files  (cost=204.15..21133.72 rows=19245 width=8) (actual time=264.277..1065.618 rows=100 loops=1)
               Recheck Cond: (contents ~ 'fmt\.Print.*'::text)
               Rows Removed by Index Recheck: 2843
               Heap Blocks: exact=1120
               ->  Bitmap Index Scan on files_contents_trgm_idx  (cost=0.00..199.33 rows=19245 width=0) (actual time=216.876..216.877 rows=228531 loops=1)
                     Index Cond: (contents ~ 'fmt\.Print.*'::text)
 Planning Time: 35.422 ms
 Execution Time: 1067.906 ms
(10 rows)

Time: 1105.000 ms (00:01.105)
TIME:14:22:02
query: EXPLAIN ANALYZE select count(id) from (select id from files where contents ~ 'fmt\.Print.*' limit 100) as e;
Timing is on.
                                                                        QUERY PLAN                                                                         
-----------------------------------------------------------------------------------------------------------------------------------------------------------
 Aggregate  (cost=314.15..314.16 rows=1 width=8) (actual time=1069.205..1069.206 rows=1 loops=1)
   ->  Limit  (cost=204.15..312.90 rows=100 width=8) (actual time=275.329..1069.152 rows=100 loops=1)
         ->  Bitmap Heap Scan on files  (cost=204.15..21133.72 rows=19245 width=8) (actual time=275.328..1069.117 rows=100 loops=1)
               Recheck Cond: (contents ~ 'fmt\.Print.*'::text)
               Rows Removed by Index Recheck: 2843
               Heap Blocks: exact=1120
               ->  Bitmap Index Scan on files_contents_trgm_idx  (cost=0.00..199.33 rows=19245 width=0) (actual time=227.858..227.858 rows=228531 loops=1)
                     Index Cond: (contents ~ 'fmt\.Print.*'::text)
 Planning Time: 29.987 ms
 Execution Time: 1071.176 ms
(10 rows)

Time: 1102.543 ms (00:01.103)
TIME:14:22:04
query: EXPLAIN ANALYZE select count(id) from (select id from files where contents ~ 'fmt\.Print.*' limit 100) as e;
Timing is on.
                                                                        QUERY PLAN                                                                         
-----------------------------------------------------------------------------------------------------------------------------------------------------------
 Aggregate  (cost=314.15..314.16 rows=1 width=8) (actual time=1086.812..1086.814 rows=1 loops=1)
   ->  Limit  (cost=204.15..312.90 rows=100 width=8) (actual time=278.483..1086.746 rows=100 loops=1)
         ->  Bitmap Heap Scan on files  (cost=204.15..21133.72 rows=19245 width=8) (actual time=278.481..1086.711 rows=100 loops=1)
               Recheck Cond: (contents ~ 'fmt\.Print.*'::text)
               Rows Removed by Index Recheck: 2843
               Heap Blocks: exact=1120
               ->  Bitmap Index Scan on files_contents_trgm_idx  (cost=0.00..199.33 rows=19245 width=0) (actual time=231.273..231.273 rows=228531 loops=1)
                     Index Cond: (contents ~ 'fmt\.Print.*'::text)
 Planning Time: 33.884 ms
 Execution Time: 1088.873 ms
(10 rows)

Time: 1124.560 ms (00:01.125)
TIME:14:22:05
query: EXPLAIN ANALYZE select count(id) from (select id from files where contents ~ 'fmt\.Print.*' limit 100) as e;
Timing is on.
                                                                        QUERY PLAN                                                                         
-----------------------------------------------------------------------------------------------------------------------------------------------------------
 Aggregate  (cost=314.15..314.16 rows=1 width=8) (actual time=1144.714..1144.716 rows=1 loops=1)
   ->  Limit  (cost=204.15..312.90 rows=100 width=8) (actual time=267.167..1144.606 rows=100 loops=1)
         ->  Bitmap Heap Scan on files  (cost=204.15..21133.72 rows=19245 width=8) (actual time=267.165..1144.524 rows=100 loops=1)
               Recheck Cond: (contents ~ 'fmt\.Print.*'::text)
               Rows Removed by Index Recheck: 2843
               Heap Blocks: exact=1120
               ->  Bitmap Index Scan on files_contents_trgm_idx  (cost=0.00..199.33 rows=19245 width=0) (actual time=219.304..219.305 rows=228531 loops=1)
                     Index Cond: (contents ~ 'fmt\.Print.*'::text)
 Planning Time: 27.741 ms
 Execution Time: 1146.371 ms
(10 rows)

Time: 1175.410 ms (00:01.175)
TIME:14:22:06
query: EXPLAIN ANALYZE select count(id) from (select id from files where contents ~ 'fmt\.Print.*' limit 100) as e;
Timing is on.
                                                                        QUERY PLAN                                                                         
-----------------------------------------------------------------------------------------------------------------------------------------------------------
 Aggregate  (cost=314.15..314.16 rows=1 width=8) (actual time=1073.469..1073.470 rows=1 loops=1)
   ->  Limit  (cost=204.15..312.90 rows=100 width=8) (actual time=268.059..1073.397 rows=100 loops=1)
         ->  Bitmap Heap Scan on files  (cost=204.15..21133.72 rows=19245 width=8) (actual time=268.057..1073.361 rows=100 loops=1)
               Recheck Cond: (contents ~ 'fmt\.Print.*'::text)
               Rows Removed by Index Recheck: 2843
               Heap Blocks: exact=1120
               ->  Bitmap Index Scan on files_contents_trgm_idx  (cost=0.00..199.33 rows=19245 width=0) (actual time=221.123..221.123 rows=228531 loops=1)
                     Index Cond: (contents ~ 'fmt\.Print.*'::text)
 Planning Time: 31.278 ms
 Execution Time: 1075.480 ms
(10 rows)

Time: 1108.111 ms (00:01.108)
TIME:14:22:08
query: EXPLAIN ANALYZE select count(id) from (select id from files where contents ~ 'fmt\.Print.*' limit 100) as e;
Timing is on.
                                                                        QUERY PLAN                                                                         
-----------------------------------------------------------------------------------------------------------------------------------------------------------
 Aggregate  (cost=314.15..314.16 rows=1 width=8) (actual time=1097.326..1097.327 rows=1 loops=1)
   ->  Limit  (cost=204.15..312.90 rows=100 width=8) (actual time=286.081..1097.272 rows=100 loops=1)
         ->  Bitmap Heap Scan on files  (cost=204.15..21133.72 rows=19245 width=8) (actual time=286.079..1097.222 rows=100 loops=1)
               Recheck Cond: (contents ~ 'fmt\.Print.*'::text)
               Rows Removed by Index Recheck: 2843
               Heap Blocks: exact=1120
               ->  Bitmap Index Scan on files_contents_trgm_idx  (cost=0.00..199.33 rows=19245 width=0) (actual time=233.600..233.600 rows=228531 loops=1)
                     Index Cond: (contents ~ 'fmt\.Print.*'::text)
 Planning Time: 29.396 ms
 Execution Time: 1099.133 ms
(10 rows)

Time: 1129.844 ms (00:01.130)
TIME:14:22:09
query: EXPLAIN ANALYZE select count(id) from (select id from files where contents ~ 'fmt\.Print.*' limit 100) as e;
Timing is on.
                                                                        QUERY PLAN                                                                         
-----------------------------------------------------------------------------------------------------------------------------------------------------------
 Aggregate  (cost=314.15..314.16 rows=1 width=8) (actual time=1081.557..1081.559 rows=1 loops=1)
   ->  Limit  (cost=204.15..312.90 rows=100 width=8) (actual time=264.207..1081.491 rows=100 loops=1)
         ->  Bitmap Heap Scan on files  (cost=204.15..21133.72 rows=19245 width=8) (actual time=264.206..1081.435 rows=100 loops=1)
               Recheck Cond: (contents ~ 'fmt\.Print.*'::text)
               Rows Removed by Index Recheck: 2843
               Heap Blocks: exact=1120
               ->  Bitmap Index Scan on files_contents_trgm_idx  (cost=0.00..199.33 rows=19245 width=0) (actual time=217.572..217.572 rows=228531 loops=1)
                     Index Cond: (contents ~ 'fmt\.Print.*'::text)
 Planning Time: 28.772 ms
 Execution Time: 1083.607 ms
(10 rows)

Time: 1113.752 ms (00:01.114)
TIME:14:22:10
query: EXPLAIN ANALYZE select count(id) from (select id from files where contents ~ 'fmt\.Print.*' limit 100) as e;
Timing is on.
                                                                        QUERY PLAN                                                                         
-----------------------------------------------------------------------------------------------------------------------------------------------------------
 Aggregate  (cost=314.15..314.16 rows=1 width=8) (actual time=1081.444..1081.446 rows=1 loops=1)
   ->  Limit  (cost=204.15..312.90 rows=100 width=8) (actual time=280.085..1081.364 rows=100 loops=1)
         ->  Bitmap Heap Scan on files  (cost=204.15..21133.72 rows=19245 width=8) (actual time=280.083..1081.310 rows=100 loops=1)
               Recheck Cond: (contents ~ 'fmt\.Print.*'::text)
               Rows Removed by Index Recheck: 2843
               Heap Blocks: exact=1120
               ->  Bitmap Index Scan on files_contents_trgm_idx  (cost=0.00..199.33 rows=19245 width=0) (actual time=231.399..231.399 rows=228531 loops=1)
                     Index Cond: (contents ~ 'fmt\.Print.*'::text)
 Planning Time: 29.271 ms
 Execution Time: 1083.397 ms
(10 rows)

Time: 1114.371 ms (00:01.114)
TIME:14:22:12
query: EXPLAIN ANALYZE select count(id) from (select id from files where contents ~ 'fmt\.Print.*' limit 100) as e;
Timing is on.
                                                                        QUERY PLAN                                                                         
-----------------------------------------------------------------------------------------------------------------------------------------------------------
 Aggregate  (cost=314.15..314.16 rows=1 width=8) (actual time=1070.327..1070.328 rows=1 loops=1)
   ->  Limit  (cost=204.15..312.90 rows=100 width=8) (actual time=276.990..1070.247 rows=100 loops=1)
         ->  Bitmap Heap Scan on files  (cost=204.15..21133.72 rows=19245 width=8) (actual time=276.989..1070.212 rows=100 loops=1)
               Recheck Cond: (contents ~ 'fmt\.Print.*'::text)
               Rows Removed by Index Recheck: 2843
               Heap Blocks: exact=1120
               ->  Bitmap Index Scan on files_contents_trgm_idx  (cost=0.00..199.33 rows=19245 width=0) (actual time=229.932..229.932 rows=228531 loops=1)
                     Index Cond: (contents ~ 'fmt\.Print.*'::text)
 Planning Time: 28.166 ms
 Execution Time: 1072.144 ms
(10 rows)

Time: 1101.658 ms (00:01.102)
TIME:14:22:13
query: EXPLAIN ANALYZE select count(id) from (select id from files where contents ~ 'fmt\.Print.*' limit 100) as e;
Timing is on.
                                                                        QUERY PLAN                                                                         
-----------------------------------------------------------------------------------------------------------------------------------------------------------
 Aggregate  (cost=314.15..314.16 rows=1 width=8) (actual time=1079.464..1079.466 rows=1 loops=1)
   ->  Limit  (cost=204.15..312.90 rows=100 width=8) (actual time=275.983..1079.389 rows=100 loops=1)
         ->  Bitmap Heap Scan on files  (cost=204.15..21133.72 rows=19245 width=8) (actual time=275.966..1079.320 rows=100 loops=1)
               Recheck Cond: (contents ~ 'fmt\.Print.*'::text)
               Rows Removed by Index Recheck: 2843
               Heap Blocks: exact=1120
               ->  Bitmap Index Scan on files_contents_trgm_idx  (cost=0.00..199.33 rows=19245 width=0) (actual time=228.996..228.997 rows=228531 loops=1)
                     Index Cond: (contents ~ 'fmt\.Print.*'::text)
 Planning Time: 30.815 ms
 Execution Time: 1081.981 ms
(10 rows)

Time: 1114.472 ms (00:01.114)
TIME:14:22:15
query: EXPLAIN ANALYZE select count(id) from (select id from files where contents ~ 'fmt\.Print.*' limit 100) as e;
Timing is on.
                                                                        QUERY PLAN                                                                         
-----------------------------------------------------------------------------------------------------------------------------------------------------------
 Aggregate  (cost=314.15..314.16 rows=1 width=8) (actual time=1073.434..1073.435 rows=1 loops=1)
   ->  Limit  (cost=204.15..312.90 rows=100 width=8) (actual time=266.039..1073.379 rows=100 loops=1)
         ->  Bitmap Heap Scan on files  (cost=204.15..21133.72 rows=19245 width=8) (actual time=266.038..1073.342 rows=100 loops=1)
               Recheck Cond: (contents ~ 'fmt\.Print.*'::text)
               Rows Removed by Index Recheck: 2843
               Heap Blocks: exact=1120
               ->  Bitmap Index Scan on files_contents_trgm_idx  (cost=0.00..199.33 rows=19245 width=0) (actual time=219.193..219.193 rows=228531 loops=1)
                     Index Cond: (contents ~ 'fmt\.Print.*'::text)
 Planning Time: 28.776 ms
 Execution Time: 1075.191 ms
(10 rows)

Time: 1105.223 ms (00:01.105)
TIME:14:22:16
query: EXPLAIN ANALYZE select count(id) from (select id from files where contents ~ 'fmt\.Print.*' limit 100) as e;
Timing is on.
                                                                        QUERY PLAN                                                                         
-----------------------------------------------------------------------------------------------------------------------------------------------------------
 Aggregate  (cost=314.15..314.16 rows=1 width=8) (actual time=1070.150..1070.152 rows=1 loops=1)
   ->  Limit  (cost=204.15..312.90 rows=100 width=8) (actual time=280.155..1070.085 rows=100 loops=1)
         ->  Bitmap Heap Scan on files  (cost=204.15..21133.72 rows=19245 width=8) (actual time=280.154..1070.017 rows=100 loops=1)
               Recheck Cond: (contents ~ 'fmt\.Print.*'::text)
               Rows Removed by Index Recheck: 2843
               Heap Blocks: exact=1120
               ->  Bitmap Index Scan on files_contents_trgm_idx  (cost=0.00..199.33 rows=19245 width=0) (actual time=232.111..232.112 rows=228531 loops=1)
                     Index Cond: (contents ~ 'fmt\.Print.*'::text)
 Planning Time: 28.945 ms
 Execution Time: 1072.400 ms
(10 rows)

Time: 1102.820 ms (00:01.103)
TIME:14:22:17
query: EXPLAIN ANALYZE select count(id) from (select id from files where contents ~ 'fmt\.Print.*' limit 100) as e;
Timing is on.
                                                                        QUERY PLAN                                                                         
-----------------------------------------------------------------------------------------------------------------------------------------------------------
 Aggregate  (cost=314.15..314.16 rows=1 width=8) (actual time=1073.862..1073.863 rows=1 loops=1)
   ->  Limit  (cost=204.15..312.90 rows=100 width=8) (actual time=275.080..1073.791 rows=100 loops=1)
         ->  Bitmap Heap Scan on files  (cost=204.15..21133.72 rows=19245 width=8) (actual time=275.079..1073.744 rows=100 loops=1)
               Recheck Cond: (contents ~ 'fmt\.Print.*'::text)
               Rows Removed by Index Recheck: 2843
               Heap Blocks: exact=1120
               ->  Bitmap Index Scan on files_contents_trgm_idx  (cost=0.00..199.33 rows=19245 width=0) (actual time=223.419..223.420 rows=228531 loops=1)
                     Index Cond: (contents ~ 'fmt\.Print.*'::text)
 Planning Time: 29.720 ms
 Execution Time: 1075.707 ms
(10 rows)

Time: 1106.857 ms (00:01.107)
TIME:14:22:19
query: EXPLAIN ANALYZE select count(id) from (select id from files where contents ~ 'fmt\.Print.*' limit 100) as e;
Timing is on.
                                                                        QUERY PLAN                                                                         
-----------------------------------------------------------------------------------------------------------------------------------------------------------
 Aggregate  (cost=314.15..314.16 rows=1 width=8) (actual time=1063.479..1063.480 rows=1 loops=1)
   ->  Limit  (cost=204.15..312.90 rows=100 width=8) (actual time=272.266..1063.426 rows=100 loops=1)
         ->  Bitmap Heap Scan on files  (cost=204.15..21133.72 rows=19245 width=8) (actual time=272.265..1063.390 rows=100 loops=1)
               Recheck Cond: (contents ~ 'fmt\.Print.*'::text)
               Rows Removed by Index Recheck: 2843
               Heap Blocks: exact=1120
               ->  Bitmap Index Scan on files_contents_trgm_idx  (cost=0.00..199.33 rows=19245 width=0) (actual time=223.064..223.065 rows=228531 loops=1)
                     Index Cond: (contents ~ 'fmt\.Print.*'::text)
 Planning Time: 29.263 ms
 Execution Time: 1065.523 ms
(10 rows)

Time: 1096.135 ms (00:01.096)
TIME:14:22:20
query: EXPLAIN ANALYZE select count(id) from (select id from files where contents ~ 'fmt\.Print.*' limit 100) as e;
Timing is on.
                                                                        QUERY PLAN                                                                         
-----------------------------------------------------------------------------------------------------------------------------------------------------------
 Aggregate  (cost=314.15..314.16 rows=1 width=8) (actual time=1056.712..1056.714 rows=1 loops=1)
   ->  Limit  (cost=204.15..312.90 rows=100 width=8) (actual time=265.759..1056.661 rows=100 loops=1)
         ->  Bitmap Heap Scan on files  (cost=204.15..21133.72 rows=19245 width=8) (actual time=265.757..1056.628 rows=100 loops=1)
               Recheck Cond: (contents ~ 'fmt\.Print.*'::text)
               Rows Removed by Index Recheck: 2843
               Heap Blocks: exact=1120
               ->  Bitmap Index Scan on files_contents_trgm_idx  (cost=0.00..199.33 rows=19245 width=0) (actual time=218.247..218.247 rows=228531 loops=1)
                     Index Cond: (contents ~ 'fmt\.Print.*'::text)
 Planning Time: 28.884 ms
 Execution Time: 1058.807 ms
(10 rows)

Time: 1089.108 ms (00:01.089)
TIME:14:22:21
query: EXPLAIN ANALYZE select count(id) from (select id from files where contents ~ 'fmt\.Print.*' limit 100) as e;
Timing is on.
                                                                        QUERY PLAN                                                                         
-----------------------------------------------------------------------------------------------------------------------------------------------------------
 Aggregate  (cost=314.15..314.16 rows=1 width=8) (actual time=1086.205..1086.207 rows=1 loops=1)
   ->  Limit  (cost=204.15..312.90 rows=100 width=8) (actual time=290.989..1086.154 rows=100 loops=1)
         ->  Bitmap Heap Scan on files  (cost=204.15..21133.72 rows=19245 width=8) (actual time=290.988..1086.120 rows=100 loops=1)
               Recheck Cond: (contents ~ 'fmt\.Print.*'::text)
               Rows Removed by Index Recheck: 2843
               Heap Blocks: exact=1120
               ->  Bitmap Index Scan on files_contents_trgm_idx  (cost=0.00..199.33 rows=19245 width=0) (actual time=237.510..237.510 rows=228531 loops=1)
                     Index Cond: (contents ~ 'fmt\.Print.*'::text)
 Planning Time: 32.337 ms
 Execution Time: 1088.000 ms
(10 rows)

Time: 1121.800 ms (00:01.122)
TIME:14:22:23
query: EXPLAIN ANALYZE select count(id) from (select id from files where contents ~ 'fmt\.Print.*' limit 100) as e;
Timing is on.
                                                                        QUERY PLAN                                                                         
-----------------------------------------------------------------------------------------------------------------------------------------------------------
 Aggregate  (cost=314.15..314.16 rows=1 width=8) (actual time=1076.061..1076.063 rows=1 loops=1)
   ->  Limit  (cost=204.15..312.90 rows=100 width=8) (actual time=263.639..1076.005 rows=100 loops=1)
         ->  Bitmap Heap Scan on files  (cost=204.15..21133.72 rows=19245 width=8) (actual time=263.638..1075.966 rows=100 loops=1)
               Recheck Cond: (contents ~ 'fmt\.Print.*'::text)
               Rows Removed by Index Recheck: 2843
               Heap Blocks: exact=1120
               ->  Bitmap Index Scan on files_contents_trgm_idx  (cost=0.00..199.33 rows=19245 width=0) (actual time=216.980..216.981 rows=228531 loops=1)
                     Index Cond: (contents ~ 'fmt\.Print.*'::text)
 Planning Time: 28.983 ms
 Execution Time: 1078.039 ms
(10 rows)

Time: 1108.443 ms (00:01.108)
TIME:14:22:24
query: EXPLAIN ANALYZE select count(id) from (select id from files where contents ~ 'fmt\.Print.*' limit 100) as e;
Timing is on.
                                                                        QUERY PLAN                                                                         
-----------------------------------------------------------------------------------------------------------------------------------------------------------
 Aggregate  (cost=314.15..314.16 rows=1 width=8) (actual time=1078.516..1078.517 rows=1 loops=1)
   ->  Limit  (cost=204.15..312.90 rows=100 width=8) (actual time=277.185..1078.445 rows=100 loops=1)
         ->  Bitmap Heap Scan on files  (cost=204.15..21133.72 rows=19245 width=8) (actual time=277.184..1078.410 rows=100 loops=1)
               Recheck Cond: (contents ~ 'fmt\.Print.*'::text)
               Rows Removed by Index Recheck: 2843
               Heap Blocks: exact=1120
               ->  Bitmap Index Scan on files_contents_trgm_idx  (cost=0.00..199.33 rows=19245 width=0) (actual time=228.113..228.114 rows=228531 loops=1)
                     Index Cond: (contents ~ 'fmt\.Print.*'::text)
 Planning Time: 30.289 ms
 Execution Time: 1080.355 ms
(10 rows)

Time: 1111.962 ms (00:01.112)
TIME:14:22:25
query: EXPLAIN ANALYZE select count(id) from (select id from files where contents ~ 'fmt\.Print.*' limit 100) as e;
Timing is on.
                                                                        QUERY PLAN                                                                         
-----------------------------------------------------------------------------------------------------------------------------------------------------------
 Aggregate  (cost=314.15..314.16 rows=1 width=8) (actual time=1066.072..1066.073 rows=1 loops=1)
   ->  Limit  (cost=204.15..312.90 rows=100 width=8) (actual time=268.655..1065.982 rows=100 loops=1)
         ->  Bitmap Heap Scan on files  (cost=204.15..21133.72 rows=19245 width=8) (actual time=268.654..1065.947 rows=100 loops=1)
               Recheck Cond: (contents ~ 'fmt\.Print.*'::text)
               Rows Removed by Index Recheck: 2843
               Heap Blocks: exact=1120
               ->  Bitmap Index Scan on files_contents_trgm_idx  (cost=0.00..199.33 rows=19245 width=0) (actual time=222.221..222.222 rows=228531 loops=1)
                     Index Cond: (contents ~ 'fmt\.Print.*'::text)
 Planning Time: 29.703 ms
 Execution Time: 1067.870 ms
(10 rows)

Time: 1099.033 ms (00:01.099)
TIME:14:22:27
query: EXPLAIN ANALYZE select count(id) from (select id from files where contents ~ 'fmt\.Print.*' limit 100) as e;
Timing is on.
                                                                        QUERY PLAN                                                                         
-----------------------------------------------------------------------------------------------------------------------------------------------------------
 Aggregate  (cost=314.15..314.16 rows=1 width=8) (actual time=1072.076..1072.077 rows=1 loops=1)
   ->  Limit  (cost=204.15..312.90 rows=100 width=8) (actual time=269.193..1071.986 rows=100 loops=1)
         ->  Bitmap Heap Scan on files  (cost=204.15..21133.72 rows=19245 width=8) (actual time=269.192..1071.948 rows=100 loops=1)
               Recheck Cond: (contents ~ 'fmt\.Print.*'::text)
               Rows Removed by Index Recheck: 2843
               Heap Blocks: exact=1120
               ->  Bitmap Index Scan on files_contents_trgm_idx  (cost=0.00..199.33 rows=19245 width=0) (actual time=222.315..222.316 rows=228531 loops=1)
                     Index Cond: (contents ~ 'fmt\.Print.*'::text)
 Planning Time: 37.284 ms
 Execution Time: 1074.386 ms
(10 rows)

Time: 1113.067 ms (00:01.113)
TIME:14:22:28
query: EXPLAIN ANALYZE select count(id) from (select id from files where contents ~ 'fmt\.Print.*' limit 100) as e;
Timing is on.
                                                                        QUERY PLAN                                                                         
-----------------------------------------------------------------------------------------------------------------------------------------------------------
 Aggregate  (cost=314.15..314.16 rows=1 width=8) (actual time=1074.297..1074.299 rows=1 loops=1)
   ->  Limit  (cost=204.15..312.90 rows=100 width=8) (actual time=271.362..1074.228 rows=100 loops=1)
         ->  Bitmap Heap Scan on files  (cost=204.15..21133.72 rows=19245 width=8) (actual time=271.361..1074.180 rows=100 loops=1)
               Recheck Cond: (contents ~ 'fmt\.Print.*'::text)
               Rows Removed by Index Recheck: 2843
               Heap Blocks: exact=1120
               ->  Bitmap Index Scan on files_contents_trgm_idx  (cost=0.00..199.33 rows=19245 width=0) (actual time=224.667..224.667 rows=228531 loops=1)
                     Index Cond: (contents ~ 'fmt\.Print.*'::text)
 Planning Time: 28.877 ms
 Execution Time: 1076.181 ms
(10 rows)

Time: 1106.575 ms (00:01.107)
TIME:14:22:29
query: EXPLAIN ANALYZE select count(id) from (select id from files where contents ~ 'fmt\.Print.*' limit 100) as e;
Timing is on.
                                                                        QUERY PLAN                                                                         
-----------------------------------------------------------------------------------------------------------------------------------------------------------
 Aggregate  (cost=314.15..314.16 rows=1 width=8) (actual time=1073.207..1073.209 rows=1 loops=1)
   ->  Limit  (cost=204.15..312.90 rows=100 width=8) (actual time=274.436..1073.153 rows=100 loops=1)
         ->  Bitmap Heap Scan on files  (cost=204.15..21133.72 rows=19245 width=8) (actual time=274.435..1073.116 rows=100 loops=1)
               Recheck Cond: (contents ~ 'fmt\.Print.*'::text)
               Rows Removed by Index Recheck: 2843
               Heap Blocks: exact=1120
               ->  Bitmap Index Scan on files_contents_trgm_idx  (cost=0.00..199.33 rows=19245 width=0) (actual time=224.620..224.621 rows=228531 loops=1)
                     Index Cond: (contents ~ 'fmt\.Print.*'::text)
 Planning Time: 28.011 ms
 Execution Time: 1074.903 ms
(10 rows)

Time: 1104.289 ms (00:01.104)
TIME:14:22:31
query: EXPLAIN ANALYZE select count(id) from (select id from files where contents ~ 'fmt\.Print.*' limit 100) as e;
Timing is on.
                                                                        QUERY PLAN                                                                         
-----------------------------------------------------------------------------------------------------------------------------------------------------------
 Aggregate  (cost=314.15..314.16 rows=1 width=8) (actual time=1068.114..1068.115 rows=1 loops=1)
   ->  Limit  (cost=204.15..312.90 rows=100 width=8) (actual time=266.994..1068.047 rows=100 loops=1)
         ->  Bitmap Heap Scan on files  (cost=204.15..21133.72 rows=19245 width=8) (actual time=266.992..1067.998 rows=100 loops=1)
               Recheck Cond: (contents ~ 'fmt\.Print.*'::text)
               Rows Removed by Index Recheck: 2843
               Heap Blocks: exact=1120
               ->  Bitmap Index Scan on files_contents_trgm_idx  (cost=0.00..199.33 rows=19245 width=0) (actual time=219.823..219.824 rows=228531 loops=1)
                     Index Cond: (contents ~ 'fmt\.Print.*'::text)
 Planning Time: 31.796 ms
 Execution Time: 1070.025 ms
(10 rows)

Time: 1103.846 ms (00:01.104)
TIME:14:22:32
query: EXPLAIN ANALYZE select count(id) from (select id from files where contents ~ 'fmt\.Print.*' limit 100) as e;
Timing is on.
                                                                        QUERY PLAN                                                                         
-----------------------------------------------------------------------------------------------------------------------------------------------------------
 Aggregate  (cost=314.15..314.16 rows=1 width=8) (actual time=1069.466..1069.468 rows=1 loops=1)
   ->  Limit  (cost=204.15..312.90 rows=100 width=8) (actual time=272.797..1069.416 rows=100 loops=1)
         ->  Bitmap Heap Scan on files  (cost=204.15..21133.72 rows=19245 width=8) (actual time=272.782..1069.335 rows=100 loops=1)
               Recheck Cond: (contents ~ 'fmt\.Print.*'::text)
               Rows Removed by Index Recheck: 2843
               Heap Blocks: exact=1120
               ->  Bitmap Index Scan on files_contents_trgm_idx  (cost=0.00..199.33 rows=19245 width=0) (actual time=223.324..223.325 rows=228531 loops=1)
                     Index Cond: (contents ~ 'fmt\.Print.*'::text)
 Planning Time: 28.270 ms
 Execution Time: 1071.515 ms
(10 rows)

Time: 1101.126 ms (00:01.101)
TIME:14:22:33
query: EXPLAIN ANALYZE select count(id) from (select id from files where contents ~ 'fmt\.Print.*' limit 100) as e;
Timing is on.
                                                                        QUERY PLAN                                                                         
-----------------------------------------------------------------------------------------------------------------------------------------------------------
 Aggregate  (cost=314.15..314.16 rows=1 width=8) (actual time=1080.907..1080.909 rows=1 loops=1)
   ->  Limit  (cost=204.15..312.90 rows=100 width=8) (actual time=271.825..1080.851 rows=100 loops=1)
         ->  Bitmap Heap Scan on files  (cost=204.15..21133.72 rows=19245 width=8) (actual time=271.822..1080.815 rows=100 loops=1)
               Recheck Cond: (contents ~ 'fmt\.Print.*'::text)
               Rows Removed by Index Recheck: 2843
               Heap Blocks: exact=1120
               ->  Bitmap Index Scan on files_contents_trgm_idx  (cost=0.00..199.33 rows=19245 width=0) (actual time=224.268..224.268 rows=228531 loops=1)
                     Index Cond: (contents ~ 'fmt\.Print.*'::text)
 Planning Time: 34.341 ms
 Execution Time: 1083.096 ms
(10 rows)

Time: 1119.016 ms (00:01.119)
TIME:14:22:35
query: EXPLAIN ANALYZE select count(id) from (select id from files where contents ~ 'fmt\.Print.*' limit 100) as e;
Timing is on.
                                                                        QUERY PLAN                                                                         
-----------------------------------------------------------------------------------------------------------------------------------------------------------
 Aggregate  (cost=314.15..314.16 rows=1 width=8) (actual time=1074.708..1074.725 rows=1 loops=1)
   ->  Limit  (cost=204.15..312.90 rows=100 width=8) (actual time=277.194..1074.657 rows=100 loops=1)
         ->  Bitmap Heap Scan on files  (cost=204.15..21133.72 rows=19245 width=8) (actual time=277.193..1074.622 rows=100 loops=1)
               Recheck Cond: (contents ~ 'fmt\.Print.*'::text)
               Rows Removed by Index Recheck: 2843
               Heap Blocks: exact=1120
               ->  Bitmap Index Scan on files_contents_trgm_idx  (cost=0.00..199.33 rows=19245 width=0) (actual time=229.757..229.757 rows=228531 loops=1)
                     Index Cond: (contents ~ 'fmt\.Print.*'::text)
 Planning Time: 29.589 ms
 Execution Time: 1076.509 ms
(10 rows)

Time: 1107.565 ms (00:01.108)
TIME:14:22:36
query: EXPLAIN ANALYZE select count(id) from (select id from files where contents ~ 'fmt\.Print.*' limit 100) as e;
Timing is on.
                                                                        QUERY PLAN                                                                         
-----------------------------------------------------------------------------------------------------------------------------------------------------------
 Aggregate  (cost=314.15..314.16 rows=1 width=8) (actual time=1069.955..1069.957 rows=1 loops=1)
   ->  Limit  (cost=204.15..312.90 rows=100 width=8) (actual time=267.573..1069.883 rows=100 loops=1)
         ->  Bitmap Heap Scan on files  (cost=204.15..21133.72 rows=19245 width=8) (actual time=267.571..1069.842 rows=100 loops=1)
               Recheck Cond: (contents ~ 'fmt\.Print.*'::text)
               Rows Removed by Index Recheck: 2843
               Heap Blocks: exact=1120
               ->  Bitmap Index Scan on files_contents_trgm_idx  (cost=0.00..199.33 rows=19245 width=0) (actual time=220.699..220.699 rows=228531 loops=1)
                     Index Cond: (contents ~ 'fmt\.Print.*'::text)
 Planning Time: 35.373 ms
 Execution Time: 1072.042 ms
(10 rows)

Time: 1109.413 ms (00:01.109)
TIME:14:22:37
query: EXPLAIN ANALYZE select count(id) from (select id from files where contents ~ 'fmt\.Print.*' limit 100) as e;
Timing is on.
                                                                        QUERY PLAN                                                                         
-----------------------------------------------------------------------------------------------------------------------------------------------------------
 Aggregate  (cost=314.15..314.16 rows=1 width=8) (actual time=1055.373..1055.375 rows=1 loops=1)
   ->  Limit  (cost=204.15..312.90 rows=100 width=8) (actual time=268.634..1055.308 rows=100 loops=1)
         ->  Bitmap Heap Scan on files  (cost=204.15..21133.72 rows=19245 width=8) (actual time=268.633..1055.272 rows=100 loops=1)
               Recheck Cond: (contents ~ 'fmt\.Print.*'::text)
               Rows Removed by Index Recheck: 2843
               Heap Blocks: exact=1120
               ->  Bitmap Index Scan on files_contents_trgm_idx  (cost=0.00..199.33 rows=19245 width=0) (actual time=220.109..220.110 rows=228531 loops=1)
                     Index Cond: (contents ~ 'fmt\.Print.*'::text)
 Planning Time: 28.620 ms
 Execution Time: 1057.131 ms
(10 rows)

Time: 1087.316 ms (00:01.087)
TIME:14:22:38
query: EXPLAIN ANALYZE select count(id) from (select id from files where contents ~ 'fmt\.Print.*' limit 100) as e;
Timing is on.
                                                                        QUERY PLAN                                                                         
-----------------------------------------------------------------------------------------------------------------------------------------------------------
 Aggregate  (cost=314.15..314.16 rows=1 width=8) (actual time=1076.651..1076.652 rows=1 loops=1)
   ->  Limit  (cost=204.15..312.90 rows=100 width=8) (actual time=270.970..1076.596 rows=100 loops=1)
         ->  Bitmap Heap Scan on files  (cost=204.15..21133.72 rows=19245 width=8) (actual time=270.968..1076.560 rows=100 loops=1)
               Recheck Cond: (contents ~ 'fmt\.Print.*'::text)
               Rows Removed by Index Recheck: 2843
               Heap Blocks: exact=1120
               ->  Bitmap Index Scan on files_contents_trgm_idx  (cost=0.00..199.33 rows=19245 width=0) (actual time=224.642..224.642 rows=228531 loops=1)
                     Index Cond: (contents ~ 'fmt\.Print.*'::text)
 Planning Time: 35.807 ms
 Execution Time: 1078.844 ms
(10 rows)

Time: 1116.185 ms (00:01.116)
TIME:14:22:40
query: EXPLAIN ANALYZE select count(id) from (select id from files where contents ~ 'fmt\.Print.*' limit 100) as e;
Timing is on.
                                                                        QUERY PLAN                                                                         
-----------------------------------------------------------------------------------------------------------------------------------------------------------
 Aggregate  (cost=314.15..314.16 rows=1 width=8) (actual time=1086.727..1086.728 rows=1 loops=1)
   ->  Limit  (cost=204.15..312.90 rows=100 width=8) (actual time=288.514..1086.647 rows=100 loops=1)
         ->  Bitmap Heap Scan on files  (cost=204.15..21133.72 rows=19245 width=8) (actual time=288.512..1086.613 rows=100 loops=1)
               Recheck Cond: (contents ~ 'fmt\.Print.*'::text)
               Rows Removed by Index Recheck: 2843
               Heap Blocks: exact=1120
               ->  Bitmap Index Scan on files_contents_trgm_idx  (cost=0.00..199.33 rows=19245 width=0) (actual time=230.767..230.767 rows=228531 loops=1)
                     Index Cond: (contents ~ 'fmt\.Print.*'::text)
 Planning Time: 28.748 ms
 Execution Time: 1088.608 ms
(10 rows)

Time: 1118.806 ms (00:01.119)
TIME:14:22:41
query: EXPLAIN ANALYZE select count(id) from (select id from files where contents ~ 'fmt\.Print.*' limit 100) as e;
Timing is on.
                                                                        QUERY PLAN                                                                         
-----------------------------------------------------------------------------------------------------------------------------------------------------------
 Aggregate  (cost=314.15..314.16 rows=1 width=8) (actual time=1081.685..1081.687 rows=1 loops=1)
   ->  Limit  (cost=204.15..312.90 rows=100 width=8) (actual time=286.940..1081.619 rows=100 loops=1)
         ->  Bitmap Heap Scan on files  (cost=204.15..21133.72 rows=19245 width=8) (actual time=286.937..1081.569 rows=100 loops=1)
               Recheck Cond: (contents ~ 'fmt\.Print.*'::text)
               Rows Removed by Index Recheck: 2843
               Heap Blocks: exact=1120
               ->  Bitmap Index Scan on files_contents_trgm_idx  (cost=0.00..199.33 rows=19245 width=0) (actual time=238.468..238.468 rows=228531 loops=1)
                     Index Cond: (contents ~ 'fmt\.Print.*'::text)
 Planning Time: 35.536 ms
 Execution Time: 1083.996 ms
(10 rows)

Time: 1121.412 ms (00:01.121)
TIME:14:22:42
query: EXPLAIN ANALYZE select count(id) from (select id from files where contents ~ 'fmt\.Print.*' limit 100) as e;
Timing is on.
                                                                        QUERY PLAN                                                                         
-----------------------------------------------------------------------------------------------------------------------------------------------------------
 Aggregate  (cost=314.15..314.16 rows=1 width=8) (actual time=1072.130..1072.131 rows=1 loops=1)
   ->  Limit  (cost=204.15..312.90 rows=100 width=8) (actual time=270.138..1072.072 rows=100 loops=1)
         ->  Bitmap Heap Scan on files  (cost=204.15..21133.72 rows=19245 width=8) (actual time=270.136..1072.022 rows=100 loops=1)
               Recheck Cond: (contents ~ 'fmt\.Print.*'::text)
               Rows Removed by Index Recheck: 2843
               Heap Blocks: exact=1120
               ->  Bitmap Index Scan on files_contents_trgm_idx  (cost=0.00..199.33 rows=19245 width=0) (actual time=220.421..220.421 rows=228531 loops=1)
                     Index Cond: (contents ~ 'fmt\.Print.*'::text)
 Planning Time: 28.354 ms
 Execution Time: 1073.957 ms
(10 rows)

Time: 1103.807 ms (00:01.104)
TIME:14:22:44
query: EXPLAIN ANALYZE select count(id) from (select id from files where contents ~ 'fmt\.Print.*' limit 100) as e;
Timing is on.
                                                                        QUERY PLAN                                                                         
-----------------------------------------------------------------------------------------------------------------------------------------------------------
 Aggregate  (cost=314.15..314.16 rows=1 width=8) (actual time=1075.768..1075.770 rows=1 loops=1)
   ->  Limit  (cost=204.15..312.90 rows=100 width=8) (actual time=278.915..1075.699 rows=100 loops=1)
         ->  Bitmap Heap Scan on files  (cost=204.15..21133.72 rows=19245 width=8) (actual time=278.908..1075.658 rows=100 loops=1)
               Recheck Cond: (contents ~ 'fmt\.Print.*'::text)
               Rows Removed by Index Recheck: 2843
               Heap Blocks: exact=1120
               ->  Bitmap Index Scan on files_contents_trgm_idx  (cost=0.00..199.33 rows=19245 width=0) (actual time=231.898..231.898 rows=228531 loops=1)
                     Index Cond: (contents ~ 'fmt\.Print.*'::text)
 Planning Time: 33.740 ms
 Execution Time: 1078.020 ms
(10 rows)

Time: 1113.323 ms (00:01.113)
TIME:14:22:45
query: EXPLAIN ANALYZE select count(id) from (select id from files where contents ~ 'fmt\.Print.*' limit 100) as e;
Timing is on.
                                                                        QUERY PLAN                                                                         
-----------------------------------------------------------------------------------------------------------------------------------------------------------
 Aggregate  (cost=314.15..314.16 rows=1 width=8) (actual time=1077.732..1077.734 rows=1 loops=1)
   ->  Limit  (cost=204.15..312.90 rows=100 width=8) (actual time=271.529..1077.666 rows=100 loops=1)
         ->  Bitmap Heap Scan on files  (cost=204.15..21133.72 rows=19245 width=8) (actual time=271.527..1077.630 rows=100 loops=1)
               Recheck Cond: (contents ~ 'fmt\.Print.*'::text)
               Rows Removed by Index Recheck: 2843
               Heap Blocks: exact=1120
               ->  Bitmap Index Scan on files_contents_trgm_idx  (cost=0.00..199.33 rows=19245 width=0) (actual time=222.290..222.290 rows=228531 loops=1)
                     Index Cond: (contents ~ 'fmt\.Print.*'::text)
 Planning Time: 28.500 ms
 Execution Time: 1079.981 ms
(10 rows)

Time: 1109.995 ms (00:01.110)
TIME:14:22:46
query: EXPLAIN ANALYZE select count(id) from (select id from files where contents ~ 'fmt\.Print.*' limit 100) as e;
Timing is on.
                                                                        QUERY PLAN                                                                         
-----------------------------------------------------------------------------------------------------------------------------------------------------------
 Aggregate  (cost=314.15..314.16 rows=1 width=8) (actual time=1092.602..1092.604 rows=1 loops=1)
   ->  Limit  (cost=204.15..312.90 rows=100 width=8) (actual time=275.694..1092.531 rows=100 loops=1)
         ->  Bitmap Heap Scan on files  (cost=204.15..21133.72 rows=19245 width=8) (actual time=275.692..1092.497 rows=100 loops=1)
               Recheck Cond: (contents ~ 'fmt\.Print.*'::text)
               Rows Removed by Index Recheck: 2843
               Heap Blocks: exact=1120
               ->  Bitmap Index Scan on files_contents_trgm_idx  (cost=0.00..199.33 rows=19245 width=0) (actual time=228.127..228.128 rows=228531 loops=1)
                     Index Cond: (contents ~ 'fmt\.Print.*'::text)
 Planning Time: 34.281 ms
 Execution Time: 1094.555 ms
(10 rows)

Time: 1130.476 ms (00:01.130)
TIME:14:22:48
query: EXPLAIN ANALYZE select count(id) from (select id from files where contents ~ 'fmt\.Print.*' limit 100) as e;
Timing is on.
                                                                        QUERY PLAN                                                                         
-----------------------------------------------------------------------------------------------------------------------------------------------------------
 Aggregate  (cost=314.15..314.16 rows=1 width=8) (actual time=1080.018..1080.019 rows=1 loops=1)
   ->  Limit  (cost=204.15..312.90 rows=100 width=8) (actual time=266.142..1079.949 rows=100 loops=1)
         ->  Bitmap Heap Scan on files  (cost=204.15..21133.72 rows=19245 width=8) (actual time=266.141..1079.912 rows=100 loops=1)
               Recheck Cond: (contents ~ 'fmt\.Print.*'::text)
               Rows Removed by Index Recheck: 2843
               Heap Blocks: exact=1120
               ->  Bitmap Index Scan on files_contents_trgm_idx  (cost=0.00..199.33 rows=19245 width=0) (actual time=217.875..217.876 rows=228531 loops=1)
                     Index Cond: (contents ~ 'fmt\.Print.*'::text)
 Planning Time: 29.026 ms
 Execution Time: 1081.974 ms
(10 rows)

Time: 1112.394 ms (00:01.112)
TIME:14:22:49
query: EXPLAIN ANALYZE select count(id) from (select id from files where contents ~ 'fmt\.Print.*' limit 100) as e;
Timing is on.
                                                                        QUERY PLAN                                                                         
-----------------------------------------------------------------------------------------------------------------------------------------------------------
 Aggregate  (cost=314.15..314.16 rows=1 width=8) (actual time=1075.645..1075.646 rows=1 loops=1)
   ->  Limit  (cost=204.15..312.90 rows=100 width=8) (actual time=274.995..1075.594 rows=100 loops=1)
         ->  Bitmap Heap Scan on files  (cost=204.15..21133.72 rows=19245 width=8) (actual time=274.993..1075.544 rows=100 loops=1)
               Recheck Cond: (contents ~ 'fmt\.Print.*'::text)
               Rows Removed by Index Recheck: 2843
               Heap Blocks: exact=1120
               ->  Bitmap Index Scan on files_contents_trgm_idx  (cost=0.00..199.33 rows=19245 width=0) (actual time=228.005..228.005 rows=228531 loops=1)
                     Index Cond: (contents ~ 'fmt\.Print.*'::text)
 Planning Time: 38.375 ms
 Execution Time: 1078.073 ms
(10 rows)

Time: 1118.259 ms (00:01.118)
TIME:14:22:50
query: EXPLAIN ANALYZE select count(id) from (select id from files where contents ~ 'fmt\.Print.*' limit 100) as e;
Timing is on.
                                                                        QUERY PLAN                                                                         
-----------------------------------------------------------------------------------------------------------------------------------------------------------
 Aggregate  (cost=314.15..314.16 rows=1 width=8) (actual time=1071.416..1071.417 rows=1 loops=1)
   ->  Limit  (cost=204.15..312.90 rows=100 width=8) (actual time=271.787..1071.348 rows=100 loops=1)
         ->  Bitmap Heap Scan on files  (cost=204.15..21133.72 rows=19245 width=8) (actual time=271.785..1071.312 rows=100 loops=1)
               Recheck Cond: (contents ~ 'fmt\.Print.*'::text)
               Rows Removed by Index Recheck: 2843
               Heap Blocks: exact=1120
               ->  Bitmap Index Scan on files_contents_trgm_idx  (cost=0.00..199.33 rows=19245 width=0) (actual time=220.152..220.153 rows=228531 loops=1)
                     Index Cond: (contents ~ 'fmt\.Print.*'::text)
 Planning Time: 29.249 ms
 Execution Time: 1074.010 ms
(10 rows)

Time: 1105.000 ms (00:01.105)
TIME:14:22:52
query: EXPLAIN ANALYZE select count(id) from (select id from files where contents ~ 'fmt\.Print.*' limit 100) as e;
Timing is on.
                                                                        QUERY PLAN                                                                         
-----------------------------------------------------------------------------------------------------------------------------------------------------------
 Aggregate  (cost=314.15..314.16 rows=1 width=8) (actual time=1114.530..1114.532 rows=1 loops=1)
   ->  Limit  (cost=204.15..312.90 rows=100 width=8) (actual time=285.042..1114.476 rows=100 loops=1)
         ->  Bitmap Heap Scan on files  (cost=204.15..21133.72 rows=19245 width=8) (actual time=285.018..1114.417 rows=100 loops=1)
               Recheck Cond: (contents ~ 'fmt\.Print.*'::text)
               Rows Removed by Index Recheck: 2843
               Heap Blocks: exact=1120
               ->  Bitmap Index Scan on files_contents_trgm_idx  (cost=0.00..199.33 rows=19245 width=0) (actual time=236.492..236.492 rows=228531 loops=1)
                     Index Cond: (contents ~ 'fmt\.Print.*'::text)
 Planning Time: 33.086 ms
 Execution Time: 1116.532 ms
(10 rows)

Time: 1151.081 ms (00:01.151)
TIME:14:22:53
query: EXPLAIN ANALYZE select count(id) from (select id from files where contents ~ 'fmt\.Print.*' limit 100) as e;
Timing is on.
                                                                        QUERY PLAN                                                                         
-----------------------------------------------------------------------------------------------------------------------------------------------------------
 Aggregate  (cost=314.15..314.16 rows=1 width=8) (actual time=1090.336..1090.338 rows=1 loops=1)
   ->  Limit  (cost=204.15..312.90 rows=100 width=8) (actual time=291.936..1090.286 rows=100 loops=1)
         ->  Bitmap Heap Scan on files  (cost=204.15..21133.72 rows=19245 width=8) (actual time=291.935..1090.252 rows=100 loops=1)
               Recheck Cond: (contents ~ 'fmt\.Print.*'::text)
               Rows Removed by Index Recheck: 2843
               Heap Blocks: exact=1120
               ->  Bitmap Index Scan on files_contents_trgm_idx  (cost=0.00..199.33 rows=19245 width=0) (actual time=239.584..239.584 rows=228531 loops=1)
                     Index Cond: (contents ~ 'fmt\.Print.*'::text)
 Planning Time: 28.263 ms
 Execution Time: 1092.179 ms
(10 rows)

Time: 1121.799 ms (00:01.122)
TIME:14:22:55
query: EXPLAIN ANALYZE select count(id) from (select id from files where contents ~ 'fmt\.Print.*' limit 100) as e;
Timing is on.
                                                                        QUERY PLAN                                                                         
-----------------------------------------------------------------------------------------------------------------------------------------------------------
 Aggregate  (cost=314.15..314.16 rows=1 width=8) (actual time=1071.820..1071.821 rows=1 loops=1)
   ->  Limit  (cost=204.15..312.90 rows=100 width=8) (actual time=267.069..1071.763 rows=100 loops=1)
         ->  Bitmap Heap Scan on files  (cost=204.15..21133.72 rows=19245 width=8) (actual time=267.067..1071.710 rows=100 loops=1)
               Recheck Cond: (contents ~ 'fmt\.Print.*'::text)
               Rows Removed by Index Recheck: 2843
               Heap Blocks: exact=1120
               ->  Bitmap Index Scan on files_contents_trgm_idx  (cost=0.00..199.33 rows=19245 width=0) (actual time=220.296..220.297 rows=228531 loops=1)
                     Index Cond: (contents ~ 'fmt\.Print.*'::text)
 Planning Time: 36.683 ms
 Execution Time: 1074.061 ms
(10 rows)

Time: 1112.422 ms (00:01.112)
TIME:14:22:56
query: EXPLAIN ANALYZE select count(id) from (select id from files where contents ~ 'fmt\.Print.*' limit 100) as e;
Timing is on.
                                                                        QUERY PLAN                                                                         
-----------------------------------------------------------------------------------------------------------------------------------------------------------
 Aggregate  (cost=314.15..314.16 rows=1 width=8) (actual time=1076.655..1076.656 rows=1 loops=1)
   ->  Limit  (cost=204.15..312.90 rows=100 width=8) (actual time=277.421..1076.604 rows=100 loops=1)
         ->  Bitmap Heap Scan on files  (cost=204.15..21133.72 rows=19245 width=8) (actual time=277.419..1076.555 rows=100 loops=1)
               Recheck Cond: (contents ~ 'fmt\.Print.*'::text)
               Rows Removed by Index Recheck: 2843
               Heap Blocks: exact=1120
               ->  Bitmap Index Scan on files_contents_trgm_idx  (cost=0.00..199.33 rows=19245 width=0) (actual time=229.835..229.835 rows=228531 loops=1)
                     Index Cond: (contents ~ 'fmt\.Print.*'::text)
 Planning Time: 30.712 ms
 Execution Time: 1078.625 ms
(10 rows)

Time: 1110.683 ms (00:01.111)
TIME:14:22:57
query: EXPLAIN ANALYZE select count(id) from (select id from files where contents ~ 'fmt\.Print.*' limit 100) as e;
Timing is on.
                                                                        QUERY PLAN                                                                         
-----------------------------------------------------------------------------------------------------------------------------------------------------------
 Aggregate  (cost=314.15..314.16 rows=1 width=8) (actual time=1068.565..1068.566 rows=1 loops=1)
   ->  Limit  (cost=204.15..312.90 rows=100 width=8) (actual time=267.472..1068.509 rows=100 loops=1)
         ->  Bitmap Heap Scan on files  (cost=204.15..21133.72 rows=19245 width=8) (actual time=267.470..1068.475 rows=100 loops=1)
               Recheck Cond: (contents ~ 'fmt\.Print.*'::text)
               Rows Removed by Index Recheck: 2843
               Heap Blocks: exact=1120
               ->  Bitmap Index Scan on files_contents_trgm_idx  (cost=0.00..199.33 rows=19245 width=0) (actual time=220.419..220.419 rows=228531 loops=1)
                     Index Cond: (contents ~ 'fmt\.Print.*'::text)
 Planning Time: 35.580 ms
 Execution Time: 1070.728 ms
(10 rows)

Time: 1107.839 ms (00:01.108)
TIME:14:22:59
query: EXPLAIN ANALYZE select count(id) from (select id from files where contents ~ 'fmt\.Print.*' limit 100) as e;
Timing is on.
                                                                        QUERY PLAN                                                                         
-----------------------------------------------------------------------------------------------------------------------------------------------------------
 Aggregate  (cost=314.15..314.16 rows=1 width=8) (actual time=1091.733..1091.734 rows=1 loops=1)
   ->  Limit  (cost=204.15..312.90 rows=100 width=8) (actual time=298.937..1091.683 rows=100 loops=1)
         ->  Bitmap Heap Scan on files  (cost=204.15..21133.72 rows=19245 width=8) (actual time=298.935..1091.633 rows=100 loops=1)
               Recheck Cond: (contents ~ 'fmt\.Print.*'::text)
               Rows Removed by Index Recheck: 2843
               Heap Blocks: exact=1120
               ->  Bitmap Index Scan on files_contents_trgm_idx  (cost=0.00..199.33 rows=19245 width=0) (actual time=243.810..243.810 rows=228531 loops=1)
                     Index Cond: (contents ~ 'fmt\.Print.*'::text)
 Planning Time: 28.326 ms
 Execution Time: 1093.777 ms
(10 rows)

Time: 1123.478 ms (00:01.123)
TIME:14:23:00
query: EXPLAIN ANALYZE select count(id) from (select id from files where contents ~ 'fmt\.Print.*' limit 100) as e;
Timing is on.
                                                                        QUERY PLAN                                                                         
-----------------------------------------------------------------------------------------------------------------------------------------------------------
 Aggregate  (cost=314.15..314.16 rows=1 width=8) (actual time=1060.545..1060.547 rows=1 loops=1)
   ->  Limit  (cost=204.15..312.90 rows=100 width=8) (actual time=267.954..1060.480 rows=100 loops=1)
         ->  Bitmap Heap Scan on files  (cost=204.15..21133.72 rows=19245 width=8) (actual time=267.953..1060.444 rows=100 loops=1)
               Recheck Cond: (contents ~ 'fmt\.Print.*'::text)
               Rows Removed by Index Recheck: 2843
               Heap Blocks: exact=1120
               ->  Bitmap Index Scan on files_contents_trgm_idx  (cost=0.00..199.33 rows=19245 width=0) (actual time=221.060..221.060 rows=228531 loops=1)
                     Index Cond: (contents ~ 'fmt\.Print.*'::text)
 Planning Time: 33.915 ms
 Execution Time: 1062.348 ms
(10 rows)

Time: 1097.979 ms (00:01.098)
TIME:14:23:01
query: EXPLAIN ANALYZE select count(id) from (select id from files where contents ~ 'fmt\.Print.*' limit 100) as e;
Timing is on.
                                                                        QUERY PLAN                                                                         
-----------------------------------------------------------------------------------------------------------------------------------------------------------
 Aggregate  (cost=314.15..314.16 rows=1 width=8) (actual time=1073.558..1073.559 rows=1 loops=1)
   ->  Limit  (cost=204.15..312.90 rows=100 width=8) (actual time=271.196..1073.507 rows=100 loops=1)
         ->  Bitmap Heap Scan on files  (cost=204.15..21133.72 rows=19245 width=8) (actual time=271.194..1073.475 rows=100 loops=1)
               Recheck Cond: (contents ~ 'fmt\.Print.*'::text)
               Rows Removed by Index Recheck: 2843
               Heap Blocks: exact=1120
               ->  Bitmap Index Scan on files_contents_trgm_idx  (cost=0.00..199.33 rows=19245 width=0) (actual time=220.464..220.464 rows=228531 loops=1)
                     Index Cond: (contents ~ 'fmt\.Print.*'::text)
 Planning Time: 28.856 ms
 Execution Time: 1075.462 ms
(10 rows)

Time: 1105.631 ms (00:01.106)
TIME:14:23:02
query: EXPLAIN ANALYZE select count(id) from (select id from files where contents ~ 'fmt\.Print.*' limit 100) as e;
Timing is on.
                                                                        QUERY PLAN                                                                         
-----------------------------------------------------------------------------------------------------------------------------------------------------------
 Aggregate  (cost=314.15..314.16 rows=1 width=8) (actual time=1067.559..1067.560 rows=1 loops=1)
   ->  Limit  (cost=204.15..312.90 rows=100 width=8) (actual time=273.590..1067.493 rows=100 loops=1)
         ->  Bitmap Heap Scan on files  (cost=204.15..21133.72 rows=19245 width=8) (actual time=273.588..1067.441 rows=100 loops=1)
               Recheck Cond: (contents ~ 'fmt\.Print.*'::text)
               Rows Removed by Index Recheck: 2843
               Heap Blocks: exact=1120
               ->  Bitmap Index Scan on files_contents_trgm_idx  (cost=0.00..199.33 rows=19245 width=0) (actual time=226.923..226.924 rows=228531 loops=1)
                     Index Cond: (contents ~ 'fmt\.Print.*'::text)
 Planning Time: 37.378 ms
 Execution Time: 1069.746 ms
(10 rows)

Time: 1108.534 ms (00:01.109)
TIME:14:23:04
query: EXPLAIN ANALYZE select count(id) from (select id from files where contents ~ 'fmt\.Print.*' limit 100) as e;
Timing is on.
                                                                        QUERY PLAN                                                                         
-----------------------------------------------------------------------------------------------------------------------------------------------------------
 Aggregate  (cost=314.15..314.16 rows=1 width=8) (actual time=1071.270..1071.271 rows=1 loops=1)
   ->  Limit  (cost=204.15..312.90 rows=100 width=8) (actual time=271.667..1071.203 rows=100 loops=1)
         ->  Bitmap Heap Scan on files  (cost=204.15..21133.72 rows=19245 width=8) (actual time=271.665..1071.166 rows=100 loops=1)
               Recheck Cond: (contents ~ 'fmt\.Print.*'::text)
               Rows Removed by Index Recheck: 2843
               Heap Blocks: exact=1120
               ->  Bitmap Index Scan on files_contents_trgm_idx  (cost=0.00..199.33 rows=19245 width=0) (actual time=223.010..223.011 rows=228531 loops=1)
                     Index Cond: (contents ~ 'fmt\.Print.*'::text)
 Planning Time: 29.681 ms
 Execution Time: 1073.193 ms
(10 rows)

Time: 1104.639 ms (00:01.105)
TIME:14:23:05
query: EXPLAIN ANALYZE select count(id) from (select id from files where contents ~ 'fmt\.Print.*' limit 100) as e;
Timing is on.
                                                                        QUERY PLAN                                                                         
-----------------------------------------------------------------------------------------------------------------------------------------------------------
 Aggregate  (cost=314.15..314.16 rows=1 width=8) (actual time=1070.190..1070.192 rows=1 loops=1)
   ->  Limit  (cost=204.15..312.90 rows=100 width=8) (actual time=272.561..1070.138 rows=100 loops=1)
         ->  Bitmap Heap Scan on files  (cost=204.15..21133.72 rows=19245 width=8) (actual time=272.558..1070.086 rows=100 loops=1)
               Recheck Cond: (contents ~ 'fmt\.Print.*'::text)
               Rows Removed by Index Recheck: 2843
               Heap Blocks: exact=1120
               ->  Bitmap Index Scan on files_contents_trgm_idx  (cost=0.00..199.33 rows=19245 width=0) (actual time=226.208..226.208 rows=228531 loops=1)
                     Index Cond: (contents ~ 'fmt\.Print.*'::text)
 Planning Time: 34.594 ms
 Execution Time: 1072.404 ms
(10 rows)

Time: 1108.868 ms (00:01.109)
TIME:14:23:06
query: EXPLAIN ANALYZE select count(id) from (select id from files where contents ~ 'fmt\.Print.*' limit 100) as e;
Timing is on.
                                                                        QUERY PLAN                                                                         
-----------------------------------------------------------------------------------------------------------------------------------------------------------
 Aggregate  (cost=314.15..314.16 rows=1 width=8) (actual time=1076.842..1076.844 rows=1 loops=1)
   ->  Limit  (cost=204.15..312.90 rows=100 width=8) (actual time=272.372..1076.793 rows=100 loops=1)
         ->  Bitmap Heap Scan on files  (cost=204.15..21133.72 rows=19245 width=8) (actual time=272.370..1076.756 rows=100 loops=1)
               Recheck Cond: (contents ~ 'fmt\.Print.*'::text)
               Rows Removed by Index Recheck: 2843
               Heap Blocks: exact=1120
               ->  Bitmap Index Scan on files_contents_trgm_idx  (cost=0.00..199.33 rows=19245 width=0) (actual time=223.556..223.557 rows=228531 loops=1)
                     Index Cond: (contents ~ 'fmt\.Print.*'::text)
 Planning Time: 30.306 ms
 Execution Time: 1078.916 ms
(10 rows)

Time: 1110.977 ms (00:01.111)
TIME:14:23:08
query: EXPLAIN ANALYZE select count(id) from (select id from files where contents ~ 'fmt\.Print.*' limit 100) as e;
Timing is on.
                                                                        QUERY PLAN                                                                         
-----------------------------------------------------------------------------------------------------------------------------------------------------------
 Aggregate  (cost=314.15..314.16 rows=1 width=8) (actual time=1099.815..1099.817 rows=1 loops=1)
   ->  Limit  (cost=204.15..312.90 rows=100 width=8) (actual time=279.348..1099.762 rows=100 loops=1)
         ->  Bitmap Heap Scan on files  (cost=204.15..21133.72 rows=19245 width=8) (actual time=279.346..1099.725 rows=100 loops=1)
               Recheck Cond: (contents ~ 'fmt\.Print.*'::text)
               Rows Removed by Index Recheck: 2843
               Heap Blocks: exact=1120
               ->  Bitmap Index Scan on files_contents_trgm_idx  (cost=0.00..199.33 rows=19245 width=0) (actual time=232.362..232.363 rows=228531 loops=1)
                     Index Cond: (contents ~ 'fmt\.Print.*'::text)
 Planning Time: 33.917 ms
 Execution Time: 1102.192 ms
(10 rows)

Time: 1137.753 ms (00:01.138)
TIME:14:23:09
query: EXPLAIN ANALYZE select count(id) from (select id from files where contents ~ 'fmt\.Print.*' limit 100) as e;
Timing is on.
                                                                        QUERY PLAN                                                                         
-----------------------------------------------------------------------------------------------------------------------------------------------------------
 Aggregate  (cost=314.15..314.16 rows=1 width=8) (actual time=1096.364..1096.366 rows=1 loops=1)
   ->  Limit  (cost=204.15..312.90 rows=100 width=8) (actual time=272.683..1096.293 rows=100 loops=1)
         ->  Bitmap Heap Scan on files  (cost=204.15..21133.72 rows=19245 width=8) (actual time=272.682..1096.255 rows=100 loops=1)
               Recheck Cond: (contents ~ 'fmt\.Print.*'::text)
               Rows Removed by Index Recheck: 2843
               Heap Blocks: exact=1120
               ->  Bitmap Index Scan on files_contents_trgm_idx  (cost=0.00..199.33 rows=19245 width=0) (actual time=221.201..221.201 rows=228531 loops=1)
                     Index Cond: (contents ~ 'fmt\.Print.*'::text)
 Planning Time: 28.996 ms
 Execution Time: 1098.056 ms
(10 rows)

Time: 1128.314 ms (00:01.128)
TIME:14:23:11
query: EXPLAIN ANALYZE select count(id) from (select id from files where contents ~ 'fmt\.Print.*' limit 100) as e;
Timing is on.
                                                                        QUERY PLAN                                                                         
-----------------------------------------------------------------------------------------------------------------------------------------------------------
 Aggregate  (cost=314.15..314.16 rows=1 width=8) (actual time=1082.298..1082.299 rows=1 loops=1)
   ->  Limit  (cost=204.15..312.90 rows=100 width=8) (actual time=275.644..1082.210 rows=100 loops=1)
         ->  Bitmap Heap Scan on files  (cost=204.15..21133.72 rows=19245 width=8) (actual time=275.642..1082.172 rows=100 loops=1)
               Recheck Cond: (contents ~ 'fmt\.Print.*'::text)
               Rows Removed by Index Recheck: 2843
               Heap Blocks: exact=1120
               ->  Bitmap Index Scan on files_contents_trgm_idx  (cost=0.00..199.33 rows=19245 width=0) (actual time=227.837..227.838 rows=228531 loops=1)
                     Index Cond: (contents ~ 'fmt\.Print.*'::text)
 Planning Time: 36.988 ms
 Execution Time: 1084.632 ms
(10 rows)

Time: 1123.073 ms (00:01.123)
TIME:14:23:12
query: EXPLAIN ANALYZE select count(id) from (select id from files where contents ~ 'fmt\.Print.*' limit 100) as e;
Timing is on.
                                                                        QUERY PLAN                                                                         
-----------------------------------------------------------------------------------------------------------------------------------------------------------
 Aggregate  (cost=314.15..314.16 rows=1 width=8) (actual time=1054.303..1054.305 rows=1 loops=1)
   ->  Limit  (cost=204.15..312.90 rows=100 width=8) (actual time=264.047..1054.200 rows=100 loops=1)
         ->  Bitmap Heap Scan on files  (cost=204.15..21133.72 rows=19245 width=8) (actual time=264.046..1054.166 rows=100 loops=1)
               Recheck Cond: (contents ~ 'fmt\.Print.*'::text)
               Rows Removed by Index Recheck: 2843
               Heap Blocks: exact=1120
               ->  Bitmap Index Scan on files_contents_trgm_idx  (cost=0.00..199.33 rows=19245 width=0) (actual time=217.039..217.039 rows=228531 loops=1)
                     Index Cond: (contents ~ 'fmt\.Print.*'::text)
 Planning Time: 28.444 ms
 Execution Time: 1056.055 ms
(10 rows)

Time: 1085.956 ms (00:01.086)
TIME:14:23:13
query: EXPLAIN ANALYZE select count(id) from (select id from files where contents ~ 'fmt\.Print.*' limit 100) as e;
Timing is on.
                                                                        QUERY PLAN                                                                         
-----------------------------------------------------------------------------------------------------------------------------------------------------------
 Aggregate  (cost=314.15..314.16 rows=1 width=8) (actual time=1112.258..1112.259 rows=1 loops=1)
   ->  Limit  (cost=204.15..312.90 rows=100 width=8) (actual time=297.027..1112.198 rows=100 loops=1)
         ->  Bitmap Heap Scan on files  (cost=204.15..21133.72 rows=19245 width=8) (actual time=297.024..1112.158 rows=100 loops=1)
               Recheck Cond: (contents ~ 'fmt\.Print.*'::text)
               Rows Removed by Index Recheck: 2843
               Heap Blocks: exact=1120
               ->  Bitmap Index Scan on files_contents_trgm_idx  (cost=0.00..199.33 rows=19245 width=0) (actual time=249.258..249.258 rows=228531 loops=1)
                     Index Cond: (contents ~ 'fmt\.Print.*'::text)
 Planning Time: 33.725 ms
 Execution Time: 1114.657 ms
(10 rows)

Time: 1150.068 ms (00:01.150)
TIME:14:23:15
query: EXPLAIN ANALYZE select count(id) from (select id from files where contents ~ 'fmt\.Print.*' limit 100) as e;
Timing is on.
                                                                        QUERY PLAN                                                                         
-----------------------------------------------------------------------------------------------------------------------------------------------------------
 Aggregate  (cost=314.15..314.16 rows=1 width=8) (actual time=1065.449..1065.451 rows=1 loops=1)
   ->  Limit  (cost=204.15..312.90 rows=100 width=8) (actual time=270.068..1065.397 rows=100 loops=1)
         ->  Bitmap Heap Scan on files  (cost=204.15..21133.72 rows=19245 width=8) (actual time=270.066..1065.361 rows=100 loops=1)
               Recheck Cond: (contents ~ 'fmt\.Print.*'::text)
               Rows Removed by Index Recheck: 2843
               Heap Blocks: exact=1120
               ->  Bitmap Index Scan on files_contents_trgm_idx  (cost=0.00..199.33 rows=19245 width=0) (actual time=221.879..221.880 rows=228531 loops=1)
                     Index Cond: (contents ~ 'fmt\.Print.*'::text)
 Planning Time: 29.971 ms
 Execution Time: 1067.248 ms
(10 rows)

Time: 1098.566 ms (00:01.099)
TIME:14:23:16
query: EXPLAIN ANALYZE select count(id) from (select id from files where contents ~ 'fmt\.Print.*' limit 100) as e;
Timing is on.
                                                                        QUERY PLAN                                                                         
-----------------------------------------------------------------------------------------------------------------------------------------------------------
 Aggregate  (cost=314.15..314.16 rows=1 width=8) (actual time=1072.791..1072.792 rows=1 loops=1)
   ->  Limit  (cost=204.15..312.90 rows=100 width=8) (actual time=271.542..1072.688 rows=100 loops=1)
         ->  Bitmap Heap Scan on files  (cost=204.15..21133.72 rows=19245 width=8) (actual time=271.540..1072.653 rows=100 loops=1)
               Recheck Cond: (contents ~ 'fmt\.Print.*'::text)
               Rows Removed by Index Recheck: 2843
               Heap Blocks: exact=1120
               ->  Bitmap Index Scan on files_contents_trgm_idx  (cost=0.00..199.33 rows=19245 width=0) (actual time=224.194..224.194 rows=228531 loops=1)
                     Index Cond: (contents ~ 'fmt\.Print.*'::text)
 Planning Time: 40.097 ms
 Execution Time: 1074.821 ms
(10 rows)

Time: 1116.384 ms (00:01.116)
TIME:14:23:17
query: EXPLAIN ANALYZE select count(id) from (select id from files where contents ~ 'fmt\.Print.*' limit 100) as e;
Timing is on.
                                                                        QUERY PLAN                                                                         
-----------------------------------------------------------------------------------------------------------------------------------------------------------
 Aggregate  (cost=314.15..314.16 rows=1 width=8) (actual time=1067.988..1067.989 rows=1 loops=1)
   ->  Limit  (cost=204.15..312.90 rows=100 width=8) (actual time=272.849..1067.938 rows=100 loops=1)
         ->  Bitmap Heap Scan on files  (cost=204.15..21133.72 rows=19245 width=8) (actual time=272.847..1067.903 rows=100 loops=1)
               Recheck Cond: (contents ~ 'fmt\.Print.*'::text)
               Rows Removed by Index Recheck: 2843
               Heap Blocks: exact=1120
               ->  Bitmap Index Scan on files_contents_trgm_idx  (cost=0.00..199.33 rows=19245 width=0) (actual time=224.518..224.518 rows=228531 loops=1)
                     Index Cond: (contents ~ 'fmt\.Print.*'::text)
 Planning Time: 29.515 ms
 Execution Time: 1069.781 ms
(10 rows)

Time: 1102.328 ms (00:01.102)
TIME:14:23:18
query: EXPLAIN ANALYZE select count(id) from (select id from files where contents ~ 'fmt\.Print.*' limit 100) as e;
Timing is on.
                                                                        QUERY PLAN                                                                         
-----------------------------------------------------------------------------------------------------------------------------------------------------------
 Aggregate  (cost=314.15..314.16 rows=1 width=8) (actual time=1080.145..1080.146 rows=1 loops=1)
   ->  Limit  (cost=204.15..312.90 rows=100 width=8) (actual time=271.087..1080.069 rows=100 loops=1)
         ->  Bitmap Heap Scan on files  (cost=204.15..21133.72 rows=19245 width=8) (actual time=271.086..1080.011 rows=100 loops=1)
               Recheck Cond: (contents ~ 'fmt\.Print.*'::text)
               Rows Removed by Index Recheck: 2843
               Heap Blocks: exact=1120
               ->  Bitmap Index Scan on files_contents_trgm_idx  (cost=0.00..199.33 rows=19245 width=0) (actual time=223.000..223.001 rows=228531 loops=1)
                     Index Cond: (contents ~ 'fmt\.Print.*'::text)
 Planning Time: 37.602 ms
 Execution Time: 1082.059 ms
(10 rows)

Time: 1121.089 ms (00:01.121)
TIME:14:23:20
query: EXPLAIN ANALYZE select count(id) from (select id from files where contents ~ 'fmt\.Print.*' limit 100) as e;
Timing is on.
                                                                        QUERY PLAN                                                                         
-----------------------------------------------------------------------------------------------------------------------------------------------------------
 Aggregate  (cost=314.15..314.16 rows=1 width=8) (actual time=1062.472..1062.473 rows=1 loops=1)
   ->  Limit  (cost=204.15..312.90 rows=100 width=8) (actual time=271.288..1062.423 rows=100 loops=1)
         ->  Bitmap Heap Scan on files  (cost=204.15..21133.72 rows=19245 width=8) (actual time=271.286..1062.374 rows=100 loops=1)
               Recheck Cond: (contents ~ 'fmt\.Print.*'::text)
               Rows Removed by Index Recheck: 2843
               Heap Blocks: exact=1120
               ->  Bitmap Index Scan on files_contents_trgm_idx  (cost=0.00..199.33 rows=19245 width=0) (actual time=223.384..223.385 rows=228531 loops=1)
                     Index Cond: (contents ~ 'fmt\.Print.*'::text)
 Planning Time: 28.728 ms
 Execution Time: 1064.176 ms
(10 rows)

Time: 1094.243 ms (00:01.094)
TIME:14:23:21
query: EXPLAIN ANALYZE select count(id) from (select id from files where contents ~ 'fmt\.Print.*' limit 100) as e;
Timing is on.
                                                                        QUERY PLAN                                                                         
-----------------------------------------------------------------------------------------------------------------------------------------------------------
 Aggregate  (cost=314.15..314.16 rows=1 width=8) (actual time=1062.344..1062.346 rows=1 loops=1)
   ->  Limit  (cost=204.15..312.90 rows=100 width=8) (actual time=269.536..1062.280 rows=100 loops=1)
         ->  Bitmap Heap Scan on files  (cost=204.15..21133.72 rows=19245 width=8) (actual time=269.535..1062.245 rows=100 loops=1)
               Recheck Cond: (contents ~ 'fmt\.Print.*'::text)
               Rows Removed by Index Recheck: 2843
               Heap Blocks: exact=1120
               ->  Bitmap Index Scan on files_contents_trgm_idx  (cost=0.00..199.33 rows=19245 width=0) (actual time=222.031..222.031 rows=228531 loops=1)
                     Index Cond: (contents ~ 'fmt\.Print.*'::text)
 Planning Time: 40.225 ms
 Execution Time: 1064.191 ms
(10 rows)

Time: 1106.224 ms (00:01.106)
TIME:14:23:22
query: EXPLAIN ANALYZE select count(id) from (select id from files where contents ~ 'fmt\.Print.*' limit 100) as e;
Timing is on.
                                                                        QUERY PLAN                                                                         
-----------------------------------------------------------------------------------------------------------------------------------------------------------
 Aggregate  (cost=314.15..314.16 rows=1 width=8) (actual time=1081.944..1081.945 rows=1 loops=1)
   ->  Limit  (cost=204.15..312.90 rows=100 width=8) (actual time=276.026..1081.891 rows=100 loops=1)
         ->  Bitmap Heap Scan on files  (cost=204.15..21133.72 rows=19245 width=8) (actual time=276.025..1081.853 rows=100 loops=1)
               Recheck Cond: (contents ~ 'fmt\.Print.*'::text)
               Rows Removed by Index Recheck: 2843
               Heap Blocks: exact=1120
               ->  Bitmap Index Scan on files_contents_trgm_idx  (cost=0.00..199.33 rows=19245 width=0) (actual time=228.048..228.049 rows=228531 loops=1)
                     Index Cond: (contents ~ 'fmt\.Print.*'::text)
 Planning Time: 36.387 ms
 Execution Time: 1083.950 ms
(10 rows)

Time: 1121.623 ms (00:01.122)
TIME:14:23:24
query: EXPLAIN ANALYZE select count(id) from (select id from files where contents ~ 'fmt\.Print.*' limit 100) as e;
Timing is on.
                                                                        QUERY PLAN                                                                         
-----------------------------------------------------------------------------------------------------------------------------------------------------------
 Aggregate  (cost=314.15..314.16 rows=1 width=8) (actual time=1077.282..1077.284 rows=1 loops=1)
   ->  Limit  (cost=204.15..312.90 rows=100 width=8) (actual time=275.574..1077.218 rows=100 loops=1)
         ->  Bitmap Heap Scan on files  (cost=204.15..21133.72 rows=19245 width=8) (actual time=275.572..1077.184 rows=100 loops=1)
               Recheck Cond: (contents ~ 'fmt\.Print.*'::text)
               Rows Removed by Index Recheck: 2843
               Heap Blocks: exact=1120
               ->  Bitmap Index Scan on files_contents_trgm_idx  (cost=0.00..199.33 rows=19245 width=0) (actual time=228.137..228.137 rows=228531 loops=1)
                     Index Cond: (contents ~ 'fmt\.Print.*'::text)
 Planning Time: 35.806 ms
 Execution Time: 1079.572 ms
(10 rows)

Time: 1116.972 ms (00:01.117)
TIME:14:23:25
query: EXPLAIN ANALYZE select count(id) from (select id from files where contents ~ 'fmt\.Print.*' limit 100) as e;
Timing is on.
                                                                        QUERY PLAN                                                                         
-----------------------------------------------------------------------------------------------------------------------------------------------------------
 Aggregate  (cost=314.15..314.16 rows=1 width=8) (actual time=1084.151..1084.153 rows=1 loops=1)
   ->  Limit  (cost=204.15..312.90 rows=100 width=8) (actual time=271.401..1084.075 rows=100 loops=1)
         ->  Bitmap Heap Scan on files  (cost=204.15..21133.72 rows=19245 width=8) (actual time=271.399..1084.035 rows=100 loops=1)
               Recheck Cond: (contents ~ 'fmt\.Print.*'::text)
               Rows Removed by Index Recheck: 2843
               Heap Blocks: exact=1120
               ->  Bitmap Index Scan on files_contents_trgm_idx  (cost=0.00..199.33 rows=19245 width=0) (actual time=222.173..222.174 rows=228531 loops=1)
                     Index Cond: (contents ~ 'fmt\.Print.*'::text)
 Planning Time: 29.257 ms
 Execution Time: 1086.543 ms
(10 rows)

Time: 1117.210 ms (00:01.117)
TIME:14:23:27
query: EXPLAIN ANALYZE select count(id) from (select id from files where contents ~ 'fmt\.Print.*' limit 100) as e;
Timing is on.
                                                                        QUERY PLAN                                                                         
-----------------------------------------------------------------------------------------------------------------------------------------------------------
 Aggregate  (cost=314.15..314.16 rows=1 width=8) (actual time=1062.714..1062.716 rows=1 loops=1)
   ->  Limit  (cost=204.15..312.90 rows=100 width=8) (actual time=267.890..1062.630 rows=100 loops=1)
         ->  Bitmap Heap Scan on files  (cost=204.15..21133.72 rows=19245 width=8) (actual time=267.888..1062.594 rows=100 loops=1)
               Recheck Cond: (contents ~ 'fmt\.Print.*'::text)
               Rows Removed by Index Recheck: 2843
               Heap Blocks: exact=1120
               ->  Bitmap Index Scan on files_contents_trgm_idx  (cost=0.00..199.33 rows=19245 width=0) (actual time=221.820..221.821 rows=228531 loops=1)
                     Index Cond: (contents ~ 'fmt\.Print.*'::text)
 Planning Time: 34.152 ms
 Execution Time: 1064.712 ms
(10 rows)

Time: 1100.332 ms (00:01.100)
TIME:14:23:28
query: EXPLAIN ANALYZE select count(id) from (select id from files where contents ~ 'fmt\.Print.*' limit 100) as e;
Timing is on.
                                                                        QUERY PLAN                                                                         
-----------------------------------------------------------------------------------------------------------------------------------------------------------
 Aggregate  (cost=314.15..314.16 rows=1 width=8) (actual time=1105.587..1105.588 rows=1 loops=1)
   ->  Limit  (cost=204.15..312.90 rows=100 width=8) (actual time=276.599..1105.515 rows=100 loops=1)
         ->  Bitmap Heap Scan on files  (cost=204.15..21133.72 rows=19245 width=8) (actual time=276.597..1105.443 rows=100 loops=1)
               Recheck Cond: (contents ~ 'fmt\.Print.*'::text)
               Rows Removed by Index Recheck: 2843
               Heap Blocks: exact=1120
               ->  Bitmap Index Scan on files_contents_trgm_idx  (cost=0.00..199.33 rows=19245 width=0) (actual time=221.466..221.467 rows=228531 loops=1)
                     Index Cond: (contents ~ 'fmt\.Print.*'::text)
 Planning Time: 29.501 ms
 Execution Time: 1107.724 ms
(10 rows)

Time: 1138.646 ms (00:01.139)
TIME:14:23:29
query: EXPLAIN ANALYZE select count(id) from (select id from files where contents ~ 'fmt\.Print.*' limit 100) as e;
Timing is on.
                                                                        QUERY PLAN                                                                         
-----------------------------------------------------------------------------------------------------------------------------------------------------------
 Aggregate  (cost=314.15..314.16 rows=1 width=8) (actual time=1084.598..1084.600 rows=1 loops=1)
   ->  Limit  (cost=204.15..312.90 rows=100 width=8) (actual time=279.813..1084.546 rows=100 loops=1)
         ->  Bitmap Heap Scan on files  (cost=204.15..21133.72 rows=19245 width=8) (actual time=279.795..1084.496 rows=100 loops=1)
               Recheck Cond: (contents ~ 'fmt\.Print.*'::text)
               Rows Removed by Index Recheck: 2843
               Heap Blocks: exact=1120
               ->  Bitmap Index Scan on files_contents_trgm_idx  (cost=0.00..199.33 rows=19245 width=0) (actual time=230.640..230.640 rows=228531 loops=1)
                     Index Cond: (contents ~ 'fmt\.Print.*'::text)
 Planning Time: 32.323 ms
 Execution Time: 1086.636 ms
(10 rows)

Time: 1120.741 ms (00:01.121)
TIME:14:23:31
query: EXPLAIN ANALYZE select count(id) from (select id from files where contents ~ 'fmt\.Print.*' limit 100) as e;
Timing is on.
                                                                        QUERY PLAN                                                                         
-----------------------------------------------------------------------------------------------------------------------------------------------------------
 Aggregate  (cost=314.15..314.16 rows=1 width=8) (actual time=1109.179..1109.181 rows=1 loops=1)
   ->  Limit  (cost=204.15..312.90 rows=100 width=8) (actual time=304.644..1109.108 rows=100 loops=1)
         ->  Bitmap Heap Scan on files  (cost=204.15..21133.72 rows=19245 width=8) (actual time=304.643..1109.054 rows=100 loops=1)
               Recheck Cond: (contents ~ 'fmt\.Print.*'::text)
               Rows Removed by Index Recheck: 2843
               Heap Blocks: exact=1120
               ->  Bitmap Index Scan on files_contents_trgm_idx  (cost=0.00..199.33 rows=19245 width=0) (actual time=239.320..239.320 rows=228531 loops=1)
                     Index Cond: (contents ~ 'fmt\.Print.*'::text)
 Planning Time: 30.232 ms
 Execution Time: 1111.055 ms
(10 rows)

Time: 1142.759 ms (00:01.143)
TIME:14:23:32
query: EXPLAIN ANALYZE select count(id) from (select id from files where contents ~ 'fmt\.Print.*' limit 100) as e;
Timing is on.
                                                                        QUERY PLAN                                                                         
-----------------------------------------------------------------------------------------------------------------------------------------------------------
 Aggregate  (cost=314.15..314.16 rows=1 width=8) (actual time=1071.946..1071.947 rows=1 loops=1)
   ->  Limit  (cost=204.15..312.90 rows=100 width=8) (actual time=276.473..1071.876 rows=100 loops=1)
         ->  Bitmap Heap Scan on files  (cost=204.15..21133.72 rows=19245 width=8) (actual time=276.471..1071.825 rows=100 loops=1)
               Recheck Cond: (contents ~ 'fmt\.Print.*'::text)
               Rows Removed by Index Recheck: 2843
               Heap Blocks: exact=1120
               ->  Bitmap Index Scan on files_contents_trgm_idx  (cost=0.00..199.33 rows=19245 width=0) (actual time=229.513..229.514 rows=228531 loops=1)
                     Index Cond: (contents ~ 'fmt\.Print.*'::text)
 Planning Time: 32.369 ms
 Execution Time: 1073.681 ms
(10 rows)

Time: 1107.870 ms (00:01.108)
TIME:14:23:33
query: EXPLAIN ANALYZE select count(id) from (select id from files where contents ~ 'fmt\.Print.*' limit 100) as e;
Timing is on.
                                                                        QUERY PLAN                                                                         
-----------------------------------------------------------------------------------------------------------------------------------------------------------
 Aggregate  (cost=314.15..314.16 rows=1 width=8) (actual time=1066.348..1066.362 rows=1 loops=1)
   ->  Limit  (cost=204.15..312.90 rows=100 width=8) (actual time=271.119..1066.311 rows=100 loops=1)
         ->  Bitmap Heap Scan on files  (cost=204.15..21133.72 rows=19245 width=8) (actual time=271.117..1066.278 rows=100 loops=1)
               Recheck Cond: (contents ~ 'fmt\.Print.*'::text)
               Rows Removed by Index Recheck: 2843
               Heap Blocks: exact=1120
               ->  Bitmap Index Scan on files_contents_trgm_idx  (cost=0.00..199.33 rows=19245 width=0) (actual time=221.886..221.899 rows=228531 loops=1)
                     Index Cond: (contents ~ 'fmt\.Print.*'::text)
 Planning Time: 26.005 ms
 Execution Time: 1068.364 ms
(10 rows)

Time: 1095.843 ms (00:01.096)
TIME:14:23:35
query: EXPLAIN ANALYZE select count(id) from (select id from files where contents ~ 'fmt\.Print.*' limit 100) as e;
Timing is on.
                                                                        QUERY PLAN                                                                         
-----------------------------------------------------------------------------------------------------------------------------------------------------------
 Aggregate  (cost=314.15..314.16 rows=1 width=8) (actual time=1072.671..1072.673 rows=1 loops=1)
   ->  Limit  (cost=204.15..312.90 rows=100 width=8) (actual time=268.877..1072.615 rows=100 loops=1)
         ->  Bitmap Heap Scan on files  (cost=204.15..21133.72 rows=19245 width=8) (actual time=268.861..1072.563 rows=100 loops=1)
               Recheck Cond: (contents ~ 'fmt\.Print.*'::text)
               Rows Removed by Index Recheck: 2843
               Heap Blocks: exact=1120
               ->  Bitmap Index Scan on files_contents_trgm_idx  (cost=0.00..199.33 rows=19245 width=0) (actual time=221.623..221.623 rows=228531 loops=1)
                     Index Cond: (contents ~ 'fmt\.Print.*'::text)
 Planning Time: 30.574 ms
 Execution Time: 1074.526 ms
(10 rows)

Time: 1106.844 ms (00:01.107)
TIME:14:23:36
query: EXPLAIN ANALYZE select count(id) from (select id from files where contents ~ 'fmt\.Print.*' limit 100) as e;
Timing is on.
                                                                        QUERY PLAN                                                                         
-----------------------------------------------------------------------------------------------------------------------------------------------------------
 Aggregate  (cost=314.15..314.16 rows=1 width=8) (actual time=1067.699..1067.701 rows=1 loops=1)
   ->  Limit  (cost=204.15..312.90 rows=100 width=8) (actual time=268.610..1067.644 rows=100 loops=1)
         ->  Bitmap Heap Scan on files  (cost=204.15..21133.72 rows=19245 width=8) (actual time=268.608..1067.609 rows=100 loops=1)
               Recheck Cond: (contents ~ 'fmt\.Print.*'::text)
               Rows Removed by Index Recheck: 2843
               Heap Blocks: exact=1120
               ->  Bitmap Index Scan on files_contents_trgm_idx  (cost=0.00..199.33 rows=19245 width=0) (actual time=221.336..221.337 rows=228531 loops=1)
                     Index Cond: (contents ~ 'fmt\.Print.*'::text)
 Planning Time: 28.350 ms
 Execution Time: 1069.752 ms
(10 rows)

Time: 1099.497 ms (00:01.099)
TIME:14:23:37
query: EXPLAIN ANALYZE select count(id) from (select id from files where contents ~ 'fmt\.Print.*' limit 100) as e;
Timing is on.
                                                                        QUERY PLAN                                                                         
-----------------------------------------------------------------------------------------------------------------------------------------------------------
 Aggregate  (cost=314.15..314.16 rows=1 width=8) (actual time=1087.758..1087.759 rows=1 loops=1)
   ->  Limit  (cost=204.15..312.90 rows=100 width=8) (actual time=267.788..1087.701 rows=100 loops=1)
         ->  Bitmap Heap Scan on files  (cost=204.15..21133.72 rows=19245 width=8) (actual time=267.785..1087.647 rows=100 loops=1)
               Recheck Cond: (contents ~ 'fmt\.Print.*'::text)
               Rows Removed by Index Recheck: 2843
               Heap Blocks: exact=1120
               ->  Bitmap Index Scan on files_contents_trgm_idx  (cost=0.00..199.33 rows=19245 width=0) (actual time=221.108..221.108 rows=228531 loops=1)
                     Index Cond: (contents ~ 'fmt\.Print.*'::text)
 Planning Time: 35.930 ms
 Execution Time: 1090.058 ms
(10 rows)

Time: 1127.626 ms (00:01.128)
TIME:14:23:39
query: EXPLAIN ANALYZE select count(id) from (select id from files where contents ~ 'fmt\.Print.*' limit 100) as e;
Timing is on.
                                                                        QUERY PLAN                                                                         
-----------------------------------------------------------------------------------------------------------------------------------------------------------
 Aggregate  (cost=314.15..314.16 rows=1 width=8) (actual time=1066.073..1066.074 rows=1 loops=1)
   ->  Limit  (cost=204.15..312.90 rows=100 width=8) (actual time=270.988..1066.006 rows=100 loops=1)
         ->  Bitmap Heap Scan on files  (cost=204.15..21133.72 rows=19245 width=8) (actual time=270.986..1065.971 rows=100 loops=1)
               Recheck Cond: (contents ~ 'fmt\.Print.*'::text)
               Rows Removed by Index Recheck: 2843
               Heap Blocks: exact=1120
               ->  Bitmap Index Scan on files_contents_trgm_idx  (cost=0.00..199.33 rows=19245 width=0) (actual time=222.464..222.464 rows=228531 loops=1)
                     Index Cond: (contents ~ 'fmt\.Print.*'::text)
 Planning Time: 27.960 ms
 Execution Time: 1067.976 ms
(10 rows)

Time: 1097.349 ms (00:01.097)
TIME:14:23:40
query: EXPLAIN ANALYZE select count(id) from (select id from files where contents ~ 'fmt\.Print.*' limit 100) as e;
Timing is on.
                                                                        QUERY PLAN                                                                         
-----------------------------------------------------------------------------------------------------------------------------------------------------------
 Aggregate  (cost=314.15..314.16 rows=1 width=8) (actual time=1069.938..1069.940 rows=1 loops=1)
   ->  Limit  (cost=204.15..312.90 rows=100 width=8) (actual time=271.210..1069.871 rows=100 loops=1)
         ->  Bitmap Heap Scan on files  (cost=204.15..21133.72 rows=19245 width=8) (actual time=271.208..1069.837 rows=100 loops=1)
               Recheck Cond: (contents ~ 'fmt\.Print.*'::text)
               Rows Removed by Index Recheck: 2843
               Heap Blocks: exact=1120
               ->  Bitmap Index Scan on files_contents_trgm_idx  (cost=0.00..199.33 rows=19245 width=0) (actual time=222.621..222.622 rows=228531 loops=1)
                     Index Cond: (contents ~ 'fmt\.Print.*'::text)
 Planning Time: 35.016 ms
 Execution Time: 1071.704 ms
(10 rows)

Time: 1108.429 ms (00:01.108)
TIME:14:23:41
query: EXPLAIN ANALYZE select count(id) from (select id from files where contents ~ 'fmt\.Print.*' limit 100) as e;
Timing is on.
                                                                        QUERY PLAN                                                                         
-----------------------------------------------------------------------------------------------------------------------------------------------------------
 Aggregate  (cost=314.15..314.16 rows=1 width=8) (actual time=1075.387..1075.388 rows=1 loops=1)
   ->  Limit  (cost=204.15..312.90 rows=100 width=8) (actual time=275.955..1075.338 rows=100 loops=1)
         ->  Bitmap Heap Scan on files  (cost=204.15..21133.72 rows=19245 width=8) (actual time=275.954..1075.299 rows=100 loops=1)
               Recheck Cond: (contents ~ 'fmt\.Print.*'::text)
               Rows Removed by Index Recheck: 2843
               Heap Blocks: exact=1120
               ->  Bitmap Index Scan on files_contents_trgm_idx  (cost=0.00..199.33 rows=19245 width=0) (actual time=221.137..221.138 rows=228531 loops=1)
                     Index Cond: (contents ~ 'fmt\.Print.*'::text)
 Planning Time: 27.441 ms
 Execution Time: 1077.292 ms
(10 rows)

Time: 1106.112 ms (00:01.106)
TIME:14:23:42
query: EXPLAIN ANALYZE select count(id) from (select id from files where contents ~ 'fmt\.Print.*' limit 100) as e;
Timing is on.
                                                                        QUERY PLAN                                                                         
-----------------------------------------------------------------------------------------------------------------------------------------------------------
 Aggregate  (cost=314.15..314.16 rows=1 width=8) (actual time=1080.884..1080.885 rows=1 loops=1)
   ->  Limit  (cost=204.15..312.90 rows=100 width=8) (actual time=288.439..1080.785 rows=100 loops=1)
         ->  Bitmap Heap Scan on files  (cost=204.15..21133.72 rows=19245 width=8) (actual time=288.437..1080.735 rows=100 loops=1)
               Recheck Cond: (contents ~ 'fmt\.Print.*'::text)
               Rows Removed by Index Recheck: 2843
               Heap Blocks: exact=1120
               ->  Bitmap Index Scan on files_contents_trgm_idx  (cost=0.00..199.33 rows=19245 width=0) (actual time=241.805..241.806 rows=228531 loops=1)
                     Index Cond: (contents ~ 'fmt\.Print.*'::text)
 Planning Time: 34.556 ms
 Execution Time: 1082.792 ms
(10 rows)

Time: 1118.906 ms (00:01.119)
TIME:14:23:44
query: EXPLAIN ANALYZE select count(id) from (select id from files where contents ~ 'fmt\.Print.*' limit 100) as e;
Timing is on.
                                                                        QUERY PLAN                                                                         
-----------------------------------------------------------------------------------------------------------------------------------------------------------
 Aggregate  (cost=314.15..314.16 rows=1 width=8) (actual time=1092.489..1092.491 rows=1 loops=1)
   ->  Limit  (cost=204.15..312.90 rows=100 width=8) (actual time=278.972..1092.440 rows=100 loops=1)
         ->  Bitmap Heap Scan on files  (cost=204.15..21133.72 rows=19245 width=8) (actual time=278.970..1092.390 rows=100 loops=1)
               Recheck Cond: (contents ~ 'fmt\.Print.*'::text)
               Rows Removed by Index Recheck: 2843
               Heap Blocks: exact=1120
               ->  Bitmap Index Scan on files_contents_trgm_idx  (cost=0.00..199.33 rows=19245 width=0) (actual time=230.089..230.089 rows=228531 loops=1)
                     Index Cond: (contents ~ 'fmt\.Print.*'::text)
 Planning Time: 32.442 ms
 Execution Time: 1094.414 ms
(10 rows)

Time: 1128.334 ms (00:01.128)
TIME:14:23:45
query: EXPLAIN ANALYZE select count(id) from (select id from files where contents ~ 'fmt\.Print.*' limit 100) as e;
Timing is on.
                                                                        QUERY PLAN                                                                         
-----------------------------------------------------------------------------------------------------------------------------------------------------------
 Aggregate  (cost=314.15..314.16 rows=1 width=8) (actual time=1072.263..1072.264 rows=1 loops=1)
   ->  Limit  (cost=204.15..312.90 rows=100 width=8) (actual time=271.245..1072.209 rows=100 loops=1)
         ->  Bitmap Heap Scan on files  (cost=204.15..21133.72 rows=19245 width=8) (actual time=271.244..1072.172 rows=100 loops=1)
               Recheck Cond: (contents ~ 'fmt\.Print.*'::text)
               Rows Removed by Index Recheck: 2843
               Heap Blocks: exact=1120
               ->  Bitmap Index Scan on files_contents_trgm_idx  (cost=0.00..199.33 rows=19245 width=0) (actual time=224.380..224.380 rows=228531 loops=1)
                     Index Cond: (contents ~ 'fmt\.Print.*'::text)
 Planning Time: 31.783 ms
 Execution Time: 1074.227 ms
(10 rows)

Time: 1107.583 ms (00:01.108)
TIME:14:23:46
query: EXPLAIN ANALYZE select count(id) from (select id from files where contents ~ 'fmt\.Print.*' limit 100) as e;
Timing is on.
                                                                        QUERY PLAN                                                                         
-----------------------------------------------------------------------------------------------------------------------------------------------------------
 Aggregate  (cost=314.15..314.16 rows=1 width=8) (actual time=1064.635..1064.636 rows=1 loops=1)
   ->  Limit  (cost=204.15..312.90 rows=100 width=8) (actual time=269.510..1064.569 rows=100 loops=1)
         ->  Bitmap Heap Scan on files  (cost=204.15..21133.72 rows=19245 width=8) (actual time=269.509..1064.520 rows=100 loops=1)
               Recheck Cond: (contents ~ 'fmt\.Print.*'::text)
               Rows Removed by Index Recheck: 2843
               Heap Blocks: exact=1120
               ->  Bitmap Index Scan on files_contents_trgm_idx  (cost=0.00..199.33 rows=19245 width=0) (actual time=220.517..220.517 rows=228531 loops=1)
                     Index Cond: (contents ~ 'fmt\.Print.*'::text)
 Planning Time: 29.311 ms
 Execution Time: 1066.511 ms
(10 rows)

Time: 1097.179 ms (00:01.097)
TIME:14:23:48
query: EXPLAIN ANALYZE select count(id) from (select id from files where contents ~ 'fmt\.Print.*' limit 100) as e;
Timing is on.
                                                                        QUERY PLAN                                                                         
-----------------------------------------------------------------------------------------------------------------------------------------------------------
 Aggregate  (cost=314.15..314.16 rows=1 width=8) (actual time=1077.788..1077.790 rows=1 loops=1)
   ->  Limit  (cost=204.15..312.90 rows=100 width=8) (actual time=284.199..1077.714 rows=100 loops=1)
         ->  Bitmap Heap Scan on files  (cost=204.15..21133.72 rows=19245 width=8) (actual time=284.197..1077.661 rows=100 loops=1)
               Recheck Cond: (contents ~ 'fmt\.Print.*'::text)
               Rows Removed by Index Recheck: 2843
               Heap Blocks: exact=1120
               ->  Bitmap Index Scan on files_contents_trgm_idx  (cost=0.00..199.33 rows=19245 width=0) (actual time=237.822..237.823 rows=228531 loops=1)
                     Index Cond: (contents ~ 'fmt\.Print.*'::text)
 Planning Time: 34.078 ms
 Execution Time: 1080.138 ms
(10 rows)

Time: 1116.170 ms (00:01.116)
TIME:14:23:49
query: EXPLAIN ANALYZE select count(id) from (select id from files where contents ~ 'fmt\.Print.*' limit 100) as e;
Timing is on.
                                                                        QUERY PLAN                                                                         
-----------------------------------------------------------------------------------------------------------------------------------------------------------
 Aggregate  (cost=314.15..314.16 rows=1 width=8) (actual time=1070.626..1070.628 rows=1 loops=1)
   ->  Limit  (cost=204.15..312.90 rows=100 width=8) (actual time=267.866..1070.557 rows=100 loops=1)
         ->  Bitmap Heap Scan on files  (cost=204.15..21133.72 rows=19245 width=8) (actual time=267.864..1070.521 rows=100 loops=1)
               Recheck Cond: (contents ~ 'fmt\.Print.*'::text)
               Rows Removed by Index Recheck: 2843
               Heap Blocks: exact=1120
               ->  Bitmap Index Scan on files_contents_trgm_idx  (cost=0.00..199.33 rows=19245 width=0) (actual time=219.710..219.711 rows=228531 loops=1)
                     Index Cond: (contents ~ 'fmt\.Print.*'::text)
 Planning Time: 26.409 ms
 Execution Time: 1072.286 ms
(10 rows)

Time: 1100.077 ms (00:01.100)
TIME:14:23:50
query: EXPLAIN ANALYZE select count(id) from (select id from files where contents ~ 'fmt\.Print.*' limit 100) as e;
Timing is on.
                                                                        QUERY PLAN                                                                         
-----------------------------------------------------------------------------------------------------------------------------------------------------------
 Aggregate  (cost=314.15..314.16 rows=1 width=8) (actual time=1098.788..1098.790 rows=1 loops=1)
   ->  Limit  (cost=204.15..312.90 rows=100 width=8) (actual time=301.243..1098.723 rows=100 loops=1)
         ->  Bitmap Heap Scan on files  (cost=204.15..21133.72 rows=19245 width=8) (actual time=301.241..1098.689 rows=100 loops=1)
               Recheck Cond: (contents ~ 'fmt\.Print.*'::text)
               Rows Removed by Index Recheck: 2843
               Heap Blocks: exact=1120
               ->  Bitmap Index Scan on files_contents_trgm_idx  (cost=0.00..199.33 rows=19245 width=0) (actual time=250.979..250.980 rows=228531 loops=1)
                     Index Cond: (contents ~ 'fmt\.Print.*'::text)
 Planning Time: 32.098 ms
 Execution Time: 1100.765 ms
(10 rows)

Time: 1134.259 ms (00:01.134)
TIME:14:23:52
query: EXPLAIN ANALYZE select count(id) from (select id from files where contents ~ 'fmt\.Print.*' limit 100) as e;
Timing is on.
                                                                        QUERY PLAN                                                                         
-----------------------------------------------------------------------------------------------------------------------------------------------------------
 Aggregate  (cost=314.15..314.16 rows=1 width=8) (actual time=1076.132..1076.133 rows=1 loops=1)
   ->  Limit  (cost=204.15..312.90 rows=100 width=8) (actual time=274.385..1076.080 rows=100 loops=1)
         ->  Bitmap Heap Scan on files  (cost=204.15..21133.72 rows=19245 width=8) (actual time=274.384..1076.015 rows=100 loops=1)
               Recheck Cond: (contents ~ 'fmt\.Print.*'::text)
               Rows Removed by Index Recheck: 2843
               Heap Blocks: exact=1120
               ->  Bitmap Index Scan on files_contents_trgm_idx  (cost=0.00..199.33 rows=19245 width=0) (actual time=224.333..224.334 rows=228531 loops=1)
                     Index Cond: (contents ~ 'fmt\.Print.*'::text)
 Planning Time: 28.044 ms
 Execution Time: 1078.159 ms
(10 rows)

Time: 1107.518 ms (00:01.108)
TIME:14:23:53
query: EXPLAIN ANALYZE select count(id) from (select id from files where contents ~ 'fmt\.Print.*' limit 100) as e;
Timing is on.
                                                                        QUERY PLAN                                                                         
-----------------------------------------------------------------------------------------------------------------------------------------------------------
 Aggregate  (cost=314.15..314.16 rows=1 width=8) (actual time=1094.900..1094.901 rows=1 loops=1)
   ->  Limit  (cost=204.15..312.90 rows=100 width=8) (actual time=299.249..1094.848 rows=100 loops=1)
         ->  Bitmap Heap Scan on files  (cost=204.15..21133.72 rows=19245 width=8) (actual time=299.247..1094.812 rows=100 loops=1)
               Recheck Cond: (contents ~ 'fmt\.Print.*'::text)
               Rows Removed by Index Recheck: 2843
               Heap Blocks: exact=1120
               ->  Bitmap Index Scan on files_contents_trgm_idx  (cost=0.00..199.33 rows=19245 width=0) (actual time=238.997..238.997 rows=228531 loops=1)
                     Index Cond: (contents ~ 'fmt\.Print.*'::text)
 Planning Time: 30.506 ms
 Execution Time: 1097.215 ms
(10 rows)

Time: 1129.194 ms (00:01.129)
TIME:14:23:54
query: EXPLAIN ANALYZE select count(id) from (select id from files where contents ~ 'fmt\.Print.*' limit 100) as e;
Timing is on.
                                                                        QUERY PLAN                                                                         
-----------------------------------------------------------------------------------------------------------------------------------------------------------
 Aggregate  (cost=314.15..314.16 rows=1 width=8) (actual time=1091.829..1091.830 rows=1 loops=1)
   ->  Limit  (cost=204.15..312.90 rows=100 width=8) (actual time=278.513..1091.776 rows=100 loops=1)
         ->  Bitmap Heap Scan on files  (cost=204.15..21133.72 rows=19245 width=8) (actual time=278.512..1091.727 rows=100 loops=1)
               Recheck Cond: (contents ~ 'fmt\.Print.*'::text)
               Rows Removed by Index Recheck: 2843
               Heap Blocks: exact=1120
               ->  Bitmap Index Scan on files_contents_trgm_idx  (cost=0.00..199.33 rows=19245 width=0) (actual time=228.604..228.605 rows=228531 loops=1)
                     Index Cond: (contents ~ 'fmt\.Print.*'::text)
 Planning Time: 30.297 ms
 Execution Time: 1093.851 ms
(10 rows)

Time: 1125.604 ms (00:01.126)
TIME:14:23:56
query: EXPLAIN ANALYZE select count(id) from (select id from files where contents ~ 'fmt\.Print.*' limit 100) as e;
Timing is on.
                                                                        QUERY PLAN                                                                         
-----------------------------------------------------------------------------------------------------------------------------------------------------------
 Aggregate  (cost=314.15..314.16 rows=1 width=8) (actual time=1120.686..1120.688 rows=1 loops=1)
   ->  Limit  (cost=204.15..312.90 rows=100 width=8) (actual time=302.444..1120.633 rows=100 loops=1)
         ->  Bitmap Heap Scan on files  (cost=204.15..21133.72 rows=19245 width=8) (actual time=302.441..1120.580 rows=100 loops=1)
               Recheck Cond: (contents ~ 'fmt\.Print.*'::text)
               Rows Removed by Index Recheck: 2843
               Heap Blocks: exact=1120
               ->  Bitmap Index Scan on files_contents_trgm_idx  (cost=0.00..199.33 rows=19245 width=0) (actual time=249.212..249.213 rows=228531 loops=1)
                     Index Cond: (contents ~ 'fmt\.Print.*'::text)
 Planning Time: 36.731 ms
 Execution Time: 1122.945 ms
(10 rows)

Time: 1161.269 ms (00:01.161)
TIME:14:23:57
query: EXPLAIN ANALYZE select count(id) from (select id from files where contents ~ 'fmt\.Print.*' limit 100) as e;
Timing is on.
                                                                        QUERY PLAN                                                                         
-----------------------------------------------------------------------------------------------------------------------------------------------------------
 Aggregate  (cost=314.15..314.16 rows=1 width=8) (actual time=1071.735..1071.736 rows=1 loops=1)
   ->  Limit  (cost=204.15..312.90 rows=100 width=8) (actual time=276.740..1071.666 rows=100 loops=1)
         ->  Bitmap Heap Scan on files  (cost=204.15..21133.72 rows=19245 width=8) (actual time=276.738..1071.625 rows=100 loops=1)
               Recheck Cond: (contents ~ 'fmt\.Print.*'::text)
               Rows Removed by Index Recheck: 2843
               Heap Blocks: exact=1120
               ->  Bitmap Index Scan on files_contents_trgm_idx  (cost=0.00..199.33 rows=19245 width=0) (actual time=222.827..222.827 rows=228531 loops=1)
                     Index Cond: (contents ~ 'fmt\.Print.*'::text)
 Planning Time: 28.698 ms
 Execution Time: 1073.572 ms
(10 rows)

Time: 1103.719 ms (00:01.104)
TIME:14:23:58
query: EXPLAIN ANALYZE select count(id) from (select id from files where contents ~ 'fmt\.Print.*' limit 100) as e;
Timing is on.
                                                                        QUERY PLAN                                                                         
-----------------------------------------------------------------------------------------------------------------------------------------------------------
 Aggregate  (cost=314.15..314.16 rows=1 width=8) (actual time=1088.257..1088.258 rows=1 loops=1)
   ->  Limit  (cost=204.15..312.90 rows=100 width=8) (actual time=278.561..1088.175 rows=100 loops=1)
         ->  Bitmap Heap Scan on files  (cost=204.15..21133.72 rows=19245 width=8) (actual time=278.560..1088.096 rows=100 loops=1)
               Recheck Cond: (contents ~ 'fmt\.Print.*'::text)
               Rows Removed by Index Recheck: 2843
               Heap Blocks: exact=1120
               ->  Bitmap Index Scan on files_contents_trgm_idx  (cost=0.00..199.33 rows=19245 width=0) (actual time=230.761..230.761 rows=228531 loops=1)
                     Index Cond: (contents ~ 'fmt\.Print.*'::text)
 Planning Time: 31.034 ms
 Execution Time: 1090.239 ms
(10 rows)

Time: 1122.776 ms (00:01.123)
TIME:14:24:00
query: EXPLAIN ANALYZE select count(id) from (select id from files where contents ~ 'fmt\.Print.*' limit 100) as e;
Timing is on.
                                                                        QUERY PLAN                                                                         
-----------------------------------------------------------------------------------------------------------------------------------------------------------
 Aggregate  (cost=314.15..314.16 rows=1 width=8) (actual time=1064.813..1064.814 rows=1 loops=1)
   ->  Limit  (cost=204.15..312.90 rows=100 width=8) (actual time=268.844..1064.761 rows=100 loops=1)
         ->  Bitmap Heap Scan on files  (cost=204.15..21133.72 rows=19245 width=8) (actual time=268.842..1064.725 rows=100 loops=1)
               Recheck Cond: (contents ~ 'fmt\.Print.*'::text)
               Rows Removed by Index Recheck: 2843
               Heap Blocks: exact=1120
               ->  Bitmap Index Scan on files_contents_trgm_idx  (cost=0.00..199.33 rows=19245 width=0) (actual time=218.752..218.753 rows=228531 loops=1)
                     Index Cond: (contents ~ 'fmt\.Print.*'::text)
 Planning Time: 26.885 ms
 Execution Time: 1066.549 ms
(10 rows)

Time: 1094.846 ms (00:01.095)
limit 100: 'var'
TIME:14:24:01
query: EXPLAIN ANALYZE select count(id) from (select id from files where contents ~ 'var' limit 100) as e;
Timing is on.
                                                       QUERY PLAN                                                        
-------------------------------------------------------------------------------------------------------------------------
 Aggregate  (cost=140.78..140.79 rows=1 width=8) (actual time=57.345..57.346 rows=1 loops=1)
   ->  Limit  (cost=0.00..139.53 rows=100 width=8) (actual time=0.720..57.210 rows=100 loops=1)
         ->  Seq Scan on files  (cost=0.00..1075530.95 rows=770822 width=8) (actual time=0.719..57.159 rows=100 loops=1)
               Filter: (contents ~ 'var'::text)
               Rows Removed by Filter: 422
 Planning Time: 30.416 ms
 Execution Time: 57.379 ms
(7 rows)

Time: 89.074 ms
TIME:14:24:01
query: EXPLAIN ANALYZE select count(id) from (select id from files where contents ~ 'var' limit 100) as e;
Timing is on.
                                                       QUERY PLAN                                                        
-------------------------------------------------------------------------------------------------------------------------
 Aggregate  (cost=140.78..140.79 rows=1 width=8) (actual time=34.109..34.110 rows=1 loops=1)
   ->  Limit  (cost=0.00..139.53 rows=100 width=8) (actual time=0.554..34.049 rows=100 loops=1)
         ->  Seq Scan on files  (cost=0.00..1075530.95 rows=770822 width=8) (actual time=0.553..34.021 rows=100 loops=1)
               Filter: (contents ~ 'var'::text)
               Rows Removed by Filter: 340
 Planning Time: 24.575 ms
 Execution Time: 34.154 ms
(7 rows)

Time: 59.862 ms
TIME:14:24:02
query: EXPLAIN ANALYZE select count(id) from (select id from files where contents ~ 'var' limit 100) as e;
Timing is on.
                                                       QUERY PLAN                                                        
-------------------------------------------------------------------------------------------------------------------------
 Aggregate  (cost=140.78..140.79 rows=1 width=8) (actual time=36.185..36.186 rows=1 loops=1)
   ->  Limit  (cost=0.00..139.53 rows=100 width=8) (actual time=0.550..36.114 rows=100 loops=1)
         ->  Seq Scan on files  (cost=0.00..1075530.95 rows=770822 width=8) (actual time=0.549..36.088 rows=100 loops=1)
               Filter: (contents ~ 'var'::text)
               Rows Removed by Filter: 459
 Planning Time: 25.474 ms
 Execution Time: 36.213 ms
(7 rows)

Time: 63.143 ms
TIME:14:24:02
query: EXPLAIN ANALYZE select count(id) from (select id from files where contents ~ 'var' limit 100) as e;
Timing is on.
                                                       QUERY PLAN                                                        
-------------------------------------------------------------------------------------------------------------------------
 Aggregate  (cost=140.78..140.79 rows=1 width=8) (actual time=45.762..45.764 rows=1 loops=1)
   ->  Limit  (cost=0.00..139.53 rows=100 width=8) (actual time=1.181..45.713 rows=100 loops=1)
         ->  Seq Scan on files  (cost=0.00..1075530.95 rows=770822 width=8) (actual time=1.180..45.683 rows=100 loops=1)
               Filter: (contents ~ 'var'::text)
               Rows Removed by Filter: 432
 Planning Time: 24.625 ms
 Execution Time: 45.789 ms
(7 rows)

Time: 71.590 ms
TIME:14:24:02
query: EXPLAIN ANALYZE select count(id) from (select id from files where contents ~ 'var' limit 100) as e;
Timing is on.
                                                       QUERY PLAN                                                        
-------------------------------------------------------------------------------------------------------------------------
 Aggregate  (cost=140.78..140.79 rows=1 width=8) (actual time=40.061..40.063 rows=1 loops=1)
   ->  Limit  (cost=0.00..139.53 rows=100 width=8) (actual time=0.382..39.991 rows=100 loops=1)
         ->  Seq Scan on files  (cost=0.00..1075530.95 rows=770822 width=8) (actual time=0.381..39.954 rows=100 loops=1)
               Filter: (contents ~ 'var'::text)
               Rows Removed by Filter: 325
 Planning Time: 29.082 ms
 Execution Time: 40.128 ms
(7 rows)

Time: 70.758 ms
TIME:14:24:03
query: EXPLAIN ANALYZE select count(id) from (select id from files where contents ~ 'var' limit 100) as e;
Timing is on.
                                                       QUERY PLAN                                                        
-------------------------------------------------------------------------------------------------------------------------
 Aggregate  (cost=140.78..140.79 rows=1 width=8) (actual time=34.379..34.380 rows=1 loops=1)
   ->  Limit  (cost=0.00..139.53 rows=100 width=8) (actual time=0.397..34.319 rows=100 loops=1)
         ->  Seq Scan on files  (cost=0.00..1075530.95 rows=770822 width=8) (actual time=0.395..34.293 rows=100 loops=1)
               Filter: (contents ~ 'var'::text)
               Rows Removed by Filter: 399
 Planning Time: 30.857 ms
 Execution Time: 34.455 ms
(7 rows)

Time: 66.498 ms
TIME:14:24:03
query: EXPLAIN ANALYZE select count(id) from (select id from files where contents ~ 'var' limit 100) as e;
Timing is on.
                                                       QUERY PLAN                                                        
-------------------------------------------------------------------------------------------------------------------------
 Aggregate  (cost=140.78..140.79 rows=1 width=8) (actual time=45.084..45.085 rows=1 loops=1)
   ->  Limit  (cost=0.00..139.53 rows=100 width=8) (actual time=0.291..45.028 rows=100 loops=1)
         ->  Seq Scan on files  (cost=0.00..1075530.95 rows=770822 width=8) (actual time=0.289..44.969 rows=100 loops=1)
               Filter: (contents ~ 'var'::text)
               Rows Removed by Filter: 441
 Planning Time: 25.344 ms
 Execution Time: 45.112 ms
(7 rows)

Time: 71.679 ms
TIME:14:24:03
query: EXPLAIN ANALYZE select count(id) from (select id from files where contents ~ 'var' limit 100) as e;
Timing is on.
                                                       QUERY PLAN                                                        
-------------------------------------------------------------------------------------------------------------------------
 Aggregate  (cost=140.78..140.79 rows=1 width=8) (actual time=26.086..26.088 rows=1 loops=1)
   ->  Limit  (cost=0.00..139.53 rows=100 width=8) (actual time=3.566..26.049 rows=100 loops=1)
         ->  Seq Scan on files  (cost=0.00..1075530.95 rows=770822 width=8) (actual time=3.564..26.027 rows=100 loops=1)
               Filter: (contents ~ 'var'::text)
               Rows Removed by Filter: 178
 Planning Time: 27.138 ms
 Execution Time: 26.180 ms
(7 rows)

Time: 54.572 ms
TIME:14:24:03
query: EXPLAIN ANALYZE select count(id) from (select id from files where contents ~ 'var' limit 100) as e;
Timing is on.
                                                       QUERY PLAN                                                       
------------------------------------------------------------------------------------------------------------------------
 Aggregate  (cost=140.78..140.79 rows=1 width=8) (actual time=7.935..7.936 rows=1 loops=1)
   ->  Limit  (cost=0.00..139.53 rows=100 width=8) (actual time=0.769..7.843 rows=100 loops=1)
         ->  Seq Scan on files  (cost=0.00..1075530.95 rows=770822 width=8) (actual time=0.768..7.820 rows=100 loops=1)
               Filter: (contents ~ 'var'::text)
               Rows Removed by Filter: 92
 Planning Time: 25.284 ms
 Execution Time: 7.965 ms
(7 rows)

Time: 34.527 ms
TIME:14:24:04
query: EXPLAIN ANALYZE select count(id) from (select id from files where contents ~ 'var' limit 100) as e;
Timing is on.
                                                       QUERY PLAN                                                       
------------------------------------------------------------------------------------------------------------------------
 Aggregate  (cost=140.78..140.79 rows=1 width=8) (actual time=5.622..5.623 rows=1 loops=1)
   ->  Limit  (cost=0.00..139.53 rows=100 width=8) (actual time=0.310..5.605 rows=100 loops=1)
         ->  Seq Scan on files  (cost=0.00..1075530.95 rows=770822 width=8) (actual time=0.309..5.593 rows=100 loops=1)
               Filter: (contents ~ 'var'::text)
               Rows Removed by Filter: 51
 Planning Time: 24.809 ms
 Execution Time: 5.648 ms
(7 rows)

Time: 31.727 ms
TIME:14:24:04
query: EXPLAIN ANALYZE select count(id) from (select id from files where contents ~ 'var' limit 100) as e;
Timing is on.
                                                       QUERY PLAN                                                       
------------------------------------------------------------------------------------------------------------------------
 Aggregate  (cost=140.78..140.79 rows=1 width=8) (actual time=2.377..2.378 rows=1 loops=1)
   ->  Limit  (cost=0.00..139.53 rows=100 width=8) (actual time=0.358..2.363 rows=100 loops=1)
         ->  Seq Scan on files  (cost=0.00..1075530.95 rows=770822 width=8) (actual time=0.357..2.353 rows=100 loops=1)
               Filter: (contents ~ 'var'::text)
               Rows Removed by Filter: 51
 Planning Time: 26.111 ms
 Execution Time: 2.403 ms
(7 rows)

Time: 29.847 ms
TIME:14:24:04
query: EXPLAIN ANALYZE select count(id) from (select id from files where contents ~ 'var' limit 100) as e;
Timing is on.
                                                       QUERY PLAN                                                       
------------------------------------------------------------------------------------------------------------------------
 Aggregate  (cost=140.78..140.79 rows=1 width=8) (actual time=3.619..3.623 rows=1 loops=1)
   ->  Limit  (cost=0.00..139.53 rows=100 width=8) (actual time=0.659..3.593 rows=100 loops=1)
         ->  Seq Scan on files  (cost=0.00..1075530.95 rows=770822 width=8) (actual time=0.656..3.577 rows=100 loops=1)
               Filter: (contents ~ 'var'::text)
               Rows Removed by Filter: 51
 Planning Time: 34.432 ms
 Execution Time: 3.683 ms
(7 rows)

Time: 39.484 ms
TIME:14:24:04
query: EXPLAIN ANALYZE select count(id) from (select id from files where contents ~ 'var' limit 100) as e;
Timing is on.
                                                       QUERY PLAN                                                       
------------------------------------------------------------------------------------------------------------------------
 Aggregate  (cost=140.78..140.79 rows=1 width=8) (actual time=2.469..2.469 rows=1 loops=1)
   ->  Limit  (cost=0.00..139.53 rows=100 width=8) (actual time=0.431..2.453 rows=100 loops=1)
         ->  Seq Scan on files  (cost=0.00..1075530.95 rows=770822 width=8) (actual time=0.430..2.422 rows=100 loops=1)
               Filter: (contents ~ 'var'::text)
               Rows Removed by Filter: 51
 Planning Time: 27.845 ms
 Execution Time: 2.513 ms
(7 rows)

Time: 31.887 ms
TIME:14:24:05
query: EXPLAIN ANALYZE select count(id) from (select id from files where contents ~ 'var' limit 100) as e;
Timing is on.
                                                       QUERY PLAN                                                       
------------------------------------------------------------------------------------------------------------------------
 Aggregate  (cost=140.78..140.79 rows=1 width=8) (actual time=2.354..2.355 rows=1 loops=1)
   ->  Limit  (cost=0.00..139.53 rows=100 width=8) (actual time=0.427..2.342 rows=100 loops=1)
         ->  Seq Scan on files  (cost=0.00..1075530.95 rows=770822 width=8) (actual time=0.426..2.333 rows=100 loops=1)
               Filter: (contents ~ 'var'::text)
               Rows Removed by Filter: 51
 Planning Time: 24.974 ms
 Execution Time: 2.428 ms
(7 rows)

Time: 28.548 ms
TIME:14:24:05
query: EXPLAIN ANALYZE select count(id) from (select id from files where contents ~ 'var' limit 100) as e;
Timing is on.
                                                       QUERY PLAN                                                       
------------------------------------------------------------------------------------------------------------------------
 Aggregate  (cost=140.78..140.79 rows=1 width=8) (actual time=2.528..2.529 rows=1 loops=1)
   ->  Limit  (cost=0.00..139.53 rows=100 width=8) (actual time=0.463..2.514 rows=100 loops=1)
         ->  Seq Scan on files  (cost=0.00..1075530.95 rows=770822 width=8) (actual time=0.462..2.491 rows=100 loops=1)
               Filter: (contents ~ 'var'::text)
               Rows Removed by Filter: 51
 Planning Time: 28.148 ms
 Execution Time: 2.555 ms
(7 rows)

Time: 32.118 ms
TIME:14:24:05
query: EXPLAIN ANALYZE select count(id) from (select id from files where contents ~ 'var' limit 100) as e;
Timing is on.
                                                       QUERY PLAN                                                       
------------------------------------------------------------------------------------------------------------------------
 Aggregate  (cost=140.78..140.79 rows=1 width=8) (actual time=2.600..2.601 rows=1 loops=1)
   ->  Limit  (cost=0.00..139.53 rows=100 width=8) (actual time=0.589..2.586 rows=100 loops=1)
         ->  Seq Scan on files  (cost=0.00..1075530.95 rows=770822 width=8) (actual time=0.588..2.576 rows=100 loops=1)
               Filter: (contents ~ 'var'::text)
               Rows Removed by Filter: 51
 Planning Time: 27.522 ms
 Execution Time: 2.628 ms
(7 rows)

Time: 31.535 ms
TIME:14:24:05
query: EXPLAIN ANALYZE select count(id) from (select id from files where contents ~ 'var' limit 100) as e;
Timing is on.
                                                       QUERY PLAN                                                       
------------------------------------------------------------------------------------------------------------------------
 Aggregate  (cost=140.78..140.79 rows=1 width=8) (actual time=2.538..2.539 rows=1 loops=1)
   ->  Limit  (cost=0.00..139.53 rows=100 width=8) (actual time=0.475..2.524 rows=100 loops=1)
         ->  Seq Scan on files  (cost=0.00..1075530.95 rows=770822 width=8) (actual time=0.474..2.514 rows=100 loops=1)
               Filter: (contents ~ 'var'::text)
               Rows Removed by Filter: 51
 Planning Time: 29.088 ms
 Execution Time: 2.565 ms
(7 rows)

Time: 33.243 ms
TIME:14:24:06
query: EXPLAIN ANALYZE select count(id) from (select id from files where contents ~ 'var' limit 100) as e;
Timing is on.
                                                       QUERY PLAN                                                       
------------------------------------------------------------------------------------------------------------------------
 Aggregate  (cost=140.78..140.79 rows=1 width=8) (actual time=2.405..2.406 rows=1 loops=1)
   ->  Limit  (cost=0.00..139.53 rows=100 width=8) (actual time=0.422..2.391 rows=100 loops=1)
         ->  Seq Scan on files  (cost=0.00..1075530.95 rows=770822 width=8) (actual time=0.422..2.380 rows=100 loops=1)
               Filter: (contents ~ 'var'::text)
               Rows Removed by Filter: 51
 Planning Time: 26.822 ms
 Execution Time: 2.430 ms
(7 rows)

Time: 30.586 ms
TIME:14:24:06
query: EXPLAIN ANALYZE select count(id) from (select id from files where contents ~ 'var' limit 100) as e;
Timing is on.
                                                       QUERY PLAN                                                       
------------------------------------------------------------------------------------------------------------------------
 Aggregate  (cost=140.78..140.79 rows=1 width=8) (actual time=2.648..2.650 rows=1 loops=1)
   ->  Limit  (cost=0.00..139.53 rows=100 width=8) (actual time=0.404..2.631 rows=100 loops=1)
         ->  Seq Scan on files  (cost=0.00..1075530.95 rows=770822 width=8) (actual time=0.403..2.621 rows=100 loops=1)
               Filter: (contents ~ 'var'::text)
               Rows Removed by Filter: 51
 Planning Time: 32.902 ms
 Execution Time: 2.683 ms
(7 rows)

Time: 37.259 ms
TIME:14:24:06
query: EXPLAIN ANALYZE select count(id) from (select id from files where contents ~ 'var' limit 100) as e;
Timing is on.
                                                       QUERY PLAN                                                       
------------------------------------------------------------------------------------------------------------------------
 Aggregate  (cost=140.78..140.79 rows=1 width=8) (actual time=2.294..2.295 rows=1 loops=1)
   ->  Limit  (cost=0.00..139.53 rows=100 width=8) (actual time=0.388..2.280 rows=100 loops=1)
         ->  Seq Scan on files  (cost=0.00..1075530.95 rows=770822 width=8) (actual time=0.387..2.270 rows=100 loops=1)
               Filter: (contents ~ 'var'::text)
               Rows Removed by Filter: 51
 Planning Time: 27.663 ms
 Execution Time: 2.355 ms
(7 rows)

Time: 31.183 ms
TIME:14:24:06
query: EXPLAIN ANALYZE select count(id) from (select id from files where contents ~ 'var' limit 100) as e;
Timing is on.
                                                       QUERY PLAN                                                       
------------------------------------------------------------------------------------------------------------------------
 Aggregate  (cost=140.78..140.79 rows=1 width=8) (actual time=3.115..3.116 rows=1 loops=1)
   ->  Limit  (cost=0.00..139.53 rows=100 width=8) (actual time=0.812..3.095 rows=100 loops=1)
         ->  Seq Scan on files  (cost=0.00..1075530.95 rows=770822 width=8) (actual time=0.810..3.083 rows=100 loops=1)
               Filter: (contents ~ 'var'::text)
               Rows Removed by Filter: 51
 Planning Time: 35.584 ms
 Execution Time: 3.181 ms
(7 rows)

Time: 40.427 ms
TIME:14:24:07
query: EXPLAIN ANALYZE select count(id) from (select id from files where contents ~ 'var' limit 100) as e;
Timing is on.
                                                       QUERY PLAN                                                       
------------------------------------------------------------------------------------------------------------------------
 Aggregate  (cost=140.78..140.79 rows=1 width=8) (actual time=2.538..2.539 rows=1 loops=1)
   ->  Limit  (cost=0.00..139.53 rows=100 width=8) (actual time=0.459..2.525 rows=100 loops=1)
         ->  Seq Scan on files  (cost=0.00..1075530.95 rows=770822 width=8) (actual time=0.458..2.483 rows=100 loops=1)
               Filter: (contents ~ 'var'::text)
               Rows Removed by Filter: 51
 Planning Time: 28.894 ms
 Execution Time: 2.566 ms
(7 rows)

Time: 32.950 ms
TIME:14:24:07
query: EXPLAIN ANALYZE select count(id) from (select id from files where contents ~ 'var' limit 100) as e;
Timing is on.
                                                       QUERY PLAN                                                       
------------------------------------------------------------------------------------------------------------------------
 Aggregate  (cost=140.78..140.79 rows=1 width=8) (actual time=2.351..2.352 rows=1 loops=1)
   ->  Limit  (cost=0.00..139.53 rows=100 width=8) (actual time=0.333..2.339 rows=100 loops=1)
         ->  Seq Scan on files  (cost=0.00..1075530.95 rows=770822 width=8) (actual time=0.332..2.330 rows=100 loops=1)
               Filter: (contents ~ 'var'::text)
               Rows Removed by Filter: 51
 Planning Time: 27.733 ms
 Execution Time: 2.392 ms
(7 rows)

Time: 31.296 ms
TIME:14:24:07
query: EXPLAIN ANALYZE select count(id) from (select id from files where contents ~ 'var' limit 100) as e;
Timing is on.
                                                       QUERY PLAN                                                       
------------------------------------------------------------------------------------------------------------------------
 Aggregate  (cost=140.78..140.79 rows=1 width=8) (actual time=2.973..2.974 rows=1 loops=1)
   ->  Limit  (cost=0.00..139.53 rows=100 width=8) (actual time=0.620..2.959 rows=100 loops=1)
         ->  Seq Scan on files  (cost=0.00..1075530.95 rows=770822 width=8) (actual time=0.619..2.949 rows=100 loops=1)
               Filter: (contents ~ 'var'::text)
               Rows Removed by Filter: 51
 Planning Time: 27.877 ms
 Execution Time: 3.001 ms
(7 rows)

Time: 32.343 ms
TIME:14:24:07
query: EXPLAIN ANALYZE select count(id) from (select id from files where contents ~ 'var' limit 100) as e;
Timing is on.
                                                       QUERY PLAN                                                       
------------------------------------------------------------------------------------------------------------------------
 Aggregate  (cost=140.78..140.79 rows=1 width=8) (actual time=2.278..2.279 rows=1 loops=1)
   ->  Limit  (cost=0.00..139.53 rows=100 width=8) (actual time=0.352..2.266 rows=100 loops=1)
         ->  Seq Scan on files  (cost=0.00..1075530.95 rows=770822 width=8) (actual time=0.351..2.256 rows=100 loops=1)
               Filter: (contents ~ 'var'::text)
               Rows Removed by Filter: 51
 Planning Time: 27.380 ms
 Execution Time: 2.318 ms
(7 rows)

Time: 31.364 ms
TIME:14:24:08
query: EXPLAIN ANALYZE select count(id) from (select id from files where contents ~ 'var' limit 100) as e;
Timing is on.
                                                       QUERY PLAN                                                       
------------------------------------------------------------------------------------------------------------------------
 Aggregate  (cost=140.78..140.79 rows=1 width=8) (actual time=2.537..2.538 rows=1 loops=1)
   ->  Limit  (cost=0.00..139.53 rows=100 width=8) (actual time=0.416..2.509 rows=100 loops=1)
         ->  Seq Scan on files  (cost=0.00..1075530.95 rows=770822 width=8) (actual time=0.415..2.499 rows=100 loops=1)
               Filter: (contents ~ 'var'::text)
               Rows Removed by Filter: 51
 Planning Time: 27.555 ms
 Execution Time: 2.620 ms
(7 rows)

Time: 31.315 ms
TIME:14:24:08
query: EXPLAIN ANALYZE select count(id) from (select id from files where contents ~ 'var' limit 100) as e;
Timing is on.
                                                       QUERY PLAN                                                       
------------------------------------------------------------------------------------------------------------------------
 Aggregate  (cost=140.78..140.79 rows=1 width=8) (actual time=2.483..2.484 rows=1 loops=1)
   ->  Limit  (cost=0.00..139.53 rows=100 width=8) (actual time=0.457..2.470 rows=100 loops=1)
         ->  Seq Scan on files  (cost=0.00..1075530.95 rows=770822 width=8) (actual time=0.456..2.460 rows=100 loops=1)
               Filter: (contents ~ 'var'::text)
               Rows Removed by Filter: 51
 Planning Time: 27.992 ms
 Execution Time: 2.510 ms
(7 rows)

Time: 31.715 ms
TIME:14:24:08
query: EXPLAIN ANALYZE select count(id) from (select id from files where contents ~ 'var' limit 100) as e;
Timing is on.
                                                       QUERY PLAN                                                       
------------------------------------------------------------------------------------------------------------------------
 Aggregate  (cost=140.78..140.79 rows=1 width=8) (actual time=2.725..2.726 rows=1 loops=1)
   ->  Limit  (cost=0.00..139.53 rows=100 width=8) (actual time=0.555..2.710 rows=100 loops=1)
         ->  Seq Scan on files  (cost=0.00..1075530.95 rows=770822 width=8) (actual time=0.554..2.685 rows=100 loops=1)
               Filter: (contents ~ 'var'::text)
               Rows Removed by Filter: 51
 Planning Time: 28.548 ms
 Execution Time: 2.771 ms
(7 rows)

Time: 32.641 ms
TIME:14:24:08
query: EXPLAIN ANALYZE select count(id) from (select id from files where contents ~ 'var' limit 100) as e;
Timing is on.
                                                       QUERY PLAN                                                       
------------------------------------------------------------------------------------------------------------------------
 Aggregate  (cost=140.78..140.79 rows=1 width=8) (actual time=2.734..2.735 rows=1 loops=1)
   ->  Limit  (cost=0.00..139.53 rows=100 width=8) (actual time=0.482..2.720 rows=100 loops=1)
         ->  Seq Scan on files  (cost=0.00..1075530.95 rows=770822 width=8) (actual time=0.481..2.709 rows=100 loops=1)
               Filter: (contents ~ 'var'::text)
               Rows Removed by Filter: 51
 Planning Time: 28.786 ms
 Execution Time: 2.809 ms
(7 rows)

Time: 33.351 ms
TIME:14:24:09
query: EXPLAIN ANALYZE select count(id) from (select id from files where contents ~ 'var' limit 100) as e;
Timing is on.
                                                       QUERY PLAN                                                       
------------------------------------------------------------------------------------------------------------------------
 Aggregate  (cost=140.78..140.79 rows=1 width=8) (actual time=2.604..2.605 rows=1 loops=1)
   ->  Limit  (cost=0.00..139.53 rows=100 width=8) (actual time=0.461..2.590 rows=100 loops=1)
         ->  Seq Scan on files  (cost=0.00..1075530.95 rows=770822 width=8) (actual time=0.460..2.580 rows=100 loops=1)
               Filter: (contents ~ 'var'::text)
               Rows Removed by Filter: 51
 Planning Time: 30.878 ms
 Execution Time: 2.722 ms
(7 rows)

Time: 34.966 ms
TIME:14:24:09
query: EXPLAIN ANALYZE select count(id) from (select id from files where contents ~ 'var' limit 100) as e;
Timing is on.
                                                       QUERY PLAN                                                       
------------------------------------------------------------------------------------------------------------------------
 Aggregate  (cost=140.78..140.79 rows=1 width=8) (actual time=2.299..2.300 rows=1 loops=1)
   ->  Limit  (cost=0.00..139.53 rows=100 width=8) (actual time=0.362..2.285 rows=100 loops=1)
         ->  Seq Scan on files  (cost=0.00..1075530.95 rows=770822 width=8) (actual time=0.361..2.274 rows=100 loops=1)
               Filter: (contents ~ 'var'::text)
               Rows Removed by Filter: 51
 Planning Time: 27.789 ms
 Execution Time: 2.326 ms
(7 rows)

Time: 31.306 ms
TIME:14:24:09
query: EXPLAIN ANALYZE select count(id) from (select id from files where contents ~ 'var' limit 100) as e;
Timing is on.
                                                       QUERY PLAN                                                       
------------------------------------------------------------------------------------------------------------------------
 Aggregate  (cost=140.78..140.79 rows=1 width=8) (actual time=4.227..4.229 rows=1 loops=1)
   ->  Limit  (cost=0.00..139.53 rows=100 width=8) (actual time=1.669..4.187 rows=100 loops=1)
         ->  Seq Scan on files  (cost=0.00..1075530.95 rows=770822 width=8) (actual time=1.667..4.173 rows=100 loops=1)
               Filter: (contents ~ 'var'::text)
               Rows Removed by Filter: 51
 Planning Time: 34.461 ms
 Execution Time: 4.266 ms
(7 rows)

Time: 40.396 ms
TIME:14:24:09
query: EXPLAIN ANALYZE select count(id) from (select id from files where contents ~ 'var' limit 100) as e;
Timing is on.
                                                       QUERY PLAN                                                       
------------------------------------------------------------------------------------------------------------------------
 Aggregate  (cost=140.78..140.79 rows=1 width=8) (actual time=2.355..2.355 rows=1 loops=1)
   ->  Limit  (cost=0.00..139.53 rows=100 width=8) (actual time=0.493..2.341 rows=100 loops=1)
         ->  Seq Scan on files  (cost=0.00..1075530.95 rows=770822 width=8) (actual time=0.492..2.332 rows=100 loops=1)
               Filter: (contents ~ 'var'::text)
               Rows Removed by Filter: 51
 Planning Time: 29.143 ms
 Execution Time: 2.382 ms
(7 rows)

Time: 32.818 ms
TIME:14:24:10
query: EXPLAIN ANALYZE select count(id) from (select id from files where contents ~ 'var' limit 100) as e;
Timing is on.
                                                       QUERY PLAN                                                       
------------------------------------------------------------------------------------------------------------------------
 Aggregate  (cost=140.78..140.79 rows=1 width=8) (actual time=2.469..2.470 rows=1 loops=1)
   ->  Limit  (cost=0.00..139.53 rows=100 width=8) (actual time=0.492..2.455 rows=100 loops=1)
         ->  Seq Scan on files  (cost=0.00..1075530.95 rows=770822 width=8) (actual time=0.491..2.445 rows=100 loops=1)
               Filter: (contents ~ 'var'::text)
               Rows Removed by Filter: 51
 Planning Time: 30.110 ms
 Execution Time: 2.495 ms
(7 rows)

Time: 34.103 ms
TIME:14:24:10
query: EXPLAIN ANALYZE select count(id) from (select id from files where contents ~ 'var' limit 100) as e;
Timing is on.
                                                       QUERY PLAN                                                       
------------------------------------------------------------------------------------------------------------------------
 Aggregate  (cost=140.78..140.79 rows=1 width=8) (actual time=2.198..2.199 rows=1 loops=1)
   ->  Limit  (cost=0.00..139.53 rows=100 width=8) (actual time=0.404..2.186 rows=100 loops=1)
         ->  Seq Scan on files  (cost=0.00..1075530.95 rows=770822 width=8) (actual time=0.403..2.178 rows=100 loops=1)
               Filter: (contents ~ 'var'::text)
               Rows Removed by Filter: 51
 Planning Time: 29.182 ms
 Execution Time: 2.226 ms
(7 rows)

Time: 32.587 ms
TIME:14:24:10
query: EXPLAIN ANALYZE select count(id) from (select id from files where contents ~ 'var' limit 100) as e;
Timing is on.
                                                       QUERY PLAN                                                       
------------------------------------------------------------------------------------------------------------------------
 Aggregate  (cost=140.78..140.79 rows=1 width=8) (actual time=2.564..2.564 rows=1 loops=1)
   ->  Limit  (cost=0.00..139.53 rows=100 width=8) (actual time=0.507..2.537 rows=100 loops=1)
         ->  Seq Scan on files  (cost=0.00..1075530.95 rows=770822 width=8) (actual time=0.506..2.526 rows=100 loops=1)
               Filter: (contents ~ 'var'::text)
               Rows Removed by Filter: 51
 Planning Time: 29.999 ms
 Execution Time: 2.591 ms
(7 rows)

Time: 33.959 ms
TIME:14:24:10
query: EXPLAIN ANALYZE select count(id) from (select id from files where contents ~ 'var' limit 100) as e;
Timing is on.
                                                       QUERY PLAN                                                       
------------------------------------------------------------------------------------------------------------------------
 Aggregate  (cost=140.78..140.79 rows=1 width=8) (actual time=2.514..2.514 rows=1 loops=1)
   ->  Limit  (cost=0.00..139.53 rows=100 width=8) (actual time=0.566..2.499 rows=100 loops=1)
         ->  Seq Scan on files  (cost=0.00..1075530.95 rows=770822 width=8) (actual time=0.565..2.489 rows=100 loops=1)
               Filter: (contents ~ 'var'::text)
               Rows Removed by Filter: 51
 Planning Time: 29.143 ms
 Execution Time: 2.541 ms
(7 rows)

Time: 33.176 ms
TIME:14:24:11
query: EXPLAIN ANALYZE select count(id) from (select id from files where contents ~ 'var' limit 100) as e;
Timing is on.
                                                       QUERY PLAN                                                       
------------------------------------------------------------------------------------------------------------------------
 Aggregate  (cost=140.78..140.79 rows=1 width=8) (actual time=2.475..2.476 rows=1 loops=1)
   ->  Limit  (cost=0.00..139.53 rows=100 width=8) (actual time=0.523..2.461 rows=100 loops=1)
         ->  Seq Scan on files  (cost=0.00..1075530.95 rows=770822 width=8) (actual time=0.522..2.451 rows=100 loops=1)
               Filter: (contents ~ 'var'::text)
               Rows Removed by Filter: 51
 Planning Time: 28.648 ms
 Execution Time: 2.515 ms
(7 rows)

Time: 32.513 ms
TIME:14:24:11
query: EXPLAIN ANALYZE select count(id) from (select id from files where contents ~ 'var' limit 100) as e;
Timing is on.
                                                       QUERY PLAN                                                       
------------------------------------------------------------------------------------------------------------------------
 Aggregate  (cost=140.78..140.79 rows=1 width=8) (actual time=2.539..2.540 rows=1 loops=1)
   ->  Limit  (cost=0.00..139.53 rows=100 width=8) (actual time=0.489..2.526 rows=100 loops=1)
         ->  Seq Scan on files  (cost=0.00..1075530.95 rows=770822 width=8) (actual time=0.488..2.516 rows=100 loops=1)
               Filter: (contents ~ 'var'::text)
               Rows Removed by Filter: 51
 Planning Time: 29.387 ms
 Execution Time: 2.566 ms
(7 rows)

Time: 33.355 ms
TIME:14:24:11
query: EXPLAIN ANALYZE select count(id) from (select id from files where contents ~ 'var' limit 100) as e;
Timing is on.
                                                       QUERY PLAN                                                       
------------------------------------------------------------------------------------------------------------------------
 Aggregate  (cost=140.78..140.79 rows=1 width=8) (actual time=2.635..2.635 rows=1 loops=1)
   ->  Limit  (cost=0.00..139.53 rows=100 width=8) (actual time=0.525..2.622 rows=100 loops=1)
         ->  Seq Scan on files  (cost=0.00..1075530.95 rows=770822 width=8) (actual time=0.524..2.613 rows=100 loops=1)
               Filter: (contents ~ 'var'::text)
               Rows Removed by Filter: 51
 Planning Time: 29.272 ms
 Execution Time: 2.674 ms
(7 rows)

Time: 33.159 ms
TIME:14:24:11
query: EXPLAIN ANALYZE select count(id) from (select id from files where contents ~ 'var' limit 100) as e;
Timing is on.
                                                       QUERY PLAN                                                       
------------------------------------------------------------------------------------------------------------------------
 Aggregate  (cost=140.78..140.79 rows=1 width=8) (actual time=2.397..2.397 rows=1 loops=1)
   ->  Limit  (cost=0.00..139.53 rows=100 width=8) (actual time=0.308..2.367 rows=100 loops=1)
         ->  Seq Scan on files  (cost=0.00..1075530.95 rows=770822 width=8) (actual time=0.307..2.357 rows=100 loops=1)
               Filter: (contents ~ 'var'::text)
               Rows Removed by Filter: 51
 Planning Time: 29.776 ms
 Execution Time: 2.460 ms
(7 rows)

Time: 33.561 ms
TIME:14:24:12
query: EXPLAIN ANALYZE select count(id) from (select id from files where contents ~ 'var' limit 100) as e;
Timing is on.
                                                       QUERY PLAN                                                       
------------------------------------------------------------------------------------------------------------------------
 Aggregate  (cost=140.78..140.79 rows=1 width=8) (actual time=2.260..2.261 rows=1 loops=1)
   ->  Limit  (cost=0.00..139.53 rows=100 width=8) (actual time=0.331..2.247 rows=100 loops=1)
         ->  Seq Scan on files  (cost=0.00..1075530.95 rows=770822 width=8) (actual time=0.330..2.237 rows=100 loops=1)
               Filter: (contents ~ 'var'::text)
               Rows Removed by Filter: 51
 Planning Time: 28.986 ms
 Execution Time: 2.301 ms
(7 rows)

Time: 32.474 ms
TIME:14:24:12
query: EXPLAIN ANALYZE select count(id) from (select id from files where contents ~ 'var' limit 100) as e;
Timing is on.
                                                       QUERY PLAN                                                       
------------------------------------------------------------------------------------------------------------------------
 Aggregate  (cost=140.78..140.79 rows=1 width=8) (actual time=2.532..2.532 rows=1 loops=1)
   ->  Limit  (cost=0.00..139.53 rows=100 width=8) (actual time=0.474..2.517 rows=100 loops=1)
         ->  Seq Scan on files  (cost=0.00..1075530.95 rows=770822 width=8) (actual time=0.473..2.506 rows=100 loops=1)
               Filter: (contents ~ 'var'::text)
               Rows Removed by Filter: 51
 Planning Time: 30.027 ms
 Execution Time: 2.575 ms
(7 rows)

Time: 33.892 ms
TIME:14:24:12
query: EXPLAIN ANALYZE select count(id) from (select id from files where contents ~ 'var' limit 100) as e;
Timing is on.
                                                       QUERY PLAN                                                       
------------------------------------------------------------------------------------------------------------------------
 Aggregate  (cost=140.78..140.79 rows=1 width=8) (actual time=2.398..2.399 rows=1 loops=1)
   ->  Limit  (cost=0.00..139.53 rows=100 width=8) (actual time=0.402..2.384 rows=100 loops=1)
         ->  Seq Scan on files  (cost=0.00..1075530.95 rows=770822 width=8) (actual time=0.401..2.374 rows=100 loops=1)
               Filter: (contents ~ 'var'::text)
               Rows Removed by Filter: 51
 Planning Time: 28.268 ms
 Execution Time: 2.424 ms
(7 rows)

Time: 31.969 ms
TIME:14:24:12
query: EXPLAIN ANALYZE select count(id) from (select id from files where contents ~ 'var' limit 100) as e;
Timing is on.
                                                       QUERY PLAN                                                       
------------------------------------------------------------------------------------------------------------------------
 Aggregate  (cost=140.78..140.79 rows=1 width=8) (actual time=2.266..2.267 rows=1 loops=1)
   ->  Limit  (cost=0.00..139.53 rows=100 width=8) (actual time=0.363..2.253 rows=100 loops=1)
         ->  Seq Scan on files  (cost=0.00..1075530.95 rows=770822 width=8) (actual time=0.362..2.232 rows=100 loops=1)
               Filter: (contents ~ 'var'::text)
               Rows Removed by Filter: 51
 Planning Time: 26.949 ms
 Execution Time: 2.292 ms
(7 rows)

Time: 30.491 ms
TIME:14:24:13
query: EXPLAIN ANALYZE select count(id) from (select id from files where contents ~ 'var' limit 100) as e;
Timing is on.
                                                       QUERY PLAN                                                       
------------------------------------------------------------------------------------------------------------------------
 Aggregate  (cost=140.78..140.79 rows=1 width=8) (actual time=2.421..2.421 rows=1 loops=1)
   ->  Limit  (cost=0.00..139.53 rows=100 width=8) (actual time=0.558..2.407 rows=100 loops=1)
         ->  Seq Scan on files  (cost=0.00..1075530.95 rows=770822 width=8) (actual time=0.556..2.397 rows=100 loops=1)
               Filter: (contents ~ 'var'::text)
               Rows Removed by Filter: 51
 Planning Time: 29.238 ms
 Execution Time: 2.463 ms
(7 rows)

Time: 33.035 ms
TIME:14:24:13
query: EXPLAIN ANALYZE select count(id) from (select id from files where contents ~ 'var' limit 100) as e;
Timing is on.
                                                       QUERY PLAN                                                       
------------------------------------------------------------------------------------------------------------------------
 Aggregate  (cost=140.78..140.79 rows=1 width=8) (actual time=2.349..2.350 rows=1 loops=1)
   ->  Limit  (cost=0.00..139.53 rows=100 width=8) (actual time=0.450..2.335 rows=100 loops=1)
         ->  Seq Scan on files  (cost=0.00..1075530.95 rows=770822 width=8) (actual time=0.449..2.325 rows=100 loops=1)
               Filter: (contents ~ 'var'::text)
               Rows Removed by Filter: 51
 Planning Time: 24.910 ms
 Execution Time: 2.374 ms
(7 rows)

Time: 28.442 ms
TIME:14:24:13
query: EXPLAIN ANALYZE select count(id) from (select id from files where contents ~ 'var' limit 100) as e;
Timing is on.
                                                       QUERY PLAN                                                       
------------------------------------------------------------------------------------------------------------------------
 Aggregate  (cost=140.78..140.79 rows=1 width=8) (actual time=2.383..2.384 rows=1 loops=1)
   ->  Limit  (cost=0.00..139.53 rows=100 width=8) (actual time=0.389..2.355 rows=100 loops=1)
         ->  Seq Scan on files  (cost=0.00..1075530.95 rows=770822 width=8) (actual time=0.389..2.345 rows=100 loops=1)
               Filter: (contents ~ 'var'::text)
               Rows Removed by Filter: 51
 Planning Time: 25.695 ms
 Execution Time: 2.410 ms
(7 rows)

Time: 29.329 ms
TIME:14:24:13
query: EXPLAIN ANALYZE select count(id) from (select id from files where contents ~ 'var' limit 100) as e;
Timing is on.
                                                       QUERY PLAN                                                       
------------------------------------------------------------------------------------------------------------------------
 Aggregate  (cost=140.78..140.79 rows=1 width=8) (actual time=2.537..2.539 rows=1 loops=1)
   ->  Limit  (cost=0.00..139.53 rows=100 width=8) (actual time=0.354..2.523 rows=100 loops=1)
         ->  Seq Scan on files  (cost=0.00..1075530.95 rows=770822 width=8) (actual time=0.353..2.498 rows=100 loops=1)
               Filter: (contents ~ 'var'::text)
               Rows Removed by Filter: 51
 Planning Time: 30.505 ms
 Execution Time: 2.621 ms
(7 rows)

Time: 35.532 ms
TIME:14:24:14
query: EXPLAIN ANALYZE select count(id) from (select id from files where contents ~ 'var' limit 100) as e;
Timing is on.
                                                       QUERY PLAN                                                       
------------------------------------------------------------------------------------------------------------------------
 Aggregate  (cost=140.78..140.79 rows=1 width=8) (actual time=2.584..2.584 rows=1 loops=1)
   ->  Limit  (cost=0.00..139.53 rows=100 width=8) (actual time=0.389..2.568 rows=100 loops=1)
         ->  Seq Scan on files  (cost=0.00..1075530.95 rows=770822 width=8) (actual time=0.388..2.557 rows=100 loops=1)
               Filter: (contents ~ 'var'::text)
               Rows Removed by Filter: 51
 Planning Time: 27.848 ms
 Execution Time: 2.641 ms
(7 rows)

Time: 31.819 ms
TIME:14:24:14
query: EXPLAIN ANALYZE select count(id) from (select id from files where contents ~ 'var' limit 100) as e;
Timing is on.
                                                       QUERY PLAN                                                       
------------------------------------------------------------------------------------------------------------------------
 Aggregate  (cost=140.78..140.79 rows=1 width=8) (actual time=2.305..2.306 rows=1 loops=1)
   ->  Limit  (cost=0.00..139.53 rows=100 width=8) (actual time=0.419..2.293 rows=100 loops=1)
         ->  Seq Scan on files  (cost=0.00..1075530.95 rows=770822 width=8) (actual time=0.418..2.283 rows=100 loops=1)
               Filter: (contents ~ 'var'::text)
               Rows Removed by Filter: 51
 Planning Time: 29.396 ms
 Execution Time: 2.331 ms
(7 rows)

Time: 33.265 ms
TIME:14:24:14
query: EXPLAIN ANALYZE select count(id) from (select id from files where contents ~ 'var' limit 100) as e;
Timing is on.
                                                       QUERY PLAN                                                       
------------------------------------------------------------------------------------------------------------------------
 Aggregate  (cost=140.78..140.79 rows=1 width=8) (actual time=3.146..3.147 rows=1 loops=1)
   ->  Limit  (cost=0.00..139.53 rows=100 width=8) (actual time=0.836..3.095 rows=100 loops=1)
         ->  Seq Scan on files  (cost=0.00..1075530.95 rows=770822 width=8) (actual time=0.834..3.049 rows=100 loops=1)
               Filter: (contents ~ 'var'::text)
               Rows Removed by Filter: 51
 Planning Time: 38.379 ms
 Execution Time: 3.189 ms
(7 rows)

Time: 43.051 ms
TIME:14:24:15
query: EXPLAIN ANALYZE select count(id) from (select id from files where contents ~ 'var' limit 100) as e;
Timing is on.
                                                       QUERY PLAN                                                       
------------------------------------------------------------------------------------------------------------------------
 Aggregate  (cost=140.78..140.79 rows=1 width=8) (actual time=3.394..3.395 rows=1 loops=1)
   ->  Limit  (cost=0.00..139.53 rows=100 width=8) (actual time=0.688..3.299 rows=100 loops=1)
         ->  Seq Scan on files  (cost=0.00..1075530.95 rows=770822 width=8) (actual time=0.686..3.286 rows=100 loops=1)
               Filter: (contents ~ 'var'::text)
               Rows Removed by Filter: 51
 Planning Time: 34.741 ms
 Execution Time: 3.477 ms
(7 rows)

Time: 39.711 ms
TIME:14:24:15
query: EXPLAIN ANALYZE select count(id) from (select id from files where contents ~ 'var' limit 100) as e;
Timing is on.
                                                       QUERY PLAN                                                       
------------------------------------------------------------------------------------------------------------------------
 Aggregate  (cost=140.78..140.79 rows=1 width=8) (actual time=2.755..2.756 rows=1 loops=1)
   ->  Limit  (cost=0.00..139.53 rows=100 width=8) (actual time=0.402..2.728 rows=100 loops=1)
         ->  Seq Scan on files  (cost=0.00..1075530.95 rows=770822 width=8) (actual time=0.401..2.719 rows=100 loops=1)
               Filter: (contents ~ 'var'::text)
               Rows Removed by Filter: 51
 Planning Time: 28.782 ms
 Execution Time: 2.808 ms
(7 rows)

Time: 32.855 ms
TIME:14:24:15
query: EXPLAIN ANALYZE select count(id) from (select id from files where contents ~ 'var' limit 100) as e;
Timing is on.
                                                       QUERY PLAN                                                       
------------------------------------------------------------------------------------------------------------------------
 Aggregate  (cost=140.78..140.79 rows=1 width=8) (actual time=2.505..2.505 rows=1 loops=1)
   ->  Limit  (cost=0.00..139.53 rows=100 width=8) (actual time=0.504..2.492 rows=100 loops=1)
         ->  Seq Scan on files  (cost=0.00..1075530.95 rows=770822 width=8) (actual time=0.503..2.483 rows=100 loops=1)
               Filter: (contents ~ 'var'::text)
               Rows Removed by Filter: 51
 Planning Time: 27.620 ms
 Execution Time: 2.531 ms
(7 rows)

Time: 31.288 ms
TIME:14:24:15
query: EXPLAIN ANALYZE select count(id) from (select id from files where contents ~ 'var' limit 100) as e;
Timing is on.
                                                       QUERY PLAN                                                       
------------------------------------------------------------------------------------------------------------------------
 Aggregate  (cost=140.78..140.79 rows=1 width=8) (actual time=2.262..2.263 rows=1 loops=1)
   ->  Limit  (cost=0.00..139.53 rows=100 width=8) (actual time=0.323..2.248 rows=100 loops=1)
         ->  Seq Scan on files  (cost=0.00..1075530.95 rows=770822 width=8) (actual time=0.322..2.238 rows=100 loops=1)
               Filter: (contents ~ 'var'::text)
               Rows Removed by Filter: 51
 Planning Time: 28.040 ms
 Execution Time: 2.288 ms
(7 rows)

Time: 31.490 ms
TIME:14:24:16
query: EXPLAIN ANALYZE select count(id) from (select id from files where contents ~ 'var' limit 100) as e;
Timing is on.
                                                       QUERY PLAN                                                       
------------------------------------------------------------------------------------------------------------------------
 Aggregate  (cost=140.78..140.79 rows=1 width=8) (actual time=2.494..2.495 rows=1 loops=1)
   ->  Limit  (cost=0.00..139.53 rows=100 width=8) (actual time=0.375..2.467 rows=100 loops=1)
         ->  Seq Scan on files  (cost=0.00..1075530.95 rows=770822 width=8) (actual time=0.374..2.456 rows=100 loops=1)
               Filter: (contents ~ 'var'::text)
               Rows Removed by Filter: 51
 Planning Time: 28.894 ms
 Execution Time: 2.523 ms
(7 rows)

Time: 33.036 ms
TIME:14:24:16
query: EXPLAIN ANALYZE select count(id) from (select id from files where contents ~ 'var' limit 100) as e;
Timing is on.
                                                       QUERY PLAN                                                       
------------------------------------------------------------------------------------------------------------------------
 Aggregate  (cost=140.78..140.79 rows=1 width=8) (actual time=2.500..2.500 rows=1 loops=1)
   ->  Limit  (cost=0.00..139.53 rows=100 width=8) (actual time=0.466..2.485 rows=100 loops=1)
         ->  Seq Scan on files  (cost=0.00..1075530.95 rows=770822 width=8) (actual time=0.465..2.475 rows=100 loops=1)
               Filter: (contents ~ 'var'::text)
               Rows Removed by Filter: 51
 Planning Time: 25.910 ms
 Execution Time: 2.545 ms
(7 rows)

Time: 29.690 ms
TIME:14:24:16
query: EXPLAIN ANALYZE select count(id) from (select id from files where contents ~ 'var' limit 100) as e;
Timing is on.
                                                       QUERY PLAN                                                       
------------------------------------------------------------------------------------------------------------------------
 Aggregate  (cost=140.78..140.79 rows=1 width=8) (actual time=2.399..2.414 rows=1 loops=1)
   ->  Limit  (cost=0.00..139.53 rows=100 width=8) (actual time=0.474..2.400 rows=100 loops=1)
         ->  Seq Scan on files  (cost=0.00..1075530.95 rows=770822 width=8) (actual time=0.474..2.390 rows=100 loops=1)
               Filter: (contents ~ 'var'::text)
               Rows Removed by Filter: 51
 Planning Time: 27.850 ms
 Execution Time: 2.470 ms
(7 rows)

Time: 31.610 ms
TIME:14:24:16
query: EXPLAIN ANALYZE select count(id) from (select id from files where contents ~ 'var' limit 100) as e;
Timing is on.
                                                       QUERY PLAN                                                       
------------------------------------------------------------------------------------------------------------------------
 Aggregate  (cost=140.78..140.79 rows=1 width=8) (actual time=2.454..2.455 rows=1 loops=1)
   ->  Limit  (cost=0.00..139.53 rows=100 width=8) (actual time=0.346..2.441 rows=100 loops=1)
         ->  Seq Scan on files  (cost=0.00..1075530.95 rows=770822 width=8) (actual time=0.345..2.431 rows=100 loops=1)
               Filter: (contents ~ 'var'::text)
               Rows Removed by Filter: 51
 Planning Time: 27.994 ms
 Execution Time: 2.499 ms
(7 rows)

Time: 31.675 ms
TIME:14:24:17
query: EXPLAIN ANALYZE select count(id) from (select id from files where contents ~ 'var' limit 100) as e;
Timing is on.
                                                       QUERY PLAN                                                       
------------------------------------------------------------------------------------------------------------------------
 Aggregate  (cost=140.78..140.79 rows=1 width=8) (actual time=2.475..2.476 rows=1 loops=1)
   ->  Limit  (cost=0.00..139.53 rows=100 width=8) (actual time=0.466..2.445 rows=100 loops=1)
         ->  Seq Scan on files  (cost=0.00..1075530.95 rows=770822 width=8) (actual time=0.465..2.435 rows=100 loops=1)
               Filter: (contents ~ 'var'::text)
               Rows Removed by Filter: 51
 Planning Time: 28.781 ms
 Execution Time: 2.502 ms
(7 rows)

Time: 32.501 ms
TIME:14:24:17
query: EXPLAIN ANALYZE select count(id) from (select id from files where contents ~ 'var' limit 100) as e;
Timing is on.
                                                       QUERY PLAN                                                       
------------------------------------------------------------------------------------------------------------------------
 Aggregate  (cost=140.78..140.79 rows=1 width=8) (actual time=2.587..2.588 rows=1 loops=1)
   ->  Limit  (cost=0.00..139.53 rows=100 width=8) (actual time=0.463..2.557 rows=100 loops=1)
         ->  Seq Scan on files  (cost=0.00..1075530.95 rows=770822 width=8) (actual time=0.462..2.546 rows=100 loops=1)
               Filter: (contents ~ 'var'::text)
               Rows Removed by Filter: 51
 Planning Time: 29.900 ms
 Execution Time: 2.631 ms
(7 rows)

Time: 33.859 ms
TIME:14:24:17
query: EXPLAIN ANALYZE select count(id) from (select id from files where contents ~ 'var' limit 100) as e;
Timing is on.
                                                       QUERY PLAN                                                       
------------------------------------------------------------------------------------------------------------------------
 Aggregate  (cost=140.78..140.79 rows=1 width=8) (actual time=2.225..2.226 rows=1 loops=1)
   ->  Limit  (cost=0.00..139.53 rows=100 width=8) (actual time=0.403..2.211 rows=100 loops=1)
         ->  Seq Scan on files  (cost=0.00..1075530.95 rows=770822 width=8) (actual time=0.401..2.201 rows=100 loops=1)
               Filter: (contents ~ 'var'::text)
               Rows Removed by Filter: 51
 Planning Time: 25.057 ms
 Execution Time: 2.251 ms
(7 rows)

Time: 28.643 ms
TIME:14:24:17
query: EXPLAIN ANALYZE select count(id) from (select id from files where contents ~ 'var' limit 100) as e;
Timing is on.
                                                       QUERY PLAN                                                       
------------------------------------------------------------------------------------------------------------------------
 Aggregate  (cost=140.78..140.79 rows=1 width=8) (actual time=2.429..2.430 rows=1 loops=1)
   ->  Limit  (cost=0.00..139.53 rows=100 width=8) (actual time=0.471..2.417 rows=100 loops=1)
         ->  Seq Scan on files  (cost=0.00..1075530.95 rows=770822 width=8) (actual time=0.470..2.407 rows=100 loops=1)
               Filter: (contents ~ 'var'::text)
               Rows Removed by Filter: 51
 Planning Time: 29.844 ms
 Execution Time: 2.456 ms
(7 rows)

Time: 34.010 ms
TIME:14:24:17
query: EXPLAIN ANALYZE select count(id) from (select id from files where contents ~ 'var' limit 100) as e;
Timing is on.
                                                       QUERY PLAN                                                       
------------------------------------------------------------------------------------------------------------------------
 Aggregate  (cost=140.78..140.79 rows=1 width=8) (actual time=2.345..2.346 rows=1 loops=1)
   ->  Limit  (cost=0.00..139.53 rows=100 width=8) (actual time=0.391..2.332 rows=100 loops=1)
         ->  Seq Scan on files  (cost=0.00..1075530.95 rows=770822 width=8) (actual time=0.390..2.323 rows=100 loops=1)
               Filter: (contents ~ 'var'::text)
               Rows Removed by Filter: 51
 Planning Time: 29.928 ms
 Execution Time: 2.373 ms
(7 rows)

Time: 33.595 ms
TIME:14:24:18
query: EXPLAIN ANALYZE select count(id) from (select id from files where contents ~ 'var' limit 100) as e;
Timing is on.
                                                       QUERY PLAN                                                       
------------------------------------------------------------------------------------------------------------------------
 Aggregate  (cost=140.78..140.79 rows=1 width=8) (actual time=2.373..2.373 rows=1 loops=1)
   ->  Limit  (cost=0.00..139.53 rows=100 width=8) (actual time=0.458..2.359 rows=100 loops=1)
         ->  Seq Scan on files  (cost=0.00..1075530.95 rows=770822 width=8) (actual time=0.457..2.350 rows=100 loops=1)
               Filter: (contents ~ 'var'::text)
               Rows Removed by Filter: 51
 Planning Time: 27.557 ms
 Execution Time: 2.414 ms
(7 rows)

Time: 31.114 ms
TIME:14:24:18
query: EXPLAIN ANALYZE select count(id) from (select id from files where contents ~ 'var' limit 100) as e;
Timing is on.
                                                       QUERY PLAN                                                       
------------------------------------------------------------------------------------------------------------------------
 Aggregate  (cost=140.78..140.79 rows=1 width=8) (actual time=2.579..2.579 rows=1 loops=1)
   ->  Limit  (cost=0.00..139.53 rows=100 width=8) (actual time=0.469..2.566 rows=100 loops=1)
         ->  Seq Scan on files  (cost=0.00..1075530.95 rows=770822 width=8) (actual time=0.468..2.556 rows=100 loops=1)
               Filter: (contents ~ 'var'::text)
               Rows Removed by Filter: 51
 Planning Time: 30.037 ms
 Execution Time: 2.623 ms
(7 rows)

Time: 34.044 ms
TIME:14:24:18
query: EXPLAIN ANALYZE select count(id) from (select id from files where contents ~ 'var' limit 100) as e;
Timing is on.
                                                       QUERY PLAN                                                       
------------------------------------------------------------------------------------------------------------------------
 Aggregate  (cost=140.78..140.79 rows=1 width=8) (actual time=2.223..2.223 rows=1 loops=1)
   ->  Limit  (cost=0.00..139.53 rows=100 width=8) (actual time=0.327..2.210 rows=100 loops=1)
         ->  Seq Scan on files  (cost=0.00..1075530.95 rows=770822 width=8) (actual time=0.326..2.201 rows=100 loops=1)
               Filter: (contents ~ 'var'::text)
               Rows Removed by Filter: 51
 Planning Time: 31.486 ms
 Execution Time: 2.249 ms
(7 rows)

Time: 35.001 ms
TIME:14:24:18
query: EXPLAIN ANALYZE select count(id) from (select id from files where contents ~ 'var' limit 100) as e;
Timing is on.
                                                       QUERY PLAN                                                       
------------------------------------------------------------------------------------------------------------------------
 Aggregate  (cost=140.78..140.79 rows=1 width=8) (actual time=2.345..2.346 rows=1 loops=1)
   ->  Limit  (cost=0.00..139.53 rows=100 width=8) (actual time=0.414..2.333 rows=100 loops=1)
         ->  Seq Scan on files  (cost=0.00..1075530.95 rows=770822 width=8) (actual time=0.413..2.324 rows=100 loops=1)
               Filter: (contents ~ 'var'::text)
               Rows Removed by Filter: 51
 Planning Time: 27.748 ms
 Execution Time: 2.370 ms
(7 rows)

Time: 31.358 ms
TIME:14:24:19
query: EXPLAIN ANALYZE select count(id) from (select id from files where contents ~ 'var' limit 100) as e;
Timing is on.
                                                       QUERY PLAN                                                       
------------------------------------------------------------------------------------------------------------------------
 Aggregate  (cost=140.78..140.79 rows=1 width=8) (actual time=2.603..2.605 rows=1 loops=1)
   ->  Limit  (cost=0.00..139.53 rows=100 width=8) (actual time=0.379..2.583 rows=100 loops=1)
         ->  Seq Scan on files  (cost=0.00..1075530.95 rows=770822 width=8) (actual time=0.377..2.572 rows=100 loops=1)
               Filter: (contents ~ 'var'::text)
               Rows Removed by Filter: 51
 Planning Time: 28.291 ms
 Execution Time: 2.658 ms
(7 rows)

Time: 32.361 ms
TIME:14:24:19
query: EXPLAIN ANALYZE select count(id) from (select id from files where contents ~ 'var' limit 100) as e;
Timing is on.
                                                       QUERY PLAN                                                       
------------------------------------------------------------------------------------------------------------------------
 Aggregate  (cost=140.78..140.79 rows=1 width=8) (actual time=2.501..2.502 rows=1 loops=1)
   ->  Limit  (cost=0.00..139.53 rows=100 width=8) (actual time=0.457..2.487 rows=100 loops=1)
         ->  Seq Scan on files  (cost=0.00..1075530.95 rows=770822 width=8) (actual time=0.456..2.464 rows=100 loops=1)
               Filter: (contents ~ 'var'::text)
               Rows Removed by Filter: 51
 Planning Time: 25.325 ms
 Execution Time: 2.526 ms
(7 rows)

Time: 29.032 ms
TIME:14:24:19
query: EXPLAIN ANALYZE select count(id) from (select id from files where contents ~ 'var' limit 100) as e;
Timing is on.
                                                       QUERY PLAN                                                       
------------------------------------------------------------------------------------------------------------------------
 Aggregate  (cost=140.78..140.79 rows=1 width=8) (actual time=2.674..2.675 rows=1 loops=1)
   ->  Limit  (cost=0.00..139.53 rows=100 width=8) (actual time=0.526..2.631 rows=100 loops=1)
         ->  Seq Scan on files  (cost=0.00..1075530.95 rows=770822 width=8) (actual time=0.525..2.620 rows=100 loops=1)
               Filter: (contents ~ 'var'::text)
               Rows Removed by Filter: 51
 Planning Time: 28.020 ms
 Execution Time: 2.701 ms
(7 rows)

Time: 31.887 ms
TIME:14:24:19
query: EXPLAIN ANALYZE select count(id) from (select id from files where contents ~ 'var' limit 100) as e;
Timing is on.
                                                       QUERY PLAN                                                       
------------------------------------------------------------------------------------------------------------------------
 Aggregate  (cost=140.78..140.79 rows=1 width=8) (actual time=2.333..2.334 rows=1 loops=1)
   ->  Limit  (cost=0.00..139.53 rows=100 width=8) (actual time=0.460..2.322 rows=100 loops=1)
         ->  Seq Scan on files  (cost=0.00..1075530.95 rows=770822 width=8) (actual time=0.459..2.312 rows=100 loops=1)
               Filter: (contents ~ 'var'::text)
               Rows Removed by Filter: 51
 Planning Time: 28.898 ms
 Execution Time: 2.358 ms
(7 rows)

Time: 32.481 ms
TIME:14:24:20
query: EXPLAIN ANALYZE select count(id) from (select id from files where contents ~ 'var' limit 100) as e;
Timing is on.
                                                       QUERY PLAN                                                       
------------------------------------------------------------------------------------------------------------------------
 Aggregate  (cost=140.78..140.79 rows=1 width=8) (actual time=2.437..2.438 rows=1 loops=1)
   ->  Limit  (cost=0.00..139.53 rows=100 width=8) (actual time=0.416..2.424 rows=100 loops=1)
         ->  Seq Scan on files  (cost=0.00..1075530.95 rows=770822 width=8) (actual time=0.415..2.415 rows=100 loops=1)
               Filter: (contents ~ 'var'::text)
               Rows Removed by Filter: 51
 Planning Time: 30.014 ms
 Execution Time: 2.463 ms
(7 rows)

Time: 33.907 ms
TIME:14:24:20
query: EXPLAIN ANALYZE select count(id) from (select id from files where contents ~ 'var' limit 100) as e;
Timing is on.
                                                       QUERY PLAN                                                       
------------------------------------------------------------------------------------------------------------------------
 Aggregate  (cost=140.78..140.79 rows=1 width=8) (actual time=2.483..2.484 rows=1 loops=1)
   ->  Limit  (cost=0.00..139.53 rows=100 width=8) (actual time=0.440..2.432 rows=100 loops=1)
         ->  Seq Scan on files  (cost=0.00..1075530.95 rows=770822 width=8) (actual time=0.439..2.422 rows=100 loops=1)
               Filter: (contents ~ 'var'::text)
               Rows Removed by Filter: 51
 Planning Time: 28.856 ms
 Execution Time: 2.557 ms
(7 rows)

Time: 32.732 ms
TIME:14:24:20
query: EXPLAIN ANALYZE select count(id) from (select id from files where contents ~ 'var' limit 100) as e;
Timing is on.
                                                       QUERY PLAN                                                       
------------------------------------------------------------------------------------------------------------------------
 Aggregate  (cost=140.78..140.79 rows=1 width=8) (actual time=2.478..2.479 rows=1 loops=1)
   ->  Limit  (cost=0.00..139.53 rows=100 width=8) (actual time=0.445..2.465 rows=100 loops=1)
         ->  Seq Scan on files  (cost=0.00..1075530.95 rows=770822 width=8) (actual time=0.444..2.455 rows=100 loops=1)
               Filter: (contents ~ 'var'::text)
               Rows Removed by Filter: 51
 Planning Time: 26.454 ms
 Execution Time: 2.504 ms
(7 rows)

Time: 30.210 ms
TIME:14:24:20
query: EXPLAIN ANALYZE select count(id) from (select id from files where contents ~ 'var' limit 100) as e;
Timing is on.
                                                       QUERY PLAN                                                       
------------------------------------------------------------------------------------------------------------------------
 Aggregate  (cost=140.78..140.79 rows=1 width=8) (actual time=2.344..2.345 rows=1 loops=1)
   ->  Limit  (cost=0.00..139.53 rows=100 width=8) (actual time=0.395..2.315 rows=100 loops=1)
         ->  Seq Scan on files  (cost=0.00..1075530.95 rows=770822 width=8) (actual time=0.394..2.305 rows=100 loops=1)
               Filter: (contents ~ 'var'::text)
               Rows Removed by Filter: 51
 Planning Time: 29.123 ms
 Execution Time: 2.384 ms
(7 rows)

Time: 32.752 ms
TIME:14:24:21
query: EXPLAIN ANALYZE select count(id) from (select id from files where contents ~ 'var' limit 100) as e;
Timing is on.
                                                       QUERY PLAN                                                       
------------------------------------------------------------------------------------------------------------------------
 Aggregate  (cost=140.78..140.79 rows=1 width=8) (actual time=2.189..2.190 rows=1 loops=1)
   ->  Limit  (cost=0.00..139.53 rows=100 width=8) (actual time=0.330..2.177 rows=100 loops=1)
         ->  Seq Scan on files  (cost=0.00..1075530.95 rows=770822 width=8) (actual time=0.329..2.168 rows=100 loops=1)
               Filter: (contents ~ 'var'::text)
               Rows Removed by Filter: 51
 Planning Time: 29.993 ms
 Execution Time: 2.216 ms
(7 rows)

Time: 33.460 ms
TIME:14:24:21
query: EXPLAIN ANALYZE select count(id) from (select id from files where contents ~ 'var' limit 100) as e;
Timing is on.
                                                       QUERY PLAN                                                       
------------------------------------------------------------------------------------------------------------------------
 Aggregate  (cost=140.78..140.79 rows=1 width=8) (actual time=2.306..2.307 rows=1 loops=1)
   ->  Limit  (cost=0.00..139.53 rows=100 width=8) (actual time=0.307..2.293 rows=100 loops=1)
         ->  Seq Scan on files  (cost=0.00..1075530.95 rows=770822 width=8) (actual time=0.306..2.283 rows=100 loops=1)
               Filter: (contents ~ 'var'::text)
               Rows Removed by Filter: 51
 Planning Time: 28.055 ms
 Execution Time: 2.437 ms
(7 rows)

Time: 31.788 ms
TIME:14:24:21
query: EXPLAIN ANALYZE select count(id) from (select id from files where contents ~ 'var' limit 100) as e;
Timing is on.
                                                       QUERY PLAN                                                       
------------------------------------------------------------------------------------------------------------------------
 Aggregate  (cost=140.78..140.79 rows=1 width=8) (actual time=2.334..2.335 rows=1 loops=1)
   ->  Limit  (cost=0.00..139.53 rows=100 width=8) (actual time=0.311..2.304 rows=100 loops=1)
         ->  Seq Scan on files  (cost=0.00..1075530.95 rows=770822 width=8) (actual time=0.310..2.279 rows=100 loops=1)
               Filter: (contents ~ 'var'::text)
               Rows Removed by Filter: 51
 Planning Time: 27.800 ms
 Execution Time: 2.360 ms
(7 rows)

Time: 31.283 ms
TIME:14:24:21
query: EXPLAIN ANALYZE select count(id) from (select id from files where contents ~ 'var' limit 100) as e;
Timing is on.
                                                       QUERY PLAN                                                       
------------------------------------------------------------------------------------------------------------------------
 Aggregate  (cost=140.78..140.79 rows=1 width=8) (actual time=2.388..2.388 rows=1 loops=1)
   ->  Limit  (cost=0.00..139.53 rows=100 width=8) (actual time=0.458..2.373 rows=100 loops=1)
         ->  Seq Scan on files  (cost=0.00..1075530.95 rows=770822 width=8) (actual time=0.457..2.363 rows=100 loops=1)
               Filter: (contents ~ 'var'::text)
               Rows Removed by Filter: 51
 Planning Time: 28.810 ms
 Execution Time: 2.414 ms
(7 rows)

Time: 32.688 ms
TIME:14:24:22
query: EXPLAIN ANALYZE select count(id) from (select id from files where contents ~ 'var' limit 100) as e;
Timing is on.
                                                       QUERY PLAN                                                       
------------------------------------------------------------------------------------------------------------------------
 Aggregate  (cost=140.78..140.79 rows=1 width=8) (actual time=2.444..2.445 rows=1 loops=1)
   ->  Limit  (cost=0.00..139.53 rows=100 width=8) (actual time=0.385..2.412 rows=100 loops=1)
         ->  Seq Scan on files  (cost=0.00..1075530.95 rows=770822 width=8) (actual time=0.384..2.402 rows=100 loops=1)
               Filter: (contents ~ 'var'::text)
               Rows Removed by Filter: 51
 Planning Time: 28.267 ms
 Execution Time: 2.470 ms
(7 rows)

Time: 31.987 ms
TIME:14:24:22
query: EXPLAIN ANALYZE select count(id) from (select id from files where contents ~ 'var' limit 100) as e;
Timing is on.
                                                       QUERY PLAN                                                       
------------------------------------------------------------------------------------------------------------------------
 Aggregate  (cost=140.78..140.79 rows=1 width=8) (actual time=2.593..2.594 rows=1 loops=1)
   ->  Limit  (cost=0.00..139.53 rows=100 width=8) (actual time=0.497..2.565 rows=100 loops=1)
         ->  Seq Scan on files  (cost=0.00..1075530.95 rows=770822 width=8) (actual time=0.496..2.554 rows=100 loops=1)
               Filter: (contents ~ 'var'::text)
               Rows Removed by Filter: 51
 Planning Time: 30.714 ms
 Execution Time: 2.622 ms
(7 rows)

Time: 34.778 ms
TIME:14:24:22
query: EXPLAIN ANALYZE select count(id) from (select id from files where contents ~ 'var' limit 100) as e;
Timing is on.
                                                       QUERY PLAN                                                       
------------------------------------------------------------------------------------------------------------------------
 Aggregate  (cost=140.78..140.79 rows=1 width=8) (actual time=2.419..2.420 rows=1 loops=1)
   ->  Limit  (cost=0.00..139.53 rows=100 width=8) (actual time=0.469..2.406 rows=100 loops=1)
         ->  Seq Scan on files  (cost=0.00..1075530.95 rows=770822 width=8) (actual time=0.468..2.380 rows=100 loops=1)
               Filter: (contents ~ 'var'::text)
               Rows Removed by Filter: 51
 Planning Time: 28.377 ms
 Execution Time: 2.444 ms
(7 rows)

Time: 32.057 ms
TIME:14:24:22
query: EXPLAIN ANALYZE select count(id) from (select id from files where contents ~ 'var' limit 100) as e;
Timing is on.
                                                       QUERY PLAN                                                       
------------------------------------------------------------------------------------------------------------------------
 Aggregate  (cost=140.78..140.79 rows=1 width=8) (actual time=2.615..2.616 rows=1 loops=1)
   ->  Limit  (cost=0.00..139.53 rows=100 width=8) (actual time=0.411..2.601 rows=100 loops=1)
         ->  Seq Scan on files  (cost=0.00..1075530.95 rows=770822 width=8) (actual time=0.393..2.550 rows=100 loops=1)
               Filter: (contents ~ 'var'::text)
               Rows Removed by Filter: 51
 Planning Time: 27.804 ms
 Execution Time: 2.643 ms
(7 rows)

Time: 31.677 ms
TIME:14:24:23
query: EXPLAIN ANALYZE select count(id) from (select id from files where contents ~ 'var' limit 100) as e;
Timing is on.
                                                       QUERY PLAN                                                       
------------------------------------------------------------------------------------------------------------------------
 Aggregate  (cost=140.78..140.79 rows=1 width=8) (actual time=2.529..2.530 rows=1 loops=1)
   ->  Limit  (cost=0.00..139.53 rows=100 width=8) (actual time=0.548..2.515 rows=100 loops=1)
         ->  Seq Scan on files  (cost=0.00..1075530.95 rows=770822 width=8) (actual time=0.547..2.505 rows=100 loops=1)
               Filter: (contents ~ 'var'::text)
               Rows Removed by Filter: 51
 Planning Time: 28.941 ms
 Execution Time: 2.556 ms
(7 rows)

Time: 32.773 ms
TIME:14:24:23
query: EXPLAIN ANALYZE select count(id) from (select id from files where contents ~ 'var' limit 100) as e;
Timing is on.
                                                       QUERY PLAN                                                       
------------------------------------------------------------------------------------------------------------------------
 Aggregate  (cost=140.78..140.79 rows=1 width=8) (actual time=2.660..2.661 rows=1 loops=1)
   ->  Limit  (cost=0.00..139.53 rows=100 width=8) (actual time=0.369..2.646 rows=100 loops=1)
         ->  Seq Scan on files  (cost=0.00..1075530.95 rows=770822 width=8) (actual time=0.368..2.619 rows=100 loops=1)
               Filter: (contents ~ 'var'::text)
               Rows Removed by Filter: 51
 Planning Time: 25.160 ms
 Execution Time: 2.692 ms
(7 rows)

Time: 29.065 ms
TIME:14:24:23
query: EXPLAIN ANALYZE select count(id) from (select id from files where contents ~ 'var' limit 100) as e;
Timing is on.
                                                       QUERY PLAN                                                       
------------------------------------------------------------------------------------------------------------------------
 Aggregate  (cost=140.78..140.79 rows=1 width=8) (actual time=2.467..2.468 rows=1 loops=1)
   ->  Limit  (cost=0.00..139.53 rows=100 width=8) (actual time=0.461..2.441 rows=100 loops=1)
         ->  Seq Scan on files  (cost=0.00..1075530.95 rows=770822 width=8) (actual time=0.460..2.411 rows=100 loops=1)
               Filter: (contents ~ 'var'::text)
               Rows Removed by Filter: 51
 Planning Time: 27.368 ms
 Execution Time: 2.492 ms
(7 rows)

Time: 31.063 ms
TIME:14:24:23
query: EXPLAIN ANALYZE select count(id) from (select id from files where contents ~ 'var' limit 100) as e;
Timing is on.
                                                       QUERY PLAN                                                       
------------------------------------------------------------------------------------------------------------------------
 Aggregate  (cost=140.78..140.79 rows=1 width=8) (actual time=2.514..2.515 rows=1 loops=1)
   ->  Limit  (cost=0.00..139.53 rows=100 width=8) (actual time=0.483..2.499 rows=100 loops=1)
         ->  Seq Scan on files  (cost=0.00..1075530.95 rows=770822 width=8) (actual time=0.482..2.489 rows=100 loops=1)
               Filter: (contents ~ 'var'::text)
               Rows Removed by Filter: 51
 Planning Time: 30.072 ms
 Execution Time: 2.543 ms
(7 rows)

Time: 33.949 ms
TIME:14:24:24
query: EXPLAIN ANALYZE select count(id) from (select id from files where contents ~ 'var' limit 100) as e;
Timing is on.
                                                       QUERY PLAN                                                       
------------------------------------------------------------------------------------------------------------------------
 Aggregate  (cost=140.78..140.79 rows=1 width=8) (actual time=2.402..2.402 rows=1 loops=1)
   ->  Limit  (cost=0.00..139.53 rows=100 width=8) (actual time=0.423..2.388 rows=100 loops=1)
         ->  Seq Scan on files  (cost=0.00..1075530.95 rows=770822 width=8) (actual time=0.422..2.378 rows=100 loops=1)
               Filter: (contents ~ 'var'::text)
               Rows Removed by Filter: 51
 Planning Time: 27.432 ms
 Execution Time: 2.428 ms
(7 rows)

Time: 31.129 ms
TIME:14:24:24
query: EXPLAIN ANALYZE select count(id) from (select id from files where contents ~ 'var' limit 100) as e;
Timing is on.
                                                       QUERY PLAN                                                       
------------------------------------------------------------------------------------------------------------------------
 Aggregate  (cost=140.78..140.79 rows=1 width=8) (actual time=2.519..2.520 rows=1 loops=1)
   ->  Limit  (cost=0.00..139.53 rows=100 width=8) (actual time=0.371..2.492 rows=100 loops=1)
         ->  Seq Scan on files  (cost=0.00..1075530.95 rows=770822 width=8) (actual time=0.370..2.470 rows=100 loops=1)
               Filter: (contents ~ 'var'::text)
               Rows Removed by Filter: 51
 Planning Time: 29.185 ms
 Execution Time: 2.564 ms
(7 rows)

Time: 33.065 ms
TIME:14:24:24
query: EXPLAIN ANALYZE select count(id) from (select id from files where contents ~ 'var' limit 100) as e;
Timing is on.
                                                       QUERY PLAN                                                       
------------------------------------------------------------------------------------------------------------------------
 Aggregate  (cost=140.78..140.79 rows=1 width=8) (actual time=2.247..2.247 rows=1 loops=1)
   ->  Limit  (cost=0.00..139.53 rows=100 width=8) (actual time=0.356..2.232 rows=100 loops=1)
         ->  Seq Scan on files  (cost=0.00..1075530.95 rows=770822 width=8) (actual time=0.355..2.222 rows=100 loops=1)
               Filter: (contents ~ 'var'::text)
               Rows Removed by Filter: 51
 Planning Time: 27.667 ms
 Execution Time: 2.273 ms
(7 rows)

Time: 31.163 ms
TIME:14:24:24
query: EXPLAIN ANALYZE select count(id) from (select id from files where contents ~ 'var' limit 100) as e;
Timing is on.
                                                       QUERY PLAN                                                       
------------------------------------------------------------------------------------------------------------------------
 Aggregate  (cost=140.78..140.79 rows=1 width=8) (actual time=2.352..2.353 rows=1 loops=1)
   ->  Limit  (cost=0.00..139.53 rows=100 width=8) (actual time=0.373..2.339 rows=100 loops=1)
         ->  Seq Scan on files  (cost=0.00..1075530.95 rows=770822 width=8) (actual time=0.372..2.329 rows=100 loops=1)
               Filter: (contents ~ 'var'::text)
               Rows Removed by Filter: 51
 Planning Time: 28.453 ms
 Execution Time: 2.378 ms
(7 rows)

Time: 32.102 ms
TIME:14:24:25
query: EXPLAIN ANALYZE select count(id) from (select id from files where contents ~ 'var' limit 100) as e;
Timing is on.
                                                       QUERY PLAN                                                       
------------------------------------------------------------------------------------------------------------------------
 Aggregate  (cost=140.78..140.79 rows=1 width=8) (actual time=2.373..2.374 rows=1 loops=1)
   ->  Limit  (cost=0.00..139.53 rows=100 width=8) (actual time=0.454..2.342 rows=100 loops=1)
         ->  Seq Scan on files  (cost=0.00..1075530.95 rows=770822 width=8) (actual time=0.453..2.316 rows=100 loops=1)
               Filter: (contents ~ 'var'::text)
               Rows Removed by Filter: 51
 Planning Time: 28.641 ms
 Execution Time: 2.401 ms
(7 rows)

Time: 32.419 ms
TIME:14:24:25
query: EXPLAIN ANALYZE select count(id) from (select id from files where contents ~ 'var' limit 100) as e;
Timing is on.
                                                       QUERY PLAN                                                       
------------------------------------------------------------------------------------------------------------------------
 Aggregate  (cost=140.78..140.79 rows=1 width=8) (actual time=2.475..2.476 rows=1 loops=1)
   ->  Limit  (cost=0.00..139.53 rows=100 width=8) (actual time=0.392..2.461 rows=100 loops=1)
         ->  Seq Scan on files  (cost=0.00..1075530.95 rows=770822 width=8) (actual time=0.391..2.451 rows=100 loops=1)
               Filter: (contents ~ 'var'::text)
               Rows Removed by Filter: 51
 Planning Time: 27.992 ms
 Execution Time: 2.503 ms
(7 rows)

Time: 31.797 ms
TIME:14:24:25
query: EXPLAIN ANALYZE select count(id) from (select id from files where contents ~ 'var' limit 100) as e;
Timing is on.
                                                       QUERY PLAN                                                       
------------------------------------------------------------------------------------------------------------------------
 Aggregate  (cost=140.78..140.79 rows=1 width=8) (actual time=3.037..3.040 rows=1 loops=1)
   ->  Limit  (cost=0.00..139.53 rows=100 width=8) (actual time=0.471..3.018 rows=100 loops=1)
         ->  Seq Scan on files  (cost=0.00..1075530.95 rows=770822 width=8) (actual time=0.470..3.004 rows=100 loops=1)
               Filter: (contents ~ 'var'::text)
               Rows Removed by Filter: 51
 Planning Time: 33.604 ms
 Execution Time: 3.091 ms
(7 rows)

Time: 38.194 ms
TIME:14:24:25
query: EXPLAIN ANALYZE select count(id) from (select id from files where contents ~ 'var' limit 100) as e;
Timing is on.
                                                       QUERY PLAN                                                       
------------------------------------------------------------------------------------------------------------------------
 Aggregate  (cost=140.78..140.79 rows=1 width=8) (actual time=2.697..2.698 rows=1 loops=1)
   ->  Limit  (cost=0.00..139.53 rows=100 width=8) (actual time=0.571..2.669 rows=100 loops=1)
         ->  Seq Scan on files  (cost=0.00..1075530.95 rows=770822 width=8) (actual time=0.570..2.659 rows=100 loops=1)
               Filter: (contents ~ 'var'::text)
               Rows Removed by Filter: 51
 Planning Time: 28.225 ms
 Execution Time: 2.742 ms
(7 rows)

Time: 32.228 ms
TIME:14:24:26
query: EXPLAIN ANALYZE select count(id) from (select id from files where contents ~ 'var' limit 100) as e;
Timing is on.
                                                       QUERY PLAN                                                       
------------------------------------------------------------------------------------------------------------------------
 Aggregate  (cost=140.78..140.79 rows=1 width=8) (actual time=2.263..2.264 rows=1 loops=1)
   ->  Limit  (cost=0.00..139.53 rows=100 width=8) (actual time=0.362..2.249 rows=100 loops=1)
         ->  Seq Scan on files  (cost=0.00..1075530.95 rows=770822 width=8) (actual time=0.361..2.239 rows=100 loops=1)
               Filter: (contents ~ 'var'::text)
               Rows Removed by Filter: 51
 Planning Time: 27.715 ms
 Execution Time: 2.289 ms
(7 rows)

Time: 31.380 ms
TIME:14:24:26
query: EXPLAIN ANALYZE select count(id) from (select id from files where contents ~ 'var' limit 100) as e;
Timing is on.
                                                       QUERY PLAN                                                       
------------------------------------------------------------------------------------------------------------------------
 Aggregate  (cost=140.78..140.79 rows=1 width=8) (actual time=2.508..2.510 rows=1 loops=1)
   ->  Limit  (cost=0.00..139.53 rows=100 width=8) (actual time=0.364..2.492 rows=100 loops=1)
         ->  Seq Scan on files  (cost=0.00..1075530.95 rows=770822 width=8) (actual time=0.363..2.481 rows=100 loops=1)
               Filter: (contents ~ 'var'::text)
               Rows Removed by Filter: 51
 Planning Time: 31.346 ms
 Execution Time: 2.561 ms
(7 rows)

Time: 35.264 ms
TIME:14:24:26
query: EXPLAIN ANALYZE select count(id) from (select id from files where contents ~ 'var' limit 100) as e;
Timing is on.
                                                       QUERY PLAN                                                       
------------------------------------------------------------------------------------------------------------------------
 Aggregate  (cost=140.78..140.79 rows=1 width=8) (actual time=2.490..2.491 rows=1 loops=1)
   ->  Limit  (cost=0.00..139.53 rows=100 width=8) (actual time=0.453..2.475 rows=100 loops=1)
         ->  Seq Scan on files  (cost=0.00..1075530.95 rows=770822 width=8) (actual time=0.452..2.465 rows=100 loops=1)
               Filter: (contents ~ 'var'::text)
               Rows Removed by Filter: 51
 Planning Time: 28.791 ms
 Execution Time: 2.519 ms
(7 rows)

Time: 32.532 ms
limit 100: '123456789'
TIME:14:24:26
query: EXPLAIN ANALYZE select count(id) from (select id from files where contents ~ '123456789' limit 100) as e;
Timing is on.
                                                                       QUERY PLAN                                                                       
--------------------------------------------------------------------------------------------------------------------------------------------------------
 Aggregate  (cost=321.85..321.86 rows=1 width=8) (actual time=241.897..241.899 rows=1 loops=1)
   ->  Limit  (cost=211.85..320.60 rows=100 width=8) (actual time=114.944..241.816 rows=100 loops=1)
         ->  Bitmap Heap Scan on files  (cost=211.85..21141.42 rows=19245 width=8) (actual time=114.942..241.762 rows=100 loops=1)
               Recheck Cond: (contents ~ '123456789'::text)
               Rows Removed by Index Recheck: 42
               Heap Blocks: exact=92
               ->  Bitmap Index Scan on files_contents_trgm_idx  (cost=0.00..207.03 rows=19245 width=0) (actual time=99.868..99.869 rows=94730 loops=1)
                     Index Cond: (contents ~ '123456789'::text)
 Planning Time: 29.489 ms
 Execution Time: 243.574 ms
(10 rows)

Time: 274.576 ms
TIME:14:24:27
query: EXPLAIN ANALYZE select count(id) from (select id from files where contents ~ '123456789' limit 100) as e;
Timing is on.
                                                                       QUERY PLAN                                                                       
--------------------------------------------------------------------------------------------------------------------------------------------------------
 Aggregate  (cost=321.85..321.86 rows=1 width=8) (actual time=212.029..212.030 rows=1 loops=1)
   ->  Limit  (cost=211.85..320.60 rows=100 width=8) (actual time=98.238..211.988 rows=100 loops=1)
         ->  Bitmap Heap Scan on files  (cost=211.85..21141.42 rows=19245 width=8) (actual time=98.237..211.941 rows=100 loops=1)
               Recheck Cond: (contents ~ '123456789'::text)
               Rows Removed by Index Recheck: 42
               Heap Blocks: exact=92
               ->  Bitmap Index Scan on files_contents_trgm_idx  (cost=0.00..207.03 rows=19245 width=0) (actual time=83.316..83.316 rows=94730 loops=1)
                     Index Cond: (contents ~ '123456789'::text)
 Planning Time: 28.151 ms
 Execution Time: 213.679 ms
(10 rows)

Time: 243.042 ms
TIME:14:24:27
query: EXPLAIN ANALYZE select count(id) from (select id from files where contents ~ '123456789' limit 100) as e;
Timing is on.
                                                                       QUERY PLAN                                                                       
--------------------------------------------------------------------------------------------------------------------------------------------------------
 Aggregate  (cost=321.85..321.86 rows=1 width=8) (actual time=216.924..216.925 rows=1 loops=1)
   ->  Limit  (cost=211.85..320.60 rows=100 width=8) (actual time=100.839..216.879 rows=100 loops=1)
         ->  Bitmap Heap Scan on files  (cost=211.85..21141.42 rows=19245 width=8) (actual time=100.837..216.846 rows=100 loops=1)
               Recheck Cond: (contents ~ '123456789'::text)
               Rows Removed by Index Recheck: 42
               Heap Blocks: exact=92
               ->  Bitmap Index Scan on files_contents_trgm_idx  (cost=0.00..207.03 rows=19245 width=0) (actual time=85.919..85.919 rows=94730 loops=1)
                     Index Cond: (contents ~ '123456789'::text)
 Planning Time: 28.376 ms
 Execution Time: 218.498 ms
(10 rows)

Time: 248.122 ms
TIME:14:24:28
query: EXPLAIN ANALYZE select count(id) from (select id from files where contents ~ '123456789' limit 100) as e;
Timing is on.
                                                                       QUERY PLAN                                                                       
--------------------------------------------------------------------------------------------------------------------------------------------------------
 Aggregate  (cost=321.85..321.86 rows=1 width=8) (actual time=229.936..229.938 rows=1 loops=1)
   ->  Limit  (cost=211.85..320.60 rows=100 width=8) (actual time=110.177..229.892 rows=100 loops=1)
         ->  Bitmap Heap Scan on files  (cost=211.85..21141.42 rows=19245 width=8) (actual time=110.175..229.859 rows=100 loops=1)
               Recheck Cond: (contents ~ '123456789'::text)
               Rows Removed by Index Recheck: 42
               Heap Blocks: exact=92
               ->  Bitmap Index Scan on files_contents_trgm_idx  (cost=0.00..207.03 rows=19245 width=0) (actual time=94.743..94.744 rows=94730 loops=1)
                     Index Cond: (contents ~ '123456789'::text)
 Planning Time: 41.684 ms
 Execution Time: 231.479 ms
(10 rows)

Time: 274.774 ms
TIME:14:24:28
query: EXPLAIN ANALYZE select count(id) from (select id from files where contents ~ '123456789' limit 100) as e;
Timing is on.
                                                                       QUERY PLAN                                                                       
--------------------------------------------------------------------------------------------------------------------------------------------------------
 Aggregate  (cost=321.85..321.86 rows=1 width=8) (actual time=214.989..214.990 rows=1 loops=1)
   ->  Limit  (cost=211.85..320.60 rows=100 width=8) (actual time=100.159..214.946 rows=100 loops=1)
         ->  Bitmap Heap Scan on files  (cost=211.85..21141.42 rows=19245 width=8) (actual time=100.158..214.899 rows=100 loops=1)
               Recheck Cond: (contents ~ '123456789'::text)
               Rows Removed by Index Recheck: 42
               Heap Blocks: exact=92
               ->  Bitmap Index Scan on files_contents_trgm_idx  (cost=0.00..207.03 rows=19245 width=0) (actual time=85.010..85.011 rows=94730 loops=1)
                     Index Cond: (contents ~ '123456789'::text)
 Planning Time: 30.439 ms
 Execution Time: 216.534 ms
(10 rows)

Time: 248.381 ms
TIME:14:24:29
query: EXPLAIN ANALYZE select count(id) from (select id from files where contents ~ '123456789' limit 100) as e;
Timing is on.
                                                                       QUERY PLAN                                                                       
--------------------------------------------------------------------------------------------------------------------------------------------------------
 Aggregate  (cost=321.85..321.86 rows=1 width=8) (actual time=220.765..220.766 rows=1 loops=1)
   ->  Limit  (cost=211.85..320.60 rows=100 width=8) (actual time=105.533..220.693 rows=100 loops=1)
         ->  Bitmap Heap Scan on files  (cost=211.85..21141.42 rows=19245 width=8) (actual time=105.531..220.661 rows=100 loops=1)
               Recheck Cond: (contents ~ '123456789'::text)
               Rows Removed by Index Recheck: 42
               Heap Blocks: exact=92
               ->  Bitmap Index Scan on files_contents_trgm_idx  (cost=0.00..207.03 rows=19245 width=0) (actual time=90.056..90.056 rows=94730 loops=1)
                     Index Cond: (contents ~ '123456789'::text)
 Planning Time: 36.628 ms
 Execution Time: 222.620 ms
(10 rows)

Time: 260.784 ms
TIME:14:24:29
query: EXPLAIN ANALYZE select count(id) from (select id from files where contents ~ '123456789' limit 100) as e;
Timing is on.
                                                                       QUERY PLAN                                                                       
--------------------------------------------------------------------------------------------------------------------------------------------------------
 Aggregate  (cost=321.85..321.86 rows=1 width=8) (actual time=231.280..231.281 rows=1 loops=1)
   ->  Limit  (cost=211.85..320.60 rows=100 width=8) (actual time=109.602..231.233 rows=100 loops=1)
         ->  Bitmap Heap Scan on files  (cost=211.85..21141.42 rows=19245 width=8) (actual time=109.601..231.199 rows=100 loops=1)
               Recheck Cond: (contents ~ '123456789'::text)
               Rows Removed by Index Recheck: 42
               Heap Blocks: exact=92
               ->  Bitmap Index Scan on files_contents_trgm_idx  (cost=0.00..207.03 rows=19245 width=0) (actual time=90.635..90.635 rows=94730 loops=1)
                     Index Cond: (contents ~ '123456789'::text)
 Planning Time: 30.560 ms
 Execution Time: 232.880 ms
(10 rows)

Time: 264.850 ms
TIME:14:24:30
query: EXPLAIN ANALYZE select count(id) from (select id from files where contents ~ '123456789' limit 100) as e;
Timing is on.
                                                                       QUERY PLAN                                                                       
--------------------------------------------------------------------------------------------------------------------------------------------------------
 Aggregate  (cost=321.85..321.86 rows=1 width=8) (actual time=218.655..218.656 rows=1 loops=1)
   ->  Limit  (cost=211.85..320.60 rows=100 width=8) (actual time=102.167..218.611 rows=100 loops=1)
         ->  Bitmap Heap Scan on files  (cost=211.85..21141.42 rows=19245 width=8) (actual time=102.165..218.562 rows=100 loops=1)
               Recheck Cond: (contents ~ '123456789'::text)
               Rows Removed by Index Recheck: 42
               Heap Blocks: exact=92
               ->  Bitmap Index Scan on files_contents_trgm_idx  (cost=0.00..207.03 rows=19245 width=0) (actual time=87.455..87.456 rows=94730 loops=1)
                     Index Cond: (contents ~ '123456789'::text)
 Planning Time: 28.795 ms
 Execution Time: 220.102 ms
(10 rows)

Time: 250.237 ms
TIME:14:24:30
query: EXPLAIN ANALYZE select count(id) from (select id from files where contents ~ '123456789' limit 100) as e;
Timing is on.
                                                                       QUERY PLAN                                                                       
--------------------------------------------------------------------------------------------------------------------------------------------------------
 Aggregate  (cost=321.85..321.86 rows=1 width=8) (actual time=227.993..227.994 rows=1 loops=1)
   ->  Limit  (cost=211.85..320.60 rows=100 width=8) (actual time=99.038..227.933 rows=100 loops=1)
         ->  Bitmap Heap Scan on files  (cost=211.85..21141.42 rows=19245 width=8) (actual time=99.036..227.870 rows=100 loops=1)
               Recheck Cond: (contents ~ '123456789'::text)
               Rows Removed by Index Recheck: 42
               Heap Blocks: exact=92
               ->  Bitmap Index Scan on files_contents_trgm_idx  (cost=0.00..207.03 rows=19245 width=0) (actual time=83.799..83.799 rows=94730 loops=1)
                     Index Cond: (contents ~ '123456789'::text)
 Planning Time: 28.749 ms
 Execution Time: 229.909 ms
(10 rows)

Time: 259.936 ms
TIME:14:24:31
query: EXPLAIN ANALYZE select count(id) from (select id from files where contents ~ '123456789' limit 100) as e;
Timing is on.
                                                                       QUERY PLAN                                                                       
--------------------------------------------------------------------------------------------------------------------------------------------------------
 Aggregate  (cost=321.85..321.86 rows=1 width=8) (actual time=217.286..217.287 rows=1 loops=1)
   ->  Limit  (cost=211.85..320.60 rows=100 width=8) (actual time=100.561..217.242 rows=100 loops=1)
         ->  Bitmap Heap Scan on files  (cost=211.85..21141.42 rows=19245 width=8) (actual time=100.560..217.194 rows=100 loops=1)
               Recheck Cond: (contents ~ '123456789'::text)
               Rows Removed by Index Recheck: 42
               Heap Blocks: exact=92
               ->  Bitmap Index Scan on files_contents_trgm_idx  (cost=0.00..207.03 rows=19245 width=0) (actual time=85.837..85.837 rows=94730 loops=1)
                     Index Cond: (contents ~ '123456789'::text)
 Planning Time: 27.373 ms
 Execution Time: 218.833 ms
(10 rows)

Time: 247.457 ms
TIME:14:24:31
query: EXPLAIN ANALYZE select count(id) from (select id from files where contents ~ '123456789' limit 100) as e;
Timing is on.
                                                                       QUERY PLAN                                                                       
--------------------------------------------------------------------------------------------------------------------------------------------------------
 Aggregate  (cost=321.85..321.86 rows=1 width=8) (actual time=213.084..213.086 rows=1 loops=1)
   ->  Limit  (cost=211.85..320.60 rows=100 width=8) (actual time=97.924..213.026 rows=100 loops=1)
         ->  Bitmap Heap Scan on files  (cost=211.85..21141.42 rows=19245 width=8) (actual time=97.922..212.995 rows=100 loops=1)
               Recheck Cond: (contents ~ '123456789'::text)
               Rows Removed by Index Recheck: 42
               Heap Blocks: exact=92
               ->  Bitmap Index Scan on files_contents_trgm_idx  (cost=0.00..207.03 rows=19245 width=0) (actual time=82.832..82.833 rows=94730 loops=1)
                     Index Cond: (contents ~ '123456789'::text)
 Planning Time: 28.945 ms
 Execution Time: 214.663 ms
(10 rows)

Time: 244.981 ms
TIME:14:24:32
query: EXPLAIN ANALYZE select count(id) from (select id from files where contents ~ '123456789' limit 100) as e;
Timing is on.
                                                                       QUERY PLAN                                                                       
--------------------------------------------------------------------------------------------------------------------------------------------------------
 Aggregate  (cost=321.85..321.86 rows=1 width=8) (actual time=213.390..213.392 rows=1 loops=1)
   ->  Limit  (cost=211.85..320.60 rows=100 width=8) (actual time=98.373..213.334 rows=100 loops=1)
         ->  Bitmap Heap Scan on files  (cost=211.85..21141.42 rows=19245 width=8) (actual time=98.372..213.290 rows=100 loops=1)
               Recheck Cond: (contents ~ '123456789'::text)
               Rows Removed by Index Recheck: 42
               Heap Blocks: exact=92
               ->  Bitmap Index Scan on files_contents_trgm_idx  (cost=0.00..207.03 rows=19245 width=0) (actual time=83.166..83.167 rows=94730 loops=1)
                     Index Cond: (contents ~ '123456789'::text)
 Planning Time: 28.217 ms
 Execution Time: 215.085 ms
(10 rows)

Time: 244.720 ms
TIME:14:24:32
query: EXPLAIN ANALYZE select count(id) from (select id from files where contents ~ '123456789' limit 100) as e;
Timing is on.
                                                                       QUERY PLAN                                                                       
--------------------------------------------------------------------------------------------------------------------------------------------------------
 Aggregate  (cost=321.85..321.86 rows=1 width=8) (actual time=235.158..235.159 rows=1 loops=1)
   ->  Limit  (cost=211.85..320.60 rows=100 width=8) (actual time=114.136..235.062 rows=100 loops=1)
         ->  Bitmap Heap Scan on files  (cost=211.85..21141.42 rows=19245 width=8) (actual time=114.135..235.015 rows=100 loops=1)
               Recheck Cond: (contents ~ '123456789'::text)
               Rows Removed by Index Recheck: 42
               Heap Blocks: exact=92
               ->  Bitmap Index Scan on files_contents_trgm_idx  (cost=0.00..207.03 rows=19245 width=0) (actual time=96.291..96.292 rows=94730 loops=1)
                     Index Cond: (contents ~ '123456789'::text)
 Planning Time: 28.679 ms
 Execution Time: 236.862 ms
(10 rows)

Time: 267.018 ms
TIME:14:24:33
query: EXPLAIN ANALYZE select count(id) from (select id from files where contents ~ '123456789' limit 100) as e;
Timing is on.
                                                                       QUERY PLAN                                                                       
--------------------------------------------------------------------------------------------------------------------------------------------------------
 Aggregate  (cost=321.85..321.86 rows=1 width=8) (actual time=226.797..226.798 rows=1 loops=1)
   ->  Limit  (cost=211.85..320.60 rows=100 width=8) (actual time=110.579..226.752 rows=100 loops=1)
         ->  Bitmap Heap Scan on files  (cost=211.85..21141.42 rows=19245 width=8) (actual time=110.578..226.718 rows=100 loops=1)
               Recheck Cond: (contents ~ '123456789'::text)
               Rows Removed by Index Recheck: 42
               Heap Blocks: exact=92
               ->  Bitmap Index Scan on files_contents_trgm_idx  (cost=0.00..207.03 rows=19245 width=0) (actual time=93.438..93.439 rows=94730 loops=1)
                     Index Cond: (contents ~ '123456789'::text)
 Planning Time: 26.168 ms
 Execution Time: 228.694 ms
(10 rows)

Time: 256.204 ms
TIME:14:24:33
query: EXPLAIN ANALYZE select count(id) from (select id from files where contents ~ '123456789' limit 100) as e;
Timing is on.
                                                                       QUERY PLAN                                                                       
--------------------------------------------------------------------------------------------------------------------------------------------------------
 Aggregate  (cost=321.85..321.86 rows=1 width=8) (actual time=243.236..243.237 rows=1 loops=1)
   ->  Limit  (cost=211.85..320.60 rows=100 width=8) (actual time=118.612..243.186 rows=100 loops=1)
         ->  Bitmap Heap Scan on files  (cost=211.85..21141.42 rows=19245 width=8) (actual time=118.611..243.135 rows=100 loops=1)
               Recheck Cond: (contents ~ '123456789'::text)
               Rows Removed by Index Recheck: 42
               Heap Blocks: exact=92
               ->  Bitmap Index Scan on files_contents_trgm_idx  (cost=0.00..207.03 rows=19245 width=0) (actual time=98.222..98.222 rows=94730 loops=1)
                     Index Cond: (contents ~ '123456789'::text)
 Planning Time: 25.067 ms
 Execution Time: 245.109 ms
(10 rows)

Time: 271.533 ms
TIME:14:24:34
query: EXPLAIN ANALYZE select count(id) from (select id from files where contents ~ '123456789' limit 100) as e;
Timing is on.
                                                                       QUERY PLAN                                                                       
--------------------------------------------------------------------------------------------------------------------------------------------------------
 Aggregate  (cost=321.85..321.86 rows=1 width=8) (actual time=208.578..208.579 rows=1 loops=1)
   ->  Limit  (cost=211.85..320.60 rows=100 width=8) (actual time=95.946..208.537 rows=100 loops=1)
         ->  Bitmap Heap Scan on files  (cost=211.85..21141.42 rows=19245 width=8) (actual time=95.929..208.491 rows=100 loops=1)
               Recheck Cond: (contents ~ '123456789'::text)
               Rows Removed by Index Recheck: 42
               Heap Blocks: exact=92
               ->  Bitmap Index Scan on files_contents_trgm_idx  (cost=0.00..207.03 rows=19245 width=0) (actual time=81.490..81.490 rows=94730 loops=1)
                     Index Cond: (contents ~ '123456789'::text)
 Planning Time: 30.702 ms
 Execution Time: 210.069 ms
(10 rows)

Time: 242.048 ms
TIME:14:24:34
query: EXPLAIN ANALYZE select count(id) from (select id from files where contents ~ '123456789' limit 100) as e;
Timing is on.
                                                                       QUERY PLAN                                                                       
--------------------------------------------------------------------------------------------------------------------------------------------------------
 Aggregate  (cost=321.85..321.86 rows=1 width=8) (actual time=221.438..221.439 rows=1 loops=1)
   ->  Limit  (cost=211.85..320.60 rows=100 width=8) (actual time=104.391..221.395 rows=100 loops=1)
         ->  Bitmap Heap Scan on files  (cost=211.85..21141.42 rows=19245 width=8) (actual time=104.390..221.361 rows=100 loops=1)
               Recheck Cond: (contents ~ '123456789'::text)
               Rows Removed by Index Recheck: 42
               Heap Blocks: exact=92
               ->  Bitmap Index Scan on files_contents_trgm_idx  (cost=0.00..207.03 rows=19245 width=0) (actual time=88.840..88.840 rows=94730 loops=1)
                     Index Cond: (contents ~ '123456789'::text)
 Planning Time: 26.173 ms
 Execution Time: 222.999 ms
(10 rows)

Time: 250.498 ms
TIME:14:24:34
query: EXPLAIN ANALYZE select count(id) from (select id from files where contents ~ '123456789' limit 100) as e;
Timing is on.
                                                                       QUERY PLAN                                                                       
--------------------------------------------------------------------------------------------------------------------------------------------------------
 Aggregate  (cost=321.85..321.86 rows=1 width=8) (actual time=213.818..213.820 rows=1 loops=1)
   ->  Limit  (cost=211.85..320.60 rows=100 width=8) (actual time=100.047..213.776 rows=100 loops=1)
         ->  Bitmap Heap Scan on files  (cost=211.85..21141.42 rows=19245 width=8) (actual time=100.046..213.745 rows=100 loops=1)
               Recheck Cond: (contents ~ '123456789'::text)
               Rows Removed by Index Recheck: 42
               Heap Blocks: exact=92
               ->  Bitmap Index Scan on files_contents_trgm_idx  (cost=0.00..207.03 rows=19245 width=0) (actual time=85.336..85.336 rows=94730 loops=1)
                     Index Cond: (contents ~ '123456789'::text)
 Planning Time: 26.276 ms
 Execution Time: 215.391 ms
(10 rows)

Time: 243.012 ms
TIME:14:24:35
query: EXPLAIN ANALYZE select count(id) from (select id from files where contents ~ '123456789' limit 100) as e;
Timing is on.
                                                                       QUERY PLAN                                                                       
--------------------------------------------------------------------------------------------------------------------------------------------------------
 Aggregate  (cost=321.85..321.86 rows=1 width=8) (actual time=215.860..215.862 rows=1 loops=1)
   ->  Limit  (cost=211.85..320.60 rows=100 width=8) (actual time=99.798..215.813 rows=100 loops=1)
         ->  Bitmap Heap Scan on files  (cost=211.85..21141.42 rows=19245 width=8) (actual time=99.797..215.781 rows=100 loops=1)
               Recheck Cond: (contents ~ '123456789'::text)
               Rows Removed by Index Recheck: 42
               Heap Blocks: exact=92
               ->  Bitmap Index Scan on files_contents_trgm_idx  (cost=0.00..207.03 rows=19245 width=0) (actual time=84.664..84.664 rows=94730 loops=1)
                     Index Cond: (contents ~ '123456789'::text)
 Planning Time: 25.324 ms
 Execution Time: 217.558 ms
(10 rows)

Time: 244.154 ms
TIME:14:24:36
query: EXPLAIN ANALYZE select count(id) from (select id from files where contents ~ '123456789' limit 100) as e;
Timing is on.
                                                                       QUERY PLAN                                                                       
--------------------------------------------------------------------------------------------------------------------------------------------------------
 Aggregate  (cost=321.85..321.86 rows=1 width=8) (actual time=217.587..217.589 rows=1 loops=1)
   ->  Limit  (cost=211.85..320.60 rows=100 width=8) (actual time=100.433..217.509 rows=100 loops=1)
         ->  Bitmap Heap Scan on files  (cost=211.85..21141.42 rows=19245 width=8) (actual time=100.432..217.477 rows=100 loops=1)
               Recheck Cond: (contents ~ '123456789'::text)
               Rows Removed by Index Recheck: 42
               Heap Blocks: exact=92
               ->  Bitmap Index Scan on files_contents_trgm_idx  (cost=0.00..207.03 rows=19245 width=0) (actual time=85.077..85.078 rows=94730 loops=1)
                     Index Cond: (contents ~ '123456789'::text)
 Planning Time: 26.281 ms
 Execution Time: 219.208 ms
(10 rows)

Time: 246.704 ms
TIME:14:24:36
query: EXPLAIN ANALYZE select count(id) from (select id from files where contents ~ '123456789' limit 100) as e;
Timing is on.
                                                                       QUERY PLAN                                                                       
--------------------------------------------------------------------------------------------------------------------------------------------------------
 Aggregate  (cost=321.85..321.86 rows=1 width=8) (actual time=217.961..217.979 rows=1 loops=1)
   ->  Limit  (cost=211.85..320.60 rows=100 width=8) (actual time=100.436..217.932 rows=100 loops=1)
         ->  Bitmap Heap Scan on files  (cost=211.85..21141.42 rows=19245 width=8) (actual time=100.434..217.883 rows=100 loops=1)
               Recheck Cond: (contents ~ '123456789'::text)
               Rows Removed by Index Recheck: 42
               Heap Blocks: exact=92
               ->  Bitmap Index Scan on files_contents_trgm_idx  (cost=0.00..207.03 rows=19245 width=0) (actual time=85.334..85.334 rows=94730 loops=1)
                     Index Cond: (contents ~ '123456789'::text)
 Planning Time: 25.347 ms
 Execution Time: 219.655 ms
(10 rows)

Time: 246.633 ms
TIME:14:24:36
query: EXPLAIN ANALYZE select count(id) from (select id from files where contents ~ '123456789' limit 100) as e;
Timing is on.
                                                                       QUERY PLAN                                                                       
--------------------------------------------------------------------------------------------------------------------------------------------------------
 Aggregate  (cost=321.85..321.86 rows=1 width=8) (actual time=212.969..212.971 rows=1 loops=1)
   ->  Limit  (cost=211.85..320.60 rows=100 width=8) (actual time=98.951..212.926 rows=100 loops=1)
         ->  Bitmap Heap Scan on files  (cost=211.85..21141.42 rows=19245 width=8) (actual time=98.950..212.878 rows=100 loops=1)
               Recheck Cond: (contents ~ '123456789'::text)
               Rows Removed by Index Recheck: 42
               Heap Blocks: exact=92
               ->  Bitmap Index Scan on files_contents_trgm_idx  (cost=0.00..207.03 rows=19245 width=0) (actual time=83.591..83.591 rows=94730 loops=1)
                     Index Cond: (contents ~ '123456789'::text)
 Planning Time: 25.713 ms
 Execution Time: 214.524 ms
(10 rows)

Time: 241.682 ms
TIME:14:24:37
query: EXPLAIN ANALYZE select count(id) from (select id from files where contents ~ '123456789' limit 100) as e;
Timing is on.
                                                                       QUERY PLAN                                                                       
--------------------------------------------------------------------------------------------------------------------------------------------------------
 Aggregate  (cost=321.85..321.86 rows=1 width=8) (actual time=216.776..216.777 rows=1 loops=1)
   ->  Limit  (cost=211.85..320.60 rows=100 width=8) (actual time=98.708..216.717 rows=100 loops=1)
         ->  Bitmap Heap Scan on files  (cost=211.85..21141.42 rows=19245 width=8) (actual time=98.706..216.687 rows=100 loops=1)
               Recheck Cond: (contents ~ '123456789'::text)
               Rows Removed by Index Recheck: 42
               Heap Blocks: exact=92
               ->  Bitmap Index Scan on files_contents_trgm_idx  (cost=0.00..207.03 rows=19245 width=0) (actual time=83.760..83.760 rows=94730 loops=1)
                     Index Cond: (contents ~ '123456789'::text)
 Planning Time: 29.245 ms
 Execution Time: 218.504 ms
(10 rows)

Time: 248.968 ms
TIME:14:24:37
query: EXPLAIN ANALYZE select count(id) from (select id from files where contents ~ '123456789' limit 100) as e;
Timing is on.
                                                                       QUERY PLAN                                                                       
--------------------------------------------------------------------------------------------------------------------------------------------------------
 Aggregate  (cost=321.85..321.86 rows=1 width=8) (actual time=221.630..221.631 rows=1 loops=1)
   ->  Limit  (cost=211.85..320.60 rows=100 width=8) (actual time=105.019..221.554 rows=100 loops=1)
         ->  Bitmap Heap Scan on files  (cost=211.85..21141.42 rows=19245 width=8) (actual time=105.018..221.506 rows=100 loops=1)
               Recheck Cond: (contents ~ '123456789'::text)
               Rows Removed by Index Recheck: 42
               Heap Blocks: exact=92
               ->  Bitmap Index Scan on files_contents_trgm_idx  (cost=0.00..207.03 rows=19245 width=0) (actual time=89.830..89.831 rows=94730 loops=1)
                     Index Cond: (contents ~ '123456789'::text)
 Planning Time: 28.659 ms
 Execution Time: 223.359 ms
(10 rows)

Time: 253.307 ms
TIME:14:24:38
query: EXPLAIN ANALYZE select count(id) from (select id from files where contents ~ '123456789' limit 100) as e;
Timing is on.
                                                                       QUERY PLAN                                                                       
--------------------------------------------------------------------------------------------------------------------------------------------------------
 Aggregate  (cost=321.85..321.86 rows=1 width=8) (actual time=213.349..213.351 rows=1 loops=1)
   ->  Limit  (cost=211.85..320.60 rows=100 width=8) (actual time=99.408..213.307 rows=100 loops=1)
         ->  Bitmap Heap Scan on files  (cost=211.85..21141.42 rows=19245 width=8) (actual time=99.407..213.261 rows=100 loops=1)
               Recheck Cond: (contents ~ '123456789'::text)
               Rows Removed by Index Recheck: 42
               Heap Blocks: exact=92
               ->  Bitmap Index Scan on files_contents_trgm_idx  (cost=0.00..207.03 rows=19245 width=0) (actual time=83.900..83.900 rows=94730 loops=1)
                     Index Cond: (contents ~ '123456789'::text)
 Planning Time: 27.931 ms
 Execution Time: 214.957 ms
(10 rows)

Time: 244.222 ms
TIME:14:24:38
query: EXPLAIN ANALYZE select count(id) from (select id from files where contents ~ '123456789' limit 100) as e;
Timing is on.
                                                                       QUERY PLAN                                                                       
--------------------------------------------------------------------------------------------------------------------------------------------------------
 Aggregate  (cost=321.85..321.86 rows=1 width=8) (actual time=247.889..247.891 rows=1 loops=1)
   ->  Limit  (cost=211.85..320.60 rows=100 width=8) (actual time=106.909..247.778 rows=100 loops=1)
         ->  Bitmap Heap Scan on files  (cost=211.85..21141.42 rows=19245 width=8) (actual time=106.907..247.729 rows=100 loops=1)
               Recheck Cond: (contents ~ '123456789'::text)
               Rows Removed by Index Recheck: 42
               Heap Blocks: exact=92
               ->  Bitmap Index Scan on files_contents_trgm_idx  (cost=0.00..207.03 rows=19245 width=0) (actual time=89.659..89.660 rows=94730 loops=1)
                     Index Cond: (contents ~ '123456789'::text)
 Planning Time: 30.556 ms
 Execution Time: 249.644 ms
(10 rows)

Time: 281.600 ms
TIME:14:24:39
query: EXPLAIN ANALYZE select count(id) from (select id from files where contents ~ '123456789' limit 100) as e;
Timing is on.
                                                                       QUERY PLAN                                                                       
--------------------------------------------------------------------------------------------------------------------------------------------------------
 Aggregate  (cost=321.85..321.86 rows=1 width=8) (actual time=217.980..217.981 rows=1 loops=1)
   ->  Limit  (cost=211.85..320.60 rows=100 width=8) (actual time=102.612..217.939 rows=100 loops=1)
         ->  Bitmap Heap Scan on files  (cost=211.85..21141.42 rows=19245 width=8) (actual time=102.610..217.893 rows=100 loops=1)
               Recheck Cond: (contents ~ '123456789'::text)
               Rows Removed by Index Recheck: 42
               Heap Blocks: exact=92
               ->  Bitmap Index Scan on files_contents_trgm_idx  (cost=0.00..207.03 rows=19245 width=0) (actual time=87.270..87.270 rows=94730 loops=1)
                     Index Cond: (contents ~ '123456789'::text)
 Planning Time: 29.997 ms
 Execution Time: 219.442 ms
(10 rows)

Time: 250.928 ms
TIME:14:24:39
query: EXPLAIN ANALYZE select count(id) from (select id from files where contents ~ '123456789' limit 100) as e;
Timing is on.
                                                                       QUERY PLAN                                                                       
--------------------------------------------------------------------------------------------------------------------------------------------------------
 Aggregate  (cost=321.85..321.86 rows=1 width=8) (actual time=213.646..213.648 rows=1 loops=1)
   ->  Limit  (cost=211.85..320.60 rows=100 width=8) (actual time=97.669..213.553 rows=100 loops=1)
         ->  Bitmap Heap Scan on files  (cost=211.85..21141.42 rows=19245 width=8) (actual time=97.668..213.520 rows=100 loops=1)
               Recheck Cond: (contents ~ '123456789'::text)
               Rows Removed by Index Recheck: 42
               Heap Blocks: exact=92
               ->  Bitmap Index Scan on files_contents_trgm_idx  (cost=0.00..207.03 rows=19245 width=0) (actual time=82.672..82.672 rows=94730 loops=1)
                     Index Cond: (contents ~ '123456789'::text)
 Planning Time: 28.613 ms
 Execution Time: 215.079 ms
(10 rows)

Time: 244.997 ms
TIME:14:24:40
query: EXPLAIN ANALYZE select count(id) from (select id from files where contents ~ '123456789' limit 100) as e;
Timing is on.
                                                                       QUERY PLAN                                                                       
--------------------------------------------------------------------------------------------------------------------------------------------------------
 Aggregate  (cost=321.85..321.86 rows=1 width=8) (actual time=213.967..213.968 rows=1 loops=1)
   ->  Limit  (cost=211.85..320.60 rows=100 width=8) (actual time=99.045..213.924 rows=100 loops=1)
         ->  Bitmap Heap Scan on files  (cost=211.85..21141.42 rows=19245 width=8) (actual time=99.044..213.893 rows=100 loops=1)
               Recheck Cond: (contents ~ '123456789'::text)
               Rows Removed by Index Recheck: 42
               Heap Blocks: exact=92
               ->  Bitmap Index Scan on files_contents_trgm_idx  (cost=0.00..207.03 rows=19245 width=0) (actual time=84.199..84.199 rows=94730 loops=1)
                     Index Cond: (contents ~ '123456789'::text)
 Planning Time: 25.898 ms
 Execution Time: 215.584 ms
(10 rows)

Time: 242.740 ms
TIME:14:24:40
query: EXPLAIN ANALYZE select count(id) from (select id from files where contents ~ '123456789' limit 100) as e;
Timing is on.
                                                                       QUERY PLAN                                                                       
--------------------------------------------------------------------------------------------------------------------------------------------------------
 Aggregate  (cost=321.85..321.86 rows=1 width=8) (actual time=219.791..219.793 rows=1 loops=1)
   ->  Limit  (cost=211.85..320.60 rows=100 width=8) (actual time=105.141..219.748 rows=100 loops=1)
         ->  Bitmap Heap Scan on files  (cost=211.85..21141.42 rows=19245 width=8) (actual time=105.140..219.700 rows=100 loops=1)
               Recheck Cond: (contents ~ '123456789'::text)
               Rows Removed by Index Recheck: 42
               Heap Blocks: exact=92
               ->  Bitmap Index Scan on files_contents_trgm_idx  (cost=0.00..207.03 rows=19245 width=0) (actual time=88.969..88.969 rows=94730 loops=1)
                     Index Cond: (contents ~ '123456789'::text)
 Planning Time: 30.393 ms
 Execution Time: 221.855 ms
(10 rows)

Time: 253.682 ms
TIME:14:24:41
query: EXPLAIN ANALYZE select count(id) from (select id from files where contents ~ '123456789' limit 100) as e;
Timing is on.
                                                                       QUERY PLAN                                                                       
--------------------------------------------------------------------------------------------------------------------------------------------------------
 Aggregate  (cost=321.85..321.86 rows=1 width=8) (actual time=215.100..215.101 rows=1 loops=1)
   ->  Limit  (cost=211.85..320.60 rows=100 width=8) (actual time=99.358..215.056 rows=100 loops=1)
         ->  Bitmap Heap Scan on files  (cost=211.85..21141.42 rows=19245 width=8) (actual time=99.356..215.026 rows=100 loops=1)
               Recheck Cond: (contents ~ '123456789'::text)
               Rows Removed by Index Recheck: 42
               Heap Blocks: exact=92
               ->  Bitmap Index Scan on files_contents_trgm_idx  (cost=0.00..207.03 rows=19245 width=0) (actual time=84.336..84.337 rows=94730 loops=1)
                     Index Cond: (contents ~ '123456789'::text)
 Planning Time: 28.222 ms
 Execution Time: 216.735 ms
(10 rows)

Time: 246.235 ms
TIME:14:24:41
query: EXPLAIN ANALYZE select count(id) from (select id from files where contents ~ '123456789' limit 100) as e;
Timing is on.
                                                                        QUERY PLAN                                                                        
----------------------------------------------------------------------------------------------------------------------------------------------------------
 Aggregate  (cost=321.85..321.86 rows=1 width=8) (actual time=237.309..237.310 rows=1 loops=1)
   ->  Limit  (cost=211.85..320.60 rows=100 width=8) (actual time=120.340..237.264 rows=100 loops=1)
         ->  Bitmap Heap Scan on files  (cost=211.85..21141.42 rows=19245 width=8) (actual time=120.338..237.217 rows=100 loops=1)
               Recheck Cond: (contents ~ '123456789'::text)
               Rows Removed by Index Recheck: 42
               Heap Blocks: exact=92
               ->  Bitmap Index Scan on files_contents_trgm_idx  (cost=0.00..207.03 rows=19245 width=0) (actual time=101.221..101.221 rows=94730 loops=1)
                     Index Cond: (contents ~ '123456789'::text)
 Planning Time: 30.250 ms
 Execution Time: 239.062 ms
(10 rows)

Time: 270.584 ms
TIME:14:24:42
query: EXPLAIN ANALYZE select count(id) from (select id from files where contents ~ '123456789' limit 100) as e;
Timing is on.
                                                                       QUERY PLAN                                                                       
--------------------------------------------------------------------------------------------------------------------------------------------------------
 Aggregate  (cost=321.85..321.86 rows=1 width=8) (actual time=221.724..221.726 rows=1 loops=1)
   ->  Limit  (cost=211.85..320.60 rows=100 width=8) (actual time=102.570..221.665 rows=100 loops=1)
         ->  Bitmap Heap Scan on files  (cost=211.85..21141.42 rows=19245 width=8) (actual time=102.569..221.635 rows=100 loops=1)
               Recheck Cond: (contents ~ '123456789'::text)
               Rows Removed by Index Recheck: 42
               Heap Blocks: exact=92
               ->  Bitmap Index Scan on files_contents_trgm_idx  (cost=0.00..207.03 rows=19245 width=0) (actual time=87.378..87.378 rows=94730 loops=1)
                     Index Cond: (contents ~ '123456789'::text)
 Planning Time: 29.283 ms
 Execution Time: 223.271 ms
(10 rows)

Time: 253.924 ms
TIME:14:24:42
query: EXPLAIN ANALYZE select count(id) from (select id from files where contents ~ '123456789' limit 100) as e;
Timing is on.
                                                                       QUERY PLAN                                                                       
--------------------------------------------------------------------------------------------------------------------------------------------------------
 Aggregate  (cost=321.85..321.86 rows=1 width=8) (actual time=222.977..222.978 rows=1 loops=1)
   ->  Limit  (cost=211.85..320.60 rows=100 width=8) (actual time=102.411..222.931 rows=100 loops=1)
         ->  Bitmap Heap Scan on files  (cost=211.85..21141.42 rows=19245 width=8) (actual time=102.409..222.895 rows=100 loops=1)
               Recheck Cond: (contents ~ '123456789'::text)
               Rows Removed by Index Recheck: 42
               Heap Blocks: exact=92
               ->  Bitmap Index Scan on files_contents_trgm_idx  (cost=0.00..207.03 rows=19245 width=0) (actual time=87.006..87.007 rows=94730 loops=1)
                     Index Cond: (contents ~ '123456789'::text)
 Planning Time: 28.988 ms
 Execution Time: 224.559 ms
(10 rows)

Time: 254.959 ms
TIME:14:24:43
query: EXPLAIN ANALYZE select count(id) from (select id from files where contents ~ '123456789' limit 100) as e;
Timing is on.
                                                                       QUERY PLAN                                                                       
--------------------------------------------------------------------------------------------------------------------------------------------------------
 Aggregate  (cost=321.85..321.86 rows=1 width=8) (actual time=217.909..217.911 rows=1 loops=1)
   ->  Limit  (cost=211.85..320.60 rows=100 width=8) (actual time=100.739..217.833 rows=100 loops=1)
         ->  Bitmap Heap Scan on files  (cost=211.85..21141.42 rows=19245 width=8) (actual time=100.737..217.766 rows=100 loops=1)
               Recheck Cond: (contents ~ '123456789'::text)
               Rows Removed by Index Recheck: 42
               Heap Blocks: exact=92
               ->  Bitmap Index Scan on files_contents_trgm_idx  (cost=0.00..207.03 rows=19245 width=0) (actual time=85.707..85.708 rows=94730 loops=1)
                     Index Cond: (contents ~ '123456789'::text)
 Planning Time: 26.558 ms
 Execution Time: 219.418 ms
(10 rows)

Time: 247.351 ms
TIME:14:24:43
query: EXPLAIN ANALYZE select count(id) from (select id from files where contents ~ '123456789' limit 100) as e;
Timing is on.
                                                                       QUERY PLAN                                                                       
--------------------------------------------------------------------------------------------------------------------------------------------------------
 Aggregate  (cost=321.85..321.86 rows=1 width=8) (actual time=213.761..213.762 rows=1 loops=1)
   ->  Limit  (cost=211.85..320.60 rows=100 width=8) (actual time=98.999..213.698 rows=100 loops=1)
         ->  Bitmap Heap Scan on files  (cost=211.85..21141.42 rows=19245 width=8) (actual time=98.997..213.664 rows=100 loops=1)
               Recheck Cond: (contents ~ '123456789'::text)
               Rows Removed by Index Recheck: 42
               Heap Blocks: exact=92
               ->  Bitmap Index Scan on files_contents_trgm_idx  (cost=0.00..207.03 rows=19245 width=0) (actual time=83.287..83.288 rows=94730 loops=1)
                     Index Cond: (contents ~ '123456789'::text)
 Planning Time: 28.664 ms
 Execution Time: 215.601 ms
(10 rows)

Time: 245.663 ms
TIME:14:24:43
query: EXPLAIN ANALYZE select count(id) from (select id from files where contents ~ '123456789' limit 100) as e;
Timing is on.
                                                                       QUERY PLAN                                                                       
--------------------------------------------------------------------------------------------------------------------------------------------------------
 Aggregate  (cost=321.85..321.86 rows=1 width=8) (actual time=220.714..220.715 rows=1 loops=1)
   ->  Limit  (cost=211.85..320.60 rows=100 width=8) (actual time=104.173..220.670 rows=100 loops=1)
         ->  Bitmap Heap Scan on files  (cost=211.85..21141.42 rows=19245 width=8) (actual time=104.172..220.639 rows=100 loops=1)
               Recheck Cond: (contents ~ '123456789'::text)
               Rows Removed by Index Recheck: 42
               Heap Blocks: exact=92
               ->  Bitmap Index Scan on files_contents_trgm_idx  (cost=0.00..207.03 rows=19245 width=0) (actual time=88.955..88.955 rows=94730 loops=1)
                     Index Cond: (contents ~ '123456789'::text)
 Planning Time: 29.300 ms
 Execution Time: 222.433 ms
(10 rows)

Time: 253.089 ms
TIME:14:24:44
query: EXPLAIN ANALYZE select count(id) from (select id from files where contents ~ '123456789' limit 100) as e;
Timing is on.
                                                                       QUERY PLAN                                                                       
--------------------------------------------------------------------------------------------------------------------------------------------------------
 Aggregate  (cost=321.85..321.86 rows=1 width=8) (actual time=218.461..218.462 rows=1 loops=1)
   ->  Limit  (cost=211.85..320.60 rows=100 width=8) (actual time=101.712..218.418 rows=100 loops=1)
         ->  Bitmap Heap Scan on files  (cost=211.85..21141.42 rows=19245 width=8) (actual time=101.710..218.374 rows=100 loops=1)
               Recheck Cond: (contents ~ '123456789'::text)
               Rows Removed by Index Recheck: 42
               Heap Blocks: exact=92
               ->  Bitmap Index Scan on files_contents_trgm_idx  (cost=0.00..207.03 rows=19245 width=0) (actual time=86.374..86.375 rows=94730 loops=1)
                     Index Cond: (contents ~ '123456789'::text)
 Planning Time: 26.433 ms
 Execution Time: 220.233 ms
(10 rows)

Time: 247.961 ms
TIME:14:24:44
query: EXPLAIN ANALYZE select count(id) from (select id from files where contents ~ '123456789' limit 100) as e;
Timing is on.
                                                                       QUERY PLAN                                                                       
--------------------------------------------------------------------------------------------------------------------------------------------------------
 Aggregate  (cost=321.85..321.86 rows=1 width=8) (actual time=219.619..219.621 rows=1 loops=1)
   ->  Limit  (cost=211.85..320.60 rows=100 width=8) (actual time=101.430..219.558 rows=100 loops=1)
         ->  Bitmap Heap Scan on files  (cost=211.85..21141.42 rows=19245 width=8) (actual time=101.429..219.525 rows=100 loops=1)
               Recheck Cond: (contents ~ '123456789'::text)
               Rows Removed by Index Recheck: 42
               Heap Blocks: exact=92
               ->  Bitmap Index Scan on files_contents_trgm_idx  (cost=0.00..207.03 rows=19245 width=0) (actual time=86.376..86.377 rows=94730 loops=1)
                     Index Cond: (contents ~ '123456789'::text)
 Planning Time: 28.497 ms
 Execution Time: 221.438 ms
(10 rows)

Time: 251.362 ms
TIME:14:24:45
query: EXPLAIN ANALYZE select count(id) from (select id from files where contents ~ '123456789' limit 100) as e;
Timing is on.
                                                                       QUERY PLAN                                                                       
--------------------------------------------------------------------------------------------------------------------------------------------------------
 Aggregate  (cost=321.85..321.86 rows=1 width=8) (actual time=228.455..228.456 rows=1 loops=1)
   ->  Limit  (cost=211.85..320.60 rows=100 width=8) (actual time=110.867..228.412 rows=100 loops=1)
         ->  Bitmap Heap Scan on files  (cost=211.85..21141.42 rows=19245 width=8) (actual time=110.865..228.379 rows=100 loops=1)
               Recheck Cond: (contents ~ '123456789'::text)
               Rows Removed by Index Recheck: 42
               Heap Blocks: exact=92
               ->  Bitmap Index Scan on files_contents_trgm_idx  (cost=0.00..207.03 rows=19245 width=0) (actual time=94.316..94.317 rows=94730 loops=1)
                     Index Cond: (contents ~ '123456789'::text)
 Planning Time: 28.564 ms
 Execution Time: 230.185 ms
(10 rows)

Time: 260.012 ms
TIME:14:24:45
query: EXPLAIN ANALYZE select count(id) from (select id from files where contents ~ '123456789' limit 100) as e;
Timing is on.
                                                                       QUERY PLAN                                                                       
--------------------------------------------------------------------------------------------------------------------------------------------------------
 Aggregate  (cost=321.85..321.86 rows=1 width=8) (actual time=224.215..224.216 rows=1 loops=1)
   ->  Limit  (cost=211.85..320.60 rows=100 width=8) (actual time=104.942..224.127 rows=100 loops=1)
         ->  Bitmap Heap Scan on files  (cost=211.85..21141.42 rows=19245 width=8) (actual time=104.940..224.094 rows=100 loops=1)
               Recheck Cond: (contents ~ '123456789'::text)
               Rows Removed by Index Recheck: 42
               Heap Blocks: exact=92
               ->  Bitmap Index Scan on files_contents_trgm_idx  (cost=0.00..207.03 rows=19245 width=0) (actual time=88.874..88.874 rows=94730 loops=1)
                     Index Cond: (contents ~ '123456789'::text)
 Planning Time: 29.746 ms
 Execution Time: 225.774 ms
(10 rows)

Time: 256.858 ms
TIME:14:24:46
query: EXPLAIN ANALYZE select count(id) from (select id from files where contents ~ '123456789' limit 100) as e;
Timing is on.
                                                                       QUERY PLAN                                                                       
--------------------------------------------------------------------------------------------------------------------------------------------------------
 Aggregate  (cost=321.85..321.86 rows=1 width=8) (actual time=213.177..213.178 rows=1 loops=1)
   ->  Limit  (cost=211.85..320.60 rows=100 width=8) (actual time=98.299..213.134 rows=100 loops=1)
         ->  Bitmap Heap Scan on files  (cost=211.85..21141.42 rows=19245 width=8) (actual time=98.297..213.103 rows=100 loops=1)
               Recheck Cond: (contents ~ '123456789'::text)
               Rows Removed by Index Recheck: 42
               Heap Blocks: exact=92
               ->  Bitmap Index Scan on files_contents_trgm_idx  (cost=0.00..207.03 rows=19245 width=0) (actual time=83.478..83.478 rows=94730 loops=1)
                     Index Cond: (contents ~ '123456789'::text)
 Planning Time: 28.200 ms
 Execution Time: 214.809 ms
(10 rows)

Time: 244.293 ms
TIME:14:24:46
query: EXPLAIN ANALYZE select count(id) from (select id from files where contents ~ '123456789' limit 100) as e;
Timing is on.
                                                                       QUERY PLAN                                                                       
--------------------------------------------------------------------------------------------------------------------------------------------------------
 Aggregate  (cost=321.85..321.86 rows=1 width=8) (actual time=236.432..236.433 rows=1 loops=1)
   ->  Limit  (cost=211.85..320.60 rows=100 width=8) (actual time=107.284..236.376 rows=100 loops=1)
         ->  Bitmap Heap Scan on files  (cost=211.85..21141.42 rows=19245 width=8) (actual time=107.282..236.334 rows=100 loops=1)
               Recheck Cond: (contents ~ '123456789'::text)
               Rows Removed by Index Recheck: 42
               Heap Blocks: exact=92
               ->  Bitmap Index Scan on files_contents_trgm_idx  (cost=0.00..207.03 rows=19245 width=0) (actual time=92.001..92.001 rows=94730 loops=1)
                     Index Cond: (contents ~ '123456789'::text)
 Planning Time: 30.529 ms
 Execution Time: 238.321 ms
(10 rows)

Time: 270.205 ms
TIME:14:24:47
query: EXPLAIN ANALYZE select count(id) from (select id from files where contents ~ '123456789' limit 100) as e;
Timing is on.
                                                                       QUERY PLAN                                                                       
--------------------------------------------------------------------------------------------------------------------------------------------------------
 Aggregate  (cost=321.85..321.86 rows=1 width=8) (actual time=215.652..215.653 rows=1 loops=1)
   ->  Limit  (cost=211.85..320.60 rows=100 width=8) (actual time=100.182..215.588 rows=100 loops=1)
         ->  Bitmap Heap Scan on files  (cost=211.85..21141.42 rows=19245 width=8) (actual time=100.181..215.556 rows=100 loops=1)
               Recheck Cond: (contents ~ '123456789'::text)
               Rows Removed by Index Recheck: 42
               Heap Blocks: exact=92
               ->  Bitmap Index Scan on files_contents_trgm_idx  (cost=0.00..207.03 rows=19245 width=0) (actual time=85.237..85.237 rows=94730 loops=1)
                     Index Cond: (contents ~ '123456789'::text)
 Planning Time: 29.291 ms
 Execution Time: 217.253 ms
(10 rows)

Time: 247.849 ms
TIME:14:24:47
query: EXPLAIN ANALYZE select count(id) from (select id from files where contents ~ '123456789' limit 100) as e;
Timing is on.
                                                                       QUERY PLAN                                                                       
--------------------------------------------------------------------------------------------------------------------------------------------------------
 Aggregate  (cost=321.85..321.86 rows=1 width=8) (actual time=212.653..212.655 rows=1 loops=1)
   ->  Limit  (cost=211.85..320.60 rows=100 width=8) (actual time=97.898..212.612 rows=100 loops=1)
         ->  Bitmap Heap Scan on files  (cost=211.85..21141.42 rows=19245 width=8) (actual time=97.897..212.580 rows=100 loops=1)
               Recheck Cond: (contents ~ '123456789'::text)
               Rows Removed by Index Recheck: 42
               Heap Blocks: exact=92
               ->  Bitmap Index Scan on files_contents_trgm_idx  (cost=0.00..207.03 rows=19245 width=0) (actual time=82.739..82.740 rows=94730 loops=1)
                     Index Cond: (contents ~ '123456789'::text)
 Planning Time: 28.086 ms
 Execution Time: 214.385 ms
(10 rows)

Time: 243.783 ms
TIME:14:24:48
query: EXPLAIN ANALYZE select count(id) from (select id from files where contents ~ '123456789' limit 100) as e;
Timing is on.
                                                                       QUERY PLAN                                                                       
--------------------------------------------------------------------------------------------------------------------------------------------------------
 Aggregate  (cost=321.85..321.86 rows=1 width=8) (actual time=214.244..214.246 rows=1 loops=1)
   ->  Limit  (cost=211.85..320.60 rows=100 width=8) (actual time=99.115..214.185 rows=100 loops=1)
         ->  Bitmap Heap Scan on files  (cost=211.85..21141.42 rows=19245 width=8) (actual time=99.114..214.152 rows=100 loops=1)
               Recheck Cond: (contents ~ '123456789'::text)
               Rows Removed by Index Recheck: 42
               Heap Blocks: exact=92
               ->  Bitmap Index Scan on files_contents_trgm_idx  (cost=0.00..207.03 rows=19245 width=0) (actual time=83.917..83.917 rows=94730 loops=1)
                     Index Cond: (contents ~ '123456789'::text)
 Planning Time: 28.132 ms
 Execution Time: 215.906 ms
(10 rows)

Time: 245.353 ms
TIME:14:24:48
query: EXPLAIN ANALYZE select count(id) from (select id from files where contents ~ '123456789' limit 100) as e;
Timing is on.
                                                                       QUERY PLAN                                                                       
--------------------------------------------------------------------------------------------------------------------------------------------------------
 Aggregate  (cost=321.85..321.86 rows=1 width=8) (actual time=220.777..220.778 rows=1 loops=1)
   ->  Limit  (cost=211.85..320.60 rows=100 width=8) (actual time=103.277..220.698 rows=100 loops=1)
         ->  Bitmap Heap Scan on files  (cost=211.85..21141.42 rows=19245 width=8) (actual time=103.275..220.665 rows=100 loops=1)
               Recheck Cond: (contents ~ '123456789'::text)
               Rows Removed by Index Recheck: 42
               Heap Blocks: exact=92
               ->  Bitmap Index Scan on files_contents_trgm_idx  (cost=0.00..207.03 rows=19245 width=0) (actual time=87.862..87.862 rows=94730 loops=1)
                     Index Cond: (contents ~ '123456789'::text)
 Planning Time: 28.619 ms
 Execution Time: 222.462 ms
(10 rows)

Time: 252.597 ms
TIME:14:24:49
query: EXPLAIN ANALYZE select count(id) from (select id from files where contents ~ '123456789' limit 100) as e;
Timing is on.
                                                                       QUERY PLAN                                                                       
--------------------------------------------------------------------------------------------------------------------------------------------------------
 Aggregate  (cost=321.85..321.86 rows=1 width=8) (actual time=216.175..216.177 rows=1 loops=1)
   ->  Limit  (cost=211.85..320.60 rows=100 width=8) (actual time=101.914..216.130 rows=100 loops=1)
         ->  Bitmap Heap Scan on files  (cost=211.85..21141.42 rows=19245 width=8) (actual time=101.912..216.080 rows=100 loops=1)
               Recheck Cond: (contents ~ '123456789'::text)
               Rows Removed by Index Recheck: 42
               Heap Blocks: exact=92
               ->  Bitmap Index Scan on files_contents_trgm_idx  (cost=0.00..207.03 rows=19245 width=0) (actual time=83.764..83.764 rows=94730 loops=1)
                     Index Cond: (contents ~ '123456789'::text)
 Planning Time: 27.912 ms
 Execution Time: 217.730 ms
(10 rows)

Time: 247.028 ms
TIME:14:24:49
query: EXPLAIN ANALYZE select count(id) from (select id from files where contents ~ '123456789' limit 100) as e;
Timing is on.
                                                                       QUERY PLAN                                                                       
--------------------------------------------------------------------------------------------------------------------------------------------------------
 Aggregate  (cost=321.85..321.86 rows=1 width=8) (actual time=214.774..214.775 rows=1 loops=1)
   ->  Limit  (cost=211.85..320.60 rows=100 width=8) (actual time=99.399..214.730 rows=100 loops=1)
         ->  Bitmap Heap Scan on files  (cost=211.85..21141.42 rows=19245 width=8) (actual time=99.381..214.669 rows=100 loops=1)
               Recheck Cond: (contents ~ '123456789'::text)
               Rows Removed by Index Recheck: 42
               Heap Blocks: exact=92
               ->  Bitmap Index Scan on files_contents_trgm_idx  (cost=0.00..207.03 rows=19245 width=0) (actual time=84.622..84.622 rows=94730 loops=1)
                     Index Cond: (contents ~ '123456789'::text)
 Planning Time: 34.293 ms
 Execution Time: 216.632 ms
(10 rows)

Time: 252.683 ms
TIME:14:24:50
query: EXPLAIN ANALYZE select count(id) from (select id from files where contents ~ '123456789' limit 100) as e;
Timing is on.
                                                                       QUERY PLAN                                                                       
--------------------------------------------------------------------------------------------------------------------------------------------------------
 Aggregate  (cost=321.85..321.86 rows=1 width=8) (actual time=216.069..216.070 rows=1 loops=1)
   ->  Limit  (cost=211.85..320.60 rows=100 width=8) (actual time=101.697..216.027 rows=100 loops=1)
         ->  Bitmap Heap Scan on files  (cost=211.85..21141.42 rows=19245 width=8) (actual time=101.696..215.998 rows=100 loops=1)
               Recheck Cond: (contents ~ '123456789'::text)
               Rows Removed by Index Recheck: 42
               Heap Blocks: exact=92
               ->  Bitmap Index Scan on files_contents_trgm_idx  (cost=0.00..207.03 rows=19245 width=0) (actual time=86.586..86.587 rows=94730 loops=1)
                     Index Cond: (contents ~ '123456789'::text)
 Planning Time: 30.677 ms
 Execution Time: 217.650 ms
(10 rows)

Time: 249.654 ms
TIME:14:24:50
query: EXPLAIN ANALYZE select count(id) from (select id from files where contents ~ '123456789' limit 100) as e;
Timing is on.
                                                                       QUERY PLAN                                                                       
--------------------------------------------------------------------------------------------------------------------------------------------------------
 Aggregate  (cost=321.85..321.86 rows=1 width=8) (actual time=217.815..217.816 rows=1 loops=1)
   ->  Limit  (cost=211.85..320.60 rows=100 width=8) (actual time=102.709..217.771 rows=100 loops=1)
         ->  Bitmap Heap Scan on files  (cost=211.85..21141.42 rows=19245 width=8) (actual time=102.692..217.723 rows=100 loops=1)
               Recheck Cond: (contents ~ '123456789'::text)
               Rows Removed by Index Recheck: 42
               Heap Blocks: exact=92
               ->  Bitmap Index Scan on files_contents_trgm_idx  (cost=0.00..207.03 rows=19245 width=0) (actual time=87.177..87.178 rows=94730 loops=1)
                     Index Cond: (contents ~ '123456789'::text)
 Planning Time: 29.244 ms
 Execution Time: 219.610 ms
(10 rows)

Time: 250.348 ms
TIME:14:24:51
query: EXPLAIN ANALYZE select count(id) from (select id from files where contents ~ '123456789' limit 100) as e;
Timing is on.
                                                                       QUERY PLAN                                                                       
--------------------------------------------------------------------------------------------------------------------------------------------------------
 Aggregate  (cost=321.85..321.86 rows=1 width=8) (actual time=218.478..218.479 rows=1 loops=1)
   ->  Limit  (cost=211.85..320.60 rows=100 width=8) (actual time=99.075..218.411 rows=100 loops=1)
         ->  Bitmap Heap Scan on files  (cost=211.85..21141.42 rows=19245 width=8) (actual time=99.073..218.374 rows=100 loops=1)
               Recheck Cond: (contents ~ '123456789'::text)
               Rows Removed by Index Recheck: 42
               Heap Blocks: exact=92
               ->  Bitmap Index Scan on files_contents_trgm_idx  (cost=0.00..207.03 rows=19245 width=0) (actual time=84.226..84.226 rows=94730 loops=1)
                     Index Cond: (contents ~ '123456789'::text)
 Planning Time: 28.240 ms
 Execution Time: 220.049 ms
(10 rows)

Time: 249.615 ms
TIME:14:24:51
query: EXPLAIN ANALYZE select count(id) from (select id from files where contents ~ '123456789' limit 100) as e;
Timing is on.
                                                                       QUERY PLAN                                                                       
--------------------------------------------------------------------------------------------------------------------------------------------------------
 Aggregate  (cost=321.85..321.86 rows=1 width=8) (actual time=216.872..216.888 rows=1 loops=1)
   ->  Limit  (cost=211.85..320.60 rows=100 width=8) (actual time=101.281..216.846 rows=100 loops=1)
         ->  Bitmap Heap Scan on files  (cost=211.85..21141.42 rows=19245 width=8) (actual time=101.279..216.801 rows=100 loops=1)
               Recheck Cond: (contents ~ '123456789'::text)
               Rows Removed by Index Recheck: 42
               Heap Blocks: exact=92
               ->  Bitmap Index Scan on files_contents_trgm_idx  (cost=0.00..207.03 rows=19245 width=0) (actual time=86.347..86.362 rows=94730 loops=1)
                     Index Cond: (contents ~ '123456789'::text)
 Planning Time: 30.942 ms
 Execution Time: 218.412 ms
(10 rows)

Time: 250.742 ms
TIME:14:24:52
query: EXPLAIN ANALYZE select count(id) from (select id from files where contents ~ '123456789' limit 100) as e;
Timing is on.
                                                                       QUERY PLAN                                                                       
--------------------------------------------------------------------------------------------------------------------------------------------------------
 Aggregate  (cost=321.85..321.86 rows=1 width=8) (actual time=217.715..217.716 rows=1 loops=1)
   ->  Limit  (cost=211.85..320.60 rows=100 width=8) (actual time=100.287..217.653 rows=100 loops=1)
         ->  Bitmap Heap Scan on files  (cost=211.85..21141.42 rows=19245 width=8) (actual time=100.286..217.620 rows=100 loops=1)
               Recheck Cond: (contents ~ '123456789'::text)
               Rows Removed by Index Recheck: 42
               Heap Blocks: exact=92
               ->  Bitmap Index Scan on files_contents_trgm_idx  (cost=0.00..207.03 rows=19245 width=0) (actual time=84.171..84.171 rows=94730 loops=1)
                     Index Cond: (contents ~ '123456789'::text)
 Planning Time: 28.204 ms
 Execution Time: 219.504 ms
(10 rows)

Time: 249.095 ms
TIME:14:24:52
query: EXPLAIN ANALYZE select count(id) from (select id from files where contents ~ '123456789' limit 100) as e;
Timing is on.
                                                                       QUERY PLAN                                                                       
--------------------------------------------------------------------------------------------------------------------------------------------------------
 Aggregate  (cost=321.85..321.86 rows=1 width=8) (actual time=215.168..215.169 rows=1 loops=1)
   ->  Limit  (cost=211.85..320.60 rows=100 width=8) (actual time=98.866..215.124 rows=100 loops=1)
         ->  Bitmap Heap Scan on files  (cost=211.85..21141.42 rows=19245 width=8) (actual time=98.865..215.092 rows=100 loops=1)
               Recheck Cond: (contents ~ '123456789'::text)
               Rows Removed by Index Recheck: 42
               Heap Blocks: exact=92
               ->  Bitmap Index Scan on files_contents_trgm_idx  (cost=0.00..207.03 rows=19245 width=0) (actual time=83.761..83.761 rows=94730 loops=1)
                     Index Cond: (contents ~ '123456789'::text)
 Planning Time: 29.376 ms
 Execution Time: 216.744 ms
(10 rows)

Time: 247.470 ms
TIME:14:24:52
query: EXPLAIN ANALYZE select count(id) from (select id from files where contents ~ '123456789' limit 100) as e;
Timing is on.
                                                                       QUERY PLAN                                                                       
--------------------------------------------------------------------------------------------------------------------------------------------------------
 Aggregate  (cost=321.85..321.86 rows=1 width=8) (actual time=215.454..215.456 rows=1 loops=1)
   ->  Limit  (cost=211.85..320.60 rows=100 width=8) (actual time=100.113..215.395 rows=100 loops=1)
         ->  Bitmap Heap Scan on files  (cost=211.85..21141.42 rows=19245 width=8) (actual time=100.111..215.350 rows=100 loops=1)
               Recheck Cond: (contents ~ '123456789'::text)
               Rows Removed by Index Recheck: 42
               Heap Blocks: exact=92
               ->  Bitmap Index Scan on files_contents_trgm_idx  (cost=0.00..207.03 rows=19245 width=0) (actual time=84.535..84.535 rows=94730 loops=1)
                     Index Cond: (contents ~ '123456789'::text)
 Planning Time: 29.374 ms
 Execution Time: 217.048 ms
(10 rows)

Time: 247.751 ms
TIME:14:24:53
query: EXPLAIN ANALYZE select count(id) from (select id from files where contents ~ '123456789' limit 100) as e;
Timing is on.
                                                                       QUERY PLAN                                                                       
--------------------------------------------------------------------------------------------------------------------------------------------------------
 Aggregate  (cost=321.85..321.86 rows=1 width=8) (actual time=219.828..219.830 rows=1 loops=1)
   ->  Limit  (cost=211.85..320.60 rows=100 width=8) (actual time=101.942..219.766 rows=100 loops=1)
         ->  Bitmap Heap Scan on files  (cost=211.85..21141.42 rows=19245 width=8) (actual time=101.941..219.735 rows=100 loops=1)
               Recheck Cond: (contents ~ '123456789'::text)
               Rows Removed by Index Recheck: 42
               Heap Blocks: exact=92
               ->  Bitmap Index Scan on files_contents_trgm_idx  (cost=0.00..207.03 rows=19245 width=0) (actual time=86.852..86.853 rows=94730 loops=1)
                     Index Cond: (contents ~ '123456789'::text)
 Planning Time: 28.815 ms
 Execution Time: 221.620 ms
(10 rows)

Time: 251.852 ms
TIME:14:24:53
query: EXPLAIN ANALYZE select count(id) from (select id from files where contents ~ '123456789' limit 100) as e;
Timing is on.
                                                                       QUERY PLAN                                                                       
--------------------------------------------------------------------------------------------------------------------------------------------------------
 Aggregate  (cost=321.85..321.86 rows=1 width=8) (actual time=218.692..218.694 rows=1 loops=1)
   ->  Limit  (cost=211.85..320.60 rows=100 width=8) (actual time=104.090..218.635 rows=100 loops=1)
         ->  Bitmap Heap Scan on files  (cost=211.85..21141.42 rows=19245 width=8) (actual time=104.089..218.602 rows=100 loops=1)
               Recheck Cond: (contents ~ '123456789'::text)
               Rows Removed by Index Recheck: 42
               Heap Blocks: exact=92
               ->  Bitmap Index Scan on files_contents_trgm_idx  (cost=0.00..207.03 rows=19245 width=0) (actual time=88.724..88.724 rows=94730 loops=1)
                     Index Cond: (contents ~ '123456789'::text)
 Planning Time: 30.906 ms
 Execution Time: 220.531 ms
(10 rows)

Time: 252.961 ms
TIME:14:24:54
query: EXPLAIN ANALYZE select count(id) from (select id from files where contents ~ '123456789' limit 100) as e;
Timing is on.
                                                                       QUERY PLAN                                                                       
--------------------------------------------------------------------------------------------------------------------------------------------------------
 Aggregate  (cost=321.85..321.86 rows=1 width=8) (actual time=210.378..210.379 rows=1 loops=1)
   ->  Limit  (cost=211.85..320.60 rows=100 width=8) (actual time=97.374..210.321 rows=100 loops=1)
         ->  Bitmap Heap Scan on files  (cost=211.85..21141.42 rows=19245 width=8) (actual time=97.372..210.291 rows=100 loops=1)
               Recheck Cond: (contents ~ '123456789'::text)
               Rows Removed by Index Recheck: 42
               Heap Blocks: exact=92
               ->  Bitmap Index Scan on files_contents_trgm_idx  (cost=0.00..207.03 rows=19245 width=0) (actual time=82.530..82.530 rows=94730 loops=1)
                     Index Cond: (contents ~ '123456789'::text)
 Planning Time: 27.039 ms
 Execution Time: 212.030 ms
(10 rows)

Time: 240.258 ms
TIME:14:24:54
query: EXPLAIN ANALYZE select count(id) from (select id from files where contents ~ '123456789' limit 100) as e;
Timing is on.
                                                                       QUERY PLAN                                                                       
--------------------------------------------------------------------------------------------------------------------------------------------------------
 Aggregate  (cost=321.85..321.86 rows=1 width=8) (actual time=241.893..241.894 rows=1 loops=1)
   ->  Limit  (cost=211.85..320.60 rows=100 width=8) (actual time=105.029..241.805 rows=100 loops=1)
         ->  Bitmap Heap Scan on files  (cost=211.85..21141.42 rows=19245 width=8) (actual time=105.028..241.760 rows=100 loops=1)
               Recheck Cond: (contents ~ '123456789'::text)
               Rows Removed by Index Recheck: 42
               Heap Blocks: exact=92
               ->  Bitmap Index Scan on files_contents_trgm_idx  (cost=0.00..207.03 rows=19245 width=0) (actual time=86.278..86.279 rows=94730 loops=1)
                     Index Cond: (contents ~ '123456789'::text)
 Planning Time: 25.330 ms
 Execution Time: 243.578 ms
(10 rows)

Time: 270.152 ms
TIME:14:24:55
query: EXPLAIN ANALYZE select count(id) from (select id from files where contents ~ '123456789' limit 100) as e;
Timing is on.
                                                                       QUERY PLAN                                                                       
--------------------------------------------------------------------------------------------------------------------------------------------------------
 Aggregate  (cost=321.85..321.86 rows=1 width=8) (actual time=213.908..213.910 rows=1 loops=1)
   ->  Limit  (cost=211.85..320.60 rows=100 width=8) (actual time=97.599..213.845 rows=100 loops=1)
         ->  Bitmap Heap Scan on files  (cost=211.85..21141.42 rows=19245 width=8) (actual time=97.598..213.812 rows=100 loops=1)
               Recheck Cond: (contents ~ '123456789'::text)
               Rows Removed by Index Recheck: 42
               Heap Blocks: exact=92
               ->  Bitmap Index Scan on files_contents_trgm_idx  (cost=0.00..207.03 rows=19245 width=0) (actual time=82.811..82.811 rows=94730 loops=1)
                     Index Cond: (contents ~ '123456789'::text)
 Planning Time: 28.361 ms
 Execution Time: 215.612 ms
(10 rows)

Time: 245.368 ms
TIME:14:24:55
query: EXPLAIN ANALYZE select count(id) from (select id from files where contents ~ '123456789' limit 100) as e;
Timing is on.
                                                                       QUERY PLAN                                                                       
--------------------------------------------------------------------------------------------------------------------------------------------------------
 Aggregate  (cost=321.85..321.86 rows=1 width=8) (actual time=217.082..217.084 rows=1 loops=1)
   ->  Limit  (cost=211.85..320.60 rows=100 width=8) (actual time=98.774..217.037 rows=100 loops=1)
         ->  Bitmap Heap Scan on files  (cost=211.85..21141.42 rows=19245 width=8) (actual time=98.773..217.004 rows=100 loops=1)
               Recheck Cond: (contents ~ '123456789'::text)
               Rows Removed by Index Recheck: 42
               Heap Blocks: exact=92
               ->  Bitmap Index Scan on files_contents_trgm_idx  (cost=0.00..207.03 rows=19245 width=0) (actual time=83.950..83.951 rows=94730 loops=1)
                     Index Cond: (contents ~ '123456789'::text)
 Planning Time: 28.114 ms
 Execution Time: 219.052 ms
(10 rows)

Time: 248.495 ms
TIME:14:24:56
query: EXPLAIN ANALYZE select count(id) from (select id from files where contents ~ '123456789' limit 100) as e;
Timing is on.
                                                                       QUERY PLAN                                                                       
--------------------------------------------------------------------------------------------------------------------------------------------------------
 Aggregate  (cost=321.85..321.86 rows=1 width=8) (actual time=214.953..214.955 rows=1 loops=1)
   ->  Limit  (cost=211.85..320.60 rows=100 width=8) (actual time=99.960..214.894 rows=100 loops=1)
         ->  Bitmap Heap Scan on files  (cost=211.85..21141.42 rows=19245 width=8) (actual time=99.958..214.862 rows=100 loops=1)
               Recheck Cond: (contents ~ '123456789'::text)
               Rows Removed by Index Recheck: 42
               Heap Blocks: exact=92
               ->  Bitmap Index Scan on files_contents_trgm_idx  (cost=0.00..207.03 rows=19245 width=0) (actual time=84.876..84.877 rows=94730 loops=1)
                     Index Cond: (contents ~ '123456789'::text)
 Planning Time: 28.042 ms
 Execution Time: 216.522 ms
(10 rows)

Time: 246.007 ms
TIME:14:24:56
query: EXPLAIN ANALYZE select count(id) from (select id from files where contents ~ '123456789' limit 100) as e;
Timing is on.
                                                                       QUERY PLAN                                                                       
--------------------------------------------------------------------------------------------------------------------------------------------------------
 Aggregate  (cost=321.85..321.86 rows=1 width=8) (actual time=214.728..214.729 rows=1 loops=1)
   ->  Limit  (cost=211.85..320.60 rows=100 width=8) (actual time=100.503..214.687 rows=100 loops=1)
         ->  Bitmap Heap Scan on files  (cost=211.85..21141.42 rows=19245 width=8) (actual time=100.501..214.657 rows=100 loops=1)
               Recheck Cond: (contents ~ '123456789'::text)
               Rows Removed by Index Recheck: 42
               Heap Blocks: exact=92
               ->  Bitmap Index Scan on files_contents_trgm_idx  (cost=0.00..207.03 rows=19245 width=0) (actual time=85.598..85.599 rows=94730 loops=1)
                     Index Cond: (contents ~ '123456789'::text)
 Planning Time: 29.427 ms
 Execution Time: 216.298 ms
(10 rows)

Time: 247.105 ms
TIME:14:24:57
query: EXPLAIN ANALYZE select count(id) from (select id from files where contents ~ '123456789' limit 100) as e;
Timing is on.
                                                                       QUERY PLAN                                                                       
--------------------------------------------------------------------------------------------------------------------------------------------------------
 Aggregate  (cost=321.85..321.86 rows=1 width=8) (actual time=215.711..215.712 rows=1 loops=1)
   ->  Limit  (cost=211.85..320.60 rows=100 width=8) (actual time=101.660..215.652 rows=100 loops=1)
         ->  Bitmap Heap Scan on files  (cost=211.85..21141.42 rows=19245 width=8) (actual time=101.658..215.591 rows=100 loops=1)
               Recheck Cond: (contents ~ '123456789'::text)
               Rows Removed by Index Recheck: 42
               Heap Blocks: exact=92
               ->  Bitmap Index Scan on files_contents_trgm_idx  (cost=0.00..207.03 rows=19245 width=0) (actual time=86.929..86.929 rows=94730 loops=1)
                     Index Cond: (contents ~ '123456789'::text)
 Planning Time: 29.278 ms
 Execution Time: 217.577 ms
(10 rows)

Time: 248.297 ms
TIME:14:24:57
query: EXPLAIN ANALYZE select count(id) from (select id from files where contents ~ '123456789' limit 100) as e;
Timing is on.
                                                                        QUERY PLAN                                                                        
----------------------------------------------------------------------------------------------------------------------------------------------------------
 Aggregate  (cost=321.85..321.86 rows=1 width=8) (actual time=236.925..236.926 rows=1 loops=1)
   ->  Limit  (cost=211.85..320.60 rows=100 width=8) (actual time=119.946..236.854 rows=100 loops=1)
         ->  Bitmap Heap Scan on files  (cost=211.85..21141.42 rows=19245 width=8) (actual time=119.944..236.823 rows=100 loops=1)
               Recheck Cond: (contents ~ '123456789'::text)
               Rows Removed by Index Recheck: 42
               Heap Blocks: exact=92
               ->  Bitmap Index Scan on files_contents_trgm_idx  (cost=0.00..207.03 rows=19245 width=0) (actual time=103.787..103.787 rows=94730 loops=1)
                     Index Cond: (contents ~ '123456789'::text)
 Planning Time: 32.192 ms
 Execution Time: 238.752 ms
(10 rows)

Time: 272.375 ms
TIME:14:24:58
query: EXPLAIN ANALYZE select count(id) from (select id from files where contents ~ '123456789' limit 100) as e;
Timing is on.
                                                                       QUERY PLAN                                                                       
--------------------------------------------------------------------------------------------------------------------------------------------------------
 Aggregate  (cost=321.85..321.86 rows=1 width=8) (actual time=216.592..216.593 rows=1 loops=1)
   ->  Limit  (cost=211.85..320.60 rows=100 width=8) (actual time=99.239..216.529 rows=100 loops=1)
         ->  Bitmap Heap Scan on files  (cost=211.85..21141.42 rows=19245 width=8) (actual time=99.238..216.496 rows=100 loops=1)
               Recheck Cond: (contents ~ '123456789'::text)
               Rows Removed by Index Recheck: 42
               Heap Blocks: exact=92
               ->  Bitmap Index Scan on files_contents_trgm_idx  (cost=0.00..207.03 rows=19245 width=0) (actual time=84.327..84.328 rows=94730 loops=1)
                     Index Cond: (contents ~ '123456789'::text)
 Planning Time: 28.224 ms
 Execution Time: 218.234 ms
(10 rows)

Time: 247.708 ms
TIME:14:24:58
query: EXPLAIN ANALYZE select count(id) from (select id from files where contents ~ '123456789' limit 100) as e;
Timing is on.
                                                                       QUERY PLAN                                                                       
--------------------------------------------------------------------------------------------------------------------------------------------------------
 Aggregate  (cost=321.85..321.86 rows=1 width=8) (actual time=212.501..212.503 rows=1 loops=1)
   ->  Limit  (cost=211.85..320.60 rows=100 width=8) (actual time=97.084..212.458 rows=100 loops=1)
         ->  Bitmap Heap Scan on files  (cost=211.85..21141.42 rows=19245 width=8) (actual time=97.083..212.413 rows=100 loops=1)
               Recheck Cond: (contents ~ '123456789'::text)
               Rows Removed by Index Recheck: 42
               Heap Blocks: exact=92
               ->  Bitmap Index Scan on files_contents_trgm_idx  (cost=0.00..207.03 rows=19245 width=0) (actual time=82.223..82.223 rows=94730 loops=1)
                     Index Cond: (contents ~ '123456789'::text)
 Planning Time: 28.356 ms
 Execution Time: 214.235 ms
(10 rows)

Time: 243.876 ms
TIME:14:24:58
query: EXPLAIN ANALYZE select count(id) from (select id from files where contents ~ '123456789' limit 100) as e;
Timing is on.
                                                                       QUERY PLAN                                                                       
--------------------------------------------------------------------------------------------------------------------------------------------------------
 Aggregate  (cost=321.85..321.86 rows=1 width=8) (actual time=214.420..214.421 rows=1 loops=1)
   ->  Limit  (cost=211.85..320.60 rows=100 width=8) (actual time=97.559..214.359 rows=100 loops=1)
         ->  Bitmap Heap Scan on files  (cost=211.85..21141.42 rows=19245 width=8) (actual time=97.557..214.311 rows=100 loops=1)
               Recheck Cond: (contents ~ '123456789'::text)
               Rows Removed by Index Recheck: 42
               Heap Blocks: exact=92
               ->  Bitmap Index Scan on files_contents_trgm_idx  (cost=0.00..207.03 rows=19245 width=0) (actual time=82.695..82.696 rows=94730 loops=1)
                     Index Cond: (contents ~ '123456789'::text)
 Planning Time: 29.941 ms
 Execution Time: 216.634 ms
(10 rows)

Time: 247.856 ms
TIME:14:24:59
query: EXPLAIN ANALYZE select count(id) from (select id from files where contents ~ '123456789' limit 100) as e;
Timing is on.
                                                                       QUERY PLAN                                                                       
--------------------------------------------------------------------------------------------------------------------------------------------------------
 Aggregate  (cost=321.85..321.86 rows=1 width=8) (actual time=219.576..219.577 rows=1 loops=1)
   ->  Limit  (cost=211.85..320.60 rows=100 width=8) (actual time=100.070..219.530 rows=100 loops=1)
         ->  Bitmap Heap Scan on files  (cost=211.85..21141.42 rows=19245 width=8) (actual time=100.068..219.496 rows=100 loops=1)
               Recheck Cond: (contents ~ '123456789'::text)
               Rows Removed by Index Recheck: 42
               Heap Blocks: exact=92
               ->  Bitmap Index Scan on files_contents_trgm_idx  (cost=0.00..207.03 rows=19245 width=0) (actual time=85.067..85.067 rows=94730 loops=1)
                     Index Cond: (contents ~ '123456789'::text)
 Planning Time: 28.272 ms
 Execution Time: 221.213 ms
(10 rows)

Time: 250.829 ms
TIME:14:24:59
query: EXPLAIN ANALYZE select count(id) from (select id from files where contents ~ '123456789' limit 100) as e;
Timing is on.
                                                                       QUERY PLAN                                                                       
--------------------------------------------------------------------------------------------------------------------------------------------------------
 Aggregate  (cost=321.85..321.86 rows=1 width=8) (actual time=222.176..222.177 rows=1 loops=1)
   ->  Limit  (cost=211.85..320.60 rows=100 width=8) (actual time=106.899..222.114 rows=100 loops=1)
         ->  Bitmap Heap Scan on files  (cost=211.85..21141.42 rows=19245 width=8) (actual time=106.898..222.082 rows=100 loops=1)
               Recheck Cond: (contents ~ '123456789'::text)
               Rows Removed by Index Recheck: 42
               Heap Blocks: exact=92
               ->  Bitmap Index Scan on files_contents_trgm_idx  (cost=0.00..207.03 rows=19245 width=0) (actual time=91.823..91.824 rows=94730 loops=1)
                     Index Cond: (contents ~ '123456789'::text)
 Planning Time: 30.516 ms
 Execution Time: 223.793 ms
(10 rows)

Time: 255.645 ms
TIME:14:25:00
query: EXPLAIN ANALYZE select count(id) from (select id from files where contents ~ '123456789' limit 100) as e;
Timing is on.
                                                                       QUERY PLAN                                                                       
--------------------------------------------------------------------------------------------------------------------------------------------------------
 Aggregate  (cost=321.85..321.86 rows=1 width=8) (actual time=212.698..212.699 rows=1 loops=1)
   ->  Limit  (cost=211.85..320.60 rows=100 width=8) (actual time=98.027..212.656 rows=100 loops=1)
         ->  Bitmap Heap Scan on files  (cost=211.85..21141.42 rows=19245 width=8) (actual time=98.026..212.614 rows=100 loops=1)
               Recheck Cond: (contents ~ '123456789'::text)
               Rows Removed by Index Recheck: 42
               Heap Blocks: exact=92
               ->  Bitmap Index Scan on files_contents_trgm_idx  (cost=0.00..207.03 rows=19245 width=0) (actual time=82.823..82.823 rows=94730 loops=1)
                     Index Cond: (contents ~ '123456789'::text)
 Planning Time: 27.910 ms
 Execution Time: 214.375 ms
(10 rows)

Time: 243.699 ms
TIME:14:25:00
query: EXPLAIN ANALYZE select count(id) from (select id from files where contents ~ '123456789' limit 100) as e;
Timing is on.
                                                                       QUERY PLAN                                                                       
--------------------------------------------------------------------------------------------------------------------------------------------------------
 Aggregate  (cost=321.85..321.86 rows=1 width=8) (actual time=223.484..223.486 rows=1 loops=1)
   ->  Limit  (cost=211.85..320.60 rows=100 width=8) (actual time=105.413..223.438 rows=100 loops=1)
         ->  Bitmap Heap Scan on files  (cost=211.85..21141.42 rows=19245 width=8) (actual time=105.411..223.406 rows=100 loops=1)
               Recheck Cond: (contents ~ '123456789'::text)
               Rows Removed by Index Recheck: 42
               Heap Blocks: exact=92
               ->  Bitmap Index Scan on files_contents_trgm_idx  (cost=0.00..207.03 rows=19245 width=0) (actual time=88.870..88.871 rows=94730 loops=1)
                     Index Cond: (contents ~ '123456789'::text)
 Planning Time: 27.946 ms
 Execution Time: 225.157 ms
(10 rows)

Time: 254.480 ms
TIME:14:25:01
query: EXPLAIN ANALYZE select count(id) from (select id from files where contents ~ '123456789' limit 100) as e;
Timing is on.
                                                                       QUERY PLAN                                                                       
--------------------------------------------------------------------------------------------------------------------------------------------------------
 Aggregate  (cost=321.85..321.86 rows=1 width=8) (actual time=216.675..216.676 rows=1 loops=1)
   ->  Limit  (cost=211.85..320.60 rows=100 width=8) (actual time=101.407..216.621 rows=100 loops=1)
         ->  Bitmap Heap Scan on files  (cost=211.85..21141.42 rows=19245 width=8) (actual time=101.406..216.591 rows=100 loops=1)
               Recheck Cond: (contents ~ '123456789'::text)
               Rows Removed by Index Recheck: 42
               Heap Blocks: exact=92
               ->  Bitmap Index Scan on files_contents_trgm_idx  (cost=0.00..207.03 rows=19245 width=0) (actual time=86.576..86.577 rows=94730 loops=1)
                     Index Cond: (contents ~ '123456789'::text)
 Planning Time: 27.838 ms
 Execution Time: 218.291 ms
(10 rows)

Time: 247.323 ms
TIME:14:25:01
query: EXPLAIN ANALYZE select count(id) from (select id from files where contents ~ '123456789' limit 100) as e;
Timing is on.
                                                                       QUERY PLAN                                                                       
--------------------------------------------------------------------------------------------------------------------------------------------------------
 Aggregate  (cost=321.85..321.86 rows=1 width=8) (actual time=222.473..222.475 rows=1 loops=1)
   ->  Limit  (cost=211.85..320.60 rows=100 width=8) (actual time=102.328..222.425 rows=100 loops=1)
         ->  Bitmap Heap Scan on files  (cost=211.85..21141.42 rows=19245 width=8) (actual time=102.327..222.376 rows=100 loops=1)
               Recheck Cond: (contents ~ '123456789'::text)
               Rows Removed by Index Recheck: 42
               Heap Blocks: exact=92
               ->  Bitmap Index Scan on files_contents_trgm_idx  (cost=0.00..207.03 rows=19245 width=0) (actual time=85.895..85.896 rows=94730 loops=1)
                     Index Cond: (contents ~ '123456789'::text)
 Planning Time: 28.160 ms
 Execution Time: 224.605 ms
(10 rows)

Time: 254.152 ms
TIME:14:25:02
query: EXPLAIN ANALYZE select count(id) from (select id from files where contents ~ '123456789' limit 100) as e;
Timing is on.
                                                                       QUERY PLAN                                                                       
--------------------------------------------------------------------------------------------------------------------------------------------------------
 Aggregate  (cost=321.85..321.86 rows=1 width=8) (actual time=212.766..212.768 rows=1 loops=1)
   ->  Limit  (cost=211.85..320.60 rows=100 width=8) (actual time=98.712..212.712 rows=100 loops=1)
         ->  Bitmap Heap Scan on files  (cost=211.85..21141.42 rows=19245 width=8) (actual time=98.711..212.681 rows=100 loops=1)
               Recheck Cond: (contents ~ '123456789'::text)
               Rows Removed by Index Recheck: 42
               Heap Blocks: exact=92
               ->  Bitmap Index Scan on files_contents_trgm_idx  (cost=0.00..207.03 rows=19245 width=0) (actual time=83.497..83.497 rows=94730 loops=1)
                     Index Cond: (contents ~ '123456789'::text)
 Planning Time: 28.585 ms
 Execution Time: 214.425 ms
(10 rows)

Time: 244.408 ms
TIME:14:25:02
query: EXPLAIN ANALYZE select count(id) from (select id from files where contents ~ '123456789' limit 100) as e;
Timing is on.
                                                                       QUERY PLAN                                                                       
--------------------------------------------------------------------------------------------------------------------------------------------------------
 Aggregate  (cost=321.85..321.86 rows=1 width=8) (actual time=223.137..223.139 rows=1 loops=1)
   ->  Limit  (cost=211.85..320.60 rows=100 width=8) (actual time=101.614..223.087 rows=100 loops=1)
         ->  Bitmap Heap Scan on files  (cost=211.85..21141.42 rows=19245 width=8) (actual time=101.613..223.050 rows=100 loops=1)
               Recheck Cond: (contents ~ '123456789'::text)
               Rows Removed by Index Recheck: 42
               Heap Blocks: exact=92
               ->  Bitmap Index Scan on files_contents_trgm_idx  (cost=0.00..207.03 rows=19245 width=0) (actual time=86.676..86.677 rows=94730 loops=1)
                     Index Cond: (contents ~ '123456789'::text)
 Planning Time: 28.234 ms
 Execution Time: 225.479 ms
(10 rows)

Time: 255.178 ms
TIME:14:25:03
query: EXPLAIN ANALYZE select count(id) from (select id from files where contents ~ '123456789' limit 100) as e;
Timing is on.
                                                                       QUERY PLAN                                                                       
--------------------------------------------------------------------------------------------------------------------------------------------------------
 Aggregate  (cost=321.85..321.86 rows=1 width=8) (actual time=214.092..214.094 rows=1 loops=1)
   ->  Limit  (cost=211.85..320.60 rows=100 width=8) (actual time=99.732..214.050 rows=100 loops=1)
         ->  Bitmap Heap Scan on files  (cost=211.85..21141.42 rows=19245 width=8) (actual time=99.730..214.004 rows=100 loops=1)
               Recheck Cond: (contents ~ '123456789'::text)
               Rows Removed by Index Recheck: 42
               Heap Blocks: exact=92
               ->  Bitmap Index Scan on files_contents_trgm_idx  (cost=0.00..207.03 rows=19245 width=0) (actual time=84.783..84.783 rows=94730 loops=1)
                     Index Cond: (contents ~ '123456789'::text)
 Planning Time: 27.737 ms
 Execution Time: 215.705 ms
(10 rows)

Time: 244.705 ms
TIME:14:25:03
query: EXPLAIN ANALYZE select count(id) from (select id from files where contents ~ '123456789' limit 100) as e;
Timing is on.
                                                                       QUERY PLAN                                                                       
--------------------------------------------------------------------------------------------------------------------------------------------------------
 Aggregate  (cost=321.85..321.86 rows=1 width=8) (actual time=224.771..224.772 rows=1 loops=1)
   ->  Limit  (cost=211.85..320.60 rows=100 width=8) (actual time=102.650..224.705 rows=100 loops=1)
         ->  Bitmap Heap Scan on files  (cost=211.85..21141.42 rows=19245 width=8) (actual time=102.649..224.670 rows=100 loops=1)
               Recheck Cond: (contents ~ '123456789'::text)
               Rows Removed by Index Recheck: 42
               Heap Blocks: exact=92
               ->  Bitmap Index Scan on files_contents_trgm_idx  (cost=0.00..207.03 rows=19245 width=0) (actual time=86.161..86.162 rows=94730 loops=1)
                     Index Cond: (contents ~ '123456789'::text)
 Planning Time: 27.132 ms
 Execution Time: 226.348 ms
(10 rows)

Time: 254.827 ms
TIME:14:25:04
query: EXPLAIN ANALYZE select count(id) from (select id from files where contents ~ '123456789' limit 100) as e;
Timing is on.
                                                                       QUERY PLAN                                                                       
--------------------------------------------------------------------------------------------------------------------------------------------------------
 Aggregate  (cost=321.85..321.86 rows=1 width=8) (actual time=218.848..218.850 rows=1 loops=1)
   ->  Limit  (cost=211.85..320.60 rows=100 width=8) (actual time=101.452..218.789 rows=100 loops=1)
         ->  Bitmap Heap Scan on files  (cost=211.85..21141.42 rows=19245 width=8) (actual time=101.451..218.744 rows=100 loops=1)
               Recheck Cond: (contents ~ '123456789'::text)
               Rows Removed by Index Recheck: 42
               Heap Blocks: exact=92
               ->  Bitmap Index Scan on files_contents_trgm_idx  (cost=0.00..207.03 rows=19245 width=0) (actual time=85.665..85.665 rows=94730 loops=1)
                     Index Cond: (contents ~ '123456789'::text)
 Planning Time: 28.463 ms
 Execution Time: 220.899 ms
(10 rows)

Time: 250.703 ms
TIME:14:25:04
query: EXPLAIN ANALYZE select count(id) from (select id from files where contents ~ '123456789' limit 100) as e;
Timing is on.
                                                                       QUERY PLAN                                                                       
--------------------------------------------------------------------------------------------------------------------------------------------------------
 Aggregate  (cost=321.85..321.86 rows=1 width=8) (actual time=220.611..220.613 rows=1 loops=1)
   ->  Limit  (cost=211.85..320.60 rows=100 width=8) (actual time=103.437..220.551 rows=100 loops=1)
         ->  Bitmap Heap Scan on files  (cost=211.85..21141.42 rows=19245 width=8) (actual time=103.436..220.519 rows=100 loops=1)
               Recheck Cond: (contents ~ '123456789'::text)
               Rows Removed by Index Recheck: 42
               Heap Blocks: exact=92
               ->  Bitmap Index Scan on files_contents_trgm_idx  (cost=0.00..207.03 rows=19245 width=0) (actual time=88.139..88.139 rows=94730 loops=1)
                     Index Cond: (contents ~ '123456789'::text)
 Planning Time: 28.886 ms
 Execution Time: 222.202 ms
(10 rows)

Time: 252.429 ms
TIME:14:25:05
query: EXPLAIN ANALYZE select count(id) from (select id from files where contents ~ '123456789' limit 100) as e;
Timing is on.
                                                                       QUERY PLAN                                                                       
--------------------------------------------------------------------------------------------------------------------------------------------------------
 Aggregate  (cost=321.85..321.86 rows=1 width=8) (actual time=221.679..221.680 rows=1 loops=1)
   ->  Limit  (cost=211.85..320.60 rows=100 width=8) (actual time=106.078..221.636 rows=100 loops=1)
         ->  Bitmap Heap Scan on files  (cost=211.85..21141.42 rows=19245 width=8) (actual time=106.076..221.604 rows=100 loops=1)
               Recheck Cond: (contents ~ '123456789'::text)
               Rows Removed by Index Recheck: 42
               Heap Blocks: exact=92
               ->  Bitmap Index Scan on files_contents_trgm_idx  (cost=0.00..207.03 rows=19245 width=0) (actual time=91.313..91.313 rows=94730 loops=1)
                     Index Cond: (contents ~ '123456789'::text)
 Planning Time: 30.070 ms
 Execution Time: 223.453 ms
(10 rows)

Time: 254.807 ms
TIME:14:25:05
query: EXPLAIN ANALYZE select count(id) from (select id from files where contents ~ '123456789' limit 100) as e;
Timing is on.
                                                                       QUERY PLAN                                                                       
--------------------------------------------------------------------------------------------------------------------------------------------------------
 Aggregate  (cost=321.85..321.86 rows=1 width=8) (actual time=241.070..241.072 rows=1 loops=1)
   ->  Limit  (cost=211.85..320.60 rows=100 width=8) (actual time=106.402..240.995 rows=100 loops=1)
         ->  Bitmap Heap Scan on files  (cost=211.85..21141.42 rows=19245 width=8) (actual time=106.400..240.955 rows=100 loops=1)
               Recheck Cond: (contents ~ '123456789'::text)
               Rows Removed by Index Recheck: 42
               Heap Blocks: exact=92
               ->  Bitmap Index Scan on files_contents_trgm_idx  (cost=0.00..207.03 rows=19245 width=0) (actual time=87.803..87.804 rows=94730 loops=1)
                     Index Cond: (contents ~ '123456789'::text)
 Planning Time: 24.941 ms
 Execution Time: 242.612 ms
(10 rows)

Time: 268.805 ms
TIME:14:25:05
query: EXPLAIN ANALYZE select count(id) from (select id from files where contents ~ '123456789' limit 100) as e;
Timing is on.
                                                                       QUERY PLAN                                                                       
--------------------------------------------------------------------------------------------------------------------------------------------------------
 Aggregate  (cost=321.85..321.86 rows=1 width=8) (actual time=213.956..213.958 rows=1 loops=1)
   ->  Limit  (cost=211.85..320.60 rows=100 width=8) (actual time=100.068..213.899 rows=100 loops=1)
         ->  Bitmap Heap Scan on files  (cost=211.85..21141.42 rows=19245 width=8) (actual time=100.067..213.854 rows=100 loops=1)
               Recheck Cond: (contents ~ '123456789'::text)
               Rows Removed by Index Recheck: 42
               Heap Blocks: exact=92
               ->  Bitmap Index Scan on files_contents_trgm_idx  (cost=0.00..207.03 rows=19245 width=0) (actual time=84.989..84.990 rows=94730 loops=1)
                     Index Cond: (contents ~ '123456789'::text)
 Planning Time: 26.423 ms
 Execution Time: 215.637 ms
(10 rows)

Time: 243.396 ms
TIME:14:25:06
query: EXPLAIN ANALYZE select count(id) from (select id from files where contents ~ '123456789' limit 100) as e;
Timing is on.
                                                                       QUERY PLAN                                                                       
--------------------------------------------------------------------------------------------------------------------------------------------------------
 Aggregate  (cost=321.85..321.86 rows=1 width=8) (actual time=214.369..214.370 rows=1 loops=1)
   ->  Limit  (cost=211.85..320.60 rows=100 width=8) (actual time=98.379..214.290 rows=100 loops=1)
         ->  Bitmap Heap Scan on files  (cost=211.85..21141.42 rows=19245 width=8) (actual time=98.376..214.240 rows=100 loops=1)
               Recheck Cond: (contents ~ '123456789'::text)
               Rows Removed by Index Recheck: 42
               Heap Blocks: exact=92
               ->  Bitmap Index Scan on files_contents_trgm_idx  (cost=0.00..207.03 rows=19245 width=0) (actual time=83.368..83.369 rows=94730 loops=1)
                     Index Cond: (contents ~ '123456789'::text)
 Planning Time: 25.035 ms
 Execution Time: 215.826 ms
(10 rows)

Time: 242.127 ms
TIME:14:25:06
query: EXPLAIN ANALYZE select count(id) from (select id from files where contents ~ '123456789' limit 100) as e;
Timing is on.
                                                                       QUERY PLAN                                                                       
--------------------------------------------------------------------------------------------------------------------------------------------------------
 Aggregate  (cost=321.85..321.86 rows=1 width=8) (actual time=218.648..218.649 rows=1 loops=1)
   ->  Limit  (cost=211.85..320.60 rows=100 width=8) (actual time=100.933..218.601 rows=100 loops=1)
         ->  Bitmap Heap Scan on files  (cost=211.85..21141.42 rows=19245 width=8) (actual time=100.932..218.551 rows=100 loops=1)
               Recheck Cond: (contents ~ '123456789'::text)
               Rows Removed by Index Recheck: 42
               Heap Blocks: exact=92
               ->  Bitmap Index Scan on files_contents_trgm_idx  (cost=0.00..207.03 rows=19245 width=0) (actual time=85.748..85.748 rows=94730 loops=1)
                     Index Cond: (contents ~ '123456789'::text)
 Planning Time: 24.697 ms
 Execution Time: 220.292 ms
(10 rows)

Time: 246.273 ms
TIME:14:25:07
query: EXPLAIN ANALYZE select count(id) from (select id from files where contents ~ '123456789' limit 100) as e;
Timing is on.
                                                                       QUERY PLAN                                                                       
--------------------------------------------------------------------------------------------------------------------------------------------------------
 Aggregate  (cost=321.85..321.86 rows=1 width=8) (actual time=230.095..230.096 rows=1 loops=1)
   ->  Limit  (cost=211.85..320.60 rows=100 width=8) (actual time=106.729..230.022 rows=100 loops=1)
         ->  Bitmap Heap Scan on files  (cost=211.85..21141.42 rows=19245 width=8) (actual time=106.728..229.991 rows=100 loops=1)
               Recheck Cond: (contents ~ '123456789'::text)
               Rows Removed by Index Recheck: 42
               Heap Blocks: exact=92
               ->  Bitmap Index Scan on files_contents_trgm_idx  (cost=0.00..207.03 rows=19245 width=0) (actual time=90.774..90.775 rows=94730 loops=1)
                     Index Cond: (contents ~ '123456789'::text)
 Planning Time: 23.675 ms
 Execution Time: 231.930 ms
(10 rows)

Time: 257.231 ms
TIME:14:25:07
query: EXPLAIN ANALYZE select count(id) from (select id from files where contents ~ '123456789' limit 100) as e;
Timing is on.
                                                                       QUERY PLAN                                                                       
--------------------------------------------------------------------------------------------------------------------------------------------------------
 Aggregate  (cost=321.85..321.86 rows=1 width=8) (actual time=229.222..229.224 rows=1 loops=1)
   ->  Limit  (cost=211.85..320.60 rows=100 width=8) (actual time=99.714..229.170 rows=100 loops=1)
         ->  Bitmap Heap Scan on files  (cost=211.85..21141.42 rows=19245 width=8) (actual time=99.712..229.132 rows=100 loops=1)
               Recheck Cond: (contents ~ '123456789'::text)
               Rows Removed by Index Recheck: 42
               Heap Blocks: exact=92
               ->  Bitmap Index Scan on files_contents_trgm_idx  (cost=0.00..207.03 rows=19245 width=0) (actual time=84.479..84.480 rows=94730 loops=1)
                     Index Cond: (contents ~ '123456789'::text)
 Planning Time: 27.609 ms
 Execution Time: 231.062 ms
(10 rows)

Time: 260.152 ms
TIME:14:25:08
query: EXPLAIN ANALYZE select count(id) from (select id from files where contents ~ '123456789' limit 100) as e;
Timing is on.
                                                                       QUERY PLAN                                                                       
--------------------------------------------------------------------------------------------------------------------------------------------------------
 Aggregate  (cost=321.85..321.86 rows=1 width=8) (actual time=228.500..228.501 rows=1 loops=1)
   ->  Limit  (cost=211.85..320.60 rows=100 width=8) (actual time=113.469..228.427 rows=100 loops=1)
         ->  Bitmap Heap Scan on files  (cost=211.85..21141.42 rows=19245 width=8) (actual time=113.467..228.381 rows=100 loops=1)
               Recheck Cond: (contents ~ '123456789'::text)
               Rows Removed by Index Recheck: 42
               Heap Blocks: exact=92
               ->  Bitmap Index Scan on files_contents_trgm_idx  (cost=0.00..207.03 rows=19245 width=0) (actual time=98.003..98.004 rows=94730 loops=1)
                     Index Cond: (contents ~ '123456789'::text)
 Planning Time: 33.259 ms
 Execution Time: 230.151 ms
(10 rows)

Time: 264.896 ms
TIME:14:25:08
query: EXPLAIN ANALYZE select count(id) from (select id from files where contents ~ '123456789' limit 100) as e;
Timing is on.
                                                                       QUERY PLAN                                                                       
--------------------------------------------------------------------------------------------------------------------------------------------------------
 Aggregate  (cost=321.85..321.86 rows=1 width=8) (actual time=221.188..221.190 rows=1 loops=1)
   ->  Limit  (cost=211.85..320.60 rows=100 width=8) (actual time=103.710..221.146 rows=100 loops=1)
         ->  Bitmap Heap Scan on files  (cost=211.85..21141.42 rows=19245 width=8) (actual time=103.709..221.115 rows=100 loops=1)
               Recheck Cond: (contents ~ '123456789'::text)
               Rows Removed by Index Recheck: 42
               Heap Blocks: exact=92
               ->  Bitmap Index Scan on files_contents_trgm_idx  (cost=0.00..207.03 rows=19245 width=0) (actual time=88.504..88.504 rows=94730 loops=1)
                     Index Cond: (contents ~ '123456789'::text)
 Planning Time: 28.309 ms
 Execution Time: 222.812 ms
(10 rows)

Time: 252.337 ms
TIME:14:25:09
query: EXPLAIN ANALYZE select count(id) from (select id from files where contents ~ '123456789' limit 100) as e;
Timing is on.
                                                                       QUERY PLAN                                                                       
--------------------------------------------------------------------------------------------------------------------------------------------------------
 Aggregate  (cost=321.85..321.86 rows=1 width=8) (actual time=221.316..221.317 rows=1 loops=1)
   ->  Limit  (cost=211.85..320.60 rows=100 width=8) (actual time=103.665..221.253 rows=100 loops=1)
         ->  Bitmap Heap Scan on files  (cost=211.85..21141.42 rows=19245 width=8) (actual time=103.663..221.221 rows=100 loops=1)
               Recheck Cond: (contents ~ '123456789'::text)
               Rows Removed by Index Recheck: 42
               Heap Blocks: exact=92
               ->  Bitmap Index Scan on files_contents_trgm_idx  (cost=0.00..207.03 rows=19245 width=0) (actual time=87.668..87.668 rows=94730 loops=1)
                     Index Cond: (contents ~ '123456789'::text)
 Planning Time: 27.873 ms
 Execution Time: 223.080 ms
(10 rows)

Time: 252.256 ms
TIME:14:25:09
query: EXPLAIN ANALYZE select count(id) from (select id from files where contents ~ '123456789' limit 100) as e;
Timing is on.
                                                                       QUERY PLAN                                                                       
--------------------------------------------------------------------------------------------------------------------------------------------------------
 Aggregate  (cost=321.85..321.86 rows=1 width=8) (actual time=228.714..228.715 rows=1 loops=1)
   ->  Limit  (cost=211.85..320.60 rows=100 width=8) (actual time=102.330..228.646 rows=100 loops=1)
         ->  Bitmap Heap Scan on files  (cost=211.85..21141.42 rows=19245 width=8) (actual time=102.328..228.612 rows=100 loops=1)
               Recheck Cond: (contents ~ '123456789'::text)
               Rows Removed by Index Recheck: 42
               Heap Blocks: exact=92
               ->  Bitmap Index Scan on files_contents_trgm_idx  (cost=0.00..207.03 rows=19245 width=0) (actual time=85.520..85.520 rows=94730 loops=1)
                     Index Cond: (contents ~ '123456789'::text)
 Planning Time: 27.637 ms
 Execution Time: 230.399 ms
(10 rows)

Time: 259.519 ms
TIME:14:25:10
query: EXPLAIN ANALYZE select count(id) from (select id from files where contents ~ '123456789' limit 100) as e;
Timing is on.
                                                                       QUERY PLAN                                                                       
--------------------------------------------------------------------------------------------------------------------------------------------------------
 Aggregate  (cost=321.85..321.86 rows=1 width=8) (actual time=213.484..213.486 rows=1 loops=1)
   ->  Limit  (cost=211.85..320.60 rows=100 width=8) (actual time=98.292..213.425 rows=100 loops=1)
         ->  Bitmap Heap Scan on files  (cost=211.85..21141.42 rows=19245 width=8) (actual time=98.291..213.394 rows=100 loops=1)
               Recheck Cond: (contents ~ '123456789'::text)
               Rows Removed by Index Recheck: 42
               Heap Blocks: exact=92
               ->  Bitmap Index Scan on files_contents_trgm_idx  (cost=0.00..207.03 rows=19245 width=0) (actual time=83.579..83.580 rows=94730 loops=1)
                     Index Cond: (contents ~ '123456789'::text)
 Planning Time: 27.382 ms
 Execution Time: 215.140 ms
(10 rows)

Time: 243.835 ms
TIME:14:25:10
query: EXPLAIN ANALYZE select count(id) from (select id from files where contents ~ '123456789' limit 100) as e;
Timing is on.
                                                                       QUERY PLAN                                                                       
--------------------------------------------------------------------------------------------------------------------------------------------------------
 Aggregate  (cost=321.85..321.86 rows=1 width=8) (actual time=219.564..219.565 rows=1 loops=1)
   ->  Limit  (cost=211.85..320.60 rows=100 width=8) (actual time=100.153..219.502 rows=100 loops=1)
         ->  Bitmap Heap Scan on files  (cost=211.85..21141.42 rows=19245 width=8) (actual time=100.152..219.470 rows=100 loops=1)
               Recheck Cond: (contents ~ '123456789'::text)
               Rows Removed by Index Recheck: 42
               Heap Blocks: exact=92
               ->  Bitmap Index Scan on files_contents_trgm_idx  (cost=0.00..207.03 rows=19245 width=0) (actual time=84.673..84.674 rows=94730 loops=1)
                     Index Cond: (contents ~ '123456789'::text)
 Planning Time: 28.912 ms
 Execution Time: 221.639 ms
(10 rows)

Time: 251.943 ms
TIME:14:25:11
query: EXPLAIN ANALYZE select count(id) from (select id from files where contents ~ '123456789' limit 100) as e;
Timing is on.
                                                                       QUERY PLAN                                                                       
--------------------------------------------------------------------------------------------------------------------------------------------------------
 Aggregate  (cost=321.85..321.86 rows=1 width=8) (actual time=219.151..219.153 rows=1 loops=1)
   ->  Limit  (cost=211.85..320.60 rows=100 width=8) (actual time=103.019..219.110 rows=100 loops=1)
         ->  Bitmap Heap Scan on files  (cost=211.85..21141.42 rows=19245 width=8) (actual time=103.017..219.067 rows=100 loops=1)
               Recheck Cond: (contents ~ '123456789'::text)
               Rows Removed by Index Recheck: 42
               Heap Blocks: exact=92
               ->  Bitmap Index Scan on files_contents_trgm_idx  (cost=0.00..207.03 rows=19245 width=0) (actual time=87.152..87.153 rows=94730 loops=1)
                     Index Cond: (contents ~ '123456789'::text)
 Planning Time: 29.628 ms
 Execution Time: 220.715 ms
(10 rows)

Time: 251.747 ms
TIME:14:25:11
query: EXPLAIN ANALYZE select count(id) from (select id from files where contents ~ '123456789' limit 100) as e;
Timing is on.
                                                                       QUERY PLAN                                                                       
--------------------------------------------------------------------------------------------------------------------------------------------------------
 Aggregate  (cost=321.85..321.86 rows=1 width=8) (actual time=227.034..227.035 rows=1 loops=1)
   ->  Limit  (cost=211.85..320.60 rows=100 width=8) (actual time=105.178..226.985 rows=100 loops=1)
         ->  Bitmap Heap Scan on files  (cost=211.85..21141.42 rows=19245 width=8) (actual time=105.176..226.919 rows=100 loops=1)
               Recheck Cond: (contents ~ '123456789'::text)
               Rows Removed by Index Recheck: 42
               Heap Blocks: exact=92
               ->  Bitmap Index Scan on files_contents_trgm_idx  (cost=0.00..207.03 rows=19245 width=0) (actual time=89.028..89.029 rows=94730 loops=1)
                     Index Cond: (contents ~ '123456789'::text)
 Planning Time: 28.621 ms
 Execution Time: 228.818 ms
(10 rows)

Time: 258.842 ms
TIME:14:25:12
query: EXPLAIN ANALYZE select count(id) from (select id from files where contents ~ '123456789' limit 100) as e;
Timing is on.
                                                                       QUERY PLAN                                                                       
--------------------------------------------------------------------------------------------------------------------------------------------------------
 Aggregate  (cost=321.85..321.86 rows=1 width=8) (actual time=220.339..220.340 rows=1 loops=1)
   ->  Limit  (cost=211.85..320.60 rows=100 width=8) (actual time=102.791..220.280 rows=100 loops=1)
         ->  Bitmap Heap Scan on files  (cost=211.85..21141.42 rows=19245 width=8) (actual time=102.789..220.248 rows=100 loops=1)
               Recheck Cond: (contents ~ '123456789'::text)
               Rows Removed by Index Recheck: 42
               Heap Blocks: exact=92
               ->  Bitmap Index Scan on files_contents_trgm_idx  (cost=0.00..207.03 rows=19245 width=0) (actual time=87.585..87.586 rows=94730 loops=1)
                     Index Cond: (contents ~ '123456789'::text)
 Planning Time: 29.457 ms
 Execution Time: 221.937 ms
(10 rows)

Time: 252.685 ms
TIME:14:25:12
query: EXPLAIN ANALYZE select count(id) from (select id from files where contents ~ '123456789' limit 100) as e;
Timing is on.
                                                                       QUERY PLAN                                                                       
--------------------------------------------------------------------------------------------------------------------------------------------------------
 Aggregate  (cost=321.85..321.86 rows=1 width=8) (actual time=225.580..225.581 rows=1 loops=1)
   ->  Limit  (cost=211.85..320.60 rows=100 width=8) (actual time=109.016..225.500 rows=100 loops=1)
         ->  Bitmap Heap Scan on files  (cost=211.85..21141.42 rows=19245 width=8) (actual time=109.015..225.467 rows=100 loops=1)
               Recheck Cond: (contents ~ '123456789'::text)
               Rows Removed by Index Recheck: 42
               Heap Blocks: exact=92
               ->  Bitmap Index Scan on files_contents_trgm_idx  (cost=0.00..207.03 rows=19245 width=0) (actual time=91.337..91.338 rows=94730 loops=1)
                     Index Cond: (contents ~ '123456789'::text)
 Planning Time: 27.774 ms
 Execution Time: 227.115 ms
(10 rows)

Time: 256.377 ms
TIME:14:25:12
query: EXPLAIN ANALYZE select count(id) from (select id from files where contents ~ '123456789' limit 100) as e;
Timing is on.
                                                                       QUERY PLAN                                                                       
--------------------------------------------------------------------------------------------------------------------------------------------------------
 Aggregate  (cost=321.85..321.86 rows=1 width=8) (actual time=218.061..218.063 rows=1 loops=1)
   ->  Limit  (cost=211.85..320.60 rows=100 width=8) (actual time=100.950..218.015 rows=100 loops=1)
         ->  Bitmap Heap Scan on files  (cost=211.85..21141.42 rows=19245 width=8) (actual time=100.948..217.983 rows=100 loops=1)
               Recheck Cond: (contents ~ '123456789'::text)
               Rows Removed by Index Recheck: 42
               Heap Blocks: exact=92
               ->  Bitmap Index Scan on files_contents_trgm_idx  (cost=0.00..207.03 rows=19245 width=0) (actual time=85.352..85.352 rows=94730 loops=1)
                     Index Cond: (contents ~ '123456789'::text)
 Planning Time: 27.958 ms
 Execution Time: 219.793 ms
(10 rows)

Time: 248.969 ms
TIME:14:25:13
query: EXPLAIN ANALYZE select count(id) from (select id from files where contents ~ '123456789' limit 100) as e;
Timing is on.
                                                                       QUERY PLAN                                                                       
--------------------------------------------------------------------------------------------------------------------------------------------------------
 Aggregate  (cost=321.85..321.86 rows=1 width=8) (actual time=243.481..243.483 rows=1 loops=1)
   ->  Limit  (cost=211.85..320.60 rows=100 width=8) (actual time=100.900..243.408 rows=100 loops=1)
         ->  Bitmap Heap Scan on files  (cost=211.85..21141.42 rows=19245 width=8) (actual time=100.898..243.316 rows=100 loops=1)
               Recheck Cond: (contents ~ '123456789'::text)
               Rows Removed by Index Recheck: 42
               Heap Blocks: exact=92
               ->  Bitmap Index Scan on files_contents_trgm_idx  (cost=0.00..207.03 rows=19245 width=0) (actual time=85.653..85.653 rows=94730 loops=1)
                     Index Cond: (contents ~ '123456789'::text)
 Planning Time: 29.289 ms
 Execution Time: 245.147 ms
(10 rows)

Time: 275.752 ms
limit 100: 'bytes.Buffer'
TIME:14:25:13
query: EXPLAIN ANALYZE select count(id) from (select id from files where contents ~ 'bytes\.Buffer' limit 100) as e;
Timing is on.
                                                                       QUERY PLAN                                                                       
--------------------------------------------------------------------------------------------------------------------------------------------------------
 Aggregate  (cost=191.13..191.14 rows=1 width=8) (actual time=2680.690..2680.691 rows=1 loops=1)
   ->  Limit  (cost=78.94..189.88 rows=100 width=8) (actual time=2280.562..2680.632 rows=100 loops=1)
         ->  Bitmap Heap Scan on files  (cost=78.94..1143.90 rows=960 width=8) (actual time=2280.560..2680.598 rows=100 loops=1)
               Recheck Cond: (contents ~ 'bytes\.Buffer'::text)
               Rows Removed by Index Recheck: 2215
               Heap Blocks: exact=1157
               ->  Bitmap Index Scan on files_contents_trgm_idx  (cost=0.00..78.70 rows=960 width=0) (actual time=710.256..710.256 rows=227186 loops=1)
                     Index Cond: (contents ~ 'bytes\.Buffer'::text)
 Planning Time: 28.701 ms
 Execution Time: 2683.902 ms
(10 rows)

Time: 2714.136 ms (00:02.714)
TIME:14:25:16
query: EXPLAIN ANALYZE select count(id) from (select id from files where contents ~ 'bytes\.Buffer' limit 100) as e;
Timing is on.
                                                                       QUERY PLAN                                                                       
--------------------------------------------------------------------------------------------------------------------------------------------------------
 Aggregate  (cost=191.13..191.14 rows=1 width=8) (actual time=2254.393..2254.395 rows=1 loops=1)
   ->  Limit  (cost=78.94..189.88 rows=100 width=8) (actual time=1875.924..2254.330 rows=100 loops=1)
         ->  Bitmap Heap Scan on files  (cost=78.94..1143.90 rows=960 width=8) (actual time=1875.922..2254.254 rows=100 loops=1)
               Recheck Cond: (contents ~ 'bytes\.Buffer'::text)
               Rows Removed by Index Recheck: 2215
               Heap Blocks: exact=1157
               ->  Bitmap Index Scan on files_contents_trgm_idx  (cost=0.00..78.70 rows=960 width=0) (actual time=340.236..340.236 rows=227186 loops=1)
                     Index Cond: (contents ~ 'bytes\.Buffer'::text)
 Planning Time: 39.387 ms
 Execution Time: 2257.515 ms
(10 rows)

Time: 2299.362 ms (00:02.299)
TIME:14:25:19
query: EXPLAIN ANALYZE select count(id) from (select id from files where contents ~ 'bytes\.Buffer' limit 100) as e;
Timing is on.
                                                                       QUERY PLAN                                                                       
--------------------------------------------------------------------------------------------------------------------------------------------------------
 Aggregate  (cost=191.13..191.14 rows=1 width=8) (actual time=2220.948..2220.950 rows=1 loops=1)
   ->  Limit  (cost=78.94..189.88 rows=100 width=8) (actual time=1877.213..2220.894 rows=100 loops=1)
         ->  Bitmap Heap Scan on files  (cost=78.94..1143.90 rows=960 width=8) (actual time=1877.212..2220.847 rows=100 loops=1)
               Recheck Cond: (contents ~ 'bytes\.Buffer'::text)
               Rows Removed by Index Recheck: 2215
               Heap Blocks: exact=1157
               ->  Bitmap Index Scan on files_contents_trgm_idx  (cost=0.00..78.70 rows=960 width=0) (actual time=331.857..331.858 rows=227186 loops=1)
                     Index Cond: (contents ~ 'bytes\.Buffer'::text)
 Planning Time: 29.344 ms
 Execution Time: 2224.727 ms
(10 rows)

Time: 2255.841 ms (00:02.256)
TIME:14:25:21
query: EXPLAIN ANALYZE select count(id) from (select id from files where contents ~ 'bytes\.Buffer' limit 100) as e;
Timing is on.
                                                                       QUERY PLAN                                                                       
--------------------------------------------------------------------------------------------------------------------------------------------------------
 Aggregate  (cost=191.13..191.14 rows=1 width=8) (actual time=2257.070..2257.071 rows=1 loops=1)
   ->  Limit  (cost=78.94..189.88 rows=100 width=8) (actual time=1894.976..2257.020 rows=100 loops=1)
         ->  Bitmap Heap Scan on files  (cost=78.94..1143.90 rows=960 width=8) (actual time=1894.974..2256.984 rows=100 loops=1)
               Recheck Cond: (contents ~ 'bytes\.Buffer'::text)
               Rows Removed by Index Recheck: 2215
               Heap Blocks: exact=1157
               ->  Bitmap Index Scan on files_contents_trgm_idx  (cost=0.00..78.70 rows=960 width=0) (actual time=348.153..348.153 rows=227186 loops=1)
                     Index Cond: (contents ~ 'bytes\.Buffer'::text)
 Planning Time: 30.323 ms
 Execution Time: 2260.335 ms
(10 rows)

Time: 2291.970 ms (00:02.292)
limit 100: 'ac8ac5d63b66b83b90ce41a2d4061635'
TIME:14:25:24
query: EXPLAIN ANALYZE select count(id) from (select id from files where contents ~ 'ac8ac5d63b66b83b90ce41a2d4061635' limit 100) as e;
Timing is on.
                                                                      QUERY PLAN                                                                      
------------------------------------------------------------------------------------------------------------------------------------------------------
 Aggregate  (cost=245.03..245.04 rows=1 width=8) (actual time=27102.503..27102.505 rows=1 loops=1)
   ->  Limit  (cost=132.84..243.78 rows=100 width=8) (actual time=27102.500..27102.500 rows=0 loops=1)
         ->  Bitmap Heap Scan on files  (cost=132.84..1197.80 rows=960 width=8) (actual time=27102.498..27102.498 rows=0 loops=1)
               Recheck Cond: (contents ~ 'ac8ac5d63b66b83b90ce41a2d4061635'::text)
               Rows Removed by Index Recheck: 10166
               Heap Blocks: exact=5247
               ->  Bitmap Index Scan on files_contents_trgm_idx  (cost=0.00..132.60 rows=960 width=0) (actual time=42.092..42.093 rows=10166 loops=1)
                     Index Cond: (contents ~ 'ac8ac5d63b66b83b90ce41a2d4061635'::text)
 Planning Time: 32.942 ms
 Execution Time: 27103.208 ms
(10 rows)

Time: 27137.876 ms (00:27.138)
TIME:14:25:51
query: EXPLAIN ANALYZE select count(id) from (select id from files where contents ~ 'ac8ac5d63b66b83b90ce41a2d4061635' limit 100) as e;
Timing is on.
                                                                      QUERY PLAN                                                                      
------------------------------------------------------------------------------------------------------------------------------------------------------
 Aggregate  (cost=245.03..245.04 rows=1 width=8) (actual time=27038.943..27038.944 rows=1 loops=1)
   ->  Limit  (cost=132.84..243.78 rows=100 width=8) (actual time=27038.939..27038.940 rows=0 loops=1)
         ->  Bitmap Heap Scan on files  (cost=132.84..1197.80 rows=960 width=8) (actual time=27038.938..27038.939 rows=0 loops=1)
               Recheck Cond: (contents ~ 'ac8ac5d63b66b83b90ce41a2d4061635'::text)
               Rows Removed by Index Recheck: 10166
               Heap Blocks: exact=5247
               ->  Bitmap Index Scan on files_contents_trgm_idx  (cost=0.00..132.60 rows=960 width=0) (actual time=44.204..44.204 rows=10166 loops=1)
                     Index Cond: (contents ~ 'ac8ac5d63b66b83b90ce41a2d4061635'::text)
 Planning Time: 34.773 ms
 Execution Time: 27039.670 ms
(10 rows)

Time: 27075.846 ms (00:27.076)
limit 100: 'd97f1d3ff91543[e-f]49.8b07517548877'
TIME:14:26:18
query: EXPLAIN ANALYZE select count(id) from (select id from files where contents ~ 'd97f1d3ff91543[e-f]49.8b07517548877' limit 100) as e;
Timing is on.
                                                                     QUERY PLAN                                                                      
-----------------------------------------------------------------------------------------------------------------------------------------------------
 Aggregate  (cost=245.03..245.04 rows=1 width=8) (actual time=27226.607..27226.609 rows=1 loops=1)
   ->  Limit  (cost=132.84..243.78 rows=100 width=8) (actual time=27226.604..27226.605 rows=0 loops=1)
         ->  Bitmap Heap Scan on files  (cost=132.84..1197.80 rows=960 width=8) (actual time=27226.603..27226.603 rows=0 loops=1)
               Recheck Cond: (contents ~ 'd97f1d3ff91543[e-f]49.8b07517548877'::text)
               Rows Removed by Index Recheck: 9838
               Heap Blocks: exact=5379
               ->  Bitmap Index Scan on files_contents_trgm_idx  (cost=0.00..132.60 rows=960 width=0) (actual time=42.184..42.184 rows=9838 loops=1)
                     Index Cond: (contents ~ 'd97f1d3ff91543[e-f]49.8b07517548877'::text)
 Planning Time: 33.637 ms
 Execution Time: 27227.339 ms
(10 rows)

Time: 27262.401 ms (00:27.262)
TIME:14:26:46
query: EXPLAIN ANALYZE select count(id) from (select id from files where contents ~ 'd97f1d3ff91543[e-f]49.8b07517548877' limit 100) as e;
Timing is on.
                                                                     QUERY PLAN                                                                      
-----------------------------------------------------------------------------------------------------------------------------------------------------
 Aggregate  (cost=245.03..245.04 rows=1 width=8) (actual time=27214.984..27214.985 rows=1 loops=1)
   ->  Limit  (cost=132.84..243.78 rows=100 width=8) (actual time=27214.981..27214.981 rows=0 loops=1)
         ->  Bitmap Heap Scan on files  (cost=132.84..1197.80 rows=960 width=8) (actual time=27214.979..27214.980 rows=0 loops=1)
               Recheck Cond: (contents ~ 'd97f1d3ff91543[e-f]49.8b07517548877'::text)
               Rows Removed by Index Recheck: 9838
               Heap Blocks: exact=5379
               ->  Bitmap Index Scan on files_contents_trgm_idx  (cost=0.00..132.60 rows=960 width=0) (actual time=37.329..37.330 rows=9838 loops=1)
                     Index Cond: (contents ~ 'd97f1d3ff91543[e-f]49.8b07517548877'::text)
 Planning Time: 35.602 ms
 Execution Time: 27215.886 ms
(10 rows)

Time: 27252.848 ms (00:27.253)

real	9m38.034s
user	1m1.122s
sys	0m37.560s
BEGIN ./query-corpus-1000.sh
limit 1000: 'error'
TIME:14:27:13
query: EXPLAIN ANALYZE select count(id) from (select id from files where contents ~ 'error' limit 1000) as e;
Timing is on.
                                                        QUERY PLAN                                                         
---------------------------------------------------------------------------------------------------------------------------
 Aggregate  (cost=2331.69..2331.70 rows=1 width=8) (actual time=272.738..272.743 rows=1 loops=1)
   ->  Limit  (cost=0.00..2319.19 rows=1000 width=8) (actual time=0.803..272.210 rows=1000 loops=1)
         ->  Seq Scan on files  (cost=0.00..1075530.95 rows=463753 width=8) (actual time=0.802..271.860 rows=1000 loops=1)
               Filter: (contents ~ 'error'::text)
               Rows Removed by Filter: 744
 Planning Time: 32.856 ms
 Execution Time: 272.789 ms
(7 rows)

Time: 306.882 ms
TIME:14:27:14
query: EXPLAIN ANALYZE select count(id) from (select id from files where contents ~ 'error' limit 1000) as e;
Timing is on.
                                                        QUERY PLAN                                                         
---------------------------------------------------------------------------------------------------------------------------
 Aggregate  (cost=2331.69..2331.70 rows=1 width=8) (actual time=222.420..222.421 rows=1 loops=1)
   ->  Limit  (cost=0.00..2319.19 rows=1000 width=8) (actual time=0.554..221.982 rows=1000 loops=1)
         ->  Seq Scan on files  (cost=0.00..1075530.95 rows=463753 width=8) (actual time=0.553..221.663 rows=1000 loops=1)
               Filter: (contents ~ 'error'::text)
               Rows Removed by Filter: 630
 Planning Time: 26.880 ms
 Execution Time: 222.451 ms
(7 rows)

Time: 250.563 ms
limit 1000: 'fmt\.Error'
TIME:14:27:14
query: EXPLAIN ANALYZE select count(id) from (select id from files where contents ~ 'fmt\.Error' limit 1000) as e;
Timing is on.
                                                                        QUERY PLAN                                                                         
-----------------------------------------------------------------------------------------------------------------------------------------------------------
 Aggregate  (cost=1304.18..1304.19 rows=1 width=8) (actual time=980.456..980.457 rows=1 loops=1)
   ->  Limit  (cost=204.15..1291.68 rows=1000 width=8) (actual time=381.078..980.141 rows=1000 loops=1)
         ->  Bitmap Heap Scan on files  (cost=204.15..21133.72 rows=19245 width=8) (actual time=381.076..979.958 rows=1000 loops=1)
               Recheck Cond: (contents ~ 'fmt\.Error'::text)
               Rows Removed by Index Recheck: 1260
               Heap Blocks: exact=947
               ->  Bitmap Index Scan on files_contents_trgm_idx  (cost=0.00..199.33 rows=19245 width=0) (actual time=187.099..187.099 rows=284024 loops=1)
                     Index Cond: (contents ~ 'fmt\.Error'::text)
 Planning Time: 29.662 ms
 Execution Time: 983.909 ms
(10 rows)

Time: 1014.995 ms (00:01.015)
TIME:14:27:16
query: EXPLAIN ANALYZE select count(id) from (select id from files where contents ~ 'fmt\.Error' limit 1000) as e;
Timing is on.
                                                                        QUERY PLAN                                                                         
-----------------------------------------------------------------------------------------------------------------------------------------------------------
 Aggregate  (cost=1304.18..1304.19 rows=1 width=8) (actual time=1127.134..1127.135 rows=1 loops=1)
   ->  Limit  (cost=204.15..1291.68 rows=1000 width=8) (actual time=431.659..1126.905 rows=1000 loops=1)
         ->  Bitmap Heap Scan on files  (cost=204.15..21133.72 rows=19245 width=8) (actual time=431.658..1126.747 rows=1000 loops=1)
               Recheck Cond: (contents ~ 'fmt\.Error'::text)
               Rows Removed by Index Recheck: 1260
               Heap Blocks: exact=947
               ->  Bitmap Index Scan on files_contents_trgm_idx  (cost=0.00..199.33 rows=19245 width=0) (actual time=217.272..217.272 rows=284024 loops=1)
                     Index Cond: (contents ~ 'fmt\.Error'::text)
 Planning Time: 30.514 ms
 Execution Time: 1130.297 ms
(10 rows)

Time: 1162.350 ms (00:01.162)
limit 1000: 'error'
TIME:14:27:17
query: EXPLAIN ANALYZE select count(id) from (select id from files where contents ~ 'error' limit 1000) as e;
Timing is on.
                                                        QUERY PLAN                                                         
---------------------------------------------------------------------------------------------------------------------------
 Aggregate  (cost=2331.69..2331.70 rows=1 width=8) (actual time=243.129..243.130 rows=1 loops=1)
   ->  Limit  (cost=0.00..2319.19 rows=1000 width=8) (actual time=1.451..242.585 rows=1000 loops=1)
         ->  Seq Scan on files  (cost=0.00..1075530.95 rows=463753 width=8) (actual time=1.449..242.366 rows=1000 loops=1)
               Filter: (contents ~ 'error'::text)
               Rows Removed by Filter: 859
 Planning Time: 45.815 ms
 Execution Time: 243.210 ms
(7 rows)

Time: 290.638 ms
TIME:14:27:18
query: EXPLAIN ANALYZE select count(id) from (select id from files where contents ~ 'error' limit 1000) as e;
Timing is on.
                                                        QUERY PLAN                                                         
---------------------------------------------------------------------------------------------------------------------------
 Aggregate  (cost=2331.69..2331.70 rows=1 width=8) (actual time=300.907..300.908 rows=1 loops=1)
   ->  Limit  (cost=0.00..2319.19 rows=1000 width=8) (actual time=1.815..300.534 rows=1000 loops=1)
         ->  Seq Scan on files  (cost=0.00..1075530.95 rows=463753 width=8) (actual time=1.814..300.304 rows=1000 loops=1)
               Filter: (contents ~ 'error'::text)
               Rows Removed by Filter: 1832
 Planning Time: 28.434 ms
 Execution Time: 300.937 ms
(7 rows)

Time: 330.647 ms
limit 1000: 'fmt\.Println'
TIME:14:27:18
query: EXPLAIN ANALYZE select count(id) from (select id from files where contents ~ 'fmt\.Println' limit 1000) as e;
Timing is on.
                                                                      QUERY PLAN                                                                       
-------------------------------------------------------------------------------------------------------------------------------------------------------
 Aggregate  (cost=1147.10..1147.11 rows=1 width=8) (actual time=784.053..784.055 rows=1 loops=1)
   ->  Limit  (cost=70.14..1135.10 rows=960 width=8) (actual time=286.750..783.671 rows=1000 loops=1)
         ->  Bitmap Heap Scan on files  (cost=70.14..1135.10 rows=960 width=8) (actual time=286.748..783.345 rows=1000 loops=1)
               Recheck Cond: (contents ~ 'fmt\.Println'::text)
               Rows Removed by Index Recheck: 276
               Heap Blocks: exact=662
               ->  Bitmap Index Scan on files_contents_trgm_idx  (cost=0.00..69.90 rows=960 width=0) (actual time=187.298..187.299 rows=45273 loops=1)
                     Index Cond: (contents ~ 'fmt\.Println'::text)
 Planning Time: 37.060 ms
 Execution Time: 785.511 ms
(10 rows)

Time: 824.077 ms
TIME:14:27:19
query: EXPLAIN ANALYZE select count(id) from (select id from files where contents ~ 'fmt\.Println' limit 1000) as e;
Timing is on.
                                                                      QUERY PLAN                                                                       
-------------------------------------------------------------------------------------------------------------------------------------------------------
 Aggregate  (cost=1147.10..1147.11 rows=1 width=8) (actual time=493.836..493.837 rows=1 loops=1)
   ->  Limit  (cost=70.14..1135.10 rows=960 width=8) (actual time=265.165..493.552 rows=1000 loops=1)
         ->  Bitmap Heap Scan on files  (cost=70.14..1135.10 rows=960 width=8) (actual time=265.164..493.346 rows=1000 loops=1)
               Recheck Cond: (contents ~ 'fmt\.Println'::text)
               Rows Removed by Index Recheck: 276
               Heap Blocks: exact=662
               ->  Bitmap Index Scan on files_contents_trgm_idx  (cost=0.00..69.90 rows=960 width=0) (actual time=174.908..174.909 rows=45273 loops=1)
                     Index Cond: (contents ~ 'fmt\.Println'::text)
 Planning Time: 32.323 ms
 Execution Time: 494.993 ms
(10 rows)

Time: 528.673 ms
limit 1000: 'fmt\.Print.*'
TIME:14:27:20
query: EXPLAIN ANALYZE select count(id) from (select id from files where contents ~ 'fmt\.Print.*' limit 1000) as e;
Timing is on.
                                                                        QUERY PLAN                                                                         
-----------------------------------------------------------------------------------------------------------------------------------------------------------
 Aggregate  (cost=1304.18..1304.19 rows=1 width=8) (actual time=1612.213..1612.214 rows=1 loops=1)
   ->  Limit  (cost=204.15..1291.68 rows=1000 width=8) (actual time=263.735..1611.825 rows=1000 loops=1)
         ->  Bitmap Heap Scan on files  (cost=204.15..21133.72 rows=19245 width=8) (actual time=263.734..1611.580 rows=1000 loops=1)
               Recheck Cond: (contents ~ 'fmt\.Print.*'::text)
               Rows Removed by Index Recheck: 4501
               Heap Blocks: exact=2132
               ->  Bitmap Index Scan on files_contents_trgm_idx  (cost=0.00..199.33 rows=19245 width=0) (actual time=216.398..216.399 rows=228531 loops=1)
                     Index Cond: (contents ~ 'fmt\.Print.*'::text)
 Planning Time: 29.350 ms
 Execution Time: 1614.149 ms
(10 rows)

Time: 1644.869 ms (00:01.645)
TIME:14:27:22
query: EXPLAIN ANALYZE select count(id) from (select id from files where contents ~ 'fmt\.Print.*' limit 1000) as e;
Timing is on.
                                                                        QUERY PLAN                                                                         
-----------------------------------------------------------------------------------------------------------------------------------------------------------
 Aggregate  (cost=1304.18..1304.19 rows=1 width=8) (actual time=1376.719..1376.721 rows=1 loops=1)
   ->  Limit  (cost=204.15..1291.68 rows=1000 width=8) (actual time=267.616..1376.398 rows=1000 loops=1)
         ->  Bitmap Heap Scan on files  (cost=204.15..21133.72 rows=19245 width=8) (actual time=267.615..1376.197 rows=1000 loops=1)
               Recheck Cond: (contents ~ 'fmt\.Print.*'::text)
               Rows Removed by Index Recheck: 4501
               Heap Blocks: exact=2132
               ->  Bitmap Index Scan on files_contents_trgm_idx  (cost=0.00..199.33 rows=19245 width=0) (actual time=221.006..221.006 rows=228531 loops=1)
                     Index Cond: (contents ~ 'fmt\.Print.*'::text)
 Planning Time: 29.308 ms
 Execution Time: 1378.570 ms
(10 rows)

Time: 1409.360 ms (00:01.409)
limit 1000: 'var'
TIME:14:27:23
query: EXPLAIN ANALYZE select count(id) from (select id from files where contents ~ 'var' limit 1000) as e;
Timing is on.
                                                        QUERY PLAN                                                         
---------------------------------------------------------------------------------------------------------------------------
 Aggregate  (cost=1407.80..1407.81 rows=1 width=8) (actual time=270.300..270.301 rows=1 loops=1)
   ->  Limit  (cost=0.00..1395.30 rows=1000 width=8) (actual time=0.755..269.790 rows=1000 loops=1)
         ->  Seq Scan on files  (cost=0.00..1075530.95 rows=770822 width=8) (actual time=0.752..269.547 rows=1000 loops=1)
               Filter: (contents ~ 'var'::text)
               Rows Removed by Filter: 1755
 Planning Time: 35.233 ms
 Execution Time: 270.364 ms
(7 rows)

Time: 307.055 ms
TIME:14:27:24
query: EXPLAIN ANALYZE select count(id) from (select id from files where contents ~ 'var' limit 1000) as e;
Timing is on.
                                                        QUERY PLAN                                                         
---------------------------------------------------------------------------------------------------------------------------
 Aggregate  (cost=1407.80..1407.81 rows=1 width=8) (actual time=241.231..241.232 rows=1 loops=1)
   ->  Limit  (cost=0.00..1395.30 rows=1000 width=8) (actual time=0.838..240.821 rows=1000 loops=1)
         ->  Seq Scan on files  (cost=0.00..1075530.95 rows=770822 width=8) (actual time=0.837..240.581 rows=1000 loops=1)
               Filter: (contents ~ 'var'::text)
               Rows Removed by Filter: 1284
 Planning Time: 27.640 ms
 Execution Time: 241.261 ms
(7 rows)

Time: 270.145 ms
limit 1000: '123456789'
TIME:14:27:24
query: EXPLAIN ANALYZE select count(id) from (select id from files where contents ~ '123456789' limit 1000) as e;
Timing is on.
                                                                       QUERY PLAN                                                                       
--------------------------------------------------------------------------------------------------------------------------------------------------------
 Aggregate  (cost=1311.88..1311.89 rows=1 width=8) (actual time=567.647..567.649 rows=1 loops=1)
   ->  Limit  (cost=211.85..1299.38 rows=1000 width=8) (actual time=104.869..567.416 rows=1000 loops=1)
         ->  Bitmap Heap Scan on files  (cost=211.85..21141.42 rows=19245 width=8) (actual time=104.868..567.244 rows=1000 loops=1)
               Recheck Cond: (contents ~ '123456789'::text)
               Rows Removed by Index Recheck: 151
               Heap Blocks: exact=627
               ->  Bitmap Index Scan on files_contents_trgm_idx  (cost=0.00..207.03 rows=19245 width=0) (actual time=90.020..90.020 rows=94730 loops=1)
                     Index Cond: (contents ~ '123456789'::text)
 Planning Time: 29.333 ms
 Execution Time: 569.127 ms
(10 rows)

Time: 599.896 ms
TIME:14:27:25
query: EXPLAIN ANALYZE select count(id) from (select id from files where contents ~ '123456789' limit 1000) as e;
Timing is on.
                                                                       QUERY PLAN                                                                       
--------------------------------------------------------------------------------------------------------------------------------------------------------
 Aggregate  (cost=1311.88..1311.89 rows=1 width=8) (actual time=565.655..565.656 rows=1 loops=1)
   ->  Limit  (cost=211.85..1299.38 rows=1000 width=8) (actual time=104.076..565.373 rows=1000 loops=1)
         ->  Bitmap Heap Scan on files  (cost=211.85..21141.42 rows=19245 width=8) (actual time=104.075..565.189 rows=1000 loops=1)
               Recheck Cond: (contents ~ '123456789'::text)
               Rows Removed by Index Recheck: 151
               Heap Blocks: exact=627
               ->  Bitmap Index Scan on files_contents_trgm_idx  (cost=0.00..207.03 rows=19245 width=0) (actual time=88.221..88.222 rows=94730 loops=1)
                     Index Cond: (contents ~ '123456789'::text)
 Planning Time: 28.140 ms
 Execution Time: 567.205 ms
(10 rows)

Time: 596.782 ms
limit 1000: 'bytes.Buffer'
TIME:14:27:26
query: EXPLAIN ANALYZE select count(id) from (select id from files where contents ~ 'bytes\.Buffer' limit 1000) as e;
Timing is on.
                                                                       QUERY PLAN                                                                       
--------------------------------------------------------------------------------------------------------------------------------------------------------
 Aggregate  (cost=1155.90..1155.91 rows=1 width=8) (actual time=3068.788..3068.792 rows=1 loops=1)
   ->  Limit  (cost=78.94..1143.90 rows=960 width=8) (actual time=1929.586..3068.222 rows=1000 loops=1)
         ->  Bitmap Heap Scan on files  (cost=78.94..1143.90 rows=960 width=8) (actual time=1929.582..3067.938 rows=1000 loops=1)
               Recheck Cond: (contents ~ 'bytes\.Buffer'::text)
               Rows Removed by Index Recheck: 3224
               Heap Blocks: exact=2195
               ->  Bitmap Index Scan on files_contents_trgm_idx  (cost=0.00..78.70 rows=960 width=0) (actual time=359.297..359.298 rows=227186 loops=1)
                     Index Cond: (contents ~ 'bytes\.Buffer'::text)
 Planning Time: 32.625 ms
 Execution Time: 3072.388 ms
(10 rows)

Time: 3106.660 ms (00:03.107)
TIME:14:27:29
query: EXPLAIN ANALYZE select count(id) from (select id from files where contents ~ 'bytes\.Buffer' limit 1000) as e;
Timing is on.
                                                                       QUERY PLAN                                                                       
--------------------------------------------------------------------------------------------------------------------------------------------------------
 Aggregate  (cost=1155.90..1155.91 rows=1 width=8) (actual time=2771.247..2771.248 rows=1 loops=1)
   ->  Limit  (cost=78.94..1143.90 rows=960 width=8) (actual time=1923.689..2770.833 rows=1000 loops=1)
         ->  Bitmap Heap Scan on files  (cost=78.94..1143.90 rows=960 width=8) (actual time=1923.688..2770.556 rows=1000 loops=1)
               Recheck Cond: (contents ~ 'bytes\.Buffer'::text)
               Rows Removed by Index Recheck: 3224
               Heap Blocks: exact=2195
               ->  Bitmap Index Scan on files_contents_trgm_idx  (cost=0.00..78.70 rows=960 width=0) (actual time=328.781..328.782 rows=227186 loops=1)
                     Index Cond: (contents ~ 'bytes\.Buffer'::text)
 Planning Time: 28.419 ms
 Execution Time: 2774.140 ms
(10 rows)

Time: 2803.948 ms (00:02.804)
TIME:14:27:32
query: EXPLAIN ANALYZE select count(id) from (select id from files where contents ~ 'bytes\.Buffer' limit 1000) as e;
Timing is on.
                                                                       QUERY PLAN                                                                       
--------------------------------------------------------------------------------------------------------------------------------------------------------
 Aggregate  (cost=1155.90..1155.91 rows=1 width=8) (actual time=2752.058..2752.059 rows=1 loops=1)
   ->  Limit  (cost=78.94..1143.90 rows=960 width=8) (actual time=1915.551..2751.621 rows=1000 loops=1)
         ->  Bitmap Heap Scan on files  (cost=78.94..1143.90 rows=960 width=8) (actual time=1915.550..2751.305 rows=1000 loops=1)
               Recheck Cond: (contents ~ 'bytes\.Buffer'::text)
               Rows Removed by Index Recheck: 3224
               Heap Blocks: exact=2195
               ->  Bitmap Index Scan on files_contents_trgm_idx  (cost=0.00..78.70 rows=960 width=0) (actual time=339.288..339.288 rows=227186 loops=1)
                     Index Cond: (contents ~ 'bytes\.Buffer'::text)
 Planning Time: 30.104 ms
 Execution Time: 2755.242 ms
(10 rows)

Time: 2786.780 ms (00:02.787)
TIME:14:27:35
query: EXPLAIN ANALYZE select count(id) from (select id from files where contents ~ 'bytes\.Buffer' limit 1000) as e;
Timing is on.
                                                                       QUERY PLAN                                                                       
--------------------------------------------------------------------------------------------------------------------------------------------------------
 Aggregate  (cost=1155.90..1155.91 rows=1 width=8) (actual time=2785.469..2785.470 rows=1 loops=1)
   ->  Limit  (cost=78.94..1143.90 rows=960 width=8) (actual time=1948.219..2785.069 rows=1000 loops=1)
         ->  Bitmap Heap Scan on files  (cost=78.94..1143.90 rows=960 width=8) (actual time=1948.218..2784.829 rows=1000 loops=1)
               Recheck Cond: (contents ~ 'bytes\.Buffer'::text)
               Rows Removed by Index Recheck: 3224
               Heap Blocks: exact=2195
               ->  Bitmap Index Scan on files_contents_trgm_idx  (cost=0.00..78.70 rows=960 width=0) (actual time=338.588..338.589 rows=227186 loops=1)
                     Index Cond: (contents ~ 'bytes\.Buffer'::text)
 Planning Time: 27.935 ms
 Execution Time: 2788.729 ms
(10 rows)

Time: 2817.966 ms (00:02.818)
limit 1000: 'ac8ac5d63b66b83b90ce41a2d4061635'
TIME:14:27:38
query: EXPLAIN ANALYZE select count(id) from (select id from files where contents ~ 'ac8ac5d63b66b83b90ce41a2d4061635' limit 1000) as e;
Timing is on.
                                                                      QUERY PLAN                                                                      
------------------------------------------------------------------------------------------------------------------------------------------------------
 Aggregate  (cost=1209.80..1209.81 rows=1 width=8) (actual time=26748.256..26748.258 rows=1 loops=1)
   ->  Limit  (cost=132.84..1197.80 rows=960 width=8) (actual time=26748.253..26748.254 rows=0 loops=1)
         ->  Bitmap Heap Scan on files  (cost=132.84..1197.80 rows=960 width=8) (actual time=26748.251..26748.252 rows=0 loops=1)
               Recheck Cond: (contents ~ 'ac8ac5d63b66b83b90ce41a2d4061635'::text)
               Rows Removed by Index Recheck: 10166
               Heap Blocks: exact=5247
               ->  Bitmap Index Scan on files_contents_trgm_idx  (cost=0.00..132.60 rows=960 width=0) (actual time=38.623..38.623 rows=10166 loops=1)
                     Index Cond: (contents ~ 'ac8ac5d63b66b83b90ce41a2d4061635'::text)
 Planning Time: 29.545 ms
 Execution Time: 26748.956 ms
(10 rows)

Time: 26779.976 ms (00:26.780)
TIME:14:28:05
query: EXPLAIN ANALYZE select count(id) from (select id from files where contents ~ 'ac8ac5d63b66b83b90ce41a2d4061635' limit 1000) as e;
Timing is on.
                                                                      QUERY PLAN                                                                      
------------------------------------------------------------------------------------------------------------------------------------------------------
 Aggregate  (cost=1209.80..1209.81 rows=1 width=8) (actual time=27143.206..27143.208 rows=1 loops=1)
   ->  Limit  (cost=132.84..1197.80 rows=960 width=8) (actual time=27143.201..27143.202 rows=0 loops=1)
         ->  Bitmap Heap Scan on files  (cost=132.84..1197.80 rows=960 width=8) (actual time=27143.199..27143.200 rows=0 loops=1)
               Recheck Cond: (contents ~ 'ac8ac5d63b66b83b90ce41a2d4061635'::text)
               Rows Removed by Index Recheck: 10166
               Heap Blocks: exact=5247
               ->  Bitmap Index Scan on files_contents_trgm_idx  (cost=0.00..132.60 rows=960 width=0) (actual time=41.130..41.131 rows=10166 loops=1)
                     Index Cond: (contents ~ 'ac8ac5d63b66b83b90ce41a2d4061635'::text)
 Planning Time: 37.190 ms
 Execution Time: 27144.177 ms
(10 rows)

Time: 27182.884 ms (00:27.183)
limit 1000: 'd97f1d3ff91543[e-f]49.8b07517548877'
TIME:14:28:33
query: EXPLAIN ANALYZE select count(id) from (select id from files where contents ~ 'd97f1d3ff91543[e-f]49.8b07517548877' limit 1000) as e;
Timing is on.
                                                                     QUERY PLAN                                                                      
-----------------------------------------------------------------------------------------------------------------------------------------------------
 Aggregate  (cost=1209.80..1209.81 rows=1 width=8) (actual time=26874.589..26874.607 rows=1 loops=1)
   ->  Limit  (cost=132.84..1197.80 rows=960 width=8) (actual time=26874.585..26874.602 rows=0 loops=1)
         ->  Bitmap Heap Scan on files  (cost=132.84..1197.80 rows=960 width=8) (actual time=26874.584..26874.601 rows=0 loops=1)
               Recheck Cond: (contents ~ 'd97f1d3ff91543[e-f]49.8b07517548877'::text)
               Rows Removed by Index Recheck: 9838
               Heap Blocks: exact=5379
               ->  Bitmap Index Scan on files_contents_trgm_idx  (cost=0.00..132.60 rows=960 width=0) (actual time=37.602..37.619 rows=9838 loops=1)
                     Index Cond: (contents ~ 'd97f1d3ff91543[e-f]49.8b07517548877'::text)
 Planning Time: 28.300 ms
 Execution Time: 26875.423 ms
(10 rows)

Time: 26905.152 ms (00:26.905)
TIME:14:29:00
query: EXPLAIN ANALYZE select count(id) from (select id from files where contents ~ 'd97f1d3ff91543[e-f]49.8b07517548877' limit 1000) as e;
Timing is on.
                                                                     QUERY PLAN                                                                      
-----------------------------------------------------------------------------------------------------------------------------------------------------
 Aggregate  (cost=1209.80..1209.81 rows=1 width=8) (actual time=27107.109..27107.110 rows=1 loops=1)
   ->  Limit  (cost=132.84..1197.80 rows=960 width=8) (actual time=27107.105..27107.106 rows=0 loops=1)
         ->  Bitmap Heap Scan on files  (cost=132.84..1197.80 rows=960 width=8) (actual time=27107.104..27107.104 rows=0 loops=1)
               Recheck Cond: (contents ~ 'd97f1d3ff91543[e-f]49.8b07517548877'::text)
               Rows Removed by Index Recheck: 9838
               Heap Blocks: exact=5379
               ->  Bitmap Index Scan on files_contents_trgm_idx  (cost=0.00..132.60 rows=960 width=0) (actual time=37.431..37.431 rows=9838 loops=1)
                     Index Cond: (contents ~ 'd97f1d3ff91543[e-f]49.8b07517548877'::text)
 Planning Time: 28.025 ms
 Execution Time: 27107.855 ms
(10 rows)

Time: 27137.306 ms (00:27.137)

real	2m13.950s
user	0m1.931s
sys	0m1.257s
BEGIN ./query-corpus-unlimited.sh
unlimited: 'error'
TIME:14:29:27
query: EXPLAIN ANALYZE select count(id) from (select id from files where contents ~ 'error') as e;
Timing is on.
ERROR:  canceling statement due to statement timeout
Time: 308965.441 ms (05:08.965)
TIME:14:34:37
query: EXPLAIN ANALYZE select count(id) from (select id from files where contents ~ 'error') as e;
Timing is on.
ERROR:  canceling statement due to statement timeout
Time: 302215.531 ms (05:02.216)
unlimited: 'fmt\.Error'
TIME:14:39:40
query: EXPLAIN ANALYZE select count(id) from (select id from files where contents ~ 'fmt\.Error') as e;
Timing is on.
ERROR:  canceling statement due to statement timeout
Time: 317771.396 ms (05:17.771)
TIME:14:44:59
query: EXPLAIN ANALYZE select count(id) from (select id from files where contents ~ 'fmt\.Error') as e;
Timing is on.
ERROR:  canceling statement due to statement timeout
Time: 300848.466 ms (05:00.848)
unlimited: 'error'
TIME:14:50:01
query: EXPLAIN ANALYZE select count(id) from (select id from files where contents ~ 'error') as e;
Timing is on.
ERROR:  canceling statement due to statement timeout
Time: 305161.857 ms (05:05.162)
TIME:14:55:09
query: EXPLAIN ANALYZE select count(id) from (select id from files where contents ~ 'error') as e;
Timing is on.
ERROR:  canceling statement due to statement timeout
Time: 312100.759 ms (05:12.101)
unlimited: 'fmt\.Println'
TIME:15:00:21
query: EXPLAIN ANALYZE select count(id) from (select id from files where contents ~ 'fmt\.Println') as e;
Timing is on.
ERROR:  canceling statement due to statement timeout
Time: 300247.439 ms (05:00.247)
TIME:15:05:22
query: EXPLAIN ANALYZE select count(id) from (select id from files where contents ~ 'fmt\.Println') as e;
Timing is on.
                                                                   QUERY PLAN                                                                    
-------------------------------------------------------------------------------------------------------------------------------------------------
 Aggregate  (cost=1137.50..1137.51 rows=1 width=8) (actual time=140270.662..140271.618 rows=1 loops=1)
   ->  Bitmap Heap Scan on files  (cost=70.14..1135.10 rows=960 width=8) (actual time=540.869..140257.912 rows=22877 loops=1)
         Recheck Cond: (contents ~ 'fmt\.Println'::text)
         Rows Removed by Index Recheck: 22396
         Heap Blocks: exact=29809
         ->  Bitmap Index Scan on files_contents_trgm_idx  (cost=0.00..69.90 rows=960 width=0) (actual time=389.212..389.706 rows=45273 loops=1)
               Index Cond: (contents ~ 'fmt\.Println'::text)
 Planning Time: 1302.101 ms
 Execution Time: 140279.399 ms
(9 rows)

Time: 141607.500 ms (02:21.607)
unlimited: 'fmt\.Print.*'
TIME:15:07:44
query: EXPLAIN ANALYZE select count(id) from (select id from files where contents ~ 'fmt\.Print.*') as e;
Timing is on.
ERROR:  canceling statement due to statement timeout
Time: 300807.556 ms (05:00.808)
TIME:15:12:45
query: EXPLAIN ANALYZE select count(id) from (select id from files where contents ~ 'fmt\.Print.*') as e;
Timing is on.
ERROR:  canceling statement due to statement timeout
Time: 304455.539 ms (05:04.456)
unlimited: 'var'
TIME:15:17:51
query: EXPLAIN ANALYZE select count(id) from (select id from files where contents ~ 'var') as e;
Timing is on.
ERROR:  canceling statement due to statement timeout
Time: 327782.706 ms (05:27.783)
TIME:15:23:21
query: EXPLAIN ANALYZE select count(id) from (select id from files where contents ~ 'var') as e;
Timing is on.
ERROR:  canceling statement due to statement timeout
Time: 303070.246 ms (05:03.070)
unlimited: '123456789'
TIME:15:28:25
query: EXPLAIN ANALYZE select count(id) from (select id from files where contents ~ '123456789') as e;
Timing is on.
ERROR:  canceling statement due to statement timeout
Time: 300279.386 ms (05:00.279)
TIME:15:33:26
query: EXPLAIN ANALYZE select count(id) from (select id from files where contents ~ '123456789') as e;
Timing is on.
ERROR:  canceling statement due to statement timeout
Time: 300357.316 ms (05:00.357)
unlimited: 'bytes.Buffer'
TIME:15:38:27
query: EXPLAIN ANALYZE select count(id) from (select id from files where contents ~ 'bytes\.Buffer') as e;
Timing is on.
ERROR:  canceling statement due to statement timeout
Time: 300380.656 ms (05:00.381)
TIME:15:43:28
query: EXPLAIN ANALYZE select count(id) from (select id from files where contents ~ 'bytes\.Buffer') as e;
Timing is on.
ERROR:  canceling statement due to statement timeout
Time: 300395.305 ms (05:00.395)
unlimited: 'ac8ac5d63b66b83b90ce41a2d4061635'
TIME:15:48:31
query: EXPLAIN ANALYZE select count(id) from (select id from files where contents ~ 'ac8ac5d63b66b83b90ce41a2d4061635') as e;
Timing is on.
                                                                    QUERY PLAN                                                                    
--------------------------------------------------------------------------------------------------------------------------------------------------
 Aggregate  (cost=1200.20..1200.21 rows=1 width=8) (actual time=164464.754..164464.799 rows=1 loops=1)
   ->  Bitmap Heap Scan on files  (cost=132.84..1197.80 rows=960 width=8) (actual time=164464.141..164464.168 rows=0 loops=1)
         Recheck Cond: (contents ~ 'ac8ac5d63b66b83b90ce41a2d4061635'::text)
         Rows Removed by Index Recheck: 10166
         Heap Blocks: exact=5247
         ->  Bitmap Index Scan on files_contents_trgm_idx  (cost=0.00..132.60 rows=960 width=0) (actual time=344.541..344.559 rows=10166 loops=1)
               Index Cond: (contents ~ 'ac8ac5d63b66b83b90ce41a2d4061635'::text)
 Planning Time: 9856.255 ms
 Execution Time: 164470.128 ms
(9 rows)

Time: 174404.967 ms (02:54.405)
TIME:15:51:27
query: EXPLAIN ANALYZE select count(id) from (select id from files where contents ~ 'ac8ac5d63b66b83b90ce41a2d4061635') as e;
Timing is on.
                                                                   QUERY PLAN                                                                   
------------------------------------------------------------------------------------------------------------------------------------------------
 Aggregate  (cost=1200.20..1200.21 rows=1 width=8) (actual time=36169.546..36169.548 rows=1 loops=1)
   ->  Bitmap Heap Scan on files  (cost=132.84..1197.80 rows=960 width=8) (actual time=36169.542..36169.543 rows=0 loops=1)
         Recheck Cond: (contents ~ 'ac8ac5d63b66b83b90ce41a2d4061635'::text)
         Rows Removed by Index Recheck: 10166
         Heap Blocks: exact=5247
         ->  Bitmap Index Scan on files_contents_trgm_idx  (cost=0.00..132.60 rows=960 width=0) (actual time=62.788..62.789 rows=10166 loops=1)
               Index Cond: (contents ~ 'ac8ac5d63b66b83b90ce41a2d4061635'::text)
 Planning Time: 166.672 ms
 Execution Time: 36170.622 ms
(9 rows)

Time: 36346.998 ms (00:36.347)
unlimited: 'd97f1d3ff91543[e-f]49.8b07517548877'
TIME:15:52:03
query: EXPLAIN ANALYZE select count(id) from (select id from files where contents ~ 'd97f1d3ff91543[e-f]49.8b07517548877') as e;
Timing is on.
                                                                   QUERY PLAN                                                                    
-------------------------------------------------------------------------------------------------------------------------------------------------
 Aggregate  (cost=1200.20..1200.21 rows=1 width=8) (actual time=39154.706..39154.708 rows=1 loops=1)
   ->  Bitmap Heap Scan on files  (cost=132.84..1197.80 rows=960 width=8) (actual time=39154.702..39154.703 rows=0 loops=1)
         Recheck Cond: (contents ~ 'd97f1d3ff91543[e-f]49.8b07517548877'::text)
         Rows Removed by Index Recheck: 9838
         Heap Blocks: exact=5379
         ->  Bitmap Index Scan on files_contents_trgm_idx  (cost=0.00..132.60 rows=960 width=0) (actual time=399.132..399.132 rows=9838 loops=1)
               Index Cond: (contents ~ 'd97f1d3ff91543[e-f]49.8b07517548877'::text)
 Planning Time: 33.282 ms
 Execution Time: 39155.205 ms
(9 rows)

Time: 39190.174 ms (00:39.190)
TIME:15:52:43
query: EXPLAIN ANALYZE select count(id) from (select id from files where contents ~ 'd97f1d3ff91543[e-f]49.8b07517548877') as e;
Timing is on.
                                                                  QUERY PLAN                                                                   
-----------------------------------------------------------------------------------------------------------------------------------------------
 Aggregate  (cost=1200.20..1200.21 rows=1 width=8) (actual time=26812.998..26813.000 rows=1 loops=1)
   ->  Bitmap Heap Scan on files  (cost=132.84..1197.80 rows=960 width=8) (actual time=26812.994..26812.995 rows=0 loops=1)
         Recheck Cond: (contents ~ 'd97f1d3ff91543[e-f]49.8b07517548877'::text)
         Rows Removed by Index Recheck: 9838
         Heap Blocks: exact=5379
         ->  Bitmap Index Scan on files_contents_trgm_idx  (cost=0.00..132.60 rows=960 width=0) (actual time=38.451..38.452 rows=9838 loops=1)
               Index Cond: (contents ~ 'd97f1d3ff91543[e-f]49.8b07517548877'::text)
 Planning Time: 30.730 ms
 Execution Time: 26813.516 ms
(9 rows)

Time: 26845.891 ms (00:26.846)

real	83m42.596s
user	0m2.772s
sys	0m4.983s
